[2023-04-15T23:50:15.424+0000] {taskinstance.py:1090} INFO - Dependencies all met for dep_context=non-requeueable deps ti=<TaskInstance: dag_1min.dump_1m scheduled__2023-04-15T23:45:00+00:00 [queued]>
[2023-04-15T23:50:15.540+0000] {taskinstance.py:1090} INFO - Dependencies all met for dep_context=requeueable deps ti=<TaskInstance: dag_1min.dump_1m scheduled__2023-04-15T23:45:00+00:00 [queued]>
[2023-04-15T23:50:15.545+0000] {taskinstance.py:1288} INFO - 
--------------------------------------------------------------------------------
[2023-04-15T23:50:15.549+0000] {taskinstance.py:1289} INFO - Starting attempt 1 of 1
[2023-04-15T23:50:15.552+0000] {taskinstance.py:1290} INFO - 
--------------------------------------------------------------------------------
[2023-04-15T23:50:15.669+0000] {taskinstance.py:1309} INFO - Executing <Task(PythonOperator): dump_1m> on 2023-04-15 23:45:00+00:00
[2023-04-15T23:50:15.696+0000] {standard_task_runner.py:55} INFO - Started process 1836 to run task
[2023-04-15T23:50:15.729+0000] {standard_task_runner.py:82} INFO - Running: ['***', 'tasks', 'run', 'dag_1min', 'dump_1m', 'scheduled__2023-04-15T23:45:00+00:00', '--job-id', '334', '--raw', '--subdir', 'DAGS_FOLDER/dag_1min.py', '--cfg-path', '/tmp/tmp34u6_1k2']
[2023-04-15T23:50:15.733+0000] {standard_task_runner.py:83} INFO - Job 334: Subtask dump_1m
[2023-04-15T23:50:16.113+0000] {task_command.py:389} INFO - Running <TaskInstance: dag_1min.dump_1m scheduled__2023-04-15T23:45:00+00:00 [running]> on host cc609b5f7385
[2023-04-15T23:50:17.564+0000] {taskinstance.py:1518} INFO - Exporting the following env vars:
AIRFLOW_CTX_DAG_OWNER=coder2j
AIRFLOW_CTX_DAG_ID=dag_1min
AIRFLOW_CTX_TASK_ID=dump_1m
AIRFLOW_CTX_EXECUTION_DATE=2023-04-15T23:45:00+00:00
AIRFLOW_CTX_TRY_NUMBER=1
AIRFLOW_CTX_DAG_RUN_ID=scheduled__2023-04-15T23:45:00+00:00
[2023-04-15T23:50:18.468+0000] {logging_mixin.py:137} WARNING -   0%|          | 0/2 [00:00<?, ?it/s]
[2023-04-15T23:50:19.811+0000] {logging_mixin.py:137} INFO - [*********************100%***********************]  1 of 1 completed
[2023-04-15T23:50:22.731+0000] {logging_mixin.py:137} WARNING -  50%|#####     | 1/2 [00:04<00:04,  4.25s/it]
[2023-04-15T23:50:23.192+0000] {logging_mixin.py:137} INFO - [*********************100%***********************]  1 of 1 completed
[2023-04-15T23:50:25.473+0000] {logging_mixin.py:137} WARNING - 100%|##########| 2/2 [00:06<00:00,  3.36s/it]
[2023-04-15T23:50:25.487+0000] {logging_mixin.py:137} WARNING - 100%|##########| 2/2 [00:07<00:00,  3.50s/it]
[2023-04-15T23:50:25.505+0000] {logging_mixin.py:137} INFO - Index(['open', 'high', 'low', 'close', 'adj_close', 'volume', 'timestamp',
       'currency_pair', 'exchangetimezonename', 'timezone'],
      dtype='object')
[2023-04-15T23:50:25.679+0000] {download_yahoo.py:57} INFO - Downloaded data: 
	         open       high        low  ...  currency_pair  exchangetimezonename  timezone
0  19.137598  19.137598  19.137598  ...       AVAX-USD                   UTC       UTC
1  19.139561  19.139561  19.139561  ...       AVAX-USD                   UTC       UTC
2  19.136703  19.136703  19.136703  ...       AVAX-USD                   UTC       UTC
3  19.137581  19.137581  19.137581  ...       AVAX-USD                   UTC       UTC
4  19.129509  19.129509  19.129509  ...       AVAX-USD                   UTC       UTC

[5 rows x 10 columns]
[2023-04-15T23:50:26.276+0000] {python.py:177} INFO - Done. Returned value was: None
[2023-04-15T23:50:26.400+0000] {taskinstance.py:1332} INFO - Marking task as SUCCESS. dag_id=dag_1min, task_id=dump_1m, execution_date=20230415T234500, start_date=20230415T235015, end_date=20230415T235026
[2023-04-15T23:50:26.956+0000] {local_task_job.py:212} INFO - Task exited with return code 0
[2023-04-15T23:50:27.197+0000] {taskinstance.py:2596} INFO - 0 downstream tasks scheduled from follow-on schedule check
