[2023-04-29 23:31:05,948] {taskinstance.py:1035} INFO - Dependencies all met for <TaskInstance: tutorial.sleep manual__2023-04-29T23:30:51.954282+00:00 [queued]>
[2023-04-29 23:31:05,956] {taskinstance.py:1035} INFO - Dependencies all met for <TaskInstance: tutorial.sleep manual__2023-04-29T23:30:51.954282+00:00 [queued]>
[2023-04-29 23:31:05,957] {taskinstance.py:1241} INFO - 
--------------------------------------------------------------------------------
[2023-04-29 23:31:05,958] {taskinstance.py:1242} INFO - Starting attempt 1 of 4
[2023-04-29 23:31:05,959] {taskinstance.py:1243} INFO - 
--------------------------------------------------------------------------------
[2023-04-29 23:31:05,966] {taskinstance.py:1262} INFO - Executing <Task(BashOperator): sleep> on 2023-04-29 23:30:51.954282+00:00
[2023-04-29 23:31:05,970] {standard_task_runner.py:52} INFO - Started process 160 to run task
[2023-04-29 23:31:05,974] {standard_task_runner.py:76} INFO - Running: ['***', 'tasks', 'run', 'tutorial', 'sleep', 'manual__2023-04-29T23:30:51.954282+00:00', '--job-id', '6', '--raw', '--subdir', 'DAGS_FOLDER/***_tutorial.py', '--cfg-path', '/tmp/tmph6ixq8nl', '--error-file', '/tmp/tmpbph066h0']
[2023-04-29 23:31:05,976] {standard_task_runner.py:77} INFO - Job 6: Subtask sleep
[2023-04-29 23:31:06,015] {logging_mixin.py:109} INFO - Running <TaskInstance: tutorial.sleep manual__2023-04-29T23:30:51.954282+00:00 [running]> on host 4fd1971d5f6c
[2023-04-29 23:31:06,066] {taskinstance.py:1429} INFO - Exporting the following env vars:
AIRFLOW_CTX_DAG_EMAIL=***@example.com
AIRFLOW_CTX_DAG_OWNER=***
AIRFLOW_CTX_DAG_ID=tutorial
AIRFLOW_CTX_TASK_ID=sleep
AIRFLOW_CTX_EXECUTION_DATE=2023-04-29T23:30:51.954282+00:00
AIRFLOW_CTX_DAG_RUN_ID=manual__2023-04-29T23:30:51.954282+00:00
[2023-04-29 23:31:06,068] {subprocess.py:62} INFO - Tmp dir root location: 
 /tmp
[2023-04-29 23:31:06,069] {subprocess.py:74} INFO - Running command: ['bash', '-c', 'sleep 5']
[2023-04-29 23:31:06,077] {subprocess.py:85} INFO - Output:
[2023-04-29 23:31:11,082] {subprocess.py:93} INFO - Command exited with return code 0
[2023-04-29 23:31:11,110] {taskinstance.py:1280} INFO - Marking task as SUCCESS. dag_id=tutorial, task_id=sleep, execution_date=20230429T233051, start_date=20230429T233105, end_date=20230429T233111
[2023-04-29 23:31:11,160] {local_task_job.py:154} INFO - Task exited with return code 0
[2023-04-29 23:31:11,182] {local_task_job.py:264} INFO - 0 downstream tasks scheduled from follow-on schedule check
