[2023-04-16T00:10:16.840+0000] {taskinstance.py:1090} INFO - Dependencies all met for dep_context=non-requeueable deps ti=<TaskInstance: dag_1min.dump_1m scheduled__2023-04-16T00:05:00+00:00 [queued]>
[2023-04-16T00:10:16.926+0000] {taskinstance.py:1090} INFO - Dependencies all met for dep_context=requeueable deps ti=<TaskInstance: dag_1min.dump_1m scheduled__2023-04-16T00:05:00+00:00 [queued]>
[2023-04-16T00:10:16.931+0000] {taskinstance.py:1288} INFO - 
--------------------------------------------------------------------------------
[2023-04-16T00:10:16.937+0000] {taskinstance.py:1289} INFO - Starting attempt 1 of 1
[2023-04-16T00:10:16.941+0000] {taskinstance.py:1290} INFO - 
--------------------------------------------------------------------------------
[2023-04-16T00:10:17.090+0000] {taskinstance.py:1309} INFO - Executing <Task(PythonOperator): dump_1m> on 2023-04-16 00:05:00+00:00
[2023-04-16T00:10:17.117+0000] {standard_task_runner.py:55} INFO - Started process 2351 to run task
[2023-04-16T00:10:17.148+0000] {standard_task_runner.py:82} INFO - Running: ['***', 'tasks', 'run', 'dag_1min', 'dump_1m', 'scheduled__2023-04-16T00:05:00+00:00', '--job-id', '338', '--raw', '--subdir', 'DAGS_FOLDER/dag_1min.py', '--cfg-path', '/tmp/tmp1srez7h2']
[2023-04-16T00:10:17.153+0000] {standard_task_runner.py:83} INFO - Job 338: Subtask dump_1m
[2023-04-16T00:10:17.639+0000] {task_command.py:389} INFO - Running <TaskInstance: dag_1min.dump_1m scheduled__2023-04-16T00:05:00+00:00 [running]> on host cc609b5f7385
[2023-04-16T00:10:19.059+0000] {taskinstance.py:1518} INFO - Exporting the following env vars:
AIRFLOW_CTX_DAG_OWNER=coder2j
AIRFLOW_CTX_DAG_ID=dag_1min
AIRFLOW_CTX_TASK_ID=dump_1m
AIRFLOW_CTX_EXECUTION_DATE=2023-04-16T00:05:00+00:00
AIRFLOW_CTX_TRY_NUMBER=1
AIRFLOW_CTX_DAG_RUN_ID=scheduled__2023-04-16T00:05:00+00:00
[2023-04-16T00:10:19.908+0000] {logging_mixin.py:137} WARNING -   0%|          | 0/2 [00:00<?, ?it/s]
[2023-04-16T00:10:20.766+0000] {logging_mixin.py:137} INFO - [*********************100%***********************]  1 of 1 completed
[2023-04-16T00:10:22.405+0000] {logging_mixin.py:137} WARNING -  50%|#####     | 1/2 [00:02<00:02,  2.49s/it]
[2023-04-16T00:10:22.991+0000] {logging_mixin.py:137} INFO - [*********************100%***********************]  1 of 1 completed
[2023-04-16T00:10:24.786+0000] {logging_mixin.py:137} WARNING - 100%|##########| 2/2 [00:04<00:00,  2.42s/it]
[2023-04-16T00:10:24.798+0000] {logging_mixin.py:137} WARNING - 100%|##########| 2/2 [00:04<00:00,  2.44s/it]
[2023-04-16T00:10:24.830+0000] {logging_mixin.py:137} INFO - Index(['open', 'high', 'low', 'close', 'adj_close', 'volume', 'timestamp',
       'currency_pair', 'exchangetimezonename', 'timezone'],
      dtype='object')
[2023-04-16T00:10:25.025+0000] {download_yahoo.py:57} INFO - Downloaded data: 
	         open       high        low  ...  currency_pair  exchangetimezonename  timezone
0  19.104191  19.104191  19.104191  ...       AVAX-USD                   UTC       UTC
1  19.103355  19.103355  19.103355  ...       AVAX-USD                   UTC       UTC
2  19.097034  19.097034  19.097034  ...       AVAX-USD                   UTC       UTC
3  19.095163  19.095163  19.095163  ...       AVAX-USD                   UTC       UTC
4  19.094864  19.094864  19.094864  ...       AVAX-USD                   UTC       UTC

[5 rows x 10 columns]
[2023-04-16T00:10:25.476+0000] {python.py:177} INFO - Done. Returned value was: None
[2023-04-16T00:10:25.564+0000] {taskinstance.py:1332} INFO - Marking task as SUCCESS. dag_id=dag_1min, task_id=dump_1m, execution_date=20230416T000500, start_date=20230416T001016, end_date=20230416T001025
[2023-04-16T00:10:25.822+0000] {local_task_job.py:212} INFO - Task exited with return code 0
[2023-04-16T00:10:25.989+0000] {taskinstance.py:2596} INFO - 0 downstream tasks scheduled from follow-on schedule check
