[2023-05-03T06:55:14.667+0000] {taskinstance.py:1090} INFO - Dependencies all met for dep_context=non-requeueable deps ti=<TaskInstance: dag_1min.dump_1m scheduled__2023-05-03T06:50:00+00:00 [queued]>
[2023-05-03T06:55:14.806+0000] {taskinstance.py:1090} INFO - Dependencies all met for dep_context=requeueable deps ti=<TaskInstance: dag_1min.dump_1m scheduled__2023-05-03T06:50:00+00:00 [queued]>
[2023-05-03T06:55:14.812+0000] {taskinstance.py:1288} INFO - 
--------------------------------------------------------------------------------
[2023-05-03T06:55:14.815+0000] {taskinstance.py:1289} INFO - Starting attempt 1 of 1
[2023-05-03T06:55:14.817+0000] {taskinstance.py:1290} INFO - 
--------------------------------------------------------------------------------
[2023-05-03T06:55:15.007+0000] {taskinstance.py:1309} INFO - Executing <Task(PythonOperator): dump_1m> on 2023-05-03 06:50:00+00:00
[2023-05-03T06:55:15.031+0000] {standard_task_runner.py:55} INFO - Started process 1803 to run task
[2023-05-03T06:55:15.080+0000] {standard_task_runner.py:82} INFO - Running: ['***', 'tasks', 'run', 'dag_1min', 'dump_1m', 'scheduled__2023-05-03T06:50:00+00:00', '--job-id', '218', '--raw', '--subdir', 'DAGS_FOLDER/dag_1min.py', '--cfg-path', '/tmp/tmpp0h4mf9e']
[2023-05-03T06:55:15.098+0000] {standard_task_runner.py:83} INFO - Job 218: Subtask dump_1m
[2023-05-03T06:55:15.497+0000] {task_command.py:389} INFO - Running <TaskInstance: dag_1min.dump_1m scheduled__2023-05-03T06:50:00+00:00 [running]> on host c58811f86e80
[2023-05-03T06:55:16.338+0000] {taskinstance.py:1518} INFO - Exporting the following env vars:
AIRFLOW_CTX_DAG_OWNER=coder2j
AIRFLOW_CTX_DAG_ID=dag_1min
AIRFLOW_CTX_TASK_ID=dump_1m
AIRFLOW_CTX_EXECUTION_DATE=2023-05-03T06:50:00+00:00
AIRFLOW_CTX_TRY_NUMBER=1
AIRFLOW_CTX_DAG_RUN_ID=scheduled__2023-05-03T06:50:00+00:00
[2023-05-03T06:55:18.311+0000] {logging_mixin.py:137} WARNING -   0%|          | 0/2 [00:00<?, ?it/s]
[2023-05-03T06:55:19.523+0000] {logging_mixin.py:137} INFO - [*********************100%***********************]  1 of 1 completed
[2023-05-03T06:55:21.331+0000] {logging_mixin.py:137} WARNING -  50%|#####     | 1/2 [00:03<00:03,  3.01s/it]
[2023-05-03T06:55:21.769+0000] {logging_mixin.py:137} INFO - [*********************100%***********************]  1 of 1 completed
[2023-05-03T06:55:23.469+0000] {logging_mixin.py:137} WARNING - 100%|##########| 2/2 [00:05<00:00,  2.50s/it]
[2023-05-03T06:55:23.474+0000] {logging_mixin.py:137} WARNING - 100%|##########| 2/2 [00:05<00:00,  2.58s/it]
[2023-05-03T06:55:23.487+0000] {logging_mixin.py:137} INFO - Index(['open', 'high', 'low', 'close', 'adj_close', 'volume', 'timestamp',
       'currency_pair', 'exchangetimezonename', 'timezone'],
      dtype='object')
[2023-05-03T06:55:23.607+0000] {download_yahoo.py:57} INFO - Downloaded data: 
	         open       high        low  ...  currency_pair  exchangetimezonename  timezone
0  16.774656  16.774656  16.774656  ...       AVAX-USD                   UTC       UTC
1  16.773922  16.773922  16.773922  ...       AVAX-USD                   UTC       UTC
2  16.773802  16.773802  16.773802  ...       AVAX-USD                   UTC       UTC
3  16.774431  16.774431  16.774431  ...       AVAX-USD                   UTC       UTC
4  16.775684  16.775684  16.775684  ...       AVAX-USD                   UTC       UTC

[5 rows x 10 columns]
[2023-05-03T06:55:23.890+0000] {python.py:177} INFO - Done. Returned value was: None
[2023-05-03T06:55:23.949+0000] {taskinstance.py:1332} INFO - Marking task as SUCCESS. dag_id=dag_1min, task_id=dump_1m, execution_date=20230503T065000, start_date=20230503T065514, end_date=20230503T065523
[2023-05-03T06:55:24.135+0000] {local_task_job.py:212} INFO - Task exited with return code 0
[2023-05-03T06:55:24.297+0000] {taskinstance.py:2596} INFO - 1 downstream tasks scheduled from follow-on schedule check
