[2023-05-03T01:21:59.683+0000] {taskinstance.py:1090} INFO - Dependencies all met for dep_context=non-requeueable deps ti=<TaskInstance: dag_1min.dump_1m scheduled__2023-05-03T00:50:00+00:00 [queued]>
[2023-05-03T01:22:17.337+0000] {taskinstance.py:1090} INFO - Dependencies all met for dep_context=requeueable deps ti=<TaskInstance: dag_1min.dump_1m scheduled__2023-05-03T00:50:00+00:00 [queued]>
[2023-05-03T01:22:18.099+0000] {taskinstance.py:1288} INFO - 
--------------------------------------------------------------------------------
[2023-05-03T01:22:18.577+0000] {taskinstance.py:1289} INFO - Starting attempt 1 of 1
[2023-05-03T01:22:18.665+0000] {taskinstance.py:1290} INFO - 
--------------------------------------------------------------------------------
[2023-05-03T01:22:30.686+0000] {taskinstance.py:1309} INFO - Executing <Task(PythonOperator): dump_1m> on 2023-05-03 00:50:00+00:00
[2023-05-03T01:22:35.175+0000] {standard_task_runner.py:55} INFO - Started process 194 to run task
[2023-05-03T01:22:38.362+0000] {standard_task_runner.py:82} INFO - Running: ['***', 'tasks', 'run', 'dag_1min', 'dump_1m', 'scheduled__2023-05-03T00:50:00+00:00', '--job-id', '157', '--raw', '--subdir', 'DAGS_FOLDER/dag_1min.py', '--cfg-path', '/tmp/tmpbff8x3ts']
[2023-05-03T01:22:39.654+0000] {standard_task_runner.py:83} INFO - Job 157: Subtask dump_1m
[2023-05-03T01:23:23.434+0000] {task_command.py:389} INFO - Running <TaskInstance: dag_1min.dump_1m scheduled__2023-05-03T00:50:00+00:00 [running]> on host 4a3bd7cf27f4
[2023-05-03T01:23:42.376+0000] {taskinstance.py:1518} INFO - Exporting the following env vars:
AIRFLOW_CTX_DAG_OWNER=coder2j
AIRFLOW_CTX_DAG_ID=dag_1min
AIRFLOW_CTX_TASK_ID=dump_1m
AIRFLOW_CTX_EXECUTION_DATE=2023-05-03T00:50:00+00:00
AIRFLOW_CTX_TRY_NUMBER=1
AIRFLOW_CTX_DAG_RUN_ID=scheduled__2023-05-03T00:50:00+00:00
[2023-05-03T01:23:52.205+0000] {logging_mixin.py:137} WARNING -   0%|          | 0/2 [00:00<?, ?it/s]
[2023-05-03T01:23:56.789+0000] {logging_mixin.py:137} INFO - [*********************100%***********************]  1 of 1 completed
[2023-05-03T01:24:09.241+0000] {logging_mixin.py:137} WARNING -  50%|#####     | 1/2 [00:16<00:16, 16.97s/it]
[2023-05-03T01:24:10.994+0000] {logging_mixin.py:137} INFO - [*********************100%***********************]  1 of 1 completed
[2023-05-03T01:24:17.882+0000] {local_task_job.py:212} INFO - Task exited with return code Negsignal.SIGKILL
[2023-05-03T01:24:18.474+0000] {taskinstance.py:2596} INFO - 0 downstream tasks scheduled from follow-on schedule check
