[2023-05-03 01:22:06,825] {taskinstance.py:1035} INFO - Dependencies all met for <TaskInstance: perform_predictions.predict.postgres.google_trends scheduled__2023-05-03T01:20:00+00:00 [queued]>
[2023-05-03 01:22:06,833] {taskinstance.py:1035} INFO - Dependencies all met for <TaskInstance: perform_predictions.predict.postgres.google_trends scheduled__2023-05-03T01:20:00+00:00 [queued]>
[2023-05-03 01:22:06,834] {taskinstance.py:1241} INFO - 
--------------------------------------------------------------------------------
[2023-05-03 01:22:06,835] {taskinstance.py:1242} INFO - Starting attempt 1 of 1
[2023-05-03 01:22:06,836] {taskinstance.py:1243} INFO - 
--------------------------------------------------------------------------------
[2023-05-03 01:22:06,844] {taskinstance.py:1262} INFO - Executing <Task(BashOperator): predict.postgres.google_trends> on 2023-05-03 01:20:00+00:00
[2023-05-03 01:22:06,847] {standard_task_runner.py:52} INFO - Started process 561 to run task
[2023-05-03 01:22:06,850] {standard_task_runner.py:76} INFO - Running: ['***', 'tasks', 'run', 'perform_predictions', 'predict.postgres.google_trends', 'scheduled__2023-05-03T01:20:00+00:00', '--job-id', '23', '--raw', '--subdir', 'DAGS_FOLDER/***_predictions_scheduler.py', '--cfg-path', '/tmp/tmphbo2ho5p', '--error-file', '/tmp/tmp3q_q6xri']
[2023-05-03 01:22:06,852] {standard_task_runner.py:77} INFO - Job 23: Subtask predict.postgres.google_trends
[2023-05-03 01:22:06,890] {logging_mixin.py:109} INFO - Running <TaskInstance: perform_predictions.predict.postgres.google_trends scheduled__2023-05-03T01:20:00+00:00 [running]> on host adc748a128b1
[2023-05-03 01:22:06,932] {taskinstance.py:1429} INFO - Exporting the following env vars:
AIRFLOW_CTX_DAG_EMAIL=***@example.com
AIRFLOW_CTX_DAG_OWNER=***
AIRFLOW_CTX_DAG_ID=perform_predictions
AIRFLOW_CTX_TASK_ID=predict.postgres.google_trends
AIRFLOW_CTX_EXECUTION_DATE=2023-05-03T01:20:00+00:00
AIRFLOW_CTX_DAG_RUN_ID=scheduled__2023-05-03T01:20:00+00:00
[2023-05-03 01:22:06,934] {subprocess.py:62} INFO - Tmp dir root location: 
 /tmp
[2023-05-03 01:22:06,935] {subprocess.py:74} INFO - Running command: ['bash', '-c', 'sleep 5 && /cmamp/src/load_validate_transform.py --source_table google_trends_data --target_table google_trends_predictions --topic washing_machines']
[2023-05-03 01:22:06,942] {subprocess.py:85} INFO - Output:
[2023-05-03 01:22:12,354] {subprocess.py:89} INFO - Running all QA checks:
[2023-05-03 01:22:12,356] {subprocess.py:89} INFO - DenormalizedDatasetCheck: PASSED
[2023-05-03 01:22:12,357] {subprocess.py:89} INFO - RESAMPLING DATA
[2023-05-03 01:22:12,359] {subprocess.py:89} INFO -                 Topic      Time  Frequency
[2023-05-03 01:22:12,361] {subprocess.py:89} INFO - 0    washing machines  Jan 2004      100.0
[2023-05-03 01:22:12,363] {subprocess.py:89} INFO - 1    washing machines  Feb 2004       95.0
[2023-05-03 01:22:12,364] {subprocess.py:89} INFO - 2    washing machines  Mar 2004       87.0
[2023-05-03 01:22:12,365] {subprocess.py:89} INFO - 3    washing machines  Apr 2004       79.0
[2023-05-03 01:22:12,366] {subprocess.py:89} INFO - 4    washing machines  May 2004       82.0
[2023-05-03 01:22:12,367] {subprocess.py:89} INFO - ..                ...       ...        ...
[2023-05-03 01:22:12,367] {subprocess.py:89} INFO - 227  washing machines  Dec 2022       25.0
[2023-05-03 01:22:12,369] {subprocess.py:89} INFO - 228  washing machines  Jan 2023       25.0
[2023-05-03 01:22:12,370] {subprocess.py:89} INFO - 229  washing machines  Feb 2023       24.0
[2023-05-03 01:22:12,371] {subprocess.py:89} INFO - 230  washing machines  Mar 2023       23.0
[2023-05-03 01:22:12,371] {subprocess.py:89} INFO - 231  washing machines  Apr 2023       24.0
[2023-05-03 01:22:12,372] {subprocess.py:89} INFO - 
[2023-05-03 01:22:12,373] {subprocess.py:89} INFO - [232 rows x 3 columns]
[2023-05-03 01:22:12,411] {subprocess.py:93} INFO - Command exited with return code 0
[2023-05-03 01:22:12,434] {taskinstance.py:1280} INFO - Marking task as SUCCESS. dag_id=perform_predictions, task_id=predict.postgres.google_trends, execution_date=20230503T012000, start_date=20230503T012206, end_date=20230503T012212
[2023-05-03 01:22:12,479] {local_task_job.py:154} INFO - Task exited with return code 0
[2023-05-03 01:22:12,508] {local_task_job.py:264} INFO - 0 downstream tasks scheduled from follow-on schedule check
