[2023-04-29 23:38:10,519] {taskinstance.py:1035} INFO - Dependencies all met for <TaskInstance: tutorial.templated scheduled__2023-04-29T23:36:00+00:00 [queued]>
[2023-04-29 23:38:10,527] {taskinstance.py:1035} INFO - Dependencies all met for <TaskInstance: tutorial.templated scheduled__2023-04-29T23:36:00+00:00 [queued]>
[2023-04-29 23:38:10,528] {taskinstance.py:1241} INFO - 
--------------------------------------------------------------------------------
[2023-04-29 23:38:10,529] {taskinstance.py:1242} INFO - Starting attempt 1 of 2
[2023-04-29 23:38:10,530] {taskinstance.py:1243} INFO - 
--------------------------------------------------------------------------------
[2023-04-29 23:38:10,539] {taskinstance.py:1262} INFO - Executing <Task(BashOperator): templated> on 2023-04-29 23:36:00+00:00
[2023-04-29 23:38:10,543] {standard_task_runner.py:52} INFO - Started process 264 to run task
[2023-04-29 23:38:10,546] {standard_task_runner.py:76} INFO - Running: ['***', 'tasks', 'run', 'tutorial', 'templated', 'scheduled__2023-04-29T23:36:00+00:00', '--job-id', '19', '--raw', '--subdir', 'DAGS_FOLDER/***_tutorial.py', '--cfg-path', '/tmp/tmpbuz7i5qv', '--error-file', '/tmp/tmpneiozv1u']
[2023-04-29 23:38:10,548] {standard_task_runner.py:77} INFO - Job 19: Subtask templated
[2023-04-29 23:38:10,588] {logging_mixin.py:109} INFO - Running <TaskInstance: tutorial.templated scheduled__2023-04-29T23:36:00+00:00 [running]> on host 4fd1971d5f6c
[2023-04-29 23:38:10,635] {taskinstance.py:1429} INFO - Exporting the following env vars:
AIRFLOW_CTX_DAG_EMAIL=***@example.com
AIRFLOW_CTX_DAG_OWNER=***
AIRFLOW_CTX_DAG_ID=tutorial
AIRFLOW_CTX_TASK_ID=templated
AIRFLOW_CTX_EXECUTION_DATE=2023-04-29T23:36:00+00:00
AIRFLOW_CTX_DAG_RUN_ID=scheduled__2023-04-29T23:36:00+00:00
[2023-04-29 23:38:10,636] {subprocess.py:62} INFO - Tmp dir root location: 
 /tmp
[2023-04-29 23:38:10,638] {subprocess.py:74} INFO - Running command: ['bash', '-c', '\n\n    echo "2023-04-29"\n    echo "2023-05-06"\n    echo "Parameter I passed in"\n\n    echo "2023-04-29"\n    echo "2023-05-06"\n    echo "Parameter I passed in"\n\n    echo "2023-04-29"\n    echo "2023-05-06"\n    echo "Parameter I passed in"\n\n    echo "2023-04-29"\n    echo "2023-05-06"\n    echo "Parameter I passed in"\n\n    echo "2023-04-29"\n    echo "2023-05-06"\n    echo "Parameter I passed in"\n']
[2023-04-29 23:38:10,645] {subprocess.py:85} INFO - Output:
[2023-04-29 23:38:10,646] {subprocess.py:89} INFO - 2023-04-29
[2023-04-29 23:38:10,647] {subprocess.py:89} INFO - 2023-05-06
[2023-04-29 23:38:10,648] {subprocess.py:89} INFO - Parameter I passed in
[2023-04-29 23:38:10,649] {subprocess.py:89} INFO - 2023-04-29
[2023-04-29 23:38:10,650] {subprocess.py:89} INFO - 2023-05-06
[2023-04-29 23:38:10,650] {subprocess.py:89} INFO - Parameter I passed in
[2023-04-29 23:38:10,651] {subprocess.py:89} INFO - 2023-04-29
[2023-04-29 23:38:10,652] {subprocess.py:89} INFO - 2023-05-06
[2023-04-29 23:38:10,653] {subprocess.py:89} INFO - Parameter I passed in
[2023-04-29 23:38:10,653] {subprocess.py:89} INFO - 2023-04-29
[2023-04-29 23:38:10,654] {subprocess.py:89} INFO - 2023-05-06
[2023-04-29 23:38:10,655] {subprocess.py:89} INFO - Parameter I passed in
[2023-04-29 23:38:10,656] {subprocess.py:89} INFO - 2023-04-29
[2023-04-29 23:38:10,657] {subprocess.py:89} INFO - 2023-05-06
[2023-04-29 23:38:10,657] {subprocess.py:89} INFO - Parameter I passed in
[2023-04-29 23:38:10,658] {subprocess.py:93} INFO - Command exited with return code 0
[2023-04-29 23:38:10,679] {taskinstance.py:1280} INFO - Marking task as SUCCESS. dag_id=tutorial, task_id=templated, execution_date=20230429T233600, start_date=20230429T233810, end_date=20230429T233810
[2023-04-29 23:38:10,719] {local_task_job.py:154} INFO - Task exited with return code 0
[2023-04-29 23:38:10,744] {local_task_job.py:264} INFO - 0 downstream tasks scheduled from follow-on schedule check
