[2023-05-03T02:13:54.460+0000] {taskinstance.py:1090} INFO - Dependencies all met for dep_context=non-requeueable deps ti=<TaskInstance: dag_1min.dump_1m scheduled__2023-05-03T02:05:00+00:00 [queued]>
[2023-05-03T02:13:55.498+0000] {taskinstance.py:1090} INFO - Dependencies all met for dep_context=requeueable deps ti=<TaskInstance: dag_1min.dump_1m scheduled__2023-05-03T02:05:00+00:00 [queued]>
[2023-05-03T02:13:55.710+0000] {taskinstance.py:1288} INFO - 
--------------------------------------------------------------------------------
[2023-05-03T02:13:55.740+0000] {taskinstance.py:1289} INFO - Starting attempt 1 of 1
[2023-05-03T02:13:55.763+0000] {taskinstance.py:1290} INFO - 
--------------------------------------------------------------------------------
[2023-05-03T02:13:58.779+0000] {taskinstance.py:1309} INFO - Executing <Task(PythonOperator): dump_1m> on 2023-05-03 02:05:00+00:00
[2023-05-03T02:13:58.977+0000] {standard_task_runner.py:55} INFO - Started process 273 to run task
[2023-05-03T02:13:59.152+0000] {standard_task_runner.py:82} INFO - Running: ['***', 'tasks', 'run', 'dag_1min', 'dump_1m', 'scheduled__2023-05-03T02:05:00+00:00', '--job-id', '167', '--raw', '--subdir', 'DAGS_FOLDER/dag_1min.py', '--cfg-path', '/tmp/tmpliwv52xc']
[2023-05-03T02:13:59.174+0000] {standard_task_runner.py:83} INFO - Job 167: Subtask dump_1m
[2023-05-03T02:14:09.560+0000] {task_command.py:389} INFO - Running <TaskInstance: dag_1min.dump_1m scheduled__2023-05-03T02:05:00+00:00 [running]> on host 4a3bd7cf27f4
[2023-05-03T02:14:39.896+0000] {taskinstance.py:1518} INFO - Exporting the following env vars:
AIRFLOW_CTX_DAG_OWNER=coder2j
AIRFLOW_CTX_DAG_ID=dag_1min
AIRFLOW_CTX_TASK_ID=dump_1m
AIRFLOW_CTX_EXECUTION_DATE=2023-05-03T02:05:00+00:00
AIRFLOW_CTX_TRY_NUMBER=1
AIRFLOW_CTX_DAG_RUN_ID=scheduled__2023-05-03T02:05:00+00:00
[2023-05-03T02:14:55.658+0000] {logging_mixin.py:137} WARNING -   0%|          | 0/2 [00:00<?, ?it/s]
[2023-05-03T02:15:17.891+0000] {logging_mixin.py:137} INFO - [*********************100%***********************]  1 of 1 completed
[2023-05-03T02:15:32.234+0000] {logging_mixin.py:137} WARNING -  50%|#####     | 1/2 [00:36<00:36, 36.47s/it]
[2023-05-03T02:15:43.836+0000] {logging_mixin.py:137} INFO - [*********************100%***********************]  1 of 1 completed
[2023-05-03T02:15:58.130+0000] {logging_mixin.py:137} WARNING - 100%|##########| 2/2 [01:02<00:00, 30.23s/it]
[2023-05-03T02:15:58.224+0000] {logging_mixin.py:137} WARNING - 100%|##########| 2/2 [01:02<00:00, 31.24s/it]
[2023-05-03T02:15:58.490+0000] {logging_mixin.py:137} INFO - Index(['open', 'high', 'low', 'close', 'adj_close', 'volume', 'timestamp',
       'currency_pair', 'exchangetimezonename', 'timezone'],
      dtype='object')
[2023-05-03T02:16:01.517+0000] {download_yahoo.py:57} INFO - Downloaded data: 
	            open          high  ...  exchangetimezonename  timezone
0     16.700344     16.700344  ...                   UTC       UTC
1     16.701124     16.701124  ...                   UTC       UTC
2     16.699831     16.699831  ...                   UTC       UTC
3  28426.148438  28426.148438  ...                   UTC       UTC
4  28425.841797  28425.841797  ...                   UTC       UTC

[5 rows x 10 columns]
[2023-05-03T02:16:09.500+0000] {python.py:177} INFO - Done. Returned value was: None
[2023-05-03T02:16:12.146+0000] {taskinstance.py:1332} INFO - Marking task as SUCCESS. dag_id=dag_1min, task_id=dump_1m, execution_date=20230503T020500, start_date=20230503T021354, end_date=20230503T021612
[2023-05-03T02:16:21.193+0000] {local_task_job.py:212} INFO - Task exited with return code 0
[2023-05-03T02:16:23.596+0000] {taskinstance.py:2596} INFO - 0 downstream tasks scheduled from follow-on schedule check
