[2023-05-03T07:15:14.712+0000] {taskinstance.py:1090} INFO - Dependencies all met for dep_context=non-requeueable deps ti=<TaskInstance: dag_1min.dump_1m scheduled__2023-05-03T07:10:00+00:00 [queued]>
[2023-05-03T07:15:14.834+0000] {taskinstance.py:1090} INFO - Dependencies all met for dep_context=requeueable deps ti=<TaskInstance: dag_1min.dump_1m scheduled__2023-05-03T07:10:00+00:00 [queued]>
[2023-05-03T07:15:14.838+0000] {taskinstance.py:1288} INFO - 
--------------------------------------------------------------------------------
[2023-05-03T07:15:14.843+0000] {taskinstance.py:1289} INFO - Starting attempt 1 of 1
[2023-05-03T07:15:14.847+0000] {taskinstance.py:1290} INFO - 
--------------------------------------------------------------------------------
[2023-05-03T07:15:15.005+0000] {taskinstance.py:1309} INFO - Executing <Task(PythonOperator): dump_1m> on 2023-05-03 07:10:00+00:00
[2023-05-03T07:15:15.023+0000] {standard_task_runner.py:55} INFO - Started process 2357 to run task
[2023-05-03T07:15:15.044+0000] {standard_task_runner.py:82} INFO - Running: ['***', 'tasks', 'run', 'dag_1min', 'dump_1m', 'scheduled__2023-05-03T07:10:00+00:00', '--job-id', '226', '--raw', '--subdir', 'DAGS_FOLDER/dag_1min.py', '--cfg-path', '/tmp/tmps6bc6rbj']
[2023-05-03T07:15:15.048+0000] {standard_task_runner.py:83} INFO - Job 226: Subtask dump_1m
[2023-05-03T07:15:15.444+0000] {task_command.py:389} INFO - Running <TaskInstance: dag_1min.dump_1m scheduled__2023-05-03T07:10:00+00:00 [running]> on host c58811f86e80
[2023-05-03T07:15:16.307+0000] {taskinstance.py:1518} INFO - Exporting the following env vars:
AIRFLOW_CTX_DAG_OWNER=coder2j
AIRFLOW_CTX_DAG_ID=dag_1min
AIRFLOW_CTX_TASK_ID=dump_1m
AIRFLOW_CTX_EXECUTION_DATE=2023-05-03T07:10:00+00:00
AIRFLOW_CTX_TRY_NUMBER=1
AIRFLOW_CTX_DAG_RUN_ID=scheduled__2023-05-03T07:10:00+00:00
[2023-05-03T07:15:17.865+0000] {logging_mixin.py:137} WARNING -   0%|          | 0/2 [00:00<?, ?it/s]
[2023-05-03T07:15:19.676+0000] {logging_mixin.py:137} INFO - [*********************100%***********************]  1 of 1 completed
[2023-05-03T07:15:21.432+0000] {logging_mixin.py:137} WARNING -  50%|#####     | 1/2 [00:03<00:03,  3.56s/it]
[2023-05-03T07:15:23.022+0000] {logging_mixin.py:137} INFO - [*********************100%***********************]  1 of 1 completed
[2023-05-03T07:15:24.326+0000] {logging_mixin.py:137} WARNING - 100%|##########| 2/2 [00:06<00:00,  3.17s/it]
[2023-05-03T07:15:24.331+0000] {logging_mixin.py:137} WARNING - 100%|##########| 2/2 [00:06<00:00,  3.23s/it]
[2023-05-03T07:15:24.349+0000] {logging_mixin.py:137} INFO - Index(['open', 'high', 'low', 'close', 'adj_close', 'volume', 'timestamp',
       'currency_pair', 'exchangetimezonename', 'timezone'],
      dtype='object')
[2023-05-03T07:15:24.509+0000] {download_yahoo.py:57} INFO - Downloaded data: 
	         open       high        low  ...  currency_pair  exchangetimezonename  timezone
0  16.754030  16.754030  16.754030  ...       AVAX-USD                   UTC       UTC
1  16.752337  16.752337  16.752337  ...       AVAX-USD                   UTC       UTC
2  16.748426  16.748426  16.748426  ...       AVAX-USD                   UTC       UTC
3  16.739126  16.739126  16.739126  ...       AVAX-USD                   UTC       UTC
4  16.739222  16.739222  16.739222  ...       AVAX-USD                   UTC       UTC

[5 rows x 10 columns]
[2023-05-03T07:15:24.912+0000] {python.py:177} INFO - Done. Returned value was: None
[2023-05-03T07:15:24.984+0000] {taskinstance.py:1332} INFO - Marking task as SUCCESS. dag_id=dag_1min, task_id=dump_1m, execution_date=20230503T071000, start_date=20230503T071514, end_date=20230503T071524
[2023-05-03T07:15:25.204+0000] {local_task_job.py:212} INFO - Task exited with return code 0
[2023-05-03T07:15:25.387+0000] {taskinstance.py:2596} INFO - 1 downstream tasks scheduled from follow-on schedule check
