[2023-04-14T04:49:43.327+0000] {taskinstance.py:1090} INFO - Dependencies all met for dep_context=non-requeueable deps ti=<TaskInstance: dag_with_python_dependencies_v03.get_sklearn scheduled__2023-04-14T00:16:00+00:00 [queued]>
[2023-04-14T04:49:43.374+0000] {taskinstance.py:1090} INFO - Dependencies all met for dep_context=requeueable deps ti=<TaskInstance: dag_with_python_dependencies_v03.get_sklearn scheduled__2023-04-14T00:16:00+00:00 [queued]>
[2023-04-14T04:49:43.376+0000] {taskinstance.py:1288} INFO - 
--------------------------------------------------------------------------------
[2023-04-14T04:49:43.378+0000] {taskinstance.py:1289} INFO - Starting attempt 1 of 1
[2023-04-14T04:49:43.379+0000] {taskinstance.py:1290} INFO - 
--------------------------------------------------------------------------------
[2023-04-14T04:49:43.431+0000] {taskinstance.py:1309} INFO - Executing <Task(PythonOperator): get_sklearn> on 2023-04-14 00:16:00+00:00
[2023-04-14T04:49:43.458+0000] {standard_task_runner.py:55} INFO - Started process 99 to run task
[2023-04-14T04:49:43.489+0000] {standard_task_runner.py:82} INFO - Running: ['***', 'tasks', 'run', 'dag_with_python_dependencies_v03', 'get_sklearn', 'scheduled__2023-04-14T00:16:00+00:00', '--job-id', '39', '--raw', '--subdir', 'DAGS_FOLDER/dag_with_python_dependencies.py', '--cfg-path', '/tmp/tmpoo2pw3x9']
[2023-04-14T04:49:43.500+0000] {standard_task_runner.py:83} INFO - Job 39: Subtask get_sklearn
[2023-04-14T04:49:43.839+0000] {task_command.py:389} INFO - Running <TaskInstance: dag_with_python_dependencies_v03.get_sklearn scheduled__2023-04-14T00:16:00+00:00 [running]> on host f17075e7e65f
[2023-04-14T04:49:44.165+0000] {taskinstance.py:1518} INFO - Exporting the following env vars:
AIRFLOW_CTX_DAG_OWNER=coder2j
AIRFLOW_CTX_DAG_ID=dag_with_python_dependencies_v03
AIRFLOW_CTX_TASK_ID=get_sklearn
AIRFLOW_CTX_EXECUTION_DATE=2023-04-14T00:16:00+00:00
AIRFLOW_CTX_TRY_NUMBER=1
AIRFLOW_CTX_DAG_RUN_ID=scheduled__2023-04-14T00:16:00+00:00
[2023-04-14T04:49:51.383+0000] {local_task_job.py:212} INFO - Task exited with return code Negsignal.SIGKILL
[2023-04-14T04:49:51.702+0000] {taskinstance.py:2596} INFO - 0 downstream tasks scheduled from follow-on schedule check
