[2023-04-15T23:35:10.461+0000] {taskinstance.py:1090} INFO - Dependencies all met for dep_context=non-requeueable deps ti=<TaskInstance: dag_1min.dump_1m scheduled__2023-04-15T23:30:00+00:00 [queued]>
[2023-04-15T23:35:10.543+0000] {taskinstance.py:1090} INFO - Dependencies all met for dep_context=requeueable deps ti=<TaskInstance: dag_1min.dump_1m scheduled__2023-04-15T23:30:00+00:00 [queued]>
[2023-04-15T23:35:10.546+0000] {taskinstance.py:1288} INFO - 
--------------------------------------------------------------------------------
[2023-04-15T23:35:10.582+0000] {taskinstance.py:1289} INFO - Starting attempt 1 of 1
[2023-04-15T23:35:10.588+0000] {taskinstance.py:1290} INFO - 
--------------------------------------------------------------------------------
[2023-04-15T23:35:10.714+0000] {taskinstance.py:1309} INFO - Executing <Task(PythonOperator): dump_1m> on 2023-04-15 23:30:00+00:00
[2023-04-15T23:35:10.738+0000] {standard_task_runner.py:55} INFO - Started process 1454 to run task
[2023-04-15T23:35:10.759+0000] {standard_task_runner.py:82} INFO - Running: ['***', 'tasks', 'run', 'dag_1min', 'dump_1m', 'scheduled__2023-04-15T23:30:00+00:00', '--job-id', '331', '--raw', '--subdir', 'DAGS_FOLDER/dag_1min.py', '--cfg-path', '/tmp/tmpqzl7e49c']
[2023-04-15T23:35:10.762+0000] {standard_task_runner.py:83} INFO - Job 331: Subtask dump_1m
[2023-04-15T23:35:11.263+0000] {task_command.py:389} INFO - Running <TaskInstance: dag_1min.dump_1m scheduled__2023-04-15T23:30:00+00:00 [running]> on host cc609b5f7385
[2023-04-15T23:35:12.599+0000] {taskinstance.py:1518} INFO - Exporting the following env vars:
AIRFLOW_CTX_DAG_OWNER=coder2j
AIRFLOW_CTX_DAG_ID=dag_1min
AIRFLOW_CTX_TASK_ID=dump_1m
AIRFLOW_CTX_EXECUTION_DATE=2023-04-15T23:30:00+00:00
AIRFLOW_CTX_TRY_NUMBER=1
AIRFLOW_CTX_DAG_RUN_ID=scheduled__2023-04-15T23:30:00+00:00
[2023-04-15T23:35:13.818+0000] {logging_mixin.py:137} WARNING -   0%|          | 0/2 [00:00<?, ?it/s]
[2023-04-15T23:35:14.999+0000] {logging_mixin.py:137} INFO - [*********************100%***********************]  1 of 1 completed
[2023-04-15T23:35:16.730+0000] {logging_mixin.py:137} WARNING -  50%|#####     | 1/2 [00:02<00:02,  2.90s/it]
[2023-04-15T23:35:17.653+0000] {logging_mixin.py:137} INFO - [*********************100%***********************]  1 of 1 completed
[2023-04-15T23:35:19.800+0000] {logging_mixin.py:137} WARNING - 100%|##########| 2/2 [00:05<00:00,  3.00s/it]
[2023-04-15T23:35:19.813+0000] {logging_mixin.py:137} WARNING - 100%|##########| 2/2 [00:05<00:00,  2.99s/it]
[2023-04-15T23:35:19.838+0000] {logging_mixin.py:137} INFO - Index(['open', 'high', 'low', 'close', 'adj_close', 'volume', 'timestamp',
       'currency_pair', 'exchangetimezonename', 'timezone'],
      dtype='object')
[2023-04-15T23:35:20.073+0000] {download_yahoo.py:57} INFO - Downloaded data: 
	         open       high        low  ...  currency_pair  exchangetimezonename  timezone
0  19.140894  19.140894  19.140894  ...       AVAX-USD                   UTC       UTC
1  19.134127  19.134127  19.134127  ...       AVAX-USD                   UTC       UTC
2  19.132166  19.132166  19.132166  ...       AVAX-USD                   UTC       UTC
3  19.134485  19.134485  19.134485  ...       AVAX-USD                   UTC       UTC
4  19.132874  19.132874  19.132874  ...       AVAX-USD                   UTC       UTC

[5 rows x 10 columns]
[2023-04-15T23:35:20.687+0000] {python.py:177} INFO - Done. Returned value was: None
[2023-04-15T23:35:20.830+0000] {taskinstance.py:1332} INFO - Marking task as SUCCESS. dag_id=dag_1min, task_id=dump_1m, execution_date=20230415T233000, start_date=20230415T233510, end_date=20230415T233520
[2023-04-15T23:35:21.243+0000] {local_task_job.py:212} INFO - Task exited with return code 0
[2023-04-15T23:35:21.400+0000] {taskinstance.py:2596} INFO - 0 downstream tasks scheduled from follow-on schedule check
