[2023-05-02T23:50:11.431+0000] {taskinstance.py:1090} INFO - Dependencies all met for dep_context=non-requeueable deps ti=<TaskInstance: dag_1min.dump_1m scheduled__2023-05-02T23:45:00+00:00 [queued]>
[2023-05-02T23:50:11.496+0000] {taskinstance.py:1090} INFO - Dependencies all met for dep_context=requeueable deps ti=<TaskInstance: dag_1min.dump_1m scheduled__2023-05-02T23:45:00+00:00 [queued]>
[2023-05-02T23:50:11.500+0000] {taskinstance.py:1288} INFO - 
--------------------------------------------------------------------------------
[2023-05-02T23:50:11.503+0000] {taskinstance.py:1289} INFO - Starting attempt 1 of 1
[2023-05-02T23:50:11.511+0000] {taskinstance.py:1290} INFO - 
--------------------------------------------------------------------------------
[2023-05-02T23:50:11.618+0000] {taskinstance.py:1309} INFO - Executing <Task(PythonOperator): dump_1m> on 2023-05-02 23:45:00+00:00
[2023-05-02T23:50:11.640+0000] {standard_task_runner.py:55} INFO - Started process 1095 to run task
[2023-05-02T23:50:11.654+0000] {standard_task_runner.py:82} INFO - Running: ['***', 'tasks', 'run', 'dag_1min', 'dump_1m', 'scheduled__2023-05-02T23:45:00+00:00', '--job-id', '142', '--raw', '--subdir', 'DAGS_FOLDER/dag_1min.py', '--cfg-path', '/tmp/tmpf3cuodp8']
[2023-05-02T23:50:11.657+0000] {standard_task_runner.py:83} INFO - Job 142: Subtask dump_1m
[2023-05-02T23:50:11.968+0000] {task_command.py:389} INFO - Running <TaskInstance: dag_1min.dump_1m scheduled__2023-05-02T23:45:00+00:00 [running]> on host 4a3bd7cf27f4
[2023-05-02T23:50:12.926+0000] {taskinstance.py:1518} INFO - Exporting the following env vars:
AIRFLOW_CTX_DAG_OWNER=coder2j
AIRFLOW_CTX_DAG_ID=dag_1min
AIRFLOW_CTX_TASK_ID=dump_1m
AIRFLOW_CTX_EXECUTION_DATE=2023-05-02T23:45:00+00:00
AIRFLOW_CTX_TRY_NUMBER=1
AIRFLOW_CTX_DAG_RUN_ID=scheduled__2023-05-02T23:45:00+00:00
[2023-05-02T23:50:14.647+0000] {logging_mixin.py:137} WARNING -   0%|          | 0/2 [00:00<?, ?it/s]
[2023-05-02T23:50:15.647+0000] {logging_mixin.py:137} INFO - [*********************100%***********************]  1 of 1 completed
[2023-05-02T23:50:17.355+0000] {logging_mixin.py:137} WARNING -  50%|#####     | 1/2 [00:02<00:02,  2.70s/it]
[2023-05-02T23:50:17.879+0000] {logging_mixin.py:137} INFO - [*********************100%***********************]  1 of 1 completed
[2023-05-02T23:50:19.367+0000] {logging_mixin.py:137} WARNING - 100%|##########| 2/2 [00:04<00:00,  2.29s/it]
[2023-05-02T23:50:19.383+0000] {logging_mixin.py:137} WARNING - 100%|##########| 2/2 [00:04<00:00,  2.36s/it]
[2023-05-02T23:50:19.414+0000] {logging_mixin.py:137} INFO - Index(['open', 'high', 'low', 'close', 'adj_close', 'volume', 'timestamp',
       'currency_pair', 'exchangetimezonename', 'timezone'],
      dtype='object')
[2023-05-02T23:50:19.548+0000] {download_yahoo.py:57} INFO - Downloaded data: 
	         open       high        low  ...  currency_pair  exchangetimezonename  timezone
0  16.854589  16.854589  16.854589  ...       AVAX-USD                   UTC       UTC
1  16.855406  16.855406  16.855406  ...       AVAX-USD                   UTC       UTC
2  16.853323  16.853323  16.853323  ...       AVAX-USD                   UTC       UTC
3  16.857306  16.857306  16.857306  ...       AVAX-USD                   UTC       UTC
4  16.851873  16.851873  16.851873  ...       AVAX-USD                   UTC       UTC

[5 rows x 10 columns]
[2023-05-02T23:50:20.099+0000] {python.py:177} INFO - Done. Returned value was: None
[2023-05-02T23:50:20.258+0000] {taskinstance.py:1332} INFO - Marking task as SUCCESS. dag_id=dag_1min, task_id=dump_1m, execution_date=20230502T234500, start_date=20230502T235011, end_date=20230502T235020
[2023-05-02T23:50:20.560+0000] {local_task_job.py:212} INFO - Task exited with return code 0
[2023-05-02T23:50:20.728+0000] {taskinstance.py:2596} INFO - 0 downstream tasks scheduled from follow-on schedule check
