[2023-05-03T00:30:10.490+0000] {taskinstance.py:1090} INFO - Dependencies all met for dep_context=non-requeueable deps ti=<TaskInstance: dag_1min.dump_1m scheduled__2023-05-03T00:25:00+00:00 [queued]>
[2023-05-03T00:30:10.558+0000] {taskinstance.py:1090} INFO - Dependencies all met for dep_context=requeueable deps ti=<TaskInstance: dag_1min.dump_1m scheduled__2023-05-03T00:25:00+00:00 [queued]>
[2023-05-03T00:30:10.560+0000] {taskinstance.py:1288} INFO - 
--------------------------------------------------------------------------------
[2023-05-03T00:30:10.562+0000] {taskinstance.py:1289} INFO - Starting attempt 1 of 1
[2023-05-03T00:30:10.564+0000] {taskinstance.py:1290} INFO - 
--------------------------------------------------------------------------------
[2023-05-03T00:30:10.658+0000] {taskinstance.py:1309} INFO - Executing <Task(PythonOperator): dump_1m> on 2023-05-03 00:25:00+00:00
[2023-05-03T00:30:10.678+0000] {standard_task_runner.py:55} INFO - Started process 2115 to run task
[2023-05-03T00:30:10.723+0000] {standard_task_runner.py:82} INFO - Running: ['***', 'tasks', 'run', 'dag_1min', 'dump_1m', 'scheduled__2023-05-03T00:25:00+00:00', '--job-id', '150', '--raw', '--subdir', 'DAGS_FOLDER/dag_1min.py', '--cfg-path', '/tmp/tmpbo7301gp']
[2023-05-03T00:30:10.728+0000] {standard_task_runner.py:83} INFO - Job 150: Subtask dump_1m
[2023-05-03T00:30:11.062+0000] {task_command.py:389} INFO - Running <TaskInstance: dag_1min.dump_1m scheduled__2023-05-03T00:25:00+00:00 [running]> on host 4a3bd7cf27f4
[2023-05-03T00:30:12.240+0000] {taskinstance.py:1518} INFO - Exporting the following env vars:
AIRFLOW_CTX_DAG_OWNER=coder2j
AIRFLOW_CTX_DAG_ID=dag_1min
AIRFLOW_CTX_TASK_ID=dump_1m
AIRFLOW_CTX_EXECUTION_DATE=2023-05-03T00:25:00+00:00
AIRFLOW_CTX_TRY_NUMBER=1
AIRFLOW_CTX_DAG_RUN_ID=scheduled__2023-05-03T00:25:00+00:00
[2023-05-03T00:30:13.893+0000] {logging_mixin.py:137} WARNING -   0%|          | 0/2 [00:00<?, ?it/s]
[2023-05-03T00:30:14.499+0000] {logging_mixin.py:137} INFO - [*********************100%***********************]  1 of 1 completed
[2023-05-03T00:30:15.838+0000] {logging_mixin.py:137} WARNING -  50%|#####     | 1/2 [00:01<00:01,  1.94s/it]
[2023-05-03T00:30:16.382+0000] {logging_mixin.py:137} INFO - [*********************100%***********************]  1 of 1 completed
[2023-05-03T00:30:17.563+0000] {logging_mixin.py:137} WARNING - 100%|##########| 2/2 [00:03<00:00,  1.81s/it]
[2023-05-03T00:30:17.569+0000] {logging_mixin.py:137} WARNING - 100%|##########| 2/2 [00:03<00:00,  1.84s/it]
[2023-05-03T00:30:17.584+0000] {logging_mixin.py:137} INFO - Index(['open', 'high', 'low', 'close', 'adj_close', 'volume', 'timestamp',
       'currency_pair', 'exchangetimezonename', 'timezone'],
      dtype='object')
[2023-05-03T00:30:17.718+0000] {download_yahoo.py:57} INFO - Downloaded data: 
	         open       high        low  ...  currency_pair  exchangetimezonename  timezone
0  16.786386  16.786386  16.786386  ...       AVAX-USD                   UTC       UTC
1  16.785164  16.785164  16.785164  ...       AVAX-USD                   UTC       UTC
2  16.785456  16.785456  16.785456  ...       AVAX-USD                   UTC       UTC
3  16.780577  16.780577  16.780577  ...       AVAX-USD                   UTC       UTC
4  16.781065  16.781065  16.781065  ...       AVAX-USD                   UTC       UTC

[5 rows x 10 columns]
[2023-05-03T00:30:18.015+0000] {python.py:177} INFO - Done. Returned value was: None
[2023-05-03T00:30:18.070+0000] {taskinstance.py:1332} INFO - Marking task as SUCCESS. dag_id=dag_1min, task_id=dump_1m, execution_date=20230503T002500, start_date=20230503T003010, end_date=20230503T003018
[2023-05-03T00:30:18.254+0000] {local_task_job.py:212} INFO - Task exited with return code 0
[2023-05-03T00:30:18.381+0000] {taskinstance.py:2596} INFO - 0 downstream tasks scheduled from follow-on schedule check
