[2023-04-15T18:37:39.295+0000] {taskinstance.py:1090} INFO - Dependencies all met for dep_context=non-requeueable deps ti=<TaskInstance: dag_with_python_dependencies_v03.get_sklearn scheduled__2023-04-15T05:06:00+00:00 [queued]>
[2023-04-15T18:37:39.809+0000] {taskinstance.py:1090} INFO - Dependencies all met for dep_context=requeueable deps ti=<TaskInstance: dag_with_python_dependencies_v03.get_sklearn scheduled__2023-04-15T05:06:00+00:00 [queued]>
[2023-04-15T18:37:39.861+0000] {taskinstance.py:1288} INFO - 
--------------------------------------------------------------------------------
[2023-04-15T18:37:39.870+0000] {taskinstance.py:1289} INFO - Starting attempt 1 of 1
[2023-04-15T18:37:39.877+0000] {taskinstance.py:1290} INFO - 
--------------------------------------------------------------------------------
[2023-04-15T18:37:40.236+0000] {taskinstance.py:1309} INFO - Executing <Task(PythonOperator): get_sklearn> on 2023-04-15 05:06:00+00:00
[2023-04-15T18:37:40.609+0000] {standard_task_runner.py:55} INFO - Started process 98 to run task
[2023-04-15T18:37:40.895+0000] {standard_task_runner.py:82} INFO - Running: ['***', 'tasks', 'run', 'dag_with_python_dependencies_v03', 'get_sklearn', 'scheduled__2023-04-15T05:06:00+00:00', '--job-id', '301', '--raw', '--subdir', 'DAGS_FOLDER/dag_with_python_dependencies.py', '--cfg-path', '/tmp/tmpc6t256j9']
[2023-04-15T18:37:40.989+0000] {standard_task_runner.py:83} INFO - Job 301: Subtask get_sklearn
[2023-04-15T18:38:06.125+0000] {task_command.py:389} INFO - Running <TaskInstance: dag_with_python_dependencies_v03.get_sklearn scheduled__2023-04-15T05:06:00+00:00 [running]> on host 1cd84fe4259f
[2023-04-15T18:38:10.346+0000] {taskinstance.py:1518} INFO - Exporting the following env vars:
AIRFLOW_CTX_DAG_OWNER=coder2j
AIRFLOW_CTX_DAG_ID=dag_with_python_dependencies_v03
AIRFLOW_CTX_TASK_ID=get_sklearn
AIRFLOW_CTX_EXECUTION_DATE=2023-04-15T05:06:00+00:00
AIRFLOW_CTX_TRY_NUMBER=1
AIRFLOW_CTX_DAG_RUN_ID=scheduled__2023-04-15T05:06:00+00:00
[2023-04-15T18:38:10.518+0000] {logging_mixin.py:137} WARNING -   0%|          | 0/2 [00:00<?, ?it/s]
[2023-04-15T18:38:11.914+0000] {logging_mixin.py:137} INFO - [*********************100%***********************]  1 of 1 completed
[2023-04-15T18:38:14.027+0000] {logging_mixin.py:137} WARNING -  50%|#####     | 1/2 [00:03<00:03,  3.50s/it]
[2023-04-15T18:38:14.165+0000] {logging_mixin.py:137} INFO - [*********************100%***********************]  1 of 1 completed
[2023-04-15T18:38:14.166+0000] {logging_mixin.py:137} INFO - 
1 Failed download:
[2023-04-15T18:38:14.167+0000] {logging_mixin.py:137} INFO - - BTC-USD: Exception('Tkr BTC-USD tz already in cache')
