[2023-05-02T20:39:53.033+0000] {taskinstance.py:1090} INFO - Dependencies all met for dep_context=non-requeueable deps ti=<TaskInstance: dag_1min.dump_1m manual__2023-05-02T20:30:05.371508+00:00 [queued]>
[2023-05-02T20:39:53.471+0000] {taskinstance.py:1090} INFO - Dependencies all met for dep_context=requeueable deps ti=<TaskInstance: dag_1min.dump_1m manual__2023-05-02T20:30:05.371508+00:00 [queued]>
[2023-05-02T20:39:53.477+0000] {taskinstance.py:1288} INFO - 
--------------------------------------------------------------------------------
[2023-05-02T20:39:53.481+0000] {taskinstance.py:1289} INFO - Starting attempt 1 of 1
[2023-05-02T20:39:53.484+0000] {taskinstance.py:1290} INFO - 
--------------------------------------------------------------------------------
[2023-05-02T20:39:54.276+0000] {taskinstance.py:1309} INFO - Executing <Task(PythonOperator): dump_1m> on 2023-05-02 20:30:05.371508+00:00
[2023-05-02T20:39:54.565+0000] {standard_task_runner.py:55} INFO - Started process 174 to run task
[2023-05-02T20:39:54.691+0000] {standard_task_runner.py:82} INFO - Running: ['***', 'tasks', 'run', 'dag_1min', 'dump_1m', 'manual__2023-05-02T20:30:05.371508+00:00', '--job-id', '111', '--raw', '--subdir', 'DAGS_FOLDER/dag_1min.py', '--cfg-path', '/tmp/tmp9ft4tnis']
[2023-05-02T20:39:54.743+0000] {standard_task_runner.py:83} INFO - Job 111: Subtask dump_1m
[2023-05-02T20:39:57.418+0000] {task_command.py:389} INFO - Running <TaskInstance: dag_1min.dump_1m manual__2023-05-02T20:30:05.371508+00:00 [running]> on host 4a3bd7cf27f4
[2023-05-02T20:40:11.659+0000] {taskinstance.py:1518} INFO - Exporting the following env vars:
AIRFLOW_CTX_DAG_OWNER=coder2j
AIRFLOW_CTX_DAG_ID=dag_1min
AIRFLOW_CTX_TASK_ID=dump_1m
AIRFLOW_CTX_EXECUTION_DATE=2023-05-02T20:30:05.371508+00:00
AIRFLOW_CTX_TRY_NUMBER=1
AIRFLOW_CTX_DAG_RUN_ID=manual__2023-05-02T20:30:05.371508+00:00
[2023-05-02T20:40:18.049+0000] {logging_mixin.py:137} WARNING -   0%|          | 0/2 [00:00<?, ?it/s]
[2023-05-02T20:40:38.886+0000] {logging_mixin.py:137} INFO - [*********************100%***********************]  1 of 1 completed
[2023-05-02T20:40:48.793+0000] {logging_mixin.py:137} WARNING -  50%|#####     | 1/2 [00:30<00:30, 30.62s/it]
[2023-05-02T20:40:50.029+0000] {logging_mixin.py:137} INFO - [*********************100%***********************]  1 of 1 completed
[2023-05-02T20:40:52.668+0000] {logging_mixin.py:137} WARNING - 100%|##########| 2/2 [00:34<00:00, 14.89s/it]
[2023-05-02T20:40:52.675+0000] {logging_mixin.py:137} WARNING - 100%|##########| 2/2 [00:34<00:00, 17.25s/it]
[2023-05-02T20:40:52.759+0000] {logging_mixin.py:137} INFO - Index(['open', 'high', 'low', 'close', 'adj_close', 'volume', 'timestamp',
       'currency_pair', 'exchangetimezonename', 'timezone'],
      dtype='object')
[2023-05-02T20:40:53.347+0000] {download_yahoo.py:57} INFO - Downloaded data: 
	         open       high        low  ...  currency_pair  exchangetimezonename  timezone
0  17.169100  17.169100  17.169100  ...       AVAX-USD                   UTC       UTC
1  17.162769  17.162769  17.162769  ...       AVAX-USD                   UTC       UTC
2  17.130394  17.130394  17.130394  ...       AVAX-USD                   UTC       UTC
3  17.133001  17.133001  17.133001  ...       AVAX-USD                   UTC       UTC
4  17.133848  17.133848  17.133848  ...       AVAX-USD                   UTC       UTC

[5 rows x 10 columns]
[2023-05-02T20:41:01.221+0000] {python.py:177} INFO - Done. Returned value was: None
[2023-05-02T20:41:01.389+0000] {taskinstance.py:1332} INFO - Marking task as SUCCESS. dag_id=dag_1min, task_id=dump_1m, execution_date=20230502T203005, start_date=20230502T203953, end_date=20230502T204101
[2023-05-02T20:41:01.842+0000] {local_task_job.py:212} INFO - Task exited with return code 0
[2023-05-02T20:41:02.553+0000] {taskinstance.py:2596} INFO - 0 downstream tasks scheduled from follow-on schedule check
