[2023-05-04 13:35:25,368] {taskinstance.py:1035} INFO - Dependencies all met for <TaskInstance: download_historical_postgres.download.historical.postgres.google_trends manual__2023-05-04T13:35:13.811720+00:00 [queued]>
[2023-05-04 13:35:25,376] {taskinstance.py:1035} INFO - Dependencies all met for <TaskInstance: download_historical_postgres.download.historical.postgres.google_trends manual__2023-05-04T13:35:13.811720+00:00 [queued]>
[2023-05-04 13:35:25,377] {taskinstance.py:1241} INFO - 
--------------------------------------------------------------------------------
[2023-05-04 13:35:25,378] {taskinstance.py:1242} INFO - Starting attempt 1 of 1
[2023-05-04 13:35:25,379] {taskinstance.py:1243} INFO - 
--------------------------------------------------------------------------------
[2023-05-04 13:35:25,388] {taskinstance.py:1262} INFO - Executing <Task(BashOperator): download.historical.postgres.google_trends> on 2023-05-04 13:35:13.811720+00:00
[2023-05-04 13:35:25,391] {standard_task_runner.py:52} INFO - Started process 322 to run task
[2023-05-04 13:35:25,395] {standard_task_runner.py:76} INFO - Running: ['***', 'tasks', 'run', 'download_historical_postgres', 'download.historical.postgres.google_trends', 'manual__2023-05-04T13:35:13.811720+00:00', '--job-id', '12', '--raw', '--subdir', 'DAGS_FOLDER/download_historical_postgres_google_trends.py', '--cfg-path', '/tmp/tmpy65y7dz8', '--error-file', '/tmp/tmpppy7pdch']
[2023-05-04 13:35:25,396] {standard_task_runner.py:77} INFO - Job 12: Subtask download.historical.postgres.google_trends
[2023-05-04 13:35:25,437] {logging_mixin.py:109} INFO - Running <TaskInstance: download_historical_postgres.download.historical.postgres.google_trends manual__2023-05-04T13:35:13.811720+00:00 [running]> on host 7d6ed9fdc9c5
[2023-05-04 13:35:25,480] {taskinstance.py:1429} INFO - Exporting the following env vars:
AIRFLOW_CTX_DAG_EMAIL=***@example.com
AIRFLOW_CTX_DAG_OWNER=***
AIRFLOW_CTX_DAG_ID=download_historical_postgres
AIRFLOW_CTX_TASK_ID=download.historical.postgres.google_trends
AIRFLOW_CTX_EXECUTION_DATE=2023-05-04T13:35:13.811720+00:00
AIRFLOW_CTX_DAG_RUN_ID=manual__2023-05-04T13:35:13.811720+00:00
[2023-05-04 13:35:25,482] {subprocess.py:62} INFO - Tmp dir root location: 
 /tmp
[2023-05-04 13:35:25,483] {subprocess.py:74} INFO - Running command: ['bash', '-c', 'sleep 5 && /cmamp/src/download_to_db.py --target_table google_trends_data --use_api True --real_time_data False --topic Desktop']
[2023-05-04 13:35:25,491] {subprocess.py:85} INFO - Output:
[2023-05-04 13:35:31,057] {subprocess.py:89} INFO - !!connection fetched!!
[2023-05-04 13:35:31,059] {subprocess.py:89} INFO - DELETE FROM google_trends_data WHERE topic = 'desktop'
[2023-05-04 13:35:31,060] {subprocess.py:89} INFO - !Done!
[2023-05-04 13:35:31,062] {subprocess.py:89} INFO -      Topic      Time  Frequency
[2023-05-04 13:35:31,063] {subprocess.py:89} INFO - 0  desktop  Jan 2004        100
[2023-05-04 13:35:31,064] {subprocess.py:89} INFO - 1  desktop  Feb 2004         95
[2023-05-04 13:35:31,065] {subprocess.py:89} INFO - 2  desktop  Mar 2004         90
[2023-05-04 13:35:31,066] {subprocess.py:89} INFO - 3  desktop  Apr 2004         81
[2023-05-04 13:35:31,067] {subprocess.py:89} INFO - 4  desktop  May 2004         81
[2023-05-04 13:35:31,108] {subprocess.py:93} INFO - Command exited with return code 0
[2023-05-04 13:35:31,134] {taskinstance.py:1280} INFO - Marking task as SUCCESS. dag_id=download_historical_postgres, task_id=download.historical.postgres.google_trends, execution_date=20230504T133513, start_date=20230504T133525, end_date=20230504T133531
[2023-05-04 13:35:31,186] {local_task_job.py:154} INFO - Task exited with return code 0
[2023-05-04 13:35:31,215] {local_task_job.py:264} INFO - 0 downstream tasks scheduled from follow-on schedule check
