[2023-05-03 01:13:53,574] {taskinstance.py:1035} INFO - Dependencies all met for <TaskInstance: download_historical_postgres.download.historical.postgres.google_trends manual__2023-05-03T01:13:51.563064+00:00 [queued]>
[2023-05-03 01:13:53,583] {taskinstance.py:1035} INFO - Dependencies all met for <TaskInstance: download_historical_postgres.download.historical.postgres.google_trends manual__2023-05-03T01:13:51.563064+00:00 [queued]>
[2023-05-03 01:13:53,584] {taskinstance.py:1241} INFO - 
--------------------------------------------------------------------------------
[2023-05-03 01:13:53,584] {taskinstance.py:1242} INFO - Starting attempt 1 of 1
[2023-05-03 01:13:53,585] {taskinstance.py:1243} INFO - 
--------------------------------------------------------------------------------
[2023-05-03 01:13:53,594] {taskinstance.py:1262} INFO - Executing <Task(BashOperator): download.historical.postgres.google_trends> on 2023-05-03 01:13:51.563064+00:00
[2023-05-03 01:13:53,598] {standard_task_runner.py:52} INFO - Started process 431 to run task
[2023-05-03 01:13:53,601] {standard_task_runner.py:76} INFO - Running: ['***', 'tasks', 'run', 'download_historical_postgres', 'download.historical.postgres.google_trends', 'manual__2023-05-03T01:13:51.563064+00:00', '--job-id', '19', '--raw', '--subdir', 'DAGS_FOLDER/download_historical_postgres_google_trends.py', '--cfg-path', '/tmp/tmpwjh8th_0', '--error-file', '/tmp/tmp8otj0ylh']
[2023-05-03 01:13:53,603] {standard_task_runner.py:77} INFO - Job 19: Subtask download.historical.postgres.google_trends
[2023-05-03 01:13:53,642] {logging_mixin.py:109} INFO - Running <TaskInstance: download_historical_postgres.download.historical.postgres.google_trends manual__2023-05-03T01:13:51.563064+00:00 [running]> on host adc748a128b1
[2023-05-03 01:13:53,684] {taskinstance.py:1429} INFO - Exporting the following env vars:
AIRFLOW_CTX_DAG_EMAIL=***@example.com
AIRFLOW_CTX_DAG_OWNER=***
AIRFLOW_CTX_DAG_ID=download_historical_postgres
AIRFLOW_CTX_TASK_ID=download.historical.postgres.google_trends
AIRFLOW_CTX_EXECUTION_DATE=2023-05-03T01:13:51.563064+00:00
AIRFLOW_CTX_DAG_RUN_ID=manual__2023-05-03T01:13:51.563064+00:00
[2023-05-03 01:13:53,686] {subprocess.py:62} INFO - Tmp dir root location: 
 /tmp
[2023-05-03 01:13:53,687] {subprocess.py:74} INFO - Running command: ['bash', '-c', 'sleep 5 && /cmamp/src/download_to_db.py --source_table google_trends_data --target_table google_trends_predictions --topic washing_machines']
[2023-05-03 01:13:53,694] {subprocess.py:85} INFO - Output:
[2023-05-03 01:13:59,111] {subprocess.py:89} INFO - Running all QA checks:
[2023-05-03 01:13:59,113] {subprocess.py:89} INFO - DenormalizedDatasetCheck: PASSED
[2023-05-03 01:13:59,114] {subprocess.py:89} INFO - RESAMPLING DATA
[2023-05-03 01:13:59,115] {subprocess.py:89} INFO -                 Topic      Time  Frequency
[2023-05-03 01:13:59,116] {subprocess.py:89} INFO - 0    washing machines  Jan 2004      100.0
[2023-05-03 01:13:59,117] {subprocess.py:89} INFO - 1    washing machines  Feb 2004       95.0
[2023-05-03 01:13:59,118] {subprocess.py:89} INFO - 2    washing machines  Mar 2004       87.0
[2023-05-03 01:13:59,118] {subprocess.py:89} INFO - 3    washing machines  Apr 2004       79.0
[2023-05-03 01:13:59,119] {subprocess.py:89} INFO - 4    washing machines  May 2004       82.0
[2023-05-03 01:13:59,120] {subprocess.py:89} INFO - ..                ...       ...        ...
[2023-05-03 01:13:59,121] {subprocess.py:89} INFO - 227  washing machines  Dec 2022       25.0
[2023-05-03 01:13:59,122] {subprocess.py:89} INFO - 228  washing machines  Jan 2023       25.0
[2023-05-03 01:13:59,123] {subprocess.py:89} INFO - 229  washing machines  Feb 2023       24.0
[2023-05-03 01:13:59,124] {subprocess.py:89} INFO - 230  washing machines  Mar 2023       23.0
[2023-05-03 01:13:59,125] {subprocess.py:89} INFO - 231  washing machines  Apr 2023       24.0
[2023-05-03 01:13:59,125] {subprocess.py:89} INFO - 
[2023-05-03 01:13:59,126] {subprocess.py:89} INFO - [232 rows x 3 columns]
[2023-05-03 01:13:59,162] {subprocess.py:93} INFO - Command exited with return code 0
[2023-05-03 01:13:59,185] {taskinstance.py:1280} INFO - Marking task as SUCCESS. dag_id=download_historical_postgres, task_id=download.historical.postgres.google_trends, execution_date=20230503T011351, start_date=20230503T011353, end_date=20230503T011359
[2023-05-03 01:13:59,231] {local_task_job.py:154} INFO - Task exited with return code 0
[2023-05-03 01:13:59,256] {local_task_job.py:264} INFO - 0 downstream tasks scheduled from follow-on schedule check
