[2023-05-03T02:55:13.761+0000] {taskinstance.py:1090} INFO - Dependencies all met for dep_context=non-requeueable deps ti=<TaskInstance: dag_1min.dump_1m scheduled__2023-05-03T02:50:00+00:00 [queued]>
[2023-05-03T02:55:14.072+0000] {taskinstance.py:1090} INFO - Dependencies all met for dep_context=requeueable deps ti=<TaskInstance: dag_1min.dump_1m scheduled__2023-05-03T02:50:00+00:00 [queued]>
[2023-05-03T02:55:14.088+0000] {taskinstance.py:1288} INFO - 
--------------------------------------------------------------------------------
[2023-05-03T02:55:14.095+0000] {taskinstance.py:1289} INFO - Starting attempt 1 of 1
[2023-05-03T02:55:14.104+0000] {taskinstance.py:1290} INFO - 
--------------------------------------------------------------------------------
[2023-05-03T02:55:14.581+0000] {taskinstance.py:1309} INFO - Executing <Task(PythonOperator): dump_1m> on 2023-05-03 02:50:00+00:00
[2023-05-03T02:55:14.632+0000] {standard_task_runner.py:55} INFO - Started process 833 to run task
[2023-05-03T02:55:14.725+0000] {standard_task_runner.py:82} INFO - Running: ['***', 'tasks', 'run', 'dag_1min', 'dump_1m', 'scheduled__2023-05-03T02:50:00+00:00', '--job-id', '183', '--raw', '--subdir', 'DAGS_FOLDER/dag_1min.py', '--cfg-path', '/tmp/tmpltt7l73o']
[2023-05-03T02:55:14.754+0000] {standard_task_runner.py:83} INFO - Job 183: Subtask dump_1m
[2023-05-03T02:55:15.327+0000] {task_command.py:389} INFO - Running <TaskInstance: dag_1min.dump_1m scheduled__2023-05-03T02:50:00+00:00 [running]> on host 5762cea9b149
[2023-05-03T02:55:15.966+0000] {taskinstance.py:1518} INFO - Exporting the following env vars:
AIRFLOW_CTX_DAG_OWNER=coder2j
AIRFLOW_CTX_DAG_ID=dag_1min
AIRFLOW_CTX_TASK_ID=dump_1m
AIRFLOW_CTX_EXECUTION_DATE=2023-05-03T02:50:00+00:00
AIRFLOW_CTX_TRY_NUMBER=1
AIRFLOW_CTX_DAG_RUN_ID=scheduled__2023-05-03T02:50:00+00:00
[2023-05-03T02:55:28.611+0000] {logging_mixin.py:137} WARNING -   0%|          | 0/2 [00:00<?, ?it/s]
[2023-05-03T02:55:47.618+0000] {logging_mixin.py:137} INFO - [*********************100%***********************]  1 of 1 completed
[2023-05-03T02:56:17.020+0000] {logging_mixin.py:137} WARNING -  50%|#####     | 1/2 [00:48<00:48, 48.36s/it]
[2023-05-03T02:56:24.362+0000] {logging_mixin.py:137} INFO - [*********************100%***********************]  1 of 1 completed
[2023-05-03T02:56:32.123+0000] {logging_mixin.py:137} WARNING - 100%|##########| 2/2 [01:03<00:00, 28.80s/it]
[2023-05-03T02:56:32.178+0000] {logging_mixin.py:137} WARNING - 100%|##########| 2/2 [01:03<00:00, 31.77s/it]
[2023-05-03T02:56:32.346+0000] {logging_mixin.py:137} INFO - Index(['open', 'high', 'low', 'close', 'adj_close', 'volume', 'timestamp',
       'currency_pair', 'exchangetimezonename', 'timezone'],
      dtype='object')
[2023-05-03T02:56:33.485+0000] {download_yahoo.py:57} INFO - Downloaded data: 
	         open       high        low  ...  currency_pair  exchangetimezonename  timezone
0  16.726345  16.726345  16.726345  ...       AVAX-USD                   UTC       UTC
1  16.727299  16.727299  16.727299  ...       AVAX-USD                   UTC       UTC
2  16.729343  16.729343  16.729343  ...       AVAX-USD                   UTC       UTC
3  16.728825  16.728825  16.728825  ...       AVAX-USD                   UTC       UTC
4  16.728321  16.728321  16.728321  ...       AVAX-USD                   UTC       UTC

[5 rows x 10 columns]
[2023-05-03T02:56:35.816+0000] {python.py:177} INFO - Done. Returned value was: None
[2023-05-03T02:56:36.108+0000] {taskinstance.py:1332} INFO - Marking task as SUCCESS. dag_id=dag_1min, task_id=dump_1m, execution_date=20230503T025000, start_date=20230503T025513, end_date=20230503T025636
[2023-05-03T02:56:36.622+0000] {local_task_job.py:212} INFO - Task exited with return code 0
[2023-05-03T02:56:37.404+0000] {taskinstance.py:2596} INFO - 0 downstream tasks scheduled from follow-on schedule check
