[2023-05-01T23:49:28.165+0000] {processor.py:153} INFO - Started process (PID=105) to work on /opt/airflow/dags/dag_1min.py
[2023-05-01T23:49:28.185+0000] {processor.py:743} INFO - Processing file /opt/airflow/dags/dag_1min.py for tasks to queue
[2023-05-01T23:49:28.193+0000] {logging_mixin.py:137} INFO - [2023-05-01T23:49:28.192+0000] {dagbag.py:532} INFO - Filling up the DagBag from /opt/airflow/dags/dag_1min.py
[2023-05-01T23:49:48.188+0000] {logging_mixin.py:137} INFO - Done
[2023-05-01T23:49:48.462+0000] {processor.py:753} INFO - DAG(s) dict_keys(['dag_1min']) retrieved from /opt/airflow/dags/dag_1min.py
[2023-05-01T23:49:50.134+0000] {logging_mixin.py:137} INFO - [2023-05-01T23:49:50.128+0000] {dag.py:2705} INFO - Sync 1 DAGs
[2023-05-01T23:49:50.549+0000] {logging_mixin.py:137} INFO - [2023-05-01T23:49:50.547+0000] {dag.py:3456} INFO - Setting next_dagrun for dag_1min to 2023-05-02T06:00:00+00:00, run_after=2023-05-02T06:05:00+00:00
[2023-05-01T23:49:50.997+0000] {processor.py:175} INFO - Processing /opt/airflow/dags/dag_1min.py took 22.877 seconds
[2023-05-01T23:50:29.372+0000] {processor.py:153} INFO - Started process (PID=209) to work on /opt/airflow/dags/dag_1min.py
[2023-05-01T23:50:29.407+0000] {processor.py:743} INFO - Processing file /opt/airflow/dags/dag_1min.py for tasks to queue
[2023-05-01T23:50:29.439+0000] {logging_mixin.py:137} INFO - [2023-05-01T23:50:29.437+0000] {dagbag.py:532} INFO - Filling up the DagBag from /opt/airflow/dags/dag_1min.py
[2023-05-01T23:50:42.342+0000] {logging_mixin.py:137} INFO - Done
[2023-05-01T23:50:42.512+0000] {processor.py:753} INFO - DAG(s) dict_keys(['dag_1min']) retrieved from /opt/airflow/dags/dag_1min.py
[2023-05-01T23:50:42.842+0000] {logging_mixin.py:137} INFO - [2023-05-01T23:50:42.834+0000] {dag.py:2705} INFO - Sync 1 DAGs
[2023-05-01T23:50:43.473+0000] {logging_mixin.py:137} INFO - [2023-05-01T23:50:43.472+0000] {dag.py:3456} INFO - Setting next_dagrun for dag_1min to 2023-05-02T06:00:00+00:00, run_after=2023-05-02T06:05:00+00:00
[2023-05-01T23:50:43.711+0000] {processor.py:175} INFO - Processing /opt/airflow/dags/dag_1min.py took 14.502 seconds
[2023-05-01T23:51:23.573+0000] {processor.py:153} INFO - Started process (PID=310) to work on /opt/airflow/dags/dag_1min.py
[2023-05-01T23:51:23.592+0000] {processor.py:743} INFO - Processing file /opt/airflow/dags/dag_1min.py for tasks to queue
[2023-05-01T23:51:23.603+0000] {logging_mixin.py:137} INFO - [2023-05-01T23:51:23.602+0000] {dagbag.py:532} INFO - Filling up the DagBag from /opt/airflow/dags/dag_1min.py
[2023-05-01T23:51:29.439+0000] {logging_mixin.py:137} INFO - Done
[2023-05-01T23:51:29.662+0000] {processor.py:753} INFO - DAG(s) dict_keys(['dag_1min']) retrieved from /opt/airflow/dags/dag_1min.py
[2023-05-01T23:51:29.783+0000] {logging_mixin.py:137} INFO - [2023-05-01T23:51:29.780+0000] {dag.py:2705} INFO - Sync 1 DAGs
[2023-05-01T23:51:30.009+0000] {logging_mixin.py:137} INFO - [2023-05-01T23:51:30.008+0000] {dag.py:3456} INFO - Setting next_dagrun for dag_1min to 2023-05-02T06:00:00+00:00, run_after=2023-05-02T06:05:00+00:00
[2023-05-01T23:51:30.105+0000] {processor.py:175} INFO - Processing /opt/airflow/dags/dag_1min.py took 6.544 seconds
[2023-05-01T23:52:00.459+0000] {processor.py:153} INFO - Started process (PID=416) to work on /opt/airflow/dags/dag_1min.py
[2023-05-01T23:52:00.463+0000] {processor.py:743} INFO - Processing file /opt/airflow/dags/dag_1min.py for tasks to queue
[2023-05-01T23:52:00.468+0000] {logging_mixin.py:137} INFO - [2023-05-01T23:52:00.467+0000] {dagbag.py:532} INFO - Filling up the DagBag from /opt/airflow/dags/dag_1min.py
[2023-05-01T23:52:05.074+0000] {logging_mixin.py:137} INFO - Done
[2023-05-01T23:52:05.187+0000] {processor.py:753} INFO - DAG(s) dict_keys(['dag_1min']) retrieved from /opt/airflow/dags/dag_1min.py
[2023-05-01T23:52:05.329+0000] {logging_mixin.py:137} INFO - [2023-05-01T23:52:05.325+0000] {dag.py:2705} INFO - Sync 1 DAGs
[2023-05-01T23:52:05.570+0000] {logging_mixin.py:137} INFO - [2023-05-01T23:52:05.568+0000] {dag.py:3456} INFO - Setting next_dagrun for dag_1min to 2023-05-02T06:00:00+00:00, run_after=2023-05-02T06:05:00+00:00
[2023-05-01T23:52:05.708+0000] {processor.py:175} INFO - Processing /opt/airflow/dags/dag_1min.py took 5.262 seconds
[2023-05-01T23:52:37.506+0000] {processor.py:153} INFO - Started process (PID=521) to work on /opt/airflow/dags/dag_1min.py
[2023-05-01T23:52:37.510+0000] {processor.py:743} INFO - Processing file /opt/airflow/dags/dag_1min.py for tasks to queue
[2023-05-01T23:52:37.516+0000] {logging_mixin.py:137} INFO - [2023-05-01T23:52:37.515+0000] {dagbag.py:532} INFO - Filling up the DagBag from /opt/airflow/dags/dag_1min.py
[2023-05-01T23:52:42.593+0000] {logging_mixin.py:137} INFO - Done
[2023-05-01T23:52:42.662+0000] {processor.py:753} INFO - DAG(s) dict_keys(['dag_1min']) retrieved from /opt/airflow/dags/dag_1min.py
[2023-05-01T23:52:42.782+0000] {logging_mixin.py:137} INFO - [2023-05-01T23:52:42.780+0000] {dag.py:2705} INFO - Sync 1 DAGs
[2023-05-01T23:52:43.011+0000] {logging_mixin.py:137} INFO - [2023-05-01T23:52:43.010+0000] {dag.py:3456} INFO - Setting next_dagrun for dag_1min to 2023-05-02T06:00:00+00:00, run_after=2023-05-02T06:05:00+00:00
[2023-05-01T23:52:43.214+0000] {processor.py:175} INFO - Processing /opt/airflow/dags/dag_1min.py took 5.742 seconds
[2023-05-01T23:53:13.571+0000] {processor.py:153} INFO - Started process (PID=625) to work on /opt/airflow/dags/dag_1min.py
[2023-05-01T23:53:13.576+0000] {processor.py:743} INFO - Processing file /opt/airflow/dags/dag_1min.py for tasks to queue
[2023-05-01T23:53:13.579+0000] {logging_mixin.py:137} INFO - [2023-05-01T23:53:13.579+0000] {dagbag.py:532} INFO - Filling up the DagBag from /opt/airflow/dags/dag_1min.py
[2023-05-01T23:53:18.167+0000] {logging_mixin.py:137} INFO - Done
[2023-05-01T23:53:18.235+0000] {processor.py:753} INFO - DAG(s) dict_keys(['dag_1min']) retrieved from /opt/airflow/dags/dag_1min.py
[2023-05-01T23:53:18.387+0000] {logging_mixin.py:137} INFO - [2023-05-01T23:53:18.384+0000] {dag.py:2705} INFO - Sync 1 DAGs
[2023-05-01T23:53:18.733+0000] {logging_mixin.py:137} INFO - [2023-05-01T23:53:18.731+0000] {dag.py:3456} INFO - Setting next_dagrun for dag_1min to 2023-05-02T06:00:00+00:00, run_after=2023-05-02T06:05:00+00:00
[2023-05-01T23:53:19.065+0000] {processor.py:175} INFO - Processing /opt/airflow/dags/dag_1min.py took 5.506 seconds
[2023-05-01T23:53:49.574+0000] {processor.py:153} INFO - Started process (PID=724) to work on /opt/airflow/dags/dag_1min.py
[2023-05-01T23:53:49.584+0000] {processor.py:743} INFO - Processing file /opt/airflow/dags/dag_1min.py for tasks to queue
[2023-05-01T23:53:49.591+0000] {logging_mixin.py:137} INFO - [2023-05-01T23:53:49.590+0000] {dagbag.py:532} INFO - Filling up the DagBag from /opt/airflow/dags/dag_1min.py
[2023-05-01T23:53:56.438+0000] {logging_mixin.py:137} INFO - Done
[2023-05-01T23:53:56.506+0000] {processor.py:753} INFO - DAG(s) dict_keys(['dag_1min']) retrieved from /opt/airflow/dags/dag_1min.py
[2023-05-01T23:53:56.619+0000] {logging_mixin.py:137} INFO - [2023-05-01T23:53:56.616+0000] {dag.py:2705} INFO - Sync 1 DAGs
[2023-05-01T23:53:56.837+0000] {logging_mixin.py:137} INFO - [2023-05-01T23:53:56.836+0000] {dag.py:3456} INFO - Setting next_dagrun for dag_1min to 2023-05-02T06:00:00+00:00, run_after=2023-05-02T06:05:00+00:00
[2023-05-01T23:53:56.937+0000] {processor.py:175} INFO - Processing /opt/airflow/dags/dag_1min.py took 7.392 seconds
[2023-05-01T23:54:29.272+0000] {processor.py:153} INFO - Started process (PID=835) to work on /opt/airflow/dags/dag_1min.py
[2023-05-01T23:54:29.280+0000] {processor.py:743} INFO - Processing file /opt/airflow/dags/dag_1min.py for tasks to queue
[2023-05-01T23:54:29.298+0000] {logging_mixin.py:137} INFO - [2023-05-01T23:54:29.297+0000] {dagbag.py:532} INFO - Filling up the DagBag from /opt/airflow/dags/dag_1min.py
[2023-05-01T23:54:34.362+0000] {logging_mixin.py:137} INFO - Done
[2023-05-01T23:54:34.420+0000] {processor.py:753} INFO - DAG(s) dict_keys(['dag_1min']) retrieved from /opt/airflow/dags/dag_1min.py
[2023-05-01T23:54:34.537+0000] {logging_mixin.py:137} INFO - [2023-05-01T23:54:34.535+0000] {dag.py:2705} INFO - Sync 1 DAGs
[2023-05-01T23:54:34.725+0000] {logging_mixin.py:137} INFO - [2023-05-01T23:54:34.725+0000] {dag.py:3456} INFO - Setting next_dagrun for dag_1min to 2023-05-02T06:00:00+00:00, run_after=2023-05-02T06:05:00+00:00
[2023-05-01T23:54:34.806+0000] {processor.py:175} INFO - Processing /opt/airflow/dags/dag_1min.py took 5.595 seconds
[2023-05-01T23:55:05.260+0000] {processor.py:153} INFO - Started process (PID=941) to work on /opt/airflow/dags/dag_1min.py
[2023-05-01T23:55:05.264+0000] {processor.py:743} INFO - Processing file /opt/airflow/dags/dag_1min.py for tasks to queue
[2023-05-01T23:55:05.272+0000] {logging_mixin.py:137} INFO - [2023-05-01T23:55:05.271+0000] {dagbag.py:532} INFO - Filling up the DagBag from /opt/airflow/dags/dag_1min.py
[2023-05-01T23:55:10.523+0000] {logging_mixin.py:137} INFO - Done
[2023-05-01T23:55:10.605+0000] {processor.py:753} INFO - DAG(s) dict_keys(['dag_1min']) retrieved from /opt/airflow/dags/dag_1min.py
[2023-05-01T23:55:10.748+0000] {logging_mixin.py:137} INFO - [2023-05-01T23:55:10.745+0000] {dag.py:2705} INFO - Sync 1 DAGs
[2023-05-01T23:55:10.932+0000] {logging_mixin.py:137} INFO - [2023-05-01T23:55:10.931+0000] {dag.py:3456} INFO - Setting next_dagrun for dag_1min to 2023-05-02T06:00:00+00:00, run_after=2023-05-02T06:05:00+00:00
[2023-05-01T23:55:11.021+0000] {processor.py:175} INFO - Processing /opt/airflow/dags/dag_1min.py took 5.773 seconds
[2023-05-01T23:55:41.738+0000] {processor.py:153} INFO - Started process (PID=1046) to work on /opt/airflow/dags/dag_1min.py
[2023-05-01T23:55:41.742+0000] {processor.py:743} INFO - Processing file /opt/airflow/dags/dag_1min.py for tasks to queue
[2023-05-01T23:55:41.747+0000] {logging_mixin.py:137} INFO - [2023-05-01T23:55:41.746+0000] {dagbag.py:532} INFO - Filling up the DagBag from /opt/airflow/dags/dag_1min.py
[2023-05-01T23:55:47.559+0000] {logging_mixin.py:137} INFO - Done
[2023-05-01T23:55:47.638+0000] {processor.py:753} INFO - DAG(s) dict_keys(['dag_1min']) retrieved from /opt/airflow/dags/dag_1min.py
[2023-05-01T23:55:47.788+0000] {logging_mixin.py:137} INFO - [2023-05-01T23:55:47.784+0000] {dag.py:2705} INFO - Sync 1 DAGs
[2023-05-01T23:55:48.091+0000] {logging_mixin.py:137} INFO - [2023-05-01T23:55:48.090+0000] {dag.py:3456} INFO - Setting next_dagrun for dag_1min to 2023-05-02T06:00:00+00:00, run_after=2023-05-02T06:05:00+00:00
[2023-05-01T23:55:48.205+0000] {processor.py:175} INFO - Processing /opt/airflow/dags/dag_1min.py took 6.478 seconds
[2023-05-01T23:56:18.514+0000] {processor.py:153} INFO - Started process (PID=1150) to work on /opt/airflow/dags/dag_1min.py
[2023-05-01T23:56:18.520+0000] {processor.py:743} INFO - Processing file /opt/airflow/dags/dag_1min.py for tasks to queue
[2023-05-01T23:56:18.524+0000] {logging_mixin.py:137} INFO - [2023-05-01T23:56:18.523+0000] {dagbag.py:532} INFO - Filling up the DagBag from /opt/airflow/dags/dag_1min.py
[2023-05-01T23:56:24.020+0000] {logging_mixin.py:137} INFO - Done
[2023-05-01T23:56:24.090+0000] {processor.py:753} INFO - DAG(s) dict_keys(['dag_1min']) retrieved from /opt/airflow/dags/dag_1min.py
[2023-05-01T23:56:24.219+0000] {logging_mixin.py:137} INFO - [2023-05-01T23:56:24.216+0000] {dag.py:2705} INFO - Sync 1 DAGs
[2023-05-01T23:56:24.399+0000] {logging_mixin.py:137} INFO - [2023-05-01T23:56:24.398+0000] {dag.py:3456} INFO - Setting next_dagrun for dag_1min to 2023-05-02T06:00:00+00:00, run_after=2023-05-02T06:05:00+00:00
[2023-05-01T23:56:24.482+0000] {processor.py:175} INFO - Processing /opt/airflow/dags/dag_1min.py took 5.979 seconds
[2023-05-01T23:56:54.713+0000] {processor.py:153} INFO - Started process (PID=1258) to work on /opt/airflow/dags/dag_1min.py
[2023-05-01T23:56:54.717+0000] {processor.py:743} INFO - Processing file /opt/airflow/dags/dag_1min.py for tasks to queue
[2023-05-01T23:56:54.723+0000] {logging_mixin.py:137} INFO - [2023-05-01T23:56:54.722+0000] {dagbag.py:532} INFO - Filling up the DagBag from /opt/airflow/dags/dag_1min.py
[2023-05-01T23:56:59.742+0000] {logging_mixin.py:137} INFO - Done
[2023-05-01T23:56:59.853+0000] {processor.py:753} INFO - DAG(s) dict_keys(['dag_1min']) retrieved from /opt/airflow/dags/dag_1min.py
[2023-05-01T23:57:00.000+0000] {logging_mixin.py:137} INFO - [2023-05-01T23:56:59.997+0000] {dag.py:2705} INFO - Sync 1 DAGs
[2023-05-01T23:57:00.244+0000] {logging_mixin.py:137} INFO - [2023-05-01T23:57:00.243+0000] {dag.py:3456} INFO - Setting next_dagrun for dag_1min to 2023-05-02T06:00:00+00:00, run_after=2023-05-02T06:05:00+00:00
[2023-05-01T23:57:00.406+0000] {processor.py:175} INFO - Processing /opt/airflow/dags/dag_1min.py took 5.701 seconds
[2023-05-01T23:57:30.756+0000] {processor.py:153} INFO - Started process (PID=1370) to work on /opt/airflow/dags/dag_1min.py
[2023-05-01T23:57:30.760+0000] {processor.py:743} INFO - Processing file /opt/airflow/dags/dag_1min.py for tasks to queue
[2023-05-01T23:57:30.764+0000] {logging_mixin.py:137} INFO - [2023-05-01T23:57:30.764+0000] {dagbag.py:532} INFO - Filling up the DagBag from /opt/airflow/dags/dag_1min.py
[2023-05-01T23:57:34.153+0000] {logging_mixin.py:137} INFO - Done
[2023-05-01T23:57:34.207+0000] {processor.py:753} INFO - DAG(s) dict_keys(['dag_1min']) retrieved from /opt/airflow/dags/dag_1min.py
[2023-05-01T23:57:34.297+0000] {logging_mixin.py:137} INFO - [2023-05-01T23:57:34.295+0000] {dag.py:2705} INFO - Sync 1 DAGs
[2023-05-01T23:57:34.448+0000] {logging_mixin.py:137} INFO - [2023-05-01T23:57:34.447+0000] {dag.py:3456} INFO - Setting next_dagrun for dag_1min to 2023-05-02T06:00:00+00:00, run_after=2023-05-02T06:05:00+00:00
[2023-05-01T23:57:34.513+0000] {processor.py:175} INFO - Processing /opt/airflow/dags/dag_1min.py took 3.771 seconds
[2023-05-01T23:58:04.790+0000] {processor.py:153} INFO - Started process (PID=1474) to work on /opt/airflow/dags/dag_1min.py
[2023-05-01T23:58:04.793+0000] {processor.py:743} INFO - Processing file /opt/airflow/dags/dag_1min.py for tasks to queue
[2023-05-01T23:58:04.797+0000] {logging_mixin.py:137} INFO - [2023-05-01T23:58:04.796+0000] {dagbag.py:532} INFO - Filling up the DagBag from /opt/airflow/dags/dag_1min.py
[2023-05-01T23:58:08.159+0000] {logging_mixin.py:137} INFO - Done
[2023-05-01T23:58:08.228+0000] {processor.py:753} INFO - DAG(s) dict_keys(['dag_1min']) retrieved from /opt/airflow/dags/dag_1min.py
[2023-05-01T23:58:08.374+0000] {logging_mixin.py:137} INFO - [2023-05-01T23:58:08.369+0000] {dag.py:2705} INFO - Sync 1 DAGs
[2023-05-01T23:58:08.564+0000] {logging_mixin.py:137} INFO - [2023-05-01T23:58:08.563+0000] {dag.py:3456} INFO - Setting next_dagrun for dag_1min to 2023-05-02T06:00:00+00:00, run_after=2023-05-02T06:05:00+00:00
[2023-05-01T23:58:08.639+0000] {processor.py:175} INFO - Processing /opt/airflow/dags/dag_1min.py took 3.859 seconds
[2023-05-01T23:58:43.295+0000] {processor.py:153} INFO - Started process (PID=1565) to work on /opt/airflow/dags/dag_1min.py
[2023-05-01T23:58:43.299+0000] {processor.py:743} INFO - Processing file /opt/airflow/dags/dag_1min.py for tasks to queue
[2023-05-01T23:58:43.303+0000] {logging_mixin.py:137} INFO - [2023-05-01T23:58:43.302+0000] {dagbag.py:532} INFO - Filling up the DagBag from /opt/airflow/dags/dag_1min.py
[2023-05-01T23:58:48.480+0000] {logging_mixin.py:137} INFO - Done
[2023-05-01T23:58:48.539+0000] {processor.py:753} INFO - DAG(s) dict_keys(['dag_1min']) retrieved from /opt/airflow/dags/dag_1min.py
[2023-05-01T23:58:48.644+0000] {logging_mixin.py:137} INFO - [2023-05-01T23:58:48.640+0000] {dag.py:2705} INFO - Sync 1 DAGs
[2023-05-01T23:58:48.809+0000] {logging_mixin.py:137} INFO - [2023-05-01T23:58:48.808+0000] {dag.py:3456} INFO - Setting next_dagrun for dag_1min to 2023-05-02T06:00:00+00:00, run_after=2023-05-02T06:05:00+00:00
[2023-05-01T23:58:48.880+0000] {processor.py:175} INFO - Processing /opt/airflow/dags/dag_1min.py took 5.601 seconds
[2023-05-01T23:59:19.169+0000] {processor.py:153} INFO - Started process (PID=1672) to work on /opt/airflow/dags/dag_1min.py
[2023-05-01T23:59:19.172+0000] {processor.py:743} INFO - Processing file /opt/airflow/dags/dag_1min.py for tasks to queue
[2023-05-01T23:59:19.176+0000] {logging_mixin.py:137} INFO - [2023-05-01T23:59:19.175+0000] {dagbag.py:532} INFO - Filling up the DagBag from /opt/airflow/dags/dag_1min.py
[2023-05-01T23:59:23.073+0000] {logging_mixin.py:137} INFO - Done
[2023-05-01T23:59:23.144+0000] {processor.py:753} INFO - DAG(s) dict_keys(['dag_1min']) retrieved from /opt/airflow/dags/dag_1min.py
[2023-05-01T23:59:23.271+0000] {logging_mixin.py:137} INFO - [2023-05-01T23:59:23.267+0000] {dag.py:2705} INFO - Sync 1 DAGs
[2023-05-01T23:59:23.489+0000] {logging_mixin.py:137} INFO - [2023-05-01T23:59:23.488+0000] {dag.py:3456} INFO - Setting next_dagrun for dag_1min to 2023-05-02T06:00:00+00:00, run_after=2023-05-02T06:05:00+00:00
[2023-05-01T23:59:23.584+0000] {processor.py:175} INFO - Processing /opt/airflow/dags/dag_1min.py took 4.425 seconds
[2023-05-01T23:59:54.170+0000] {processor.py:153} INFO - Started process (PID=1778) to work on /opt/airflow/dags/dag_1min.py
[2023-05-01T23:59:54.174+0000] {processor.py:743} INFO - Processing file /opt/airflow/dags/dag_1min.py for tasks to queue
[2023-05-01T23:59:54.179+0000] {logging_mixin.py:137} INFO - [2023-05-01T23:59:54.178+0000] {dagbag.py:532} INFO - Filling up the DagBag from /opt/airflow/dags/dag_1min.py
[2023-05-01T23:59:58.746+0000] {logging_mixin.py:137} INFO - Done
[2023-05-01T23:59:58.800+0000] {processor.py:753} INFO - DAG(s) dict_keys(['dag_1min']) retrieved from /opt/airflow/dags/dag_1min.py
[2023-05-01T23:59:58.899+0000] {logging_mixin.py:137} INFO - [2023-05-01T23:59:58.897+0000] {dag.py:2705} INFO - Sync 1 DAGs
[2023-05-01T23:59:59.066+0000] {logging_mixin.py:137} INFO - [2023-05-01T23:59:59.065+0000] {dag.py:3456} INFO - Setting next_dagrun for dag_1min to 2023-05-02T06:00:00+00:00, run_after=2023-05-02T06:05:00+00:00
[2023-05-01T23:59:59.167+0000] {processor.py:175} INFO - Processing /opt/airflow/dags/dag_1min.py took 5.008 seconds
