[2023-05-03 01:21:46,217] {taskinstance.py:1035} INFO - Dependencies all met for <TaskInstance: perform_predictions.predict.postgres.google_trends scheduled__2023-05-03T01:18:00+00:00 [queued]>
[2023-05-03 01:21:46,226] {taskinstance.py:1035} INFO - Dependencies all met for <TaskInstance: perform_predictions.predict.postgres.google_trends scheduled__2023-05-03T01:18:00+00:00 [queued]>
[2023-05-03 01:21:46,227] {taskinstance.py:1241} INFO - 
--------------------------------------------------------------------------------
[2023-05-03 01:21:46,228] {taskinstance.py:1242} INFO - Starting attempt 1 of 1
[2023-05-03 01:21:46,228] {taskinstance.py:1243} INFO - 
--------------------------------------------------------------------------------
[2023-05-03 01:21:46,237] {taskinstance.py:1262} INFO - Executing <Task(BashOperator): predict.postgres.google_trends> on 2023-05-03 01:18:00+00:00
[2023-05-03 01:21:46,241] {standard_task_runner.py:52} INFO - Started process 527 to run task
[2023-05-03 01:21:46,244] {standard_task_runner.py:76} INFO - Running: ['***', 'tasks', 'run', 'perform_predictions', 'predict.postgres.google_trends', 'scheduled__2023-05-03T01:18:00+00:00', '--job-id', '21', '--raw', '--subdir', 'DAGS_FOLDER/***_predictions_scheduler.py', '--cfg-path', '/tmp/tmp95i5_olx', '--error-file', '/tmp/tmphsvhlyl1']
[2023-05-03 01:21:46,246] {standard_task_runner.py:77} INFO - Job 21: Subtask predict.postgres.google_trends
[2023-05-03 01:21:46,286] {logging_mixin.py:109} INFO - Running <TaskInstance: perform_predictions.predict.postgres.google_trends scheduled__2023-05-03T01:18:00+00:00 [running]> on host adc748a128b1
[2023-05-03 01:21:46,331] {taskinstance.py:1429} INFO - Exporting the following env vars:
AIRFLOW_CTX_DAG_EMAIL=***@example.com
AIRFLOW_CTX_DAG_OWNER=***
AIRFLOW_CTX_DAG_ID=perform_predictions
AIRFLOW_CTX_TASK_ID=predict.postgres.google_trends
AIRFLOW_CTX_EXECUTION_DATE=2023-05-03T01:18:00+00:00
AIRFLOW_CTX_DAG_RUN_ID=scheduled__2023-05-03T01:18:00+00:00
[2023-05-03 01:21:46,333] {subprocess.py:62} INFO - Tmp dir root location: 
 /tmp
[2023-05-03 01:21:46,334] {subprocess.py:74} INFO - Running command: ['bash', '-c', 'sleep 5 && /cmamp/src/load_validate_transform.py --source_table google_trends_data --target_table google_trends_predictions --topic washing_machines']
[2023-05-03 01:21:46,341] {subprocess.py:85} INFO - Output:
[2023-05-03 01:21:51,753] {subprocess.py:89} INFO - Running all QA checks:
[2023-05-03 01:21:51,755] {subprocess.py:89} INFO - DenormalizedDatasetCheck: PASSED
[2023-05-03 01:21:51,756] {subprocess.py:89} INFO - RESAMPLING DATA
[2023-05-03 01:21:51,758] {subprocess.py:89} INFO -                 Topic      Time  Frequency
[2023-05-03 01:21:51,759] {subprocess.py:89} INFO - 0    washing machines  Jan 2004      100.0
[2023-05-03 01:21:51,760] {subprocess.py:89} INFO - 1    washing machines  Feb 2004       95.0
[2023-05-03 01:21:51,761] {subprocess.py:89} INFO - 2    washing machines  Mar 2004       87.0
[2023-05-03 01:21:51,762] {subprocess.py:89} INFO - 3    washing machines  Apr 2004       79.0
[2023-05-03 01:21:51,763] {subprocess.py:89} INFO - 4    washing machines  May 2004       82.0
[2023-05-03 01:21:51,764] {subprocess.py:89} INFO - ..                ...       ...        ...
[2023-05-03 01:21:51,765] {subprocess.py:89} INFO - 227  washing machines  Dec 2022       25.0
[2023-05-03 01:21:51,766] {subprocess.py:89} INFO - 228  washing machines  Jan 2023       25.0
[2023-05-03 01:21:51,767] {subprocess.py:89} INFO - 229  washing machines  Feb 2023       24.0
[2023-05-03 01:21:51,767] {subprocess.py:89} INFO - 230  washing machines  Mar 2023       23.0
[2023-05-03 01:21:51,768] {subprocess.py:89} INFO - 231  washing machines  Apr 2023       24.0
[2023-05-03 01:21:51,769] {subprocess.py:89} INFO - 
[2023-05-03 01:21:51,769] {subprocess.py:89} INFO - [232 rows x 3 columns]
[2023-05-03 01:21:51,806] {subprocess.py:93} INFO - Command exited with return code 0
[2023-05-03 01:21:51,828] {taskinstance.py:1280} INFO - Marking task as SUCCESS. dag_id=perform_predictions, task_id=predict.postgres.google_trends, execution_date=20230503T011800, start_date=20230503T012146, end_date=20230503T012151
[2023-05-03 01:21:51,872] {local_task_job.py:154} INFO - Task exited with return code 0
[2023-05-03 01:21:51,895] {local_task_job.py:264} INFO - 0 downstream tasks scheduled from follow-on schedule check
