[2023-05-03T06:40:24.621+0000] {taskinstance.py:1090} INFO - Dependencies all met for dep_context=non-requeueable deps ti=<TaskInstance: dag_1min.dump_dask_1m scheduled__2023-05-03T06:35:00+00:00 [queued]>
[2023-05-03T06:40:24.658+0000] {taskinstance.py:1090} INFO - Dependencies all met for dep_context=requeueable deps ti=<TaskInstance: dag_1min.dump_dask_1m scheduled__2023-05-03T06:35:00+00:00 [queued]>
[2023-05-03T06:40:24.660+0000] {taskinstance.py:1288} INFO - 
--------------------------------------------------------------------------------
[2023-05-03T06:40:24.662+0000] {taskinstance.py:1289} INFO - Starting attempt 1 of 1
[2023-05-03T06:40:24.663+0000] {taskinstance.py:1290} INFO - 
--------------------------------------------------------------------------------
[2023-05-03T06:40:24.735+0000] {taskinstance.py:1309} INFO - Executing <Task(PythonOperator): dump_dask_1m> on 2023-05-03 06:35:00+00:00
[2023-05-03T06:40:24.748+0000] {standard_task_runner.py:55} INFO - Started process 1389 to run task
[2023-05-03T06:40:24.758+0000] {standard_task_runner.py:82} INFO - Running: ['***', 'tasks', 'run', 'dag_1min', 'dump_dask_1m', 'scheduled__2023-05-03T06:35:00+00:00', '--job-id', '213', '--raw', '--subdir', 'DAGS_FOLDER/dag_1min.py', '--cfg-path', '/tmp/tmpilb22wf4']
[2023-05-03T06:40:24.761+0000] {standard_task_runner.py:83} INFO - Job 213: Subtask dump_dask_1m
[2023-05-03T06:40:25.016+0000] {task_command.py:389} INFO - Running <TaskInstance: dag_1min.dump_dask_1m scheduled__2023-05-03T06:35:00+00:00 [running]> on host c58811f86e80
[2023-05-03T06:40:25.393+0000] {taskinstance.py:1518} INFO - Exporting the following env vars:
AIRFLOW_CTX_DAG_OWNER=coder2j
AIRFLOW_CTX_DAG_ID=dag_1min
AIRFLOW_CTX_TASK_ID=dump_dask_1m
AIRFLOW_CTX_EXECUTION_DATE=2023-05-03T06:35:00+00:00
AIRFLOW_CTX_TRY_NUMBER=1
AIRFLOW_CTX_DAG_RUN_ID=scheduled__2023-05-03T06:35:00+00:00
[2023-05-03T06:40:26.842+0000] {logging_mixin.py:137} INFO - creating dask dataframe for generating features
[2023-05-03T06:40:27.347+0000] {logging_mixin.py:137} INFO - Done
[2023-05-03T06:40:27.381+0000] {python.py:177} INFO - Done. Returned value was: None
[2023-05-03T06:40:27.429+0000] {taskinstance.py:1332} INFO - Marking task as SUCCESS. dag_id=dag_1min, task_id=dump_dask_1m, execution_date=20230503T063500, start_date=20230503T064024, end_date=20230503T064027
[2023-05-03T06:40:27.548+0000] {local_task_job.py:212} INFO - Task exited with return code 0
[2023-05-03T06:40:27.646+0000] {taskinstance.py:2596} INFO - 0 downstream tasks scheduled from follow-on schedule check
