[2023-05-02T23:40:08.344+0000] {taskinstance.py:1090} INFO - Dependencies all met for dep_context=non-requeueable deps ti=<TaskInstance: dag_1min.dump_1m scheduled__2023-05-02T23:35:00+00:00 [queued]>
[2023-05-02T23:40:08.390+0000] {taskinstance.py:1090} INFO - Dependencies all met for dep_context=requeueable deps ti=<TaskInstance: dag_1min.dump_1m scheduled__2023-05-02T23:35:00+00:00 [queued]>
[2023-05-02T23:40:08.392+0000] {taskinstance.py:1288} INFO - 
--------------------------------------------------------------------------------
[2023-05-02T23:40:08.394+0000] {taskinstance.py:1289} INFO - Starting attempt 1 of 1
[2023-05-02T23:40:08.395+0000] {taskinstance.py:1290} INFO - 
--------------------------------------------------------------------------------
[2023-05-02T23:40:08.467+0000] {taskinstance.py:1309} INFO - Executing <Task(PythonOperator): dump_1m> on 2023-05-02 23:35:00+00:00
[2023-05-02T23:40:08.485+0000] {standard_task_runner.py:55} INFO - Started process 842 to run task
[2023-05-02T23:40:08.495+0000] {standard_task_runner.py:82} INFO - Running: ['***', 'tasks', 'run', 'dag_1min', 'dump_1m', 'scheduled__2023-05-02T23:35:00+00:00', '--job-id', '140', '--raw', '--subdir', 'DAGS_FOLDER/dag_1min.py', '--cfg-path', '/tmp/tmpfpb_3wbq']
[2023-05-02T23:40:08.498+0000] {standard_task_runner.py:83} INFO - Job 140: Subtask dump_1m
[2023-05-02T23:40:08.740+0000] {task_command.py:389} INFO - Running <TaskInstance: dag_1min.dump_1m scheduled__2023-05-02T23:35:00+00:00 [running]> on host 4a3bd7cf27f4
[2023-05-02T23:40:09.687+0000] {taskinstance.py:1518} INFO - Exporting the following env vars:
AIRFLOW_CTX_DAG_OWNER=coder2j
AIRFLOW_CTX_DAG_ID=dag_1min
AIRFLOW_CTX_TASK_ID=dump_1m
AIRFLOW_CTX_EXECUTION_DATE=2023-05-02T23:35:00+00:00
AIRFLOW_CTX_TRY_NUMBER=1
AIRFLOW_CTX_DAG_RUN_ID=scheduled__2023-05-02T23:35:00+00:00
[2023-05-02T23:40:11.467+0000] {logging_mixin.py:137} WARNING -   0%|          | 0/2 [00:00<?, ?it/s]
[2023-05-02T23:40:12.062+0000] {logging_mixin.py:137} INFO - [*********************100%***********************]  1 of 1 completed
[2023-05-02T23:40:13.364+0000] {logging_mixin.py:137} WARNING -  50%|#####     | 1/2 [00:01<00:01,  1.88s/it]
[2023-05-02T23:40:13.814+0000] {logging_mixin.py:137} INFO - [*********************100%***********************]  1 of 1 completed
[2023-05-02T23:40:16.070+0000] {logging_mixin.py:137} WARNING - 100%|##########| 2/2 [00:04<00:00,  2.37s/it]
[2023-05-02T23:40:16.075+0000] {logging_mixin.py:137} WARNING - 100%|##########| 2/2 [00:04<00:00,  2.30s/it]
[2023-05-02T23:40:16.089+0000] {logging_mixin.py:137} INFO - Index(['open', 'high', 'low', 'close', 'adj_close', 'volume', 'timestamp',
       'currency_pair', 'exchangetimezonename', 'timezone'],
      dtype='object')
[2023-05-02T23:40:16.227+0000] {download_yahoo.py:57} INFO - Downloaded data: 
	         open       high        low  ...  currency_pair  exchangetimezonename  timezone
0  16.861979  16.861979  16.861979  ...       AVAX-USD                   UTC       UTC
1  16.862122  16.862122  16.862122  ...       AVAX-USD                   UTC       UTC
2  16.861082  16.861082  16.861082  ...       AVAX-USD                   UTC       UTC
3  16.858921  16.858921  16.858921  ...       AVAX-USD                   UTC       UTC
4  16.860727  16.860727  16.860727  ...       AVAX-USD                   UTC       UTC

[5 rows x 10 columns]
[2023-05-02T23:40:16.467+0000] {python.py:177} INFO - Done. Returned value was: None
[2023-05-02T23:40:16.523+0000] {taskinstance.py:1332} INFO - Marking task as SUCCESS. dag_id=dag_1min, task_id=dump_1m, execution_date=20230502T233500, start_date=20230502T234008, end_date=20230502T234016
[2023-05-02T23:40:16.657+0000] {local_task_job.py:212} INFO - Task exited with return code 0
[2023-05-02T23:40:16.840+0000] {taskinstance.py:2596} INFO - 0 downstream tasks scheduled from follow-on schedule check
