[2023-05-03T05:59:59.332+0000] {taskinstance.py:1090} INFO - Dependencies all met for dep_context=non-requeueable deps ti=<TaskInstance: dag_1min.dump_1m scheduled__2023-05-03T05:50:00+00:00 [queued]>
[2023-05-03T05:59:59.406+0000] {taskinstance.py:1090} INFO - Dependencies all met for dep_context=requeueable deps ti=<TaskInstance: dag_1min.dump_1m scheduled__2023-05-03T05:50:00+00:00 [queued]>
[2023-05-03T05:59:59.409+0000] {taskinstance.py:1288} INFO - 
--------------------------------------------------------------------------------
[2023-05-03T05:59:59.413+0000] {taskinstance.py:1289} INFO - Starting attempt 1 of 1
[2023-05-03T05:59:59.423+0000] {taskinstance.py:1290} INFO - 
--------------------------------------------------------------------------------
[2023-05-03T05:59:59.549+0000] {taskinstance.py:1309} INFO - Executing <Task(PythonOperator): dump_1m> on 2023-05-03 05:50:00+00:00
[2023-05-03T05:59:59.562+0000] {standard_task_runner.py:55} INFO - Started process 206 to run task
[2023-05-03T05:59:59.581+0000] {standard_task_runner.py:82} INFO - Running: ['***', 'tasks', 'run', 'dag_1min', 'dump_1m', 'scheduled__2023-05-03T05:50:00+00:00', '--job-id', '194', '--raw', '--subdir', 'DAGS_FOLDER/dag_1min.py', '--cfg-path', '/tmp/tmpeselcww_']
[2023-05-03T05:59:59.586+0000] {standard_task_runner.py:83} INFO - Job 194: Subtask dump_1m
[2023-05-03T05:59:59.966+0000] {task_command.py:389} INFO - Running <TaskInstance: dag_1min.dump_1m scheduled__2023-05-03T05:50:00+00:00 [running]> on host c58811f86e80
[2023-05-03T06:00:00.499+0000] {taskinstance.py:1518} INFO - Exporting the following env vars:
AIRFLOW_CTX_DAG_OWNER=coder2j
AIRFLOW_CTX_DAG_ID=dag_1min
AIRFLOW_CTX_TASK_ID=dump_1m
AIRFLOW_CTX_EXECUTION_DATE=2023-05-03T05:50:00+00:00
AIRFLOW_CTX_TRY_NUMBER=1
AIRFLOW_CTX_DAG_RUN_ID=scheduled__2023-05-03T05:50:00+00:00
[2023-05-03T06:00:02.153+0000] {logging_mixin.py:137} WARNING -   0%|          | 0/2 [00:00<?, ?it/s]
[2023-05-03T06:00:03.333+0000] {logging_mixin.py:137} INFO - [*********************100%***********************]  1 of 1 completed
[2023-05-03T06:00:05.817+0000] {logging_mixin.py:137} WARNING -  50%|#####     | 1/2 [00:03<00:03,  3.66s/it]
[2023-05-03T06:00:06.702+0000] {logging_mixin.py:137} INFO - [*********************100%***********************]  1 of 1 completed
[2023-05-03T06:00:09.270+0000] {logging_mixin.py:137} WARNING - 100%|##########| 2/2 [00:07<00:00,  3.54s/it]
[2023-05-03T06:00:09.275+0000] {logging_mixin.py:137} WARNING - 100%|##########| 2/2 [00:07<00:00,  3.56s/it]
[2023-05-03T06:00:09.305+0000] {logging_mixin.py:137} INFO - Index(['open', 'high', 'low', 'close', 'adj_close', 'volume', 'timestamp',
       'currency_pair', 'exchangetimezonename', 'timezone'],
      dtype='object')
[2023-05-03T06:00:09.608+0000] {download_yahoo.py:57} INFO - Downloaded data: 
	         open       high        low  ...  currency_pair  exchangetimezonename  timezone
0  16.856569  16.856569  16.856569  ...       AVAX-USD                   UTC       UTC
1  16.854548  16.854548  16.854548  ...       AVAX-USD                   UTC       UTC
2  16.855211  16.855211  16.855211  ...       AVAX-USD                   UTC       UTC
3  16.852097  16.852097  16.852097  ...       AVAX-USD                   UTC       UTC
4  16.846899  16.846899  16.846899  ...       AVAX-USD                   UTC       UTC

[5 rows x 10 columns]
[2023-05-03T06:00:10.440+0000] {python.py:177} INFO - Done. Returned value was: None
[2023-05-03T06:00:10.522+0000] {taskinstance.py:1332} INFO - Marking task as SUCCESS. dag_id=dag_1min, task_id=dump_1m, execution_date=20230503T055000, start_date=20230503T055959, end_date=20230503T060010
[2023-05-03T06:00:10.964+0000] {local_task_job.py:212} INFO - Task exited with return code 0
[2023-05-03T06:00:11.174+0000] {taskinstance.py:2596} INFO - 1 downstream tasks scheduled from follow-on schedule check
