[2023-04-16T00:25:16.444+0000] {taskinstance.py:1090} INFO - Dependencies all met for dep_context=non-requeueable deps ti=<TaskInstance: dag_1min.dump_1m scheduled__2023-04-16T00:20:00+00:00 [queued]>
[2023-04-16T00:25:16.565+0000] {taskinstance.py:1090} INFO - Dependencies all met for dep_context=requeueable deps ti=<TaskInstance: dag_1min.dump_1m scheduled__2023-04-16T00:20:00+00:00 [queued]>
[2023-04-16T00:25:16.572+0000] {taskinstance.py:1288} INFO - 
--------------------------------------------------------------------------------
[2023-04-16T00:25:16.575+0000] {taskinstance.py:1289} INFO - Starting attempt 1 of 1
[2023-04-16T00:25:16.586+0000] {taskinstance.py:1290} INFO - 
--------------------------------------------------------------------------------
[2023-04-16T00:25:16.759+0000] {taskinstance.py:1309} INFO - Executing <Task(PythonOperator): dump_1m> on 2023-04-16 00:20:00+00:00
[2023-04-16T00:25:16.800+0000] {standard_task_runner.py:55} INFO - Started process 2737 to run task
[2023-04-16T00:25:16.860+0000] {standard_task_runner.py:82} INFO - Running: ['***', 'tasks', 'run', 'dag_1min', 'dump_1m', 'scheduled__2023-04-16T00:20:00+00:00', '--job-id', '341', '--raw', '--subdir', 'DAGS_FOLDER/dag_1min.py', '--cfg-path', '/tmp/tmpqfht38dk']
[2023-04-16T00:25:16.864+0000] {standard_task_runner.py:83} INFO - Job 341: Subtask dump_1m
[2023-04-16T00:25:17.450+0000] {task_command.py:389} INFO - Running <TaskInstance: dag_1min.dump_1m scheduled__2023-04-16T00:20:00+00:00 [running]> on host cc609b5f7385
[2023-04-16T00:25:21.428+0000] {taskinstance.py:1518} INFO - Exporting the following env vars:
AIRFLOW_CTX_DAG_OWNER=coder2j
AIRFLOW_CTX_DAG_ID=dag_1min
AIRFLOW_CTX_TASK_ID=dump_1m
AIRFLOW_CTX_EXECUTION_DATE=2023-04-16T00:20:00+00:00
AIRFLOW_CTX_TRY_NUMBER=1
AIRFLOW_CTX_DAG_RUN_ID=scheduled__2023-04-16T00:20:00+00:00
[2023-04-16T00:25:27.989+0000] {logging_mixin.py:137} WARNING -   0%|          | 0/2 [00:00<?, ?it/s]
[2023-04-16T00:25:37.715+0000] {logging_mixin.py:137} INFO - [*********************100%***********************]  1 of 1 completed
[2023-04-16T00:26:08.762+0000] {logging_mixin.py:137} WARNING -  50%|#####     | 1/2 [00:40<00:40, 40.73s/it]
[2023-04-16T00:26:09.608+0000] {logging_mixin.py:137} INFO - [*********************100%***********************]  1 of 1 completed
[2023-04-16T00:26:11.516+0000] {logging_mixin.py:137} WARNING - 100%|##########| 2/2 [00:43<00:00, 18.40s/it]
[2023-04-16T00:26:11.525+0000] {logging_mixin.py:137} WARNING - 100%|##########| 2/2 [00:43<00:00, 21.76s/it]
[2023-04-16T00:26:11.586+0000] {logging_mixin.py:137} INFO - Index(['open', 'high', 'low', 'close', 'adj_close', 'volume', 'timestamp',
       'currency_pair', 'exchangetimezonename', 'timezone'],
      dtype='object')
[2023-04-16T00:26:11.855+0000] {download_yahoo.py:57} INFO - Downloaded data: 
	         open       high        low  ...  currency_pair  exchangetimezonename  timezone
0  19.084560  19.084560  19.084560  ...       AVAX-USD                   UTC       UTC
1  19.086107  19.086107  19.086107  ...       AVAX-USD                   UTC       UTC
2  19.092236  19.092236  19.092236  ...       AVAX-USD                   UTC       UTC
3  19.093784  19.093784  19.093784  ...       AVAX-USD                   UTC       UTC
4  19.094110  19.094110  19.094110  ...       AVAX-USD                   UTC       UTC

[5 rows x 10 columns]
[2023-04-16T00:26:12.749+0000] {python.py:177} INFO - Done. Returned value was: None
[2023-04-16T00:26:12.862+0000] {taskinstance.py:1332} INFO - Marking task as SUCCESS. dag_id=dag_1min, task_id=dump_1m, execution_date=20230416T002000, start_date=20230416T002516, end_date=20230416T002612
[2023-04-16T00:26:13.202+0000] {local_task_job.py:212} INFO - Task exited with return code 0
[2023-04-16T00:26:13.381+0000] {taskinstance.py:2596} INFO - 0 downstream tasks scheduled from follow-on schedule check
