[2023-05-03T06:50:14.556+0000] {taskinstance.py:1090} INFO - Dependencies all met for dep_context=non-requeueable deps ti=<TaskInstance: dag_1min.dump_1m scheduled__2023-05-03T06:45:00+00:00 [queued]>
[2023-05-03T06:50:14.604+0000] {taskinstance.py:1090} INFO - Dependencies all met for dep_context=requeueable deps ti=<TaskInstance: dag_1min.dump_1m scheduled__2023-05-03T06:45:00+00:00 [queued]>
[2023-05-03T06:50:14.607+0000] {taskinstance.py:1288} INFO - 
--------------------------------------------------------------------------------
[2023-05-03T06:50:14.608+0000] {taskinstance.py:1289} INFO - Starting attempt 1 of 1
[2023-05-03T06:50:14.611+0000] {taskinstance.py:1290} INFO - 
--------------------------------------------------------------------------------
[2023-05-03T06:50:14.693+0000] {taskinstance.py:1309} INFO - Executing <Task(PythonOperator): dump_1m> on 2023-05-03 06:45:00+00:00
[2023-05-03T06:50:14.709+0000] {standard_task_runner.py:55} INFO - Started process 1660 to run task
[2023-05-03T06:50:14.729+0000] {standard_task_runner.py:82} INFO - Running: ['***', 'tasks', 'run', 'dag_1min', 'dump_1m', 'scheduled__2023-05-03T06:45:00+00:00', '--job-id', '216', '--raw', '--subdir', 'DAGS_FOLDER/dag_1min.py', '--cfg-path', '/tmp/tmp0zt88bej']
[2023-05-03T06:50:14.732+0000] {standard_task_runner.py:83} INFO - Job 216: Subtask dump_1m
[2023-05-03T06:50:15.010+0000] {task_command.py:389} INFO - Running <TaskInstance: dag_1min.dump_1m scheduled__2023-05-03T06:45:00+00:00 [running]> on host c58811f86e80
[2023-05-03T06:50:15.507+0000] {taskinstance.py:1518} INFO - Exporting the following env vars:
AIRFLOW_CTX_DAG_OWNER=coder2j
AIRFLOW_CTX_DAG_ID=dag_1min
AIRFLOW_CTX_TASK_ID=dump_1m
AIRFLOW_CTX_EXECUTION_DATE=2023-05-03T06:45:00+00:00
AIRFLOW_CTX_TRY_NUMBER=1
AIRFLOW_CTX_DAG_RUN_ID=scheduled__2023-05-03T06:45:00+00:00
[2023-05-03T06:50:17.410+0000] {logging_mixin.py:137} WARNING -   0%|          | 0/2 [00:00<?, ?it/s]
[2023-05-03T06:50:18.077+0000] {logging_mixin.py:137} INFO - [*********************100%***********************]  1 of 1 completed
[2023-05-03T06:50:20.230+0000] {logging_mixin.py:137} WARNING -  50%|#####     | 1/2 [00:02<00:02,  2.81s/it]
[2023-05-03T06:50:20.611+0000] {logging_mixin.py:137} INFO - [*********************100%***********************]  1 of 1 completed
[2023-05-03T06:50:22.018+0000] {logging_mixin.py:137} WARNING - 100%|##########| 2/2 [00:04<00:00,  2.21s/it]
[2023-05-03T06:50:22.023+0000] {logging_mixin.py:137} WARNING - 100%|##########| 2/2 [00:04<00:00,  2.30s/it]
[2023-05-03T06:50:22.042+0000] {logging_mixin.py:137} INFO - Index(['open', 'high', 'low', 'close', 'adj_close', 'volume', 'timestamp',
       'currency_pair', 'exchangetimezonename', 'timezone'],
      dtype='object')
[2023-05-03T06:50:22.175+0000] {download_yahoo.py:57} INFO - Downloaded data: 
	         open       high        low  ...  currency_pair  exchangetimezonename  timezone
0  16.754854  16.754854  16.754854  ...       AVAX-USD                   UTC       UTC
1  16.766335  16.766335  16.766335  ...       AVAX-USD                   UTC       UTC
2  16.766657  16.766657  16.766657  ...       AVAX-USD                   UTC       UTC
3  16.767187  16.767187  16.767187  ...       AVAX-USD                   UTC       UTC
4  16.773684  16.773684  16.773684  ...       AVAX-USD                   UTC       UTC

[5 rows x 10 columns]
[2023-05-03T06:50:22.422+0000] {python.py:177} INFO - Done. Returned value was: None
[2023-05-03T06:50:22.476+0000] {taskinstance.py:1332} INFO - Marking task as SUCCESS. dag_id=dag_1min, task_id=dump_1m, execution_date=20230503T064500, start_date=20230503T065014, end_date=20230503T065022
[2023-05-03T06:50:22.597+0000] {local_task_job.py:212} INFO - Task exited with return code 0
[2023-05-03T06:50:22.729+0000] {taskinstance.py:2596} INFO - 1 downstream tasks scheduled from follow-on schedule check
