[2023-05-03 01:18:44,962] {taskinstance.py:1035} INFO - Dependencies all met for <TaskInstance: download_historical_postgres.download.historical.postgres.google_trends manual__2023-05-03T01:18:43.426013+00:00 [queued]>
[2023-05-03 01:18:44,970] {taskinstance.py:1035} INFO - Dependencies all met for <TaskInstance: download_historical_postgres.download.historical.postgres.google_trends manual__2023-05-03T01:18:43.426013+00:00 [queued]>
[2023-05-03 01:18:44,971] {taskinstance.py:1241} INFO - 
--------------------------------------------------------------------------------
[2023-05-03 01:18:44,972] {taskinstance.py:1242} INFO - Starting attempt 1 of 1
[2023-05-03 01:18:44,973] {taskinstance.py:1243} INFO - 
--------------------------------------------------------------------------------
[2023-05-03 01:18:44,982] {taskinstance.py:1262} INFO - Executing <Task(BashOperator): download.historical.postgres.google_trends> on 2023-05-03 01:18:43.426013+00:00
[2023-05-03 01:18:44,985] {standard_task_runner.py:52} INFO - Started process 487 to run task
[2023-05-03 01:18:44,988] {standard_task_runner.py:76} INFO - Running: ['***', 'tasks', 'run', 'download_historical_postgres', 'download.historical.postgres.google_trends', 'manual__2023-05-03T01:18:43.426013+00:00', '--job-id', '20', '--raw', '--subdir', 'DAGS_FOLDER/download_historical_postgres_google_trends.py', '--cfg-path', '/tmp/tmpghknghnm', '--error-file', '/tmp/tmp06x1bi3m']
[2023-05-03 01:18:44,990] {standard_task_runner.py:77} INFO - Job 20: Subtask download.historical.postgres.google_trends
[2023-05-03 01:18:45,028] {logging_mixin.py:109} INFO - Running <TaskInstance: download_historical_postgres.download.historical.postgres.google_trends manual__2023-05-03T01:18:43.426013+00:00 [running]> on host adc748a128b1
[2023-05-03 01:18:45,070] {taskinstance.py:1429} INFO - Exporting the following env vars:
AIRFLOW_CTX_DAG_EMAIL=***@example.com
AIRFLOW_CTX_DAG_OWNER=***
AIRFLOW_CTX_DAG_ID=download_historical_postgres
AIRFLOW_CTX_TASK_ID=download.historical.postgres.google_trends
AIRFLOW_CTX_EXECUTION_DATE=2023-05-03T01:18:43.426013+00:00
AIRFLOW_CTX_DAG_RUN_ID=manual__2023-05-03T01:18:43.426013+00:00
[2023-05-03 01:18:45,072] {subprocess.py:62} INFO - Tmp dir root location: 
 /tmp
[2023-05-03 01:18:45,073] {subprocess.py:74} INFO - Running command: ['bash', '-c', 'sleep 5 && /cmamp/src/load_validate_transform.py --source_table google_trends_data --target_table google_trends_predictions --topic washing_machines']
[2023-05-03 01:18:45,080] {subprocess.py:85} INFO - Output:
[2023-05-03 01:18:50,524] {subprocess.py:89} INFO - Running all QA checks:
[2023-05-03 01:18:50,526] {subprocess.py:89} INFO - DenormalizedDatasetCheck: PASSED
[2023-05-03 01:18:50,527] {subprocess.py:89} INFO - RESAMPLING DATA
[2023-05-03 01:18:50,528] {subprocess.py:89} INFO -                 Topic      Time  Frequency
[2023-05-03 01:18:50,529] {subprocess.py:89} INFO - 0    washing machines  Jan 2004      100.0
[2023-05-03 01:18:50,530] {subprocess.py:89} INFO - 1    washing machines  Feb 2004       95.0
[2023-05-03 01:18:50,531] {subprocess.py:89} INFO - 2    washing machines  Mar 2004       87.0
[2023-05-03 01:18:50,532] {subprocess.py:89} INFO - 3    washing machines  Apr 2004       79.0
[2023-05-03 01:18:50,533] {subprocess.py:89} INFO - 4    washing machines  May 2004       82.0
[2023-05-03 01:18:50,533] {subprocess.py:89} INFO - ..                ...       ...        ...
[2023-05-03 01:18:50,534] {subprocess.py:89} INFO - 227  washing machines  Dec 2022       25.0
[2023-05-03 01:18:50,535] {subprocess.py:89} INFO - 228  washing machines  Jan 2023       25.0
[2023-05-03 01:18:50,536] {subprocess.py:89} INFO - 229  washing machines  Feb 2023       24.0
[2023-05-03 01:18:50,537] {subprocess.py:89} INFO - 230  washing machines  Mar 2023       23.0
[2023-05-03 01:18:50,537] {subprocess.py:89} INFO - 231  washing machines  Apr 2023       24.0
[2023-05-03 01:18:50,538] {subprocess.py:89} INFO - 
[2023-05-03 01:18:50,539] {subprocess.py:89} INFO - [232 rows x 3 columns]
[2023-05-03 01:18:50,581] {subprocess.py:93} INFO - Command exited with return code 0
[2023-05-03 01:18:50,609] {taskinstance.py:1280} INFO - Marking task as SUCCESS. dag_id=download_historical_postgres, task_id=download.historical.postgres.google_trends, execution_date=20230503T011843, start_date=20230503T011844, end_date=20230503T011850
[2023-05-03 01:18:50,658] {local_task_job.py:154} INFO - Task exited with return code 0
[2023-05-03 01:18:50,683] {local_task_job.py:264} INFO - 0 downstream tasks scheduled from follow-on schedule check
