[2023-05-02T23:25:17.557+0000] {taskinstance.py:1090} INFO - Dependencies all met for dep_context=non-requeueable deps ti=<TaskInstance: dag_1min.dump_1m scheduled__2023-05-02T23:20:00+00:00 [queued]>
[2023-05-02T23:25:17.741+0000] {taskinstance.py:1090} INFO - Dependencies all met for dep_context=requeueable deps ti=<TaskInstance: dag_1min.dump_1m scheduled__2023-05-02T23:20:00+00:00 [queued]>
[2023-05-02T23:25:17.749+0000] {taskinstance.py:1288} INFO - 
--------------------------------------------------------------------------------
[2023-05-02T23:25:17.755+0000] {taskinstance.py:1289} INFO - Starting attempt 1 of 1
[2023-05-02T23:25:17.763+0000] {taskinstance.py:1290} INFO - 
--------------------------------------------------------------------------------
[2023-05-02T23:25:18.203+0000] {taskinstance.py:1309} INFO - Executing <Task(PythonOperator): dump_1m> on 2023-05-02 23:20:00+00:00
[2023-05-02T23:25:18.242+0000] {standard_task_runner.py:55} INFO - Started process 464 to run task
[2023-05-02T23:25:18.314+0000] {standard_task_runner.py:82} INFO - Running: ['***', 'tasks', 'run', 'dag_1min', 'dump_1m', 'scheduled__2023-05-02T23:20:00+00:00', '--job-id', '137', '--raw', '--subdir', 'DAGS_FOLDER/dag_1min.py', '--cfg-path', '/tmp/tmpjqmh2b9i']
[2023-05-02T23:25:18.328+0000] {standard_task_runner.py:83} INFO - Job 137: Subtask dump_1m
[2023-05-02T23:25:19.015+0000] {task_command.py:389} INFO - Running <TaskInstance: dag_1min.dump_1m scheduled__2023-05-02T23:20:00+00:00 [running]> on host 4a3bd7cf27f4
[2023-05-02T23:25:21.780+0000] {taskinstance.py:1518} INFO - Exporting the following env vars:
AIRFLOW_CTX_DAG_OWNER=coder2j
AIRFLOW_CTX_DAG_ID=dag_1min
AIRFLOW_CTX_TASK_ID=dump_1m
AIRFLOW_CTX_EXECUTION_DATE=2023-05-02T23:20:00+00:00
AIRFLOW_CTX_TRY_NUMBER=1
AIRFLOW_CTX_DAG_RUN_ID=scheduled__2023-05-02T23:20:00+00:00
[2023-05-02T23:25:25.514+0000] {logging_mixin.py:137} WARNING -   0%|          | 0/2 [00:00<?, ?it/s]
[2023-05-02T23:25:26.822+0000] {logging_mixin.py:137} INFO - [*********************100%***********************]  1 of 1 completed
[2023-05-02T23:25:28.531+0000] {logging_mixin.py:137} WARNING -  50%|#####     | 1/2 [00:02<00:02,  3.00s/it]
[2023-05-02T23:25:28.970+0000] {logging_mixin.py:137} INFO - [*********************100%***********************]  1 of 1 completed
[2023-05-02T23:25:30.401+0000] {logging_mixin.py:137} WARNING - 100%|##########| 2/2 [00:04<00:00,  2.34s/it]
[2023-05-02T23:25:30.406+0000] {logging_mixin.py:137} WARNING - 100%|##########| 2/2 [00:04<00:00,  2.44s/it]
[2023-05-02T23:25:30.423+0000] {logging_mixin.py:137} INFO - Index(['open', 'high', 'low', 'close', 'adj_close', 'volume', 'timestamp',
       'currency_pair', 'exchangetimezonename', 'timezone'],
      dtype='object')
[2023-05-02T23:25:30.578+0000] {download_yahoo.py:57} INFO - Downloaded data: 
	         open       high        low  ...  currency_pair  exchangetimezonename  timezone
0  16.885550  16.885550  16.885550  ...       AVAX-USD                   UTC       UTC
1  16.885164  16.885164  16.885164  ...       AVAX-USD                   UTC       UTC
2  16.878880  16.878880  16.878880  ...       AVAX-USD                   UTC       UTC
3  16.877018  16.877018  16.877018  ...       AVAX-USD                   UTC       UTC
4  16.875845  16.875845  16.875845  ...       AVAX-USD                   UTC       UTC

[5 rows x 10 columns]
[2023-05-02T23:25:31.141+0000] {python.py:177} INFO - Done. Returned value was: None
[2023-05-02T23:25:31.283+0000] {taskinstance.py:1332} INFO - Marking task as SUCCESS. dag_id=dag_1min, task_id=dump_1m, execution_date=20230502T232000, start_date=20230502T232517, end_date=20230502T232531
[2023-05-02T23:25:31.750+0000] {local_task_job.py:212} INFO - Task exited with return code 0
[2023-05-02T23:25:31.949+0000] {taskinstance.py:2596} INFO - 0 downstream tasks scheduled from follow-on schedule check
