[2023-05-03T01:24:00.817+0000] {taskinstance.py:1090} INFO - Dependencies all met for dep_context=non-requeueable deps ti=<TaskInstance: dag_1min.dump_1m scheduled__2023-05-03T00:55:00+00:00 [queued]>
[2023-05-03T01:24:01.110+0000] {taskinstance.py:1090} INFO - Dependencies all met for dep_context=requeueable deps ti=<TaskInstance: dag_1min.dump_1m scheduled__2023-05-03T00:55:00+00:00 [queued]>
[2023-05-03T01:24:01.121+0000] {taskinstance.py:1288} INFO - 
--------------------------------------------------------------------------------
[2023-05-03T01:24:01.132+0000] {taskinstance.py:1289} INFO - Starting attempt 1 of 1
[2023-05-03T01:24:01.142+0000] {taskinstance.py:1290} INFO - 
--------------------------------------------------------------------------------
[2023-05-03T01:24:02.408+0000] {taskinstance.py:1309} INFO - Executing <Task(PythonOperator): dump_1m> on 2023-05-03 00:55:00+00:00
[2023-05-03T01:24:02.601+0000] {standard_task_runner.py:55} INFO - Started process 235 to run task
[2023-05-03T01:24:02.813+0000] {standard_task_runner.py:82} INFO - Running: ['***', 'tasks', 'run', 'dag_1min', 'dump_1m', 'scheduled__2023-05-03T00:55:00+00:00', '--job-id', '158', '--raw', '--subdir', 'DAGS_FOLDER/dag_1min.py', '--cfg-path', '/tmp/tmp0htmub1_']
[2023-05-03T01:24:02.958+0000] {standard_task_runner.py:83} INFO - Job 158: Subtask dump_1m
[2023-05-03T01:24:08.491+0000] {task_command.py:389} INFO - Running <TaskInstance: dag_1min.dump_1m scheduled__2023-05-03T00:55:00+00:00 [running]> on host 4a3bd7cf27f4
[2023-05-03T01:24:17.879+0000] {taskinstance.py:1518} INFO - Exporting the following env vars:
AIRFLOW_CTX_DAG_OWNER=coder2j
AIRFLOW_CTX_DAG_ID=dag_1min
AIRFLOW_CTX_TASK_ID=dump_1m
AIRFLOW_CTX_EXECUTION_DATE=2023-05-03T00:55:00+00:00
AIRFLOW_CTX_TRY_NUMBER=1
AIRFLOW_CTX_DAG_RUN_ID=scheduled__2023-05-03T00:55:00+00:00
[2023-05-03T01:24:22.673+0000] {logging_mixin.py:137} WARNING -   0%|          | 0/2 [00:00<?, ?it/s]
[2023-05-03T01:24:28.596+0000] {local_task_job.py:212} INFO - Task exited with return code Negsignal.SIGKILL
[2023-05-03T01:24:29.158+0000] {taskinstance.py:2596} INFO - 0 downstream tasks scheduled from follow-on schedule check
