[2023-04-15T18:38:00.427+0000] {taskinstance.py:1090} INFO - Dependencies all met for dep_context=non-requeueable deps ti=<TaskInstance: dag_with_python_dependencies_v03.get_sklearn scheduled__2023-04-15T05:00:00+00:00 [queued]>
[2023-04-15T18:38:05.719+0000] {taskinstance.py:1090} INFO - Dependencies all met for dep_context=requeueable deps ti=<TaskInstance: dag_with_python_dependencies_v03.get_sklearn scheduled__2023-04-15T05:00:00+00:00 [queued]>
[2023-04-15T18:38:05.937+0000] {taskinstance.py:1288} INFO - 
--------------------------------------------------------------------------------
[2023-04-15T18:38:05.997+0000] {taskinstance.py:1289} INFO - Starting attempt 1 of 1
[2023-04-15T18:38:06.038+0000] {taskinstance.py:1290} INFO - 
--------------------------------------------------------------------------------
[2023-04-15T18:38:07.325+0000] {taskinstance.py:1309} INFO - Executing <Task(PythonOperator): get_sklearn> on 2023-04-15 05:00:00+00:00
[2023-04-15T18:38:07.368+0000] {standard_task_runner.py:55} INFO - Started process 104 to run task
[2023-04-15T18:38:07.514+0000] {standard_task_runner.py:82} INFO - Running: ['***', 'tasks', 'run', 'dag_with_python_dependencies_v03', 'get_sklearn', 'scheduled__2023-04-15T05:00:00+00:00', '--job-id', '304', '--raw', '--subdir', 'DAGS_FOLDER/dag_with_python_dependencies.py', '--cfg-path', '/tmp/tmpzio1pfkv']
[2023-04-15T18:38:07.560+0000] {standard_task_runner.py:83} INFO - Job 304: Subtask get_sklearn
[2023-04-15T18:38:09.938+0000] {task_command.py:389} INFO - Running <TaskInstance: dag_with_python_dependencies_v03.get_sklearn scheduled__2023-04-15T05:00:00+00:00 [running]> on host 1cd84fe4259f
[2023-04-15T18:38:11.243+0000] {taskinstance.py:1518} INFO - Exporting the following env vars:
AIRFLOW_CTX_DAG_OWNER=coder2j
AIRFLOW_CTX_DAG_ID=dag_with_python_dependencies_v03
AIRFLOW_CTX_TASK_ID=get_sklearn
AIRFLOW_CTX_EXECUTION_DATE=2023-04-15T05:00:00+00:00
AIRFLOW_CTX_TRY_NUMBER=1
AIRFLOW_CTX_DAG_RUN_ID=scheduled__2023-04-15T05:00:00+00:00
[2023-04-15T18:38:11.440+0000] {logging_mixin.py:137} WARNING -   0%|          | 0/2 [00:00<?, ?it/s]
[2023-04-15T18:38:13.287+0000] {logging_mixin.py:137} INFO - [*********************100%***********************]  1 of 1 completed
[2023-04-15T18:38:14.365+0000] {logging_mixin.py:137} WARNING -  50%|#####     | 1/2 [00:02<00:02,  2.92s/it]
[2023-04-15T18:38:14.701+0000] {logging_mixin.py:137} INFO - [*********************100%***********************]  1 of 1 completed
