[2023-04-29 23:38:03,640] {taskinstance.py:1035} INFO - Dependencies all met for <TaskInstance: tutorial.sleep scheduled__2023-04-29T23:36:00+00:00 [queued]>
[2023-04-29 23:38:03,647] {taskinstance.py:1035} INFO - Dependencies all met for <TaskInstance: tutorial.sleep scheduled__2023-04-29T23:36:00+00:00 [queued]>
[2023-04-29 23:38:03,648] {taskinstance.py:1241} INFO - 
--------------------------------------------------------------------------------
[2023-04-29 23:38:03,650] {taskinstance.py:1242} INFO - Starting attempt 1 of 4
[2023-04-29 23:38:03,651] {taskinstance.py:1243} INFO - 
--------------------------------------------------------------------------------
[2023-04-29 23:38:03,659] {taskinstance.py:1262} INFO - Executing <Task(BashOperator): sleep> on 2023-04-29 23:36:00+00:00
[2023-04-29 23:38:03,662] {standard_task_runner.py:52} INFO - Started process 259 to run task
[2023-04-29 23:38:03,665] {standard_task_runner.py:76} INFO - Running: ['***', 'tasks', 'run', 'tutorial', 'sleep', 'scheduled__2023-04-29T23:36:00+00:00', '--job-id', '18', '--raw', '--subdir', 'DAGS_FOLDER/***_tutorial.py', '--cfg-path', '/tmp/tmpwhhrxhds', '--error-file', '/tmp/tmpbidx_8ld']
[2023-04-29 23:38:03,667] {standard_task_runner.py:77} INFO - Job 18: Subtask sleep
[2023-04-29 23:38:03,704] {logging_mixin.py:109} INFO - Running <TaskInstance: tutorial.sleep scheduled__2023-04-29T23:36:00+00:00 [running]> on host 4fd1971d5f6c
[2023-04-29 23:38:03,745] {taskinstance.py:1429} INFO - Exporting the following env vars:
AIRFLOW_CTX_DAG_EMAIL=***@example.com
AIRFLOW_CTX_DAG_OWNER=***
AIRFLOW_CTX_DAG_ID=tutorial
AIRFLOW_CTX_TASK_ID=sleep
AIRFLOW_CTX_EXECUTION_DATE=2023-04-29T23:36:00+00:00
AIRFLOW_CTX_DAG_RUN_ID=scheduled__2023-04-29T23:36:00+00:00
[2023-04-29 23:38:03,746] {subprocess.py:62} INFO - Tmp dir root location: 
 /tmp
[2023-04-29 23:38:03,748] {subprocess.py:74} INFO - Running command: ['bash', '-c', 'sleep 5']
[2023-04-29 23:38:03,754] {subprocess.py:85} INFO - Output:
[2023-04-29 23:38:08,759] {subprocess.py:93} INFO - Command exited with return code 0
[2023-04-29 23:38:08,783] {taskinstance.py:1280} INFO - Marking task as SUCCESS. dag_id=tutorial, task_id=sleep, execution_date=20230429T233600, start_date=20230429T233803, end_date=20230429T233808
[2023-04-29 23:38:08,814] {local_task_job.py:154} INFO - Task exited with return code 0
[2023-04-29 23:38:08,840] {local_task_job.py:264} INFO - 0 downstream tasks scheduled from follow-on schedule check
