[2023-05-04 13:28:00,196] {taskinstance.py:1035} INFO - Dependencies all met for <TaskInstance: download_historical_postgres.download.historical.postgres.google_trends manual__2023-05-04T13:27:49.879670+00:00 [queued]>
[2023-05-04 13:28:00,208] {taskinstance.py:1035} INFO - Dependencies all met for <TaskInstance: download_historical_postgres.download.historical.postgres.google_trends manual__2023-05-04T13:27:49.879670+00:00 [queued]>
[2023-05-04 13:28:00,210] {taskinstance.py:1241} INFO - 
--------------------------------------------------------------------------------
[2023-05-04 13:28:00,211] {taskinstance.py:1242} INFO - Starting attempt 1 of 1
[2023-05-04 13:28:00,213] {taskinstance.py:1243} INFO - 
--------------------------------------------------------------------------------
[2023-05-04 13:28:00,227] {taskinstance.py:1262} INFO - Executing <Task(BashOperator): download.historical.postgres.google_trends> on 2023-05-04 13:27:49.879670+00:00
[2023-05-04 13:28:00,232] {standard_task_runner.py:52} INFO - Started process 163 to run task
[2023-05-04 13:28:00,236] {standard_task_runner.py:76} INFO - Running: ['***', 'tasks', 'run', 'download_historical_postgres', 'download.historical.postgres.google_trends', 'manual__2023-05-04T13:27:49.879670+00:00', '--job-id', '5', '--raw', '--subdir', 'DAGS_FOLDER/download_historical_postgres_google_trends.py', '--cfg-path', '/tmp/tmps8q2sky2', '--error-file', '/tmp/tmp7u0vxb0r']
[2023-05-04 13:28:00,238] {standard_task_runner.py:77} INFO - Job 5: Subtask download.historical.postgres.google_trends
[2023-05-04 13:28:00,284] {logging_mixin.py:109} INFO - Running <TaskInstance: download_historical_postgres.download.historical.postgres.google_trends manual__2023-05-04T13:27:49.879670+00:00 [running]> on host 7d6ed9fdc9c5
[2023-05-04 13:28:00,332] {taskinstance.py:1429} INFO - Exporting the following env vars:
AIRFLOW_CTX_DAG_EMAIL=***@example.com
AIRFLOW_CTX_DAG_OWNER=***
AIRFLOW_CTX_DAG_ID=download_historical_postgres
AIRFLOW_CTX_TASK_ID=download.historical.postgres.google_trends
AIRFLOW_CTX_EXECUTION_DATE=2023-05-04T13:27:49.879670+00:00
AIRFLOW_CTX_DAG_RUN_ID=manual__2023-05-04T13:27:49.879670+00:00
[2023-05-04 13:28:00,334] {subprocess.py:62} INFO - Tmp dir root location: 
 /tmp
[2023-05-04 13:28:00,335] {subprocess.py:74} INFO - Running command: ['bash', '-c', 'sleep 5 && /cmamp/src/download_to_db.py --target_table google_trends_data --use_api True --real_time_data False --topic Air_Conditioner']
[2023-05-04 13:28:00,343] {subprocess.py:85} INFO - Output:
[2023-05-04 13:28:05,844] {subprocess.py:89} INFO - !!connection fetched!!
[2023-05-04 13:28:05,846] {subprocess.py:89} INFO - DELETE FROM google_trends_data WHERE topic = 'air conditioner'
[2023-05-04 13:28:05,847] {subprocess.py:89} INFO - !Done!
[2023-05-04 13:28:05,848] {subprocess.py:89} INFO -              Topic      Time  Frequency
[2023-05-04 13:28:05,850] {subprocess.py:89} INFO - 0  air conditioner  Jan 2004         11
[2023-05-04 13:28:05,851] {subprocess.py:89} INFO - 1  air conditioner  Feb 2004         11
[2023-05-04 13:28:05,852] {subprocess.py:89} INFO - 2  air conditioner  Mar 2004         18
[2023-05-04 13:28:05,853] {subprocess.py:89} INFO - 3  air conditioner  Apr 2004         32
[2023-05-04 13:28:05,854] {subprocess.py:89} INFO - 4  air conditioner  May 2004         54
[2023-05-04 13:28:05,897] {subprocess.py:93} INFO - Command exited with return code 0
[2023-05-04 13:28:05,922] {taskinstance.py:1280} INFO - Marking task as SUCCESS. dag_id=download_historical_postgres, task_id=download.historical.postgres.google_trends, execution_date=20230504T132749, start_date=20230504T132800, end_date=20230504T132805
[2023-05-04 13:28:05,984] {local_task_job.py:154} INFO - Task exited with return code 0
[2023-05-04 13:28:06,008] {local_task_job.py:264} INFO - 0 downstream tasks scheduled from follow-on schedule check
