[2023-05-02T23:20:10.430+0000] {taskinstance.py:1090} INFO - Dependencies all met for dep_context=non-requeueable deps ti=<TaskInstance: dag_1min.dump_1m scheduled__2023-05-02T23:15:00+00:00 [queued]>
[2023-05-02T23:20:10.556+0000] {taskinstance.py:1090} INFO - Dependencies all met for dep_context=requeueable deps ti=<TaskInstance: dag_1min.dump_1m scheduled__2023-05-02T23:15:00+00:00 [queued]>
[2023-05-02T23:20:10.563+0000] {taskinstance.py:1288} INFO - 
--------------------------------------------------------------------------------
[2023-05-02T23:20:10.567+0000] {taskinstance.py:1289} INFO - Starting attempt 1 of 1
[2023-05-02T23:20:10.571+0000] {taskinstance.py:1290} INFO - 
--------------------------------------------------------------------------------
[2023-05-02T23:20:10.748+0000] {taskinstance.py:1309} INFO - Executing <Task(PythonOperator): dump_1m> on 2023-05-02 23:15:00+00:00
[2023-05-02T23:20:10.789+0000] {standard_task_runner.py:55} INFO - Started process 329 to run task
[2023-05-02T23:20:10.817+0000] {standard_task_runner.py:82} INFO - Running: ['***', 'tasks', 'run', 'dag_1min', 'dump_1m', 'scheduled__2023-05-02T23:15:00+00:00', '--job-id', '136', '--raw', '--subdir', 'DAGS_FOLDER/dag_1min.py', '--cfg-path', '/tmp/tmpt2t_902_']
[2023-05-02T23:20:10.821+0000] {standard_task_runner.py:83} INFO - Job 136: Subtask dump_1m
[2023-05-02T23:20:11.348+0000] {task_command.py:389} INFO - Running <TaskInstance: dag_1min.dump_1m scheduled__2023-05-02T23:15:00+00:00 [running]> on host 4a3bd7cf27f4
[2023-05-02T23:20:12.985+0000] {taskinstance.py:1518} INFO - Exporting the following env vars:
AIRFLOW_CTX_DAG_OWNER=coder2j
AIRFLOW_CTX_DAG_ID=dag_1min
AIRFLOW_CTX_TASK_ID=dump_1m
AIRFLOW_CTX_EXECUTION_DATE=2023-05-02T23:15:00+00:00
AIRFLOW_CTX_TRY_NUMBER=1
AIRFLOW_CTX_DAG_RUN_ID=scheduled__2023-05-02T23:15:00+00:00
[2023-05-02T23:20:14.907+0000] {logging_mixin.py:137} WARNING -   0%|          | 0/2 [00:00<?, ?it/s]
[2023-05-02T23:20:15.549+0000] {logging_mixin.py:137} INFO - [*********************100%***********************]  1 of 1 completed
[2023-05-02T23:20:17.286+0000] {logging_mixin.py:137} WARNING -  50%|#####     | 1/2 [00:02<00:02,  2.37s/it]
[2023-05-02T23:20:17.791+0000] {logging_mixin.py:137} INFO - [*********************100%***********************]  1 of 1 completed
[2023-05-02T23:20:20.431+0000] {logging_mixin.py:137} WARNING - 100%|##########| 2/2 [00:05<00:00,  2.83s/it]
[2023-05-02T23:20:20.437+0000] {logging_mixin.py:137} WARNING - 100%|##########| 2/2 [00:05<00:00,  2.76s/it]
[2023-05-02T23:20:20.455+0000] {logging_mixin.py:137} INFO - Index(['open', 'high', 'low', 'close', 'adj_close', 'volume', 'timestamp',
       'currency_pair', 'exchangetimezonename', 'timezone'],
      dtype='object')
[2023-05-02T23:20:20.600+0000] {download_yahoo.py:57} INFO - Downloaded data: 
	         open       high        low  ...  currency_pair  exchangetimezonename  timezone
0  16.878426  16.878426  16.878426  ...       AVAX-USD                   UTC       UTC
1  16.884851  16.884851  16.884851  ...       AVAX-USD                   UTC       UTC
2  16.883995  16.883995  16.883995  ...       AVAX-USD                   UTC       UTC
3  16.884012  16.884012  16.884012  ...       AVAX-USD                   UTC       UTC
4  16.888184  16.888184  16.888184  ...       AVAX-USD                   UTC       UTC

[5 rows x 10 columns]
[2023-05-02T23:20:21.187+0000] {python.py:177} INFO - Done. Returned value was: None
[2023-05-02T23:20:21.336+0000] {taskinstance.py:1332} INFO - Marking task as SUCCESS. dag_id=dag_1min, task_id=dump_1m, execution_date=20230502T231500, start_date=20230502T232010, end_date=20230502T232021
[2023-05-02T23:20:21.673+0000] {local_task_job.py:212} INFO - Task exited with return code 0
[2023-05-02T23:20:21.853+0000] {taskinstance.py:2596} INFO - 0 downstream tasks scheduled from follow-on schedule check
