[2023-04-15T18:37:22.448+0000] {taskinstance.py:1090} INFO - Dependencies all met for dep_context=non-requeueable deps ti=<TaskInstance: dag_with_python_dependencies_v03.get_sklearn scheduled__2023-04-15T04:50:00+00:00 [queued]>
[2023-04-15T18:37:22.641+0000] {taskinstance.py:1090} INFO - Dependencies all met for dep_context=requeueable deps ti=<TaskInstance: dag_with_python_dependencies_v03.get_sklearn scheduled__2023-04-15T04:50:00+00:00 [queued]>
[2023-04-15T18:37:22.650+0000] {taskinstance.py:1288} INFO - 
--------------------------------------------------------------------------------
[2023-04-15T18:37:22.656+0000] {taskinstance.py:1289} INFO - Starting attempt 1 of 1
[2023-04-15T18:37:22.670+0000] {taskinstance.py:1290} INFO - 
--------------------------------------------------------------------------------
[2023-04-15T18:37:23.024+0000] {taskinstance.py:1309} INFO - Executing <Task(PythonOperator): get_sklearn> on 2023-04-15 04:50:00+00:00
[2023-04-15T18:37:23.234+0000] {standard_task_runner.py:55} INFO - Started process 87 to run task
[2023-04-15T18:37:23.312+0000] {standard_task_runner.py:82} INFO - Running: ['***', 'tasks', 'run', 'dag_with_python_dependencies_v03', 'get_sklearn', 'scheduled__2023-04-15T04:50:00+00:00', '--job-id', '290', '--raw', '--subdir', 'DAGS_FOLDER/dag_with_python_dependencies.py', '--cfg-path', '/tmp/tmpfd3ealz0']
[2023-04-15T18:37:23.314+0000] {standard_task_runner.py:83} INFO - Job 290: Subtask get_sklearn
[2023-04-15T18:37:38.513+0000] {task_command.py:389} INFO - Running <TaskInstance: dag_with_python_dependencies_v03.get_sklearn scheduled__2023-04-15T04:50:00+00:00 [running]> on host 1cd84fe4259f
[2023-04-15T18:37:42.491+0000] {taskinstance.py:1518} INFO - Exporting the following env vars:
AIRFLOW_CTX_DAG_OWNER=coder2j
AIRFLOW_CTX_DAG_ID=dag_with_python_dependencies_v03
AIRFLOW_CTX_TASK_ID=get_sklearn
AIRFLOW_CTX_EXECUTION_DATE=2023-04-15T04:50:00+00:00
AIRFLOW_CTX_TRY_NUMBER=1
AIRFLOW_CTX_DAG_RUN_ID=scheduled__2023-04-15T04:50:00+00:00
[2023-04-15T18:37:44.501+0000] {local_task_job.py:212} INFO - Task exited with return code Negsignal.SIGKILL
[2023-04-15T18:38:00.500+0000] {taskinstance.py:2596} INFO - 0 downstream tasks scheduled from follow-on schedule check
