[2023-05-03T06:30:09.949+0000] {taskinstance.py:1090} INFO - Dependencies all met for dep_context=non-requeueable deps ti=<TaskInstance: dag_1min.dump_1m scheduled__2023-05-03T06:25:00+00:00 [queued]>
[2023-05-03T06:30:09.994+0000] {taskinstance.py:1090} INFO - Dependencies all met for dep_context=requeueable deps ti=<TaskInstance: dag_1min.dump_1m scheduled__2023-05-03T06:25:00+00:00 [queued]>
[2023-05-03T06:30:09.996+0000] {taskinstance.py:1288} INFO - 
--------------------------------------------------------------------------------
[2023-05-03T06:30:09.998+0000] {taskinstance.py:1289} INFO - Starting attempt 1 of 1
[2023-05-03T06:30:10.001+0000] {taskinstance.py:1290} INFO - 
--------------------------------------------------------------------------------
[2023-05-03T06:30:10.151+0000] {taskinstance.py:1309} INFO - Executing <Task(PythonOperator): dump_1m> on 2023-05-03 06:25:00+00:00
[2023-05-03T06:30:10.164+0000] {standard_task_runner.py:55} INFO - Started process 1084 to run task
[2023-05-03T06:30:10.175+0000] {standard_task_runner.py:82} INFO - Running: ['***', 'tasks', 'run', 'dag_1min', 'dump_1m', 'scheduled__2023-05-03T06:25:00+00:00', '--job-id', '208', '--raw', '--subdir', 'DAGS_FOLDER/dag_1min.py', '--cfg-path', '/tmp/tmp0wjuypyp']
[2023-05-03T06:30:10.178+0000] {standard_task_runner.py:83} INFO - Job 208: Subtask dump_1m
[2023-05-03T06:30:10.404+0000] {task_command.py:389} INFO - Running <TaskInstance: dag_1min.dump_1m scheduled__2023-05-03T06:25:00+00:00 [running]> on host c58811f86e80
[2023-05-03T06:30:10.750+0000] {taskinstance.py:1518} INFO - Exporting the following env vars:
AIRFLOW_CTX_DAG_OWNER=coder2j
AIRFLOW_CTX_DAG_ID=dag_1min
AIRFLOW_CTX_TASK_ID=dump_1m
AIRFLOW_CTX_EXECUTION_DATE=2023-05-03T06:25:00+00:00
AIRFLOW_CTX_TRY_NUMBER=1
AIRFLOW_CTX_DAG_RUN_ID=scheduled__2023-05-03T06:25:00+00:00
[2023-05-03T06:30:11.880+0000] {logging_mixin.py:137} WARNING -   0%|          | 0/2 [00:00<?, ?it/s]
[2023-05-03T06:30:12.386+0000] {logging_mixin.py:137} INFO - [*********************100%***********************]  1 of 1 completed
[2023-05-03T06:30:13.583+0000] {logging_mixin.py:137} WARNING -  50%|#####     | 1/2 [00:01<00:01,  1.70s/it]
[2023-05-03T06:30:13.861+0000] {logging_mixin.py:137} INFO - [*********************100%***********************]  1 of 1 completed
[2023-05-03T06:30:14.968+0000] {logging_mixin.py:137} WARNING - 100%|##########| 2/2 [00:03<00:00,  1.51s/it]
[2023-05-03T06:30:14.973+0000] {logging_mixin.py:137} WARNING - 100%|##########| 2/2 [00:03<00:00,  1.54s/it]
[2023-05-03T06:30:14.989+0000] {logging_mixin.py:137} INFO - Index(['open', 'high', 'low', 'close', 'adj_close', 'volume', 'timestamp',
       'currency_pair', 'exchangetimezonename', 'timezone'],
      dtype='object')
[2023-05-03T06:30:15.082+0000] {download_yahoo.py:57} INFO - Downloaded data: 
	         open       high        low  ...  currency_pair  exchangetimezonename  timezone
0  16.717655  16.717655  16.717655  ...       AVAX-USD                   UTC       UTC
1  16.717148  16.717148  16.717148  ...       AVAX-USD                   UTC       UTC
2  16.716547  16.716547  16.716547  ...       AVAX-USD                   UTC       UTC
3  16.717978  16.717978  16.717978  ...       AVAX-USD                   UTC       UTC
4  16.717289  16.717289  16.717289  ...       AVAX-USD                   UTC       UTC

[5 rows x 10 columns]
[2023-05-03T06:30:15.272+0000] {python.py:177} INFO - Done. Returned value was: None
[2023-05-03T06:30:15.315+0000] {taskinstance.py:1332} INFO - Marking task as SUCCESS. dag_id=dag_1min, task_id=dump_1m, execution_date=20230503T062500, start_date=20230503T063009, end_date=20230503T063015
[2023-05-03T06:30:15.436+0000] {local_task_job.py:212} INFO - Task exited with return code 0
[2023-05-03T06:30:15.525+0000] {taskinstance.py:2596} INFO - 1 downstream tasks scheduled from follow-on schedule check
