[2023-04-14T04:44:54.607+0000] {taskinstance.py:1090} INFO - Dependencies all met for dep_context=non-requeueable deps ti=<TaskInstance: dag_with_python_dependencies_v03.get_sklearn scheduled__2021-10-21T00:00:00+00:00 [queued]>
[2023-04-14T04:44:54.759+0000] {taskinstance.py:1090} INFO - Dependencies all met for dep_context=requeueable deps ti=<TaskInstance: dag_with_python_dependencies_v03.get_sklearn scheduled__2021-10-21T00:00:00+00:00 [queued]>
[2023-04-14T04:44:54.763+0000] {taskinstance.py:1288} INFO - 
--------------------------------------------------------------------------------
[2023-04-14T04:44:54.768+0000] {taskinstance.py:1289} INFO - Starting attempt 1 of 1
[2023-04-14T04:44:54.770+0000] {taskinstance.py:1290} INFO - 
--------------------------------------------------------------------------------
[2023-04-14T04:44:55.242+0000] {taskinstance.py:1309} INFO - Executing <Task(PythonOperator): get_sklearn> on 2021-10-21 00:00:00+00:00
[2023-04-14T04:44:55.405+0000] {standard_task_runner.py:55} INFO - Started process 96 to run task
[2023-04-14T04:44:55.650+0000] {standard_task_runner.py:82} INFO - Running: ['***', 'tasks', 'run', 'dag_with_python_dependencies_v03', 'get_sklearn', 'scheduled__2021-10-21T00:00:00+00:00', '--job-id', '13', '--raw', '--subdir', 'DAGS_FOLDER/dag_with_python_dependencies.py', '--cfg-path', '/tmp/tmpyziv9ho6']
[2023-04-14T04:44:55.924+0000] {standard_task_runner.py:83} INFO - Job 13: Subtask get_sklearn
[2023-04-14T04:44:58.161+0000] {task_command.py:389} INFO - Running <TaskInstance: dag_with_python_dependencies_v03.get_sklearn scheduled__2021-10-21T00:00:00+00:00 [running]> on host 815358ea1401
[2023-04-14T04:45:10.803+0000] {taskinstance.py:1518} INFO - Exporting the following env vars:
AIRFLOW_CTX_DAG_OWNER=coder2j
AIRFLOW_CTX_DAG_ID=dag_with_python_dependencies_v03
AIRFLOW_CTX_TASK_ID=get_sklearn
AIRFLOW_CTX_EXECUTION_DATE=2021-10-21T00:00:00+00:00
AIRFLOW_CTX_TRY_NUMBER=1
AIRFLOW_CTX_DAG_RUN_ID=scheduled__2021-10-21T00:00:00+00:00
[2023-04-14T04:45:38.009+0000] {local_task_job.py:212} INFO - Task exited with return code Negsignal.SIGKILL
[2023-04-14T04:45:39.690+0000] {taskinstance.py:2596} INFO - 0 downstream tasks scheduled from follow-on schedule check
