[2023-05-04 13:29:51,975] {taskinstance.py:1035} INFO - Dependencies all met for <TaskInstance: download_historical_postgres.download.historical.postgres.google_trends manual__2023-05-04T13:29:28.984098+00:00 [queued]>
[2023-05-04 13:29:51,984] {taskinstance.py:1035} INFO - Dependencies all met for <TaskInstance: download_historical_postgres.download.historical.postgres.google_trends manual__2023-05-04T13:29:28.984098+00:00 [queued]>
[2023-05-04 13:29:51,985] {taskinstance.py:1241} INFO - 
--------------------------------------------------------------------------------
[2023-05-04 13:29:51,986] {taskinstance.py:1242} INFO - Starting attempt 1 of 1
[2023-05-04 13:29:51,986] {taskinstance.py:1243} INFO - 
--------------------------------------------------------------------------------
[2023-05-04 13:29:51,995] {taskinstance.py:1262} INFO - Executing <Task(BashOperator): download.historical.postgres.google_trends> on 2023-05-04 13:29:28.984098+00:00
[2023-05-04 13:29:51,998] {standard_task_runner.py:52} INFO - Started process 208 to run task
[2023-05-04 13:29:52,002] {standard_task_runner.py:76} INFO - Running: ['***', 'tasks', 'run', 'download_historical_postgres', 'download.historical.postgres.google_trends', 'manual__2023-05-04T13:29:28.984098+00:00', '--job-id', '7', '--raw', '--subdir', 'DAGS_FOLDER/download_historical_postgres_google_trends.py', '--cfg-path', '/tmp/tmppb_cck6e', '--error-file', '/tmp/tmpoqvakefs']
[2023-05-04 13:29:52,004] {standard_task_runner.py:77} INFO - Job 7: Subtask download.historical.postgres.google_trends
[2023-05-04 13:29:52,044] {logging_mixin.py:109} INFO - Running <TaskInstance: download_historical_postgres.download.historical.postgres.google_trends manual__2023-05-04T13:29:28.984098+00:00 [running]> on host 7d6ed9fdc9c5
[2023-05-04 13:29:52,093] {taskinstance.py:1429} INFO - Exporting the following env vars:
AIRFLOW_CTX_DAG_EMAIL=***@example.com
AIRFLOW_CTX_DAG_OWNER=***
AIRFLOW_CTX_DAG_ID=download_historical_postgres
AIRFLOW_CTX_TASK_ID=download.historical.postgres.google_trends
AIRFLOW_CTX_EXECUTION_DATE=2023-05-04T13:29:28.984098+00:00
AIRFLOW_CTX_DAG_RUN_ID=manual__2023-05-04T13:29:28.984098+00:00
[2023-05-04 13:29:52,095] {subprocess.py:62} INFO - Tmp dir root location: 
 /tmp
[2023-05-04 13:29:52,096] {subprocess.py:74} INFO - Running command: ['bash', '-c', 'sleep 5 && /cmamp/src/download_to_db.py --target_table google_trends_data --use_api True --real_time_data False --topic DSLR']
[2023-05-04 13:29:52,105] {subprocess.py:85} INFO - Output:
[2023-05-04 13:29:57,715] {subprocess.py:89} INFO - !!connection fetched!!
[2023-05-04 13:29:57,717] {subprocess.py:89} INFO - DELETE FROM google_trends_data WHERE topic = 'dslr'
[2023-05-04 13:29:57,718] {subprocess.py:89} INFO - !Done!
[2023-05-04 13:29:57,719] {subprocess.py:89} INFO -   Topic      Time  Frequency
[2023-05-04 13:29:57,720] {subprocess.py:89} INFO - 0  dslr  Jan 2004          7
[2023-05-04 13:29:57,722] {subprocess.py:89} INFO - 1  dslr  Feb 2004         10
[2023-05-04 13:29:57,723] {subprocess.py:89} INFO - 2  dslr  Mar 2004          6
[2023-05-04 13:29:57,724] {subprocess.py:89} INFO - 3  dslr  Apr 2004          6
[2023-05-04 13:29:57,725] {subprocess.py:89} INFO - 4  dslr  May 2004          7
[2023-05-04 13:29:57,766] {subprocess.py:93} INFO - Command exited with return code 0
[2023-05-04 13:29:57,792] {taskinstance.py:1280} INFO - Marking task as SUCCESS. dag_id=download_historical_postgres, task_id=download.historical.postgres.google_trends, execution_date=20230504T132928, start_date=20230504T132951, end_date=20230504T132957
[2023-05-04 13:29:57,821] {local_task_job.py:154} INFO - Task exited with return code 0
[2023-05-04 13:29:57,844] {local_task_job.py:264} INFO - 0 downstream tasks scheduled from follow-on schedule check
