[2023-05-03T01:21:51.493+0000] {taskinstance.py:1090} INFO - Dependencies all met for dep_context=non-requeueable deps ti=<TaskInstance: dag_1min.dump_1m scheduled__2023-05-03T00:45:00+00:00 [queued]>
[2023-05-03T01:21:56.392+0000] {taskinstance.py:1090} INFO - Dependencies all met for dep_context=requeueable deps ti=<TaskInstance: dag_1min.dump_1m scheduled__2023-05-03T00:45:00+00:00 [queued]>
[2023-05-03T01:21:56.583+0000] {taskinstance.py:1288} INFO - 
--------------------------------------------------------------------------------
[2023-05-03T01:21:56.596+0000] {taskinstance.py:1289} INFO - Starting attempt 1 of 1
[2023-05-03T01:21:56.645+0000] {taskinstance.py:1290} INFO - 
--------------------------------------------------------------------------------
[2023-05-03T01:22:07.757+0000] {taskinstance.py:1309} INFO - Executing <Task(PythonOperator): dump_1m> on 2023-05-03 00:45:00+00:00
[2023-05-03T01:22:09.131+0000] {standard_task_runner.py:55} INFO - Started process 186 to run task
[2023-05-03T01:22:12.237+0000] {standard_task_runner.py:82} INFO - Running: ['***', 'tasks', 'run', 'dag_1min', 'dump_1m', 'scheduled__2023-05-03T00:45:00+00:00', '--job-id', '156', '--raw', '--subdir', 'DAGS_FOLDER/dag_1min.py', '--cfg-path', '/tmp/tmpwpwzbyaw']
[2023-05-03T01:22:13.181+0000] {standard_task_runner.py:83} INFO - Job 156: Subtask dump_1m
[2023-05-03T01:23:22.578+0000] {task_command.py:389} INFO - Running <TaskInstance: dag_1min.dump_1m scheduled__2023-05-03T00:45:00+00:00 [running]> on host 4a3bd7cf27f4
[2023-05-03T01:23:36.666+0000] {taskinstance.py:1518} INFO - Exporting the following env vars:
AIRFLOW_CTX_DAG_OWNER=coder2j
AIRFLOW_CTX_DAG_ID=dag_1min
AIRFLOW_CTX_TASK_ID=dump_1m
AIRFLOW_CTX_EXECUTION_DATE=2023-05-03T00:45:00+00:00
AIRFLOW_CTX_TRY_NUMBER=1
AIRFLOW_CTX_DAG_RUN_ID=scheduled__2023-05-03T00:45:00+00:00
[2023-05-03T01:23:43.252+0000] {local_task_job.py:212} INFO - Task exited with return code Negsignal.SIGKILL
[2023-05-03T01:23:46.036+0000] {taskinstance.py:2596} INFO - 0 downstream tasks scheduled from follow-on schedule check
