[2023-04-29 23:36:01,435] {taskinstance.py:1035} INFO - Dependencies all met for <TaskInstance: tutorial.print_date scheduled__2023-04-29T23:34:00+00:00 [queued]>
[2023-04-29 23:36:01,442] {taskinstance.py:1035} INFO - Dependencies all met for <TaskInstance: tutorial.print_date scheduled__2023-04-29T23:34:00+00:00 [queued]>
[2023-04-29 23:36:01,443] {taskinstance.py:1241} INFO - 
--------------------------------------------------------------------------------
[2023-04-29 23:36:01,444] {taskinstance.py:1242} INFO - Starting attempt 1 of 2
[2023-04-29 23:36:01,445] {taskinstance.py:1243} INFO - 
--------------------------------------------------------------------------------
[2023-04-29 23:36:01,454] {taskinstance.py:1262} INFO - Executing <Task(BashOperator): print_date> on 2023-04-29 23:34:00+00:00
[2023-04-29 23:36:01,457] {standard_task_runner.py:52} INFO - Started process 227 to run task
[2023-04-29 23:36:01,460] {standard_task_runner.py:76} INFO - Running: ['***', 'tasks', 'run', 'tutorial', 'print_date', 'scheduled__2023-04-29T23:34:00+00:00', '--job-id', '14', '--raw', '--subdir', 'DAGS_FOLDER/***_tutorial.py', '--cfg-path', '/tmp/tmpjm70wgz3', '--error-file', '/tmp/tmpwwxxivyh']
[2023-04-29 23:36:01,462] {standard_task_runner.py:77} INFO - Job 14: Subtask print_date
[2023-04-29 23:36:01,504] {logging_mixin.py:109} INFO - Running <TaskInstance: tutorial.print_date scheduled__2023-04-29T23:34:00+00:00 [running]> on host 4fd1971d5f6c
[2023-04-29 23:36:01,554] {taskinstance.py:1429} INFO - Exporting the following env vars:
AIRFLOW_CTX_DAG_EMAIL=***@example.com
AIRFLOW_CTX_DAG_OWNER=***
AIRFLOW_CTX_DAG_ID=tutorial
AIRFLOW_CTX_TASK_ID=print_date
AIRFLOW_CTX_EXECUTION_DATE=2023-04-29T23:34:00+00:00
AIRFLOW_CTX_DAG_RUN_ID=scheduled__2023-04-29T23:34:00+00:00
[2023-04-29 23:36:01,556] {subprocess.py:62} INFO - Tmp dir root location: 
 /tmp
[2023-04-29 23:36:01,558] {subprocess.py:74} INFO - Running command: ['bash', '-c', 'date']
[2023-04-29 23:36:01,565] {subprocess.py:85} INFO - Output:
[2023-04-29 23:36:01,568] {subprocess.py:89} INFO - Sat Apr 29 23:36:01 UTC 2023
[2023-04-29 23:36:01,569] {subprocess.py:93} INFO - Command exited with return code 0
[2023-04-29 23:36:01,590] {taskinstance.py:1280} INFO - Marking task as SUCCESS. dag_id=tutorial, task_id=print_date, execution_date=20230429T233400, start_date=20230429T233601, end_date=20230429T233601
[2023-04-29 23:36:01,633] {local_task_job.py:154} INFO - Task exited with return code 0
[2023-04-29 23:36:01,666] {local_task_job.py:264} INFO - 2 downstream tasks scheduled from follow-on schedule check
