[2023-05-01 17:51:17,007] {taskinstance.py:1035} INFO - Dependencies all met for <TaskInstance: download_historical_postgres.download.historical.postgres.google_trends scheduled__2023-05-01T03:00:00+00:00 [queued]>
[2023-05-01 17:51:17,016] {taskinstance.py:1035} INFO - Dependencies all met for <TaskInstance: download_historical_postgres.download.historical.postgres.google_trends scheduled__2023-05-01T03:00:00+00:00 [queued]>
[2023-05-01 17:51:17,017] {taskinstance.py:1241} INFO - 
--------------------------------------------------------------------------------
[2023-05-01 17:51:17,018] {taskinstance.py:1242} INFO - Starting attempt 1 of 1
[2023-05-01 17:51:17,019] {taskinstance.py:1243} INFO - 
--------------------------------------------------------------------------------
[2023-05-01 17:51:17,027] {taskinstance.py:1262} INFO - Executing <Task(BashOperator): download.historical.postgres.google_trends> on 2023-05-01 03:00:00+00:00
[2023-05-01 17:51:17,030] {standard_task_runner.py:52} INFO - Started process 55 to run task
[2023-05-01 17:51:17,034] {standard_task_runner.py:76} INFO - Running: ['***', 'tasks', 'run', 'download_historical_postgres', 'download.historical.postgres.google_trends', 'scheduled__2023-05-01T03:00:00+00:00', '--job-id', '33', '--raw', '--subdir', 'DAGS_FOLDER/download_historical_postgres_google_trends.py', '--cfg-path', '/tmp/tmp0h0vxqdx', '--error-file', '/tmp/tmpz29de825']
[2023-05-01 17:51:17,035] {standard_task_runner.py:77} INFO - Job 33: Subtask download.historical.postgres.google_trends
[2023-05-01 17:51:17,077] {logging_mixin.py:109} INFO - Running <TaskInstance: download_historical_postgres.download.historical.postgres.google_trends scheduled__2023-05-01T03:00:00+00:00 [running]> on host a509f10d64ee
[2023-05-01 17:51:17,124] {taskinstance.py:1429} INFO - Exporting the following env vars:
AIRFLOW_CTX_DAG_EMAIL=***@example.com
AIRFLOW_CTX_DAG_OWNER=***
AIRFLOW_CTX_DAG_ID=download_historical_postgres
AIRFLOW_CTX_TASK_ID=download.historical.postgres.google_trends
AIRFLOW_CTX_EXECUTION_DATE=2023-05-01T03:00:00+00:00
AIRFLOW_CTX_DAG_RUN_ID=scheduled__2023-05-01T03:00:00+00:00
[2023-05-01 17:51:17,126] {subprocess.py:62} INFO - Tmp dir root location: 
 /tmp
[2023-05-01 17:51:17,127] {subprocess.py:74} INFO - Running command: ['bash', '-c', 'sleep 5 && /cmamp/src/download_to_db.py --target_table google_trends_data --use_api True --real_time_data False']
[2023-05-01 17:51:17,135] {subprocess.py:85} INFO - Output:
[2023-05-01 17:51:28,327] {subprocess.py:89} INFO - !!connection fetched!!
[2023-05-01 17:51:28,329] {subprocess.py:89} INFO - !Done!
[2023-05-01 17:51:28,330] {subprocess.py:89} INFO -               Topic      Time  Frequency
[2023-05-01 17:51:28,331] {subprocess.py:89} INFO - 0  washing machines  Jan 2004        100
[2023-05-01 17:51:28,333] {subprocess.py:89} INFO - 1  washing machines  Feb 2004         93
[2023-05-01 17:51:28,334] {subprocess.py:89} INFO - 2  washing machines  Mar 2004         81
[2023-05-01 17:51:28,335] {subprocess.py:89} INFO - 3  washing machines  Apr 2004         76
[2023-05-01 17:51:28,336] {subprocess.py:89} INFO - 4  washing machines  May 2004         81
[2023-05-01 17:51:28,388] {subprocess.py:93} INFO - Command exited with return code 0
[2023-05-01 17:51:28,419] {taskinstance.py:1280} INFO - Marking task as SUCCESS. dag_id=download_historical_postgres, task_id=download.historical.postgres.google_trends, execution_date=20230501T030000, start_date=20230501T175117, end_date=20230501T175128
[2023-05-01 17:51:28,471] {local_task_job.py:154} INFO - Task exited with return code 0
[2023-05-01 17:51:28,495] {local_task_job.py:264} INFO - 0 downstream tasks scheduled from follow-on schedule check
