[2023-04-15T23:45:12.377+0000] {taskinstance.py:1090} INFO - Dependencies all met for dep_context=non-requeueable deps ti=<TaskInstance: dag_1min.dump_1m scheduled__2023-04-15T23:40:00+00:00 [queued]>
[2023-04-15T23:45:12.488+0000] {taskinstance.py:1090} INFO - Dependencies all met for dep_context=requeueable deps ti=<TaskInstance: dag_1min.dump_1m scheduled__2023-04-15T23:40:00+00:00 [queued]>
[2023-04-15T23:45:12.525+0000] {taskinstance.py:1288} INFO - 
--------------------------------------------------------------------------------
[2023-04-15T23:45:12.528+0000] {taskinstance.py:1289} INFO - Starting attempt 1 of 1
[2023-04-15T23:45:12.532+0000] {taskinstance.py:1290} INFO - 
--------------------------------------------------------------------------------
[2023-04-15T23:45:12.704+0000] {taskinstance.py:1309} INFO - Executing <Task(PythonOperator): dump_1m> on 2023-04-15 23:40:00+00:00
[2023-04-15T23:45:12.760+0000] {standard_task_runner.py:55} INFO - Started process 1710 to run task
[2023-04-15T23:45:12.800+0000] {standard_task_runner.py:82} INFO - Running: ['***', 'tasks', 'run', 'dag_1min', 'dump_1m', 'scheduled__2023-04-15T23:40:00+00:00', '--job-id', '333', '--raw', '--subdir', 'DAGS_FOLDER/dag_1min.py', '--cfg-path', '/tmp/tmp92o4j0im']
[2023-04-15T23:45:12.812+0000] {standard_task_runner.py:83} INFO - Job 333: Subtask dump_1m
[2023-04-15T23:45:13.323+0000] {task_command.py:389} INFO - Running <TaskInstance: dag_1min.dump_1m scheduled__2023-04-15T23:40:00+00:00 [running]> on host cc609b5f7385
[2023-04-15T23:45:19.970+0000] {taskinstance.py:1518} INFO - Exporting the following env vars:
AIRFLOW_CTX_DAG_OWNER=coder2j
AIRFLOW_CTX_DAG_ID=dag_1min
AIRFLOW_CTX_TASK_ID=dump_1m
AIRFLOW_CTX_EXECUTION_DATE=2023-04-15T23:40:00+00:00
AIRFLOW_CTX_TRY_NUMBER=1
AIRFLOW_CTX_DAG_RUN_ID=scheduled__2023-04-15T23:40:00+00:00
[2023-04-15T23:45:24.116+0000] {logging_mixin.py:137} WARNING -   0%|          | 0/2 [00:00<?, ?it/s]
[2023-04-15T23:45:25.417+0000] {logging_mixin.py:137} INFO - [*********************100%***********************]  1 of 1 completed
[2023-04-15T23:45:27.527+0000] {logging_mixin.py:137} WARNING -  50%|#####     | 1/2 [00:03<00:03,  3.38s/it]
[2023-04-15T23:45:28.544+0000] {logging_mixin.py:137} INFO - [*********************100%***********************]  1 of 1 completed
[2023-04-15T23:45:41.596+0000] {logging_mixin.py:137} WARNING - 100%|##########| 2/2 [00:17<00:00,  9.66s/it]
[2023-04-15T23:45:41.640+0000] {logging_mixin.py:137} WARNING - 100%|##########| 2/2 [00:17<00:00,  8.75s/it]
[2023-04-15T23:45:41.747+0000] {logging_mixin.py:137} INFO - Index(['open', 'high', 'low', 'close', 'adj_close', 'volume', 'timestamp',
       'currency_pair', 'exchangetimezonename', 'timezone'],
      dtype='object')
[2023-04-15T23:45:42.036+0000] {download_yahoo.py:57} INFO - Downloaded data: 
	         open       high        low  ...  currency_pair  exchangetimezonename  timezone
0  19.142050  19.142050  19.142050  ...       AVAX-USD                   UTC       UTC
1  19.145126  19.145126  19.145126  ...       AVAX-USD                   UTC       UTC
2  19.141441  19.141441  19.141441  ...       AVAX-USD                   UTC       UTC
3  19.134924  19.134924  19.134924  ...       AVAX-USD                   UTC       UTC
4  19.134811  19.134811  19.134811  ...       AVAX-USD                   UTC       UTC

[5 rows x 10 columns]
[2023-04-15T23:45:44.406+0000] {python.py:177} INFO - Done. Returned value was: None
[2023-04-15T23:45:45.103+0000] {taskinstance.py:1332} INFO - Marking task as SUCCESS. dag_id=dag_1min, task_id=dump_1m, execution_date=20230415T234000, start_date=20230415T234512, end_date=20230415T234545
[2023-04-15T23:45:49.207+0000] {local_task_job.py:212} INFO - Task exited with return code 0
[2023-04-15T23:45:49.680+0000] {taskinstance.py:2596} INFO - 0 downstream tasks scheduled from follow-on schedule check
