[2023-04-15T21:00:15.666+0000] {taskinstance.py:1090} INFO - Dependencies all met for dep_context=non-requeueable deps ti=<TaskInstance: dag_with_python_dependencies_v03.get_sklearn scheduled__2023-04-15T20:00:00+00:00 [queued]>
[2023-04-15T21:00:15.748+0000] {taskinstance.py:1090} INFO - Dependencies all met for dep_context=requeueable deps ti=<TaskInstance: dag_with_python_dependencies_v03.get_sklearn scheduled__2023-04-15T20:00:00+00:00 [queued]>
[2023-04-15T21:00:15.751+0000] {taskinstance.py:1288} INFO - 
--------------------------------------------------------------------------------
[2023-04-15T21:00:15.753+0000] {taskinstance.py:1289} INFO - Starting attempt 1 of 1
[2023-04-15T21:00:15.757+0000] {taskinstance.py:1290} INFO - 
--------------------------------------------------------------------------------
[2023-04-15T21:00:16.030+0000] {taskinstance.py:1309} INFO - Executing <Task(PythonOperator): get_sklearn> on 2023-04-15 20:00:00+00:00
[2023-04-15T21:00:16.090+0000] {standard_task_runner.py:55} INFO - Started process 2797 to run task
[2023-04-15T21:00:16.135+0000] {standard_task_runner.py:82} INFO - Running: ['***', 'tasks', 'run', 'dag_with_python_dependencies_v03', 'get_sklearn', 'scheduled__2023-04-15T20:00:00+00:00', '--job-id', '317', '--raw', '--subdir', 'DAGS_FOLDER/dag_with_python_dependencies.py', '--cfg-path', '/tmp/tmp7aohmvny']
[2023-04-15T21:00:16.154+0000] {standard_task_runner.py:83} INFO - Job 317: Subtask get_sklearn
[2023-04-15T21:00:17.015+0000] {task_command.py:389} INFO - Running <TaskInstance: dag_with_python_dependencies_v03.get_sklearn scheduled__2023-04-15T20:00:00+00:00 [running]> on host 45e13071740b
[2023-04-15T21:00:28.395+0000] {taskinstance.py:1518} INFO - Exporting the following env vars:
AIRFLOW_CTX_DAG_OWNER=coder2j
AIRFLOW_CTX_DAG_ID=dag_with_python_dependencies_v03
AIRFLOW_CTX_TASK_ID=get_sklearn
AIRFLOW_CTX_EXECUTION_DATE=2023-04-15T20:00:00+00:00
AIRFLOW_CTX_TRY_NUMBER=1
AIRFLOW_CTX_DAG_RUN_ID=scheduled__2023-04-15T20:00:00+00:00
[2023-04-15T21:00:28.623+0000] {logging_mixin.py:137} WARNING -   0%|          | 0/2 [00:00<?, ?it/s]
[2023-04-15T21:00:34.927+0000] {logging_mixin.py:137} INFO - [*********************100%***********************]  1 of 1 completed
[2023-04-15T21:01:13.922+0000] {logging_mixin.py:137} WARNING -  50%|#####     | 1/2 [00:45<00:45, 45.20s/it]
[2023-04-15T21:01:26.804+0000] {logging_mixin.py:137} INFO - [*********************100%***********************]  1 of 1 completed
[2023-04-15T21:02:17.525+0000] {logging_mixin.py:137} WARNING - 100%|##########| 2/2 [01:48<00:00, 56.01s/it]
[2023-04-15T21:02:18.067+0000] {logging_mixin.py:137} WARNING - 100%|##########| 2/2 [01:49<00:00, 54.54s/it]
[2023-04-15T21:02:20.152+0000] {logging_mixin.py:137} INFO - Index(['open', 'high', 'low', 'close', 'adj_close', 'volume', 'timestamp',
       'currency_pair', 'exchangetimezonename', 'timezone'],
      dtype='object')
[2023-04-15T21:02:27.969+0000] {download_yahoo.py:57} INFO - Downloaded data: 
	         open       high        low  ...  currency_pair  exchangetimezonename  timezone
0  18.256571  18.256571  18.256571  ...       AVAX-USD                   UTC       UTC
1  18.261120  18.261120  18.261120  ...       AVAX-USD                   UTC       UTC
2  18.260952  18.260952  18.260952  ...       AVAX-USD                   UTC       UTC
3  18.264101  18.264101  18.264101  ...       AVAX-USD                   UTC       UTC
4  18.268419  18.268419  18.268419  ...       AVAX-USD                   UTC       UTC

[5 rows x 10 columns]
[2023-04-15T21:02:28.580+0000] {logging_mixin.py:137} INFO - raw_data
[2023-04-15T21:02:29.873+0000] {logging_mixin.py:137} INFO - 2023-04-15 20:58:00
[2023-04-15T21:02:40.533+0000] {logging_mixin.py:137} INFO -         open       high        low  ...  currency_pair  exchangetimezonename  timezone
0  18.256571  18.256571  18.256571  ...       AVAX-USD                   UTC       UTC
1  18.261120  18.261120  18.261120  ...       AVAX-USD                   UTC       UTC
2  18.260952  18.260952  18.260952  ...       AVAX-USD                   UTC       UTC
3  18.264101  18.264101  18.264101  ...       AVAX-USD                   UTC       UTC
4  18.268419  18.268419  18.268419  ...       AVAX-USD                   UTC       UTC

[5 rows x 10 columns]
[2023-04-15T21:03:01.279+0000] {logging_mixin.py:137} INFO - 123123
[2023-04-15T21:03:01.329+0000] {python.py:177} INFO - Done. Returned value was: None
[2023-04-15T21:03:40.438+0000] {taskinstance.py:1332} INFO - Marking task as SUCCESS. dag_id=dag_with_python_dependencies_v03, task_id=get_sklearn, execution_date=20230415T200000, start_date=20230415T210015, end_date=20230415T210340
[2023-04-15T21:03:42.985+0000] {local_task_job.py:212} INFO - Task exited with return code 0
[2023-04-15T21:03:43.960+0000] {taskinstance.py:2596} INFO - 0 downstream tasks scheduled from follow-on schedule check
