[2023-04-29 23:30:55,843] {taskinstance.py:1035} INFO - Dependencies all met for <TaskInstance: tutorial.print_date manual__2023-04-29T23:30:51.954282+00:00 [queued]>
[2023-04-29 23:30:55,852] {taskinstance.py:1035} INFO - Dependencies all met for <TaskInstance: tutorial.print_date manual__2023-04-29T23:30:51.954282+00:00 [queued]>
[2023-04-29 23:30:55,853] {taskinstance.py:1241} INFO - 
--------------------------------------------------------------------------------
[2023-04-29 23:30:55,854] {taskinstance.py:1242} INFO - Starting attempt 1 of 2
[2023-04-29 23:30:55,855] {taskinstance.py:1243} INFO - 
--------------------------------------------------------------------------------
[2023-04-29 23:30:55,863] {taskinstance.py:1262} INFO - Executing <Task(BashOperator): print_date> on 2023-04-29 23:30:51.954282+00:00
[2023-04-29 23:30:55,866] {standard_task_runner.py:52} INFO - Started process 142 to run task
[2023-04-29 23:30:55,870] {standard_task_runner.py:76} INFO - Running: ['***', 'tasks', 'run', 'tutorial', 'print_date', 'manual__2023-04-29T23:30:51.954282+00:00', '--job-id', '3', '--raw', '--subdir', 'DAGS_FOLDER/***_tutorial.py', '--cfg-path', '/tmp/tmpsjl_jah0', '--error-file', '/tmp/tmpgabtm6ch']
[2023-04-29 23:30:55,871] {standard_task_runner.py:77} INFO - Job 3: Subtask print_date
[2023-04-29 23:30:55,914] {logging_mixin.py:109} INFO - Running <TaskInstance: tutorial.print_date manual__2023-04-29T23:30:51.954282+00:00 [running]> on host 4fd1971d5f6c
[2023-04-29 23:30:55,963] {taskinstance.py:1429} INFO - Exporting the following env vars:
AIRFLOW_CTX_DAG_EMAIL=***@example.com
AIRFLOW_CTX_DAG_OWNER=***
AIRFLOW_CTX_DAG_ID=tutorial
AIRFLOW_CTX_TASK_ID=print_date
AIRFLOW_CTX_EXECUTION_DATE=2023-04-29T23:30:51.954282+00:00
AIRFLOW_CTX_DAG_RUN_ID=manual__2023-04-29T23:30:51.954282+00:00
[2023-04-29 23:30:55,965] {subprocess.py:62} INFO - Tmp dir root location: 
 /tmp
[2023-04-29 23:30:55,967] {subprocess.py:74} INFO - Running command: ['bash', '-c', 'date']
[2023-04-29 23:30:55,973] {subprocess.py:85} INFO - Output:
[2023-04-29 23:30:55,976] {subprocess.py:89} INFO - Sat Apr 29 23:30:55 UTC 2023
[2023-04-29 23:30:55,977] {subprocess.py:93} INFO - Command exited with return code 0
[2023-04-29 23:30:55,999] {taskinstance.py:1280} INFO - Marking task as SUCCESS. dag_id=tutorial, task_id=print_date, execution_date=20230429T233051, start_date=20230429T233055, end_date=20230429T233055
[2023-04-29 23:30:56,043] {local_task_job.py:154} INFO - Task exited with return code 0
[2023-04-29 23:30:56,070] {local_task_job.py:264} INFO - 2 downstream tasks scheduled from follow-on schedule check
