[2023-04-15T03:34:11.952+0000] {taskinstance.py:1090} INFO - Dependencies all met for dep_context=non-requeueable deps ti=<TaskInstance: dag_with_python_dependencies_v03.get_sklearn scheduled__2023-04-14T23:54:00+00:00 [queued]>
[2023-04-15T03:34:12.472+0000] {taskinstance.py:1090} INFO - Dependencies all met for dep_context=requeueable deps ti=<TaskInstance: dag_with_python_dependencies_v03.get_sklearn scheduled__2023-04-14T23:54:00+00:00 [queued]>
[2023-04-15T03:34:12.491+0000] {taskinstance.py:1288} INFO - 
--------------------------------------------------------------------------------
[2023-04-15T03:34:12.497+0000] {taskinstance.py:1289} INFO - Starting attempt 1 of 1
[2023-04-15T03:34:12.507+0000] {taskinstance.py:1290} INFO - 
--------------------------------------------------------------------------------
[2023-04-15T03:34:13.180+0000] {taskinstance.py:1309} INFO - Executing <Task(PythonOperator): get_sklearn> on 2023-04-14 23:54:00+00:00
[2023-04-15T03:34:13.463+0000] {standard_task_runner.py:55} INFO - Started process 101 to run task
[2023-04-15T03:34:13.616+0000] {standard_task_runner.py:82} INFO - Running: ['***', 'tasks', 'run', 'dag_with_python_dependencies_v03', 'get_sklearn', 'scheduled__2023-04-14T23:54:00+00:00', '--job-id', '210', '--raw', '--subdir', 'DAGS_FOLDER/dag_with_python_dependencies.py', '--cfg-path', '/tmp/tmpwgt6dwm0']
[2023-04-15T03:34:13.654+0000] {standard_task_runner.py:83} INFO - Job 210: Subtask get_sklearn
[2023-04-15T03:34:29.426+0000] {task_command.py:389} INFO - Running <TaskInstance: dag_with_python_dependencies_v03.get_sklearn scheduled__2023-04-14T23:54:00+00:00 [running]> on host 76edc18680e0
[2023-04-15T03:34:41.151+0000] {taskinstance.py:1518} INFO - Exporting the following env vars:
AIRFLOW_CTX_DAG_OWNER=coder2j
AIRFLOW_CTX_DAG_ID=dag_with_python_dependencies_v03
AIRFLOW_CTX_TASK_ID=get_sklearn
AIRFLOW_CTX_EXECUTION_DATE=2023-04-14T23:54:00+00:00
AIRFLOW_CTX_TRY_NUMBER=1
AIRFLOW_CTX_DAG_RUN_ID=scheduled__2023-04-14T23:54:00+00:00
[2023-04-15T03:34:41.649+0000] {logging_mixin.py:137} WARNING -   0%|          | 0/2 [00:00<?, ?it/s]
[2023-04-15T03:34:46.167+0000] {logging_mixin.py:137} INFO - [*********************100%***********************]  1 of 1 completed
[2023-04-15T03:34:49.856+0000] {logging_mixin.py:137} WARNING -  50%|#####     | 1/2 [00:08<00:08,  8.18s/it]
[2023-04-15T03:34:58.574+0000] {local_task_job.py:212} INFO - Task exited with return code Negsignal.SIGKILL
[2023-04-15T03:35:03.725+0000] {taskinstance.py:2596} INFO - 0 downstream tasks scheduled from follow-on schedule check
