[2023-05-02T20:41:54.150+0000] {taskinstance.py:1090} INFO - Dependencies all met for dep_context=non-requeueable deps ti=<TaskInstance: dag_1min.dump_1m scheduled__2023-05-02T20:35:00+00:00 [queued]>
[2023-05-02T20:41:54.219+0000] {taskinstance.py:1090} INFO - Dependencies all met for dep_context=requeueable deps ti=<TaskInstance: dag_1min.dump_1m scheduled__2023-05-02T20:35:00+00:00 [queued]>
[2023-05-02T20:41:54.223+0000] {taskinstance.py:1288} INFO - 
--------------------------------------------------------------------------------
[2023-05-02T20:41:54.227+0000] {taskinstance.py:1289} INFO - Starting attempt 1 of 1
[2023-05-02T20:41:54.232+0000] {taskinstance.py:1290} INFO - 
--------------------------------------------------------------------------------
[2023-05-02T20:41:54.409+0000] {taskinstance.py:1309} INFO - Executing <Task(PythonOperator): dump_1m> on 2023-05-02 20:35:00+00:00
[2023-05-02T20:41:54.430+0000] {standard_task_runner.py:55} INFO - Started process 244 to run task
[2023-05-02T20:41:54.454+0000] {standard_task_runner.py:82} INFO - Running: ['***', 'tasks', 'run', 'dag_1min', 'dump_1m', 'scheduled__2023-05-02T20:35:00+00:00', '--job-id', '114', '--raw', '--subdir', 'DAGS_FOLDER/dag_1min.py', '--cfg-path', '/tmp/tmp4cb33icu']
[2023-05-02T20:41:54.461+0000] {standard_task_runner.py:83} INFO - Job 114: Subtask dump_1m
[2023-05-02T20:41:55.013+0000] {task_command.py:389} INFO - Running <TaskInstance: dag_1min.dump_1m scheduled__2023-05-02T20:35:00+00:00 [running]> on host 4a3bd7cf27f4
[2023-05-02T20:41:59.033+0000] {taskinstance.py:1518} INFO - Exporting the following env vars:
AIRFLOW_CTX_DAG_OWNER=coder2j
AIRFLOW_CTX_DAG_ID=dag_1min
AIRFLOW_CTX_TASK_ID=dump_1m
AIRFLOW_CTX_EXECUTION_DATE=2023-05-02T20:35:00+00:00
AIRFLOW_CTX_TRY_NUMBER=1
AIRFLOW_CTX_DAG_RUN_ID=scheduled__2023-05-02T20:35:00+00:00
[2023-05-02T20:42:03.201+0000] {logging_mixin.py:137} WARNING -   0%|          | 0/2 [00:00<?, ?it/s]
[2023-05-02T20:42:04.005+0000] {logging_mixin.py:137} INFO - [*********************100%***********************]  1 of 1 completed
[2023-05-02T20:42:05.701+0000] {logging_mixin.py:137} WARNING -  50%|#####     | 1/2 [00:02<00:02,  2.48s/it]
[2023-05-02T20:42:06.383+0000] {logging_mixin.py:137} INFO - [*********************100%***********************]  1 of 1 completed
[2023-05-02T20:42:08.180+0000] {logging_mixin.py:137} WARNING - 100%|##########| 2/2 [00:04<00:00,  2.48s/it]
[2023-05-02T20:42:08.194+0000] {logging_mixin.py:137} WARNING - 100%|##########| 2/2 [00:04<00:00,  2.49s/it]
[2023-05-02T20:42:08.227+0000] {logging_mixin.py:137} INFO - Index(['open', 'high', 'low', 'close', 'adj_close', 'volume', 'timestamp',
       'currency_pair', 'exchangetimezonename', 'timezone'],
      dtype='object')
[2023-05-02T20:42:08.469+0000] {download_yahoo.py:57} INFO - Downloaded data: 
	            open          high  ...  exchangetimezonename  timezone
0     16.903017     16.903017  ...                   UTC       UTC
1     16.901159     16.901159  ...                   UTC       UTC
2  28760.363281  28760.363281  ...                   UTC       UTC
3  28764.126953  28764.126953  ...                   UTC       UTC

[4 rows x 10 columns]
[2023-05-02T20:42:08.955+0000] {python.py:177} INFO - Done. Returned value was: None
[2023-05-02T20:42:09.049+0000] {taskinstance.py:1332} INFO - Marking task as SUCCESS. dag_id=dag_1min, task_id=dump_1m, execution_date=20230502T203500, start_date=20230502T204154, end_date=20230502T204209
[2023-05-02T20:42:09.284+0000] {local_task_job.py:212} INFO - Task exited with return code 0
[2023-05-02T20:42:09.475+0000] {taskinstance.py:2596} INFO - 0 downstream tasks scheduled from follow-on schedule check
