[2023-04-15T03:40:14.239+0000] {taskinstance.py:1090} INFO - Dependencies all met for dep_context=non-requeueable deps ti=<TaskInstance: dag_with_python_dependencies_v03.get_sklearn scheduled__2023-04-15T00:44:00+00:00 [queued]>
[2023-04-15T03:40:14.356+0000] {taskinstance.py:1090} INFO - Dependencies all met for dep_context=requeueable deps ti=<TaskInstance: dag_with_python_dependencies_v03.get_sklearn scheduled__2023-04-15T00:44:00+00:00 [queued]>
[2023-04-15T03:40:14.362+0000] {taskinstance.py:1288} INFO - 
--------------------------------------------------------------------------------
[2023-04-15T03:40:14.365+0000] {taskinstance.py:1289} INFO - Starting attempt 1 of 1
[2023-04-15T03:40:14.367+0000] {taskinstance.py:1290} INFO - 
--------------------------------------------------------------------------------
[2023-04-15T03:40:14.479+0000] {taskinstance.py:1309} INFO - Executing <Task(PythonOperator): get_sklearn> on 2023-04-15 00:44:00+00:00
[2023-04-15T03:40:14.557+0000] {standard_task_runner.py:55} INFO - Started process 140 to run task
[2023-04-15T03:40:14.661+0000] {standard_task_runner.py:82} INFO - Running: ['***', 'tasks', 'run', 'dag_with_python_dependencies_v03', 'get_sklearn', 'scheduled__2023-04-15T00:44:00+00:00', '--job-id', '232', '--raw', '--subdir', 'DAGS_FOLDER/dag_with_python_dependencies.py', '--cfg-path', '/tmp/tmpgii9azf0']
[2023-04-15T03:40:14.671+0000] {standard_task_runner.py:83} INFO - Job 232: Subtask get_sklearn
[2023-04-15T03:40:15.265+0000] {task_command.py:389} INFO - Running <TaskInstance: dag_with_python_dependencies_v03.get_sklearn scheduled__2023-04-15T00:44:00+00:00 [running]> on host 618610b18aa7
[2023-04-15T03:40:20.867+0000] {taskinstance.py:1518} INFO - Exporting the following env vars:
AIRFLOW_CTX_DAG_OWNER=coder2j
AIRFLOW_CTX_DAG_ID=dag_with_python_dependencies_v03
AIRFLOW_CTX_TASK_ID=get_sklearn
AIRFLOW_CTX_EXECUTION_DATE=2023-04-15T00:44:00+00:00
AIRFLOW_CTX_TRY_NUMBER=1
AIRFLOW_CTX_DAG_RUN_ID=scheduled__2023-04-15T00:44:00+00:00
[2023-04-15T03:40:20.975+0000] {logging_mixin.py:137} WARNING -   0%|          | 0/2 [00:00<?, ?it/s]
[2023-04-15T03:40:22.181+0000] {logging_mixin.py:137} INFO - [*********************100%***********************]  1 of 1 completed
[2023-04-15T03:40:29.203+0000] {local_task_job.py:212} INFO - Task exited with return code Negsignal.SIGKILL
[2023-04-15T03:40:34.746+0000] {taskinstance.py:2596} INFO - 0 downstream tasks scheduled from follow-on schedule check
