[2023-04-16T00:20:18.918+0000] {taskinstance.py:1090} INFO - Dependencies all met for dep_context=non-requeueable deps ti=<TaskInstance: dag_1min.dump_1m scheduled__2023-04-16T00:15:00+00:00 [queued]>
[2023-04-16T00:20:19.013+0000] {taskinstance.py:1090} INFO - Dependencies all met for dep_context=requeueable deps ti=<TaskInstance: dag_1min.dump_1m scheduled__2023-04-16T00:15:00+00:00 [queued]>
[2023-04-16T00:20:19.019+0000] {taskinstance.py:1288} INFO - 
--------------------------------------------------------------------------------
[2023-04-16T00:20:19.025+0000] {taskinstance.py:1289} INFO - Starting attempt 1 of 1
[2023-04-16T00:20:19.028+0000] {taskinstance.py:1290} INFO - 
--------------------------------------------------------------------------------
[2023-04-16T00:20:19.218+0000] {taskinstance.py:1309} INFO - Executing <Task(PythonOperator): dump_1m> on 2023-04-16 00:15:00+00:00
[2023-04-16T00:20:19.245+0000] {standard_task_runner.py:55} INFO - Started process 2607 to run task
[2023-04-16T00:20:19.275+0000] {standard_task_runner.py:82} INFO - Running: ['***', 'tasks', 'run', 'dag_1min', 'dump_1m', 'scheduled__2023-04-16T00:15:00+00:00', '--job-id', '340', '--raw', '--subdir', 'DAGS_FOLDER/dag_1min.py', '--cfg-path', '/tmp/tmpsuhaegif']
[2023-04-16T00:20:19.282+0000] {standard_task_runner.py:83} INFO - Job 340: Subtask dump_1m
[2023-04-16T00:20:19.813+0000] {task_command.py:389} INFO - Running <TaskInstance: dag_1min.dump_1m scheduled__2023-04-16T00:15:00+00:00 [running]> on host cc609b5f7385
[2023-04-16T00:20:20.836+0000] {taskinstance.py:1518} INFO - Exporting the following env vars:
AIRFLOW_CTX_DAG_OWNER=coder2j
AIRFLOW_CTX_DAG_ID=dag_1min
AIRFLOW_CTX_TASK_ID=dump_1m
AIRFLOW_CTX_EXECUTION_DATE=2023-04-16T00:15:00+00:00
AIRFLOW_CTX_TRY_NUMBER=1
AIRFLOW_CTX_DAG_RUN_ID=scheduled__2023-04-16T00:15:00+00:00
[2023-04-16T00:20:21.732+0000] {logging_mixin.py:137} WARNING -   0%|          | 0/2 [00:00<?, ?it/s]
[2023-04-16T00:20:22.590+0000] {logging_mixin.py:137} INFO - [*********************100%***********************]  1 of 1 completed
[2023-04-16T00:20:24.699+0000] {logging_mixin.py:137} WARNING -  50%|#####     | 1/2 [00:02<00:02,  2.95s/it]
[2023-04-16T00:20:26.069+0000] {logging_mixin.py:137} INFO - [*********************100%***********************]  1 of 1 completed
[2023-04-16T00:20:29.217+0000] {logging_mixin.py:137} WARNING - 100%|##########| 2/2 [00:07<00:00,  3.87s/it]
[2023-04-16T00:20:29.251+0000] {logging_mixin.py:137} WARNING - 100%|##########| 2/2 [00:07<00:00,  3.75s/it]
[2023-04-16T00:20:29.371+0000] {logging_mixin.py:137} INFO - Index(['open', 'high', 'low', 'close', 'adj_close', 'volume', 'timestamp',
       'currency_pair', 'exchangetimezonename', 'timezone'],
      dtype='object')
[2023-04-16T00:20:36.342+0000] {download_yahoo.py:57} INFO - Downloaded data: 
	         open       high        low  ...  currency_pair  exchangetimezonename  timezone
0  19.101395  19.101395  19.101395  ...       AVAX-USD                   UTC       UTC
1  19.099041  19.099041  19.099041  ...       AVAX-USD                   UTC       UTC
2  19.098083  19.098083  19.098083  ...       AVAX-USD                   UTC       UTC
3  19.095413  19.095413  19.095413  ...       AVAX-USD                   UTC       UTC
4  19.082262  19.082262  19.082262  ...       AVAX-USD                   UTC       UTC

[5 rows x 10 columns]
[2023-04-16T00:20:46.168+0000] {python.py:177} INFO - Done. Returned value was: None
[2023-04-16T00:20:46.801+0000] {taskinstance.py:1332} INFO - Marking task as SUCCESS. dag_id=dag_1min, task_id=dump_1m, execution_date=20230416T001500, start_date=20230416T002018, end_date=20230416T002046
[2023-04-16T00:20:47.590+0000] {local_task_job.py:212} INFO - Task exited with return code 0
[2023-04-16T00:20:48.027+0000] {taskinstance.py:2596} INFO - 0 downstream tasks scheduled from follow-on schedule check
