[2023-04-29 23:36:09,940] {taskinstance.py:1035} INFO - Dependencies all met for <TaskInstance: tutorial.templated scheduled__2023-04-29T23:34:00+00:00 [queued]>
[2023-04-29 23:36:09,948] {taskinstance.py:1035} INFO - Dependencies all met for <TaskInstance: tutorial.templated scheduled__2023-04-29T23:34:00+00:00 [queued]>
[2023-04-29 23:36:09,949] {taskinstance.py:1241} INFO - 
--------------------------------------------------------------------------------
[2023-04-29 23:36:09,950] {taskinstance.py:1242} INFO - Starting attempt 1 of 2
[2023-04-29 23:36:09,951] {taskinstance.py:1243} INFO - 
--------------------------------------------------------------------------------
[2023-04-29 23:36:09,960] {taskinstance.py:1262} INFO - Executing <Task(BashOperator): templated> on 2023-04-29 23:34:00+00:00
[2023-04-29 23:36:09,963] {standard_task_runner.py:52} INFO - Started process 237 to run task
[2023-04-29 23:36:09,966] {standard_task_runner.py:76} INFO - Running: ['***', 'tasks', 'run', 'tutorial', 'templated', 'scheduled__2023-04-29T23:34:00+00:00', '--job-id', '16', '--raw', '--subdir', 'DAGS_FOLDER/***_tutorial.py', '--cfg-path', '/tmp/tmppn6iy6vv', '--error-file', '/tmp/tmp6zb2lhrl']
[2023-04-29 23:36:09,968] {standard_task_runner.py:77} INFO - Job 16: Subtask templated
[2023-04-29 23:36:10,008] {logging_mixin.py:109} INFO - Running <TaskInstance: tutorial.templated scheduled__2023-04-29T23:34:00+00:00 [running]> on host 4fd1971d5f6c
[2023-04-29 23:36:10,054] {taskinstance.py:1429} INFO - Exporting the following env vars:
AIRFLOW_CTX_DAG_EMAIL=***@example.com
AIRFLOW_CTX_DAG_OWNER=***
AIRFLOW_CTX_DAG_ID=tutorial
AIRFLOW_CTX_TASK_ID=templated
AIRFLOW_CTX_EXECUTION_DATE=2023-04-29T23:34:00+00:00
AIRFLOW_CTX_DAG_RUN_ID=scheduled__2023-04-29T23:34:00+00:00
[2023-04-29 23:36:10,056] {subprocess.py:62} INFO - Tmp dir root location: 
 /tmp
[2023-04-29 23:36:10,057] {subprocess.py:74} INFO - Running command: ['bash', '-c', '\n\n    echo "2023-04-29"\n    echo "2023-05-06"\n    echo "Parameter I passed in"\n\n    echo "2023-04-29"\n    echo "2023-05-06"\n    echo "Parameter I passed in"\n\n    echo "2023-04-29"\n    echo "2023-05-06"\n    echo "Parameter I passed in"\n\n    echo "2023-04-29"\n    echo "2023-05-06"\n    echo "Parameter I passed in"\n\n    echo "2023-04-29"\n    echo "2023-05-06"\n    echo "Parameter I passed in"\n']
[2023-04-29 23:36:10,064] {subprocess.py:85} INFO - Output:
[2023-04-29 23:36:10,066] {subprocess.py:89} INFO - 2023-04-29
[2023-04-29 23:36:10,067] {subprocess.py:89} INFO - 2023-05-06
[2023-04-29 23:36:10,068] {subprocess.py:89} INFO - Parameter I passed in
[2023-04-29 23:36:10,069] {subprocess.py:89} INFO - 2023-04-29
[2023-04-29 23:36:10,070] {subprocess.py:89} INFO - 2023-05-06
[2023-04-29 23:36:10,070] {subprocess.py:89} INFO - Parameter I passed in
[2023-04-29 23:36:10,071] {subprocess.py:89} INFO - 2023-04-29
[2023-04-29 23:36:10,072] {subprocess.py:89} INFO - 2023-05-06
[2023-04-29 23:36:10,073] {subprocess.py:89} INFO - Parameter I passed in
[2023-04-29 23:36:10,074] {subprocess.py:89} INFO - 2023-04-29
[2023-04-29 23:36:10,074] {subprocess.py:89} INFO - 2023-05-06
[2023-04-29 23:36:10,075] {subprocess.py:89} INFO - Parameter I passed in
[2023-04-29 23:36:10,076] {subprocess.py:89} INFO - 2023-04-29
[2023-04-29 23:36:10,077] {subprocess.py:89} INFO - 2023-05-06
[2023-04-29 23:36:10,078] {subprocess.py:89} INFO - Parameter I passed in
[2023-04-29 23:36:10,079] {subprocess.py:93} INFO - Command exited with return code 0
[2023-04-29 23:36:10,100] {taskinstance.py:1280} INFO - Marking task as SUCCESS. dag_id=tutorial, task_id=templated, execution_date=20230429T233400, start_date=20230429T233609, end_date=20230429T233610
[2023-04-29 23:36:10,139] {local_task_job.py:154} INFO - Task exited with return code 0
[2023-04-29 23:36:10,163] {local_task_job.py:264} INFO - 0 downstream tasks scheduled from follow-on schedule check
