[2023-04-16T00:00:11.976+0000] {taskinstance.py:1090} INFO - Dependencies all met for dep_context=non-requeueable deps ti=<TaskInstance: dag_1min.dump_1m scheduled__2023-04-15T23:55:00+00:00 [queued]>
[2023-04-16T00:00:12.049+0000] {taskinstance.py:1090} INFO - Dependencies all met for dep_context=requeueable deps ti=<TaskInstance: dag_1min.dump_1m scheduled__2023-04-15T23:55:00+00:00 [queued]>
[2023-04-16T00:00:12.054+0000] {taskinstance.py:1288} INFO - 
--------------------------------------------------------------------------------
[2023-04-16T00:00:12.088+0000] {taskinstance.py:1289} INFO - Starting attempt 1 of 1
[2023-04-16T00:00:12.091+0000] {taskinstance.py:1290} INFO - 
--------------------------------------------------------------------------------
[2023-04-16T00:00:12.206+0000] {taskinstance.py:1309} INFO - Executing <Task(PythonOperator): dump_1m> on 2023-04-15 23:55:00+00:00
[2023-04-16T00:00:12.222+0000] {standard_task_runner.py:55} INFO - Started process 2094 to run task
[2023-04-16T00:00:12.238+0000] {standard_task_runner.py:82} INFO - Running: ['***', 'tasks', 'run', 'dag_1min', 'dump_1m', 'scheduled__2023-04-15T23:55:00+00:00', '--job-id', '336', '--raw', '--subdir', 'DAGS_FOLDER/dag_1min.py', '--cfg-path', '/tmp/tmpa8mvw3o1']
[2023-04-16T00:00:12.242+0000] {standard_task_runner.py:83} INFO - Job 336: Subtask dump_1m
[2023-04-16T00:00:12.559+0000] {task_command.py:389} INFO - Running <TaskInstance: dag_1min.dump_1m scheduled__2023-04-15T23:55:00+00:00 [running]> on host cc609b5f7385
[2023-04-16T00:00:13.986+0000] {taskinstance.py:1518} INFO - Exporting the following env vars:
AIRFLOW_CTX_DAG_OWNER=coder2j
AIRFLOW_CTX_DAG_ID=dag_1min
AIRFLOW_CTX_TASK_ID=dump_1m
AIRFLOW_CTX_EXECUTION_DATE=2023-04-15T23:55:00+00:00
AIRFLOW_CTX_TRY_NUMBER=1
AIRFLOW_CTX_DAG_RUN_ID=scheduled__2023-04-15T23:55:00+00:00
[2023-04-16T00:00:14.754+0000] {logging_mixin.py:137} WARNING -   0%|          | 0/2 [00:00<?, ?it/s]
[2023-04-16T00:00:15.483+0000] {logging_mixin.py:137} INFO - [*********************100%***********************]  1 of 1 completed
[2023-04-16T00:00:16.922+0000] {logging_mixin.py:137} WARNING -  50%|#####     | 1/2 [00:02<00:02,  2.16s/it]
[2023-04-16T00:00:17.355+0000] {logging_mixin.py:137} INFO - [*********************100%***********************]  1 of 1 completed
[2023-04-16T00:00:18.851+0000] {logging_mixin.py:137} WARNING - 100%|##########| 2/2 [00:04<00:00,  2.02s/it]
[2023-04-16T00:00:18.858+0000] {logging_mixin.py:137} WARNING - 100%|##########| 2/2 [00:04<00:00,  2.05s/it]
[2023-04-16T00:00:18.884+0000] {logging_mixin.py:137} INFO - Index(['open', 'high', 'low', 'close', 'adj_close', 'volume', 'timestamp',
       'currency_pair', 'exchangetimezonename', 'timezone'],
      dtype='object')
[2023-04-16T00:00:19.058+0000] {download_yahoo.py:57} INFO - Downloaded data: 
	         open       high        low  ...  currency_pair  exchangetimezonename  timezone
0  19.109940  19.109940  19.109940  ...       AVAX-USD                   UTC       UTC
1  19.106415  19.106415  19.106415  ...       AVAX-USD                   UTC       UTC
2  19.103149  19.103149  19.103149  ...       AVAX-USD                   UTC       UTC
3  19.102482  19.102482  19.102482  ...       AVAX-USD                   UTC       UTC
4  19.105289  19.105289  19.105289  ...       AVAX-USD                   UTC       UTC

[5 rows x 10 columns]
[2023-04-16T00:00:19.443+0000] {python.py:177} INFO - Done. Returned value was: None
[2023-04-16T00:00:19.519+0000] {taskinstance.py:1332} INFO - Marking task as SUCCESS. dag_id=dag_1min, task_id=dump_1m, execution_date=20230415T235500, start_date=20230416T000011, end_date=20230416T000019
[2023-04-16T00:00:19.746+0000] {local_task_job.py:212} INFO - Task exited with return code 0
[2023-04-16T00:00:19.903+0000] {taskinstance.py:2596} INFO - 0 downstream tasks scheduled from follow-on schedule check
