[2023-04-14T04:52:09.183+0000] {taskinstance.py:1090} INFO - Dependencies all met for dep_context=non-requeueable deps ti=<TaskInstance: dag_with_python_dependencies_v03.get_sklearn scheduled__2023-04-14T01:16:00+00:00 [queued]>
[2023-04-14T04:52:09.364+0000] {taskinstance.py:1090} INFO - Dependencies all met for dep_context=requeueable deps ti=<TaskInstance: dag_with_python_dependencies_v03.get_sklearn scheduled__2023-04-14T01:16:00+00:00 [queued]>
[2023-04-14T04:52:09.368+0000] {taskinstance.py:1288} INFO - 
--------------------------------------------------------------------------------
[2023-04-14T04:52:09.372+0000] {taskinstance.py:1289} INFO - Starting attempt 1 of 1
[2023-04-14T04:52:09.373+0000] {taskinstance.py:1290} INFO - 
--------------------------------------------------------------------------------
[2023-04-14T04:52:09.873+0000] {taskinstance.py:1309} INFO - Executing <Task(PythonOperator): get_sklearn> on 2023-04-14 01:16:00+00:00
[2023-04-14T04:52:10.022+0000] {standard_task_runner.py:55} INFO - Started process 113 to run task
[2023-04-14T04:52:10.488+0000] {standard_task_runner.py:82} INFO - Running: ['***', 'tasks', 'run', 'dag_with_python_dependencies_v03', 'get_sklearn', 'scheduled__2023-04-14T01:16:00+00:00', '--job-id', '69', '--raw', '--subdir', 'DAGS_FOLDER/dag_with_python_dependencies.py', '--cfg-path', '/tmp/tmpfsp3914_']
[2023-04-14T04:52:10.707+0000] {standard_task_runner.py:83} INFO - Job 69: Subtask get_sklearn
[2023-04-14T04:52:11.930+0000] {task_command.py:389} INFO - Running <TaskInstance: dag_with_python_dependencies_v03.get_sklearn scheduled__2023-04-14T01:16:00+00:00 [running]> on host 57709d3878ce
[2023-04-14T04:52:14.219+0000] {taskinstance.py:1518} INFO - Exporting the following env vars:
AIRFLOW_CTX_DAG_OWNER=coder2j
AIRFLOW_CTX_DAG_ID=dag_with_python_dependencies_v03
AIRFLOW_CTX_TASK_ID=get_sklearn
AIRFLOW_CTX_EXECUTION_DATE=2023-04-14T01:16:00+00:00
AIRFLOW_CTX_TRY_NUMBER=1
AIRFLOW_CTX_DAG_RUN_ID=scheduled__2023-04-14T01:16:00+00:00
[2023-04-14T04:52:17.596+0000] {local_task_job.py:212} INFO - Task exited with return code Negsignal.SIGKILL
[2023-04-14T04:52:18.329+0000] {taskinstance.py:2596} INFO - 0 downstream tasks scheduled from follow-on schedule check
