[2023-04-14T04:45:27.809+0000] {taskinstance.py:1090} INFO - Dependencies all met for dep_context=non-requeueable deps ti=<TaskInstance: dag_with_python_dependencies_v03.get_sklearn scheduled__2021-10-17T00:00:00+00:00 [queued]>
[2023-04-14T04:45:28.696+0000] {taskinstance.py:1090} INFO - Dependencies all met for dep_context=requeueable deps ti=<TaskInstance: dag_with_python_dependencies_v03.get_sklearn scheduled__2021-10-17T00:00:00+00:00 [queued]>
[2023-04-14T04:45:28.703+0000] {taskinstance.py:1288} INFO - 
--------------------------------------------------------------------------------
[2023-04-14T04:45:28.706+0000] {taskinstance.py:1289} INFO - Starting attempt 1 of 1
[2023-04-14T04:45:28.707+0000] {taskinstance.py:1290} INFO - 
--------------------------------------------------------------------------------
[2023-04-14T04:45:28.915+0000] {taskinstance.py:1309} INFO - Executing <Task(PythonOperator): get_sklearn> on 2021-10-17 00:00:00+00:00
[2023-04-14T04:45:29.022+0000] {standard_task_runner.py:55} INFO - Started process 113 to run task
[2023-04-14T04:45:29.115+0000] {standard_task_runner.py:82} INFO - Running: ['***', 'tasks', 'run', 'dag_with_python_dependencies_v03', 'get_sklearn', 'scheduled__2021-10-17T00:00:00+00:00', '--job-id', '18', '--raw', '--subdir', 'DAGS_FOLDER/dag_with_python_dependencies.py', '--cfg-path', '/tmp/tmprhwh21zj']
[2023-04-14T04:45:29.192+0000] {standard_task_runner.py:83} INFO - Job 18: Subtask get_sklearn
[2023-04-14T04:45:31.469+0000] {task_command.py:389} INFO - Running <TaskInstance: dag_with_python_dependencies_v03.get_sklearn scheduled__2021-10-17T00:00:00+00:00 [running]> on host 815358ea1401
[2023-04-14T04:45:39.553+0000] {taskinstance.py:1518} INFO - Exporting the following env vars:
AIRFLOW_CTX_DAG_OWNER=coder2j
AIRFLOW_CTX_DAG_ID=dag_with_python_dependencies_v03
AIRFLOW_CTX_TASK_ID=get_sklearn
AIRFLOW_CTX_EXECUTION_DATE=2021-10-17T00:00:00+00:00
AIRFLOW_CTX_TRY_NUMBER=1
AIRFLOW_CTX_DAG_RUN_ID=scheduled__2021-10-17T00:00:00+00:00
[2023-04-14T04:46:26.680+0000] {logging_mixin.py:137} INFO - sklearn with version: 0.24.2 
[2023-04-14T04:46:26.708+0000] {python.py:177} INFO - Done. Returned value was: None
[2023-04-14T04:46:26.875+0000] {taskinstance.py:1332} INFO - Marking task as SUCCESS. dag_id=dag_with_python_dependencies_v03, task_id=get_sklearn, execution_date=20211017T000000, start_date=20230414T044528, end_date=20230414T044626
[2023-04-14T04:46:28.205+0000] {local_task_job.py:212} INFO - Task exited with return code 0
