[2023-05-04 13:32:12,859] {taskinstance.py:1035} INFO - Dependencies all met for <TaskInstance: download_historical_postgres.download.historical.postgres.google_trends scheduled__2023-05-04T13:30:00+00:00 [queued]>
[2023-05-04 13:32:12,868] {taskinstance.py:1035} INFO - Dependencies all met for <TaskInstance: download_historical_postgres.download.historical.postgres.google_trends scheduled__2023-05-04T13:30:00+00:00 [queued]>
[2023-05-04 13:32:12,869] {taskinstance.py:1241} INFO - 
--------------------------------------------------------------------------------
[2023-05-04 13:32:12,870] {taskinstance.py:1242} INFO - Starting attempt 1 of 1
[2023-05-04 13:32:12,871] {taskinstance.py:1243} INFO - 
--------------------------------------------------------------------------------
[2023-05-04 13:32:12,881] {taskinstance.py:1262} INFO - Executing <Task(BashOperator): download.historical.postgres.google_trends> on 2023-05-04 13:30:00+00:00
[2023-05-04 13:32:12,884] {standard_task_runner.py:52} INFO - Started process 267 to run task
[2023-05-04 13:32:12,887] {standard_task_runner.py:76} INFO - Running: ['***', 'tasks', 'run', 'download_historical_postgres', 'download.historical.postgres.google_trends', 'scheduled__2023-05-04T13:30:00+00:00', '--job-id', '10', '--raw', '--subdir', 'DAGS_FOLDER/download_historical_postgres_google_trends.py', '--cfg-path', '/tmp/tmpza_8m40b', '--error-file', '/tmp/tmpxety0_zb']
[2023-05-04 13:32:12,889] {standard_task_runner.py:77} INFO - Job 10: Subtask download.historical.postgres.google_trends
[2023-05-04 13:32:12,931] {logging_mixin.py:109} INFO - Running <TaskInstance: download_historical_postgres.download.historical.postgres.google_trends scheduled__2023-05-04T13:30:00+00:00 [running]> on host 7d6ed9fdc9c5
[2023-05-04 13:32:12,975] {taskinstance.py:1429} INFO - Exporting the following env vars:
AIRFLOW_CTX_DAG_EMAIL=***@example.com
AIRFLOW_CTX_DAG_OWNER=***
AIRFLOW_CTX_DAG_ID=download_historical_postgres
AIRFLOW_CTX_TASK_ID=download.historical.postgres.google_trends
AIRFLOW_CTX_EXECUTION_DATE=2023-05-04T13:30:00+00:00
AIRFLOW_CTX_DAG_RUN_ID=scheduled__2023-05-04T13:30:00+00:00
[2023-05-04 13:32:12,976] {subprocess.py:62} INFO - Tmp dir root location: 
 /tmp
[2023-05-04 13:32:12,978] {subprocess.py:74} INFO - Running command: ['bash', '-c', 'sleep 5 && /cmamp/src/download_to_db.py --target_table google_trends_data --use_api True --real_time_data False --topic Oven']
[2023-05-04 13:32:12,985] {subprocess.py:85} INFO - Output:
[2023-05-04 13:32:18,511] {subprocess.py:89} INFO - !!connection fetched!!
[2023-05-04 13:32:18,512] {subprocess.py:89} INFO - DELETE FROM google_trends_data WHERE topic = 'oven'
[2023-05-04 13:32:18,514] {subprocess.py:89} INFO - !Done!
[2023-05-04 13:32:18,515] {subprocess.py:89} INFO -   Topic      Time  Frequency
[2023-05-04 13:32:18,516] {subprocess.py:89} INFO - 0  oven  Jan 2004         21
[2023-05-04 13:32:18,517] {subprocess.py:89} INFO - 1  oven  Feb 2004         19
[2023-05-04 13:32:18,518] {subprocess.py:89} INFO - 2  oven  Mar 2004         18
[2023-05-04 13:32:18,519] {subprocess.py:89} INFO - 3  oven  Apr 2004         20
[2023-05-04 13:32:18,521] {subprocess.py:89} INFO - 4  oven  May 2004         19
[2023-05-04 13:32:18,566] {subprocess.py:93} INFO - Command exited with return code 0
[2023-05-04 13:32:18,605] {taskinstance.py:1280} INFO - Marking task as SUCCESS. dag_id=download_historical_postgres, task_id=download.historical.postgres.google_trends, execution_date=20230504T133000, start_date=20230504T133212, end_date=20230504T133218
[2023-05-04 13:32:18,628] {local_task_job.py:154} INFO - Task exited with return code 0
[2023-05-04 13:32:18,655] {local_task_job.py:264} INFO - 0 downstream tasks scheduled from follow-on schedule check
[2023-05-04 13:32:18,673] {dagrun.py:542} INFO - Marking run <DagRun download_historical_postgres @ 2023-05-04 13:30:00+00:00: scheduled__2023-05-04T13:30:00+00:00, externally triggered: False> successful
[2023-05-04 13:32:18,674] {dagrun.py:602} INFO - DagRun Finished: dag_id=download_historical_postgres, execution_date=2023-05-04 13:30:00+00:00, run_id=scheduled__2023-05-04T13:30:00+00:00, run_start_date=2023-05-04 13:32:11.370572+00:00, run_end_date=2023-05-04 13:32:18.674340+00:00, run_duration=7.303768, state=success, external_trigger=False, run_type=scheduled, data_interval_start=2023-05-04 13:30:00+00:00, data_interval_end=2023-05-04 13:32:00+00:00, dag_hash=4163b10cc18256172b6c43625f2ccdd8
