[2023-05-03T02:32:49.290+0000] {taskinstance.py:1090} INFO - Dependencies all met for dep_context=non-requeueable deps ti=<TaskInstance: dag_1min.dump_1m scheduled__2023-05-03T02:25:00+00:00 [queued]>
[2023-05-03T02:32:49.598+0000] {taskinstance.py:1090} INFO - Dependencies all met for dep_context=requeueable deps ti=<TaskInstance: dag_1min.dump_1m scheduled__2023-05-03T02:25:00+00:00 [queued]>
[2023-05-03T02:32:49.623+0000] {taskinstance.py:1288} INFO - 
--------------------------------------------------------------------------------
[2023-05-03T02:32:49.629+0000] {taskinstance.py:1289} INFO - Starting attempt 1 of 1
[2023-05-03T02:32:49.637+0000] {taskinstance.py:1290} INFO - 
--------------------------------------------------------------------------------
[2023-05-03T02:32:50.234+0000] {taskinstance.py:1309} INFO - Executing <Task(PythonOperator): dump_1m> on 2023-05-03 02:25:00+00:00
[2023-05-03T02:32:50.305+0000] {standard_task_runner.py:55} INFO - Started process 203 to run task
[2023-05-03T02:32:50.448+0000] {standard_task_runner.py:82} INFO - Running: ['***', 'tasks', 'run', 'dag_1min', 'dump_1m', 'scheduled__2023-05-03T02:25:00+00:00', '--job-id', '171', '--raw', '--subdir', 'DAGS_FOLDER/dag_1min.py', '--cfg-path', '/tmp/tmptosdzqx9']
[2023-05-03T02:32:50.474+0000] {standard_task_runner.py:83} INFO - Job 171: Subtask dump_1m
[2023-05-03T02:32:52.422+0000] {task_command.py:389} INFO - Running <TaskInstance: dag_1min.dump_1m scheduled__2023-05-03T02:25:00+00:00 [running]> on host 5762cea9b149
[2023-05-03T02:32:54.750+0000] {taskinstance.py:1518} INFO - Exporting the following env vars:
AIRFLOW_CTX_DAG_OWNER=coder2j
AIRFLOW_CTX_DAG_ID=dag_1min
AIRFLOW_CTX_TASK_ID=dump_1m
AIRFLOW_CTX_EXECUTION_DATE=2023-05-03T02:25:00+00:00
AIRFLOW_CTX_TRY_NUMBER=1
AIRFLOW_CTX_DAG_RUN_ID=scheduled__2023-05-03T02:25:00+00:00
[2023-05-03T02:33:02.086+0000] {logging_mixin.py:137} WARNING -   0%|          | 0/2 [00:00<?, ?it/s]
[2023-05-03T02:33:03.165+0000] {logging_mixin.py:137} INFO - [*********************100%***********************]  1 of 1 completed
[2023-05-03T02:33:03.171+0000] {logging_mixin.py:137} INFO - 
1 Failed download:
[2023-05-03T02:33:03.188+0000] {logging_mixin.py:137} INFO - - AVAX-USD: Exception('Tkr AVAX-USD tz already in cache')
[2023-05-03T02:33:06.553+0000] {logging_mixin.py:137} WARNING -  50%|#####     | 1/2 [00:04<00:04,  4.44s/it]
[2023-05-03T02:33:10.450+0000] {logging_mixin.py:137} INFO - [*********************100%***********************]  1 of 1 completed
[2023-05-03T02:33:18.204+0000] {logging_mixin.py:137} WARNING - 100%|##########| 2/2 [00:16<00:00,  8.68s/it]
[2023-05-03T02:33:18.225+0000] {logging_mixin.py:137} WARNING - 100%|##########| 2/2 [00:16<00:00,  8.06s/it]
[2023-05-03T02:33:18.505+0000] {logging_mixin.py:137} INFO - Index(['open', 'high', 'low', 'close', 'adj_close', 'volume', 'timestamp',
       'currency_pair', 'exchangetimezonename', 'timezone'],
      dtype='object')
[2023-05-03T02:33:19.585+0000] {download_yahoo.py:57} INFO - Downloaded data: 
	            open          high  ...  exchangetimezonename  timezone
0  28427.634766  28427.634766  ...                   UTC       UTC
1  28432.183594  28432.183594  ...                   UTC       UTC
2  28418.753906  28418.753906  ...                   UTC       UTC
3  28432.302734  28432.302734  ...                   UTC       UTC
4  28423.312500  28423.312500  ...                   UTC       UTC

[5 rows x 10 columns]
[2023-05-03T02:33:21.853+0000] {python.py:177} INFO - Done. Returned value was: None
[2023-05-03T02:33:22.405+0000] {taskinstance.py:1332} INFO - Marking task as SUCCESS. dag_id=dag_1min, task_id=dump_1m, execution_date=20230503T022500, start_date=20230503T023249, end_date=20230503T023322
[2023-05-03T02:33:24.337+0000] {local_task_job.py:212} INFO - Task exited with return code 0
[2023-05-03T02:33:25.379+0000] {taskinstance.py:2596} INFO - 1 downstream tasks scheduled from follow-on schedule check
