[2023-05-02T01:44:54.629+0000] {taskinstance.py:1090} INFO - Dependencies all met for dep_context=non-requeueable deps ti=<TaskInstance: dag_1min.dump_1m scheduled__2023-05-02T01:35:00+00:00 [queued]>
[2023-05-02T01:44:54.834+0000] {taskinstance.py:1090} INFO - Dependencies all met for dep_context=requeueable deps ti=<TaskInstance: dag_1min.dump_1m scheduled__2023-05-02T01:35:00+00:00 [queued]>
[2023-05-02T01:44:54.839+0000] {taskinstance.py:1288} INFO - 
--------------------------------------------------------------------------------
[2023-05-02T01:44:54.846+0000] {taskinstance.py:1289} INFO - Starting attempt 1 of 1
[2023-05-02T01:44:54.857+0000] {taskinstance.py:1290} INFO - 
--------------------------------------------------------------------------------
[2023-05-02T01:44:55.096+0000] {taskinstance.py:1309} INFO - Executing <Task(PythonOperator): dump_1m> on 2023-05-02 01:35:00+00:00
[2023-05-02T01:44:55.115+0000] {standard_task_runner.py:55} INFO - Started process 184 to run task
[2023-05-02T01:44:55.156+0000] {standard_task_runner.py:82} INFO - Running: ['***', 'tasks', 'run', 'dag_1min', 'dump_1m', 'scheduled__2023-05-02T01:35:00+00:00', '--job-id', '71', '--raw', '--subdir', 'DAGS_FOLDER/dag_1min.py', '--cfg-path', '/tmp/tmptj5jnhf2']
[2023-05-02T01:44:55.165+0000] {standard_task_runner.py:83} INFO - Job 71: Subtask dump_1m
[2023-05-02T01:44:55.838+0000] {task_command.py:389} INFO - Running <TaskInstance: dag_1min.dump_1m scheduled__2023-05-02T01:35:00+00:00 [running]> on host 178acfe6cdbb
[2023-05-02T01:44:56.853+0000] {taskinstance.py:1518} INFO - Exporting the following env vars:
AIRFLOW_CTX_DAG_OWNER=coder2j
AIRFLOW_CTX_DAG_ID=dag_1min
AIRFLOW_CTX_TASK_ID=dump_1m
AIRFLOW_CTX_EXECUTION_DATE=2023-05-02T01:35:00+00:00
AIRFLOW_CTX_TRY_NUMBER=1
AIRFLOW_CTX_DAG_RUN_ID=scheduled__2023-05-02T01:35:00+00:00
[2023-05-02T01:44:59.984+0000] {logging_mixin.py:137} WARNING -   0%|          | 0/2 [00:00<?, ?it/s]
[2023-05-02T01:45:01.473+0000] {logging_mixin.py:137} INFO - [*********************100%***********************]  1 of 1 completed
[2023-05-02T01:45:01.484+0000] {logging_mixin.py:137} INFO - 
1 Failed download:
[2023-05-02T01:45:01.491+0000] {logging_mixin.py:137} INFO - - AVAX-USD: Exception('Tkr AVAX-USD tz already in cache')
[2023-05-02T01:45:05.363+0000] {logging_mixin.py:137} WARNING -  50%|#####     | 1/2 [00:05<00:05,  5.32s/it]
[2023-05-02T01:45:09.147+0000] {logging_mixin.py:137} INFO - [*********************100%***********************]  1 of 1 completed
[2023-05-02T01:45:15.151+0000] {logging_mixin.py:137} WARNING - 100%|##########| 2/2 [00:15<00:00,  7.97s/it]
[2023-05-02T01:45:15.186+0000] {logging_mixin.py:137} WARNING - 100%|##########| 2/2 [00:15<00:00,  7.59s/it]
[2023-05-02T01:45:15.372+0000] {logging_mixin.py:137} INFO - Index(['open', 'high', 'low', 'close', 'adj_close', 'volume', 'timestamp',
       'currency_pair', 'exchangetimezonename', 'timezone'],
      dtype='object')
[2023-05-02T01:45:16.220+0000] {download_yahoo.py:57} INFO - Downloaded data: 
	            open          high  ...  exchangetimezonename  timezone
0  29472.609375  29472.609375  ...                   UTC       UTC
1  29481.013672  29481.013672  ...                   UTC       UTC
2  29490.109375  29490.109375  ...                   UTC       UTC
3  29481.087891  29481.087891  ...                   UTC       UTC
4  29468.914062  29468.914062  ...                   UTC       UTC

[5 rows x 10 columns]
[2023-05-02T01:45:33.437+0000] {python.py:177} INFO - Done. Returned value was: None
[2023-05-02T01:45:33.603+0000] {taskinstance.py:1332} INFO - Marking task as SUCCESS. dag_id=dag_1min, task_id=dump_1m, execution_date=20230502T013500, start_date=20230502T014454, end_date=20230502T014533
[2023-05-02T01:45:34.551+0000] {local_task_job.py:212} INFO - Task exited with return code 0
[2023-05-02T01:45:35.059+0000] {taskinstance.py:2596} INFO - 0 downstream tasks scheduled from follow-on schedule check
