[2023-05-04 13:39:49,287] {taskinstance.py:1035} INFO - Dependencies all met for <TaskInstance: download_historical_postgres.download.historical.postgres.google_trends manual__2023-05-04T13:39:47.446824+00:00 [queued]>
[2023-05-04 13:39:49,295] {taskinstance.py:1035} INFO - Dependencies all met for <TaskInstance: download_historical_postgres.download.historical.postgres.google_trends manual__2023-05-04T13:39:47.446824+00:00 [queued]>
[2023-05-04 13:39:49,296] {taskinstance.py:1241} INFO - 
--------------------------------------------------------------------------------
[2023-05-04 13:39:49,297] {taskinstance.py:1242} INFO - Starting attempt 1 of 1
[2023-05-04 13:39:49,298] {taskinstance.py:1243} INFO - 
--------------------------------------------------------------------------------
[2023-05-04 13:39:49,307] {taskinstance.py:1262} INFO - Executing <Task(BashOperator): download.historical.postgres.google_trends> on 2023-05-04 13:39:47.446824+00:00
[2023-05-04 13:39:49,310] {standard_task_runner.py:52} INFO - Started process 400 to run task
[2023-05-04 13:39:49,313] {standard_task_runner.py:76} INFO - Running: ['***', 'tasks', 'run', 'download_historical_postgres', 'download.historical.postgres.google_trends', 'manual__2023-05-04T13:39:47.446824+00:00', '--job-id', '15', '--raw', '--subdir', 'DAGS_FOLDER/download_historical_postgres_google_trends.py', '--cfg-path', '/tmp/tmp22889xli', '--error-file', '/tmp/tmp0hvwhpyl']
[2023-05-04 13:39:49,315] {standard_task_runner.py:77} INFO - Job 15: Subtask download.historical.postgres.google_trends
[2023-05-04 13:39:49,354] {logging_mixin.py:109} INFO - Running <TaskInstance: download_historical_postgres.download.historical.postgres.google_trends manual__2023-05-04T13:39:47.446824+00:00 [running]> on host 7d6ed9fdc9c5
[2023-05-04 13:39:49,396] {taskinstance.py:1429} INFO - Exporting the following env vars:
AIRFLOW_CTX_DAG_EMAIL=***@example.com
AIRFLOW_CTX_DAG_OWNER=***
AIRFLOW_CTX_DAG_ID=download_historical_postgres
AIRFLOW_CTX_TASK_ID=download.historical.postgres.google_trends
AIRFLOW_CTX_EXECUTION_DATE=2023-05-04T13:39:47.446824+00:00
AIRFLOW_CTX_DAG_RUN_ID=manual__2023-05-04T13:39:47.446824+00:00
[2023-05-04 13:39:49,398] {subprocess.py:62} INFO - Tmp dir root location: 
 /tmp
[2023-05-04 13:39:49,399] {subprocess.py:74} INFO - Running command: ['bash', '-c', 'sleep 5 && /cmamp/src/download_to_db.py --target_table google_trends_data --use_api True --real_time_data False --topic iPad']
[2023-05-04 13:39:49,407] {subprocess.py:85} INFO - Output:
[2023-05-04 13:39:55,295] {subprocess.py:89} INFO - !!connection fetched!!
[2023-05-04 13:39:55,297] {subprocess.py:89} INFO - DELETE FROM google_trends_data WHERE topic = 'ipad'
[2023-05-04 13:39:55,298] {subprocess.py:89} INFO - !Done!
[2023-05-04 13:39:55,299] {subprocess.py:89} INFO -   Topic      Time  Frequency
[2023-05-04 13:39:55,300] {subprocess.py:89} INFO - 0  ipad  Jan 2004          0
[2023-05-04 13:39:55,301] {subprocess.py:89} INFO - 1  ipad  Feb 2004          0
[2023-05-04 13:39:55,302] {subprocess.py:89} INFO - 2  ipad  Mar 2004          0
[2023-05-04 13:39:55,304] {subprocess.py:89} INFO - 3  ipad  Apr 2004          0
[2023-05-04 13:39:55,305] {subprocess.py:89} INFO - 4  ipad  May 2004          0
[2023-05-04 13:39:55,347] {subprocess.py:93} INFO - Command exited with return code 0
[2023-05-04 13:39:55,373] {taskinstance.py:1280} INFO - Marking task as SUCCESS. dag_id=download_historical_postgres, task_id=download.historical.postgres.google_trends, execution_date=20230504T133947, start_date=20230504T133949, end_date=20230504T133955
[2023-05-04 13:39:55,427] {local_task_job.py:154} INFO - Task exited with return code 0
[2023-05-04 13:39:55,456] {local_task_job.py:264} INFO - 0 downstream tasks scheduled from follow-on schedule check
