[2023-05-03T07:10:14.787+0000] {taskinstance.py:1090} INFO - Dependencies all met for dep_context=non-requeueable deps ti=<TaskInstance: dag_1min.dump_1m scheduled__2023-05-03T07:05:00+00:00 [queued]>
[2023-05-03T07:10:14.842+0000] {taskinstance.py:1090} INFO - Dependencies all met for dep_context=requeueable deps ti=<TaskInstance: dag_1min.dump_1m scheduled__2023-05-03T07:05:00+00:00 [queued]>
[2023-05-03T07:10:14.844+0000] {taskinstance.py:1288} INFO - 
--------------------------------------------------------------------------------
[2023-05-03T07:10:14.846+0000] {taskinstance.py:1289} INFO - Starting attempt 1 of 1
[2023-05-03T07:10:14.847+0000] {taskinstance.py:1290} INFO - 
--------------------------------------------------------------------------------
[2023-05-03T07:10:14.931+0000] {taskinstance.py:1309} INFO - Executing <Task(PythonOperator): dump_1m> on 2023-05-03 07:05:00+00:00
[2023-05-03T07:10:14.946+0000] {standard_task_runner.py:55} INFO - Started process 2211 to run task
[2023-05-03T07:10:14.958+0000] {standard_task_runner.py:82} INFO - Running: ['***', 'tasks', 'run', 'dag_1min', 'dump_1m', 'scheduled__2023-05-03T07:05:00+00:00', '--job-id', '224', '--raw', '--subdir', 'DAGS_FOLDER/dag_1min.py', '--cfg-path', '/tmp/tmp0hhk5ydy']
[2023-05-03T07:10:14.962+0000] {standard_task_runner.py:83} INFO - Job 224: Subtask dump_1m
[2023-05-03T07:10:15.213+0000] {task_command.py:389} INFO - Running <TaskInstance: dag_1min.dump_1m scheduled__2023-05-03T07:05:00+00:00 [running]> on host c58811f86e80
[2023-05-03T07:10:15.637+0000] {taskinstance.py:1518} INFO - Exporting the following env vars:
AIRFLOW_CTX_DAG_OWNER=coder2j
AIRFLOW_CTX_DAG_ID=dag_1min
AIRFLOW_CTX_TASK_ID=dump_1m
AIRFLOW_CTX_EXECUTION_DATE=2023-05-03T07:05:00+00:00
AIRFLOW_CTX_TRY_NUMBER=1
AIRFLOW_CTX_DAG_RUN_ID=scheduled__2023-05-03T07:05:00+00:00
[2023-05-03T07:10:16.885+0000] {logging_mixin.py:137} WARNING -   0%|          | 0/2 [00:00<?, ?it/s]
[2023-05-03T07:10:17.448+0000] {logging_mixin.py:137} INFO - [*********************100%***********************]  1 of 1 completed
[2023-05-03T07:10:18.649+0000] {logging_mixin.py:137} WARNING -  50%|#####     | 1/2 [00:01<00:01,  1.76s/it]
[2023-05-03T07:10:18.958+0000] {logging_mixin.py:137} INFO - [*********************100%***********************]  1 of 1 completed
[2023-05-03T07:10:20.041+0000] {logging_mixin.py:137} WARNING - 100%|##########| 2/2 [00:03<00:00,  1.54s/it]
[2023-05-03T07:10:20.045+0000] {logging_mixin.py:137} WARNING - 100%|##########| 2/2 [00:03<00:00,  1.58s/it]
[2023-05-03T07:10:20.065+0000] {logging_mixin.py:137} INFO - Index(['open', 'high', 'low', 'close', 'adj_close', 'volume', 'timestamp',
       'currency_pair', 'exchangetimezonename', 'timezone'],
      dtype='object')
[2023-05-03T07:10:20.209+0000] {download_yahoo.py:57} INFO - Downloaded data: 
	         open       high        low  ...  currency_pair  exchangetimezonename  timezone
0  16.757109  16.757109  16.757109  ...       AVAX-USD                   UTC       UTC
1  16.756853  16.756853  16.756853  ...       AVAX-USD                   UTC       UTC
2  16.755688  16.755688  16.755688  ...       AVAX-USD                   UTC       UTC
3  16.755342  16.755342  16.755342  ...       AVAX-USD                   UTC       UTC
4  16.754610  16.754610  16.754610  ...       AVAX-USD                   UTC       UTC

[5 rows x 10 columns]
[2023-05-03T07:10:20.437+0000] {python.py:177} INFO - Done. Returned value was: None
[2023-05-03T07:10:20.490+0000] {taskinstance.py:1332} INFO - Marking task as SUCCESS. dag_id=dag_1min, task_id=dump_1m, execution_date=20230503T070500, start_date=20230503T071014, end_date=20230503T071020
[2023-05-03T07:10:20.616+0000] {local_task_job.py:212} INFO - Task exited with return code 0
[2023-05-03T07:10:20.717+0000] {taskinstance.py:2596} INFO - 1 downstream tasks scheduled from follow-on schedule check
