[2023-04-15T03:41:25.934+0000] {taskinstance.py:1090} INFO - Dependencies all met for dep_context=non-requeueable deps ti=<TaskInstance: dag_with_python_dependencies_v03.get_sklearn scheduled__2023-04-15T01:20:00+00:00 [queued]>
[2023-04-15T03:41:26.013+0000] {taskinstance.py:1090} INFO - Dependencies all met for dep_context=requeueable deps ti=<TaskInstance: dag_with_python_dependencies_v03.get_sklearn scheduled__2023-04-15T01:20:00+00:00 [queued]>
[2023-04-15T03:41:26.018+0000] {taskinstance.py:1288} INFO - 
--------------------------------------------------------------------------------
[2023-04-15T03:41:26.023+0000] {taskinstance.py:1289} INFO - Starting attempt 1 of 1
[2023-04-15T03:41:26.031+0000] {taskinstance.py:1290} INFO - 
--------------------------------------------------------------------------------
[2023-04-15T03:41:26.383+0000] {taskinstance.py:1309} INFO - Executing <Task(PythonOperator): get_sklearn> on 2023-04-15 01:20:00+00:00
[2023-04-15T03:41:26.434+0000] {standard_task_runner.py:55} INFO - Started process 233 to run task
[2023-04-15T03:41:26.474+0000] {standard_task_runner.py:82} INFO - Running: ['***', 'tasks', 'run', 'dag_with_python_dependencies_v03', 'get_sklearn', 'scheduled__2023-04-15T01:20:00+00:00', '--job-id', '247', '--raw', '--subdir', 'DAGS_FOLDER/dag_with_python_dependencies.py', '--cfg-path', '/tmp/tmp4ezlk61i']
[2023-04-15T03:41:26.479+0000] {standard_task_runner.py:83} INFO - Job 247: Subtask get_sklearn
[2023-04-15T03:41:26.842+0000] {task_command.py:389} INFO - Running <TaskInstance: dag_with_python_dependencies_v03.get_sklearn scheduled__2023-04-15T01:20:00+00:00 [running]> on host 618610b18aa7
[2023-04-15T03:41:36.412+0000] {taskinstance.py:1518} INFO - Exporting the following env vars:
AIRFLOW_CTX_DAG_OWNER=coder2j
AIRFLOW_CTX_DAG_ID=dag_with_python_dependencies_v03
AIRFLOW_CTX_TASK_ID=get_sklearn
AIRFLOW_CTX_EXECUTION_DATE=2023-04-15T01:20:00+00:00
AIRFLOW_CTX_TRY_NUMBER=1
AIRFLOW_CTX_DAG_RUN_ID=scheduled__2023-04-15T01:20:00+00:00
[2023-04-15T03:41:37.425+0000] {logging_mixin.py:137} WARNING -   0%|          | 0/2 [00:00<?, ?it/s]
[2023-04-15T03:41:41.891+0000] {logging_mixin.py:137} INFO - [*********************100%***********************]  1 of 1 completed
[2023-04-15T03:41:47.549+0000] {logging_mixin.py:137} WARNING -  50%|#####     | 1/2 [00:10<00:10, 10.01s/it]
[2023-04-15T03:41:48.242+0000] {logging_mixin.py:137} INFO - [*********************100%***********************]  1 of 1 completed
[2023-04-15T03:41:49.715+0000] {logging_mixin.py:137} WARNING - 100%|##########| 2/2 [00:12<00:00,  5.40s/it]
[2023-04-15T03:41:49.727+0000] {logging_mixin.py:137} WARNING - 100%|##########| 2/2 [00:12<00:00,  6.10s/it]
[2023-04-15T03:41:49.752+0000] {logging_mixin.py:137} INFO - Index(['open', 'high', 'low', 'close', 'adj_close', 'volume', 'timestamp',
       'currency_pair', 'exchangetimezonename', 'timezone'],
      dtype='object')
[2023-04-15T03:41:49.832+0000] {download_yahoo.py:57} INFO - Downloaded data: 
	         open       high        low  ...  currency_pair  exchangetimezonename  timezone
0  18.256571  18.256571  18.256571  ...       AVAX-USD                   UTC       UTC
1  18.261120  18.261120  18.261120  ...       AVAX-USD                   UTC       UTC
2  18.260952  18.260952  18.260952  ...       AVAX-USD                   UTC       UTC
3  18.264101  18.264101  18.264101  ...       AVAX-USD                   UTC       UTC
4  18.268419  18.268419  18.268419  ...       AVAX-USD                   UTC       UTC

[5 rows x 10 columns]
[2023-04-15T03:41:49.849+0000] {logging_mixin.py:137} INFO - raw_data
[2023-04-15T03:41:49.882+0000] {logging_mixin.py:137} INFO - 2023-04-15 03:39:00
[2023-04-15T03:41:49.904+0000] {logging_mixin.py:137} INFO -         open       high        low  ...  currency_pair  exchangetimezonename  timezone
0  18.256571  18.256571  18.256571  ...       AVAX-USD                   UTC       UTC
1  18.261120  18.261120  18.261120  ...       AVAX-USD                   UTC       UTC
2  18.260952  18.260952  18.260952  ...       AVAX-USD                   UTC       UTC
3  18.264101  18.264101  18.264101  ...       AVAX-USD                   UTC       UTC
4  18.268419  18.268419  18.268419  ...       AVAX-USD                   UTC       UTC

[5 rows x 10 columns]
