[2023-04-15T03:34:21.871+0000] {taskinstance.py:1090} INFO - Dependencies all met for dep_context=non-requeueable deps ti=<TaskInstance: dag_with_python_dependencies_v03.get_sklearn scheduled__2023-04-14T23:42:00+00:00 [queued]>
[2023-04-15T03:34:25.338+0000] {taskinstance.py:1090} INFO - Dependencies all met for dep_context=requeueable deps ti=<TaskInstance: dag_with_python_dependencies_v03.get_sklearn scheduled__2023-04-14T23:42:00+00:00 [queued]>
[2023-04-15T03:34:25.521+0000] {taskinstance.py:1288} INFO - 
--------------------------------------------------------------------------------
[2023-04-15T03:34:25.625+0000] {taskinstance.py:1289} INFO - Starting attempt 1 of 1
[2023-04-15T03:34:25.701+0000] {taskinstance.py:1290} INFO - 
--------------------------------------------------------------------------------
[2023-04-15T03:34:30.027+0000] {taskinstance.py:1309} INFO - Executing <Task(PythonOperator): get_sklearn> on 2023-04-14 23:42:00+00:00
[2023-04-15T03:34:30.541+0000] {standard_task_runner.py:55} INFO - Started process 110 to run task
[2023-04-15T03:34:32.538+0000] {standard_task_runner.py:82} INFO - Running: ['***', 'tasks', 'run', 'dag_with_python_dependencies_v03', 'get_sklearn', 'scheduled__2023-04-14T23:42:00+00:00', '--job-id', '212', '--raw', '--subdir', 'DAGS_FOLDER/dag_with_python_dependencies.py', '--cfg-path', '/tmp/tmpld3h0caq']
[2023-04-15T03:34:32.737+0000] {standard_task_runner.py:83} INFO - Job 212: Subtask get_sklearn
[2023-04-15T03:34:40.652+0000] {task_command.py:389} INFO - Running <TaskInstance: dag_with_python_dependencies_v03.get_sklearn scheduled__2023-04-14T23:42:00+00:00 [running]> on host 76edc18680e0
[2023-04-15T03:34:44.057+0000] {taskinstance.py:1518} INFO - Exporting the following env vars:
AIRFLOW_CTX_DAG_OWNER=coder2j
AIRFLOW_CTX_DAG_ID=dag_with_python_dependencies_v03
AIRFLOW_CTX_TASK_ID=get_sklearn
AIRFLOW_CTX_EXECUTION_DATE=2023-04-14T23:42:00+00:00
AIRFLOW_CTX_TRY_NUMBER=1
AIRFLOW_CTX_DAG_RUN_ID=scheduled__2023-04-14T23:42:00+00:00
[2023-04-15T03:34:44.561+0000] {logging_mixin.py:137} WARNING -   0%|          | 0/2 [00:00<?, ?it/s]
[2023-04-15T03:34:47.838+0000] {logging_mixin.py:137} INFO - [*********************100%***********************]  1 of 1 completed
[2023-04-15T03:35:06.357+0000] {logging_mixin.py:137} WARNING -  50%|#####     | 1/2 [00:21<00:21, 21.74s/it]
[2023-04-15T03:35:07.964+0000] {logging_mixin.py:137} INFO - [*********************100%***********************]  1 of 1 completed
[2023-04-15T03:35:11.435+0000] {logging_mixin.py:137} WARNING - 100%|##########| 2/2 [00:26<00:00, 11.95s/it]
[2023-04-15T03:35:11.446+0000] {logging_mixin.py:137} WARNING - 100%|##########| 2/2 [00:26<00:00, 13.42s/it]
[2023-04-15T03:35:11.538+0000] {logging_mixin.py:137} INFO - Index(['open', 'high', 'low', 'close', 'adj_close', 'volume', 'timestamp',
       'currency_pair', 'exchangetimezonename', 'timezone'],
      dtype='object')
[2023-04-15T03:35:11.879+0000] {download_yahoo.py:57} INFO - Downloaded data: 
	         open       high        low  ...  currency_pair  exchangetimezonename  timezone
0  18.256571  18.256571  18.256571  ...       AVAX-USD                   UTC       UTC
1  18.261120  18.261120  18.261120  ...       AVAX-USD                   UTC       UTC
2  18.260952  18.260952  18.260952  ...       AVAX-USD                   UTC       UTC
3  18.264101  18.264101  18.264101  ...       AVAX-USD                   UTC       UTC
4  18.268419  18.268419  18.268419  ...       AVAX-USD                   UTC       UTC

[5 rows x 10 columns]
[2023-04-15T03:35:11.901+0000] {logging_mixin.py:137} INFO - raw_data
[2023-04-15T03:36:15.405+0000] {logging_mixin.py:137} INFO - 2023-04-15 03:32:00
[2023-04-15T03:36:16.091+0000] {logging_mixin.py:137} INFO -         open       high        low  ...  currency_pair  exchangetimezonename  timezone
0  18.256571  18.256571  18.256571  ...       AVAX-USD                   UTC       UTC
1  18.261120  18.261120  18.261120  ...       AVAX-USD                   UTC       UTC
2  18.260952  18.260952  18.260952  ...       AVAX-USD                   UTC       UTC
3  18.264101  18.264101  18.264101  ...       AVAX-USD                   UTC       UTC
4  18.268419  18.268419  18.268419  ...       AVAX-USD                   UTC       UTC

[5 rows x 10 columns]
[2023-04-15T03:36:17.151+0000] {logging_mixin.py:137} INFO - 123123
[2023-04-15T03:36:17.166+0000] {python.py:177} INFO - Done. Returned value was: None
[2023-04-15T03:36:17.893+0000] {taskinstance.py:1332} INFO - Marking task as SUCCESS. dag_id=dag_with_python_dependencies_v03, task_id=get_sklearn, execution_date=20230414T234200, start_date=20230415T033421, end_date=20230415T033617
[2023-04-15T03:36:28.503+0000] {local_task_job.py:277} WARNING - State of this instance has been externally set to success. Terminating instance.
[2023-04-15T03:36:30.308+0000] {process_utils.py:133} INFO - Sending Signals.SIGTERM to group 110. PIDs of all processes in the group: [110]
[2023-04-15T03:36:30.475+0000] {process_utils.py:84} INFO - Sending the signal Signals.SIGTERM to group 110
[2023-04-15T03:36:32.146+0000] {process_utils.py:79} INFO - Process psutil.Process(pid=110, status='terminated', exitcode=0, started='03:34:29') (110) terminated with exit code 0
