[2023-04-14T04:45:28.679+0000] {taskinstance.py:1090} INFO - Dependencies all met for dep_context=non-requeueable deps ti=<TaskInstance: dag_with_python_dependencies_v03.get_sklearn scheduled__2021-10-16T00:00:00+00:00 [queued]>
[2023-04-14T04:45:29.215+0000] {taskinstance.py:1090} INFO - Dependencies all met for dep_context=requeueable deps ti=<TaskInstance: dag_with_python_dependencies_v03.get_sklearn scheduled__2021-10-16T00:00:00+00:00 [queued]>
[2023-04-14T04:45:29.218+0000] {taskinstance.py:1288} INFO - 
--------------------------------------------------------------------------------
[2023-04-14T04:45:29.221+0000] {taskinstance.py:1289} INFO - Starting attempt 1 of 1
[2023-04-14T04:45:29.223+0000] {taskinstance.py:1290} INFO - 
--------------------------------------------------------------------------------
[2023-04-14T04:45:30.541+0000] {taskinstance.py:1309} INFO - Executing <Task(PythonOperator): get_sklearn> on 2021-10-16 00:00:00+00:00
[2023-04-14T04:45:30.787+0000] {standard_task_runner.py:55} INFO - Started process 115 to run task
[2023-04-14T04:45:30.845+0000] {standard_task_runner.py:82} INFO - Running: ['***', 'tasks', 'run', 'dag_with_python_dependencies_v03', 'get_sklearn', 'scheduled__2021-10-16T00:00:00+00:00', '--job-id', '19', '--raw', '--subdir', 'DAGS_FOLDER/dag_with_python_dependencies.py', '--cfg-path', '/tmp/tmpk2nkxjbs']
[2023-04-14T04:45:30.914+0000] {standard_task_runner.py:83} INFO - Job 19: Subtask get_sklearn
[2023-04-14T04:45:39.357+0000] {task_command.py:389} INFO - Running <TaskInstance: dag_with_python_dependencies_v03.get_sklearn scheduled__2021-10-16T00:00:00+00:00 [running]> on host 815358ea1401
[2023-04-14T04:45:40.869+0000] {taskinstance.py:1518} INFO - Exporting the following env vars:
AIRFLOW_CTX_DAG_OWNER=coder2j
AIRFLOW_CTX_DAG_ID=dag_with_python_dependencies_v03
AIRFLOW_CTX_TASK_ID=get_sklearn
AIRFLOW_CTX_EXECUTION_DATE=2021-10-16T00:00:00+00:00
AIRFLOW_CTX_TRY_NUMBER=1
AIRFLOW_CTX_DAG_RUN_ID=scheduled__2021-10-16T00:00:00+00:00
[2023-04-14T04:45:51.887+0000] {local_task_job.py:212} INFO - Task exited with return code Negsignal.SIGKILL
[2023-04-14T04:45:56.808+0000] {taskinstance.py:2596} INFO - 0 downstream tasks scheduled from follow-on schedule check
