[2023-05-02T21:30:23.266+0000] {taskinstance.py:1090} INFO - Dependencies all met for dep_context=non-requeueable deps ti=<TaskInstance: dag_1min.dump_1m scheduled__2023-05-02T21:25:00+00:00 [queued]>
[2023-05-02T21:30:23.325+0000] {taskinstance.py:1090} INFO - Dependencies all met for dep_context=requeueable deps ti=<TaskInstance: dag_1min.dump_1m scheduled__2023-05-02T21:25:00+00:00 [queued]>
[2023-05-02T21:30:23.328+0000] {taskinstance.py:1288} INFO - 
--------------------------------------------------------------------------------
[2023-05-02T21:30:23.330+0000] {taskinstance.py:1289} INFO - Starting attempt 1 of 1
[2023-05-02T21:30:23.333+0000] {taskinstance.py:1290} INFO - 
--------------------------------------------------------------------------------
[2023-05-02T21:30:23.461+0000] {taskinstance.py:1309} INFO - Executing <Task(PythonOperator): dump_1m> on 2023-05-02 21:25:00+00:00
[2023-05-02T21:30:23.484+0000] {standard_task_runner.py:55} INFO - Started process 1569 to run task
[2023-05-02T21:30:23.521+0000] {standard_task_runner.py:82} INFO - Running: ['***', 'tasks', 'run', 'dag_1min', 'dump_1m', 'scheduled__2023-05-02T21:25:00+00:00', '--job-id', '124', '--raw', '--subdir', 'DAGS_FOLDER/dag_1min.py', '--cfg-path', '/tmp/tmpaejmrsln']
[2023-05-02T21:30:23.526+0000] {standard_task_runner.py:83} INFO - Job 124: Subtask dump_1m
[2023-05-02T21:30:24.049+0000] {task_command.py:389} INFO - Running <TaskInstance: dag_1min.dump_1m scheduled__2023-05-02T21:25:00+00:00 [running]> on host 4a3bd7cf27f4
[2023-05-02T21:30:25.604+0000] {taskinstance.py:1518} INFO - Exporting the following env vars:
AIRFLOW_CTX_DAG_OWNER=coder2j
AIRFLOW_CTX_DAG_ID=dag_1min
AIRFLOW_CTX_TASK_ID=dump_1m
AIRFLOW_CTX_EXECUTION_DATE=2023-05-02T21:25:00+00:00
AIRFLOW_CTX_TRY_NUMBER=1
AIRFLOW_CTX_DAG_RUN_ID=scheduled__2023-05-02T21:25:00+00:00
[2023-05-02T21:30:30.782+0000] {logging_mixin.py:137} WARNING -   0%|          | 0/2 [00:00<?, ?it/s]
[2023-05-02T21:30:31.837+0000] {logging_mixin.py:137} INFO - [*********************100%***********************]  1 of 1 completed
[2023-05-02T21:30:35.795+0000] {logging_mixin.py:137} WARNING -  50%|#####     | 1/2 [00:04<00:04,  4.95s/it]
[2023-05-02T21:30:36.551+0000] {logging_mixin.py:137} INFO - [*********************100%***********************]  1 of 1 completed
[2023-05-02T21:30:40.854+0000] {logging_mixin.py:137} WARNING - 100%|##########| 2/2 [00:10<00:00,  4.98s/it]
[2023-05-02T21:30:40.962+0000] {logging_mixin.py:137} WARNING - 100%|##########| 2/2 [00:10<00:00,  5.08s/it]
[2023-05-02T21:30:41.623+0000] {logging_mixin.py:137} INFO - Index(['open', 'high', 'low', 'close', 'adj_close', 'volume', 'timestamp',
       'currency_pair', 'exchangetimezonename', 'timezone'],
      dtype='object')
[2023-05-02T21:30:42.536+0000] {download_yahoo.py:57} INFO - Downloaded data: 
	         open       high        low  ...  currency_pair  exchangetimezonename  timezone
0  16.894550  16.894550  16.894550  ...       AVAX-USD                   UTC       UTC
1  16.892172  16.892172  16.892172  ...       AVAX-USD                   UTC       UTC
2  16.893206  16.893206  16.893206  ...       AVAX-USD                   UTC       UTC
3  16.891283  16.891283  16.891283  ...       AVAX-USD                   UTC       UTC
4  16.891186  16.891186  16.891186  ...       AVAX-USD                   UTC       UTC

[5 rows x 10 columns]
[2023-05-02T21:30:43.175+0000] {python.py:177} INFO - Done. Returned value was: None
[2023-05-02T21:30:43.414+0000] {taskinstance.py:1332} INFO - Marking task as SUCCESS. dag_id=dag_1min, task_id=dump_1m, execution_date=20230502T212500, start_date=20230502T213023, end_date=20230502T213043
[2023-05-02T21:30:43.768+0000] {local_task_job.py:212} INFO - Task exited with return code 0
[2023-05-02T21:30:44.011+0000] {taskinstance.py:2596} INFO - 0 downstream tasks scheduled from follow-on schedule check
