[2023-04-15T03:40:17.943+0000] {taskinstance.py:1090} INFO - Dependencies all met for dep_context=non-requeueable deps ti=<TaskInstance: dag_with_python_dependencies_v03.get_sklearn scheduled__2023-04-15T00:48:00+00:00 [queued]>
[2023-04-15T03:40:17.979+0000] {taskinstance.py:1090} INFO - Dependencies all met for dep_context=requeueable deps ti=<TaskInstance: dag_with_python_dependencies_v03.get_sklearn scheduled__2023-04-15T00:48:00+00:00 [queued]>
[2023-04-15T03:40:17.982+0000] {taskinstance.py:1288} INFO - 
--------------------------------------------------------------------------------
[2023-04-15T03:40:17.984+0000] {taskinstance.py:1289} INFO - Starting attempt 1 of 1
[2023-04-15T03:40:17.990+0000] {taskinstance.py:1290} INFO - 
--------------------------------------------------------------------------------
[2023-04-15T03:40:18.091+0000] {taskinstance.py:1309} INFO - Executing <Task(PythonOperator): get_sklearn> on 2023-04-15 00:48:00+00:00
[2023-04-15T03:40:18.190+0000] {standard_task_runner.py:55} INFO - Started process 147 to run task
[2023-04-15T03:40:18.231+0000] {standard_task_runner.py:82} INFO - Running: ['***', 'tasks', 'run', 'dag_with_python_dependencies_v03', 'get_sklearn', 'scheduled__2023-04-15T00:48:00+00:00', '--job-id', '233', '--raw', '--subdir', 'DAGS_FOLDER/dag_with_python_dependencies.py', '--cfg-path', '/tmp/tmp72wrmcgv']
[2023-04-15T03:40:18.241+0000] {standard_task_runner.py:83} INFO - Job 233: Subtask get_sklearn
[2023-04-15T03:40:18.794+0000] {task_command.py:389} INFO - Running <TaskInstance: dag_with_python_dependencies_v03.get_sklearn scheduled__2023-04-15T00:48:00+00:00 [running]> on host 618610b18aa7
[2023-04-15T03:40:34.119+0000] {taskinstance.py:1518} INFO - Exporting the following env vars:
AIRFLOW_CTX_DAG_OWNER=coder2j
AIRFLOW_CTX_DAG_ID=dag_with_python_dependencies_v03
AIRFLOW_CTX_TASK_ID=get_sklearn
AIRFLOW_CTX_EXECUTION_DATE=2023-04-15T00:48:00+00:00
AIRFLOW_CTX_TRY_NUMBER=1
AIRFLOW_CTX_DAG_RUN_ID=scheduled__2023-04-15T00:48:00+00:00
[2023-04-15T03:40:34.385+0000] {logging_mixin.py:137} WARNING -   0%|          | 0/2 [00:00<?, ?it/s]
[2023-04-15T03:40:37.108+0000] {logging_mixin.py:137} INFO - [*********************100%***********************]  1 of 1 completed
[2023-04-15T03:40:40.344+0000] {logging_mixin.py:137} WARNING -  50%|#####     | 1/2 [00:05<00:05,  5.91s/it]
[2023-04-15T03:40:43.299+0000] {local_task_job.py:212} INFO - Task exited with return code Negsignal.SIGKILL
[2023-04-15T03:40:43.922+0000] {taskinstance.py:2596} INFO - 0 downstream tasks scheduled from follow-on schedule check
