[2023-04-16T00:05:10.084+0000] {taskinstance.py:1090} INFO - Dependencies all met for dep_context=non-requeueable deps ti=<TaskInstance: dag_1min.dump_1m scheduled__2023-04-16T00:00:00+00:00 [queued]>
[2023-04-16T00:05:10.141+0000] {taskinstance.py:1090} INFO - Dependencies all met for dep_context=requeueable deps ti=<TaskInstance: dag_1min.dump_1m scheduled__2023-04-16T00:00:00+00:00 [queued]>
[2023-04-16T00:05:10.144+0000] {taskinstance.py:1288} INFO - 
--------------------------------------------------------------------------------
[2023-04-16T00:05:10.151+0000] {taskinstance.py:1289} INFO - Starting attempt 1 of 1
[2023-04-16T00:05:10.155+0000] {taskinstance.py:1290} INFO - 
--------------------------------------------------------------------------------
[2023-04-16T00:05:10.349+0000] {taskinstance.py:1309} INFO - Executing <Task(PythonOperator): dump_1m> on 2023-04-16 00:00:00+00:00
[2023-04-16T00:05:10.383+0000] {standard_task_runner.py:55} INFO - Started process 2223 to run task
[2023-04-16T00:05:10.425+0000] {standard_task_runner.py:82} INFO - Running: ['***', 'tasks', 'run', 'dag_1min', 'dump_1m', 'scheduled__2023-04-16T00:00:00+00:00', '--job-id', '337', '--raw', '--subdir', 'DAGS_FOLDER/dag_1min.py', '--cfg-path', '/tmp/tmpk2ktmjai']
[2023-04-16T00:05:10.430+0000] {standard_task_runner.py:83} INFO - Job 337: Subtask dump_1m
[2023-04-16T00:05:10.995+0000] {task_command.py:389} INFO - Running <TaskInstance: dag_1min.dump_1m scheduled__2023-04-16T00:00:00+00:00 [running]> on host cc609b5f7385
[2023-04-16T00:05:12.577+0000] {taskinstance.py:1518} INFO - Exporting the following env vars:
AIRFLOW_CTX_DAG_OWNER=coder2j
AIRFLOW_CTX_DAG_ID=dag_1min
AIRFLOW_CTX_TASK_ID=dump_1m
AIRFLOW_CTX_EXECUTION_DATE=2023-04-16T00:00:00+00:00
AIRFLOW_CTX_TRY_NUMBER=1
AIRFLOW_CTX_DAG_RUN_ID=scheduled__2023-04-16T00:00:00+00:00
[2023-04-16T00:05:13.614+0000] {logging_mixin.py:137} WARNING -   0%|          | 0/2 [00:00<?, ?it/s]
[2023-04-16T00:05:15.078+0000] {logging_mixin.py:137} INFO - [*********************100%***********************]  1 of 1 completed
[2023-04-16T00:05:17.099+0000] {logging_mixin.py:137} WARNING -  50%|#####     | 1/2 [00:03<00:03,  3.43s/it]
[2023-04-16T00:05:18.028+0000] {logging_mixin.py:137} INFO - [*********************100%***********************]  1 of 1 completed
[2023-04-16T00:05:26.130+0000] {logging_mixin.py:137} WARNING - 100%|##########| 2/2 [00:12<00:00,  6.74s/it]
[2023-04-16T00:05:26.165+0000] {logging_mixin.py:137} WARNING - 100%|##########| 2/2 [00:12<00:00,  6.27s/it]
[2023-04-16T00:05:26.254+0000] {logging_mixin.py:137} INFO - Index(['open', 'high', 'low', 'close', 'adj_close', 'volume', 'timestamp',
       'currency_pair', 'exchangetimezonename', 'timezone'],
      dtype='object')
[2023-04-16T00:05:27.873+0000] {download_yahoo.py:57} INFO - Downloaded data: 
	         open       high        low  ...  currency_pair  exchangetimezonename  timezone
0  19.103041  19.103041  19.103041  ...       AVAX-USD                   UTC       UTC
1  19.108862  19.108862  19.108862  ...       AVAX-USD                   UTC       UTC
2  19.107136  19.107136  19.107136  ...       AVAX-USD                   UTC       UTC
3  19.105591  19.105591  19.105591  ...       AVAX-USD                   UTC       UTC
4  19.104191  19.104191  19.104191  ...       AVAX-USD                   UTC       UTC

[5 rows x 10 columns]
[2023-04-16T00:05:40.823+0000] {python.py:177} INFO - Done. Returned value was: None
[2023-04-16T00:05:41.306+0000] {taskinstance.py:1332} INFO - Marking task as SUCCESS. dag_id=dag_1min, task_id=dump_1m, execution_date=20230416T000000, start_date=20230416T000510, end_date=20230416T000541
[2023-04-16T00:05:41.901+0000] {local_task_job.py:212} INFO - Task exited with return code 0
[2023-04-16T00:05:42.449+0000] {taskinstance.py:2596} INFO - 0 downstream tasks scheduled from follow-on schedule check
