[2023-04-14T04:50:03.774+0000] {taskinstance.py:1090} INFO - Dependencies all met for dep_context=non-requeueable deps ti=<TaskInstance: dag_with_python_dependencies_v03.get_sklearn scheduled__2023-04-14T00:36:00+00:00 [queued]>
[2023-04-14T04:50:03.797+0000] {taskinstance.py:1090} INFO - Dependencies all met for dep_context=requeueable deps ti=<TaskInstance: dag_with_python_dependencies_v03.get_sklearn scheduled__2023-04-14T00:36:00+00:00 [queued]>
[2023-04-14T04:50:03.806+0000] {taskinstance.py:1288} INFO - 
--------------------------------------------------------------------------------
[2023-04-14T04:50:03.808+0000] {taskinstance.py:1289} INFO - Starting attempt 1 of 1
[2023-04-14T04:50:03.809+0000] {taskinstance.py:1290} INFO - 
--------------------------------------------------------------------------------
[2023-04-14T04:50:03.832+0000] {taskinstance.py:1309} INFO - Executing <Task(PythonOperator): get_sklearn> on 2023-04-14 00:36:00+00:00
[2023-04-14T04:50:03.848+0000] {standard_task_runner.py:55} INFO - Started process 122 to run task
[2023-04-14T04:50:03.860+0000] {standard_task_runner.py:82} INFO - Running: ['***', 'tasks', 'run', 'dag_with_python_dependencies_v03', 'get_sklearn', 'scheduled__2023-04-14T00:36:00+00:00', '--job-id', '47', '--raw', '--subdir', 'DAGS_FOLDER/dag_with_python_dependencies.py', '--cfg-path', '/tmp/tmpd7lltu1c']
[2023-04-14T04:50:03.866+0000] {standard_task_runner.py:83} INFO - Job 47: Subtask get_sklearn
[2023-04-14T04:50:04.040+0000] {task_command.py:389} INFO - Running <TaskInstance: dag_with_python_dependencies_v03.get_sklearn scheduled__2023-04-14T00:36:00+00:00 [running]> on host f17075e7e65f
[2023-04-14T04:50:04.182+0000] {taskinstance.py:1518} INFO - Exporting the following env vars:
AIRFLOW_CTX_DAG_OWNER=coder2j
AIRFLOW_CTX_DAG_ID=dag_with_python_dependencies_v03
AIRFLOW_CTX_TASK_ID=get_sklearn
AIRFLOW_CTX_EXECUTION_DATE=2023-04-14T00:36:00+00:00
AIRFLOW_CTX_TRY_NUMBER=1
AIRFLOW_CTX_DAG_RUN_ID=scheduled__2023-04-14T00:36:00+00:00
[2023-04-14T04:50:05.769+0000] {logging_mixin.py:137} INFO - sklearn with version: 0.24.2 
[2023-04-14T04:50:05.772+0000] {python.py:177} INFO - Done. Returned value was: None
[2023-04-14T04:50:05.816+0000] {taskinstance.py:1332} INFO - Marking task as SUCCESS. dag_id=dag_with_python_dependencies_v03, task_id=get_sklearn, execution_date=20230414T003600, start_date=20230414T045003, end_date=20230414T045005
[2023-04-14T04:50:05.977+0000] {local_task_job.py:212} INFO - Task exited with return code 0
[2023-04-14T04:50:06.050+0000] {taskinstance.py:2596} INFO - 0 downstream tasks scheduled from follow-on schedule check
