[2023-04-14T04:51:36.580+0000] {taskinstance.py:1090} INFO - Dependencies all met for dep_context=non-requeueable deps ti=<TaskInstance: dag_with_python_dependencies_v03.get_sklearn scheduled__2023-04-14T00:58:00+00:00 [queued]>
[2023-04-14T04:51:36.615+0000] {taskinstance.py:1090} INFO - Dependencies all met for dep_context=requeueable deps ti=<TaskInstance: dag_with_python_dependencies_v03.get_sklearn scheduled__2023-04-14T00:58:00+00:00 [queued]>
[2023-04-14T04:51:36.617+0000] {taskinstance.py:1288} INFO - 
--------------------------------------------------------------------------------
[2023-04-14T04:51:36.619+0000] {taskinstance.py:1289} INFO - Starting attempt 1 of 1
[2023-04-14T04:51:36.621+0000] {taskinstance.py:1290} INFO - 
--------------------------------------------------------------------------------
[2023-04-14T04:51:36.854+0000] {taskinstance.py:1309} INFO - Executing <Task(PythonOperator): get_sklearn> on 2023-04-14 00:58:00+00:00
[2023-04-14T04:51:36.914+0000] {standard_task_runner.py:55} INFO - Started process 73 to run task
[2023-04-14T04:51:36.979+0000] {standard_task_runner.py:82} INFO - Running: ['***', 'tasks', 'run', 'dag_with_python_dependencies_v03', 'get_sklearn', 'scheduled__2023-04-14T00:58:00+00:00', '--job-id', '63', '--raw', '--subdir', 'DAGS_FOLDER/dag_with_python_dependencies.py', '--cfg-path', '/tmp/tmp73tfa6do']
[2023-04-14T04:51:37.000+0000] {standard_task_runner.py:83} INFO - Job 63: Subtask get_sklearn
[2023-04-14T04:51:37.633+0000] {task_command.py:389} INFO - Running <TaskInstance: dag_with_python_dependencies_v03.get_sklearn scheduled__2023-04-14T00:58:00+00:00 [running]> on host 57709d3878ce
[2023-04-14T04:51:38.210+0000] {taskinstance.py:1518} INFO - Exporting the following env vars:
AIRFLOW_CTX_DAG_OWNER=coder2j
AIRFLOW_CTX_DAG_ID=dag_with_python_dependencies_v03
AIRFLOW_CTX_TASK_ID=get_sklearn
AIRFLOW_CTX_EXECUTION_DATE=2023-04-14T00:58:00+00:00
AIRFLOW_CTX_TRY_NUMBER=1
AIRFLOW_CTX_DAG_RUN_ID=scheduled__2023-04-14T00:58:00+00:00
[2023-04-14T04:51:56.863+0000] {logging_mixin.py:137} INFO - sklearn with version: 0.24.2 
[2023-04-14T04:51:56.887+0000] {python.py:177} INFO - Done. Returned value was: None
[2023-04-14T04:51:57.427+0000] {taskinstance.py:1332} INFO - Marking task as SUCCESS. dag_id=dag_with_python_dependencies_v03, task_id=get_sklearn, execution_date=20230414T005800, start_date=20230414T045136, end_date=20230414T045157
[2023-04-14T04:51:58.508+0000] {local_task_job.py:212} INFO - Task exited with return code 0
[2023-04-14T04:51:58.687+0000] {taskinstance.py:2596} INFO - 0 downstream tasks scheduled from follow-on schedule check
