[2023-05-03 00:54:56,412] {taskinstance.py:1035} INFO - Dependencies all met for <TaskInstance: download_historical_postgres.download.historical.postgres.google_trends manual__2023-05-03T00:54:53.998719+00:00 [queued]>
[2023-05-03 00:54:56,420] {taskinstance.py:1035} INFO - Dependencies all met for <TaskInstance: download_historical_postgres.download.historical.postgres.google_trends manual__2023-05-03T00:54:53.998719+00:00 [queued]>
[2023-05-03 00:54:56,421] {taskinstance.py:1241} INFO - 
--------------------------------------------------------------------------------
[2023-05-03 00:54:56,422] {taskinstance.py:1242} INFO - Starting attempt 1 of 1
[2023-05-03 00:54:56,423] {taskinstance.py:1243} INFO - 
--------------------------------------------------------------------------------
[2023-05-03 00:54:56,431] {taskinstance.py:1262} INFO - Executing <Task(BashOperator): download.historical.postgres.google_trends> on 2023-05-03 00:54:53.998719+00:00
[2023-05-03 00:54:56,435] {standard_task_runner.py:52} INFO - Started process 180 to run task
[2023-05-03 00:54:56,438] {standard_task_runner.py:76} INFO - Running: ['***', 'tasks', 'run', 'download_historical_postgres', 'download.historical.postgres.google_trends', 'manual__2023-05-03T00:54:53.998719+00:00', '--job-id', '7', '--raw', '--subdir', 'DAGS_FOLDER/download_historical_postgres_google_trends.py', '--cfg-path', '/tmp/tmpz3s9nvfo', '--error-file', '/tmp/tmprekctdte']
[2023-05-03 00:54:56,439] {standard_task_runner.py:77} INFO - Job 7: Subtask download.historical.postgres.google_trends
[2023-05-03 00:54:56,482] {logging_mixin.py:109} INFO - Running <TaskInstance: download_historical_postgres.download.historical.postgres.google_trends manual__2023-05-03T00:54:53.998719+00:00 [running]> on host adc748a128b1
[2023-05-03 00:54:56,536] {taskinstance.py:1429} INFO - Exporting the following env vars:
AIRFLOW_CTX_DAG_EMAIL=***@example.com
AIRFLOW_CTX_DAG_OWNER=***
AIRFLOW_CTX_DAG_ID=download_historical_postgres
AIRFLOW_CTX_TASK_ID=download.historical.postgres.google_trends
AIRFLOW_CTX_EXECUTION_DATE=2023-05-03T00:54:53.998719+00:00
AIRFLOW_CTX_DAG_RUN_ID=manual__2023-05-03T00:54:53.998719+00:00
[2023-05-03 00:54:56,538] {subprocess.py:62} INFO - Tmp dir root location: 
 /tmp
[2023-05-03 00:54:56,539] {subprocess.py:74} INFO - Running command: ['bash', '-c', 'sleep 5 && /cmamp/src/download_to_db.py --target_table google_trends_data --use_api True --real_time_data False']
[2023-05-03 00:54:56,548] {subprocess.py:85} INFO - Output:
[2023-05-03 00:55:02,765] {subprocess.py:89} INFO - !!connection fetched!!
[2023-05-03 00:55:02,766] {subprocess.py:89} INFO - !Done!
[2023-05-03 00:55:02,767] {subprocess.py:89} INFO -               Topic      Time  Frequency
[2023-05-03 00:55:02,768] {subprocess.py:89} INFO - 0  washing machines  Jan 2004        100
[2023-05-03 00:55:02,769] {subprocess.py:89} INFO - 1  washing machines  Feb 2004         95
[2023-05-03 00:55:02,770] {subprocess.py:89} INFO - 2  washing machines  Mar 2004         87
[2023-05-03 00:55:02,771] {subprocess.py:89} INFO - 3  washing machines  Apr 2004         79
[2023-05-03 00:55:02,772] {subprocess.py:89} INFO - 4  washing machines  May 2004         82
[2023-05-03 00:55:02,821] {subprocess.py:93} INFO - Command exited with return code 0
[2023-05-03 00:55:02,847] {taskinstance.py:1280} INFO - Marking task as SUCCESS. dag_id=download_historical_postgres, task_id=download.historical.postgres.google_trends, execution_date=20230503T005453, start_date=20230503T005456, end_date=20230503T005502
[2023-05-03 00:55:02,870] {local_task_job.py:154} INFO - Task exited with return code 0
[2023-05-03 00:55:02,895] {local_task_job.py:264} INFO - 0 downstream tasks scheduled from follow-on schedule check
