[2023-04-16T00:35:13.017+0000] {taskinstance.py:1090} INFO - Dependencies all met for dep_context=non-requeueable deps ti=<TaskInstance: dag_1min.dump_1m scheduled__2023-04-16T00:30:00+00:00 [queued]>
[2023-04-16T00:35:13.083+0000] {taskinstance.py:1090} INFO - Dependencies all met for dep_context=requeueable deps ti=<TaskInstance: dag_1min.dump_1m scheduled__2023-04-16T00:30:00+00:00 [queued]>
[2023-04-16T00:35:13.086+0000] {taskinstance.py:1288} INFO - 
--------------------------------------------------------------------------------
[2023-04-16T00:35:13.088+0000] {taskinstance.py:1289} INFO - Starting attempt 1 of 1
[2023-04-16T00:35:13.091+0000] {taskinstance.py:1290} INFO - 
--------------------------------------------------------------------------------
[2023-04-16T00:35:13.222+0000] {taskinstance.py:1309} INFO - Executing <Task(PythonOperator): dump_1m> on 2023-04-16 00:30:00+00:00
[2023-04-16T00:35:13.241+0000] {standard_task_runner.py:55} INFO - Started process 3044 to run task
[2023-04-16T00:35:13.263+0000] {standard_task_runner.py:82} INFO - Running: ['***', 'tasks', 'run', 'dag_1min', 'dump_1m', 'scheduled__2023-04-16T00:30:00+00:00', '--job-id', '343', '--raw', '--subdir', 'DAGS_FOLDER/dag_1min.py', '--cfg-path', '/tmp/tmp6zn9u8fx']
[2023-04-16T00:35:13.267+0000] {standard_task_runner.py:83} INFO - Job 343: Subtask dump_1m
[2023-04-16T00:35:13.613+0000] {task_command.py:389} INFO - Running <TaskInstance: dag_1min.dump_1m scheduled__2023-04-16T00:30:00+00:00 [running]> on host cc609b5f7385
[2023-04-16T00:35:15.038+0000] {taskinstance.py:1518} INFO - Exporting the following env vars:
AIRFLOW_CTX_DAG_OWNER=coder2j
AIRFLOW_CTX_DAG_ID=dag_1min
AIRFLOW_CTX_TASK_ID=dump_1m
AIRFLOW_CTX_EXECUTION_DATE=2023-04-16T00:30:00+00:00
AIRFLOW_CTX_TRY_NUMBER=1
AIRFLOW_CTX_DAG_RUN_ID=scheduled__2023-04-16T00:30:00+00:00
[2023-04-16T00:35:15.822+0000] {logging_mixin.py:137} WARNING -   0%|          | 0/2 [00:00<?, ?it/s]
[2023-04-16T00:35:16.745+0000] {logging_mixin.py:137} INFO - [*********************100%***********************]  1 of 1 completed
[2023-04-16T00:35:18.471+0000] {logging_mixin.py:137} WARNING -  50%|#####     | 1/2 [00:02<00:02,  2.52s/it]
[2023-04-16T00:35:19.501+0000] {logging_mixin.py:137} INFO - [*********************100%***********************]  1 of 1 completed
[2023-04-16T00:35:21.667+0000] {logging_mixin.py:137} WARNING - 100%|##########| 2/2 [00:05<00:00,  2.98s/it]
[2023-04-16T00:35:21.679+0000] {logging_mixin.py:137} WARNING - 100%|##########| 2/2 [00:05<00:00,  2.92s/it]
[2023-04-16T00:35:21.711+0000] {logging_mixin.py:137} INFO - Index(['open', 'high', 'low', 'close', 'adj_close', 'volume', 'timestamp',
       'currency_pair', 'exchangetimezonename', 'timezone'],
      dtype='object')
[2023-04-16T00:35:21.995+0000] {download_yahoo.py:57} INFO - Downloaded data: 
	         open       high        low  ...  currency_pair  exchangetimezonename  timezone
0  19.088875  19.088875  19.088875  ...       AVAX-USD                   UTC       UTC
1  19.090275  19.090275  19.090275  ...       AVAX-USD                   UTC       UTC
2  19.090151  19.090151  19.090151  ...       AVAX-USD                   UTC       UTC
3  19.098146  19.098146  19.098146  ...       AVAX-USD                   UTC       UTC
4  19.096876  19.096876  19.096876  ...       AVAX-USD                   UTC       UTC

[5 rows x 10 columns]
[2023-04-16T00:35:22.742+0000] {python.py:177} INFO - Done. Returned value was: None
[2023-04-16T00:35:22.977+0000] {taskinstance.py:1332} INFO - Marking task as SUCCESS. dag_id=dag_1min, task_id=dump_1m, execution_date=20230416T003000, start_date=20230416T003513, end_date=20230416T003522
[2023-04-16T00:35:23.430+0000] {local_task_job.py:212} INFO - Task exited with return code 0
[2023-04-16T00:35:23.907+0000] {taskinstance.py:2596} INFO - 0 downstream tasks scheduled from follow-on schedule check
