[2023-05-02T21:45:07.820+0000] {taskinstance.py:1090} INFO - Dependencies all met for dep_context=non-requeueable deps ti=<TaskInstance: dag_1min.dump_1m scheduled__2023-05-02T21:40:00+00:00 [queued]>
[2023-05-02T21:45:07.870+0000] {taskinstance.py:1090} INFO - Dependencies all met for dep_context=requeueable deps ti=<TaskInstance: dag_1min.dump_1m scheduled__2023-05-02T21:40:00+00:00 [queued]>
[2023-05-02T21:45:07.872+0000] {taskinstance.py:1288} INFO - 
--------------------------------------------------------------------------------
[2023-05-02T21:45:07.873+0000] {taskinstance.py:1289} INFO - Starting attempt 1 of 1
[2023-05-02T21:45:07.875+0000] {taskinstance.py:1290} INFO - 
--------------------------------------------------------------------------------
[2023-05-02T21:45:07.975+0000] {taskinstance.py:1309} INFO - Executing <Task(PythonOperator): dump_1m> on 2023-05-02 21:40:00+00:00
[2023-05-02T21:45:07.995+0000] {standard_task_runner.py:55} INFO - Started process 1946 to run task
[2023-05-02T21:45:08.012+0000] {standard_task_runner.py:82} INFO - Running: ['***', 'tasks', 'run', 'dag_1min', 'dump_1m', 'scheduled__2023-05-02T21:40:00+00:00', '--job-id', '127', '--raw', '--subdir', 'DAGS_FOLDER/dag_1min.py', '--cfg-path', '/tmp/tmpa2mrk126']
[2023-05-02T21:45:08.016+0000] {standard_task_runner.py:83} INFO - Job 127: Subtask dump_1m
[2023-05-02T21:45:08.330+0000] {task_command.py:389} INFO - Running <TaskInstance: dag_1min.dump_1m scheduled__2023-05-02T21:40:00+00:00 [running]> on host 4a3bd7cf27f4
[2023-05-02T21:45:09.136+0000] {taskinstance.py:1518} INFO - Exporting the following env vars:
AIRFLOW_CTX_DAG_OWNER=coder2j
AIRFLOW_CTX_DAG_ID=dag_1min
AIRFLOW_CTX_TASK_ID=dump_1m
AIRFLOW_CTX_EXECUTION_DATE=2023-05-02T21:40:00+00:00
AIRFLOW_CTX_TRY_NUMBER=1
AIRFLOW_CTX_DAG_RUN_ID=scheduled__2023-05-02T21:40:00+00:00
[2023-05-02T21:45:11.553+0000] {logging_mixin.py:137} WARNING -   0%|          | 0/2 [00:00<?, ?it/s]
[2023-05-02T21:45:12.307+0000] {logging_mixin.py:137} INFO - [*********************100%***********************]  1 of 1 completed
[2023-05-02T21:45:13.760+0000] {logging_mixin.py:137} WARNING -  50%|#####     | 1/2 [00:02<00:02,  2.20s/it]
[2023-05-02T21:45:14.153+0000] {logging_mixin.py:137} INFO - [*********************100%***********************]  1 of 1 completed
[2023-05-02T21:45:15.361+0000] {logging_mixin.py:137} WARNING - 100%|##########| 2/2 [00:03<00:00,  1.85s/it]
[2023-05-02T21:45:15.366+0000] {logging_mixin.py:137} WARNING - 100%|##########| 2/2 [00:03<00:00,  1.90s/it]
[2023-05-02T21:45:15.385+0000] {logging_mixin.py:137} INFO - Index(['open', 'high', 'low', 'close', 'adj_close', 'volume', 'timestamp',
       'currency_pair', 'exchangetimezonename', 'timezone'],
      dtype='object')
[2023-05-02T21:45:15.547+0000] {download_yahoo.py:57} INFO - Downloaded data: 
	         open       high        low  ...  currency_pair  exchangetimezonename  timezone
0  16.878485  16.878485  16.878485  ...       AVAX-USD                   UTC       UTC
1  16.878424  16.878424  16.878424  ...       AVAX-USD                   UTC       UTC
2  16.877821  16.877821  16.877821  ...       AVAX-USD                   UTC       UTC
3  16.882147  16.882147  16.882147  ...       AVAX-USD                   UTC       UTC
4  16.883045  16.883045  16.883045  ...       AVAX-USD                   UTC       UTC

[5 rows x 10 columns]
[2023-05-02T21:45:15.916+0000] {python.py:177} INFO - Done. Returned value was: None
[2023-05-02T21:45:15.988+0000] {taskinstance.py:1332} INFO - Marking task as SUCCESS. dag_id=dag_1min, task_id=dump_1m, execution_date=20230502T214000, start_date=20230502T214507, end_date=20230502T214515
[2023-05-02T21:45:16.195+0000] {local_task_job.py:212} INFO - Task exited with return code 0
[2023-05-02T21:45:16.389+0000] {taskinstance.py:2596} INFO - 0 downstream tasks scheduled from follow-on schedule check
