[2023-05-01 03:00:02,454] {taskinstance.py:1035} INFO - Dependencies all met for <TaskInstance: download_historical_postgres.download.historical.postgres.google_trends scheduled__2023-05-01T02:00:00+00:00 [queued]>
[2023-05-01 03:00:02,463] {taskinstance.py:1035} INFO - Dependencies all met for <TaskInstance: download_historical_postgres.download.historical.postgres.google_trends scheduled__2023-05-01T02:00:00+00:00 [queued]>
[2023-05-01 03:00:02,464] {taskinstance.py:1241} INFO - 
--------------------------------------------------------------------------------
[2023-05-01 03:00:02,465] {taskinstance.py:1242} INFO - Starting attempt 1 of 1
[2023-05-01 03:00:02,466] {taskinstance.py:1243} INFO - 
--------------------------------------------------------------------------------
[2023-05-01 03:00:02,475] {taskinstance.py:1262} INFO - Executing <Task(BashOperator): download.historical.postgres.google_trends> on 2023-05-01 02:00:00+00:00
[2023-05-01 03:00:02,478] {standard_task_runner.py:52} INFO - Started process 1079 to run task
[2023-05-01 03:00:02,481] {standard_task_runner.py:76} INFO - Running: ['***', 'tasks', 'run', 'download_historical_postgres', 'download.historical.postgres.google_trends', 'scheduled__2023-05-01T02:00:00+00:00', '--job-id', '31', '--raw', '--subdir', 'DAGS_FOLDER/download_historical_postgres_google_trends.py', '--cfg-path', '/tmp/tmpgz5tfbqc', '--error-file', '/tmp/tmpqkw5tub1']
[2023-05-01 03:00:02,483] {standard_task_runner.py:77} INFO - Job 31: Subtask download.historical.postgres.google_trends
[2023-05-01 03:00:02,523] {logging_mixin.py:109} INFO - Running <TaskInstance: download_historical_postgres.download.historical.postgres.google_trends scheduled__2023-05-01T02:00:00+00:00 [running]> on host 4fd1971d5f6c
[2023-05-01 03:00:02,565] {taskinstance.py:1429} INFO - Exporting the following env vars:
AIRFLOW_CTX_DAG_EMAIL=***@example.com
AIRFLOW_CTX_DAG_OWNER=***
AIRFLOW_CTX_DAG_ID=download_historical_postgres
AIRFLOW_CTX_TASK_ID=download.historical.postgres.google_trends
AIRFLOW_CTX_EXECUTION_DATE=2023-05-01T02:00:00+00:00
AIRFLOW_CTX_DAG_RUN_ID=scheduled__2023-05-01T02:00:00+00:00
[2023-05-01 03:00:02,567] {subprocess.py:62} INFO - Tmp dir root location: 
 /tmp
[2023-05-01 03:00:02,568] {subprocess.py:74} INFO - Running command: ['bash', '-c', 'sleep 5 && /cmamp/src/download_to_db.py --target_table google_trends_data --use_api True --real_time_data False']
[2023-05-01 03:00:02,575] {subprocess.py:85} INFO - Output:
[2023-05-01 03:00:15,852] {subprocess.py:89} INFO - !!connection fetched!!
[2023-05-01 03:00:15,854] {subprocess.py:89} INFO - !Done!
[2023-05-01 03:00:15,855] {subprocess.py:89} INFO -               Topic      Time  Frequency
[2023-05-01 03:00:15,856] {subprocess.py:89} INFO - 0  washing machines  Jan 2004        100
[2023-05-01 03:00:15,857] {subprocess.py:89} INFO - 1  washing machines  Feb 2004         93
[2023-05-01 03:00:15,858] {subprocess.py:89} INFO - 2  washing machines  Mar 2004         84
[2023-05-01 03:00:15,860] {subprocess.py:89} INFO - 3  washing machines  Apr 2004         77
[2023-05-01 03:00:15,861] {subprocess.py:89} INFO - 4  washing machines  May 2004         83
[2023-05-01 03:00:15,905] {subprocess.py:93} INFO - Command exited with return code 0
[2023-05-01 03:00:15,929] {taskinstance.py:1280} INFO - Marking task as SUCCESS. dag_id=download_historical_postgres, task_id=download.historical.postgres.google_trends, execution_date=20230501T020000, start_date=20230501T030002, end_date=20230501T030015
[2023-05-01 03:00:15,977] {local_task_job.py:154} INFO - Task exited with return code 0
[2023-05-01 03:00:16,006] {local_task_job.py:264} INFO - 0 downstream tasks scheduled from follow-on schedule check
