[2023-04-29 23:38:01,967] {taskinstance.py:1035} INFO - Dependencies all met for <TaskInstance: tutorial.print_date scheduled__2023-04-29T23:36:00+00:00 [queued]>
[2023-04-29 23:38:01,974] {taskinstance.py:1035} INFO - Dependencies all met for <TaskInstance: tutorial.print_date scheduled__2023-04-29T23:36:00+00:00 [queued]>
[2023-04-29 23:38:01,975] {taskinstance.py:1241} INFO - 
--------------------------------------------------------------------------------
[2023-04-29 23:38:01,976] {taskinstance.py:1242} INFO - Starting attempt 1 of 2
[2023-04-29 23:38:01,977] {taskinstance.py:1243} INFO - 
--------------------------------------------------------------------------------
[2023-04-29 23:38:01,985] {taskinstance.py:1262} INFO - Executing <Task(BashOperator): print_date> on 2023-04-29 23:36:00+00:00
[2023-04-29 23:38:01,988] {standard_task_runner.py:52} INFO - Started process 254 to run task
[2023-04-29 23:38:01,992] {standard_task_runner.py:76} INFO - Running: ['***', 'tasks', 'run', 'tutorial', 'print_date', 'scheduled__2023-04-29T23:36:00+00:00', '--job-id', '17', '--raw', '--subdir', 'DAGS_FOLDER/***_tutorial.py', '--cfg-path', '/tmp/tmpi4r56kn0', '--error-file', '/tmp/tmps_u9xu_x']
[2023-04-29 23:38:01,993] {standard_task_runner.py:77} INFO - Job 17: Subtask print_date
[2023-04-29 23:38:02,032] {logging_mixin.py:109} INFO - Running <TaskInstance: tutorial.print_date scheduled__2023-04-29T23:36:00+00:00 [running]> on host 4fd1971d5f6c
[2023-04-29 23:38:02,070] {taskinstance.py:1429} INFO - Exporting the following env vars:
AIRFLOW_CTX_DAG_EMAIL=***@example.com
AIRFLOW_CTX_DAG_OWNER=***
AIRFLOW_CTX_DAG_ID=tutorial
AIRFLOW_CTX_TASK_ID=print_date
AIRFLOW_CTX_EXECUTION_DATE=2023-04-29T23:36:00+00:00
AIRFLOW_CTX_DAG_RUN_ID=scheduled__2023-04-29T23:36:00+00:00
[2023-04-29 23:38:02,072] {subprocess.py:62} INFO - Tmp dir root location: 
 /tmp
[2023-04-29 23:38:02,073] {subprocess.py:74} INFO - Running command: ['bash', '-c', 'date']
[2023-04-29 23:38:02,080] {subprocess.py:85} INFO - Output:
[2023-04-29 23:38:02,083] {subprocess.py:89} INFO - Sat Apr 29 23:38:02 UTC 2023
[2023-04-29 23:38:02,084] {subprocess.py:93} INFO - Command exited with return code 0
[2023-04-29 23:38:02,105] {taskinstance.py:1280} INFO - Marking task as SUCCESS. dag_id=tutorial, task_id=print_date, execution_date=20230429T233600, start_date=20230429T233801, end_date=20230429T233802
[2023-04-29 23:38:02,125] {local_task_job.py:154} INFO - Task exited with return code 0
[2023-04-29 23:38:02,151] {local_task_job.py:264} INFO - 2 downstream tasks scheduled from follow-on schedule check
