[2023-05-02T02:35:09.419+0000] {taskinstance.py:1090} INFO - Dependencies all met for dep_context=non-requeueable deps ti=<TaskInstance: dag_1min.dump_1m scheduled__2023-05-02T02:30:00+00:00 [queued]>
[2023-05-02T02:35:09.483+0000] {taskinstance.py:1090} INFO - Dependencies all met for dep_context=requeueable deps ti=<TaskInstance: dag_1min.dump_1m scheduled__2023-05-02T02:30:00+00:00 [queued]>
[2023-05-02T02:35:09.492+0000] {taskinstance.py:1288} INFO - 
--------------------------------------------------------------------------------
[2023-05-02T02:35:09.494+0000] {taskinstance.py:1289} INFO - Starting attempt 1 of 1
[2023-05-02T02:35:09.496+0000] {taskinstance.py:1290} INFO - 
--------------------------------------------------------------------------------
[2023-05-02T02:35:09.581+0000] {taskinstance.py:1309} INFO - Executing <Task(PythonOperator): dump_1m> on 2023-05-02 02:30:00+00:00
[2023-05-02T02:35:09.601+0000] {standard_task_runner.py:55} INFO - Started process 1489 to run task
[2023-05-02T02:35:09.613+0000] {standard_task_runner.py:82} INFO - Running: ['***', 'tasks', 'run', 'dag_1min', 'dump_1m', 'scheduled__2023-05-02T02:30:00+00:00', '--job-id', '83', '--raw', '--subdir', 'DAGS_FOLDER/dag_1min.py', '--cfg-path', '/tmp/tmp20u4yqcy']
[2023-05-02T02:35:09.616+0000] {standard_task_runner.py:83} INFO - Job 83: Subtask dump_1m
[2023-05-02T02:35:09.859+0000] {task_command.py:389} INFO - Running <TaskInstance: dag_1min.dump_1m scheduled__2023-05-02T02:30:00+00:00 [running]> on host 178acfe6cdbb
[2023-05-02T02:35:10.956+0000] {taskinstance.py:1518} INFO - Exporting the following env vars:
AIRFLOW_CTX_DAG_OWNER=coder2j
AIRFLOW_CTX_DAG_ID=dag_1min
AIRFLOW_CTX_TASK_ID=dump_1m
AIRFLOW_CTX_EXECUTION_DATE=2023-05-02T02:30:00+00:00
AIRFLOW_CTX_TRY_NUMBER=1
AIRFLOW_CTX_DAG_RUN_ID=scheduled__2023-05-02T02:30:00+00:00
[2023-05-02T02:35:12.916+0000] {logging_mixin.py:137} WARNING -   0%|          | 0/2 [00:00<?, ?it/s]
[2023-05-02T02:35:13.596+0000] {logging_mixin.py:137} INFO - [*********************100%***********************]  1 of 1 completed
[2023-05-02T02:35:15.124+0000] {logging_mixin.py:137} WARNING -  50%|#####     | 1/2 [00:02<00:02,  2.18s/it]
[2023-05-02T02:35:15.575+0000] {logging_mixin.py:137} INFO - [*********************100%***********************]  1 of 1 completed
[2023-05-02T02:35:17.174+0000] {logging_mixin.py:137} WARNING - 100%|##########| 2/2 [00:04<00:00,  2.11s/it]
[2023-05-02T02:35:17.183+0000] {logging_mixin.py:137} WARNING - 100%|##########| 2/2 [00:04<00:00,  2.13s/it]
[2023-05-02T02:35:17.223+0000] {logging_mixin.py:137} INFO - Index(['open', 'high', 'low', 'close', 'adj_close', 'volume', 'timestamp',
       'currency_pair', 'exchangetimezonename', 'timezone'],
      dtype='object')
[2023-05-02T02:35:17.607+0000] {download_yahoo.py:57} INFO - Downloaded data: 
	         open       high        low  ...  currency_pair  exchangetimezonename  timezone
0  16.593378  16.593378  16.593378  ...       AVAX-USD                   UTC       UTC
1  16.596903  16.596903  16.596903  ...       AVAX-USD                   UTC       UTC
2  16.595268  16.595268  16.595268  ...       AVAX-USD                   UTC       UTC
3  16.586151  16.586151  16.586151  ...       AVAX-USD                   UTC       UTC
4  16.568827  16.568827  16.568827  ...       AVAX-USD                   UTC       UTC

[5 rows x 10 columns]
[2023-05-02T02:35:18.409+0000] {python.py:177} INFO - Done. Returned value was: None
[2023-05-02T02:35:18.562+0000] {taskinstance.py:1332} INFO - Marking task as SUCCESS. dag_id=dag_1min, task_id=dump_1m, execution_date=20230502T023000, start_date=20230502T023509, end_date=20230502T023518
[2023-05-02T02:35:18.957+0000] {local_task_job.py:212} INFO - Task exited with return code 0
[2023-05-02T02:35:19.107+0000] {taskinstance.py:2596} INFO - 0 downstream tasks scheduled from follow-on schedule check
