[2023-05-02T02:15:08.011+0000] {taskinstance.py:1090} INFO - Dependencies all met for dep_context=non-requeueable deps ti=<TaskInstance: dag_1min.dump_1m scheduled__2023-05-02T02:10:00+00:00 [queued]>
[2023-05-02T02:15:08.075+0000] {taskinstance.py:1090} INFO - Dependencies all met for dep_context=requeueable deps ti=<TaskInstance: dag_1min.dump_1m scheduled__2023-05-02T02:10:00+00:00 [queued]>
[2023-05-02T02:15:08.077+0000] {taskinstance.py:1288} INFO - 
--------------------------------------------------------------------------------
[2023-05-02T02:15:08.080+0000] {taskinstance.py:1289} INFO - Starting attempt 1 of 1
[2023-05-02T02:15:08.082+0000] {taskinstance.py:1290} INFO - 
--------------------------------------------------------------------------------
[2023-05-02T02:15:08.187+0000] {taskinstance.py:1309} INFO - Executing <Task(PythonOperator): dump_1m> on 2023-05-02 02:10:00+00:00
[2023-05-02T02:15:08.211+0000] {standard_task_runner.py:55} INFO - Started process 978 to run task
[2023-05-02T02:15:08.233+0000] {standard_task_runner.py:82} INFO - Running: ['***', 'tasks', 'run', 'dag_1min', 'dump_1m', 'scheduled__2023-05-02T02:10:00+00:00', '--job-id', '79', '--raw', '--subdir', 'DAGS_FOLDER/dag_1min.py', '--cfg-path', '/tmp/tmpcex8khif']
[2023-05-02T02:15:08.237+0000] {standard_task_runner.py:83} INFO - Job 79: Subtask dump_1m
[2023-05-02T02:15:08.547+0000] {task_command.py:389} INFO - Running <TaskInstance: dag_1min.dump_1m scheduled__2023-05-02T02:10:00+00:00 [running]> on host 178acfe6cdbb
[2023-05-02T02:15:09.262+0000] {taskinstance.py:1518} INFO - Exporting the following env vars:
AIRFLOW_CTX_DAG_OWNER=coder2j
AIRFLOW_CTX_DAG_ID=dag_1min
AIRFLOW_CTX_TASK_ID=dump_1m
AIRFLOW_CTX_EXECUTION_DATE=2023-05-02T02:10:00+00:00
AIRFLOW_CTX_TRY_NUMBER=1
AIRFLOW_CTX_DAG_RUN_ID=scheduled__2023-05-02T02:10:00+00:00
[2023-05-02T02:15:10.751+0000] {logging_mixin.py:137} WARNING -   0%|          | 0/2 [00:00<?, ?it/s]
[2023-05-02T02:15:11.464+0000] {logging_mixin.py:137} INFO - [*********************100%***********************]  1 of 1 completed
[2023-05-02T02:15:13.200+0000] {logging_mixin.py:137} WARNING -  50%|#####     | 1/2 [00:02<00:02,  2.42s/it]
[2023-05-02T02:15:13.776+0000] {logging_mixin.py:137} INFO - [*********************100%***********************]  1 of 1 completed
[2023-05-02T02:15:15.010+0000] {logging_mixin.py:137} WARNING - 100%|##########| 2/2 [00:04<00:00,  2.08s/it]
[2023-05-02T02:15:15.015+0000] {logging_mixin.py:137} WARNING - 100%|##########| 2/2 [00:04<00:00,  2.13s/it]
[2023-05-02T02:15:15.043+0000] {logging_mixin.py:137} INFO - Index(['open', 'high', 'low', 'close', 'adj_close', 'volume', 'timestamp',
       'currency_pair', 'exchangetimezonename', 'timezone'],
      dtype='object')
[2023-05-02T02:15:15.291+0000] {download_yahoo.py:57} INFO - Downloaded data: 
	         open       high        low  ...  currency_pair  exchangetimezonename  timezone
0  16.530113  16.530113  16.530113  ...       AVAX-USD                   UTC       UTC
1  16.530329  16.530329  16.530329  ...       AVAX-USD                   UTC       UTC
2  16.529270  16.529270  16.529270  ...       AVAX-USD                   UTC       UTC
3  16.535469  16.535469  16.535469  ...       AVAX-USD                   UTC       UTC
4  16.536436  16.536436  16.536436  ...       AVAX-USD                   UTC       UTC

[5 rows x 10 columns]
[2023-05-02T02:15:15.778+0000] {python.py:177} INFO - Done. Returned value was: None
[2023-05-02T02:15:15.894+0000] {taskinstance.py:1332} INFO - Marking task as SUCCESS. dag_id=dag_1min, task_id=dump_1m, execution_date=20230502T021000, start_date=20230502T021508, end_date=20230502T021515
[2023-05-02T02:15:16.118+0000] {local_task_job.py:212} INFO - Task exited with return code 0
[2023-05-02T02:15:16.235+0000] {taskinstance.py:2596} INFO - 0 downstream tasks scheduled from follow-on schedule check
