[2023-05-02T02:40:18.891+0000] {taskinstance.py:1090} INFO - Dependencies all met for dep_context=non-requeueable deps ti=<TaskInstance: dag_1min.dump_1m scheduled__2023-05-02T02:35:00+00:00 [queued]>
[2023-05-02T02:40:19.180+0000] {taskinstance.py:1090} INFO - Dependencies all met for dep_context=requeueable deps ti=<TaskInstance: dag_1min.dump_1m scheduled__2023-05-02T02:35:00+00:00 [queued]>
[2023-05-02T02:40:19.186+0000] {taskinstance.py:1288} INFO - 
--------------------------------------------------------------------------------
[2023-05-02T02:40:19.193+0000] {taskinstance.py:1289} INFO - Starting attempt 1 of 1
[2023-05-02T02:40:19.196+0000] {taskinstance.py:1290} INFO - 
--------------------------------------------------------------------------------
[2023-05-02T02:40:19.460+0000] {taskinstance.py:1309} INFO - Executing <Task(PythonOperator): dump_1m> on 2023-05-02 02:35:00+00:00
[2023-05-02T02:40:19.497+0000] {standard_task_runner.py:55} INFO - Started process 1622 to run task
[2023-05-02T02:40:19.542+0000] {standard_task_runner.py:82} INFO - Running: ['***', 'tasks', 'run', 'dag_1min', 'dump_1m', 'scheduled__2023-05-02T02:35:00+00:00', '--job-id', '84', '--raw', '--subdir', 'DAGS_FOLDER/dag_1min.py', '--cfg-path', '/tmp/tmpvbz80pb2']
[2023-05-02T02:40:19.548+0000] {standard_task_runner.py:83} INFO - Job 84: Subtask dump_1m
[2023-05-02T02:40:20.180+0000] {task_command.py:389} INFO - Running <TaskInstance: dag_1min.dump_1m scheduled__2023-05-02T02:35:00+00:00 [running]> on host 178acfe6cdbb
[2023-05-02T02:40:21.571+0000] {taskinstance.py:1518} INFO - Exporting the following env vars:
AIRFLOW_CTX_DAG_OWNER=coder2j
AIRFLOW_CTX_DAG_ID=dag_1min
AIRFLOW_CTX_TASK_ID=dump_1m
AIRFLOW_CTX_EXECUTION_DATE=2023-05-02T02:35:00+00:00
AIRFLOW_CTX_TRY_NUMBER=1
AIRFLOW_CTX_DAG_RUN_ID=scheduled__2023-05-02T02:35:00+00:00
[2023-05-02T02:40:23.928+0000] {logging_mixin.py:137} WARNING -   0%|          | 0/2 [00:00<?, ?it/s]
[2023-05-02T02:40:24.949+0000] {logging_mixin.py:137} INFO - [*********************100%***********************]  1 of 1 completed
[2023-05-02T02:40:26.679+0000] {logging_mixin.py:137} WARNING -  50%|#####     | 1/2 [00:02<00:02,  2.68s/it]
[2023-05-02T02:40:27.477+0000] {logging_mixin.py:137} INFO - [*********************100%***********************]  1 of 1 completed
[2023-05-02T02:40:30.124+0000] {logging_mixin.py:137} WARNING - 100%|##########| 2/2 [00:06<00:00,  3.16s/it]
[2023-05-02T02:40:30.135+0000] {logging_mixin.py:137} WARNING - 100%|##########| 2/2 [00:06<00:00,  3.10s/it]
[2023-05-02T02:40:30.169+0000] {logging_mixin.py:137} INFO - Index(['open', 'high', 'low', 'close', 'adj_close', 'volume', 'timestamp',
       'currency_pair', 'exchangetimezonename', 'timezone'],
      dtype='object')
[2023-05-02T02:40:30.396+0000] {download_yahoo.py:57} INFO - Downloaded data: 
	         open       high        low  ...  currency_pair  exchangetimezonename  timezone
0  16.570721  16.570721  16.570721  ...       AVAX-USD                   UTC       UTC
1  16.576021  16.576021  16.576021  ...       AVAX-USD                   UTC       UTC
2  16.593206  16.593206  16.593206  ...       AVAX-USD                   UTC       UTC
3  16.592718  16.592718  16.592718  ...       AVAX-USD                   UTC       UTC
4  16.592253  16.592253  16.592253  ...       AVAX-USD                   UTC       UTC

[5 rows x 10 columns]
[2023-05-02T02:40:32.068+0000] {python.py:177} INFO - Done. Returned value was: None
[2023-05-02T02:40:32.254+0000] {taskinstance.py:1332} INFO - Marking task as SUCCESS. dag_id=dag_1min, task_id=dump_1m, execution_date=20230502T023500, start_date=20230502T024018, end_date=20230502T024032
[2023-05-02T02:40:32.957+0000] {local_task_job.py:212} INFO - Task exited with return code 0
[2023-05-02T02:40:33.143+0000] {taskinstance.py:2596} INFO - 0 downstream tasks scheduled from follow-on schedule check
