[2023-05-03T02:32:49.486+0000] {taskinstance.py:1090} INFO - Dependencies all met for dep_context=non-requeueable deps ti=<TaskInstance: dag_1min.dump_1m scheduled__2023-05-03T02:20:00+00:00 [queued]>
[2023-05-03T02:32:49.909+0000] {taskinstance.py:1090} INFO - Dependencies all met for dep_context=requeueable deps ti=<TaskInstance: dag_1min.dump_1m scheduled__2023-05-03T02:20:00+00:00 [queued]>
[2023-05-03T02:32:49.918+0000] {taskinstance.py:1288} INFO - 
--------------------------------------------------------------------------------
[2023-05-03T02:32:49.924+0000] {taskinstance.py:1289} INFO - Starting attempt 1 of 1
[2023-05-03T02:32:49.931+0000] {taskinstance.py:1290} INFO - 
--------------------------------------------------------------------------------
[2023-05-03T02:32:50.444+0000] {taskinstance.py:1309} INFO - Executing <Task(PythonOperator): dump_1m> on 2023-05-03 02:20:00+00:00
[2023-05-03T02:32:50.504+0000] {standard_task_runner.py:55} INFO - Started process 205 to run task
[2023-05-03T02:32:50.559+0000] {standard_task_runner.py:82} INFO - Running: ['***', 'tasks', 'run', 'dag_1min', 'dump_1m', 'scheduled__2023-05-03T02:20:00+00:00', '--job-id', '170', '--raw', '--subdir', 'DAGS_FOLDER/dag_1min.py', '--cfg-path', '/tmp/tmptzqqchy7']
[2023-05-03T02:32:50.570+0000] {standard_task_runner.py:83} INFO - Job 170: Subtask dump_1m
[2023-05-03T02:32:52.246+0000] {task_command.py:389} INFO - Running <TaskInstance: dag_1min.dump_1m scheduled__2023-05-03T02:20:00+00:00 [running]> on host 5762cea9b149
[2023-05-03T02:32:54.716+0000] {taskinstance.py:1518} INFO - Exporting the following env vars:
AIRFLOW_CTX_DAG_OWNER=coder2j
AIRFLOW_CTX_DAG_ID=dag_1min
AIRFLOW_CTX_TASK_ID=dump_1m
AIRFLOW_CTX_EXECUTION_DATE=2023-05-03T02:20:00+00:00
AIRFLOW_CTX_TRY_NUMBER=1
AIRFLOW_CTX_DAG_RUN_ID=scheduled__2023-05-03T02:20:00+00:00
[2023-05-03T02:33:02.017+0000] {logging_mixin.py:137} WARNING -   0%|          | 0/2 [00:00<?, ?it/s]
[2023-05-03T02:33:04.958+0000] {logging_mixin.py:137} INFO - [*********************100%***********************]  1 of 1 completed
[2023-05-03T02:33:09.021+0000] {logging_mixin.py:137} WARNING -  50%|#####     | 1/2 [00:06<00:06,  6.99s/it]
[2023-05-03T02:33:11.294+0000] {logging_mixin.py:137} INFO - [*********************100%***********************]  1 of 1 completed
[2023-05-03T02:33:18.092+0000] {logging_mixin.py:137} WARNING - 100%|##########| 2/2 [00:16<00:00,  8.20s/it]
[2023-05-03T02:33:18.147+0000] {logging_mixin.py:137} WARNING - 100%|##########| 2/2 [00:16<00:00,  8.06s/it]
[2023-05-03T02:33:18.352+0000] {logging_mixin.py:137} INFO - Index(['open', 'high', 'low', 'close', 'adj_close', 'volume', 'timestamp',
       'currency_pair', 'exchangetimezonename', 'timezone'],
      dtype='object')
[2023-05-03T02:33:20.278+0000] {download_yahoo.py:57} INFO - Downloaded data: 
	         open       high        low  ...  currency_pair  exchangetimezonename  timezone
0  16.699831  16.699831  16.699831  ...       AVAX-USD                   UTC       UTC
1  16.696033  16.696033  16.696033  ...       AVAX-USD                   UTC       UTC
2  16.697189  16.697189  16.697189  ...       AVAX-USD                   UTC       UTC
3  16.695528  16.695528  16.695528  ...       AVAX-USD                   UTC       UTC
4  16.698818  16.698818  16.698818  ...       AVAX-USD                   UTC       UTC

[5 rows x 10 columns]
[2023-05-03T02:33:22.790+0000] {python.py:177} INFO - Done. Returned value was: None
[2023-05-03T02:33:23.851+0000] {taskinstance.py:1332} INFO - Marking task as SUCCESS. dag_id=dag_1min, task_id=dump_1m, execution_date=20230503T022000, start_date=20230503T023249, end_date=20230503T023323
[2023-05-03T02:33:25.238+0000] {local_task_job.py:212} INFO - Task exited with return code 0
[2023-05-03T02:33:26.815+0000] {taskinstance.py:2596} INFO - 0 downstream tasks scheduled from follow-on schedule check
