[2023-05-02T02:10:12.751+0000] {taskinstance.py:1090} INFO - Dependencies all met for dep_context=non-requeueable deps ti=<TaskInstance: dag_1min.dump_1m scheduled__2023-05-02T02:05:00+00:00 [queued]>
[2023-05-02T02:10:12.818+0000] {taskinstance.py:1090} INFO - Dependencies all met for dep_context=requeueable deps ti=<TaskInstance: dag_1min.dump_1m scheduled__2023-05-02T02:05:00+00:00 [queued]>
[2023-05-02T02:10:12.822+0000] {taskinstance.py:1288} INFO - 
--------------------------------------------------------------------------------
[2023-05-02T02:10:12.825+0000] {taskinstance.py:1289} INFO - Starting attempt 1 of 1
[2023-05-02T02:10:12.827+0000] {taskinstance.py:1290} INFO - 
--------------------------------------------------------------------------------
[2023-05-02T02:10:12.970+0000] {taskinstance.py:1309} INFO - Executing <Task(PythonOperator): dump_1m> on 2023-05-02 02:05:00+00:00
[2023-05-02T02:10:13.010+0000] {standard_task_runner.py:55} INFO - Started process 858 to run task
[2023-05-02T02:10:13.036+0000] {standard_task_runner.py:82} INFO - Running: ['***', 'tasks', 'run', 'dag_1min', 'dump_1m', 'scheduled__2023-05-02T02:05:00+00:00', '--job-id', '78', '--raw', '--subdir', 'DAGS_FOLDER/dag_1min.py', '--cfg-path', '/tmp/tmpzvh8jwva']
[2023-05-02T02:10:13.041+0000] {standard_task_runner.py:83} INFO - Job 78: Subtask dump_1m
[2023-05-02T02:10:13.470+0000] {task_command.py:389} INFO - Running <TaskInstance: dag_1min.dump_1m scheduled__2023-05-02T02:05:00+00:00 [running]> on host 178acfe6cdbb
[2023-05-02T02:10:14.627+0000] {taskinstance.py:1518} INFO - Exporting the following env vars:
AIRFLOW_CTX_DAG_OWNER=coder2j
AIRFLOW_CTX_DAG_ID=dag_1min
AIRFLOW_CTX_TASK_ID=dump_1m
AIRFLOW_CTX_EXECUTION_DATE=2023-05-02T02:05:00+00:00
AIRFLOW_CTX_TRY_NUMBER=1
AIRFLOW_CTX_DAG_RUN_ID=scheduled__2023-05-02T02:05:00+00:00
[2023-05-02T02:10:16.560+0000] {logging_mixin.py:137} WARNING -   0%|          | 0/2 [00:00<?, ?it/s]
[2023-05-02T02:10:17.269+0000] {logging_mixin.py:137} INFO - [*********************100%***********************]  1 of 1 completed
[2023-05-02T02:10:18.965+0000] {logging_mixin.py:137} WARNING -  50%|#####     | 1/2 [00:02<00:02,  2.40s/it]
[2023-05-02T02:10:19.422+0000] {logging_mixin.py:137} INFO - [*********************100%***********************]  1 of 1 completed
[2023-05-02T02:10:20.695+0000] {logging_mixin.py:137} WARNING - 100%|##########| 2/2 [00:04<00:00,  2.00s/it]
[2023-05-02T02:10:20.707+0000] {logging_mixin.py:137} WARNING - 100%|##########| 2/2 [00:04<00:00,  2.07s/it]
[2023-05-02T02:10:20.735+0000] {logging_mixin.py:137} INFO - Index(['open', 'high', 'low', 'close', 'adj_close', 'volume', 'timestamp',
       'currency_pair', 'exchangetimezonename', 'timezone'],
      dtype='object')
[2023-05-02T02:10:20.838+0000] {download_yahoo.py:57} INFO - Downloaded data: 
	         open       high        low  ...  currency_pair  exchangetimezonename  timezone
0  16.534698  16.534698  16.534698  ...       AVAX-USD                   UTC       UTC
1  16.534225  16.534225  16.534225  ...       AVAX-USD                   UTC       UTC
2  16.528009  16.528009  16.528009  ...       AVAX-USD                   UTC       UTC
3  16.527618  16.527618  16.527618  ...       AVAX-USD                   UTC       UTC
4  16.527792  16.527792  16.527792  ...       AVAX-USD                   UTC       UTC

[5 rows x 10 columns]
[2023-05-02T02:10:21.144+0000] {python.py:177} INFO - Done. Returned value was: None
[2023-05-02T02:10:21.205+0000] {taskinstance.py:1332} INFO - Marking task as SUCCESS. dag_id=dag_1min, task_id=dump_1m, execution_date=20230502T020500, start_date=20230502T021012, end_date=20230502T021021
[2023-05-02T02:10:21.490+0000] {local_task_job.py:212} INFO - Task exited with return code 0
[2023-05-02T02:10:21.677+0000] {taskinstance.py:2596} INFO - 0 downstream tasks scheduled from follow-on schedule check
