[2023-05-01T23:49:28.201+0000] {processor.py:153} INFO - Started process (PID=107) to work on /home/airflow/.local/lib/python3.7/site-packages/airflow/example_dags/example_complex.py
[2023-05-01T23:49:28.210+0000] {processor.py:743} INFO - Processing file /home/airflow/.local/lib/python3.7/site-packages/airflow/example_dags/example_complex.py for tasks to queue
[2023-05-01T23:49:28.230+0000] {logging_mixin.py:137} INFO - [2023-05-01T23:49:28.222+0000] {dagbag.py:532} INFO - Filling up the DagBag from /home/airflow/.local/lib/python3.7/site-packages/airflow/example_dags/example_complex.py
[2023-05-01T23:49:28.628+0000] {logging_mixin.py:137} INFO - [2023-05-01T23:49:28.624+0000] {taskmixin.py:211} WARNING - Dependency <Task(BashOperator): create_entry_group>, delete_entry_group already registered for DAG: example_complex
[2023-05-01T23:49:28.637+0000] {logging_mixin.py:137} INFO - [2023-05-01T23:49:28.633+0000] {taskmixin.py:211} WARNING - Dependency <Task(BashOperator): delete_entry_group>, create_entry_group already registered for DAG: example_complex
[2023-05-01T23:49:28.650+0000] {logging_mixin.py:137} INFO - [2023-05-01T23:49:28.641+0000] {taskmixin.py:211} WARNING - Dependency <Task(BashOperator): create_entry_gcs>, delete_entry already registered for DAG: example_complex
[2023-05-01T23:49:28.660+0000] {logging_mixin.py:137} INFO - [2023-05-01T23:49:28.656+0000] {taskmixin.py:211} WARNING - Dependency <Task(BashOperator): delete_entry>, create_entry_gcs already registered for DAG: example_complex
[2023-05-01T23:49:28.673+0000] {logging_mixin.py:137} INFO - [2023-05-01T23:49:28.669+0000] {taskmixin.py:211} WARNING - Dependency <Task(BashOperator): create_tag>, delete_tag already registered for DAG: example_complex
[2023-05-01T23:49:28.682+0000] {logging_mixin.py:137} INFO - [2023-05-01T23:49:28.678+0000] {taskmixin.py:211} WARNING - Dependency <Task(BashOperator): delete_tag>, create_tag already registered for DAG: example_complex
[2023-05-01T23:49:29.089+0000] {processor.py:753} INFO - DAG(s) dict_keys(['example_complex']) retrieved from /home/airflow/.local/lib/python3.7/site-packages/airflow/example_dags/example_complex.py
[2023-05-01T23:49:29.996+0000] {logging_mixin.py:137} INFO - [2023-05-01T23:49:29.995+0000] {dag.py:2705} INFO - Sync 1 DAGs
[2023-05-01T23:49:30.318+0000] {logging_mixin.py:137} INFO - [2023-05-01T23:49:30.313+0000] {dag.py:3456} INFO - Setting next_dagrun for example_complex to None, run_after=None
[2023-05-01T23:49:30.615+0000] {processor.py:175} INFO - Processing /home/airflow/.local/lib/python3.7/site-packages/airflow/example_dags/example_complex.py took 2.455 seconds
[2023-05-01T23:50:40.649+0000] {processor.py:153} INFO - Started process (PID=212) to work on /home/airflow/.local/lib/python3.7/site-packages/airflow/example_dags/example_complex.py
[2023-05-01T23:50:40.655+0000] {processor.py:743} INFO - Processing file /home/airflow/.local/lib/python3.7/site-packages/airflow/example_dags/example_complex.py for tasks to queue
[2023-05-01T23:50:40.665+0000] {logging_mixin.py:137} INFO - [2023-05-01T23:50:40.664+0000] {dagbag.py:532} INFO - Filling up the DagBag from /home/airflow/.local/lib/python3.7/site-packages/airflow/example_dags/example_complex.py
[2023-05-01T23:50:40.861+0000] {logging_mixin.py:137} INFO - [2023-05-01T23:50:40.860+0000] {taskmixin.py:211} WARNING - Dependency <Task(BashOperator): create_entry_group>, delete_entry_group already registered for DAG: example_complex
[2023-05-01T23:50:40.865+0000] {logging_mixin.py:137} INFO - [2023-05-01T23:50:40.864+0000] {taskmixin.py:211} WARNING - Dependency <Task(BashOperator): delete_entry_group>, create_entry_group already registered for DAG: example_complex
[2023-05-01T23:50:40.868+0000] {logging_mixin.py:137} INFO - [2023-05-01T23:50:40.867+0000] {taskmixin.py:211} WARNING - Dependency <Task(BashOperator): create_entry_gcs>, delete_entry already registered for DAG: example_complex
[2023-05-01T23:50:40.873+0000] {logging_mixin.py:137} INFO - [2023-05-01T23:50:40.872+0000] {taskmixin.py:211} WARNING - Dependency <Task(BashOperator): delete_entry>, create_entry_gcs already registered for DAG: example_complex
[2023-05-01T23:50:40.881+0000] {logging_mixin.py:137} INFO - [2023-05-01T23:50:40.880+0000] {taskmixin.py:211} WARNING - Dependency <Task(BashOperator): create_tag>, delete_tag already registered for DAG: example_complex
[2023-05-01T23:50:40.885+0000] {logging_mixin.py:137} INFO - [2023-05-01T23:50:40.884+0000] {taskmixin.py:211} WARNING - Dependency <Task(BashOperator): delete_tag>, create_tag already registered for DAG: example_complex
[2023-05-01T23:50:41.000+0000] {processor.py:753} INFO - DAG(s) dict_keys(['example_complex']) retrieved from /home/airflow/.local/lib/python3.7/site-packages/airflow/example_dags/example_complex.py
[2023-05-01T23:50:41.775+0000] {logging_mixin.py:137} INFO - [2023-05-01T23:50:41.773+0000] {dag.py:2705} INFO - Sync 1 DAGs
[2023-05-01T23:50:42.290+0000] {logging_mixin.py:137} INFO - [2023-05-01T23:50:42.288+0000] {dag.py:3456} INFO - Setting next_dagrun for example_complex to None, run_after=None
[2023-05-01T23:50:42.666+0000] {processor.py:175} INFO - Processing /home/airflow/.local/lib/python3.7/site-packages/airflow/example_dags/example_complex.py took 2.055 seconds
[2023-05-01T23:51:23.662+0000] {processor.py:153} INFO - Started process (PID=312) to work on /home/airflow/.local/lib/python3.7/site-packages/airflow/example_dags/example_complex.py
[2023-05-01T23:51:23.670+0000] {processor.py:743} INFO - Processing file /home/airflow/.local/lib/python3.7/site-packages/airflow/example_dags/example_complex.py for tasks to queue
[2023-05-01T23:51:23.679+0000] {logging_mixin.py:137} INFO - [2023-05-01T23:51:23.677+0000] {dagbag.py:532} INFO - Filling up the DagBag from /home/airflow/.local/lib/python3.7/site-packages/airflow/example_dags/example_complex.py
[2023-05-01T23:51:23.931+0000] {logging_mixin.py:137} INFO - [2023-05-01T23:51:23.929+0000] {taskmixin.py:211} WARNING - Dependency <Task(BashOperator): create_entry_group>, delete_entry_group already registered for DAG: example_complex
[2023-05-01T23:51:23.944+0000] {logging_mixin.py:137} INFO - [2023-05-01T23:51:23.936+0000] {taskmixin.py:211} WARNING - Dependency <Task(BashOperator): delete_entry_group>, create_entry_group already registered for DAG: example_complex
[2023-05-01T23:51:23.951+0000] {logging_mixin.py:137} INFO - [2023-05-01T23:51:23.950+0000] {taskmixin.py:211} WARNING - Dependency <Task(BashOperator): create_entry_gcs>, delete_entry already registered for DAG: example_complex
[2023-05-01T23:51:23.963+0000] {logging_mixin.py:137} INFO - [2023-05-01T23:51:23.962+0000] {taskmixin.py:211} WARNING - Dependency <Task(BashOperator): delete_entry>, create_entry_gcs already registered for DAG: example_complex
[2023-05-01T23:51:23.975+0000] {logging_mixin.py:137} INFO - [2023-05-01T23:51:23.970+0000] {taskmixin.py:211} WARNING - Dependency <Task(BashOperator): create_tag>, delete_tag already registered for DAG: example_complex
[2023-05-01T23:51:23.979+0000] {logging_mixin.py:137} INFO - [2023-05-01T23:51:23.978+0000] {taskmixin.py:211} WARNING - Dependency <Task(BashOperator): delete_tag>, create_tag already registered for DAG: example_complex
[2023-05-01T23:51:24.119+0000] {processor.py:753} INFO - DAG(s) dict_keys(['example_complex']) retrieved from /home/airflow/.local/lib/python3.7/site-packages/airflow/example_dags/example_complex.py
[2023-05-01T23:51:24.703+0000] {logging_mixin.py:137} INFO - [2023-05-01T23:51:24.702+0000] {dag.py:2705} INFO - Sync 1 DAGs
[2023-05-01T23:51:25.056+0000] {logging_mixin.py:137} INFO - [2023-05-01T23:51:25.054+0000] {dag.py:3456} INFO - Setting next_dagrun for example_complex to None, run_after=None
[2023-05-01T23:51:25.303+0000] {processor.py:175} INFO - Processing /home/airflow/.local/lib/python3.7/site-packages/airflow/example_dags/example_complex.py took 1.662 seconds
[2023-05-01T23:51:58.314+0000] {processor.py:153} INFO - Started process (PID=402) to work on /home/airflow/.local/lib/python3.7/site-packages/airflow/example_dags/example_complex.py
[2023-05-01T23:51:58.318+0000] {processor.py:743} INFO - Processing file /home/airflow/.local/lib/python3.7/site-packages/airflow/example_dags/example_complex.py for tasks to queue
[2023-05-01T23:51:58.324+0000] {logging_mixin.py:137} INFO - [2023-05-01T23:51:58.324+0000] {dagbag.py:532} INFO - Filling up the DagBag from /home/airflow/.local/lib/python3.7/site-packages/airflow/example_dags/example_complex.py
[2023-05-01T23:51:58.405+0000] {logging_mixin.py:137} INFO - [2023-05-01T23:51:58.404+0000] {taskmixin.py:211} WARNING - Dependency <Task(BashOperator): create_entry_group>, delete_entry_group already registered for DAG: example_complex
[2023-05-01T23:51:58.409+0000] {logging_mixin.py:137} INFO - [2023-05-01T23:51:58.407+0000] {taskmixin.py:211} WARNING - Dependency <Task(BashOperator): delete_entry_group>, create_entry_group already registered for DAG: example_complex
[2023-05-01T23:51:58.413+0000] {logging_mixin.py:137} INFO - [2023-05-01T23:51:58.412+0000] {taskmixin.py:211} WARNING - Dependency <Task(BashOperator): create_entry_gcs>, delete_entry already registered for DAG: example_complex
[2023-05-01T23:51:58.416+0000] {logging_mixin.py:137} INFO - [2023-05-01T23:51:58.415+0000] {taskmixin.py:211} WARNING - Dependency <Task(BashOperator): delete_entry>, create_entry_gcs already registered for DAG: example_complex
[2023-05-01T23:51:58.422+0000] {logging_mixin.py:137} INFO - [2023-05-01T23:51:58.421+0000] {taskmixin.py:211} WARNING - Dependency <Task(BashOperator): create_tag>, delete_tag already registered for DAG: example_complex
[2023-05-01T23:51:58.424+0000] {logging_mixin.py:137} INFO - [2023-05-01T23:51:58.423+0000] {taskmixin.py:211} WARNING - Dependency <Task(BashOperator): delete_tag>, create_tag already registered for DAG: example_complex
[2023-05-01T23:51:58.472+0000] {processor.py:753} INFO - DAG(s) dict_keys(['example_complex']) retrieved from /home/airflow/.local/lib/python3.7/site-packages/airflow/example_dags/example_complex.py
[2023-05-01T23:51:58.754+0000] {logging_mixin.py:137} INFO - [2023-05-01T23:51:58.753+0000] {dag.py:2705} INFO - Sync 1 DAGs
[2023-05-01T23:51:58.955+0000] {logging_mixin.py:137} INFO - [2023-05-01T23:51:58.954+0000] {dag.py:3456} INFO - Setting next_dagrun for example_complex to None, run_after=None
[2023-05-01T23:51:59.142+0000] {processor.py:175} INFO - Processing /home/airflow/.local/lib/python3.7/site-packages/airflow/example_dags/example_complex.py took 0.841 seconds
[2023-05-01T23:52:31.001+0000] {processor.py:153} INFO - Started process (PID=489) to work on /home/airflow/.local/lib/python3.7/site-packages/airflow/example_dags/example_complex.py
[2023-05-01T23:52:31.006+0000] {processor.py:743} INFO - Processing file /home/airflow/.local/lib/python3.7/site-packages/airflow/example_dags/example_complex.py for tasks to queue
[2023-05-01T23:52:31.016+0000] {logging_mixin.py:137} INFO - [2023-05-01T23:52:31.015+0000] {dagbag.py:532} INFO - Filling up the DagBag from /home/airflow/.local/lib/python3.7/site-packages/airflow/example_dags/example_complex.py
[2023-05-01T23:52:31.342+0000] {logging_mixin.py:137} INFO - [2023-05-01T23:52:31.340+0000] {taskmixin.py:211} WARNING - Dependency <Task(BashOperator): create_entry_group>, delete_entry_group already registered for DAG: example_complex
[2023-05-01T23:52:31.370+0000] {logging_mixin.py:137} INFO - [2023-05-01T23:52:31.358+0000] {taskmixin.py:211} WARNING - Dependency <Task(BashOperator): delete_entry_group>, create_entry_group already registered for DAG: example_complex
[2023-05-01T23:52:31.387+0000] {logging_mixin.py:137} INFO - [2023-05-01T23:52:31.386+0000] {taskmixin.py:211} WARNING - Dependency <Task(BashOperator): create_entry_gcs>, delete_entry already registered for DAG: example_complex
[2023-05-01T23:52:31.401+0000] {logging_mixin.py:137} INFO - [2023-05-01T23:52:31.400+0000] {taskmixin.py:211} WARNING - Dependency <Task(BashOperator): delete_entry>, create_entry_gcs already registered for DAG: example_complex
[2023-05-01T23:52:31.435+0000] {logging_mixin.py:137} INFO - [2023-05-01T23:52:31.420+0000] {taskmixin.py:211} WARNING - Dependency <Task(BashOperator): create_tag>, delete_tag already registered for DAG: example_complex
[2023-05-01T23:52:31.449+0000] {logging_mixin.py:137} INFO - [2023-05-01T23:52:31.445+0000] {taskmixin.py:211} WARNING - Dependency <Task(BashOperator): delete_tag>, create_tag already registered for DAG: example_complex
[2023-05-01T23:52:31.667+0000] {processor.py:753} INFO - DAG(s) dict_keys(['example_complex']) retrieved from /home/airflow/.local/lib/python3.7/site-packages/airflow/example_dags/example_complex.py
[2023-05-01T23:52:32.113+0000] {logging_mixin.py:137} INFO - [2023-05-01T23:52:32.112+0000] {dag.py:2705} INFO - Sync 1 DAGs
[2023-05-01T23:52:32.340+0000] {logging_mixin.py:137} INFO - [2023-05-01T23:52:32.338+0000] {dag.py:3456} INFO - Setting next_dagrun for example_complex to None, run_after=None
[2023-05-01T23:52:32.630+0000] {processor.py:175} INFO - Processing /home/airflow/.local/lib/python3.7/site-packages/airflow/example_dags/example_complex.py took 1.637 seconds
[2023-05-01T23:53:03.104+0000] {processor.py:153} INFO - Started process (PID=585) to work on /home/airflow/.local/lib/python3.7/site-packages/airflow/example_dags/example_complex.py
[2023-05-01T23:53:03.111+0000] {processor.py:743} INFO - Processing file /home/airflow/.local/lib/python3.7/site-packages/airflow/example_dags/example_complex.py for tasks to queue
[2023-05-01T23:53:03.121+0000] {logging_mixin.py:137} INFO - [2023-05-01T23:53:03.117+0000] {dagbag.py:532} INFO - Filling up the DagBag from /home/airflow/.local/lib/python3.7/site-packages/airflow/example_dags/example_complex.py
[2023-05-01T23:53:03.274+0000] {logging_mixin.py:137} INFO - [2023-05-01T23:53:03.273+0000] {taskmixin.py:211} WARNING - Dependency <Task(BashOperator): create_entry_group>, delete_entry_group already registered for DAG: example_complex
[2023-05-01T23:53:03.278+0000] {logging_mixin.py:137} INFO - [2023-05-01T23:53:03.276+0000] {taskmixin.py:211} WARNING - Dependency <Task(BashOperator): delete_entry_group>, create_entry_group already registered for DAG: example_complex
[2023-05-01T23:53:03.290+0000] {logging_mixin.py:137} INFO - [2023-05-01T23:53:03.289+0000] {taskmixin.py:211} WARNING - Dependency <Task(BashOperator): create_entry_gcs>, delete_entry already registered for DAG: example_complex
[2023-05-01T23:53:03.304+0000] {logging_mixin.py:137} INFO - [2023-05-01T23:53:03.303+0000] {taskmixin.py:211} WARNING - Dependency <Task(BashOperator): delete_entry>, create_entry_gcs already registered for DAG: example_complex
[2023-05-01T23:53:03.309+0000] {logging_mixin.py:137} INFO - [2023-05-01T23:53:03.308+0000] {taskmixin.py:211} WARNING - Dependency <Task(BashOperator): create_tag>, delete_tag already registered for DAG: example_complex
[2023-05-01T23:53:03.314+0000] {logging_mixin.py:137} INFO - [2023-05-01T23:53:03.313+0000] {taskmixin.py:211} WARNING - Dependency <Task(BashOperator): delete_tag>, create_tag already registered for DAG: example_complex
[2023-05-01T23:53:03.402+0000] {processor.py:753} INFO - DAG(s) dict_keys(['example_complex']) retrieved from /home/airflow/.local/lib/python3.7/site-packages/airflow/example_dags/example_complex.py
[2023-05-01T23:53:03.942+0000] {logging_mixin.py:137} INFO - [2023-05-01T23:53:03.931+0000] {dag.py:2705} INFO - Sync 1 DAGs
[2023-05-01T23:53:04.424+0000] {logging_mixin.py:137} INFO - [2023-05-01T23:53:04.422+0000] {dag.py:3456} INFO - Setting next_dagrun for example_complex to None, run_after=None
[2023-05-01T23:53:04.904+0000] {processor.py:175} INFO - Processing /home/airflow/.local/lib/python3.7/site-packages/airflow/example_dags/example_complex.py took 1.827 seconds
[2023-05-01T23:53:35.334+0000] {processor.py:153} INFO - Started process (PID=681) to work on /home/airflow/.local/lib/python3.7/site-packages/airflow/example_dags/example_complex.py
[2023-05-01T23:53:35.347+0000] {processor.py:743} INFO - Processing file /home/airflow/.local/lib/python3.7/site-packages/airflow/example_dags/example_complex.py for tasks to queue
[2023-05-01T23:53:35.366+0000] {logging_mixin.py:137} INFO - [2023-05-01T23:53:35.360+0000] {dagbag.py:532} INFO - Filling up the DagBag from /home/airflow/.local/lib/python3.7/site-packages/airflow/example_dags/example_complex.py
[2023-05-01T23:53:35.788+0000] {logging_mixin.py:137} INFO - [2023-05-01T23:53:35.785+0000] {taskmixin.py:211} WARNING - Dependency <Task(BashOperator): create_entry_group>, delete_entry_group already registered for DAG: example_complex
[2023-05-01T23:53:35.800+0000] {logging_mixin.py:137} INFO - [2023-05-01T23:53:35.795+0000] {taskmixin.py:211} WARNING - Dependency <Task(BashOperator): delete_entry_group>, create_entry_group already registered for DAG: example_complex
[2023-05-01T23:53:35.813+0000] {logging_mixin.py:137} INFO - [2023-05-01T23:53:35.810+0000] {taskmixin.py:211} WARNING - Dependency <Task(BashOperator): create_entry_gcs>, delete_entry already registered for DAG: example_complex
[2023-05-01T23:53:35.819+0000] {logging_mixin.py:137} INFO - [2023-05-01T23:53:35.816+0000] {taskmixin.py:211} WARNING - Dependency <Task(BashOperator): delete_entry>, create_entry_gcs already registered for DAG: example_complex
[2023-05-01T23:53:35.828+0000] {logging_mixin.py:137} INFO - [2023-05-01T23:53:35.828+0000] {taskmixin.py:211} WARNING - Dependency <Task(BashOperator): create_tag>, delete_tag already registered for DAG: example_complex
[2023-05-01T23:53:35.837+0000] {logging_mixin.py:137} INFO - [2023-05-01T23:53:35.834+0000] {taskmixin.py:211} WARNING - Dependency <Task(BashOperator): delete_tag>, create_tag already registered for DAG: example_complex
[2023-05-01T23:53:35.974+0000] {processor.py:753} INFO - DAG(s) dict_keys(['example_complex']) retrieved from /home/airflow/.local/lib/python3.7/site-packages/airflow/example_dags/example_complex.py
[2023-05-01T23:53:36.737+0000] {logging_mixin.py:137} INFO - [2023-05-01T23:53:36.736+0000] {dag.py:2705} INFO - Sync 1 DAGs
[2023-05-01T23:53:36.936+0000] {logging_mixin.py:137} INFO - [2023-05-01T23:53:36.935+0000] {dag.py:3456} INFO - Setting next_dagrun for example_complex to None, run_after=None
[2023-05-01T23:53:37.053+0000] {processor.py:175} INFO - Processing /home/airflow/.local/lib/python3.7/site-packages/airflow/example_dags/example_complex.py took 1.779 seconds
[2023-05-01T23:54:07.637+0000] {processor.py:153} INFO - Started process (PID=777) to work on /home/airflow/.local/lib/python3.7/site-packages/airflow/example_dags/example_complex.py
[2023-05-01T23:54:07.642+0000] {processor.py:743} INFO - Processing file /home/airflow/.local/lib/python3.7/site-packages/airflow/example_dags/example_complex.py for tasks to queue
[2023-05-01T23:54:07.647+0000] {logging_mixin.py:137} INFO - [2023-05-01T23:54:07.646+0000] {dagbag.py:532} INFO - Filling up the DagBag from /home/airflow/.local/lib/python3.7/site-packages/airflow/example_dags/example_complex.py
[2023-05-01T23:54:07.736+0000] {logging_mixin.py:137} INFO - [2023-05-01T23:54:07.735+0000] {taskmixin.py:211} WARNING - Dependency <Task(BashOperator): create_entry_group>, delete_entry_group already registered for DAG: example_complex
[2023-05-01T23:54:07.740+0000] {logging_mixin.py:137} INFO - [2023-05-01T23:54:07.738+0000] {taskmixin.py:211} WARNING - Dependency <Task(BashOperator): delete_entry_group>, create_entry_group already registered for DAG: example_complex
[2023-05-01T23:54:07.743+0000] {logging_mixin.py:137} INFO - [2023-05-01T23:54:07.742+0000] {taskmixin.py:211} WARNING - Dependency <Task(BashOperator): create_entry_gcs>, delete_entry already registered for DAG: example_complex
[2023-05-01T23:54:07.746+0000] {logging_mixin.py:137} INFO - [2023-05-01T23:54:07.745+0000] {taskmixin.py:211} WARNING - Dependency <Task(BashOperator): delete_entry>, create_entry_gcs already registered for DAG: example_complex
[2023-05-01T23:54:07.750+0000] {logging_mixin.py:137} INFO - [2023-05-01T23:54:07.749+0000] {taskmixin.py:211} WARNING - Dependency <Task(BashOperator): create_tag>, delete_tag already registered for DAG: example_complex
[2023-05-01T23:54:07.752+0000] {logging_mixin.py:137} INFO - [2023-05-01T23:54:07.751+0000] {taskmixin.py:211} WARNING - Dependency <Task(BashOperator): delete_tag>, create_tag already registered for DAG: example_complex
[2023-05-01T23:54:07.810+0000] {processor.py:753} INFO - DAG(s) dict_keys(['example_complex']) retrieved from /home/airflow/.local/lib/python3.7/site-packages/airflow/example_dags/example_complex.py
[2023-05-01T23:54:08.031+0000] {logging_mixin.py:137} INFO - [2023-05-01T23:54:08.030+0000] {dag.py:2705} INFO - Sync 1 DAGs
[2023-05-01T23:54:08.166+0000] {logging_mixin.py:137} INFO - [2023-05-01T23:54:08.165+0000] {dag.py:3456} INFO - Setting next_dagrun for example_complex to None, run_after=None
[2023-05-01T23:54:08.255+0000] {processor.py:175} INFO - Processing /home/airflow/.local/lib/python3.7/site-packages/airflow/example_dags/example_complex.py took 0.634 seconds
[2023-05-01T23:54:38.796+0000] {processor.py:153} INFO - Started process (PID=874) to work on /home/airflow/.local/lib/python3.7/site-packages/airflow/example_dags/example_complex.py
[2023-05-01T23:54:38.799+0000] {processor.py:743} INFO - Processing file /home/airflow/.local/lib/python3.7/site-packages/airflow/example_dags/example_complex.py for tasks to queue
[2023-05-01T23:54:38.802+0000] {logging_mixin.py:137} INFO - [2023-05-01T23:54:38.802+0000] {dagbag.py:532} INFO - Filling up the DagBag from /home/airflow/.local/lib/python3.7/site-packages/airflow/example_dags/example_complex.py
[2023-05-01T23:54:38.867+0000] {logging_mixin.py:137} INFO - [2023-05-01T23:54:38.866+0000] {taskmixin.py:211} WARNING - Dependency <Task(BashOperator): create_entry_group>, delete_entry_group already registered for DAG: example_complex
[2023-05-01T23:54:38.869+0000] {logging_mixin.py:137} INFO - [2023-05-01T23:54:38.869+0000] {taskmixin.py:211} WARNING - Dependency <Task(BashOperator): delete_entry_group>, create_entry_group already registered for DAG: example_complex
[2023-05-01T23:54:38.872+0000] {logging_mixin.py:137} INFO - [2023-05-01T23:54:38.871+0000] {taskmixin.py:211} WARNING - Dependency <Task(BashOperator): create_entry_gcs>, delete_entry already registered for DAG: example_complex
[2023-05-01T23:54:38.874+0000] {logging_mixin.py:137} INFO - [2023-05-01T23:54:38.873+0000] {taskmixin.py:211} WARNING - Dependency <Task(BashOperator): delete_entry>, create_entry_gcs already registered for DAG: example_complex
[2023-05-01T23:54:38.877+0000] {logging_mixin.py:137} INFO - [2023-05-01T23:54:38.876+0000] {taskmixin.py:211} WARNING - Dependency <Task(BashOperator): create_tag>, delete_tag already registered for DAG: example_complex
[2023-05-01T23:54:38.879+0000] {logging_mixin.py:137} INFO - [2023-05-01T23:54:38.878+0000] {taskmixin.py:211} WARNING - Dependency <Task(BashOperator): delete_tag>, create_tag already registered for DAG: example_complex
[2023-05-01T23:54:38.915+0000] {processor.py:753} INFO - DAG(s) dict_keys(['example_complex']) retrieved from /home/airflow/.local/lib/python3.7/site-packages/airflow/example_dags/example_complex.py
[2023-05-01T23:54:39.103+0000] {logging_mixin.py:137} INFO - [2023-05-01T23:54:39.102+0000] {dag.py:2705} INFO - Sync 1 DAGs
[2023-05-01T23:54:39.239+0000] {logging_mixin.py:137} INFO - [2023-05-01T23:54:39.239+0000] {dag.py:3456} INFO - Setting next_dagrun for example_complex to None, run_after=None
[2023-05-01T23:54:39.315+0000] {processor.py:175} INFO - Processing /home/airflow/.local/lib/python3.7/site-packages/airflow/example_dags/example_complex.py took 0.528 seconds
[2023-05-01T23:55:11.811+0000] {processor.py:153} INFO - Started process (PID=956) to work on /home/airflow/.local/lib/python3.7/site-packages/airflow/example_dags/example_complex.py
[2023-05-01T23:55:11.814+0000] {processor.py:743} INFO - Processing file /home/airflow/.local/lib/python3.7/site-packages/airflow/example_dags/example_complex.py for tasks to queue
[2023-05-01T23:55:11.819+0000] {logging_mixin.py:137} INFO - [2023-05-01T23:55:11.818+0000] {dagbag.py:532} INFO - Filling up the DagBag from /home/airflow/.local/lib/python3.7/site-packages/airflow/example_dags/example_complex.py
[2023-05-01T23:55:11.900+0000] {logging_mixin.py:137} INFO - [2023-05-01T23:55:11.899+0000] {taskmixin.py:211} WARNING - Dependency <Task(BashOperator): create_entry_group>, delete_entry_group already registered for DAG: example_complex
[2023-05-01T23:55:11.904+0000] {logging_mixin.py:137} INFO - [2023-05-01T23:55:11.904+0000] {taskmixin.py:211} WARNING - Dependency <Task(BashOperator): delete_entry_group>, create_entry_group already registered for DAG: example_complex
[2023-05-01T23:55:11.907+0000] {logging_mixin.py:137} INFO - [2023-05-01T23:55:11.907+0000] {taskmixin.py:211} WARNING - Dependency <Task(BashOperator): create_entry_gcs>, delete_entry already registered for DAG: example_complex
[2023-05-01T23:55:11.909+0000] {logging_mixin.py:137} INFO - [2023-05-01T23:55:11.909+0000] {taskmixin.py:211} WARNING - Dependency <Task(BashOperator): delete_entry>, create_entry_gcs already registered for DAG: example_complex
[2023-05-01T23:55:11.913+0000] {logging_mixin.py:137} INFO - [2023-05-01T23:55:11.913+0000] {taskmixin.py:211} WARNING - Dependency <Task(BashOperator): create_tag>, delete_tag already registered for DAG: example_complex
[2023-05-01T23:55:11.916+0000] {logging_mixin.py:137} INFO - [2023-05-01T23:55:11.915+0000] {taskmixin.py:211} WARNING - Dependency <Task(BashOperator): delete_tag>, create_tag already registered for DAG: example_complex
[2023-05-01T23:55:11.957+0000] {processor.py:753} INFO - DAG(s) dict_keys(['example_complex']) retrieved from /home/airflow/.local/lib/python3.7/site-packages/airflow/example_dags/example_complex.py
[2023-05-01T23:55:12.157+0000] {logging_mixin.py:137} INFO - [2023-05-01T23:55:12.156+0000] {dag.py:2705} INFO - Sync 1 DAGs
[2023-05-01T23:55:12.340+0000] {logging_mixin.py:137} INFO - [2023-05-01T23:55:12.339+0000] {dag.py:3456} INFO - Setting next_dagrun for example_complex to None, run_after=None
[2023-05-01T23:55:12.433+0000] {processor.py:175} INFO - Processing /home/airflow/.local/lib/python3.7/site-packages/airflow/example_dags/example_complex.py took 0.633 seconds
[2023-05-01T23:55:42.661+0000] {processor.py:153} INFO - Started process (PID=1051) to work on /home/airflow/.local/lib/python3.7/site-packages/airflow/example_dags/example_complex.py
[2023-05-01T23:55:42.673+0000] {processor.py:743} INFO - Processing file /home/airflow/.local/lib/python3.7/site-packages/airflow/example_dags/example_complex.py for tasks to queue
[2023-05-01T23:55:42.680+0000] {logging_mixin.py:137} INFO - [2023-05-01T23:55:42.679+0000] {dagbag.py:532} INFO - Filling up the DagBag from /home/airflow/.local/lib/python3.7/site-packages/airflow/example_dags/example_complex.py
[2023-05-01T23:55:42.891+0000] {logging_mixin.py:137} INFO - [2023-05-01T23:55:42.889+0000] {taskmixin.py:211} WARNING - Dependency <Task(BashOperator): create_entry_group>, delete_entry_group already registered for DAG: example_complex
[2023-05-01T23:55:42.895+0000] {logging_mixin.py:137} INFO - [2023-05-01T23:55:42.894+0000] {taskmixin.py:211} WARNING - Dependency <Task(BashOperator): delete_entry_group>, create_entry_group already registered for DAG: example_complex
[2023-05-01T23:55:42.900+0000] {logging_mixin.py:137} INFO - [2023-05-01T23:55:42.899+0000] {taskmixin.py:211} WARNING - Dependency <Task(BashOperator): create_entry_gcs>, delete_entry already registered for DAG: example_complex
[2023-05-01T23:55:42.904+0000] {logging_mixin.py:137} INFO - [2023-05-01T23:55:42.903+0000] {taskmixin.py:211} WARNING - Dependency <Task(BashOperator): delete_entry>, create_entry_gcs already registered for DAG: example_complex
[2023-05-01T23:55:42.910+0000] {logging_mixin.py:137} INFO - [2023-05-01T23:55:42.908+0000] {taskmixin.py:211} WARNING - Dependency <Task(BashOperator): create_tag>, delete_tag already registered for DAG: example_complex
[2023-05-01T23:55:42.914+0000] {logging_mixin.py:137} INFO - [2023-05-01T23:55:42.913+0000] {taskmixin.py:211} WARNING - Dependency <Task(BashOperator): delete_tag>, create_tag already registered for DAG: example_complex
[2023-05-01T23:55:42.969+0000] {processor.py:753} INFO - DAG(s) dict_keys(['example_complex']) retrieved from /home/airflow/.local/lib/python3.7/site-packages/airflow/example_dags/example_complex.py
[2023-05-01T23:55:43.315+0000] {logging_mixin.py:137} INFO - [2023-05-01T23:55:43.314+0000] {dag.py:2705} INFO - Sync 1 DAGs
[2023-05-01T23:55:43.531+0000] {logging_mixin.py:137} INFO - [2023-05-01T23:55:43.530+0000] {dag.py:3456} INFO - Setting next_dagrun for example_complex to None, run_after=None
[2023-05-01T23:55:43.655+0000] {processor.py:175} INFO - Processing /home/airflow/.local/lib/python3.7/site-packages/airflow/example_dags/example_complex.py took 1.017 seconds
[2023-05-01T23:56:14.163+0000] {processor.py:153} INFO - Started process (PID=1144) to work on /home/airflow/.local/lib/python3.7/site-packages/airflow/example_dags/example_complex.py
[2023-05-01T23:56:14.166+0000] {processor.py:743} INFO - Processing file /home/airflow/.local/lib/python3.7/site-packages/airflow/example_dags/example_complex.py for tasks to queue
[2023-05-01T23:56:14.170+0000] {logging_mixin.py:137} INFO - [2023-05-01T23:56:14.170+0000] {dagbag.py:532} INFO - Filling up the DagBag from /home/airflow/.local/lib/python3.7/site-packages/airflow/example_dags/example_complex.py
[2023-05-01T23:56:14.237+0000] {logging_mixin.py:137} INFO - [2023-05-01T23:56:14.235+0000] {taskmixin.py:211} WARNING - Dependency <Task(BashOperator): create_entry_group>, delete_entry_group already registered for DAG: example_complex
[2023-05-01T23:56:14.239+0000] {logging_mixin.py:137} INFO - [2023-05-01T23:56:14.238+0000] {taskmixin.py:211} WARNING - Dependency <Task(BashOperator): delete_entry_group>, create_entry_group already registered for DAG: example_complex
[2023-05-01T23:56:14.242+0000] {logging_mixin.py:137} INFO - [2023-05-01T23:56:14.241+0000] {taskmixin.py:211} WARNING - Dependency <Task(BashOperator): create_entry_gcs>, delete_entry already registered for DAG: example_complex
[2023-05-01T23:56:14.244+0000] {logging_mixin.py:137} INFO - [2023-05-01T23:56:14.244+0000] {taskmixin.py:211} WARNING - Dependency <Task(BashOperator): delete_entry>, create_entry_gcs already registered for DAG: example_complex
[2023-05-01T23:56:14.248+0000] {logging_mixin.py:137} INFO - [2023-05-01T23:56:14.248+0000] {taskmixin.py:211} WARNING - Dependency <Task(BashOperator): create_tag>, delete_tag already registered for DAG: example_complex
[2023-05-01T23:56:14.250+0000] {logging_mixin.py:137} INFO - [2023-05-01T23:56:14.249+0000] {taskmixin.py:211} WARNING - Dependency <Task(BashOperator): delete_tag>, create_tag already registered for DAG: example_complex
[2023-05-01T23:56:14.287+0000] {processor.py:753} INFO - DAG(s) dict_keys(['example_complex']) retrieved from /home/airflow/.local/lib/python3.7/site-packages/airflow/example_dags/example_complex.py
[2023-05-01T23:56:14.497+0000] {logging_mixin.py:137} INFO - [2023-05-01T23:56:14.496+0000] {dag.py:2705} INFO - Sync 1 DAGs
[2023-05-01T23:56:14.636+0000] {logging_mixin.py:137} INFO - [2023-05-01T23:56:14.635+0000] {dag.py:3456} INFO - Setting next_dagrun for example_complex to None, run_after=None
[2023-05-01T23:56:14.709+0000] {processor.py:175} INFO - Processing /home/airflow/.local/lib/python3.7/site-packages/airflow/example_dags/example_complex.py took 0.557 seconds
[2023-05-01T23:56:44.940+0000] {processor.py:153} INFO - Started process (PID=1240) to work on /home/airflow/.local/lib/python3.7/site-packages/airflow/example_dags/example_complex.py
[2023-05-01T23:56:44.944+0000] {processor.py:743} INFO - Processing file /home/airflow/.local/lib/python3.7/site-packages/airflow/example_dags/example_complex.py for tasks to queue
[2023-05-01T23:56:44.948+0000] {logging_mixin.py:137} INFO - [2023-05-01T23:56:44.947+0000] {dagbag.py:532} INFO - Filling up the DagBag from /home/airflow/.local/lib/python3.7/site-packages/airflow/example_dags/example_complex.py
[2023-05-01T23:56:45.022+0000] {logging_mixin.py:137} INFO - [2023-05-01T23:56:45.021+0000] {taskmixin.py:211} WARNING - Dependency <Task(BashOperator): create_entry_group>, delete_entry_group already registered for DAG: example_complex
[2023-05-01T23:56:45.025+0000] {logging_mixin.py:137} INFO - [2023-05-01T23:56:45.024+0000] {taskmixin.py:211} WARNING - Dependency <Task(BashOperator): delete_entry_group>, create_entry_group already registered for DAG: example_complex
[2023-05-01T23:56:45.030+0000] {logging_mixin.py:137} INFO - [2023-05-01T23:56:45.029+0000] {taskmixin.py:211} WARNING - Dependency <Task(BashOperator): create_entry_gcs>, delete_entry already registered for DAG: example_complex
[2023-05-01T23:56:45.032+0000] {logging_mixin.py:137} INFO - [2023-05-01T23:56:45.032+0000] {taskmixin.py:211} WARNING - Dependency <Task(BashOperator): delete_entry>, create_entry_gcs already registered for DAG: example_complex
[2023-05-01T23:56:45.036+0000] {logging_mixin.py:137} INFO - [2023-05-01T23:56:45.035+0000] {taskmixin.py:211} WARNING - Dependency <Task(BashOperator): create_tag>, delete_tag already registered for DAG: example_complex
[2023-05-01T23:56:45.037+0000] {logging_mixin.py:137} INFO - [2023-05-01T23:56:45.037+0000] {taskmixin.py:211} WARNING - Dependency <Task(BashOperator): delete_tag>, create_tag already registered for DAG: example_complex
[2023-05-01T23:56:45.074+0000] {processor.py:753} INFO - DAG(s) dict_keys(['example_complex']) retrieved from /home/airflow/.local/lib/python3.7/site-packages/airflow/example_dags/example_complex.py
[2023-05-01T23:56:45.245+0000] {logging_mixin.py:137} INFO - [2023-05-01T23:56:45.244+0000] {dag.py:2705} INFO - Sync 1 DAGs
[2023-05-01T23:56:45.378+0000] {logging_mixin.py:137} INFO - [2023-05-01T23:56:45.377+0000] {dag.py:3456} INFO - Setting next_dagrun for example_complex to None, run_after=None
[2023-05-01T23:56:45.486+0000] {processor.py:175} INFO - Processing /home/airflow/.local/lib/python3.7/site-packages/airflow/example_dags/example_complex.py took 0.558 seconds
[2023-05-01T23:57:15.805+0000] {processor.py:153} INFO - Started process (PID=1336) to work on /home/airflow/.local/lib/python3.7/site-packages/airflow/example_dags/example_complex.py
[2023-05-01T23:57:15.808+0000] {processor.py:743} INFO - Processing file /home/airflow/.local/lib/python3.7/site-packages/airflow/example_dags/example_complex.py for tasks to queue
[2023-05-01T23:57:15.811+0000] {logging_mixin.py:137} INFO - [2023-05-01T23:57:15.811+0000] {dagbag.py:532} INFO - Filling up the DagBag from /home/airflow/.local/lib/python3.7/site-packages/airflow/example_dags/example_complex.py
[2023-05-01T23:57:15.870+0000] {logging_mixin.py:137} INFO - [2023-05-01T23:57:15.869+0000] {taskmixin.py:211} WARNING - Dependency <Task(BashOperator): create_entry_group>, delete_entry_group already registered for DAG: example_complex
[2023-05-01T23:57:15.873+0000] {logging_mixin.py:137} INFO - [2023-05-01T23:57:15.872+0000] {taskmixin.py:211} WARNING - Dependency <Task(BashOperator): delete_entry_group>, create_entry_group already registered for DAG: example_complex
[2023-05-01T23:57:15.875+0000] {logging_mixin.py:137} INFO - [2023-05-01T23:57:15.874+0000] {taskmixin.py:211} WARNING - Dependency <Task(BashOperator): create_entry_gcs>, delete_entry already registered for DAG: example_complex
[2023-05-01T23:57:15.877+0000] {logging_mixin.py:137} INFO - [2023-05-01T23:57:15.876+0000] {taskmixin.py:211} WARNING - Dependency <Task(BashOperator): delete_entry>, create_entry_gcs already registered for DAG: example_complex
[2023-05-01T23:57:15.880+0000] {logging_mixin.py:137} INFO - [2023-05-01T23:57:15.880+0000] {taskmixin.py:211} WARNING - Dependency <Task(BashOperator): create_tag>, delete_tag already registered for DAG: example_complex
[2023-05-01T23:57:15.882+0000] {logging_mixin.py:137} INFO - [2023-05-01T23:57:15.882+0000] {taskmixin.py:211} WARNING - Dependency <Task(BashOperator): delete_tag>, create_tag already registered for DAG: example_complex
[2023-05-01T23:57:15.916+0000] {processor.py:753} INFO - DAG(s) dict_keys(['example_complex']) retrieved from /home/airflow/.local/lib/python3.7/site-packages/airflow/example_dags/example_complex.py
[2023-05-01T23:57:16.086+0000] {logging_mixin.py:137} INFO - [2023-05-01T23:57:16.085+0000] {dag.py:2705} INFO - Sync 1 DAGs
[2023-05-01T23:57:16.215+0000] {logging_mixin.py:137} INFO - [2023-05-01T23:57:16.214+0000] {dag.py:3456} INFO - Setting next_dagrun for example_complex to None, run_after=None
[2023-05-01T23:57:16.284+0000] {processor.py:175} INFO - Processing /home/airflow/.local/lib/python3.7/site-packages/airflow/example_dags/example_complex.py took 0.489 seconds
[2023-05-01T23:57:47.093+0000] {processor.py:153} INFO - Started process (PID=1432) to work on /home/airflow/.local/lib/python3.7/site-packages/airflow/example_dags/example_complex.py
[2023-05-01T23:57:47.102+0000] {processor.py:743} INFO - Processing file /home/airflow/.local/lib/python3.7/site-packages/airflow/example_dags/example_complex.py for tasks to queue
[2023-05-01T23:57:47.108+0000] {logging_mixin.py:137} INFO - [2023-05-01T23:57:47.107+0000] {dagbag.py:532} INFO - Filling up the DagBag from /home/airflow/.local/lib/python3.7/site-packages/airflow/example_dags/example_complex.py
[2023-05-01T23:57:47.213+0000] {logging_mixin.py:137} INFO - [2023-05-01T23:57:47.211+0000] {taskmixin.py:211} WARNING - Dependency <Task(BashOperator): create_entry_group>, delete_entry_group already registered for DAG: example_complex
[2023-05-01T23:57:47.216+0000] {logging_mixin.py:137} INFO - [2023-05-01T23:57:47.215+0000] {taskmixin.py:211} WARNING - Dependency <Task(BashOperator): delete_entry_group>, create_entry_group already registered for DAG: example_complex
[2023-05-01T23:57:47.220+0000] {logging_mixin.py:137} INFO - [2023-05-01T23:57:47.219+0000] {taskmixin.py:211} WARNING - Dependency <Task(BashOperator): create_entry_gcs>, delete_entry already registered for DAG: example_complex
[2023-05-01T23:57:47.225+0000] {logging_mixin.py:137} INFO - [2023-05-01T23:57:47.222+0000] {taskmixin.py:211} WARNING - Dependency <Task(BashOperator): delete_entry>, create_entry_gcs already registered for DAG: example_complex
[2023-05-01T23:57:47.230+0000] {logging_mixin.py:137} INFO - [2023-05-01T23:57:47.229+0000] {taskmixin.py:211} WARNING - Dependency <Task(BashOperator): create_tag>, delete_tag already registered for DAG: example_complex
[2023-05-01T23:57:47.237+0000] {logging_mixin.py:137} INFO - [2023-05-01T23:57:47.237+0000] {taskmixin.py:211} WARNING - Dependency <Task(BashOperator): delete_tag>, create_tag already registered for DAG: example_complex
[2023-05-01T23:57:47.311+0000] {processor.py:753} INFO - DAG(s) dict_keys(['example_complex']) retrieved from /home/airflow/.local/lib/python3.7/site-packages/airflow/example_dags/example_complex.py
[2023-05-01T23:57:47.596+0000] {logging_mixin.py:137} INFO - [2023-05-01T23:57:47.595+0000] {dag.py:2705} INFO - Sync 1 DAGs
[2023-05-01T23:57:47.867+0000] {logging_mixin.py:137} INFO - [2023-05-01T23:57:47.865+0000] {dag.py:3456} INFO - Setting next_dagrun for example_complex to None, run_after=None
[2023-05-01T23:57:48.012+0000] {processor.py:175} INFO - Processing /home/airflow/.local/lib/python3.7/site-packages/airflow/example_dags/example_complex.py took 0.937 seconds
[2023-05-01T23:58:18.100+0000] {processor.py:153} INFO - Started process (PID=1525) to work on /home/airflow/.local/lib/python3.7/site-packages/airflow/example_dags/example_complex.py
[2023-05-01T23:58:18.104+0000] {processor.py:743} INFO - Processing file /home/airflow/.local/lib/python3.7/site-packages/airflow/example_dags/example_complex.py for tasks to queue
[2023-05-01T23:58:18.109+0000] {logging_mixin.py:137} INFO - [2023-05-01T23:58:18.108+0000] {dagbag.py:532} INFO - Filling up the DagBag from /home/airflow/.local/lib/python3.7/site-packages/airflow/example_dags/example_complex.py
[2023-05-01T23:58:18.194+0000] {logging_mixin.py:137} INFO - [2023-05-01T23:58:18.193+0000] {taskmixin.py:211} WARNING - Dependency <Task(BashOperator): create_entry_group>, delete_entry_group already registered for DAG: example_complex
[2023-05-01T23:58:18.197+0000] {logging_mixin.py:137} INFO - [2023-05-01T23:58:18.196+0000] {taskmixin.py:211} WARNING - Dependency <Task(BashOperator): delete_entry_group>, create_entry_group already registered for DAG: example_complex
[2023-05-01T23:58:18.201+0000] {logging_mixin.py:137} INFO - [2023-05-01T23:58:18.200+0000] {taskmixin.py:211} WARNING - Dependency <Task(BashOperator): create_entry_gcs>, delete_entry already registered for DAG: example_complex
[2023-05-01T23:58:18.205+0000] {logging_mixin.py:137} INFO - [2023-05-01T23:58:18.204+0000] {taskmixin.py:211} WARNING - Dependency <Task(BashOperator): delete_entry>, create_entry_gcs already registered for DAG: example_complex
[2023-05-01T23:58:18.209+0000] {logging_mixin.py:137} INFO - [2023-05-01T23:58:18.209+0000] {taskmixin.py:211} WARNING - Dependency <Task(BashOperator): create_tag>, delete_tag already registered for DAG: example_complex
[2023-05-01T23:58:18.212+0000] {logging_mixin.py:137} INFO - [2023-05-01T23:58:18.211+0000] {taskmixin.py:211} WARNING - Dependency <Task(BashOperator): delete_tag>, create_tag already registered for DAG: example_complex
[2023-05-01T23:58:18.261+0000] {processor.py:753} INFO - DAG(s) dict_keys(['example_complex']) retrieved from /home/airflow/.local/lib/python3.7/site-packages/airflow/example_dags/example_complex.py
[2023-05-01T23:58:18.493+0000] {logging_mixin.py:137} INFO - [2023-05-01T23:58:18.492+0000] {dag.py:2705} INFO - Sync 1 DAGs
[2023-05-01T23:58:18.676+0000] {logging_mixin.py:137} INFO - [2023-05-01T23:58:18.675+0000] {dag.py:3456} INFO - Setting next_dagrun for example_complex to None, run_after=None
[2023-05-01T23:58:18.838+0000] {processor.py:175} INFO - Processing /home/airflow/.local/lib/python3.7/site-packages/airflow/example_dags/example_complex.py took 0.750 seconds
[2023-05-01T23:58:52.294+0000] {processor.py:153} INFO - Started process (PID=1608) to work on /home/airflow/.local/lib/python3.7/site-packages/airflow/example_dags/example_complex.py
[2023-05-01T23:58:52.297+0000] {processor.py:743} INFO - Processing file /home/airflow/.local/lib/python3.7/site-packages/airflow/example_dags/example_complex.py for tasks to queue
[2023-05-01T23:58:52.303+0000] {logging_mixin.py:137} INFO - [2023-05-01T23:58:52.302+0000] {dagbag.py:532} INFO - Filling up the DagBag from /home/airflow/.local/lib/python3.7/site-packages/airflow/example_dags/example_complex.py
[2023-05-01T23:58:52.415+0000] {logging_mixin.py:137} INFO - [2023-05-01T23:58:52.414+0000] {taskmixin.py:211} WARNING - Dependency <Task(BashOperator): create_entry_group>, delete_entry_group already registered for DAG: example_complex
[2023-05-01T23:58:52.418+0000] {logging_mixin.py:137} INFO - [2023-05-01T23:58:52.417+0000] {taskmixin.py:211} WARNING - Dependency <Task(BashOperator): delete_entry_group>, create_entry_group already registered for DAG: example_complex
[2023-05-01T23:58:52.420+0000] {logging_mixin.py:137} INFO - [2023-05-01T23:58:52.420+0000] {taskmixin.py:211} WARNING - Dependency <Task(BashOperator): create_entry_gcs>, delete_entry already registered for DAG: example_complex
[2023-05-01T23:58:52.423+0000] {logging_mixin.py:137} INFO - [2023-05-01T23:58:52.422+0000] {taskmixin.py:211} WARNING - Dependency <Task(BashOperator): delete_entry>, create_entry_gcs already registered for DAG: example_complex
[2023-05-01T23:58:52.426+0000] {logging_mixin.py:137} INFO - [2023-05-01T23:58:52.426+0000] {taskmixin.py:211} WARNING - Dependency <Task(BashOperator): create_tag>, delete_tag already registered for DAG: example_complex
[2023-05-01T23:58:52.428+0000] {logging_mixin.py:137} INFO - [2023-05-01T23:58:52.428+0000] {taskmixin.py:211} WARNING - Dependency <Task(BashOperator): delete_tag>, create_tag already registered for DAG: example_complex
[2023-05-01T23:58:52.469+0000] {processor.py:753} INFO - DAG(s) dict_keys(['example_complex']) retrieved from /home/airflow/.local/lib/python3.7/site-packages/airflow/example_dags/example_complex.py
[2023-05-01T23:58:52.655+0000] {logging_mixin.py:137} INFO - [2023-05-01T23:58:52.655+0000] {dag.py:2705} INFO - Sync 1 DAGs
[2023-05-01T23:58:52.787+0000] {logging_mixin.py:137} INFO - [2023-05-01T23:58:52.786+0000] {dag.py:3456} INFO - Setting next_dagrun for example_complex to None, run_after=None
[2023-05-01T23:58:52.862+0000] {processor.py:175} INFO - Processing /home/airflow/.local/lib/python3.7/site-packages/airflow/example_dags/example_complex.py took 0.579 seconds
[2023-05-01T23:59:26.005+0000] {processor.py:153} INFO - Started process (PID=1693) to work on /home/airflow/.local/lib/python3.7/site-packages/airflow/example_dags/example_complex.py
[2023-05-01T23:59:26.022+0000] {processor.py:743} INFO - Processing file /home/airflow/.local/lib/python3.7/site-packages/airflow/example_dags/example_complex.py for tasks to queue
[2023-05-01T23:59:26.038+0000] {logging_mixin.py:137} INFO - [2023-05-01T23:59:26.036+0000] {dagbag.py:532} INFO - Filling up the DagBag from /home/airflow/.local/lib/python3.7/site-packages/airflow/example_dags/example_complex.py
[2023-05-01T23:59:26.227+0000] {logging_mixin.py:137} INFO - [2023-05-01T23:59:26.224+0000] {taskmixin.py:211} WARNING - Dependency <Task(BashOperator): create_entry_group>, delete_entry_group already registered for DAG: example_complex
[2023-05-01T23:59:26.234+0000] {logging_mixin.py:137} INFO - [2023-05-01T23:59:26.233+0000] {taskmixin.py:211} WARNING - Dependency <Task(BashOperator): delete_entry_group>, create_entry_group already registered for DAG: example_complex
[2023-05-01T23:59:26.239+0000] {logging_mixin.py:137} INFO - [2023-05-01T23:59:26.238+0000] {taskmixin.py:211} WARNING - Dependency <Task(BashOperator): create_entry_gcs>, delete_entry already registered for DAG: example_complex
[2023-05-01T23:59:26.244+0000] {logging_mixin.py:137} INFO - [2023-05-01T23:59:26.242+0000] {taskmixin.py:211} WARNING - Dependency <Task(BashOperator): delete_entry>, create_entry_gcs already registered for DAG: example_complex
[2023-05-01T23:59:26.249+0000] {logging_mixin.py:137} INFO - [2023-05-01T23:59:26.248+0000] {taskmixin.py:211} WARNING - Dependency <Task(BashOperator): create_tag>, delete_tag already registered for DAG: example_complex
[2023-05-01T23:59:26.253+0000] {logging_mixin.py:137} INFO - [2023-05-01T23:59:26.252+0000] {taskmixin.py:211} WARNING - Dependency <Task(BashOperator): delete_tag>, create_tag already registered for DAG: example_complex
[2023-05-01T23:59:26.334+0000] {processor.py:753} INFO - DAG(s) dict_keys(['example_complex']) retrieved from /home/airflow/.local/lib/python3.7/site-packages/airflow/example_dags/example_complex.py
[2023-05-01T23:59:26.741+0000] {logging_mixin.py:137} INFO - [2023-05-01T23:59:26.740+0000] {dag.py:2705} INFO - Sync 1 DAGs
[2023-05-01T23:59:26.956+0000] {logging_mixin.py:137} INFO - [2023-05-01T23:59:26.955+0000] {dag.py:3456} INFO - Setting next_dagrun for example_complex to None, run_after=None
[2023-05-01T23:59:27.051+0000] {processor.py:175} INFO - Processing /home/airflow/.local/lib/python3.7/site-packages/airflow/example_dags/example_complex.py took 1.092 seconds
[2023-05-01T23:59:57.173+0000] {processor.py:153} INFO - Started process (PID=1787) to work on /home/airflow/.local/lib/python3.7/site-packages/airflow/example_dags/example_complex.py
[2023-05-01T23:59:57.178+0000] {processor.py:743} INFO - Processing file /home/airflow/.local/lib/python3.7/site-packages/airflow/example_dags/example_complex.py for tasks to queue
[2023-05-01T23:59:57.186+0000] {logging_mixin.py:137} INFO - [2023-05-01T23:59:57.185+0000] {dagbag.py:532} INFO - Filling up the DagBag from /home/airflow/.local/lib/python3.7/site-packages/airflow/example_dags/example_complex.py
[2023-05-01T23:59:57.283+0000] {logging_mixin.py:137} INFO - [2023-05-01T23:59:57.281+0000] {taskmixin.py:211} WARNING - Dependency <Task(BashOperator): create_entry_group>, delete_entry_group already registered for DAG: example_complex
[2023-05-01T23:59:57.287+0000] {logging_mixin.py:137} INFO - [2023-05-01T23:59:57.285+0000] {taskmixin.py:211} WARNING - Dependency <Task(BashOperator): delete_entry_group>, create_entry_group already registered for DAG: example_complex
[2023-05-01T23:59:57.291+0000] {logging_mixin.py:137} INFO - [2023-05-01T23:59:57.290+0000] {taskmixin.py:211} WARNING - Dependency <Task(BashOperator): create_entry_gcs>, delete_entry already registered for DAG: example_complex
[2023-05-01T23:59:57.302+0000] {logging_mixin.py:137} INFO - [2023-05-01T23:59:57.300+0000] {taskmixin.py:211} WARNING - Dependency <Task(BashOperator): delete_entry>, create_entry_gcs already registered for DAG: example_complex
[2023-05-01T23:59:57.317+0000] {logging_mixin.py:137} INFO - [2023-05-01T23:59:57.315+0000] {taskmixin.py:211} WARNING - Dependency <Task(BashOperator): create_tag>, delete_tag already registered for DAG: example_complex
[2023-05-01T23:59:57.323+0000] {logging_mixin.py:137} INFO - [2023-05-01T23:59:57.321+0000] {taskmixin.py:211} WARNING - Dependency <Task(BashOperator): delete_tag>, create_tag already registered for DAG: example_complex
[2023-05-01T23:59:57.407+0000] {processor.py:753} INFO - DAG(s) dict_keys(['example_complex']) retrieved from /home/airflow/.local/lib/python3.7/site-packages/airflow/example_dags/example_complex.py
[2023-05-01T23:59:57.693+0000] {logging_mixin.py:137} INFO - [2023-05-01T23:59:57.692+0000] {dag.py:2705} INFO - Sync 1 DAGs
[2023-05-01T23:59:57.919+0000] {logging_mixin.py:137} INFO - [2023-05-01T23:59:57.918+0000] {dag.py:3456} INFO - Setting next_dagrun for example_complex to None, run_after=None
[2023-05-01T23:59:58.014+0000] {processor.py:175} INFO - Processing /home/airflow/.local/lib/python3.7/site-packages/airflow/example_dags/example_complex.py took 0.861 seconds
