[2023-05-01T23:50:20.337+0000] {processor.py:153} INFO - Started process (PID=196) to work on /home/airflow/.local/lib/python3.7/site-packages/airflow/example_dags/example_datasets.py
[2023-05-01T23:50:20.344+0000] {processor.py:743} INFO - Processing file /home/airflow/.local/lib/python3.7/site-packages/airflow/example_dags/example_datasets.py for tasks to queue
[2023-05-01T23:50:20.369+0000] {logging_mixin.py:137} INFO - [2023-05-01T23:50:20.359+0000] {dagbag.py:532} INFO - Filling up the DagBag from /home/airflow/.local/lib/python3.7/site-packages/airflow/example_dags/example_datasets.py
[2023-05-01T23:50:20.846+0000] {processor.py:753} INFO - DAG(s) dict_keys(['dataset_consumes_1', 'dataset_consumes_1_and_2', 'dataset_produces_1', 'dataset_produces_2', 'dataset_consumes_1_never_scheduled', 'dataset_consumes_unknown_never_scheduled']) retrieved from /home/airflow/.local/lib/python3.7/site-packages/airflow/example_dags/example_datasets.py
[2023-05-01T23:50:24.011+0000] {logging_mixin.py:137} INFO - [2023-05-01T23:50:24.009+0000] {dag.py:2705} INFO - Sync 6 DAGs
[2023-05-01T23:50:24.682+0000] {logging_mixin.py:137} INFO - [2023-05-01T23:50:24.681+0000] {dag.py:3456} INFO - Setting next_dagrun for dataset_consumes_1 to None, run_after=None
[2023-05-01T23:50:24.936+0000] {logging_mixin.py:137} INFO - [2023-05-01T23:50:24.935+0000] {dag.py:3456} INFO - Setting next_dagrun for dataset_consumes_1_and_2 to None, run_after=None
[2023-05-01T23:50:25.013+0000] {logging_mixin.py:137} INFO - [2023-05-01T23:50:24.983+0000] {dag.py:3456} INFO - Setting next_dagrun for dataset_consumes_1_never_scheduled to None, run_after=None
[2023-05-01T23:50:25.101+0000] {logging_mixin.py:137} INFO - [2023-05-01T23:50:25.099+0000] {dag.py:3456} INFO - Setting next_dagrun for dataset_consumes_unknown_never_scheduled to None, run_after=None
[2023-05-01T23:50:25.264+0000] {logging_mixin.py:137} INFO - [2023-05-01T23:50:25.247+0000] {dag.py:3456} INFO - Setting next_dagrun for dataset_produces_1 to 2023-04-30T00:00:00+00:00, run_after=2023-05-01T00:00:00+00:00
[2023-05-01T23:50:25.317+0000] {logging_mixin.py:137} INFO - [2023-05-01T23:50:25.313+0000] {dag.py:3456} INFO - Setting next_dagrun for dataset_produces_2 to None, run_after=None
[2023-05-01T23:50:26.892+0000] {processor.py:175} INFO - Processing /home/airflow/.local/lib/python3.7/site-packages/airflow/example_dags/example_datasets.py took 6.638 seconds
[2023-05-01T23:51:21.292+0000] {processor.py:153} INFO - Started process (PID=292) to work on /home/airflow/.local/lib/python3.7/site-packages/airflow/example_dags/example_datasets.py
[2023-05-01T23:51:21.296+0000] {processor.py:743} INFO - Processing file /home/airflow/.local/lib/python3.7/site-packages/airflow/example_dags/example_datasets.py for tasks to queue
[2023-05-01T23:51:21.308+0000] {logging_mixin.py:137} INFO - [2023-05-01T23:51:21.304+0000] {dagbag.py:532} INFO - Filling up the DagBag from /home/airflow/.local/lib/python3.7/site-packages/airflow/example_dags/example_datasets.py
[2023-05-01T23:51:21.649+0000] {processor.py:753} INFO - DAG(s) dict_keys(['dataset_consumes_1', 'dataset_consumes_1_and_2', 'dataset_consumes_1_never_scheduled', 'dataset_produces_1', 'dataset_consumes_unknown_never_scheduled', 'dataset_produces_2']) retrieved from /home/airflow/.local/lib/python3.7/site-packages/airflow/example_dags/example_datasets.py
[2023-05-01T23:51:22.109+0000] {logging_mixin.py:137} INFO - [2023-05-01T23:51:22.108+0000] {dag.py:2705} INFO - Sync 6 DAGs
[2023-05-01T23:51:22.620+0000] {logging_mixin.py:137} INFO - [2023-05-01T23:51:22.619+0000] {dag.py:3456} INFO - Setting next_dagrun for dataset_consumes_1 to None, run_after=None
[2023-05-01T23:51:22.688+0000] {logging_mixin.py:137} INFO - [2023-05-01T23:51:22.687+0000] {dag.py:3456} INFO - Setting next_dagrun for dataset_consumes_1_and_2 to None, run_after=None
[2023-05-01T23:51:22.702+0000] {logging_mixin.py:137} INFO - [2023-05-01T23:51:22.701+0000] {dag.py:3456} INFO - Setting next_dagrun for dataset_consumes_1_never_scheduled to None, run_after=None
[2023-05-01T23:51:22.717+0000] {logging_mixin.py:137} INFO - [2023-05-01T23:51:22.716+0000] {dag.py:3456} INFO - Setting next_dagrun for dataset_consumes_unknown_never_scheduled to None, run_after=None
[2023-05-01T23:51:22.773+0000] {logging_mixin.py:137} INFO - [2023-05-01T23:51:22.772+0000] {dag.py:3456} INFO - Setting next_dagrun for dataset_produces_1 to 2023-04-30T00:00:00+00:00, run_after=2023-05-01T00:00:00+00:00
[2023-05-01T23:51:22.789+0000] {logging_mixin.py:137} INFO - [2023-05-01T23:51:22.788+0000] {dag.py:3456} INFO - Setting next_dagrun for dataset_produces_2 to None, run_after=None
[2023-05-01T23:51:23.191+0000] {processor.py:175} INFO - Processing /home/airflow/.local/lib/python3.7/site-packages/airflow/example_dags/example_datasets.py took 1.935 seconds
[2023-05-01T23:51:57.249+0000] {processor.py:153} INFO - Started process (PID=396) to work on /home/airflow/.local/lib/python3.7/site-packages/airflow/example_dags/example_datasets.py
[2023-05-01T23:51:57.260+0000] {processor.py:743} INFO - Processing file /home/airflow/.local/lib/python3.7/site-packages/airflow/example_dags/example_datasets.py for tasks to queue
[2023-05-01T23:51:57.265+0000] {logging_mixin.py:137} INFO - [2023-05-01T23:51:57.264+0000] {dagbag.py:532} INFO - Filling up the DagBag from /home/airflow/.local/lib/python3.7/site-packages/airflow/example_dags/example_datasets.py
[2023-05-01T23:51:57.361+0000] {processor.py:753} INFO - DAG(s) dict_keys(['dataset_consumes_1_never_scheduled', 'dataset_produces_2', 'dataset_consumes_1_and_2', 'dataset_consumes_1', 'dataset_consumes_unknown_never_scheduled', 'dataset_produces_1']) retrieved from /home/airflow/.local/lib/python3.7/site-packages/airflow/example_dags/example_datasets.py
[2023-05-01T23:51:57.585+0000] {logging_mixin.py:137} INFO - [2023-05-01T23:51:57.584+0000] {dag.py:2705} INFO - Sync 6 DAGs
[2023-05-01T23:51:57.759+0000] {logging_mixin.py:137} INFO - [2023-05-01T23:51:57.758+0000] {dag.py:3456} INFO - Setting next_dagrun for dataset_consumes_1 to None, run_after=None
[2023-05-01T23:51:57.798+0000] {logging_mixin.py:137} INFO - [2023-05-01T23:51:57.797+0000] {dag.py:3456} INFO - Setting next_dagrun for dataset_consumes_1_and_2 to None, run_after=None
[2023-05-01T23:51:57.816+0000] {logging_mixin.py:137} INFO - [2023-05-01T23:51:57.815+0000] {dag.py:3456} INFO - Setting next_dagrun for dataset_consumes_1_never_scheduled to None, run_after=None
[2023-05-01T23:51:57.825+0000] {logging_mixin.py:137} INFO - [2023-05-01T23:51:57.824+0000] {dag.py:3456} INFO - Setting next_dagrun for dataset_consumes_unknown_never_scheduled to None, run_after=None
[2023-05-01T23:51:57.871+0000] {logging_mixin.py:137} INFO - [2023-05-01T23:51:57.870+0000] {dag.py:3456} INFO - Setting next_dagrun for dataset_produces_1 to 2023-04-30T00:00:00+00:00, run_after=2023-05-01T00:00:00+00:00
[2023-05-01T23:51:57.888+0000] {logging_mixin.py:137} INFO - [2023-05-01T23:51:57.888+0000] {dag.py:3456} INFO - Setting next_dagrun for dataset_produces_2 to None, run_after=None
[2023-05-01T23:51:58.100+0000] {processor.py:175} INFO - Processing /home/airflow/.local/lib/python3.7/site-packages/airflow/example_dags/example_datasets.py took 0.880 seconds
[2023-05-01T23:52:34.183+0000] {processor.py:153} INFO - Started process (PID=499) to work on /home/airflow/.local/lib/python3.7/site-packages/airflow/example_dags/example_datasets.py
[2023-05-01T23:52:34.186+0000] {processor.py:743} INFO - Processing file /home/airflow/.local/lib/python3.7/site-packages/airflow/example_dags/example_datasets.py for tasks to queue
[2023-05-01T23:52:34.192+0000] {logging_mixin.py:137} INFO - [2023-05-01T23:52:34.191+0000] {dagbag.py:532} INFO - Filling up the DagBag from /home/airflow/.local/lib/python3.7/site-packages/airflow/example_dags/example_datasets.py
[2023-05-01T23:52:34.334+0000] {processor.py:753} INFO - DAG(s) dict_keys(['dataset_consumes_unknown_never_scheduled', 'dataset_consumes_1_never_scheduled', 'dataset_consumes_1', 'dataset_produces_2', 'dataset_produces_1', 'dataset_consumes_1_and_2']) retrieved from /home/airflow/.local/lib/python3.7/site-packages/airflow/example_dags/example_datasets.py
[2023-05-01T23:52:34.670+0000] {logging_mixin.py:137} INFO - [2023-05-01T23:52:34.669+0000] {dag.py:2705} INFO - Sync 6 DAGs
[2023-05-01T23:52:34.835+0000] {logging_mixin.py:137} INFO - [2023-05-01T23:52:34.834+0000] {dag.py:3456} INFO - Setting next_dagrun for dataset_consumes_1 to None, run_after=None
[2023-05-01T23:52:34.860+0000] {logging_mixin.py:137} INFO - [2023-05-01T23:52:34.859+0000] {dag.py:3456} INFO - Setting next_dagrun for dataset_consumes_1_and_2 to None, run_after=None
[2023-05-01T23:52:34.869+0000] {logging_mixin.py:137} INFO - [2023-05-01T23:52:34.868+0000] {dag.py:3456} INFO - Setting next_dagrun for dataset_consumes_1_never_scheduled to None, run_after=None
[2023-05-01T23:52:34.879+0000] {logging_mixin.py:137} INFO - [2023-05-01T23:52:34.878+0000] {dag.py:3456} INFO - Setting next_dagrun for dataset_consumes_unknown_never_scheduled to None, run_after=None
[2023-05-01T23:52:34.910+0000] {logging_mixin.py:137} INFO - [2023-05-01T23:52:34.909+0000] {dag.py:3456} INFO - Setting next_dagrun for dataset_produces_1 to 2023-04-30T00:00:00+00:00, run_after=2023-05-01T00:00:00+00:00
[2023-05-01T23:52:34.922+0000] {logging_mixin.py:137} INFO - [2023-05-01T23:52:34.921+0000] {dag.py:3456} INFO - Setting next_dagrun for dataset_produces_2 to None, run_after=None
[2023-05-01T23:52:35.177+0000] {processor.py:175} INFO - Processing /home/airflow/.local/lib/python3.7/site-packages/airflow/example_dags/example_datasets.py took 1.005 seconds
[2023-05-01T23:53:05.895+0000] {processor.py:153} INFO - Started process (PID=595) to work on /home/airflow/.local/lib/python3.7/site-packages/airflow/example_dags/example_datasets.py
[2023-05-01T23:53:05.898+0000] {processor.py:743} INFO - Processing file /home/airflow/.local/lib/python3.7/site-packages/airflow/example_dags/example_datasets.py for tasks to queue
[2023-05-01T23:53:05.904+0000] {logging_mixin.py:137} INFO - [2023-05-01T23:53:05.903+0000] {dagbag.py:532} INFO - Filling up the DagBag from /home/airflow/.local/lib/python3.7/site-packages/airflow/example_dags/example_datasets.py
[2023-05-01T23:53:05.996+0000] {processor.py:753} INFO - DAG(s) dict_keys(['dataset_consumes_unknown_never_scheduled', 'dataset_consumes_1_never_scheduled', 'dataset_produces_1', 'dataset_produces_2', 'dataset_consumes_1_and_2', 'dataset_consumes_1']) retrieved from /home/airflow/.local/lib/python3.7/site-packages/airflow/example_dags/example_datasets.py
[2023-05-01T23:53:06.250+0000] {logging_mixin.py:137} INFO - [2023-05-01T23:53:06.248+0000] {dag.py:2705} INFO - Sync 6 DAGs
[2023-05-01T23:53:06.570+0000] {logging_mixin.py:137} INFO - [2023-05-01T23:53:06.569+0000] {dag.py:3456} INFO - Setting next_dagrun for dataset_consumes_1 to None, run_after=None
[2023-05-01T23:53:06.597+0000] {logging_mixin.py:137} INFO - [2023-05-01T23:53:06.596+0000] {dag.py:3456} INFO - Setting next_dagrun for dataset_consumes_1_and_2 to None, run_after=None
[2023-05-01T23:53:06.633+0000] {logging_mixin.py:137} INFO - [2023-05-01T23:53:06.631+0000] {dag.py:3456} INFO - Setting next_dagrun for dataset_consumes_1_never_scheduled to None, run_after=None
[2023-05-01T23:53:06.662+0000] {logging_mixin.py:137} INFO - [2023-05-01T23:53:06.661+0000] {dag.py:3456} INFO - Setting next_dagrun for dataset_consumes_unknown_never_scheduled to None, run_after=None
[2023-05-01T23:53:06.762+0000] {logging_mixin.py:137} INFO - [2023-05-01T23:53:06.760+0000] {dag.py:3456} INFO - Setting next_dagrun for dataset_produces_1 to 2023-04-30T00:00:00+00:00, run_after=2023-05-01T00:00:00+00:00
[2023-05-01T23:53:06.784+0000] {logging_mixin.py:137} INFO - [2023-05-01T23:53:06.783+0000] {dag.py:3456} INFO - Setting next_dagrun for dataset_produces_2 to None, run_after=None
[2023-05-01T23:53:07.092+0000] {processor.py:175} INFO - Processing /home/airflow/.local/lib/python3.7/site-packages/airflow/example_dags/example_datasets.py took 1.207 seconds
[2023-05-01T23:53:38.397+0000] {processor.py:153} INFO - Started process (PID=691) to work on /home/airflow/.local/lib/python3.7/site-packages/airflow/example_dags/example_datasets.py
[2023-05-01T23:53:38.409+0000] {processor.py:743} INFO - Processing file /home/airflow/.local/lib/python3.7/site-packages/airflow/example_dags/example_datasets.py for tasks to queue
[2023-05-01T23:53:38.414+0000] {logging_mixin.py:137} INFO - [2023-05-01T23:53:38.413+0000] {dagbag.py:532} INFO - Filling up the DagBag from /home/airflow/.local/lib/python3.7/site-packages/airflow/example_dags/example_datasets.py
[2023-05-01T23:53:38.513+0000] {processor.py:753} INFO - DAG(s) dict_keys(['dataset_consumes_1_never_scheduled', 'dataset_consumes_1', 'dataset_consumes_1_and_2', 'dataset_produces_2', 'dataset_produces_1', 'dataset_consumes_unknown_never_scheduled']) retrieved from /home/airflow/.local/lib/python3.7/site-packages/airflow/example_dags/example_datasets.py
[2023-05-01T23:53:38.780+0000] {logging_mixin.py:137} INFO - [2023-05-01T23:53:38.779+0000] {dag.py:2705} INFO - Sync 6 DAGs
[2023-05-01T23:53:38.970+0000] {logging_mixin.py:137} INFO - [2023-05-01T23:53:38.969+0000] {dag.py:3456} INFO - Setting next_dagrun for dataset_consumes_1 to None, run_after=None
[2023-05-01T23:53:38.998+0000] {logging_mixin.py:137} INFO - [2023-05-01T23:53:38.998+0000] {dag.py:3456} INFO - Setting next_dagrun for dataset_consumes_1_and_2 to None, run_after=None
[2023-05-01T23:53:39.007+0000] {logging_mixin.py:137} INFO - [2023-05-01T23:53:39.006+0000] {dag.py:3456} INFO - Setting next_dagrun for dataset_consumes_1_never_scheduled to None, run_after=None
[2023-05-01T23:53:39.017+0000] {logging_mixin.py:137} INFO - [2023-05-01T23:53:39.016+0000] {dag.py:3456} INFO - Setting next_dagrun for dataset_consumes_unknown_never_scheduled to None, run_after=None
[2023-05-01T23:53:39.045+0000] {logging_mixin.py:137} INFO - [2023-05-01T23:53:39.043+0000] {dag.py:3456} INFO - Setting next_dagrun for dataset_produces_1 to 2023-04-30T00:00:00+00:00, run_after=2023-05-01T00:00:00+00:00
[2023-05-01T23:53:39.054+0000] {logging_mixin.py:137} INFO - [2023-05-01T23:53:39.053+0000] {dag.py:3456} INFO - Setting next_dagrun for dataset_produces_2 to None, run_after=None
[2023-05-01T23:53:39.286+0000] {processor.py:175} INFO - Processing /home/airflow/.local/lib/python3.7/site-packages/airflow/example_dags/example_datasets.py took 0.901 seconds
[2023-05-01T23:54:09.478+0000] {processor.py:153} INFO - Started process (PID=791) to work on /home/airflow/.local/lib/python3.7/site-packages/airflow/example_dags/example_datasets.py
[2023-05-01T23:54:09.481+0000] {processor.py:743} INFO - Processing file /home/airflow/.local/lib/python3.7/site-packages/airflow/example_dags/example_datasets.py for tasks to queue
[2023-05-01T23:54:09.485+0000] {logging_mixin.py:137} INFO - [2023-05-01T23:54:09.484+0000] {dagbag.py:532} INFO - Filling up the DagBag from /home/airflow/.local/lib/python3.7/site-packages/airflow/example_dags/example_datasets.py
[2023-05-01T23:54:09.566+0000] {processor.py:753} INFO - DAG(s) dict_keys(['dataset_produces_2', 'dataset_consumes_1', 'dataset_consumes_1_and_2', 'dataset_produces_1', 'dataset_consumes_unknown_never_scheduled', 'dataset_consumes_1_never_scheduled']) retrieved from /home/airflow/.local/lib/python3.7/site-packages/airflow/example_dags/example_datasets.py
[2023-05-01T23:54:09.765+0000] {logging_mixin.py:137} INFO - [2023-05-01T23:54:09.764+0000] {dag.py:2705} INFO - Sync 6 DAGs
[2023-05-01T23:54:09.936+0000] {logging_mixin.py:137} INFO - [2023-05-01T23:54:09.935+0000] {dag.py:3456} INFO - Setting next_dagrun for dataset_consumes_1 to None, run_after=None
[2023-05-01T23:54:09.957+0000] {logging_mixin.py:137} INFO - [2023-05-01T23:54:09.956+0000] {dag.py:3456} INFO - Setting next_dagrun for dataset_consumes_1_and_2 to None, run_after=None
[2023-05-01T23:54:09.965+0000] {logging_mixin.py:137} INFO - [2023-05-01T23:54:09.964+0000] {dag.py:3456} INFO - Setting next_dagrun for dataset_consumes_1_never_scheduled to None, run_after=None
[2023-05-01T23:54:09.971+0000] {logging_mixin.py:137} INFO - [2023-05-01T23:54:09.971+0000] {dag.py:3456} INFO - Setting next_dagrun for dataset_consumes_unknown_never_scheduled to None, run_after=None
[2023-05-01T23:54:09.990+0000] {logging_mixin.py:137} INFO - [2023-05-01T23:54:09.989+0000] {dag.py:3456} INFO - Setting next_dagrun for dataset_produces_1 to 2023-04-30T00:00:00+00:00, run_after=2023-05-01T00:00:00+00:00
[2023-05-01T23:54:09.998+0000] {logging_mixin.py:137} INFO - [2023-05-01T23:54:09.997+0000] {dag.py:3456} INFO - Setting next_dagrun for dataset_produces_2 to None, run_after=None
[2023-05-01T23:54:10.147+0000] {processor.py:175} INFO - Processing /home/airflow/.local/lib/python3.7/site-packages/airflow/example_dags/example_datasets.py took 0.678 seconds
[2023-05-01T23:54:40.282+0000] {processor.py:153} INFO - Started process (PID=886) to work on /home/airflow/.local/lib/python3.7/site-packages/airflow/example_dags/example_datasets.py
[2023-05-01T23:54:40.298+0000] {processor.py:743} INFO - Processing file /home/airflow/.local/lib/python3.7/site-packages/airflow/example_dags/example_datasets.py for tasks to queue
[2023-05-01T23:54:40.302+0000] {logging_mixin.py:137} INFO - [2023-05-01T23:54:40.301+0000] {dagbag.py:532} INFO - Filling up the DagBag from /home/airflow/.local/lib/python3.7/site-packages/airflow/example_dags/example_datasets.py
[2023-05-01T23:54:40.380+0000] {processor.py:753} INFO - DAG(s) dict_keys(['dataset_consumes_1_and_2', 'dataset_consumes_unknown_never_scheduled', 'dataset_consumes_1', 'dataset_consumes_1_never_scheduled', 'dataset_produces_2', 'dataset_produces_1']) retrieved from /home/airflow/.local/lib/python3.7/site-packages/airflow/example_dags/example_datasets.py
[2023-05-01T23:54:40.592+0000] {logging_mixin.py:137} INFO - [2023-05-01T23:54:40.592+0000] {dag.py:2705} INFO - Sync 6 DAGs
[2023-05-01T23:54:40.745+0000] {logging_mixin.py:137} INFO - [2023-05-01T23:54:40.745+0000] {dag.py:3456} INFO - Setting next_dagrun for dataset_consumes_1 to None, run_after=None
[2023-05-01T23:54:40.766+0000] {logging_mixin.py:137} INFO - [2023-05-01T23:54:40.766+0000] {dag.py:3456} INFO - Setting next_dagrun for dataset_consumes_1_and_2 to None, run_after=None
[2023-05-01T23:54:40.773+0000] {logging_mixin.py:137} INFO - [2023-05-01T23:54:40.773+0000] {dag.py:3456} INFO - Setting next_dagrun for dataset_consumes_1_never_scheduled to None, run_after=None
[2023-05-01T23:54:40.781+0000] {logging_mixin.py:137} INFO - [2023-05-01T23:54:40.780+0000] {dag.py:3456} INFO - Setting next_dagrun for dataset_consumes_unknown_never_scheduled to None, run_after=None
[2023-05-01T23:54:40.805+0000] {logging_mixin.py:137} INFO - [2023-05-01T23:54:40.804+0000] {dag.py:3456} INFO - Setting next_dagrun for dataset_produces_1 to 2023-04-30T00:00:00+00:00, run_after=2023-05-01T00:00:00+00:00
[2023-05-01T23:54:40.813+0000] {logging_mixin.py:137} INFO - [2023-05-01T23:54:40.812+0000] {dag.py:3456} INFO - Setting next_dagrun for dataset_produces_2 to None, run_after=None
[2023-05-01T23:54:40.964+0000] {processor.py:175} INFO - Processing /home/airflow/.local/lib/python3.7/site-packages/airflow/example_dags/example_datasets.py took 0.691 seconds
[2023-05-01T23:55:16.541+0000] {processor.py:153} INFO - Started process (PID=984) to work on /home/airflow/.local/lib/python3.7/site-packages/airflow/example_dags/example_datasets.py
[2023-05-01T23:55:16.544+0000] {processor.py:743} INFO - Processing file /home/airflow/.local/lib/python3.7/site-packages/airflow/example_dags/example_datasets.py for tasks to queue
[2023-05-01T23:55:16.548+0000] {logging_mixin.py:137} INFO - [2023-05-01T23:55:16.547+0000] {dagbag.py:532} INFO - Filling up the DagBag from /home/airflow/.local/lib/python3.7/site-packages/airflow/example_dags/example_datasets.py
[2023-05-01T23:55:16.623+0000] {processor.py:753} INFO - DAG(s) dict_keys(['dataset_consumes_1_never_scheduled', 'dataset_produces_1', 'dataset_consumes_1', 'dataset_produces_2', 'dataset_consumes_1_and_2', 'dataset_consumes_unknown_never_scheduled']) retrieved from /home/airflow/.local/lib/python3.7/site-packages/airflow/example_dags/example_datasets.py
[2023-05-01T23:55:16.815+0000] {logging_mixin.py:137} INFO - [2023-05-01T23:55:16.814+0000] {dag.py:2705} INFO - Sync 6 DAGs
[2023-05-01T23:55:16.954+0000] {logging_mixin.py:137} INFO - [2023-05-01T23:55:16.953+0000] {dag.py:3456} INFO - Setting next_dagrun for dataset_consumes_1 to None, run_after=None
[2023-05-01T23:55:16.973+0000] {logging_mixin.py:137} INFO - [2023-05-01T23:55:16.972+0000] {dag.py:3456} INFO - Setting next_dagrun for dataset_consumes_1_and_2 to None, run_after=None
[2023-05-01T23:55:16.979+0000] {logging_mixin.py:137} INFO - [2023-05-01T23:55:16.979+0000] {dag.py:3456} INFO - Setting next_dagrun for dataset_consumes_1_never_scheduled to None, run_after=None
[2023-05-01T23:55:16.986+0000] {logging_mixin.py:137} INFO - [2023-05-01T23:55:16.986+0000] {dag.py:3456} INFO - Setting next_dagrun for dataset_consumes_unknown_never_scheduled to None, run_after=None
[2023-05-01T23:55:17.005+0000] {logging_mixin.py:137} INFO - [2023-05-01T23:55:17.004+0000] {dag.py:3456} INFO - Setting next_dagrun for dataset_produces_1 to 2023-04-30T00:00:00+00:00, run_after=2023-05-01T00:00:00+00:00
[2023-05-01T23:55:17.012+0000] {logging_mixin.py:137} INFO - [2023-05-01T23:55:17.011+0000] {dag.py:3456} INFO - Setting next_dagrun for dataset_produces_2 to None, run_after=None
[2023-05-01T23:55:17.175+0000] {processor.py:175} INFO - Processing /home/airflow/.local/lib/python3.7/site-packages/airflow/example_dags/example_datasets.py took 0.645 seconds
[2023-05-01T23:55:56.412+0000] {processor.py:153} INFO - Started process (PID=1097) to work on /home/airflow/.local/lib/python3.7/site-packages/airflow/example_dags/example_datasets.py
[2023-05-01T23:55:56.416+0000] {processor.py:743} INFO - Processing file /home/airflow/.local/lib/python3.7/site-packages/airflow/example_dags/example_datasets.py for tasks to queue
[2023-05-01T23:55:56.420+0000] {logging_mixin.py:137} INFO - [2023-05-01T23:55:56.420+0000] {dagbag.py:532} INFO - Filling up the DagBag from /home/airflow/.local/lib/python3.7/site-packages/airflow/example_dags/example_datasets.py
[2023-05-01T23:55:56.528+0000] {processor.py:753} INFO - DAG(s) dict_keys(['dataset_consumes_1_never_scheduled', 'dataset_consumes_1', 'dataset_produces_1', 'dataset_consumes_1_and_2', 'dataset_produces_2', 'dataset_consumes_unknown_never_scheduled']) retrieved from /home/airflow/.local/lib/python3.7/site-packages/airflow/example_dags/example_datasets.py
[2023-05-01T23:55:56.780+0000] {logging_mixin.py:137} INFO - [2023-05-01T23:55:56.779+0000] {dag.py:2705} INFO - Sync 6 DAGs
[2023-05-01T23:55:56.959+0000] {logging_mixin.py:137} INFO - [2023-05-01T23:55:56.959+0000] {dag.py:3456} INFO - Setting next_dagrun for dataset_consumes_1 to None, run_after=None
[2023-05-01T23:55:56.980+0000] {logging_mixin.py:137} INFO - [2023-05-01T23:55:56.980+0000] {dag.py:3456} INFO - Setting next_dagrun for dataset_consumes_1_and_2 to None, run_after=None
[2023-05-01T23:55:56.987+0000] {logging_mixin.py:137} INFO - [2023-05-01T23:55:56.987+0000] {dag.py:3456} INFO - Setting next_dagrun for dataset_consumes_1_never_scheduled to None, run_after=None
[2023-05-01T23:55:56.997+0000] {logging_mixin.py:137} INFO - [2023-05-01T23:55:56.996+0000] {dag.py:3456} INFO - Setting next_dagrun for dataset_consumes_unknown_never_scheduled to None, run_after=None
[2023-05-01T23:55:57.017+0000] {logging_mixin.py:137} INFO - [2023-05-01T23:55:57.017+0000] {dag.py:3456} INFO - Setting next_dagrun for dataset_produces_1 to 2023-04-30T00:00:00+00:00, run_after=2023-05-01T00:00:00+00:00
[2023-05-01T23:55:57.024+0000] {logging_mixin.py:137} INFO - [2023-05-01T23:55:57.024+0000] {dag.py:3456} INFO - Setting next_dagrun for dataset_produces_2 to None, run_after=None
[2023-05-01T23:55:57.182+0000] {processor.py:175} INFO - Processing /home/airflow/.local/lib/python3.7/site-packages/airflow/example_dags/example_datasets.py took 0.781 seconds
[2023-05-01T23:56:29.564+0000] {processor.py:153} INFO - Started process (PID=1201) to work on /home/airflow/.local/lib/python3.7/site-packages/airflow/example_dags/example_datasets.py
[2023-05-01T23:56:29.576+0000] {processor.py:743} INFO - Processing file /home/airflow/.local/lib/python3.7/site-packages/airflow/example_dags/example_datasets.py for tasks to queue
[2023-05-01T23:56:29.582+0000] {logging_mixin.py:137} INFO - [2023-05-01T23:56:29.581+0000] {dagbag.py:532} INFO - Filling up the DagBag from /home/airflow/.local/lib/python3.7/site-packages/airflow/example_dags/example_datasets.py
[2023-05-01T23:56:29.683+0000] {processor.py:753} INFO - DAG(s) dict_keys(['dataset_consumes_1_and_2', 'dataset_consumes_1_never_scheduled', 'dataset_consumes_1', 'dataset_produces_2', 'dataset_produces_1', 'dataset_consumes_unknown_never_scheduled']) retrieved from /home/airflow/.local/lib/python3.7/site-packages/airflow/example_dags/example_datasets.py
[2023-05-01T23:56:29.926+0000] {logging_mixin.py:137} INFO - [2023-05-01T23:56:29.925+0000] {dag.py:2705} INFO - Sync 6 DAGs
[2023-05-01T23:56:30.128+0000] {logging_mixin.py:137} INFO - [2023-05-01T23:56:30.127+0000] {dag.py:3456} INFO - Setting next_dagrun for dataset_consumes_1 to None, run_after=None
[2023-05-01T23:56:30.152+0000] {logging_mixin.py:137} INFO - [2023-05-01T23:56:30.151+0000] {dag.py:3456} INFO - Setting next_dagrun for dataset_consumes_1_and_2 to None, run_after=None
[2023-05-01T23:56:30.160+0000] {logging_mixin.py:137} INFO - [2023-05-01T23:56:30.160+0000] {dag.py:3456} INFO - Setting next_dagrun for dataset_consumes_1_never_scheduled to None, run_after=None
[2023-05-01T23:56:30.168+0000] {logging_mixin.py:137} INFO - [2023-05-01T23:56:30.167+0000] {dag.py:3456} INFO - Setting next_dagrun for dataset_consumes_unknown_never_scheduled to None, run_after=None
[2023-05-01T23:56:30.192+0000] {logging_mixin.py:137} INFO - [2023-05-01T23:56:30.191+0000] {dag.py:3456} INFO - Setting next_dagrun for dataset_produces_1 to 2023-04-30T00:00:00+00:00, run_after=2023-05-01T00:00:00+00:00
[2023-05-01T23:56:30.200+0000] {logging_mixin.py:137} INFO - [2023-05-01T23:56:30.199+0000] {dag.py:3456} INFO - Setting next_dagrun for dataset_produces_2 to None, run_after=None
[2023-05-01T23:56:30.486+0000] {processor.py:175} INFO - Processing /home/airflow/.local/lib/python3.7/site-packages/airflow/example_dags/example_datasets.py took 0.939 seconds
[2023-05-01T23:57:05.377+0000] {processor.py:153} INFO - Started process (PID=1303) to work on /home/airflow/.local/lib/python3.7/site-packages/airflow/example_dags/example_datasets.py
[2023-05-01T23:57:05.385+0000] {processor.py:743} INFO - Processing file /home/airflow/.local/lib/python3.7/site-packages/airflow/example_dags/example_datasets.py for tasks to queue
[2023-05-01T23:57:05.395+0000] {logging_mixin.py:137} INFO - [2023-05-01T23:57:05.392+0000] {dagbag.py:532} INFO - Filling up the DagBag from /home/airflow/.local/lib/python3.7/site-packages/airflow/example_dags/example_datasets.py
[2023-05-01T23:57:05.561+0000] {processor.py:753} INFO - DAG(s) dict_keys(['dataset_consumes_unknown_never_scheduled', 'dataset_consumes_1', 'dataset_consumes_1_never_scheduled', 'dataset_produces_1', 'dataset_produces_2', 'dataset_consumes_1_and_2']) retrieved from /home/airflow/.local/lib/python3.7/site-packages/airflow/example_dags/example_datasets.py
[2023-05-01T23:57:05.818+0000] {logging_mixin.py:137} INFO - [2023-05-01T23:57:05.818+0000] {dag.py:2705} INFO - Sync 6 DAGs
[2023-05-01T23:57:06.001+0000] {logging_mixin.py:137} INFO - [2023-05-01T23:57:06.000+0000] {dag.py:3456} INFO - Setting next_dagrun for dataset_consumes_1 to None, run_after=None
[2023-05-01T23:57:06.023+0000] {logging_mixin.py:137} INFO - [2023-05-01T23:57:06.022+0000] {dag.py:3456} INFO - Setting next_dagrun for dataset_consumes_1_and_2 to None, run_after=None
[2023-05-01T23:57:06.033+0000] {logging_mixin.py:137} INFO - [2023-05-01T23:57:06.032+0000] {dag.py:3456} INFO - Setting next_dagrun for dataset_consumes_1_never_scheduled to None, run_after=None
[2023-05-01T23:57:06.042+0000] {logging_mixin.py:137} INFO - [2023-05-01T23:57:06.041+0000] {dag.py:3456} INFO - Setting next_dagrun for dataset_consumes_unknown_never_scheduled to None, run_after=None
[2023-05-01T23:57:06.068+0000] {logging_mixin.py:137} INFO - [2023-05-01T23:57:06.067+0000] {dag.py:3456} INFO - Setting next_dagrun for dataset_produces_1 to 2023-04-30T00:00:00+00:00, run_after=2023-05-01T00:00:00+00:00
[2023-05-01T23:57:06.079+0000] {logging_mixin.py:137} INFO - [2023-05-01T23:57:06.079+0000] {dag.py:3456} INFO - Setting next_dagrun for dataset_produces_2 to None, run_after=None
[2023-05-01T23:57:06.445+0000] {processor.py:175} INFO - Processing /home/airflow/.local/lib/python3.7/site-packages/airflow/example_dags/example_datasets.py took 1.083 seconds
[2023-05-01T23:57:37.671+0000] {processor.py:153} INFO - Started process (PID=1399) to work on /home/airflow/.local/lib/python3.7/site-packages/airflow/example_dags/example_datasets.py
[2023-05-01T23:57:37.677+0000] {processor.py:743} INFO - Processing file /home/airflow/.local/lib/python3.7/site-packages/airflow/example_dags/example_datasets.py for tasks to queue
[2023-05-01T23:57:37.684+0000] {logging_mixin.py:137} INFO - [2023-05-01T23:57:37.683+0000] {dagbag.py:532} INFO - Filling up the DagBag from /home/airflow/.local/lib/python3.7/site-packages/airflow/example_dags/example_datasets.py
[2023-05-01T23:57:37.804+0000] {processor.py:753} INFO - DAG(s) dict_keys(['dataset_consumes_1', 'dataset_consumes_1_and_2', 'dataset_produces_2', 'dataset_produces_1', 'dataset_consumes_1_never_scheduled', 'dataset_consumes_unknown_never_scheduled']) retrieved from /home/airflow/.local/lib/python3.7/site-packages/airflow/example_dags/example_datasets.py
[2023-05-01T23:57:38.171+0000] {logging_mixin.py:137} INFO - [2023-05-01T23:57:38.170+0000] {dag.py:2705} INFO - Sync 6 DAGs
[2023-05-01T23:57:38.387+0000] {logging_mixin.py:137} INFO - [2023-05-01T23:57:38.384+0000] {dag.py:3456} INFO - Setting next_dagrun for dataset_consumes_1 to None, run_after=None
[2023-05-01T23:57:38.468+0000] {logging_mixin.py:137} INFO - [2023-05-01T23:57:38.467+0000] {dag.py:3456} INFO - Setting next_dagrun for dataset_consumes_1_and_2 to None, run_after=None
[2023-05-01T23:57:38.483+0000] {logging_mixin.py:137} INFO - [2023-05-01T23:57:38.482+0000] {dag.py:3456} INFO - Setting next_dagrun for dataset_consumes_1_never_scheduled to None, run_after=None
[2023-05-01T23:57:38.495+0000] {logging_mixin.py:137} INFO - [2023-05-01T23:57:38.494+0000] {dag.py:3456} INFO - Setting next_dagrun for dataset_consumes_unknown_never_scheduled to None, run_after=None
[2023-05-01T23:57:38.536+0000] {logging_mixin.py:137} INFO - [2023-05-01T23:57:38.535+0000] {dag.py:3456} INFO - Setting next_dagrun for dataset_produces_1 to 2023-04-30T00:00:00+00:00, run_after=2023-05-01T00:00:00+00:00
[2023-05-01T23:57:38.545+0000] {logging_mixin.py:137} INFO - [2023-05-01T23:57:38.545+0000] {dag.py:3456} INFO - Setting next_dagrun for dataset_produces_2 to None, run_after=None
[2023-05-01T23:57:38.742+0000] {processor.py:175} INFO - Processing /home/airflow/.local/lib/python3.7/site-packages/airflow/example_dags/example_datasets.py took 1.085 seconds
[2023-05-01T23:58:09.368+0000] {processor.py:153} INFO - Started process (PID=1495) to work on /home/airflow/.local/lib/python3.7/site-packages/airflow/example_dags/example_datasets.py
[2023-05-01T23:58:09.371+0000] {processor.py:743} INFO - Processing file /home/airflow/.local/lib/python3.7/site-packages/airflow/example_dags/example_datasets.py for tasks to queue
[2023-05-01T23:58:09.375+0000] {logging_mixin.py:137} INFO - [2023-05-01T23:58:09.374+0000] {dagbag.py:532} INFO - Filling up the DagBag from /home/airflow/.local/lib/python3.7/site-packages/airflow/example_dags/example_datasets.py
[2023-05-01T23:58:09.469+0000] {processor.py:753} INFO - DAG(s) dict_keys(['dataset_consumes_1_and_2', 'dataset_produces_1', 'dataset_consumes_1', 'dataset_consumes_unknown_never_scheduled', 'dataset_produces_2', 'dataset_consumes_1_never_scheduled']) retrieved from /home/airflow/.local/lib/python3.7/site-packages/airflow/example_dags/example_datasets.py
[2023-05-01T23:58:09.707+0000] {logging_mixin.py:137} INFO - [2023-05-01T23:58:09.706+0000] {dag.py:2705} INFO - Sync 6 DAGs
[2023-05-01T23:58:09.857+0000] {logging_mixin.py:137} INFO - [2023-05-01T23:58:09.856+0000] {dag.py:3456} INFO - Setting next_dagrun for dataset_consumes_1 to None, run_after=None
[2023-05-01T23:58:09.875+0000] {logging_mixin.py:137} INFO - [2023-05-01T23:58:09.874+0000] {dag.py:3456} INFO - Setting next_dagrun for dataset_consumes_1_and_2 to None, run_after=None
[2023-05-01T23:58:09.884+0000] {logging_mixin.py:137} INFO - [2023-05-01T23:58:09.883+0000] {dag.py:3456} INFO - Setting next_dagrun for dataset_consumes_1_never_scheduled to None, run_after=None
[2023-05-01T23:58:09.890+0000] {logging_mixin.py:137} INFO - [2023-05-01T23:58:09.889+0000] {dag.py:3456} INFO - Setting next_dagrun for dataset_consumes_unknown_never_scheduled to None, run_after=None
[2023-05-01T23:58:09.909+0000] {logging_mixin.py:137} INFO - [2023-05-01T23:58:09.908+0000] {dag.py:3456} INFO - Setting next_dagrun for dataset_produces_1 to 2023-04-30T00:00:00+00:00, run_after=2023-05-01T00:00:00+00:00
[2023-05-01T23:58:09.916+0000] {logging_mixin.py:137} INFO - [2023-05-01T23:58:09.915+0000] {dag.py:3456} INFO - Setting next_dagrun for dataset_produces_2 to None, run_after=None
[2023-05-01T23:58:10.052+0000] {processor.py:175} INFO - Processing /home/airflow/.local/lib/python3.7/site-packages/airflow/example_dags/example_datasets.py took 0.694 seconds
[2023-05-01T23:58:51.463+0000] {processor.py:153} INFO - Started process (PID=1598) to work on /home/airflow/.local/lib/python3.7/site-packages/airflow/example_dags/example_datasets.py
[2023-05-01T23:58:51.466+0000] {processor.py:743} INFO - Processing file /home/airflow/.local/lib/python3.7/site-packages/airflow/example_dags/example_datasets.py for tasks to queue
[2023-05-01T23:58:51.471+0000] {logging_mixin.py:137} INFO - [2023-05-01T23:58:51.470+0000] {dagbag.py:532} INFO - Filling up the DagBag from /home/airflow/.local/lib/python3.7/site-packages/airflow/example_dags/example_datasets.py
[2023-05-01T23:58:51.550+0000] {processor.py:753} INFO - DAG(s) dict_keys(['dataset_consumes_1_and_2', 'dataset_produces_2', 'dataset_consumes_1', 'dataset_consumes_1_never_scheduled', 'dataset_produces_1', 'dataset_consumes_unknown_never_scheduled']) retrieved from /home/airflow/.local/lib/python3.7/site-packages/airflow/example_dags/example_datasets.py
[2023-05-01T23:58:51.751+0000] {logging_mixin.py:137} INFO - [2023-05-01T23:58:51.751+0000] {dag.py:2705} INFO - Sync 6 DAGs
[2023-05-01T23:58:51.911+0000] {logging_mixin.py:137} INFO - [2023-05-01T23:58:51.910+0000] {dag.py:3456} INFO - Setting next_dagrun for dataset_consumes_1 to None, run_after=None
[2023-05-01T23:58:51.931+0000] {logging_mixin.py:137} INFO - [2023-05-01T23:58:51.930+0000] {dag.py:3456} INFO - Setting next_dagrun for dataset_consumes_1_and_2 to None, run_after=None
[2023-05-01T23:58:51.938+0000] {logging_mixin.py:137} INFO - [2023-05-01T23:58:51.937+0000] {dag.py:3456} INFO - Setting next_dagrun for dataset_consumes_1_never_scheduled to None, run_after=None
[2023-05-01T23:58:51.944+0000] {logging_mixin.py:137} INFO - [2023-05-01T23:58:51.944+0000] {dag.py:3456} INFO - Setting next_dagrun for dataset_consumes_unknown_never_scheduled to None, run_after=None
[2023-05-01T23:58:51.964+0000] {logging_mixin.py:137} INFO - [2023-05-01T23:58:51.963+0000] {dag.py:3456} INFO - Setting next_dagrun for dataset_produces_1 to 2023-04-30T00:00:00+00:00, run_after=2023-05-01T00:00:00+00:00
[2023-05-01T23:58:51.971+0000] {logging_mixin.py:137} INFO - [2023-05-01T23:58:51.970+0000] {dag.py:3456} INFO - Setting next_dagrun for dataset_produces_2 to None, run_after=None
[2023-05-01T23:58:52.122+0000] {processor.py:175} INFO - Processing /home/airflow/.local/lib/python3.7/site-packages/airflow/example_dags/example_datasets.py took 0.670 seconds
[2023-05-01T23:59:30.239+0000] {processor.py:153} INFO - Started process (PID=1721) to work on /home/airflow/.local/lib/python3.7/site-packages/airflow/example_dags/example_datasets.py
[2023-05-01T23:59:30.245+0000] {processor.py:743} INFO - Processing file /home/airflow/.local/lib/python3.7/site-packages/airflow/example_dags/example_datasets.py for tasks to queue
[2023-05-01T23:59:30.250+0000] {logging_mixin.py:137} INFO - [2023-05-01T23:59:30.249+0000] {dagbag.py:532} INFO - Filling up the DagBag from /home/airflow/.local/lib/python3.7/site-packages/airflow/example_dags/example_datasets.py
[2023-05-01T23:59:30.363+0000] {processor.py:753} INFO - DAG(s) dict_keys(['dataset_consumes_1_and_2', 'dataset_consumes_1_never_scheduled', 'dataset_consumes_1', 'dataset_produces_2', 'dataset_produces_1', 'dataset_consumes_unknown_never_scheduled']) retrieved from /home/airflow/.local/lib/python3.7/site-packages/airflow/example_dags/example_datasets.py
[2023-05-01T23:59:30.773+0000] {logging_mixin.py:137} INFO - [2023-05-01T23:59:30.771+0000] {dag.py:2705} INFO - Sync 6 DAGs
[2023-05-01T23:59:30.974+0000] {logging_mixin.py:137} INFO - [2023-05-01T23:59:30.973+0000] {dag.py:3456} INFO - Setting next_dagrun for dataset_consumes_1 to None, run_after=None
[2023-05-01T23:59:31.002+0000] {logging_mixin.py:137} INFO - [2023-05-01T23:59:31.001+0000] {dag.py:3456} INFO - Setting next_dagrun for dataset_consumes_1_and_2 to None, run_after=None
[2023-05-01T23:59:31.010+0000] {logging_mixin.py:137} INFO - [2023-05-01T23:59:31.010+0000] {dag.py:3456} INFO - Setting next_dagrun for dataset_consumes_1_never_scheduled to None, run_after=None
[2023-05-01T23:59:31.019+0000] {logging_mixin.py:137} INFO - [2023-05-01T23:59:31.018+0000] {dag.py:3456} INFO - Setting next_dagrun for dataset_consumes_unknown_never_scheduled to None, run_after=None
[2023-05-01T23:59:31.047+0000] {logging_mixin.py:137} INFO - [2023-05-01T23:59:31.046+0000] {dag.py:3456} INFO - Setting next_dagrun for dataset_produces_1 to 2023-04-30T00:00:00+00:00, run_after=2023-05-01T00:00:00+00:00
[2023-05-01T23:59:31.058+0000] {logging_mixin.py:137} INFO - [2023-05-01T23:59:31.057+0000] {dag.py:3456} INFO - Setting next_dagrun for dataset_produces_2 to None, run_after=None
[2023-05-01T23:59:31.335+0000] {processor.py:175} INFO - Processing /home/airflow/.local/lib/python3.7/site-packages/airflow/example_dags/example_datasets.py took 1.126 seconds
