[2023-05-01T23:50:06.512+0000] {processor.py:153} INFO - Started process (PID=170) to work on /home/airflow/.local/lib/python3.7/site-packages/airflow/example_dags/example_params_ui_tutorial.py
[2023-05-01T23:50:06.520+0000] {processor.py:743} INFO - Processing file /home/airflow/.local/lib/python3.7/site-packages/airflow/example_dags/example_params_ui_tutorial.py for tasks to queue
[2023-05-01T23:50:06.553+0000] {logging_mixin.py:137} INFO - [2023-05-01T23:50:06.552+0000] {dagbag.py:532} INFO - Filling up the DagBag from /home/airflow/.local/lib/python3.7/site-packages/airflow/example_dags/example_params_ui_tutorial.py
[2023-05-01T23:50:07.550+0000] {processor.py:753} INFO - DAG(s) dict_keys(['example_params_ui_tutorial']) retrieved from /home/airflow/.local/lib/python3.7/site-packages/airflow/example_dags/example_params_ui_tutorial.py
[2023-05-01T23:50:09.022+0000] {logging_mixin.py:137} INFO - [2023-05-01T23:50:09.021+0000] {dag.py:2705} INFO - Sync 1 DAGs
[2023-05-01T23:50:09.363+0000] {logging_mixin.py:137} INFO - [2023-05-01T23:50:09.362+0000] {dag.py:3456} INFO - Setting next_dagrun for example_params_ui_tutorial to None, run_after=None
[2023-05-01T23:50:09.688+0000] {processor.py:175} INFO - Processing /home/airflow/.local/lib/python3.7/site-packages/airflow/example_dags/example_params_ui_tutorial.py took 3.265 seconds
[2023-05-01T23:51:12.058+0000] {processor.py:153} INFO - Started process (PID=274) to work on /home/airflow/.local/lib/python3.7/site-packages/airflow/example_dags/example_params_ui_tutorial.py
[2023-05-01T23:51:12.067+0000] {processor.py:743} INFO - Processing file /home/airflow/.local/lib/python3.7/site-packages/airflow/example_dags/example_params_ui_tutorial.py for tasks to queue
[2023-05-01T23:51:12.075+0000] {logging_mixin.py:137} INFO - [2023-05-01T23:51:12.074+0000] {dagbag.py:532} INFO - Filling up the DagBag from /home/airflow/.local/lib/python3.7/site-packages/airflow/example_dags/example_params_ui_tutorial.py
[2023-05-01T23:51:13.471+0000] {processor.py:753} INFO - DAG(s) dict_keys(['example_params_ui_tutorial']) retrieved from /home/airflow/.local/lib/python3.7/site-packages/airflow/example_dags/example_params_ui_tutorial.py
[2023-05-01T23:51:14.481+0000] {logging_mixin.py:137} INFO - [2023-05-01T23:51:14.479+0000] {dag.py:2705} INFO - Sync 1 DAGs
[2023-05-01T23:51:14.892+0000] {logging_mixin.py:137} INFO - [2023-05-01T23:51:14.890+0000] {dag.py:3456} INFO - Setting next_dagrun for example_params_ui_tutorial to None, run_after=None
[2023-05-01T23:51:15.067+0000] {processor.py:175} INFO - Processing /home/airflow/.local/lib/python3.7/site-packages/airflow/example_dags/example_params_ui_tutorial.py took 3.038 seconds
[2023-05-01T23:51:51.469+0000] {processor.py:153} INFO - Started process (PID=370) to work on /home/airflow/.local/lib/python3.7/site-packages/airflow/example_dags/example_params_ui_tutorial.py
[2023-05-01T23:51:51.474+0000] {processor.py:743} INFO - Processing file /home/airflow/.local/lib/python3.7/site-packages/airflow/example_dags/example_params_ui_tutorial.py for tasks to queue
[2023-05-01T23:51:51.479+0000] {logging_mixin.py:137} INFO - [2023-05-01T23:51:51.478+0000] {dagbag.py:532} INFO - Filling up the DagBag from /home/airflow/.local/lib/python3.7/site-packages/airflow/example_dags/example_params_ui_tutorial.py
[2023-05-01T23:51:52.562+0000] {processor.py:753} INFO - DAG(s) dict_keys(['example_params_ui_tutorial']) retrieved from /home/airflow/.local/lib/python3.7/site-packages/airflow/example_dags/example_params_ui_tutorial.py
[2023-05-01T23:51:53.745+0000] {logging_mixin.py:137} INFO - [2023-05-01T23:51:53.744+0000] {dag.py:2705} INFO - Sync 1 DAGs
[2023-05-01T23:51:54.337+0000] {logging_mixin.py:137} INFO - [2023-05-01T23:51:54.319+0000] {dag.py:3456} INFO - Setting next_dagrun for example_params_ui_tutorial to None, run_after=None
[2023-05-01T23:51:54.576+0000] {processor.py:175} INFO - Processing /home/airflow/.local/lib/python3.7/site-packages/airflow/example_dags/example_params_ui_tutorial.py took 3.129 seconds
[2023-05-01T23:52:24.991+0000] {processor.py:153} INFO - Started process (PID=473) to work on /home/airflow/.local/lib/python3.7/site-packages/airflow/example_dags/example_params_ui_tutorial.py
[2023-05-01T23:52:25.016+0000] {processor.py:743} INFO - Processing file /home/airflow/.local/lib/python3.7/site-packages/airflow/example_dags/example_params_ui_tutorial.py for tasks to queue
[2023-05-01T23:52:25.021+0000] {logging_mixin.py:137} INFO - [2023-05-01T23:52:25.020+0000] {dagbag.py:532} INFO - Filling up the DagBag from /home/airflow/.local/lib/python3.7/site-packages/airflow/example_dags/example_params_ui_tutorial.py
[2023-05-01T23:52:25.689+0000] {processor.py:753} INFO - DAG(s) dict_keys(['example_params_ui_tutorial']) retrieved from /home/airflow/.local/lib/python3.7/site-packages/airflow/example_dags/example_params_ui_tutorial.py
[2023-05-01T23:52:26.521+0000] {logging_mixin.py:137} INFO - [2023-05-01T23:52:26.520+0000] {dag.py:2705} INFO - Sync 1 DAGs
[2023-05-01T23:52:26.727+0000] {logging_mixin.py:137} INFO - [2023-05-01T23:52:26.726+0000] {dag.py:3456} INFO - Setting next_dagrun for example_params_ui_tutorial to None, run_after=None
[2023-05-01T23:52:26.934+0000] {processor.py:175} INFO - Processing /home/airflow/.local/lib/python3.7/site-packages/airflow/example_dags/example_params_ui_tutorial.py took 1.967 seconds
[2023-05-01T23:52:57.476+0000] {processor.py:153} INFO - Started process (PID=571) to work on /home/airflow/.local/lib/python3.7/site-packages/airflow/example_dags/example_params_ui_tutorial.py
[2023-05-01T23:52:57.482+0000] {processor.py:743} INFO - Processing file /home/airflow/.local/lib/python3.7/site-packages/airflow/example_dags/example_params_ui_tutorial.py for tasks to queue
[2023-05-01T23:52:57.488+0000] {logging_mixin.py:137} INFO - [2023-05-01T23:52:57.487+0000] {dagbag.py:532} INFO - Filling up the DagBag from /home/airflow/.local/lib/python3.7/site-packages/airflow/example_dags/example_params_ui_tutorial.py
[2023-05-01T23:52:58.159+0000] {processor.py:753} INFO - DAG(s) dict_keys(['example_params_ui_tutorial']) retrieved from /home/airflow/.local/lib/python3.7/site-packages/airflow/example_dags/example_params_ui_tutorial.py
[2023-05-01T23:52:58.978+0000] {logging_mixin.py:137} INFO - [2023-05-01T23:52:58.977+0000] {dag.py:2705} INFO - Sync 1 DAGs
[2023-05-01T23:52:59.468+0000] {logging_mixin.py:137} INFO - [2023-05-01T23:52:59.460+0000] {dag.py:3456} INFO - Setting next_dagrun for example_params_ui_tutorial to None, run_after=None
[2023-05-01T23:52:59.692+0000] {processor.py:175} INFO - Processing /home/airflow/.local/lib/python3.7/site-packages/airflow/example_dags/example_params_ui_tutorial.py took 2.228 seconds
[2023-05-01T23:53:29.875+0000] {processor.py:153} INFO - Started process (PID=669) to work on /home/airflow/.local/lib/python3.7/site-packages/airflow/example_dags/example_params_ui_tutorial.py
[2023-05-01T23:53:29.879+0000] {processor.py:743} INFO - Processing file /home/airflow/.local/lib/python3.7/site-packages/airflow/example_dags/example_params_ui_tutorial.py for tasks to queue
[2023-05-01T23:53:29.883+0000] {logging_mixin.py:137} INFO - [2023-05-01T23:53:29.882+0000] {dagbag.py:532} INFO - Filling up the DagBag from /home/airflow/.local/lib/python3.7/site-packages/airflow/example_dags/example_params_ui_tutorial.py
[2023-05-01T23:53:30.212+0000] {processor.py:753} INFO - DAG(s) dict_keys(['example_params_ui_tutorial']) retrieved from /home/airflow/.local/lib/python3.7/site-packages/airflow/example_dags/example_params_ui_tutorial.py
[2023-05-01T23:53:30.817+0000] {logging_mixin.py:137} INFO - [2023-05-01T23:53:30.816+0000] {dag.py:2705} INFO - Sync 1 DAGs
[2023-05-01T23:53:31.006+0000] {logging_mixin.py:137} INFO - [2023-05-01T23:53:31.005+0000] {dag.py:3456} INFO - Setting next_dagrun for example_params_ui_tutorial to None, run_after=None
[2023-05-01T23:53:31.101+0000] {processor.py:175} INFO - Processing /home/airflow/.local/lib/python3.7/site-packages/airflow/example_dags/example_params_ui_tutorial.py took 1.233 seconds
[2023-05-01T23:54:02.502+0000] {processor.py:153} INFO - Started process (PID=763) to work on /home/airflow/.local/lib/python3.7/site-packages/airflow/example_dags/example_params_ui_tutorial.py
[2023-05-01T23:54:02.508+0000] {processor.py:743} INFO - Processing file /home/airflow/.local/lib/python3.7/site-packages/airflow/example_dags/example_params_ui_tutorial.py for tasks to queue
[2023-05-01T23:54:02.514+0000] {logging_mixin.py:137} INFO - [2023-05-01T23:54:02.513+0000] {dagbag.py:532} INFO - Filling up the DagBag from /home/airflow/.local/lib/python3.7/site-packages/airflow/example_dags/example_params_ui_tutorial.py
[2023-05-01T23:54:03.327+0000] {processor.py:753} INFO - DAG(s) dict_keys(['example_params_ui_tutorial']) retrieved from /home/airflow/.local/lib/python3.7/site-packages/airflow/example_dags/example_params_ui_tutorial.py
[2023-05-01T23:54:03.905+0000] {logging_mixin.py:137} INFO - [2023-05-01T23:54:03.904+0000] {dag.py:2705} INFO - Sync 1 DAGs
[2023-05-01T23:54:04.051+0000] {logging_mixin.py:137} INFO - [2023-05-01T23:54:04.050+0000] {dag.py:3456} INFO - Setting next_dagrun for example_params_ui_tutorial to None, run_after=None
[2023-05-01T23:54:04.124+0000] {processor.py:175} INFO - Processing /home/airflow/.local/lib/python3.7/site-packages/airflow/example_dags/example_params_ui_tutorial.py took 1.643 seconds
[2023-05-01T23:54:36.651+0000] {processor.py:153} INFO - Started process (PID=860) to work on /home/airflow/.local/lib/python3.7/site-packages/airflow/example_dags/example_params_ui_tutorial.py
[2023-05-01T23:54:36.654+0000] {processor.py:743} INFO - Processing file /home/airflow/.local/lib/python3.7/site-packages/airflow/example_dags/example_params_ui_tutorial.py for tasks to queue
[2023-05-01T23:54:36.657+0000] {logging_mixin.py:137} INFO - [2023-05-01T23:54:36.657+0000] {dagbag.py:532} INFO - Filling up the DagBag from /home/airflow/.local/lib/python3.7/site-packages/airflow/example_dags/example_params_ui_tutorial.py
[2023-05-01T23:54:37.036+0000] {processor.py:753} INFO - DAG(s) dict_keys(['example_params_ui_tutorial']) retrieved from /home/airflow/.local/lib/python3.7/site-packages/airflow/example_dags/example_params_ui_tutorial.py
[2023-05-01T23:54:37.476+0000] {logging_mixin.py:137} INFO - [2023-05-01T23:54:37.475+0000] {dag.py:2705} INFO - Sync 1 DAGs
[2023-05-01T23:54:37.608+0000] {logging_mixin.py:137} INFO - [2023-05-01T23:54:37.607+0000] {dag.py:3456} INFO - Setting next_dagrun for example_params_ui_tutorial to None, run_after=None
[2023-05-01T23:54:37.686+0000] {processor.py:175} INFO - Processing /home/airflow/.local/lib/python3.7/site-packages/airflow/example_dags/example_params_ui_tutorial.py took 1.044 seconds
[2023-05-01T23:55:13.684+0000] {processor.py:153} INFO - Started process (PID=968) to work on /home/airflow/.local/lib/python3.7/site-packages/airflow/example_dags/example_params_ui_tutorial.py
[2023-05-01T23:55:13.688+0000] {processor.py:743} INFO - Processing file /home/airflow/.local/lib/python3.7/site-packages/airflow/example_dags/example_params_ui_tutorial.py for tasks to queue
[2023-05-01T23:55:13.693+0000] {logging_mixin.py:137} INFO - [2023-05-01T23:55:13.692+0000] {dagbag.py:532} INFO - Filling up the DagBag from /home/airflow/.local/lib/python3.7/site-packages/airflow/example_dags/example_params_ui_tutorial.py
[2023-05-01T23:55:14.042+0000] {processor.py:753} INFO - DAG(s) dict_keys(['example_params_ui_tutorial']) retrieved from /home/airflow/.local/lib/python3.7/site-packages/airflow/example_dags/example_params_ui_tutorial.py
[2023-05-01T23:55:14.546+0000] {logging_mixin.py:137} INFO - [2023-05-01T23:55:14.545+0000] {dag.py:2705} INFO - Sync 1 DAGs
[2023-05-01T23:55:14.704+0000] {logging_mixin.py:137} INFO - [2023-05-01T23:55:14.703+0000] {dag.py:3456} INFO - Setting next_dagrun for example_params_ui_tutorial to None, run_after=None
[2023-05-01T23:55:14.801+0000] {processor.py:175} INFO - Processing /home/airflow/.local/lib/python3.7/site-packages/airflow/example_dags/example_params_ui_tutorial.py took 1.129 seconds
[2023-05-01T23:55:49.947+0000] {processor.py:153} INFO - Started process (PID=1065) to work on /home/airflow/.local/lib/python3.7/site-packages/airflow/example_dags/example_params_ui_tutorial.py
[2023-05-01T23:55:49.953+0000] {processor.py:743} INFO - Processing file /home/airflow/.local/lib/python3.7/site-packages/airflow/example_dags/example_params_ui_tutorial.py for tasks to queue
[2023-05-01T23:55:49.962+0000] {logging_mixin.py:137} INFO - [2023-05-01T23:55:49.960+0000] {dagbag.py:532} INFO - Filling up the DagBag from /home/airflow/.local/lib/python3.7/site-packages/airflow/example_dags/example_params_ui_tutorial.py
[2023-05-01T23:55:50.632+0000] {processor.py:753} INFO - DAG(s) dict_keys(['example_params_ui_tutorial']) retrieved from /home/airflow/.local/lib/python3.7/site-packages/airflow/example_dags/example_params_ui_tutorial.py
[2023-05-01T23:55:51.597+0000] {logging_mixin.py:137} INFO - [2023-05-01T23:55:51.593+0000] {dag.py:2705} INFO - Sync 1 DAGs
[2023-05-01T23:55:51.828+0000] {logging_mixin.py:137} INFO - [2023-05-01T23:55:51.827+0000] {dag.py:3456} INFO - Setting next_dagrun for example_params_ui_tutorial to None, run_after=None
[2023-05-01T23:55:51.982+0000] {processor.py:175} INFO - Processing /home/airflow/.local/lib/python3.7/site-packages/airflow/example_dags/example_params_ui_tutorial.py took 2.054 seconds
[2023-05-01T23:56:24.244+0000] {processor.py:153} INFO - Started process (PID=1165) to work on /home/airflow/.local/lib/python3.7/site-packages/airflow/example_dags/example_params_ui_tutorial.py
[2023-05-01T23:56:24.250+0000] {processor.py:743} INFO - Processing file /home/airflow/.local/lib/python3.7/site-packages/airflow/example_dags/example_params_ui_tutorial.py for tasks to queue
[2023-05-01T23:56:24.255+0000] {logging_mixin.py:137} INFO - [2023-05-01T23:56:24.254+0000] {dagbag.py:532} INFO - Filling up the DagBag from /home/airflow/.local/lib/python3.7/site-packages/airflow/example_dags/example_params_ui_tutorial.py
[2023-05-01T23:56:24.735+0000] {processor.py:753} INFO - DAG(s) dict_keys(['example_params_ui_tutorial']) retrieved from /home/airflow/.local/lib/python3.7/site-packages/airflow/example_dags/example_params_ui_tutorial.py
[2023-05-01T23:56:25.481+0000] {logging_mixin.py:137} INFO - [2023-05-01T23:56:25.479+0000] {dag.py:2705} INFO - Sync 1 DAGs
[2023-05-01T23:56:25.660+0000] {logging_mixin.py:137} INFO - [2023-05-01T23:56:25.659+0000] {dag.py:3456} INFO - Setting next_dagrun for example_params_ui_tutorial to None, run_after=None
[2023-05-01T23:56:25.753+0000] {processor.py:175} INFO - Processing /home/airflow/.local/lib/python3.7/site-packages/airflow/example_dags/example_params_ui_tutorial.py took 1.522 seconds
[2023-05-01T23:56:56.506+0000] {processor.py:153} INFO - Started process (PID=1263) to work on /home/airflow/.local/lib/python3.7/site-packages/airflow/example_dags/example_params_ui_tutorial.py
[2023-05-01T23:56:56.510+0000] {processor.py:743} INFO - Processing file /home/airflow/.local/lib/python3.7/site-packages/airflow/example_dags/example_params_ui_tutorial.py for tasks to queue
[2023-05-01T23:56:56.515+0000] {logging_mixin.py:137} INFO - [2023-05-01T23:56:56.514+0000] {dagbag.py:532} INFO - Filling up the DagBag from /home/airflow/.local/lib/python3.7/site-packages/airflow/example_dags/example_params_ui_tutorial.py
[2023-05-01T23:56:57.250+0000] {processor.py:753} INFO - DAG(s) dict_keys(['example_params_ui_tutorial']) retrieved from /home/airflow/.local/lib/python3.7/site-packages/airflow/example_dags/example_params_ui_tutorial.py
[2023-05-01T23:56:57.896+0000] {logging_mixin.py:137} INFO - [2023-05-01T23:56:57.895+0000] {dag.py:2705} INFO - Sync 1 DAGs
[2023-05-01T23:56:58.145+0000] {logging_mixin.py:137} INFO - [2023-05-01T23:56:58.144+0000] {dag.py:3456} INFO - Setting next_dagrun for example_params_ui_tutorial to None, run_after=None
[2023-05-01T23:56:58.261+0000] {processor.py:175} INFO - Processing /home/airflow/.local/lib/python3.7/site-packages/airflow/example_dags/example_params_ui_tutorial.py took 1.767 seconds
[2023-05-01T23:57:29.060+0000] {processor.py:153} INFO - Started process (PID=1364) to work on /home/airflow/.local/lib/python3.7/site-packages/airflow/example_dags/example_params_ui_tutorial.py
[2023-05-01T23:57:29.065+0000] {processor.py:743} INFO - Processing file /home/airflow/.local/lib/python3.7/site-packages/airflow/example_dags/example_params_ui_tutorial.py for tasks to queue
[2023-05-01T23:57:29.069+0000] {logging_mixin.py:137} INFO - [2023-05-01T23:57:29.068+0000] {dagbag.py:532} INFO - Filling up the DagBag from /home/airflow/.local/lib/python3.7/site-packages/airflow/example_dags/example_params_ui_tutorial.py
[2023-05-01T23:57:29.593+0000] {processor.py:753} INFO - DAG(s) dict_keys(['example_params_ui_tutorial']) retrieved from /home/airflow/.local/lib/python3.7/site-packages/airflow/example_dags/example_params_ui_tutorial.py
[2023-05-01T23:57:30.183+0000] {logging_mixin.py:137} INFO - [2023-05-01T23:57:30.182+0000] {dag.py:2705} INFO - Sync 1 DAGs
[2023-05-01T23:57:30.354+0000] {logging_mixin.py:137} INFO - [2023-05-01T23:57:30.353+0000] {dag.py:3456} INFO - Setting next_dagrun for example_params_ui_tutorial to None, run_after=None
[2023-05-01T23:57:30.490+0000] {processor.py:175} INFO - Processing /home/airflow/.local/lib/python3.7/site-packages/airflow/example_dags/example_params_ui_tutorial.py took 1.442 seconds
[2023-05-01T23:58:00.956+0000] {processor.py:153} INFO - Started process (PID=1464) to work on /home/airflow/.local/lib/python3.7/site-packages/airflow/example_dags/example_params_ui_tutorial.py
[2023-05-01T23:58:00.960+0000] {processor.py:743} INFO - Processing file /home/airflow/.local/lib/python3.7/site-packages/airflow/example_dags/example_params_ui_tutorial.py for tasks to queue
[2023-05-01T23:58:00.964+0000] {logging_mixin.py:137} INFO - [2023-05-01T23:58:00.963+0000] {dagbag.py:532} INFO - Filling up the DagBag from /home/airflow/.local/lib/python3.7/site-packages/airflow/example_dags/example_params_ui_tutorial.py
[2023-05-01T23:58:01.511+0000] {processor.py:753} INFO - DAG(s) dict_keys(['example_params_ui_tutorial']) retrieved from /home/airflow/.local/lib/python3.7/site-packages/airflow/example_dags/example_params_ui_tutorial.py
[2023-05-01T23:58:01.934+0000] {logging_mixin.py:137} INFO - [2023-05-01T23:58:01.933+0000] {dag.py:2705} INFO - Sync 1 DAGs
[2023-05-01T23:58:02.069+0000] {logging_mixin.py:137} INFO - [2023-05-01T23:58:02.068+0000] {dag.py:3456} INFO - Setting next_dagrun for example_params_ui_tutorial to None, run_after=None
[2023-05-01T23:58:02.147+0000] {processor.py:175} INFO - Processing /home/airflow/.local/lib/python3.7/site-packages/airflow/example_dags/example_params_ui_tutorial.py took 1.204 seconds
[2023-05-01T23:58:32.402+0000] {processor.py:153} INFO - Started process (PID=1559) to work on /home/airflow/.local/lib/python3.7/site-packages/airflow/example_dags/example_params_ui_tutorial.py
[2023-05-01T23:58:32.413+0000] {processor.py:743} INFO - Processing file /home/airflow/.local/lib/python3.7/site-packages/airflow/example_dags/example_params_ui_tutorial.py for tasks to queue
[2023-05-01T23:58:32.428+0000] {logging_mixin.py:137} INFO - [2023-05-01T23:58:32.426+0000] {dagbag.py:532} INFO - Filling up the DagBag from /home/airflow/.local/lib/python3.7/site-packages/airflow/example_dags/example_params_ui_tutorial.py
[2023-05-01T23:58:40.623+0000] {processor.py:753} INFO - DAG(s) dict_keys(['example_params_ui_tutorial']) retrieved from /home/airflow/.local/lib/python3.7/site-packages/airflow/example_dags/example_params_ui_tutorial.py
[2023-05-01T23:58:41.993+0000] {logging_mixin.py:137} INFO - [2023-05-01T23:58:41.991+0000] {dag.py:2705} INFO - Sync 1 DAGs
[2023-05-01T23:58:42.306+0000] {logging_mixin.py:137} INFO - [2023-05-01T23:58:42.304+0000] {dag.py:3456} INFO - Setting next_dagrun for example_params_ui_tutorial to None, run_after=None
[2023-05-01T23:58:42.657+0000] {processor.py:175} INFO - Processing /home/airflow/.local/lib/python3.7/site-packages/airflow/example_dags/example_params_ui_tutorial.py took 10.265 seconds
[2023-05-01T23:59:13.028+0000] {processor.py:153} INFO - Started process (PID=1654) to work on /home/airflow/.local/lib/python3.7/site-packages/airflow/example_dags/example_params_ui_tutorial.py
[2023-05-01T23:59:13.033+0000] {processor.py:743} INFO - Processing file /home/airflow/.local/lib/python3.7/site-packages/airflow/example_dags/example_params_ui_tutorial.py for tasks to queue
[2023-05-01T23:59:13.038+0000] {logging_mixin.py:137} INFO - [2023-05-01T23:59:13.037+0000] {dagbag.py:532} INFO - Filling up the DagBag from /home/airflow/.local/lib/python3.7/site-packages/airflow/example_dags/example_params_ui_tutorial.py
[2023-05-01T23:59:13.444+0000] {processor.py:753} INFO - DAG(s) dict_keys(['example_params_ui_tutorial']) retrieved from /home/airflow/.local/lib/python3.7/site-packages/airflow/example_dags/example_params_ui_tutorial.py
[2023-05-01T23:59:14.153+0000] {logging_mixin.py:137} INFO - [2023-05-01T23:59:14.149+0000] {dag.py:2705} INFO - Sync 1 DAGs
[2023-05-01T23:59:14.395+0000] {logging_mixin.py:137} INFO - [2023-05-01T23:59:14.394+0000] {dag.py:3456} INFO - Setting next_dagrun for example_params_ui_tutorial to None, run_after=None
[2023-05-01T23:59:14.482+0000] {processor.py:175} INFO - Processing /home/airflow/.local/lib/python3.7/site-packages/airflow/example_dags/example_params_ui_tutorial.py took 1.465 seconds
[2023-05-01T23:59:44.832+0000] {processor.py:153} INFO - Started process (PID=1752) to work on /home/airflow/.local/lib/python3.7/site-packages/airflow/example_dags/example_params_ui_tutorial.py
[2023-05-01T23:59:44.838+0000] {processor.py:743} INFO - Processing file /home/airflow/.local/lib/python3.7/site-packages/airflow/example_dags/example_params_ui_tutorial.py for tasks to queue
[2023-05-01T23:59:44.844+0000] {logging_mixin.py:137} INFO - [2023-05-01T23:59:44.843+0000] {dagbag.py:532} INFO - Filling up the DagBag from /home/airflow/.local/lib/python3.7/site-packages/airflow/example_dags/example_params_ui_tutorial.py
[2023-05-01T23:59:45.586+0000] {processor.py:753} INFO - DAG(s) dict_keys(['example_params_ui_tutorial']) retrieved from /home/airflow/.local/lib/python3.7/site-packages/airflow/example_dags/example_params_ui_tutorial.py
[2023-05-01T23:59:46.372+0000] {logging_mixin.py:137} INFO - [2023-05-01T23:59:46.371+0000] {dag.py:2705} INFO - Sync 1 DAGs
[2023-05-01T23:59:46.639+0000] {logging_mixin.py:137} INFO - [2023-05-01T23:59:46.638+0000] {dag.py:3456} INFO - Setting next_dagrun for example_params_ui_tutorial to None, run_after=None
[2023-05-01T23:59:46.761+0000] {processor.py:175} INFO - Processing /home/airflow/.local/lib/python3.7/site-packages/airflow/example_dags/example_params_ui_tutorial.py took 1.944 seconds
