[2023-05-01T23:50:02.576+0000] {processor.py:153} INFO - Started process (PID=162) to work on /home/airflow/.local/lib/python3.7/site-packages/airflow/example_dags/example_task_group_decorator.py
[2023-05-01T23:50:02.579+0000] {processor.py:743} INFO - Processing file /home/airflow/.local/lib/python3.7/site-packages/airflow/example_dags/example_task_group_decorator.py for tasks to queue
[2023-05-01T23:50:02.591+0000] {logging_mixin.py:137} INFO - [2023-05-01T23:50:02.590+0000] {dagbag.py:532} INFO - Filling up the DagBag from /home/airflow/.local/lib/python3.7/site-packages/airflow/example_dags/example_task_group_decorator.py
[2023-05-01T23:50:03.211+0000] {processor.py:753} INFO - DAG(s) dict_keys(['example_task_group_decorator']) retrieved from /home/airflow/.local/lib/python3.7/site-packages/airflow/example_dags/example_task_group_decorator.py
[2023-05-01T23:50:03.603+0000] {logging_mixin.py:137} INFO - [2023-05-01T23:50:03.597+0000] {dag.py:2705} INFO - Sync 1 DAGs
[2023-05-01T23:50:04.075+0000] {logging_mixin.py:137} INFO - [2023-05-01T23:50:04.060+0000] {dag.py:3456} INFO - Setting next_dagrun for example_task_group_decorator to 2023-04-30T23:50:04.058102+00:00, run_after=2023-05-01T23:50:04.058102+00:00
[2023-05-01T23:50:04.519+0000] {processor.py:175} INFO - Processing /home/airflow/.local/lib/python3.7/site-packages/airflow/example_dags/example_task_group_decorator.py took 1.972 seconds
[2023-05-01T23:51:07.551+0000] {processor.py:153} INFO - Started process (PID=266) to work on /home/airflow/.local/lib/python3.7/site-packages/airflow/example_dags/example_task_group_decorator.py
[2023-05-01T23:51:07.567+0000] {processor.py:743} INFO - Processing file /home/airflow/.local/lib/python3.7/site-packages/airflow/example_dags/example_task_group_decorator.py for tasks to queue
[2023-05-01T23:51:07.578+0000] {logging_mixin.py:137} INFO - [2023-05-01T23:51:07.577+0000] {dagbag.py:532} INFO - Filling up the DagBag from /home/airflow/.local/lib/python3.7/site-packages/airflow/example_dags/example_task_group_decorator.py
[2023-05-01T23:51:08.024+0000] {processor.py:753} INFO - DAG(s) dict_keys(['example_task_group_decorator']) retrieved from /home/airflow/.local/lib/python3.7/site-packages/airflow/example_dags/example_task_group_decorator.py
[2023-05-01T23:51:08.315+0000] {logging_mixin.py:137} INFO - [2023-05-01T23:51:08.312+0000] {dag.py:2705} INFO - Sync 1 DAGs
[2023-05-01T23:51:09.072+0000] {logging_mixin.py:137} INFO - [2023-05-01T23:51:09.069+0000] {dag.py:3456} INFO - Setting next_dagrun for example_task_group_decorator to 2023-04-30T23:51:09.056672+00:00, run_after=2023-05-01T23:51:09.056672+00:00
[2023-05-01T23:51:09.383+0000] {processor.py:175} INFO - Processing /home/airflow/.local/lib/python3.7/site-packages/airflow/example_dags/example_task_group_decorator.py took 1.872 seconds
[2023-05-01T23:51:46.558+0000] {processor.py:153} INFO - Started process (PID=360) to work on /home/airflow/.local/lib/python3.7/site-packages/airflow/example_dags/example_task_group_decorator.py
[2023-05-01T23:51:46.584+0000] {processor.py:743} INFO - Processing file /home/airflow/.local/lib/python3.7/site-packages/airflow/example_dags/example_task_group_decorator.py for tasks to queue
[2023-05-01T23:51:46.589+0000] {logging_mixin.py:137} INFO - [2023-05-01T23:51:46.588+0000] {dagbag.py:532} INFO - Filling up the DagBag from /home/airflow/.local/lib/python3.7/site-packages/airflow/example_dags/example_task_group_decorator.py
[2023-05-01T23:51:47.596+0000] {processor.py:753} INFO - DAG(s) dict_keys(['example_task_group_decorator']) retrieved from /home/airflow/.local/lib/python3.7/site-packages/airflow/example_dags/example_task_group_decorator.py
[2023-05-01T23:51:48.184+0000] {logging_mixin.py:137} INFO - [2023-05-01T23:51:48.183+0000] {dag.py:2705} INFO - Sync 1 DAGs
[2023-05-01T23:51:49.010+0000] {logging_mixin.py:137} INFO - [2023-05-01T23:51:49.008+0000] {dag.py:3456} INFO - Setting next_dagrun for example_task_group_decorator to 2023-04-30T23:51:48.992175+00:00, run_after=2023-05-01T23:51:48.992175+00:00
[2023-05-01T23:51:49.465+0000] {processor.py:175} INFO - Processing /home/airflow/.local/lib/python3.7/site-packages/airflow/example_dags/example_task_group_decorator.py took 2.949 seconds
[2023-05-01T23:52:20.295+0000] {processor.py:153} INFO - Started process (PID=458) to work on /home/airflow/.local/lib/python3.7/site-packages/airflow/example_dags/example_task_group_decorator.py
[2023-05-01T23:52:20.302+0000] {processor.py:743} INFO - Processing file /home/airflow/.local/lib/python3.7/site-packages/airflow/example_dags/example_task_group_decorator.py for tasks to queue
[2023-05-01T23:52:20.309+0000] {logging_mixin.py:137} INFO - [2023-05-01T23:52:20.308+0000] {dagbag.py:532} INFO - Filling up the DagBag from /home/airflow/.local/lib/python3.7/site-packages/airflow/example_dags/example_task_group_decorator.py
[2023-05-01T23:52:20.953+0000] {processor.py:753} INFO - DAG(s) dict_keys(['example_task_group_decorator']) retrieved from /home/airflow/.local/lib/python3.7/site-packages/airflow/example_dags/example_task_group_decorator.py
[2023-05-01T23:52:21.373+0000] {logging_mixin.py:137} INFO - [2023-05-01T23:52:21.372+0000] {dag.py:2705} INFO - Sync 1 DAGs
[2023-05-01T23:52:21.699+0000] {logging_mixin.py:137} INFO - [2023-05-01T23:52:21.698+0000] {dag.py:3456} INFO - Setting next_dagrun for example_task_group_decorator to 2023-04-30T23:52:21.696181+00:00, run_after=2023-05-01T23:52:21.696181+00:00
[2023-05-01T23:52:21.877+0000] {processor.py:175} INFO - Processing /home/airflow/.local/lib/python3.7/site-packages/airflow/example_dags/example_task_group_decorator.py took 1.609 seconds
[2023-05-01T23:52:52.462+0000] {processor.py:153} INFO - Started process (PID=553) to work on /home/airflow/.local/lib/python3.7/site-packages/airflow/example_dags/example_task_group_decorator.py
[2023-05-01T23:52:52.466+0000] {processor.py:743} INFO - Processing file /home/airflow/.local/lib/python3.7/site-packages/airflow/example_dags/example_task_group_decorator.py for tasks to queue
[2023-05-01T23:52:52.471+0000] {logging_mixin.py:137} INFO - [2023-05-01T23:52:52.470+0000] {dagbag.py:532} INFO - Filling up the DagBag from /home/airflow/.local/lib/python3.7/site-packages/airflow/example_dags/example_task_group_decorator.py
[2023-05-01T23:52:52.644+0000] {processor.py:753} INFO - DAG(s) dict_keys(['example_task_group_decorator']) retrieved from /home/airflow/.local/lib/python3.7/site-packages/airflow/example_dags/example_task_group_decorator.py
[2023-05-01T23:52:52.805+0000] {logging_mixin.py:137} INFO - [2023-05-01T23:52:52.804+0000] {dag.py:2705} INFO - Sync 1 DAGs
[2023-05-01T23:52:53.022+0000] {logging_mixin.py:137} INFO - [2023-05-01T23:52:53.021+0000] {dag.py:3456} INFO - Setting next_dagrun for example_task_group_decorator to 2023-04-30T23:52:53.019847+00:00, run_after=2023-05-01T23:52:53.019847+00:00
[2023-05-01T23:52:53.163+0000] {processor.py:175} INFO - Processing /home/airflow/.local/lib/python3.7/site-packages/airflow/example_dags/example_task_group_decorator.py took 0.716 seconds
[2023-05-01T23:53:23.312+0000] {processor.py:153} INFO - Started process (PID=656) to work on /home/airflow/.local/lib/python3.7/site-packages/airflow/example_dags/example_task_group_decorator.py
[2023-05-01T23:53:23.316+0000] {processor.py:743} INFO - Processing file /home/airflow/.local/lib/python3.7/site-packages/airflow/example_dags/example_task_group_decorator.py for tasks to queue
[2023-05-01T23:53:23.321+0000] {logging_mixin.py:137} INFO - [2023-05-01T23:53:23.320+0000] {dagbag.py:532} INFO - Filling up the DagBag from /home/airflow/.local/lib/python3.7/site-packages/airflow/example_dags/example_task_group_decorator.py
[2023-05-01T23:53:23.539+0000] {processor.py:753} INFO - DAG(s) dict_keys(['example_task_group_decorator']) retrieved from /home/airflow/.local/lib/python3.7/site-packages/airflow/example_dags/example_task_group_decorator.py
[2023-05-01T23:53:23.744+0000] {logging_mixin.py:137} INFO - [2023-05-01T23:53:23.743+0000] {dag.py:2705} INFO - Sync 1 DAGs
[2023-05-01T23:53:23.931+0000] {logging_mixin.py:137} INFO - [2023-05-01T23:53:23.929+0000] {dag.py:3456} INFO - Setting next_dagrun for example_task_group_decorator to 2023-04-30T23:53:23.927292+00:00, run_after=2023-05-01T23:53:23.927292+00:00
[2023-05-01T23:53:24.037+0000] {processor.py:175} INFO - Processing /home/airflow/.local/lib/python3.7/site-packages/airflow/example_dags/example_task_group_decorator.py took 0.736 seconds
[2023-05-01T23:53:59.371+0000] {processor.py:153} INFO - Started process (PID=753) to work on /home/airflow/.local/lib/python3.7/site-packages/airflow/example_dags/example_task_group_decorator.py
[2023-05-01T23:53:59.384+0000] {processor.py:743} INFO - Processing file /home/airflow/.local/lib/python3.7/site-packages/airflow/example_dags/example_task_group_decorator.py for tasks to queue
[2023-05-01T23:53:59.391+0000] {logging_mixin.py:137} INFO - [2023-05-01T23:53:59.390+0000] {dagbag.py:532} INFO - Filling up the DagBag from /home/airflow/.local/lib/python3.7/site-packages/airflow/example_dags/example_task_group_decorator.py
[2023-05-01T23:53:59.677+0000] {processor.py:753} INFO - DAG(s) dict_keys(['example_task_group_decorator']) retrieved from /home/airflow/.local/lib/python3.7/site-packages/airflow/example_dags/example_task_group_decorator.py
[2023-05-01T23:54:00.003+0000] {logging_mixin.py:137} INFO - [2023-05-01T23:54:00.002+0000] {dag.py:2705} INFO - Sync 1 DAGs
[2023-05-01T23:54:00.230+0000] {logging_mixin.py:137} INFO - [2023-05-01T23:54:00.229+0000] {dag.py:3456} INFO - Setting next_dagrun for example_task_group_decorator to 2023-04-30T23:54:00.226842+00:00, run_after=2023-05-01T23:54:00.226842+00:00
[2023-05-01T23:54:00.333+0000] {processor.py:175} INFO - Processing /home/airflow/.local/lib/python3.7/site-packages/airflow/example_dags/example_task_group_decorator.py took 0.988 seconds
[2023-05-01T23:54:34.952+0000] {processor.py:153} INFO - Started process (PID=850) to work on /home/airflow/.local/lib/python3.7/site-packages/airflow/example_dags/example_task_group_decorator.py
[2023-05-01T23:54:34.955+0000] {processor.py:743} INFO - Processing file /home/airflow/.local/lib/python3.7/site-packages/airflow/example_dags/example_task_group_decorator.py for tasks to queue
[2023-05-01T23:54:34.959+0000] {logging_mixin.py:137} INFO - [2023-05-01T23:54:34.959+0000] {dagbag.py:532} INFO - Filling up the DagBag from /home/airflow/.local/lib/python3.7/site-packages/airflow/example_dags/example_task_group_decorator.py
[2023-05-01T23:54:35.165+0000] {processor.py:753} INFO - DAG(s) dict_keys(['example_task_group_decorator']) retrieved from /home/airflow/.local/lib/python3.7/site-packages/airflow/example_dags/example_task_group_decorator.py
[2023-05-01T23:54:35.346+0000] {logging_mixin.py:137} INFO - [2023-05-01T23:54:35.345+0000] {dag.py:2705} INFO - Sync 1 DAGs
[2023-05-01T23:54:35.629+0000] {logging_mixin.py:137} INFO - [2023-05-01T23:54:35.628+0000] {dag.py:3456} INFO - Setting next_dagrun for example_task_group_decorator to 2023-04-30T23:54:35.625843+00:00, run_after=2023-05-01T23:54:35.625843+00:00
[2023-05-01T23:54:35.813+0000] {processor.py:175} INFO - Processing /home/airflow/.local/lib/python3.7/site-packages/airflow/example_dags/example_task_group_decorator.py took 0.872 seconds
[2023-05-01T23:55:08.224+0000] {processor.py:153} INFO - Started process (PID=946) to work on /home/airflow/.local/lib/python3.7/site-packages/airflow/example_dags/example_task_group_decorator.py
[2023-05-01T23:55:08.230+0000] {processor.py:743} INFO - Processing file /home/airflow/.local/lib/python3.7/site-packages/airflow/example_dags/example_task_group_decorator.py for tasks to queue
[2023-05-01T23:55:08.237+0000] {logging_mixin.py:137} INFO - [2023-05-01T23:55:08.236+0000] {dagbag.py:532} INFO - Filling up the DagBag from /home/airflow/.local/lib/python3.7/site-packages/airflow/example_dags/example_task_group_decorator.py
[2023-05-01T23:55:08.569+0000] {processor.py:753} INFO - DAG(s) dict_keys(['example_task_group_decorator']) retrieved from /home/airflow/.local/lib/python3.7/site-packages/airflow/example_dags/example_task_group_decorator.py
[2023-05-01T23:55:08.762+0000] {logging_mixin.py:137} INFO - [2023-05-01T23:55:08.761+0000] {dag.py:2705} INFO - Sync 1 DAGs
[2023-05-01T23:55:08.975+0000] {logging_mixin.py:137} INFO - [2023-05-01T23:55:08.974+0000] {dag.py:3456} INFO - Setting next_dagrun for example_task_group_decorator to 2023-04-30T23:55:08.970693+00:00, run_after=2023-05-01T23:55:08.970693+00:00
[2023-05-01T23:55:09.098+0000] {processor.py:175} INFO - Processing /home/airflow/.local/lib/python3.7/site-packages/airflow/example_dags/example_task_group_decorator.py took 0.906 seconds
[2023-05-01T23:55:39.574+0000] {processor.py:153} INFO - Started process (PID=1040) to work on /home/airflow/.local/lib/python3.7/site-packages/airflow/example_dags/example_task_group_decorator.py
[2023-05-01T23:55:39.579+0000] {processor.py:743} INFO - Processing file /home/airflow/.local/lib/python3.7/site-packages/airflow/example_dags/example_task_group_decorator.py for tasks to queue
[2023-05-01T23:55:39.585+0000] {logging_mixin.py:137} INFO - [2023-05-01T23:55:39.584+0000] {dagbag.py:532} INFO - Filling up the DagBag from /home/airflow/.local/lib/python3.7/site-packages/airflow/example_dags/example_task_group_decorator.py
[2023-05-01T23:55:39.795+0000] {processor.py:753} INFO - DAG(s) dict_keys(['example_task_group_decorator']) retrieved from /home/airflow/.local/lib/python3.7/site-packages/airflow/example_dags/example_task_group_decorator.py
[2023-05-01T23:55:39.976+0000] {logging_mixin.py:137} INFO - [2023-05-01T23:55:39.975+0000] {dag.py:2705} INFO - Sync 1 DAGs
[2023-05-01T23:55:40.143+0000] {logging_mixin.py:137} INFO - [2023-05-01T23:55:40.142+0000] {dag.py:3456} INFO - Setting next_dagrun for example_task_group_decorator to 2023-04-30T23:55:40.140578+00:00, run_after=2023-05-01T23:55:40.140578+00:00
[2023-05-01T23:55:40.237+0000] {processor.py:175} INFO - Processing /home/airflow/.local/lib/python3.7/site-packages/airflow/example_dags/example_task_group_decorator.py took 0.678 seconds
[2023-05-01T23:56:10.324+0000] {processor.py:153} INFO - Started process (PID=1136) to work on /home/airflow/.local/lib/python3.7/site-packages/airflow/example_dags/example_task_group_decorator.py
[2023-05-01T23:56:10.327+0000] {processor.py:743} INFO - Processing file /home/airflow/.local/lib/python3.7/site-packages/airflow/example_dags/example_task_group_decorator.py for tasks to queue
[2023-05-01T23:56:10.331+0000] {logging_mixin.py:137} INFO - [2023-05-01T23:56:10.330+0000] {dagbag.py:532} INFO - Filling up the DagBag from /home/airflow/.local/lib/python3.7/site-packages/airflow/example_dags/example_task_group_decorator.py
[2023-05-01T23:56:10.539+0000] {processor.py:753} INFO - DAG(s) dict_keys(['example_task_group_decorator']) retrieved from /home/airflow/.local/lib/python3.7/site-packages/airflow/example_dags/example_task_group_decorator.py
[2023-05-01T23:56:10.700+0000] {logging_mixin.py:137} INFO - [2023-05-01T23:56:10.699+0000] {dag.py:2705} INFO - Sync 1 DAGs
[2023-05-01T23:56:10.875+0000] {logging_mixin.py:137} INFO - [2023-05-01T23:56:10.874+0000] {dag.py:3456} INFO - Setting next_dagrun for example_task_group_decorator to 2023-04-30T23:56:10.871928+00:00, run_after=2023-05-01T23:56:10.871928+00:00
[2023-05-01T23:56:10.964+0000] {processor.py:175} INFO - Processing /home/airflow/.local/lib/python3.7/site-packages/airflow/example_dags/example_task_group_decorator.py took 0.651 seconds
[2023-05-01T23:56:41.243+0000] {processor.py:153} INFO - Started process (PID=1232) to work on /home/airflow/.local/lib/python3.7/site-packages/airflow/example_dags/example_task_group_decorator.py
[2023-05-01T23:56:41.247+0000] {processor.py:743} INFO - Processing file /home/airflow/.local/lib/python3.7/site-packages/airflow/example_dags/example_task_group_decorator.py for tasks to queue
[2023-05-01T23:56:41.252+0000] {logging_mixin.py:137} INFO - [2023-05-01T23:56:41.251+0000] {dagbag.py:532} INFO - Filling up the DagBag from /home/airflow/.local/lib/python3.7/site-packages/airflow/example_dags/example_task_group_decorator.py
[2023-05-01T23:56:41.517+0000] {processor.py:753} INFO - DAG(s) dict_keys(['example_task_group_decorator']) retrieved from /home/airflow/.local/lib/python3.7/site-packages/airflow/example_dags/example_task_group_decorator.py
[2023-05-01T23:56:41.706+0000] {logging_mixin.py:137} INFO - [2023-05-01T23:56:41.705+0000] {dag.py:2705} INFO - Sync 1 DAGs
[2023-05-01T23:56:41.869+0000] {logging_mixin.py:137} INFO - [2023-05-01T23:56:41.868+0000] {dag.py:3456} INFO - Setting next_dagrun for example_task_group_decorator to 2023-04-30T23:56:41.865935+00:00, run_after=2023-05-01T23:56:41.865935+00:00
[2023-05-01T23:56:41.946+0000] {processor.py:175} INFO - Processing /home/airflow/.local/lib/python3.7/site-packages/airflow/example_dags/example_task_group_decorator.py took 0.721 seconds
[2023-05-01T23:57:12.923+0000] {processor.py:153} INFO - Started process (PID=1328) to work on /home/airflow/.local/lib/python3.7/site-packages/airflow/example_dags/example_task_group_decorator.py
[2023-05-01T23:57:12.928+0000] {processor.py:743} INFO - Processing file /home/airflow/.local/lib/python3.7/site-packages/airflow/example_dags/example_task_group_decorator.py for tasks to queue
[2023-05-01T23:57:12.932+0000] {logging_mixin.py:137} INFO - [2023-05-01T23:57:12.931+0000] {dagbag.py:532} INFO - Filling up the DagBag from /home/airflow/.local/lib/python3.7/site-packages/airflow/example_dags/example_task_group_decorator.py
[2023-05-01T23:57:13.104+0000] {processor.py:753} INFO - DAG(s) dict_keys(['example_task_group_decorator']) retrieved from /home/airflow/.local/lib/python3.7/site-packages/airflow/example_dags/example_task_group_decorator.py
[2023-05-01T23:57:13.261+0000] {logging_mixin.py:137} INFO - [2023-05-01T23:57:13.260+0000] {dag.py:2705} INFO - Sync 1 DAGs
[2023-05-01T23:57:13.445+0000] {logging_mixin.py:137} INFO - [2023-05-01T23:57:13.444+0000] {dag.py:3456} INFO - Setting next_dagrun for example_task_group_decorator to 2023-04-30T23:57:13.442874+00:00, run_after=2023-05-01T23:57:13.442874+00:00
[2023-05-01T23:57:13.525+0000] {processor.py:175} INFO - Processing /home/airflow/.local/lib/python3.7/site-packages/airflow/example_dags/example_task_group_decorator.py took 0.613 seconds
[2023-05-01T23:57:43.957+0000] {processor.py:153} INFO - Started process (PID=1421) to work on /home/airflow/.local/lib/python3.7/site-packages/airflow/example_dags/example_task_group_decorator.py
[2023-05-01T23:57:43.960+0000] {processor.py:743} INFO - Processing file /home/airflow/.local/lib/python3.7/site-packages/airflow/example_dags/example_task_group_decorator.py for tasks to queue
[2023-05-01T23:57:43.964+0000] {logging_mixin.py:137} INFO - [2023-05-01T23:57:43.963+0000] {dagbag.py:532} INFO - Filling up the DagBag from /home/airflow/.local/lib/python3.7/site-packages/airflow/example_dags/example_task_group_decorator.py
[2023-05-01T23:57:44.161+0000] {processor.py:753} INFO - DAG(s) dict_keys(['example_task_group_decorator']) retrieved from /home/airflow/.local/lib/python3.7/site-packages/airflow/example_dags/example_task_group_decorator.py
[2023-05-01T23:57:44.367+0000] {logging_mixin.py:137} INFO - [2023-05-01T23:57:44.366+0000] {dag.py:2705} INFO - Sync 1 DAGs
[2023-05-01T23:57:44.649+0000] {logging_mixin.py:137} INFO - [2023-05-01T23:57:44.648+0000] {dag.py:3456} INFO - Setting next_dagrun for example_task_group_decorator to 2023-04-30T23:57:44.646008+00:00, run_after=2023-05-01T23:57:44.646008+00:00
[2023-05-01T23:57:44.742+0000] {processor.py:175} INFO - Processing /home/airflow/.local/lib/python3.7/site-packages/airflow/example_dags/example_task_group_decorator.py took 0.796 seconds
[2023-05-01T23:58:15.015+0000] {processor.py:153} INFO - Started process (PID=1517) to work on /home/airflow/.local/lib/python3.7/site-packages/airflow/example_dags/example_task_group_decorator.py
[2023-05-01T23:58:15.019+0000] {processor.py:743} INFO - Processing file /home/airflow/.local/lib/python3.7/site-packages/airflow/example_dags/example_task_group_decorator.py for tasks to queue
[2023-05-01T23:58:15.023+0000] {logging_mixin.py:137} INFO - [2023-05-01T23:58:15.023+0000] {dagbag.py:532} INFO - Filling up the DagBag from /home/airflow/.local/lib/python3.7/site-packages/airflow/example_dags/example_task_group_decorator.py
[2023-05-01T23:58:15.205+0000] {processor.py:753} INFO - DAG(s) dict_keys(['example_task_group_decorator']) retrieved from /home/airflow/.local/lib/python3.7/site-packages/airflow/example_dags/example_task_group_decorator.py
[2023-05-01T23:58:15.364+0000] {logging_mixin.py:137} INFO - [2023-05-01T23:58:15.362+0000] {dag.py:2705} INFO - Sync 1 DAGs
[2023-05-01T23:58:15.596+0000] {logging_mixin.py:137} INFO - [2023-05-01T23:58:15.595+0000] {dag.py:3456} INFO - Setting next_dagrun for example_task_group_decorator to 2023-04-30T23:58:15.592980+00:00, run_after=2023-05-01T23:58:15.592980+00:00
[2023-05-01T23:58:15.725+0000] {processor.py:175} INFO - Processing /home/airflow/.local/lib/python3.7/site-packages/airflow/example_dags/example_task_group_decorator.py took 0.722 seconds
[2023-05-01T23:58:53.520+0000] {processor.py:153} INFO - Started process (PID=1616) to work on /home/airflow/.local/lib/python3.7/site-packages/airflow/example_dags/example_task_group_decorator.py
[2023-05-01T23:58:53.524+0000] {processor.py:743} INFO - Processing file /home/airflow/.local/lib/python3.7/site-packages/airflow/example_dags/example_task_group_decorator.py for tasks to queue
[2023-05-01T23:58:53.528+0000] {logging_mixin.py:137} INFO - [2023-05-01T23:58:53.527+0000] {dagbag.py:532} INFO - Filling up the DagBag from /home/airflow/.local/lib/python3.7/site-packages/airflow/example_dags/example_task_group_decorator.py
[2023-05-01T23:58:53.679+0000] {processor.py:753} INFO - DAG(s) dict_keys(['example_task_group_decorator']) retrieved from /home/airflow/.local/lib/python3.7/site-packages/airflow/example_dags/example_task_group_decorator.py
[2023-05-01T23:58:53.825+0000] {logging_mixin.py:137} INFO - [2023-05-01T23:58:53.824+0000] {dag.py:2705} INFO - Sync 1 DAGs
[2023-05-01T23:58:53.960+0000] {logging_mixin.py:137} INFO - [2023-05-01T23:58:53.959+0000] {dag.py:3456} INFO - Setting next_dagrun for example_task_group_decorator to 2023-04-30T23:58:53.957960+00:00, run_after=2023-05-01T23:58:53.957960+00:00
[2023-05-01T23:58:54.050+0000] {processor.py:175} INFO - Processing /home/airflow/.local/lib/python3.7/site-packages/airflow/example_dags/example_task_group_decorator.py took 0.540 seconds
[2023-05-01T23:59:28.352+0000] {processor.py:153} INFO - Started process (PID=1703) to work on /home/airflow/.local/lib/python3.7/site-packages/airflow/example_dags/example_task_group_decorator.py
[2023-05-01T23:59:28.355+0000] {processor.py:743} INFO - Processing file /home/airflow/.local/lib/python3.7/site-packages/airflow/example_dags/example_task_group_decorator.py for tasks to queue
[2023-05-01T23:59:28.359+0000] {logging_mixin.py:137} INFO - [2023-05-01T23:59:28.358+0000] {dagbag.py:532} INFO - Filling up the DagBag from /home/airflow/.local/lib/python3.7/site-packages/airflow/example_dags/example_task_group_decorator.py
[2023-05-01T23:59:28.522+0000] {processor.py:753} INFO - DAG(s) dict_keys(['example_task_group_decorator']) retrieved from /home/airflow/.local/lib/python3.7/site-packages/airflow/example_dags/example_task_group_decorator.py
[2023-05-01T23:59:28.653+0000] {logging_mixin.py:137} INFO - [2023-05-01T23:59:28.652+0000] {dag.py:2705} INFO - Sync 1 DAGs
[2023-05-01T23:59:28.792+0000] {logging_mixin.py:137} INFO - [2023-05-01T23:59:28.792+0000] {dag.py:3456} INFO - Setting next_dagrun for example_task_group_decorator to 2023-04-30T23:59:28.790816+00:00, run_after=2023-05-01T23:59:28.790816+00:00
[2023-05-01T23:59:28.867+0000] {processor.py:175} INFO - Processing /home/airflow/.local/lib/python3.7/site-packages/airflow/example_dags/example_task_group_decorator.py took 0.526 seconds
[2023-05-02T00:00:00.015+0000] {processor.py:153} INFO - Started process (PID=1807) to work on /home/airflow/.local/lib/python3.7/site-packages/airflow/example_dags/example_task_group_decorator.py
[2023-05-02T00:00:00.018+0000] {processor.py:743} INFO - Processing file /home/airflow/.local/lib/python3.7/site-packages/airflow/example_dags/example_task_group_decorator.py for tasks to queue
[2023-05-02T00:00:00.023+0000] {logging_mixin.py:137} INFO - [2023-05-02T00:00:00.023+0000] {dagbag.py:532} INFO - Filling up the DagBag from /home/airflow/.local/lib/python3.7/site-packages/airflow/example_dags/example_task_group_decorator.py
[2023-05-02T00:00:00.193+0000] {processor.py:753} INFO - DAG(s) dict_keys(['example_task_group_decorator']) retrieved from /home/airflow/.local/lib/python3.7/site-packages/airflow/example_dags/example_task_group_decorator.py
[2023-05-02T00:00:00.377+0000] {logging_mixin.py:137} INFO - [2023-05-02T00:00:00.376+0000] {dag.py:2705} INFO - Sync 1 DAGs
[2023-05-02T00:00:00.627+0000] {logging_mixin.py:137} INFO - [2023-05-02T00:00:00.626+0000] {dag.py:3456} INFO - Setting next_dagrun for example_task_group_decorator to 2023-05-01T00:00:00.624630+00:00, run_after=2023-05-02T00:00:00.624630+00:00
[2023-05-02T00:00:00.745+0000] {processor.py:175} INFO - Processing /home/airflow/.local/lib/python3.7/site-packages/airflow/example_dags/example_task_group_decorator.py took 0.740 seconds
