[2023-05-01T23:50:16.259+0000] {processor.py:153} INFO - Started process (PID=186) to work on /home/airflow/.local/lib/python3.7/site-packages/airflow/example_dags/example_nested_branch_dag.py
[2023-05-01T23:50:16.274+0000] {processor.py:743} INFO - Processing file /home/airflow/.local/lib/python3.7/site-packages/airflow/example_dags/example_nested_branch_dag.py for tasks to queue
[2023-05-01T23:50:16.287+0000] {logging_mixin.py:137} INFO - [2023-05-01T23:50:16.282+0000] {dagbag.py:532} INFO - Filling up the DagBag from /home/airflow/.local/lib/python3.7/site-packages/airflow/example_dags/example_nested_branch_dag.py
[2023-05-01T23:50:17.466+0000] {processor.py:753} INFO - DAG(s) dict_keys(['example_nested_branch_dag']) retrieved from /home/airflow/.local/lib/python3.7/site-packages/airflow/example_dags/example_nested_branch_dag.py
[2023-05-01T23:50:19.110+0000] {logging_mixin.py:137} INFO - [2023-05-01T23:50:19.108+0000] {dag.py:2705} INFO - Sync 1 DAGs
[2023-05-01T23:50:20.553+0000] {logging_mixin.py:137} INFO - [2023-05-01T23:50:20.534+0000] {dag.py:3456} INFO - Setting next_dagrun for example_nested_branch_dag to 2023-04-30T00:00:00+00:00, run_after=2023-05-01T00:00:00+00:00
[2023-05-01T23:50:20.971+0000] {processor.py:175} INFO - Processing /home/airflow/.local/lib/python3.7/site-packages/airflow/example_dags/example_nested_branch_dag.py took 4.783 seconds
[2023-05-01T23:51:20.243+0000] {processor.py:153} INFO - Started process (PID=290) to work on /home/airflow/.local/lib/python3.7/site-packages/airflow/example_dags/example_nested_branch_dag.py
[2023-05-01T23:51:20.259+0000] {processor.py:743} INFO - Processing file /home/airflow/.local/lib/python3.7/site-packages/airflow/example_dags/example_nested_branch_dag.py for tasks to queue
[2023-05-01T23:51:20.265+0000] {logging_mixin.py:137} INFO - [2023-05-01T23:51:20.264+0000] {dagbag.py:532} INFO - Filling up the DagBag from /home/airflow/.local/lib/python3.7/site-packages/airflow/example_dags/example_nested_branch_dag.py
[2023-05-01T23:51:20.518+0000] {processor.py:753} INFO - DAG(s) dict_keys(['example_nested_branch_dag']) retrieved from /home/airflow/.local/lib/python3.7/site-packages/airflow/example_dags/example_nested_branch_dag.py
[2023-05-01T23:51:20.701+0000] {logging_mixin.py:137} INFO - [2023-05-01T23:51:20.700+0000] {dag.py:2705} INFO - Sync 1 DAGs
[2023-05-01T23:51:21.226+0000] {logging_mixin.py:137} INFO - [2023-05-01T23:51:21.225+0000] {dag.py:3456} INFO - Setting next_dagrun for example_nested_branch_dag to 2023-04-30T00:00:00+00:00, run_after=2023-05-01T00:00:00+00:00
[2023-05-01T23:51:21.535+0000] {processor.py:175} INFO - Processing /home/airflow/.local/lib/python3.7/site-packages/airflow/example_dags/example_nested_branch_dag.py took 1.331 seconds
[2023-05-01T23:51:57.146+0000] {processor.py:153} INFO - Started process (PID=394) to work on /home/airflow/.local/lib/python3.7/site-packages/airflow/example_dags/example_nested_branch_dag.py
[2023-05-01T23:51:57.150+0000] {processor.py:743} INFO - Processing file /home/airflow/.local/lib/python3.7/site-packages/airflow/example_dags/example_nested_branch_dag.py for tasks to queue
[2023-05-01T23:51:57.156+0000] {logging_mixin.py:137} INFO - [2023-05-01T23:51:57.155+0000] {dagbag.py:532} INFO - Filling up the DagBag from /home/airflow/.local/lib/python3.7/site-packages/airflow/example_dags/example_nested_branch_dag.py
[2023-05-01T23:51:57.374+0000] {processor.py:753} INFO - DAG(s) dict_keys(['example_nested_branch_dag']) retrieved from /home/airflow/.local/lib/python3.7/site-packages/airflow/example_dags/example_nested_branch_dag.py
[2023-05-01T23:51:57.501+0000] {logging_mixin.py:137} INFO - [2023-05-01T23:51:57.500+0000] {dag.py:2705} INFO - Sync 1 DAGs
[2023-05-01T23:51:57.771+0000] {logging_mixin.py:137} INFO - [2023-05-01T23:51:57.770+0000] {dag.py:3456} INFO - Setting next_dagrun for example_nested_branch_dag to 2023-04-30T00:00:00+00:00, run_after=2023-05-01T00:00:00+00:00
[2023-05-01T23:51:57.927+0000] {processor.py:175} INFO - Processing /home/airflow/.local/lib/python3.7/site-packages/airflow/example_dags/example_nested_branch_dag.py took 0.793 seconds
[2023-05-01T23:52:33.750+0000] {processor.py:153} INFO - Started process (PID=497) to work on /home/airflow/.local/lib/python3.7/site-packages/airflow/example_dags/example_nested_branch_dag.py
[2023-05-01T23:52:33.755+0000] {processor.py:743} INFO - Processing file /home/airflow/.local/lib/python3.7/site-packages/airflow/example_dags/example_nested_branch_dag.py for tasks to queue
[2023-05-01T23:52:33.766+0000] {logging_mixin.py:137} INFO - [2023-05-01T23:52:33.765+0000] {dagbag.py:532} INFO - Filling up the DagBag from /home/airflow/.local/lib/python3.7/site-packages/airflow/example_dags/example_nested_branch_dag.py
[2023-05-01T23:52:33.988+0000] {processor.py:753} INFO - DAG(s) dict_keys(['example_nested_branch_dag']) retrieved from /home/airflow/.local/lib/python3.7/site-packages/airflow/example_dags/example_nested_branch_dag.py
[2023-05-01T23:52:34.140+0000] {logging_mixin.py:137} INFO - [2023-05-01T23:52:34.139+0000] {dag.py:2705} INFO - Sync 1 DAGs
[2023-05-01T23:52:34.331+0000] {logging_mixin.py:137} INFO - [2023-05-01T23:52:34.329+0000] {dag.py:3456} INFO - Setting next_dagrun for example_nested_branch_dag to 2023-04-30T00:00:00+00:00, run_after=2023-05-01T00:00:00+00:00
[2023-05-01T23:52:34.447+0000] {processor.py:175} INFO - Processing /home/airflow/.local/lib/python3.7/site-packages/airflow/example_dags/example_nested_branch_dag.py took 0.725 seconds
[2023-05-01T23:53:05.832+0000] {processor.py:153} INFO - Started process (PID=593) to work on /home/airflow/.local/lib/python3.7/site-packages/airflow/example_dags/example_nested_branch_dag.py
[2023-05-01T23:53:05.838+0000] {processor.py:743} INFO - Processing file /home/airflow/.local/lib/python3.7/site-packages/airflow/example_dags/example_nested_branch_dag.py for tasks to queue
[2023-05-01T23:53:05.843+0000] {logging_mixin.py:137} INFO - [2023-05-01T23:53:05.842+0000] {dagbag.py:532} INFO - Filling up the DagBag from /home/airflow/.local/lib/python3.7/site-packages/airflow/example_dags/example_nested_branch_dag.py
[2023-05-01T23:53:06.004+0000] {processor.py:753} INFO - DAG(s) dict_keys(['example_nested_branch_dag']) retrieved from /home/airflow/.local/lib/python3.7/site-packages/airflow/example_dags/example_nested_branch_dag.py
[2023-05-01T23:53:06.144+0000] {logging_mixin.py:137} INFO - [2023-05-01T23:53:06.143+0000] {dag.py:2705} INFO - Sync 1 DAGs
[2023-05-01T23:53:06.458+0000] {logging_mixin.py:137} INFO - [2023-05-01T23:53:06.457+0000] {dag.py:3456} INFO - Setting next_dagrun for example_nested_branch_dag to 2023-04-30T00:00:00+00:00, run_after=2023-05-01T00:00:00+00:00
[2023-05-01T23:53:06.627+0000] {processor.py:175} INFO - Processing /home/airflow/.local/lib/python3.7/site-packages/airflow/example_dags/example_nested_branch_dag.py took 0.827 seconds
[2023-05-01T23:53:37.858+0000] {processor.py:153} INFO - Started process (PID=689) to work on /home/airflow/.local/lib/python3.7/site-packages/airflow/example_dags/example_nested_branch_dag.py
[2023-05-01T23:53:37.862+0000] {processor.py:743} INFO - Processing file /home/airflow/.local/lib/python3.7/site-packages/airflow/example_dags/example_nested_branch_dag.py for tasks to queue
[2023-05-01T23:53:37.866+0000] {logging_mixin.py:137} INFO - [2023-05-01T23:53:37.865+0000] {dagbag.py:532} INFO - Filling up the DagBag from /home/airflow/.local/lib/python3.7/site-packages/airflow/example_dags/example_nested_branch_dag.py
[2023-05-01T23:53:38.025+0000] {processor.py:753} INFO - DAG(s) dict_keys(['example_nested_branch_dag']) retrieved from /home/airflow/.local/lib/python3.7/site-packages/airflow/example_dags/example_nested_branch_dag.py
[2023-05-01T23:53:38.162+0000] {logging_mixin.py:137} INFO - [2023-05-01T23:53:38.161+0000] {dag.py:2705} INFO - Sync 1 DAGs
[2023-05-01T23:53:38.352+0000] {logging_mixin.py:137} INFO - [2023-05-01T23:53:38.351+0000] {dag.py:3456} INFO - Setting next_dagrun for example_nested_branch_dag to 2023-04-30T00:00:00+00:00, run_after=2023-05-01T00:00:00+00:00
[2023-05-01T23:53:38.483+0000] {processor.py:175} INFO - Processing /home/airflow/.local/lib/python3.7/site-packages/airflow/example_dags/example_nested_branch_dag.py took 0.635 seconds
[2023-05-01T23:54:08.714+0000] {processor.py:153} INFO - Started process (PID=785) to work on /home/airflow/.local/lib/python3.7/site-packages/airflow/example_dags/example_nested_branch_dag.py
[2023-05-01T23:54:08.718+0000] {processor.py:743} INFO - Processing file /home/airflow/.local/lib/python3.7/site-packages/airflow/example_dags/example_nested_branch_dag.py for tasks to queue
[2023-05-01T23:54:08.721+0000] {logging_mixin.py:137} INFO - [2023-05-01T23:54:08.720+0000] {dagbag.py:532} INFO - Filling up the DagBag from /home/airflow/.local/lib/python3.7/site-packages/airflow/example_dags/example_nested_branch_dag.py
[2023-05-01T23:54:08.866+0000] {processor.py:753} INFO - DAG(s) dict_keys(['example_nested_branch_dag']) retrieved from /home/airflow/.local/lib/python3.7/site-packages/airflow/example_dags/example_nested_branch_dag.py
[2023-05-01T23:54:09.012+0000] {logging_mixin.py:137} INFO - [2023-05-01T23:54:09.011+0000] {dag.py:2705} INFO - Sync 1 DAGs
[2023-05-01T23:54:09.204+0000] {logging_mixin.py:137} INFO - [2023-05-01T23:54:09.203+0000] {dag.py:3456} INFO - Setting next_dagrun for example_nested_branch_dag to 2023-04-30T00:00:00+00:00, run_after=2023-05-01T00:00:00+00:00
[2023-05-01T23:54:09.307+0000] {processor.py:175} INFO - Processing /home/airflow/.local/lib/python3.7/site-packages/airflow/example_dags/example_nested_branch_dag.py took 0.601 seconds
[2023-05-01T23:54:39.917+0000] {processor.py:153} INFO - Started process (PID=882) to work on /home/airflow/.local/lib/python3.7/site-packages/airflow/example_dags/example_nested_branch_dag.py
[2023-05-01T23:54:39.920+0000] {processor.py:743} INFO - Processing file /home/airflow/.local/lib/python3.7/site-packages/airflow/example_dags/example_nested_branch_dag.py for tasks to queue
[2023-05-01T23:54:39.924+0000] {logging_mixin.py:137} INFO - [2023-05-01T23:54:39.923+0000] {dagbag.py:532} INFO - Filling up the DagBag from /home/airflow/.local/lib/python3.7/site-packages/airflow/example_dags/example_nested_branch_dag.py
[2023-05-01T23:54:40.064+0000] {processor.py:753} INFO - DAG(s) dict_keys(['example_nested_branch_dag']) retrieved from /home/airflow/.local/lib/python3.7/site-packages/airflow/example_dags/example_nested_branch_dag.py
[2023-05-01T23:54:40.181+0000] {logging_mixin.py:137} INFO - [2023-05-01T23:54:40.180+0000] {dag.py:2705} INFO - Sync 1 DAGs
[2023-05-01T23:54:40.333+0000] {logging_mixin.py:137} INFO - [2023-05-01T23:54:40.332+0000] {dag.py:3456} INFO - Setting next_dagrun for example_nested_branch_dag to 2023-04-30T00:00:00+00:00, run_after=2023-05-01T00:00:00+00:00
[2023-05-01T23:54:40.423+0000] {processor.py:175} INFO - Processing /home/airflow/.local/lib/python3.7/site-packages/airflow/example_dags/example_nested_branch_dag.py took 0.514 seconds
[2023-05-01T23:55:16.184+0000] {processor.py:153} INFO - Started process (PID=982) to work on /home/airflow/.local/lib/python3.7/site-packages/airflow/example_dags/example_nested_branch_dag.py
[2023-05-01T23:55:16.187+0000] {processor.py:743} INFO - Processing file /home/airflow/.local/lib/python3.7/site-packages/airflow/example_dags/example_nested_branch_dag.py for tasks to queue
[2023-05-01T23:55:16.190+0000] {logging_mixin.py:137} INFO - [2023-05-01T23:55:16.190+0000] {dagbag.py:532} INFO - Filling up the DagBag from /home/airflow/.local/lib/python3.7/site-packages/airflow/example_dags/example_nested_branch_dag.py
[2023-05-01T23:55:16.311+0000] {processor.py:753} INFO - DAG(s) dict_keys(['example_nested_branch_dag']) retrieved from /home/airflow/.local/lib/python3.7/site-packages/airflow/example_dags/example_nested_branch_dag.py
[2023-05-01T23:55:16.424+0000] {logging_mixin.py:137} INFO - [2023-05-01T23:55:16.424+0000] {dag.py:2705} INFO - Sync 1 DAGs
[2023-05-01T23:55:16.592+0000] {logging_mixin.py:137} INFO - [2023-05-01T23:55:16.591+0000] {dag.py:3456} INFO - Setting next_dagrun for example_nested_branch_dag to 2023-04-30T00:00:00+00:00, run_after=2023-05-01T00:00:00+00:00
[2023-05-01T23:55:16.666+0000] {processor.py:175} INFO - Processing /home/airflow/.local/lib/python3.7/site-packages/airflow/example_dags/example_nested_branch_dag.py took 0.493 seconds
[2023-05-01T23:55:56.255+0000] {processor.py:153} INFO - Started process (PID=1095) to work on /home/airflow/.local/lib/python3.7/site-packages/airflow/example_dags/example_nested_branch_dag.py
[2023-05-01T23:55:56.259+0000] {processor.py:743} INFO - Processing file /home/airflow/.local/lib/python3.7/site-packages/airflow/example_dags/example_nested_branch_dag.py for tasks to queue
[2023-05-01T23:55:56.264+0000] {logging_mixin.py:137} INFO - [2023-05-01T23:55:56.263+0000] {dagbag.py:532} INFO - Filling up the DagBag from /home/airflow/.local/lib/python3.7/site-packages/airflow/example_dags/example_nested_branch_dag.py
[2023-05-01T23:55:56.449+0000] {processor.py:753} INFO - DAG(s) dict_keys(['example_nested_branch_dag']) retrieved from /home/airflow/.local/lib/python3.7/site-packages/airflow/example_dags/example_nested_branch_dag.py
[2023-05-01T23:55:56.604+0000] {logging_mixin.py:137} INFO - [2023-05-01T23:55:56.603+0000] {dag.py:2705} INFO - Sync 1 DAGs
[2023-05-01T23:55:56.810+0000] {logging_mixin.py:137} INFO - [2023-05-01T23:55:56.809+0000] {dag.py:3456} INFO - Setting next_dagrun for example_nested_branch_dag to 2023-04-30T00:00:00+00:00, run_after=2023-05-01T00:00:00+00:00
[2023-05-01T23:55:56.895+0000] {processor.py:175} INFO - Processing /home/airflow/.local/lib/python3.7/site-packages/airflow/example_dags/example_nested_branch_dag.py took 0.661 seconds
[2023-05-01T23:56:29.417+0000] {processor.py:153} INFO - Started process (PID=1199) to work on /home/airflow/.local/lib/python3.7/site-packages/airflow/example_dags/example_nested_branch_dag.py
[2023-05-01T23:56:29.420+0000] {processor.py:743} INFO - Processing file /home/airflow/.local/lib/python3.7/site-packages/airflow/example_dags/example_nested_branch_dag.py for tasks to queue
[2023-05-01T23:56:29.425+0000] {logging_mixin.py:137} INFO - [2023-05-01T23:56:29.425+0000] {dagbag.py:532} INFO - Filling up the DagBag from /home/airflow/.local/lib/python3.7/site-packages/airflow/example_dags/example_nested_branch_dag.py
[2023-05-01T23:56:29.598+0000] {processor.py:753} INFO - DAG(s) dict_keys(['example_nested_branch_dag']) retrieved from /home/airflow/.local/lib/python3.7/site-packages/airflow/example_dags/example_nested_branch_dag.py
[2023-05-01T23:56:29.742+0000] {logging_mixin.py:137} INFO - [2023-05-01T23:56:29.742+0000] {dag.py:2705} INFO - Sync 1 DAGs
[2023-05-01T23:56:29.938+0000] {logging_mixin.py:137} INFO - [2023-05-01T23:56:29.937+0000] {dag.py:3456} INFO - Setting next_dagrun for example_nested_branch_dag to 2023-04-30T00:00:00+00:00, run_after=2023-05-01T00:00:00+00:00
[2023-05-01T23:56:30.037+0000] {processor.py:175} INFO - Processing /home/airflow/.local/lib/python3.7/site-packages/airflow/example_dags/example_nested_branch_dag.py took 0.632 seconds
[2023-05-01T23:57:03.964+0000] {processor.py:153} INFO - Started process (PID=1295) to work on /home/airflow/.local/lib/python3.7/site-packages/airflow/example_dags/example_nested_branch_dag.py
[2023-05-01T23:57:03.968+0000] {processor.py:743} INFO - Processing file /home/airflow/.local/lib/python3.7/site-packages/airflow/example_dags/example_nested_branch_dag.py for tasks to queue
[2023-05-01T23:57:03.975+0000] {logging_mixin.py:137} INFO - [2023-05-01T23:57:03.975+0000] {dagbag.py:532} INFO - Filling up the DagBag from /home/airflow/.local/lib/python3.7/site-packages/airflow/example_dags/example_nested_branch_dag.py
[2023-05-01T23:57:04.136+0000] {processor.py:753} INFO - DAG(s) dict_keys(['example_nested_branch_dag']) retrieved from /home/airflow/.local/lib/python3.7/site-packages/airflow/example_dags/example_nested_branch_dag.py
[2023-05-01T23:57:04.283+0000] {logging_mixin.py:137} INFO - [2023-05-01T23:57:04.282+0000] {dag.py:2705} INFO - Sync 1 DAGs
[2023-05-01T23:57:04.556+0000] {logging_mixin.py:137} INFO - [2023-05-01T23:57:04.555+0000] {dag.py:3456} INFO - Setting next_dagrun for example_nested_branch_dag to 2023-04-30T00:00:00+00:00, run_after=2023-05-01T00:00:00+00:00
[2023-05-01T23:57:04.669+0000] {processor.py:175} INFO - Processing /home/airflow/.local/lib/python3.7/site-packages/airflow/example_dags/example_nested_branch_dag.py took 0.716 seconds
[2023-05-01T23:57:37.371+0000] {processor.py:153} INFO - Started process (PID=1397) to work on /home/airflow/.local/lib/python3.7/site-packages/airflow/example_dags/example_nested_branch_dag.py
[2023-05-01T23:57:37.375+0000] {processor.py:743} INFO - Processing file /home/airflow/.local/lib/python3.7/site-packages/airflow/example_dags/example_nested_branch_dag.py for tasks to queue
[2023-05-01T23:57:37.380+0000] {logging_mixin.py:137} INFO - [2023-05-01T23:57:37.380+0000] {dagbag.py:532} INFO - Filling up the DagBag from /home/airflow/.local/lib/python3.7/site-packages/airflow/example_dags/example_nested_branch_dag.py
[2023-05-01T23:57:37.528+0000] {processor.py:753} INFO - DAG(s) dict_keys(['example_nested_branch_dag']) retrieved from /home/airflow/.local/lib/python3.7/site-packages/airflow/example_dags/example_nested_branch_dag.py
[2023-05-01T23:57:37.750+0000] {logging_mixin.py:137} INFO - [2023-05-01T23:57:37.749+0000] {dag.py:2705} INFO - Sync 1 DAGs
[2023-05-01T23:57:38.175+0000] {logging_mixin.py:137} INFO - [2023-05-01T23:57:38.173+0000] {dag.py:3456} INFO - Setting next_dagrun for example_nested_branch_dag to 2023-04-30T00:00:00+00:00, run_after=2023-05-01T00:00:00+00:00
[2023-05-01T23:57:38.268+0000] {processor.py:175} INFO - Processing /home/airflow/.local/lib/python3.7/site-packages/airflow/example_dags/example_nested_branch_dag.py took 0.910 seconds
[2023-05-01T23:58:09.114+0000] {processor.py:153} INFO - Started process (PID=1493) to work on /home/airflow/.local/lib/python3.7/site-packages/airflow/example_dags/example_nested_branch_dag.py
[2023-05-01T23:58:09.117+0000] {processor.py:743} INFO - Processing file /home/airflow/.local/lib/python3.7/site-packages/airflow/example_dags/example_nested_branch_dag.py for tasks to queue
[2023-05-01T23:58:09.121+0000] {logging_mixin.py:137} INFO - [2023-05-01T23:58:09.120+0000] {dagbag.py:532} INFO - Filling up the DagBag from /home/airflow/.local/lib/python3.7/site-packages/airflow/example_dags/example_nested_branch_dag.py
[2023-05-01T23:58:09.259+0000] {processor.py:753} INFO - DAG(s) dict_keys(['example_nested_branch_dag']) retrieved from /home/airflow/.local/lib/python3.7/site-packages/airflow/example_dags/example_nested_branch_dag.py
[2023-05-01T23:58:09.383+0000] {logging_mixin.py:137} INFO - [2023-05-01T23:58:09.382+0000] {dag.py:2705} INFO - Sync 1 DAGs
[2023-05-01T23:58:09.565+0000] {logging_mixin.py:137} INFO - [2023-05-01T23:58:09.564+0000] {dag.py:3456} INFO - Setting next_dagrun for example_nested_branch_dag to 2023-04-30T00:00:00+00:00, run_after=2023-05-01T00:00:00+00:00
[2023-05-01T23:58:09.662+0000] {processor.py:175} INFO - Processing /home/airflow/.local/lib/python3.7/site-packages/airflow/example_dags/example_nested_branch_dag.py took 0.559 seconds
[2023-05-01T23:58:51.082+0000] {processor.py:153} INFO - Started process (PID=1596) to work on /home/airflow/.local/lib/python3.7/site-packages/airflow/example_dags/example_nested_branch_dag.py
[2023-05-01T23:58:51.085+0000] {processor.py:743} INFO - Processing file /home/airflow/.local/lib/python3.7/site-packages/airflow/example_dags/example_nested_branch_dag.py for tasks to queue
[2023-05-01T23:58:51.088+0000] {logging_mixin.py:137} INFO - [2023-05-01T23:58:51.087+0000] {dagbag.py:532} INFO - Filling up the DagBag from /home/airflow/.local/lib/python3.7/site-packages/airflow/example_dags/example_nested_branch_dag.py
[2023-05-01T23:58:51.215+0000] {processor.py:753} INFO - DAG(s) dict_keys(['example_nested_branch_dag']) retrieved from /home/airflow/.local/lib/python3.7/site-packages/airflow/example_dags/example_nested_branch_dag.py
[2023-05-01T23:58:51.346+0000] {logging_mixin.py:137} INFO - [2023-05-01T23:58:51.345+0000] {dag.py:2705} INFO - Sync 1 DAGs
[2023-05-01T23:58:51.510+0000] {logging_mixin.py:137} INFO - [2023-05-01T23:58:51.509+0000] {dag.py:3456} INFO - Setting next_dagrun for example_nested_branch_dag to 2023-04-30T00:00:00+00:00, run_after=2023-05-01T00:00:00+00:00
[2023-05-01T23:58:51.592+0000] {processor.py:175} INFO - Processing /home/airflow/.local/lib/python3.7/site-packages/airflow/example_dags/example_nested_branch_dag.py took 0.519 seconds
[2023-05-01T23:59:25.270+0000] {processor.py:153} INFO - Started process (PID=1691) to work on /home/airflow/.local/lib/python3.7/site-packages/airflow/example_dags/example_nested_branch_dag.py
[2023-05-01T23:59:25.301+0000] {processor.py:743} INFO - Processing file /home/airflow/.local/lib/python3.7/site-packages/airflow/example_dags/example_nested_branch_dag.py for tasks to queue
[2023-05-01T23:59:25.312+0000] {logging_mixin.py:137} INFO - [2023-05-01T23:59:25.311+0000] {dagbag.py:532} INFO - Filling up the DagBag from /home/airflow/.local/lib/python3.7/site-packages/airflow/example_dags/example_nested_branch_dag.py
[2023-05-01T23:59:25.639+0000] {processor.py:753} INFO - DAG(s) dict_keys(['example_nested_branch_dag']) retrieved from /home/airflow/.local/lib/python3.7/site-packages/airflow/example_dags/example_nested_branch_dag.py
[2023-05-01T23:59:25.811+0000] {logging_mixin.py:137} INFO - [2023-05-01T23:59:25.810+0000] {dag.py:2705} INFO - Sync 1 DAGs
[2023-05-01T23:59:26.253+0000] {logging_mixin.py:137} INFO - [2023-05-01T23:59:26.251+0000] {dag.py:3456} INFO - Setting next_dagrun for example_nested_branch_dag to 2023-04-30T00:00:00+00:00, run_after=2023-05-01T00:00:00+00:00
[2023-05-01T23:59:26.409+0000] {processor.py:175} INFO - Processing /home/airflow/.local/lib/python3.7/site-packages/airflow/example_dags/example_nested_branch_dag.py took 1.188 seconds
[2023-05-01T23:59:58.113+0000] {processor.py:153} INFO - Started process (PID=1789) to work on /home/airflow/.local/lib/python3.7/site-packages/airflow/example_dags/example_nested_branch_dag.py
[2023-05-01T23:59:58.117+0000] {processor.py:743} INFO - Processing file /home/airflow/.local/lib/python3.7/site-packages/airflow/example_dags/example_nested_branch_dag.py for tasks to queue
[2023-05-01T23:59:58.123+0000] {logging_mixin.py:137} INFO - [2023-05-01T23:59:58.122+0000] {dagbag.py:532} INFO - Filling up the DagBag from /home/airflow/.local/lib/python3.7/site-packages/airflow/example_dags/example_nested_branch_dag.py
[2023-05-01T23:59:58.272+0000] {processor.py:753} INFO - DAG(s) dict_keys(['example_nested_branch_dag']) retrieved from /home/airflow/.local/lib/python3.7/site-packages/airflow/example_dags/example_nested_branch_dag.py
[2023-05-01T23:59:58.387+0000] {logging_mixin.py:137} INFO - [2023-05-01T23:59:58.386+0000] {dag.py:2705} INFO - Sync 1 DAGs
[2023-05-01T23:59:58.539+0000] {logging_mixin.py:137} INFO - [2023-05-01T23:59:58.538+0000] {dag.py:3456} INFO - Setting next_dagrun for example_nested_branch_dag to 2023-04-30T00:00:00+00:00, run_after=2023-05-01T00:00:00+00:00
[2023-05-01T23:59:58.620+0000] {processor.py:175} INFO - Processing /home/airflow/.local/lib/python3.7/site-packages/airflow/example_dags/example_nested_branch_dag.py took 0.521 seconds
