[2023-05-01T23:50:04.765+0000] {processor.py:153} INFO - Started process (PID=166) to work on /home/airflow/.local/lib/python3.7/site-packages/airflow/example_dags/example_latest_only_with_trigger.py
[2023-05-01T23:50:04.773+0000] {processor.py:743} INFO - Processing file /home/airflow/.local/lib/python3.7/site-packages/airflow/example_dags/example_latest_only_with_trigger.py for tasks to queue
[2023-05-01T23:50:04.786+0000] {logging_mixin.py:137} INFO - [2023-05-01T23:50:04.782+0000] {dagbag.py:532} INFO - Filling up the DagBag from /home/airflow/.local/lib/python3.7/site-packages/airflow/example_dags/example_latest_only_with_trigger.py
[2023-05-01T23:50:05.065+0000] {processor.py:753} INFO - DAG(s) dict_keys(['latest_only_with_trigger']) retrieved from /home/airflow/.local/lib/python3.7/site-packages/airflow/example_dags/example_latest_only_with_trigger.py
[2023-05-01T23:50:05.386+0000] {logging_mixin.py:137} INFO - [2023-05-01T23:50:05.367+0000] {dag.py:2705} INFO - Sync 1 DAGs
[2023-05-01T23:50:05.879+0000] {logging_mixin.py:137} INFO - [2023-05-01T23:50:05.878+0000] {dag.py:3456} INFO - Setting next_dagrun for latest_only_with_trigger to 2023-05-01T19:50:05.876205+00:00, run_after=2023-05-01T23:50:05.876205+00:00
[2023-05-01T23:50:06.220+0000] {processor.py:175} INFO - Processing /home/airflow/.local/lib/python3.7/site-packages/airflow/example_dags/example_latest_only_with_trigger.py took 1.505 seconds
[2023-05-01T23:51:10.017+0000] {processor.py:153} INFO - Started process (PID=270) to work on /home/airflow/.local/lib/python3.7/site-packages/airflow/example_dags/example_latest_only_with_trigger.py
[2023-05-01T23:51:10.024+0000] {processor.py:743} INFO - Processing file /home/airflow/.local/lib/python3.7/site-packages/airflow/example_dags/example_latest_only_with_trigger.py for tasks to queue
[2023-05-01T23:51:10.032+0000] {logging_mixin.py:137} INFO - [2023-05-01T23:51:10.031+0000] {dagbag.py:532} INFO - Filling up the DagBag from /home/airflow/.local/lib/python3.7/site-packages/airflow/example_dags/example_latest_only_with_trigger.py
[2023-05-01T23:51:10.248+0000] {processor.py:753} INFO - DAG(s) dict_keys(['latest_only_with_trigger']) retrieved from /home/airflow/.local/lib/python3.7/site-packages/airflow/example_dags/example_latest_only_with_trigger.py
[2023-05-01T23:51:10.815+0000] {logging_mixin.py:137} INFO - [2023-05-01T23:51:10.814+0000] {dag.py:2705} INFO - Sync 1 DAGs
[2023-05-01T23:51:11.582+0000] {logging_mixin.py:137} INFO - [2023-05-01T23:51:11.580+0000] {dag.py:3456} INFO - Setting next_dagrun for latest_only_with_trigger to 2023-05-01T19:51:11.569716+00:00, run_after=2023-05-01T23:51:11.569716+00:00
[2023-05-01T23:51:11.892+0000] {processor.py:175} INFO - Processing /home/airflow/.local/lib/python3.7/site-packages/airflow/example_dags/example_latest_only_with_trigger.py took 1.890 seconds
[2023-05-01T23:51:49.998+0000] {processor.py:153} INFO - Started process (PID=366) to work on /home/airflow/.local/lib/python3.7/site-packages/airflow/example_dags/example_latest_only_with_trigger.py
[2023-05-01T23:51:50.005+0000] {processor.py:743} INFO - Processing file /home/airflow/.local/lib/python3.7/site-packages/airflow/example_dags/example_latest_only_with_trigger.py for tasks to queue
[2023-05-01T23:51:50.014+0000] {logging_mixin.py:137} INFO - [2023-05-01T23:51:50.012+0000] {dagbag.py:532} INFO - Filling up the DagBag from /home/airflow/.local/lib/python3.7/site-packages/airflow/example_dags/example_latest_only_with_trigger.py
[2023-05-01T23:51:50.133+0000] {processor.py:753} INFO - DAG(s) dict_keys(['latest_only_with_trigger']) retrieved from /home/airflow/.local/lib/python3.7/site-packages/airflow/example_dags/example_latest_only_with_trigger.py
[2023-05-01T23:51:50.438+0000] {logging_mixin.py:137} INFO - [2023-05-01T23:51:50.437+0000] {dag.py:2705} INFO - Sync 1 DAGs
[2023-05-01T23:51:50.653+0000] {logging_mixin.py:137} INFO - [2023-05-01T23:51:50.651+0000] {dag.py:3456} INFO - Setting next_dagrun for latest_only_with_trigger to 2023-05-01T19:51:50.647516+00:00, run_after=2023-05-01T23:51:50.647516+00:00
[2023-05-01T23:51:51.059+0000] {processor.py:175} INFO - Processing /home/airflow/.local/lib/python3.7/site-packages/airflow/example_dags/example_latest_only_with_trigger.py took 1.076 seconds
[2023-05-01T23:52:21.619+0000] {processor.py:153} INFO - Started process (PID=460) to work on /home/airflow/.local/lib/python3.7/site-packages/airflow/example_dags/example_latest_only_with_trigger.py
[2023-05-01T23:52:21.626+0000] {processor.py:743} INFO - Processing file /home/airflow/.local/lib/python3.7/site-packages/airflow/example_dags/example_latest_only_with_trigger.py for tasks to queue
[2023-05-01T23:52:21.635+0000] {logging_mixin.py:137} INFO - [2023-05-01T23:52:21.632+0000] {dagbag.py:532} INFO - Filling up the DagBag from /home/airflow/.local/lib/python3.7/site-packages/airflow/example_dags/example_latest_only_with_trigger.py
[2023-05-01T23:52:21.807+0000] {processor.py:753} INFO - DAG(s) dict_keys(['latest_only_with_trigger']) retrieved from /home/airflow/.local/lib/python3.7/site-packages/airflow/example_dags/example_latest_only_with_trigger.py
[2023-05-01T23:52:22.010+0000] {logging_mixin.py:137} INFO - [2023-05-01T23:52:22.008+0000] {dag.py:2705} INFO - Sync 1 DAGs
[2023-05-01T23:52:22.410+0000] {logging_mixin.py:137} INFO - [2023-05-01T23:52:22.407+0000] {dag.py:3456} INFO - Setting next_dagrun for latest_only_with_trigger to 2023-05-01T19:52:22.400709+00:00, run_after=2023-05-01T23:52:22.400709+00:00
[2023-05-01T23:52:22.717+0000] {processor.py:175} INFO - Processing /home/airflow/.local/lib/python3.7/site-packages/airflow/example_dags/example_latest_only_with_trigger.py took 1.124 seconds
[2023-05-01T23:52:53.129+0000] {processor.py:153} INFO - Started process (PID=563) to work on /home/airflow/.local/lib/python3.7/site-packages/airflow/example_dags/example_latest_only_with_trigger.py
[2023-05-01T23:52:53.135+0000] {processor.py:743} INFO - Processing file /home/airflow/.local/lib/python3.7/site-packages/airflow/example_dags/example_latest_only_with_trigger.py for tasks to queue
[2023-05-01T23:52:53.141+0000] {logging_mixin.py:137} INFO - [2023-05-01T23:52:53.140+0000] {dagbag.py:532} INFO - Filling up the DagBag from /home/airflow/.local/lib/python3.7/site-packages/airflow/example_dags/example_latest_only_with_trigger.py
[2023-05-01T23:52:53.227+0000] {processor.py:753} INFO - DAG(s) dict_keys(['latest_only_with_trigger']) retrieved from /home/airflow/.local/lib/python3.7/site-packages/airflow/example_dags/example_latest_only_with_trigger.py
[2023-05-01T23:52:53.333+0000] {logging_mixin.py:137} INFO - [2023-05-01T23:52:53.333+0000] {dag.py:2705} INFO - Sync 1 DAGs
[2023-05-01T23:52:53.467+0000] {logging_mixin.py:137} INFO - [2023-05-01T23:52:53.466+0000] {dag.py:3456} INFO - Setting next_dagrun for latest_only_with_trigger to 2023-05-01T19:52:53.465450+00:00, run_after=2023-05-01T23:52:53.465450+00:00
[2023-05-01T23:52:53.547+0000] {processor.py:175} INFO - Processing /home/airflow/.local/lib/python3.7/site-packages/airflow/example_dags/example_latest_only_with_trigger.py took 0.435 seconds
[2023-05-01T23:53:24.042+0000] {processor.py:153} INFO - Started process (PID=659) to work on /home/airflow/.local/lib/python3.7/site-packages/airflow/example_dags/example_latest_only_with_trigger.py
[2023-05-01T23:53:24.046+0000] {processor.py:743} INFO - Processing file /home/airflow/.local/lib/python3.7/site-packages/airflow/example_dags/example_latest_only_with_trigger.py for tasks to queue
[2023-05-01T23:53:24.052+0000] {logging_mixin.py:137} INFO - [2023-05-01T23:53:24.051+0000] {dagbag.py:532} INFO - Filling up the DagBag from /home/airflow/.local/lib/python3.7/site-packages/airflow/example_dags/example_latest_only_with_trigger.py
[2023-05-01T23:53:24.132+0000] {processor.py:753} INFO - DAG(s) dict_keys(['latest_only_with_trigger']) retrieved from /home/airflow/.local/lib/python3.7/site-packages/airflow/example_dags/example_latest_only_with_trigger.py
[2023-05-01T23:53:24.228+0000] {logging_mixin.py:137} INFO - [2023-05-01T23:53:24.228+0000] {dag.py:2705} INFO - Sync 1 DAGs
[2023-05-01T23:53:24.359+0000] {logging_mixin.py:137} INFO - [2023-05-01T23:53:24.358+0000] {dag.py:3456} INFO - Setting next_dagrun for latest_only_with_trigger to 2023-05-01T19:53:24.356654+00:00, run_after=2023-05-01T23:53:24.356654+00:00
[2023-05-01T23:53:24.436+0000] {processor.py:175} INFO - Processing /home/airflow/.local/lib/python3.7/site-packages/airflow/example_dags/example_latest_only_with_trigger.py took 0.406 seconds
[2023-05-01T23:54:00.443+0000] {processor.py:153} INFO - Started process (PID=757) to work on /home/airflow/.local/lib/python3.7/site-packages/airflow/example_dags/example_latest_only_with_trigger.py
[2023-05-01T23:54:00.455+0000] {processor.py:743} INFO - Processing file /home/airflow/.local/lib/python3.7/site-packages/airflow/example_dags/example_latest_only_with_trigger.py for tasks to queue
[2023-05-01T23:54:00.486+0000] {logging_mixin.py:137} INFO - [2023-05-01T23:54:00.481+0000] {dagbag.py:532} INFO - Filling up the DagBag from /home/airflow/.local/lib/python3.7/site-packages/airflow/example_dags/example_latest_only_with_trigger.py
[2023-05-01T23:54:00.596+0000] {processor.py:753} INFO - DAG(s) dict_keys(['latest_only_with_trigger']) retrieved from /home/airflow/.local/lib/python3.7/site-packages/airflow/example_dags/example_latest_only_with_trigger.py
[2023-05-01T23:54:00.759+0000] {logging_mixin.py:137} INFO - [2023-05-01T23:54:00.758+0000] {dag.py:2705} INFO - Sync 1 DAGs
[2023-05-01T23:54:00.931+0000] {logging_mixin.py:137} INFO - [2023-05-01T23:54:00.930+0000] {dag.py:3456} INFO - Setting next_dagrun for latest_only_with_trigger to 2023-05-01T19:54:00.927970+00:00, run_after=2023-05-01T23:54:00.927970+00:00
[2023-05-01T23:54:01.028+0000] {processor.py:175} INFO - Processing /home/airflow/.local/lib/python3.7/site-packages/airflow/example_dags/example_latest_only_with_trigger.py took 0.595 seconds
[2023-05-01T23:54:35.968+0000] {processor.py:153} INFO - Started process (PID=854) to work on /home/airflow/.local/lib/python3.7/site-packages/airflow/example_dags/example_latest_only_with_trigger.py
[2023-05-01T23:54:35.975+0000] {processor.py:743} INFO - Processing file /home/airflow/.local/lib/python3.7/site-packages/airflow/example_dags/example_latest_only_with_trigger.py for tasks to queue
[2023-05-01T23:54:35.981+0000] {logging_mixin.py:137} INFO - [2023-05-01T23:54:35.980+0000] {dagbag.py:532} INFO - Filling up the DagBag from /home/airflow/.local/lib/python3.7/site-packages/airflow/example_dags/example_latest_only_with_trigger.py
[2023-05-01T23:54:36.066+0000] {processor.py:753} INFO - DAG(s) dict_keys(['latest_only_with_trigger']) retrieved from /home/airflow/.local/lib/python3.7/site-packages/airflow/example_dags/example_latest_only_with_trigger.py
[2023-05-01T23:54:36.183+0000] {logging_mixin.py:137} INFO - [2023-05-01T23:54:36.182+0000] {dag.py:2705} INFO - Sync 1 DAGs
[2023-05-01T23:54:36.321+0000] {logging_mixin.py:137} INFO - [2023-05-01T23:54:36.320+0000] {dag.py:3456} INFO - Setting next_dagrun for latest_only_with_trigger to 2023-05-01T19:54:36.319035+00:00, run_after=2023-05-01T23:54:36.319035+00:00
[2023-05-01T23:54:36.397+0000] {processor.py:175} INFO - Processing /home/airflow/.local/lib/python3.7/site-packages/airflow/example_dags/example_latest_only_with_trigger.py took 0.443 seconds
[2023-05-01T23:55:10.353+0000] {processor.py:153} INFO - Started process (PID=950) to work on /home/airflow/.local/lib/python3.7/site-packages/airflow/example_dags/example_latest_only_with_trigger.py
[2023-05-01T23:55:10.359+0000] {processor.py:743} INFO - Processing file /home/airflow/.local/lib/python3.7/site-packages/airflow/example_dags/example_latest_only_with_trigger.py for tasks to queue
[2023-05-01T23:55:10.371+0000] {logging_mixin.py:137} INFO - [2023-05-01T23:55:10.369+0000] {dagbag.py:532} INFO - Filling up the DagBag from /home/airflow/.local/lib/python3.7/site-packages/airflow/example_dags/example_latest_only_with_trigger.py
[2023-05-01T23:55:10.548+0000] {processor.py:753} INFO - DAG(s) dict_keys(['latest_only_with_trigger']) retrieved from /home/airflow/.local/lib/python3.7/site-packages/airflow/example_dags/example_latest_only_with_trigger.py
[2023-05-01T23:55:10.750+0000] {logging_mixin.py:137} INFO - [2023-05-01T23:55:10.748+0000] {dag.py:2705} INFO - Sync 1 DAGs
[2023-05-01T23:55:10.908+0000] {logging_mixin.py:137} INFO - [2023-05-01T23:55:10.907+0000] {dag.py:3456} INFO - Setting next_dagrun for latest_only_with_trigger to 2023-05-01T19:55:10.904727+00:00, run_after=2023-05-01T23:55:10.904727+00:00
[2023-05-01T23:55:11.003+0000] {processor.py:175} INFO - Processing /home/airflow/.local/lib/python3.7/site-packages/airflow/example_dags/example_latest_only_with_trigger.py took 0.666 seconds
[2023-05-01T23:55:41.142+0000] {processor.py:153} INFO - Started process (PID=1044) to work on /home/airflow/.local/lib/python3.7/site-packages/airflow/example_dags/example_latest_only_with_trigger.py
[2023-05-01T23:55:41.147+0000] {processor.py:743} INFO - Processing file /home/airflow/.local/lib/python3.7/site-packages/airflow/example_dags/example_latest_only_with_trigger.py for tasks to queue
[2023-05-01T23:55:41.153+0000] {logging_mixin.py:137} INFO - [2023-05-01T23:55:41.152+0000] {dagbag.py:532} INFO - Filling up the DagBag from /home/airflow/.local/lib/python3.7/site-packages/airflow/example_dags/example_latest_only_with_trigger.py
[2023-05-01T23:55:41.228+0000] {processor.py:753} INFO - DAG(s) dict_keys(['latest_only_with_trigger']) retrieved from /home/airflow/.local/lib/python3.7/site-packages/airflow/example_dags/example_latest_only_with_trigger.py
[2023-05-01T23:55:41.392+0000] {logging_mixin.py:137} INFO - [2023-05-01T23:55:41.391+0000] {dag.py:2705} INFO - Sync 1 DAGs
[2023-05-01T23:55:41.566+0000] {logging_mixin.py:137} INFO - [2023-05-01T23:55:41.565+0000] {dag.py:3456} INFO - Setting next_dagrun for latest_only_with_trigger to 2023-05-01T19:55:41.563211+00:00, run_after=2023-05-01T23:55:41.563211+00:00
[2023-05-01T23:55:41.664+0000] {processor.py:175} INFO - Processing /home/airflow/.local/lib/python3.7/site-packages/airflow/example_dags/example_latest_only_with_trigger.py took 0.541 seconds
[2023-05-01T23:56:12.082+0000] {processor.py:153} INFO - Started process (PID=1140) to work on /home/airflow/.local/lib/python3.7/site-packages/airflow/example_dags/example_latest_only_with_trigger.py
[2023-05-01T23:56:12.086+0000] {processor.py:743} INFO - Processing file /home/airflow/.local/lib/python3.7/site-packages/airflow/example_dags/example_latest_only_with_trigger.py for tasks to queue
[2023-05-01T23:56:12.091+0000] {logging_mixin.py:137} INFO - [2023-05-01T23:56:12.090+0000] {dagbag.py:532} INFO - Filling up the DagBag from /home/airflow/.local/lib/python3.7/site-packages/airflow/example_dags/example_latest_only_with_trigger.py
[2023-05-01T23:56:12.168+0000] {processor.py:753} INFO - DAG(s) dict_keys(['latest_only_with_trigger']) retrieved from /home/airflow/.local/lib/python3.7/site-packages/airflow/example_dags/example_latest_only_with_trigger.py
[2023-05-01T23:56:12.287+0000] {logging_mixin.py:137} INFO - [2023-05-01T23:56:12.286+0000] {dag.py:2705} INFO - Sync 1 DAGs
[2023-05-01T23:56:12.430+0000] {logging_mixin.py:137} INFO - [2023-05-01T23:56:12.429+0000] {dag.py:3456} INFO - Setting next_dagrun for latest_only_with_trigger to 2023-05-01T19:56:12.427983+00:00, run_after=2023-05-01T23:56:12.427983+00:00
[2023-05-01T23:56:12.511+0000] {processor.py:175} INFO - Processing /home/airflow/.local/lib/python3.7/site-packages/airflow/example_dags/example_latest_only_with_trigger.py took 0.440 seconds
[2023-05-01T23:56:42.822+0000] {processor.py:153} INFO - Started process (PID=1236) to work on /home/airflow/.local/lib/python3.7/site-packages/airflow/example_dags/example_latest_only_with_trigger.py
[2023-05-01T23:56:42.825+0000] {processor.py:743} INFO - Processing file /home/airflow/.local/lib/python3.7/site-packages/airflow/example_dags/example_latest_only_with_trigger.py for tasks to queue
[2023-05-01T23:56:42.830+0000] {logging_mixin.py:137} INFO - [2023-05-01T23:56:42.830+0000] {dagbag.py:532} INFO - Filling up the DagBag from /home/airflow/.local/lib/python3.7/site-packages/airflow/example_dags/example_latest_only_with_trigger.py
[2023-05-01T23:56:42.900+0000] {processor.py:753} INFO - DAG(s) dict_keys(['latest_only_with_trigger']) retrieved from /home/airflow/.local/lib/python3.7/site-packages/airflow/example_dags/example_latest_only_with_trigger.py
[2023-05-01T23:56:43.018+0000] {logging_mixin.py:137} INFO - [2023-05-01T23:56:43.017+0000] {dag.py:2705} INFO - Sync 1 DAGs
[2023-05-01T23:56:43.218+0000] {logging_mixin.py:137} INFO - [2023-05-01T23:56:43.214+0000] {dag.py:3456} INFO - Setting next_dagrun for latest_only_with_trigger to 2023-05-01T19:56:43.210725+00:00, run_after=2023-05-01T23:56:43.210725+00:00
[2023-05-01T23:56:43.333+0000] {processor.py:175} INFO - Processing /home/airflow/.local/lib/python3.7/site-packages/airflow/example_dags/example_latest_only_with_trigger.py took 0.524 seconds
[2023-05-01T23:57:14.295+0000] {processor.py:153} INFO - Started process (PID=1332) to work on /home/airflow/.local/lib/python3.7/site-packages/airflow/example_dags/example_latest_only_with_trigger.py
[2023-05-01T23:57:14.301+0000] {processor.py:743} INFO - Processing file /home/airflow/.local/lib/python3.7/site-packages/airflow/example_dags/example_latest_only_with_trigger.py for tasks to queue
[2023-05-01T23:57:14.312+0000] {logging_mixin.py:137} INFO - [2023-05-01T23:57:14.311+0000] {dagbag.py:532} INFO - Filling up the DagBag from /home/airflow/.local/lib/python3.7/site-packages/airflow/example_dags/example_latest_only_with_trigger.py
[2023-05-01T23:57:14.446+0000] {processor.py:753} INFO - DAG(s) dict_keys(['latest_only_with_trigger']) retrieved from /home/airflow/.local/lib/python3.7/site-packages/airflow/example_dags/example_latest_only_with_trigger.py
[2023-05-01T23:57:14.721+0000] {logging_mixin.py:137} INFO - [2023-05-01T23:57:14.720+0000] {dag.py:2705} INFO - Sync 1 DAGs
[2023-05-01T23:57:14.928+0000] {logging_mixin.py:137} INFO - [2023-05-01T23:57:14.926+0000] {dag.py:3456} INFO - Setting next_dagrun for latest_only_with_trigger to 2023-05-01T19:57:14.923803+00:00, run_after=2023-05-01T23:57:14.923803+00:00
[2023-05-01T23:57:15.104+0000] {processor.py:175} INFO - Processing /home/airflow/.local/lib/python3.7/site-packages/airflow/example_dags/example_latest_only_with_trigger.py took 0.822 seconds
[2023-05-01T23:57:45.347+0000] {processor.py:153} INFO - Started process (PID=1425) to work on /home/airflow/.local/lib/python3.7/site-packages/airflow/example_dags/example_latest_only_with_trigger.py
[2023-05-01T23:57:45.351+0000] {processor.py:743} INFO - Processing file /home/airflow/.local/lib/python3.7/site-packages/airflow/example_dags/example_latest_only_with_trigger.py for tasks to queue
[2023-05-01T23:57:45.358+0000] {logging_mixin.py:137} INFO - [2023-05-01T23:57:45.356+0000] {dagbag.py:532} INFO - Filling up the DagBag from /home/airflow/.local/lib/python3.7/site-packages/airflow/example_dags/example_latest_only_with_trigger.py
[2023-05-01T23:57:45.501+0000] {processor.py:753} INFO - DAG(s) dict_keys(['latest_only_with_trigger']) retrieved from /home/airflow/.local/lib/python3.7/site-packages/airflow/example_dags/example_latest_only_with_trigger.py
[2023-05-01T23:57:45.691+0000] {logging_mixin.py:137} INFO - [2023-05-01T23:57:45.690+0000] {dag.py:2705} INFO - Sync 1 DAGs
[2023-05-01T23:57:45.931+0000] {logging_mixin.py:137} INFO - [2023-05-01T23:57:45.930+0000] {dag.py:3456} INFO - Setting next_dagrun for latest_only_with_trigger to 2023-05-01T19:57:45.928021+00:00, run_after=2023-05-01T23:57:45.928021+00:00
[2023-05-01T23:57:46.074+0000] {processor.py:175} INFO - Processing /home/airflow/.local/lib/python3.7/site-packages/airflow/example_dags/example_latest_only_with_trigger.py took 0.742 seconds
[2023-05-01T23:58:16.469+0000] {processor.py:153} INFO - Started process (PID=1521) to work on /home/airflow/.local/lib/python3.7/site-packages/airflow/example_dags/example_latest_only_with_trigger.py
[2023-05-01T23:58:16.473+0000] {processor.py:743} INFO - Processing file /home/airflow/.local/lib/python3.7/site-packages/airflow/example_dags/example_latest_only_with_trigger.py for tasks to queue
[2023-05-01T23:58:16.478+0000] {logging_mixin.py:137} INFO - [2023-05-01T23:58:16.477+0000] {dagbag.py:532} INFO - Filling up the DagBag from /home/airflow/.local/lib/python3.7/site-packages/airflow/example_dags/example_latest_only_with_trigger.py
[2023-05-01T23:58:16.561+0000] {processor.py:753} INFO - DAG(s) dict_keys(['latest_only_with_trigger']) retrieved from /home/airflow/.local/lib/python3.7/site-packages/airflow/example_dags/example_latest_only_with_trigger.py
[2023-05-01T23:58:16.744+0000] {logging_mixin.py:137} INFO - [2023-05-01T23:58:16.743+0000] {dag.py:2705} INFO - Sync 1 DAGs
[2023-05-01T23:58:16.908+0000] {logging_mixin.py:137} INFO - [2023-05-01T23:58:16.907+0000] {dag.py:3456} INFO - Setting next_dagrun for latest_only_with_trigger to 2023-05-01T19:58:16.905722+00:00, run_after=2023-05-01T23:58:16.905722+00:00
[2023-05-01T23:58:17.003+0000] {processor.py:175} INFO - Processing /home/airflow/.local/lib/python3.7/site-packages/airflow/example_dags/example_latest_only_with_trigger.py took 0.544 seconds
[2023-05-01T23:58:54.122+0000] {processor.py:153} INFO - Started process (PID=1620) to work on /home/airflow/.local/lib/python3.7/site-packages/airflow/example_dags/example_latest_only_with_trigger.py
[2023-05-01T23:58:54.125+0000] {processor.py:743} INFO - Processing file /home/airflow/.local/lib/python3.7/site-packages/airflow/example_dags/example_latest_only_with_trigger.py for tasks to queue
[2023-05-01T23:58:54.129+0000] {logging_mixin.py:137} INFO - [2023-05-01T23:58:54.128+0000] {dagbag.py:532} INFO - Filling up the DagBag from /home/airflow/.local/lib/python3.7/site-packages/airflow/example_dags/example_latest_only_with_trigger.py
[2023-05-01T23:58:54.198+0000] {processor.py:753} INFO - DAG(s) dict_keys(['latest_only_with_trigger']) retrieved from /home/airflow/.local/lib/python3.7/site-packages/airflow/example_dags/example_latest_only_with_trigger.py
[2023-05-01T23:58:54.309+0000] {logging_mixin.py:137} INFO - [2023-05-01T23:58:54.308+0000] {dag.py:2705} INFO - Sync 1 DAGs
[2023-05-01T23:58:54.452+0000] {logging_mixin.py:137} INFO - [2023-05-01T23:58:54.451+0000] {dag.py:3456} INFO - Setting next_dagrun for latest_only_with_trigger to 2023-05-01T19:58:54.449911+00:00, run_after=2023-05-01T23:58:54.449911+00:00
[2023-05-01T23:58:54.541+0000] {processor.py:175} INFO - Processing /home/airflow/.local/lib/python3.7/site-packages/airflow/example_dags/example_latest_only_with_trigger.py took 0.427 seconds
[2023-05-01T23:59:28.926+0000] {processor.py:153} INFO - Started process (PID=1707) to work on /home/airflow/.local/lib/python3.7/site-packages/airflow/example_dags/example_latest_only_with_trigger.py
[2023-05-01T23:59:28.929+0000] {processor.py:743} INFO - Processing file /home/airflow/.local/lib/python3.7/site-packages/airflow/example_dags/example_latest_only_with_trigger.py for tasks to queue
[2023-05-01T23:59:28.932+0000] {logging_mixin.py:137} INFO - [2023-05-01T23:59:28.931+0000] {dagbag.py:532} INFO - Filling up the DagBag from /home/airflow/.local/lib/python3.7/site-packages/airflow/example_dags/example_latest_only_with_trigger.py
[2023-05-01T23:59:28.990+0000] {processor.py:753} INFO - DAG(s) dict_keys(['latest_only_with_trigger']) retrieved from /home/airflow/.local/lib/python3.7/site-packages/airflow/example_dags/example_latest_only_with_trigger.py
[2023-05-01T23:59:29.154+0000] {logging_mixin.py:137} INFO - [2023-05-01T23:59:29.153+0000] {dag.py:2705} INFO - Sync 1 DAGs
[2023-05-01T23:59:29.349+0000] {logging_mixin.py:137} INFO - [2023-05-01T23:59:29.348+0000] {dag.py:3456} INFO - Setting next_dagrun for latest_only_with_trigger to 2023-05-01T19:59:29.346200+00:00, run_after=2023-05-01T23:59:29.346200+00:00
[2023-05-01T23:59:29.446+0000] {processor.py:175} INFO - Processing /home/airflow/.local/lib/python3.7/site-packages/airflow/example_dags/example_latest_only_with_trigger.py took 0.530 seconds
