[2023-05-01T23:50:02.351+0000] {processor.py:153} INFO - Started process (PID=160) to work on /home/airflow/.local/lib/python3.7/site-packages/airflow/example_dags/example_sensors.py
[2023-05-01T23:50:02.366+0000] {processor.py:743} INFO - Processing file /home/airflow/.local/lib/python3.7/site-packages/airflow/example_dags/example_sensors.py for tasks to queue
[2023-05-01T23:50:02.374+0000] {logging_mixin.py:137} INFO - [2023-05-01T23:50:02.373+0000] {dagbag.py:532} INFO - Filling up the DagBag from /home/airflow/.local/lib/python3.7/site-packages/airflow/example_dags/example_sensors.py
[2023-05-01T23:50:02.826+0000] {processor.py:753} INFO - DAG(s) dict_keys(['example_sensors']) retrieved from /home/airflow/.local/lib/python3.7/site-packages/airflow/example_dags/example_sensors.py
[2023-05-01T23:50:03.309+0000] {logging_mixin.py:137} INFO - [2023-05-01T23:50:03.308+0000] {dag.py:2705} INFO - Sync 1 DAGs
[2023-05-01T23:50:03.696+0000] {logging_mixin.py:137} INFO - [2023-05-01T23:50:03.693+0000] {dag.py:3456} INFO - Setting next_dagrun for example_sensors to None, run_after=None
[2023-05-01T23:50:03.907+0000] {processor.py:175} INFO - Processing /home/airflow/.local/lib/python3.7/site-packages/airflow/example_dags/example_sensors.py took 1.602 seconds
[2023-05-01T23:51:07.433+0000] {processor.py:153} INFO - Started process (PID=264) to work on /home/airflow/.local/lib/python3.7/site-packages/airflow/example_dags/example_sensors.py
[2023-05-01T23:51:07.449+0000] {processor.py:743} INFO - Processing file /home/airflow/.local/lib/python3.7/site-packages/airflow/example_dags/example_sensors.py for tasks to queue
[2023-05-01T23:51:07.455+0000] {logging_mixin.py:137} INFO - [2023-05-01T23:51:07.454+0000] {dagbag.py:532} INFO - Filling up the DagBag from /home/airflow/.local/lib/python3.7/site-packages/airflow/example_dags/example_sensors.py
[2023-05-01T23:51:07.864+0000] {processor.py:753} INFO - DAG(s) dict_keys(['example_sensors']) retrieved from /home/airflow/.local/lib/python3.7/site-packages/airflow/example_dags/example_sensors.py
[2023-05-01T23:51:08.634+0000] {logging_mixin.py:137} INFO - [2023-05-01T23:51:08.626+0000] {dag.py:2705} INFO - Sync 1 DAGs
[2023-05-01T23:51:09.435+0000] {logging_mixin.py:137} INFO - [2023-05-01T23:51:09.433+0000] {dag.py:3456} INFO - Setting next_dagrun for example_sensors to None, run_after=None
[2023-05-01T23:51:09.818+0000] {processor.py:175} INFO - Processing /home/airflow/.local/lib/python3.7/site-packages/airflow/example_dags/example_sensors.py took 2.453 seconds
[2023-05-01T23:51:47.676+0000] {processor.py:153} INFO - Started process (PID=362) to work on /home/airflow/.local/lib/python3.7/site-packages/airflow/example_dags/example_sensors.py
[2023-05-01T23:51:47.682+0000] {processor.py:743} INFO - Processing file /home/airflow/.local/lib/python3.7/site-packages/airflow/example_dags/example_sensors.py for tasks to queue
[2023-05-01T23:51:47.707+0000] {logging_mixin.py:137} INFO - [2023-05-01T23:51:47.690+0000] {dagbag.py:532} INFO - Filling up the DagBag from /home/airflow/.local/lib/python3.7/site-packages/airflow/example_dags/example_sensors.py
[2023-05-01T23:51:48.082+0000] {processor.py:753} INFO - DAG(s) dict_keys(['example_sensors']) retrieved from /home/airflow/.local/lib/python3.7/site-packages/airflow/example_dags/example_sensors.py
[2023-05-01T23:51:48.417+0000] {logging_mixin.py:137} INFO - [2023-05-01T23:51:48.416+0000] {dag.py:2705} INFO - Sync 1 DAGs
[2023-05-01T23:51:49.289+0000] {logging_mixin.py:137} INFO - [2023-05-01T23:51:49.272+0000] {dag.py:3456} INFO - Setting next_dagrun for example_sensors to None, run_after=None
[2023-05-01T23:51:49.875+0000] {processor.py:175} INFO - Processing /home/airflow/.local/lib/python3.7/site-packages/airflow/example_dags/example_sensors.py took 2.215 seconds
[2023-05-01T23:52:20.097+0000] {processor.py:153} INFO - Started process (PID=456) to work on /home/airflow/.local/lib/python3.7/site-packages/airflow/example_dags/example_sensors.py
[2023-05-01T23:52:20.106+0000] {processor.py:743} INFO - Processing file /home/airflow/.local/lib/python3.7/site-packages/airflow/example_dags/example_sensors.py for tasks to queue
[2023-05-01T23:52:20.116+0000] {logging_mixin.py:137} INFO - [2023-05-01T23:52:20.115+0000] {dagbag.py:532} INFO - Filling up the DagBag from /home/airflow/.local/lib/python3.7/site-packages/airflow/example_dags/example_sensors.py
[2023-05-01T23:52:20.328+0000] {processor.py:753} INFO - DAG(s) dict_keys(['example_sensors']) retrieved from /home/airflow/.local/lib/python3.7/site-packages/airflow/example_dags/example_sensors.py
[2023-05-01T23:52:20.712+0000] {logging_mixin.py:137} INFO - [2023-05-01T23:52:20.711+0000] {dag.py:2705} INFO - Sync 1 DAGs
[2023-05-01T23:52:21.208+0000] {logging_mixin.py:137} INFO - [2023-05-01T23:52:21.207+0000] {dag.py:3456} INFO - Setting next_dagrun for example_sensors to None, run_after=None
[2023-05-01T23:52:21.443+0000] {processor.py:175} INFO - Processing /home/airflow/.local/lib/python3.7/site-packages/airflow/example_dags/example_sensors.py took 1.380 seconds
[2023-05-01T23:52:52.452+0000] {processor.py:153} INFO - Started process (PID=551) to work on /home/airflow/.local/lib/python3.7/site-packages/airflow/example_dags/example_sensors.py
[2023-05-01T23:52:52.456+0000] {processor.py:743} INFO - Processing file /home/airflow/.local/lib/python3.7/site-packages/airflow/example_dags/example_sensors.py for tasks to queue
[2023-05-01T23:52:52.461+0000] {logging_mixin.py:137} INFO - [2023-05-01T23:52:52.460+0000] {dagbag.py:532} INFO - Filling up the DagBag from /home/airflow/.local/lib/python3.7/site-packages/airflow/example_dags/example_sensors.py
[2023-05-01T23:52:52.573+0000] {processor.py:753} INFO - DAG(s) dict_keys(['example_sensors']) retrieved from /home/airflow/.local/lib/python3.7/site-packages/airflow/example_dags/example_sensors.py
[2023-05-01T23:52:52.727+0000] {logging_mixin.py:137} INFO - [2023-05-01T23:52:52.726+0000] {dag.py:2705} INFO - Sync 1 DAGs
[2023-05-01T23:52:52.916+0000] {logging_mixin.py:137} INFO - [2023-05-01T23:52:52.915+0000] {dag.py:3456} INFO - Setting next_dagrun for example_sensors to None, run_after=None
[2023-05-01T23:52:53.034+0000] {processor.py:175} INFO - Processing /home/airflow/.local/lib/python3.7/site-packages/airflow/example_dags/example_sensors.py took 0.601 seconds
[2023-05-01T23:53:23.310+0000] {processor.py:153} INFO - Started process (PID=654) to work on /home/airflow/.local/lib/python3.7/site-packages/airflow/example_dags/example_sensors.py
[2023-05-01T23:53:23.316+0000] {processor.py:743} INFO - Processing file /home/airflow/.local/lib/python3.7/site-packages/airflow/example_dags/example_sensors.py for tasks to queue
[2023-05-01T23:53:23.321+0000] {logging_mixin.py:137} INFO - [2023-05-01T23:53:23.320+0000] {dagbag.py:532} INFO - Filling up the DagBag from /home/airflow/.local/lib/python3.7/site-packages/airflow/example_dags/example_sensors.py
[2023-05-01T23:53:23.462+0000] {processor.py:753} INFO - DAG(s) dict_keys(['example_sensors']) retrieved from /home/airflow/.local/lib/python3.7/site-packages/airflow/example_dags/example_sensors.py
[2023-05-01T23:53:23.653+0000] {logging_mixin.py:137} INFO - [2023-05-01T23:53:23.652+0000] {dag.py:2705} INFO - Sync 1 DAGs
[2023-05-01T23:53:23.853+0000] {logging_mixin.py:137} INFO - [2023-05-01T23:53:23.852+0000] {dag.py:3456} INFO - Setting next_dagrun for example_sensors to None, run_after=None
[2023-05-01T23:53:23.965+0000] {processor.py:175} INFO - Processing /home/airflow/.local/lib/python3.7/site-packages/airflow/example_dags/example_sensors.py took 0.670 seconds
[2023-05-01T23:53:58.833+0000] {processor.py:153} INFO - Started process (PID=751) to work on /home/airflow/.local/lib/python3.7/site-packages/airflow/example_dags/example_sensors.py
[2023-05-01T23:53:58.838+0000] {processor.py:743} INFO - Processing file /home/airflow/.local/lib/python3.7/site-packages/airflow/example_dags/example_sensors.py for tasks to queue
[2023-05-01T23:53:58.859+0000] {logging_mixin.py:137} INFO - [2023-05-01T23:53:58.857+0000] {dagbag.py:532} INFO - Filling up the DagBag from /home/airflow/.local/lib/python3.7/site-packages/airflow/example_dags/example_sensors.py
[2023-05-01T23:53:59.303+0000] {processor.py:753} INFO - DAG(s) dict_keys(['example_sensors']) retrieved from /home/airflow/.local/lib/python3.7/site-packages/airflow/example_dags/example_sensors.py
[2023-05-01T23:53:59.542+0000] {logging_mixin.py:137} INFO - [2023-05-01T23:53:59.541+0000] {dag.py:2705} INFO - Sync 1 DAGs
[2023-05-01T23:53:59.854+0000] {logging_mixin.py:137} INFO - [2023-05-01T23:53:59.853+0000] {dag.py:3456} INFO - Setting next_dagrun for example_sensors to None, run_after=None
[2023-05-01T23:54:00.069+0000] {processor.py:175} INFO - Processing /home/airflow/.local/lib/python3.7/site-packages/airflow/example_dags/example_sensors.py took 1.252 seconds
[2023-05-01T23:54:34.602+0000] {processor.py:153} INFO - Started process (PID=848) to work on /home/airflow/.local/lib/python3.7/site-packages/airflow/example_dags/example_sensors.py
[2023-05-01T23:54:34.605+0000] {processor.py:743} INFO - Processing file /home/airflow/.local/lib/python3.7/site-packages/airflow/example_dags/example_sensors.py for tasks to queue
[2023-05-01T23:54:34.610+0000] {logging_mixin.py:137} INFO - [2023-05-01T23:54:34.609+0000] {dagbag.py:532} INFO - Filling up the DagBag from /home/airflow/.local/lib/python3.7/site-packages/airflow/example_dags/example_sensors.py
[2023-05-01T23:54:34.726+0000] {processor.py:753} INFO - DAG(s) dict_keys(['example_sensors']) retrieved from /home/airflow/.local/lib/python3.7/site-packages/airflow/example_dags/example_sensors.py
[2023-05-01T23:54:34.903+0000] {logging_mixin.py:137} INFO - [2023-05-01T23:54:34.901+0000] {dag.py:2705} INFO - Sync 1 DAGs
[2023-05-01T23:54:35.067+0000] {logging_mixin.py:137} INFO - [2023-05-01T23:54:35.066+0000] {dag.py:3456} INFO - Setting next_dagrun for example_sensors to None, run_after=None
[2023-05-01T23:54:35.193+0000] {processor.py:175} INFO - Processing /home/airflow/.local/lib/python3.7/site-packages/airflow/example_dags/example_sensors.py took 0.604 seconds
[2023-05-01T23:55:06.264+0000] {processor.py:153} INFO - Started process (PID=944) to work on /home/airflow/.local/lib/python3.7/site-packages/airflow/example_dags/example_sensors.py
[2023-05-01T23:55:06.268+0000] {processor.py:743} INFO - Processing file /home/airflow/.local/lib/python3.7/site-packages/airflow/example_dags/example_sensors.py for tasks to queue
[2023-05-01T23:55:06.273+0000] {logging_mixin.py:137} INFO - [2023-05-01T23:55:06.272+0000] {dagbag.py:532} INFO - Filling up the DagBag from /home/airflow/.local/lib/python3.7/site-packages/airflow/example_dags/example_sensors.py
[2023-05-01T23:55:06.419+0000] {processor.py:753} INFO - DAG(s) dict_keys(['example_sensors']) retrieved from /home/airflow/.local/lib/python3.7/site-packages/airflow/example_dags/example_sensors.py
[2023-05-01T23:55:06.772+0000] {logging_mixin.py:137} INFO - [2023-05-01T23:55:06.771+0000] {dag.py:2705} INFO - Sync 1 DAGs
[2023-05-01T23:55:07.066+0000] {logging_mixin.py:137} INFO - [2023-05-01T23:55:07.060+0000] {dag.py:3456} INFO - Setting next_dagrun for example_sensors to None, run_after=None
[2023-05-01T23:55:07.219+0000] {processor.py:175} INFO - Processing /home/airflow/.local/lib/python3.7/site-packages/airflow/example_dags/example_sensors.py took 0.969 seconds
[2023-05-01T23:55:37.803+0000] {processor.py:153} INFO - Started process (PID=1038) to work on /home/airflow/.local/lib/python3.7/site-packages/airflow/example_dags/example_sensors.py
[2023-05-01T23:55:37.827+0000] {processor.py:743} INFO - Processing file /home/airflow/.local/lib/python3.7/site-packages/airflow/example_dags/example_sensors.py for tasks to queue
[2023-05-01T23:55:37.838+0000] {logging_mixin.py:137} INFO - [2023-05-01T23:55:37.835+0000] {dagbag.py:532} INFO - Filling up the DagBag from /home/airflow/.local/lib/python3.7/site-packages/airflow/example_dags/example_sensors.py
[2023-05-01T23:55:38.051+0000] {processor.py:753} INFO - DAG(s) dict_keys(['example_sensors']) retrieved from /home/airflow/.local/lib/python3.7/site-packages/airflow/example_dags/example_sensors.py
[2023-05-01T23:55:38.219+0000] {logging_mixin.py:137} INFO - [2023-05-01T23:55:38.218+0000] {dag.py:2705} INFO - Sync 1 DAGs
[2023-05-01T23:55:38.377+0000] {logging_mixin.py:137} INFO - [2023-05-01T23:55:38.376+0000] {dag.py:3456} INFO - Setting next_dagrun for example_sensors to None, run_after=None
[2023-05-01T23:55:38.477+0000] {processor.py:175} INFO - Processing /home/airflow/.local/lib/python3.7/site-packages/airflow/example_dags/example_sensors.py took 0.769 seconds
[2023-05-01T23:56:09.079+0000] {processor.py:153} INFO - Started process (PID=1134) to work on /home/airflow/.local/lib/python3.7/site-packages/airflow/example_dags/example_sensors.py
[2023-05-01T23:56:09.082+0000] {processor.py:743} INFO - Processing file /home/airflow/.local/lib/python3.7/site-packages/airflow/example_dags/example_sensors.py for tasks to queue
[2023-05-01T23:56:09.086+0000] {logging_mixin.py:137} INFO - [2023-05-01T23:56:09.085+0000] {dagbag.py:532} INFO - Filling up the DagBag from /home/airflow/.local/lib/python3.7/site-packages/airflow/example_dags/example_sensors.py
[2023-05-01T23:56:09.178+0000] {processor.py:753} INFO - DAG(s) dict_keys(['example_sensors']) retrieved from /home/airflow/.local/lib/python3.7/site-packages/airflow/example_dags/example_sensors.py
[2023-05-01T23:56:09.333+0000] {logging_mixin.py:137} INFO - [2023-05-01T23:56:09.332+0000] {dag.py:2705} INFO - Sync 1 DAGs
[2023-05-01T23:56:09.465+0000] {logging_mixin.py:137} INFO - [2023-05-01T23:56:09.465+0000] {dag.py:3456} INFO - Setting next_dagrun for example_sensors to None, run_after=None
[2023-05-01T23:56:09.540+0000] {processor.py:175} INFO - Processing /home/airflow/.local/lib/python3.7/site-packages/airflow/example_dags/example_sensors.py took 0.470 seconds
[2023-05-01T23:56:40.629+0000] {processor.py:153} INFO - Started process (PID=1230) to work on /home/airflow/.local/lib/python3.7/site-packages/airflow/example_dags/example_sensors.py
[2023-05-01T23:56:40.632+0000] {processor.py:743} INFO - Processing file /home/airflow/.local/lib/python3.7/site-packages/airflow/example_dags/example_sensors.py for tasks to queue
[2023-05-01T23:56:40.636+0000] {logging_mixin.py:137} INFO - [2023-05-01T23:56:40.635+0000] {dagbag.py:532} INFO - Filling up the DagBag from /home/airflow/.local/lib/python3.7/site-packages/airflow/example_dags/example_sensors.py
[2023-05-01T23:56:40.743+0000] {processor.py:753} INFO - DAG(s) dict_keys(['example_sensors']) retrieved from /home/airflow/.local/lib/python3.7/site-packages/airflow/example_dags/example_sensors.py
[2023-05-01T23:56:40.941+0000] {logging_mixin.py:137} INFO - [2023-05-01T23:56:40.940+0000] {dag.py:2705} INFO - Sync 1 DAGs
[2023-05-01T23:56:41.085+0000] {logging_mixin.py:137} INFO - [2023-05-01T23:56:41.084+0000] {dag.py:3456} INFO - Setting next_dagrun for example_sensors to None, run_after=None
[2023-05-01T23:56:41.168+0000] {processor.py:175} INFO - Processing /home/airflow/.local/lib/python3.7/site-packages/airflow/example_dags/example_sensors.py took 0.551 seconds
[2023-05-01T23:57:12.017+0000] {processor.py:153} INFO - Started process (PID=1323) to work on /home/airflow/.local/lib/python3.7/site-packages/airflow/example_dags/example_sensors.py
[2023-05-01T23:57:12.022+0000] {processor.py:743} INFO - Processing file /home/airflow/.local/lib/python3.7/site-packages/airflow/example_dags/example_sensors.py for tasks to queue
[2023-05-01T23:57:12.026+0000] {logging_mixin.py:137} INFO - [2023-05-01T23:57:12.025+0000] {dagbag.py:532} INFO - Filling up the DagBag from /home/airflow/.local/lib/python3.7/site-packages/airflow/example_dags/example_sensors.py
[2023-05-01T23:57:12.249+0000] {processor.py:753} INFO - DAG(s) dict_keys(['example_sensors']) retrieved from /home/airflow/.local/lib/python3.7/site-packages/airflow/example_dags/example_sensors.py
[2023-05-01T23:57:12.449+0000] {logging_mixin.py:137} INFO - [2023-05-01T23:57:12.448+0000] {dag.py:2705} INFO - Sync 1 DAGs
[2023-05-01T23:57:12.669+0000] {logging_mixin.py:137} INFO - [2023-05-01T23:57:12.668+0000] {dag.py:3456} INFO - Setting next_dagrun for example_sensors to None, run_after=None
[2023-05-01T23:57:12.786+0000] {processor.py:175} INFO - Processing /home/airflow/.local/lib/python3.7/site-packages/airflow/example_dags/example_sensors.py took 0.788 seconds
[2023-05-01T23:57:43.331+0000] {processor.py:153} INFO - Started process (PID=1419) to work on /home/airflow/.local/lib/python3.7/site-packages/airflow/example_dags/example_sensors.py
[2023-05-01T23:57:43.335+0000] {processor.py:743} INFO - Processing file /home/airflow/.local/lib/python3.7/site-packages/airflow/example_dags/example_sensors.py for tasks to queue
[2023-05-01T23:57:43.341+0000] {logging_mixin.py:137} INFO - [2023-05-01T23:57:43.340+0000] {dagbag.py:532} INFO - Filling up the DagBag from /home/airflow/.local/lib/python3.7/site-packages/airflow/example_dags/example_sensors.py
[2023-05-01T23:57:43.500+0000] {processor.py:753} INFO - DAG(s) dict_keys(['example_sensors']) retrieved from /home/airflow/.local/lib/python3.7/site-packages/airflow/example_dags/example_sensors.py
[2023-05-01T23:57:43.653+0000] {logging_mixin.py:137} INFO - [2023-05-01T23:57:43.652+0000] {dag.py:2705} INFO - Sync 1 DAGs
[2023-05-01T23:57:43.803+0000] {logging_mixin.py:137} INFO - [2023-05-01T23:57:43.802+0000] {dag.py:3456} INFO - Setting next_dagrun for example_sensors to None, run_after=None
[2023-05-01T23:57:43.895+0000] {processor.py:175} INFO - Processing /home/airflow/.local/lib/python3.7/site-packages/airflow/example_dags/example_sensors.py took 0.580 seconds
[2023-05-01T23:58:14.464+0000] {processor.py:153} INFO - Started process (PID=1515) to work on /home/airflow/.local/lib/python3.7/site-packages/airflow/example_dags/example_sensors.py
[2023-05-01T23:58:14.469+0000] {processor.py:743} INFO - Processing file /home/airflow/.local/lib/python3.7/site-packages/airflow/example_dags/example_sensors.py for tasks to queue
[2023-05-01T23:58:14.474+0000] {logging_mixin.py:137} INFO - [2023-05-01T23:58:14.473+0000] {dagbag.py:532} INFO - Filling up the DagBag from /home/airflow/.local/lib/python3.7/site-packages/airflow/example_dags/example_sensors.py
[2023-05-01T23:58:14.568+0000] {processor.py:753} INFO - DAG(s) dict_keys(['example_sensors']) retrieved from /home/airflow/.local/lib/python3.7/site-packages/airflow/example_dags/example_sensors.py
[2023-05-01T23:58:14.733+0000] {logging_mixin.py:137} INFO - [2023-05-01T23:58:14.732+0000] {dag.py:2705} INFO - Sync 1 DAGs
[2023-05-01T23:58:14.862+0000] {logging_mixin.py:137} INFO - [2023-05-01T23:58:14.861+0000] {dag.py:3456} INFO - Setting next_dagrun for example_sensors to None, run_after=None
[2023-05-01T23:58:14.937+0000] {processor.py:175} INFO - Processing /home/airflow/.local/lib/python3.7/site-packages/airflow/example_dags/example_sensors.py took 0.482 seconds
[2023-05-01T23:58:52.935+0000] {processor.py:153} INFO - Started process (PID=1614) to work on /home/airflow/.local/lib/python3.7/site-packages/airflow/example_dags/example_sensors.py
[2023-05-01T23:58:52.938+0000] {processor.py:743} INFO - Processing file /home/airflow/.local/lib/python3.7/site-packages/airflow/example_dags/example_sensors.py for tasks to queue
[2023-05-01T23:58:52.941+0000] {logging_mixin.py:137} INFO - [2023-05-01T23:58:52.941+0000] {dagbag.py:532} INFO - Filling up the DagBag from /home/airflow/.local/lib/python3.7/site-packages/airflow/example_dags/example_sensors.py
[2023-05-01T23:58:53.041+0000] {processor.py:753} INFO - DAG(s) dict_keys(['example_sensors']) retrieved from /home/airflow/.local/lib/python3.7/site-packages/airflow/example_dags/example_sensors.py
[2023-05-01T23:58:53.206+0000] {logging_mixin.py:137} INFO - [2023-05-01T23:58:53.205+0000] {dag.py:2705} INFO - Sync 1 DAGs
[2023-05-01T23:58:53.343+0000] {logging_mixin.py:137} INFO - [2023-05-01T23:58:53.342+0000] {dag.py:3456} INFO - Setting next_dagrun for example_sensors to None, run_after=None
[2023-05-01T23:58:53.455+0000] {processor.py:175} INFO - Processing /home/airflow/.local/lib/python3.7/site-packages/airflow/example_dags/example_sensors.py took 0.529 seconds
[2023-05-01T23:59:27.670+0000] {processor.py:153} INFO - Started process (PID=1701) to work on /home/airflow/.local/lib/python3.7/site-packages/airflow/example_dags/example_sensors.py
[2023-05-01T23:59:27.675+0000] {processor.py:743} INFO - Processing file /home/airflow/.local/lib/python3.7/site-packages/airflow/example_dags/example_sensors.py for tasks to queue
[2023-05-01T23:59:27.679+0000] {logging_mixin.py:137} INFO - [2023-05-01T23:59:27.679+0000] {dagbag.py:532} INFO - Filling up the DagBag from /home/airflow/.local/lib/python3.7/site-packages/airflow/example_dags/example_sensors.py
[2023-05-01T23:59:27.771+0000] {processor.py:753} INFO - DAG(s) dict_keys(['example_sensors']) retrieved from /home/airflow/.local/lib/python3.7/site-packages/airflow/example_dags/example_sensors.py
[2023-05-01T23:59:27.902+0000] {logging_mixin.py:137} INFO - [2023-05-01T23:59:27.901+0000] {dag.py:2705} INFO - Sync 1 DAGs
[2023-05-01T23:59:28.047+0000] {logging_mixin.py:137} INFO - [2023-05-01T23:59:28.046+0000] {dag.py:3456} INFO - Setting next_dagrun for example_sensors to None, run_after=None
[2023-05-01T23:59:28.131+0000] {processor.py:175} INFO - Processing /home/airflow/.local/lib/python3.7/site-packages/airflow/example_dags/example_sensors.py took 0.473 seconds
[2023-05-01T23:59:59.389+0000] {processor.py:153} INFO - Started process (PID=1797) to work on /home/airflow/.local/lib/python3.7/site-packages/airflow/example_dags/example_sensors.py
[2023-05-01T23:59:59.393+0000] {processor.py:743} INFO - Processing file /home/airflow/.local/lib/python3.7/site-packages/airflow/example_dags/example_sensors.py for tasks to queue
[2023-05-01T23:59:59.399+0000] {logging_mixin.py:137} INFO - [2023-05-01T23:59:59.398+0000] {dagbag.py:532} INFO - Filling up the DagBag from /home/airflow/.local/lib/python3.7/site-packages/airflow/example_dags/example_sensors.py
[2023-05-01T23:59:59.524+0000] {processor.py:753} INFO - DAG(s) dict_keys(['example_sensors']) retrieved from /home/airflow/.local/lib/python3.7/site-packages/airflow/example_dags/example_sensors.py
[2023-05-01T23:59:59.709+0000] {logging_mixin.py:137} INFO - [2023-05-01T23:59:59.708+0000] {dag.py:2705} INFO - Sync 1 DAGs
[2023-05-01T23:59:59.861+0000] {logging_mixin.py:137} INFO - [2023-05-01T23:59:59.860+0000] {dag.py:3456} INFO - Setting next_dagrun for example_sensors to None, run_after=None
[2023-05-01T23:59:59.953+0000] {processor.py:175} INFO - Processing /home/airflow/.local/lib/python3.7/site-packages/airflow/example_dags/example_sensors.py took 0.575 seconds
