[2023-05-01T23:49:30.815+0000] {processor.py:153} INFO - Started process (PID=110) to work on /home/airflow/.local/lib/python3.7/site-packages/airflow/example_dags/example_branch_python_dop_operator_3.py
[2023-05-01T23:49:30.830+0000] {processor.py:743} INFO - Processing file /home/airflow/.local/lib/python3.7/site-packages/airflow/example_dags/example_branch_python_dop_operator_3.py for tasks to queue
[2023-05-01T23:49:30.840+0000] {logging_mixin.py:137} INFO - [2023-05-01T23:49:30.838+0000] {dagbag.py:532} INFO - Filling up the DagBag from /home/airflow/.local/lib/python3.7/site-packages/airflow/example_dags/example_branch_python_dop_operator_3.py
[2023-05-01T23:49:31.127+0000] {processor.py:753} INFO - DAG(s) dict_keys(['example_branch_dop_operator_v3']) retrieved from /home/airflow/.local/lib/python3.7/site-packages/airflow/example_dags/example_branch_python_dop_operator_3.py
[2023-05-01T23:49:31.308+0000] {logging_mixin.py:137} INFO - [2023-05-01T23:49:31.307+0000] {dag.py:2705} INFO - Sync 1 DAGs
[2023-05-01T23:49:31.867+0000] {logging_mixin.py:137} INFO - [2023-05-01T23:49:31.866+0000] {dag.py:3456} INFO - Setting next_dagrun for example_branch_dop_operator_v3 to 2023-05-01T23:48:00+00:00, run_after=2023-05-01T23:49:00+00:00
[2023-05-01T23:49:32.159+0000] {processor.py:175} INFO - Processing /home/airflow/.local/lib/python3.7/site-packages/airflow/example_dags/example_branch_python_dop_operator_3.py took 1.369 seconds
[2023-05-01T23:50:42.934+0000] {processor.py:153} INFO - Started process (PID=214) to work on /home/airflow/.local/lib/python3.7/site-packages/airflow/example_dags/example_branch_python_dop_operator_3.py
[2023-05-01T23:50:42.948+0000] {processor.py:743} INFO - Processing file /home/airflow/.local/lib/python3.7/site-packages/airflow/example_dags/example_branch_python_dop_operator_3.py for tasks to queue
[2023-05-01T23:50:42.961+0000] {logging_mixin.py:137} INFO - [2023-05-01T23:50:42.958+0000] {dagbag.py:532} INFO - Filling up the DagBag from /home/airflow/.local/lib/python3.7/site-packages/airflow/example_dags/example_branch_python_dop_operator_3.py
[2023-05-01T23:50:43.502+0000] {processor.py:753} INFO - DAG(s) dict_keys(['example_branch_dop_operator_v3']) retrieved from /home/airflow/.local/lib/python3.7/site-packages/airflow/example_dags/example_branch_python_dop_operator_3.py
[2023-05-01T23:50:43.964+0000] {logging_mixin.py:137} INFO - [2023-05-01T23:50:43.958+0000] {dag.py:2705} INFO - Sync 1 DAGs
[2023-05-01T23:50:44.592+0000] {logging_mixin.py:137} INFO - [2023-05-01T23:50:44.579+0000] {dag.py:3456} INFO - Setting next_dagrun for example_branch_dop_operator_v3 to 2023-05-01T23:49:00+00:00, run_after=2023-05-01T23:50:00+00:00
[2023-05-01T23:50:44.888+0000] {processor.py:175} INFO - Processing /home/airflow/.local/lib/python3.7/site-packages/airflow/example_dags/example_branch_python_dop_operator_3.py took 2.004 seconds
[2023-05-01T23:51:25.510+0000] {processor.py:153} INFO - Started process (PID=315) to work on /home/airflow/.local/lib/python3.7/site-packages/airflow/example_dags/example_branch_python_dop_operator_3.py
[2023-05-01T23:51:25.522+0000] {processor.py:743} INFO - Processing file /home/airflow/.local/lib/python3.7/site-packages/airflow/example_dags/example_branch_python_dop_operator_3.py for tasks to queue
[2023-05-01T23:51:25.535+0000] {logging_mixin.py:137} INFO - [2023-05-01T23:51:25.534+0000] {dagbag.py:532} INFO - Filling up the DagBag from /home/airflow/.local/lib/python3.7/site-packages/airflow/example_dags/example_branch_python_dop_operator_3.py
[2023-05-01T23:51:26.136+0000] {processor.py:753} INFO - DAG(s) dict_keys(['example_branch_dop_operator_v3']) retrieved from /home/airflow/.local/lib/python3.7/site-packages/airflow/example_dags/example_branch_python_dop_operator_3.py
[2023-05-01T23:51:26.410+0000] {logging_mixin.py:137} INFO - [2023-05-01T23:51:26.408+0000] {dag.py:2705} INFO - Sync 1 DAGs
[2023-05-01T23:51:26.691+0000] {logging_mixin.py:137} INFO - [2023-05-01T23:51:26.690+0000] {dag.py:3456} INFO - Setting next_dagrun for example_branch_dop_operator_v3 to 2023-05-01T23:50:00+00:00, run_after=2023-05-01T23:51:00+00:00
[2023-05-01T23:51:26.871+0000] {processor.py:175} INFO - Processing /home/airflow/.local/lib/python3.7/site-packages/airflow/example_dags/example_branch_python_dop_operator_3.py took 1.410 seconds
[2023-05-01T23:51:58.545+0000] {processor.py:153} INFO - Started process (PID=404) to work on /home/airflow/.local/lib/python3.7/site-packages/airflow/example_dags/example_branch_python_dop_operator_3.py
[2023-05-01T23:51:58.549+0000] {processor.py:743} INFO - Processing file /home/airflow/.local/lib/python3.7/site-packages/airflow/example_dags/example_branch_python_dop_operator_3.py for tasks to queue
[2023-05-01T23:51:58.554+0000] {logging_mixin.py:137} INFO - [2023-05-01T23:51:58.553+0000] {dagbag.py:532} INFO - Filling up the DagBag from /home/airflow/.local/lib/python3.7/site-packages/airflow/example_dags/example_branch_python_dop_operator_3.py
[2023-05-01T23:51:58.699+0000] {processor.py:753} INFO - DAG(s) dict_keys(['example_branch_dop_operator_v3']) retrieved from /home/airflow/.local/lib/python3.7/site-packages/airflow/example_dags/example_branch_python_dop_operator_3.py
[2023-05-01T23:51:58.808+0000] {logging_mixin.py:137} INFO - [2023-05-01T23:51:58.807+0000] {dag.py:2705} INFO - Sync 1 DAGs
[2023-05-01T23:51:59.073+0000] {logging_mixin.py:137} INFO - [2023-05-01T23:51:59.072+0000] {dag.py:3456} INFO - Setting next_dagrun for example_branch_dop_operator_v3 to 2023-05-01T23:50:00+00:00, run_after=2023-05-01T23:51:00+00:00
[2023-05-01T23:51:59.228+0000] {processor.py:175} INFO - Processing /home/airflow/.local/lib/python3.7/site-packages/airflow/example_dags/example_branch_python_dop_operator_3.py took 0.694 seconds
[2023-05-01T23:52:31.373+0000] {processor.py:153} INFO - Started process (PID=491) to work on /home/airflow/.local/lib/python3.7/site-packages/airflow/example_dags/example_branch_python_dop_operator_3.py
[2023-05-01T23:52:31.390+0000] {processor.py:743} INFO - Processing file /home/airflow/.local/lib/python3.7/site-packages/airflow/example_dags/example_branch_python_dop_operator_3.py for tasks to queue
[2023-05-01T23:52:31.397+0000] {logging_mixin.py:137} INFO - [2023-05-01T23:52:31.395+0000] {dagbag.py:532} INFO - Filling up the DagBag from /home/airflow/.local/lib/python3.7/site-packages/airflow/example_dags/example_branch_python_dop_operator_3.py
[2023-05-01T23:52:31.863+0000] {processor.py:753} INFO - DAG(s) dict_keys(['example_branch_dop_operator_v3']) retrieved from /home/airflow/.local/lib/python3.7/site-packages/airflow/example_dags/example_branch_python_dop_operator_3.py
[2023-05-01T23:52:32.032+0000] {logging_mixin.py:137} INFO - [2023-05-01T23:52:32.031+0000] {dag.py:2705} INFO - Sync 1 DAGs
[2023-05-01T23:52:32.368+0000] {logging_mixin.py:137} INFO - [2023-05-01T23:52:32.367+0000] {dag.py:3456} INFO - Setting next_dagrun for example_branch_dop_operator_v3 to 2023-05-01T23:51:00+00:00, run_after=2023-05-01T23:52:00+00:00
[2023-05-01T23:52:32.683+0000] {processor.py:175} INFO - Processing /home/airflow/.local/lib/python3.7/site-packages/airflow/example_dags/example_branch_python_dop_operator_3.py took 1.362 seconds
[2023-05-01T23:53:03.118+0000] {processor.py:153} INFO - Started process (PID=586) to work on /home/airflow/.local/lib/python3.7/site-packages/airflow/example_dags/example_branch_python_dop_operator_3.py
[2023-05-01T23:53:03.123+0000] {processor.py:743} INFO - Processing file /home/airflow/.local/lib/python3.7/site-packages/airflow/example_dags/example_branch_python_dop_operator_3.py for tasks to queue
[2023-05-01T23:53:03.137+0000] {logging_mixin.py:137} INFO - [2023-05-01T23:53:03.136+0000] {dagbag.py:532} INFO - Filling up the DagBag from /home/airflow/.local/lib/python3.7/site-packages/airflow/example_dags/example_branch_python_dop_operator_3.py
[2023-05-01T23:53:03.357+0000] {processor.py:753} INFO - DAG(s) dict_keys(['example_branch_dop_operator_v3']) retrieved from /home/airflow/.local/lib/python3.7/site-packages/airflow/example_dags/example_branch_python_dop_operator_3.py
[2023-05-01T23:53:03.659+0000] {logging_mixin.py:137} INFO - [2023-05-01T23:53:03.656+0000] {dag.py:2705} INFO - Sync 1 DAGs
[2023-05-01T23:53:04.259+0000] {logging_mixin.py:137} INFO - [2023-05-01T23:53:04.257+0000] {dag.py:3456} INFO - Setting next_dagrun for example_branch_dop_operator_v3 to 2023-05-01T23:52:00+00:00, run_after=2023-05-01T23:53:00+00:00
[2023-05-01T23:53:04.565+0000] {processor.py:175} INFO - Processing /home/airflow/.local/lib/python3.7/site-packages/airflow/example_dags/example_branch_python_dop_operator_3.py took 1.476 seconds
[2023-05-01T23:53:35.329+0000] {processor.py:153} INFO - Started process (PID=683) to work on /home/airflow/.local/lib/python3.7/site-packages/airflow/example_dags/example_branch_python_dop_operator_3.py
[2023-05-01T23:53:35.342+0000] {processor.py:743} INFO - Processing file /home/airflow/.local/lib/python3.7/site-packages/airflow/example_dags/example_branch_python_dop_operator_3.py for tasks to queue
[2023-05-01T23:53:35.352+0000] {logging_mixin.py:137} INFO - [2023-05-01T23:53:35.350+0000] {dagbag.py:532} INFO - Filling up the DagBag from /home/airflow/.local/lib/python3.7/site-packages/airflow/example_dags/example_branch_python_dop_operator_3.py
[2023-05-01T23:53:36.046+0000] {processor.py:753} INFO - DAG(s) dict_keys(['example_branch_dop_operator_v3']) retrieved from /home/airflow/.local/lib/python3.7/site-packages/airflow/example_dags/example_branch_python_dop_operator_3.py
[2023-05-01T23:53:36.604+0000] {logging_mixin.py:137} INFO - [2023-05-01T23:53:36.602+0000] {dag.py:2705} INFO - Sync 1 DAGs
[2023-05-01T23:53:36.917+0000] {logging_mixin.py:137} INFO - [2023-05-01T23:53:36.916+0000] {dag.py:3456} INFO - Setting next_dagrun for example_branch_dop_operator_v3 to 2023-05-01T23:52:00+00:00, run_after=2023-05-01T23:53:00+00:00
[2023-05-01T23:53:37.034+0000] {processor.py:175} INFO - Processing /home/airflow/.local/lib/python3.7/site-packages/airflow/example_dags/example_branch_python_dop_operator_3.py took 1.746 seconds
[2023-05-01T23:54:07.637+0000] {processor.py:153} INFO - Started process (PID=779) to work on /home/airflow/.local/lib/python3.7/site-packages/airflow/example_dags/example_branch_python_dop_operator_3.py
[2023-05-01T23:54:07.642+0000] {processor.py:743} INFO - Processing file /home/airflow/.local/lib/python3.7/site-packages/airflow/example_dags/example_branch_python_dop_operator_3.py for tasks to queue
[2023-05-01T23:54:07.647+0000] {logging_mixin.py:137} INFO - [2023-05-01T23:54:07.646+0000] {dagbag.py:532} INFO - Filling up the DagBag from /home/airflow/.local/lib/python3.7/site-packages/airflow/example_dags/example_branch_python_dop_operator_3.py
[2023-05-01T23:54:07.812+0000] {processor.py:753} INFO - DAG(s) dict_keys(['example_branch_dop_operator_v3']) retrieved from /home/airflow/.local/lib/python3.7/site-packages/airflow/example_dags/example_branch_python_dop_operator_3.py
[2023-05-01T23:54:07.938+0000] {logging_mixin.py:137} INFO - [2023-05-01T23:54:07.937+0000] {dag.py:2705} INFO - Sync 1 DAGs
[2023-05-01T23:54:08.138+0000] {logging_mixin.py:137} INFO - [2023-05-01T23:54:08.137+0000] {dag.py:3456} INFO - Setting next_dagrun for example_branch_dop_operator_v3 to 2023-05-01T23:53:00+00:00, run_after=2023-05-01T23:54:00+00:00
[2023-05-01T23:54:08.219+0000] {processor.py:175} INFO - Processing /home/airflow/.local/lib/python3.7/site-packages/airflow/example_dags/example_branch_python_dop_operator_3.py took 0.598 seconds
[2023-05-01T23:54:39.086+0000] {processor.py:153} INFO - Started process (PID=876) to work on /home/airflow/.local/lib/python3.7/site-packages/airflow/example_dags/example_branch_python_dop_operator_3.py
[2023-05-01T23:54:39.093+0000] {processor.py:743} INFO - Processing file /home/airflow/.local/lib/python3.7/site-packages/airflow/example_dags/example_branch_python_dop_operator_3.py for tasks to queue
[2023-05-01T23:54:39.097+0000] {logging_mixin.py:137} INFO - [2023-05-01T23:54:39.096+0000] {dagbag.py:532} INFO - Filling up the DagBag from /home/airflow/.local/lib/python3.7/site-packages/airflow/example_dags/example_branch_python_dop_operator_3.py
[2023-05-01T23:54:39.216+0000] {processor.py:753} INFO - DAG(s) dict_keys(['example_branch_dop_operator_v3']) retrieved from /home/airflow/.local/lib/python3.7/site-packages/airflow/example_dags/example_branch_python_dop_operator_3.py
[2023-05-01T23:54:39.310+0000] {logging_mixin.py:137} INFO - [2023-05-01T23:54:39.309+0000] {dag.py:2705} INFO - Sync 1 DAGs
[2023-05-01T23:54:39.521+0000] {logging_mixin.py:137} INFO - [2023-05-01T23:54:39.520+0000] {dag.py:3456} INFO - Setting next_dagrun for example_branch_dop_operator_v3 to 2023-05-01T23:53:00+00:00, run_after=2023-05-01T23:54:00+00:00
[2023-05-01T23:54:39.631+0000] {processor.py:175} INFO - Processing /home/airflow/.local/lib/python3.7/site-packages/airflow/example_dags/example_branch_python_dop_operator_3.py took 0.554 seconds
[2023-05-01T23:55:11.898+0000] {processor.py:153} INFO - Started process (PID=958) to work on /home/airflow/.local/lib/python3.7/site-packages/airflow/example_dags/example_branch_python_dop_operator_3.py
[2023-05-01T23:55:11.903+0000] {processor.py:743} INFO - Processing file /home/airflow/.local/lib/python3.7/site-packages/airflow/example_dags/example_branch_python_dop_operator_3.py for tasks to queue
[2023-05-01T23:55:11.907+0000] {logging_mixin.py:137} INFO - [2023-05-01T23:55:11.906+0000] {dagbag.py:532} INFO - Filling up the DagBag from /home/airflow/.local/lib/python3.7/site-packages/airflow/example_dags/example_branch_python_dop_operator_3.py
[2023-05-01T23:55:12.042+0000] {processor.py:753} INFO - DAG(s) dict_keys(['example_branch_dop_operator_v3']) retrieved from /home/airflow/.local/lib/python3.7/site-packages/airflow/example_dags/example_branch_python_dop_operator_3.py
[2023-05-01T23:55:12.146+0000] {logging_mixin.py:137} INFO - [2023-05-01T23:55:12.145+0000] {dag.py:2705} INFO - Sync 1 DAGs
[2023-05-01T23:55:12.388+0000] {logging_mixin.py:137} INFO - [2023-05-01T23:55:12.387+0000] {dag.py:3456} INFO - Setting next_dagrun for example_branch_dop_operator_v3 to 2023-05-01T23:54:00+00:00, run_after=2023-05-01T23:55:00+00:00
[2023-05-01T23:55:12.489+0000] {processor.py:175} INFO - Processing /home/airflow/.local/lib/python3.7/site-packages/airflow/example_dags/example_branch_python_dop_operator_3.py took 0.603 seconds
[2023-05-01T23:55:43.745+0000] {processor.py:153} INFO - Started process (PID=1053) to work on /home/airflow/.local/lib/python3.7/site-packages/airflow/example_dags/example_branch_python_dop_operator_3.py
[2023-05-01T23:55:43.749+0000] {processor.py:743} INFO - Processing file /home/airflow/.local/lib/python3.7/site-packages/airflow/example_dags/example_branch_python_dop_operator_3.py for tasks to queue
[2023-05-01T23:55:43.754+0000] {logging_mixin.py:137} INFO - [2023-05-01T23:55:43.753+0000] {dagbag.py:532} INFO - Filling up the DagBag from /home/airflow/.local/lib/python3.7/site-packages/airflow/example_dags/example_branch_python_dop_operator_3.py
[2023-05-01T23:55:43.977+0000] {processor.py:753} INFO - DAG(s) dict_keys(['example_branch_dop_operator_v3']) retrieved from /home/airflow/.local/lib/python3.7/site-packages/airflow/example_dags/example_branch_python_dop_operator_3.py
[2023-05-01T23:55:44.811+0000] {logging_mixin.py:137} INFO - [2023-05-01T23:55:44.809+0000] {dag.py:2705} INFO - Sync 1 DAGs
[2023-05-01T23:55:45.256+0000] {logging_mixin.py:137} INFO - [2023-05-01T23:55:45.252+0000] {dag.py:3456} INFO - Setting next_dagrun for example_branch_dop_operator_v3 to 2023-05-01T23:54:00+00:00, run_after=2023-05-01T23:55:00+00:00
[2023-05-01T23:55:45.395+0000] {processor.py:175} INFO - Processing /home/airflow/.local/lib/python3.7/site-packages/airflow/example_dags/example_branch_python_dop_operator_3.py took 1.666 seconds
[2023-05-01T23:56:15.738+0000] {processor.py:153} INFO - Started process (PID=1146) to work on /home/airflow/.local/lib/python3.7/site-packages/airflow/example_dags/example_branch_python_dop_operator_3.py
[2023-05-01T23:56:15.749+0000] {processor.py:743} INFO - Processing file /home/airflow/.local/lib/python3.7/site-packages/airflow/example_dags/example_branch_python_dop_operator_3.py for tasks to queue
[2023-05-01T23:56:15.759+0000] {logging_mixin.py:137} INFO - [2023-05-01T23:56:15.758+0000] {dagbag.py:532} INFO - Filling up the DagBag from /home/airflow/.local/lib/python3.7/site-packages/airflow/example_dags/example_branch_python_dop_operator_3.py
[2023-05-01T23:56:15.913+0000] {processor.py:753} INFO - DAG(s) dict_keys(['example_branch_dop_operator_v3']) retrieved from /home/airflow/.local/lib/python3.7/site-packages/airflow/example_dags/example_branch_python_dop_operator_3.py
[2023-05-01T23:56:16.040+0000] {logging_mixin.py:137} INFO - [2023-05-01T23:56:16.039+0000] {dag.py:2705} INFO - Sync 1 DAGs
[2023-05-01T23:56:16.275+0000] {logging_mixin.py:137} INFO - [2023-05-01T23:56:16.273+0000] {dag.py:3456} INFO - Setting next_dagrun for example_branch_dop_operator_v3 to 2023-05-01T23:55:00+00:00, run_after=2023-05-01T23:56:00+00:00
[2023-05-01T23:56:16.397+0000] {processor.py:175} INFO - Processing /home/airflow/.local/lib/python3.7/site-packages/airflow/example_dags/example_branch_python_dop_operator_3.py took 0.673 seconds
[2023-05-01T23:56:46.625+0000] {processor.py:153} INFO - Started process (PID=1242) to work on /home/airflow/.local/lib/python3.7/site-packages/airflow/example_dags/example_branch_python_dop_operator_3.py
[2023-05-01T23:56:46.629+0000] {processor.py:743} INFO - Processing file /home/airflow/.local/lib/python3.7/site-packages/airflow/example_dags/example_branch_python_dop_operator_3.py for tasks to queue
[2023-05-01T23:56:46.634+0000] {logging_mixin.py:137} INFO - [2023-05-01T23:56:46.633+0000] {dagbag.py:532} INFO - Filling up the DagBag from /home/airflow/.local/lib/python3.7/site-packages/airflow/example_dags/example_branch_python_dop_operator_3.py
[2023-05-01T23:56:46.758+0000] {processor.py:753} INFO - DAG(s) dict_keys(['example_branch_dop_operator_v3']) retrieved from /home/airflow/.local/lib/python3.7/site-packages/airflow/example_dags/example_branch_python_dop_operator_3.py
[2023-05-01T23:56:46.853+0000] {logging_mixin.py:137} INFO - [2023-05-01T23:56:46.852+0000] {dag.py:2705} INFO - Sync 1 DAGs
[2023-05-01T23:56:47.024+0000] {logging_mixin.py:137} INFO - [2023-05-01T23:56:47.023+0000] {dag.py:3456} INFO - Setting next_dagrun for example_branch_dop_operator_v3 to 2023-05-01T23:55:00+00:00, run_after=2023-05-01T23:56:00+00:00
[2023-05-01T23:56:47.097+0000] {processor.py:175} INFO - Processing /home/airflow/.local/lib/python3.7/site-packages/airflow/example_dags/example_branch_python_dop_operator_3.py took 0.483 seconds
[2023-05-01T23:57:17.300+0000] {processor.py:153} INFO - Started process (PID=1338) to work on /home/airflow/.local/lib/python3.7/site-packages/airflow/example_dags/example_branch_python_dop_operator_3.py
[2023-05-01T23:57:17.304+0000] {processor.py:743} INFO - Processing file /home/airflow/.local/lib/python3.7/site-packages/airflow/example_dags/example_branch_python_dop_operator_3.py for tasks to queue
[2023-05-01T23:57:17.307+0000] {logging_mixin.py:137} INFO - [2023-05-01T23:57:17.307+0000] {dagbag.py:532} INFO - Filling up the DagBag from /home/airflow/.local/lib/python3.7/site-packages/airflow/example_dags/example_branch_python_dop_operator_3.py
[2023-05-01T23:57:17.424+0000] {processor.py:753} INFO - DAG(s) dict_keys(['example_branch_dop_operator_v3']) retrieved from /home/airflow/.local/lib/python3.7/site-packages/airflow/example_dags/example_branch_python_dop_operator_3.py
[2023-05-01T23:57:17.513+0000] {logging_mixin.py:137} INFO - [2023-05-01T23:57:17.513+0000] {dag.py:2705} INFO - Sync 1 DAGs
[2023-05-01T23:57:17.691+0000] {logging_mixin.py:137} INFO - [2023-05-01T23:57:17.690+0000] {dag.py:3456} INFO - Setting next_dagrun for example_branch_dop_operator_v3 to 2023-05-01T23:56:00+00:00, run_after=2023-05-01T23:57:00+00:00
[2023-05-01T23:57:17.772+0000] {processor.py:175} INFO - Processing /home/airflow/.local/lib/python3.7/site-packages/airflow/example_dags/example_branch_python_dop_operator_3.py took 0.483 seconds
[2023-05-01T23:57:49.053+0000] {processor.py:153} INFO - Started process (PID=1434) to work on /home/airflow/.local/lib/python3.7/site-packages/airflow/example_dags/example_branch_python_dop_operator_3.py
[2023-05-01T23:57:49.058+0000] {processor.py:743} INFO - Processing file /home/airflow/.local/lib/python3.7/site-packages/airflow/example_dags/example_branch_python_dop_operator_3.py for tasks to queue
[2023-05-01T23:57:49.063+0000] {logging_mixin.py:137} INFO - [2023-05-01T23:57:49.062+0000] {dagbag.py:532} INFO - Filling up the DagBag from /home/airflow/.local/lib/python3.7/site-packages/airflow/example_dags/example_branch_python_dop_operator_3.py
[2023-05-01T23:57:49.250+0000] {processor.py:753} INFO - DAG(s) dict_keys(['example_branch_dop_operator_v3']) retrieved from /home/airflow/.local/lib/python3.7/site-packages/airflow/example_dags/example_branch_python_dop_operator_3.py
[2023-05-01T23:57:49.424+0000] {logging_mixin.py:137} INFO - [2023-05-01T23:57:49.419+0000] {dag.py:2705} INFO - Sync 1 DAGs
[2023-05-01T23:57:49.723+0000] {logging_mixin.py:137} INFO - [2023-05-01T23:57:49.721+0000] {dag.py:3456} INFO - Setting next_dagrun for example_branch_dop_operator_v3 to 2023-05-01T23:56:00+00:00, run_after=2023-05-01T23:57:00+00:00
[2023-05-01T23:57:49.845+0000] {processor.py:175} INFO - Processing /home/airflow/.local/lib/python3.7/site-packages/airflow/example_dags/example_branch_python_dop_operator_3.py took 0.813 seconds
[2023-05-01T23:58:20.007+0000] {processor.py:153} INFO - Started process (PID=1529) to work on /home/airflow/.local/lib/python3.7/site-packages/airflow/example_dags/example_branch_python_dop_operator_3.py
[2023-05-01T23:58:20.014+0000] {processor.py:743} INFO - Processing file /home/airflow/.local/lib/python3.7/site-packages/airflow/example_dags/example_branch_python_dop_operator_3.py for tasks to queue
[2023-05-01T23:58:20.022+0000] {logging_mixin.py:137} INFO - [2023-05-01T23:58:20.021+0000] {dagbag.py:532} INFO - Filling up the DagBag from /home/airflow/.local/lib/python3.7/site-packages/airflow/example_dags/example_branch_python_dop_operator_3.py
[2023-05-01T23:58:20.309+0000] {processor.py:753} INFO - DAG(s) dict_keys(['example_branch_dop_operator_v3']) retrieved from /home/airflow/.local/lib/python3.7/site-packages/airflow/example_dags/example_branch_python_dop_operator_3.py
[2023-05-01T23:58:20.600+0000] {logging_mixin.py:137} INFO - [2023-05-01T23:58:20.599+0000] {dag.py:2705} INFO - Sync 1 DAGs
[2023-05-01T23:58:20.964+0000] {logging_mixin.py:137} INFO - [2023-05-01T23:58:20.962+0000] {dag.py:3456} INFO - Setting next_dagrun for example_branch_dop_operator_v3 to 2023-05-01T23:57:00+00:00, run_after=2023-05-01T23:58:00+00:00
[2023-05-01T23:58:21.076+0000] {processor.py:175} INFO - Processing /home/airflow/.local/lib/python3.7/site-packages/airflow/example_dags/example_branch_python_dop_operator_3.py took 1.099 seconds
[2023-05-01T23:58:52.352+0000] {processor.py:153} INFO - Started process (PID=1610) to work on /home/airflow/.local/lib/python3.7/site-packages/airflow/example_dags/example_branch_python_dop_operator_3.py
[2023-05-01T23:58:52.359+0000] {processor.py:743} INFO - Processing file /home/airflow/.local/lib/python3.7/site-packages/airflow/example_dags/example_branch_python_dop_operator_3.py for tasks to queue
[2023-05-01T23:58:52.366+0000] {logging_mixin.py:137} INFO - [2023-05-01T23:58:52.365+0000] {dagbag.py:532} INFO - Filling up the DagBag from /home/airflow/.local/lib/python3.7/site-packages/airflow/example_dags/example_branch_python_dop_operator_3.py
[2023-05-01T23:58:52.518+0000] {processor.py:753} INFO - DAG(s) dict_keys(['example_branch_dop_operator_v3']) retrieved from /home/airflow/.local/lib/python3.7/site-packages/airflow/example_dags/example_branch_python_dop_operator_3.py
[2023-05-01T23:58:52.615+0000] {logging_mixin.py:137} INFO - [2023-05-01T23:58:52.615+0000] {dag.py:2705} INFO - Sync 1 DAGs
[2023-05-01T23:58:52.802+0000] {logging_mixin.py:137} INFO - [2023-05-01T23:58:52.801+0000] {dag.py:3456} INFO - Setting next_dagrun for example_branch_dop_operator_v3 to 2023-05-01T23:57:00+00:00, run_after=2023-05-01T23:58:00+00:00
[2023-05-01T23:58:52.877+0000] {processor.py:175} INFO - Processing /home/airflow/.local/lib/python3.7/site-packages/airflow/example_dags/example_branch_python_dop_operator_3.py took 0.546 seconds
[2023-05-01T23:59:26.558+0000] {processor.py:153} INFO - Started process (PID=1695) to work on /home/airflow/.local/lib/python3.7/site-packages/airflow/example_dags/example_branch_python_dop_operator_3.py
[2023-05-01T23:59:26.564+0000] {processor.py:743} INFO - Processing file /home/airflow/.local/lib/python3.7/site-packages/airflow/example_dags/example_branch_python_dop_operator_3.py for tasks to queue
[2023-05-01T23:59:26.572+0000] {logging_mixin.py:137} INFO - [2023-05-01T23:59:26.571+0000] {dagbag.py:532} INFO - Filling up the DagBag from /home/airflow/.local/lib/python3.7/site-packages/airflow/example_dags/example_branch_python_dop_operator_3.py
[2023-05-01T23:59:26.807+0000] {processor.py:753} INFO - DAG(s) dict_keys(['example_branch_dop_operator_v3']) retrieved from /home/airflow/.local/lib/python3.7/site-packages/airflow/example_dags/example_branch_python_dop_operator_3.py
[2023-05-01T23:59:26.977+0000] {logging_mixin.py:137} INFO - [2023-05-01T23:59:26.976+0000] {dag.py:2705} INFO - Sync 1 DAGs
[2023-05-01T23:59:27.210+0000] {logging_mixin.py:137} INFO - [2023-05-01T23:59:27.209+0000] {dag.py:3456} INFO - Setting next_dagrun for example_branch_dop_operator_v3 to 2023-05-01T23:58:00+00:00, run_after=2023-05-01T23:59:00+00:00
[2023-05-01T23:59:27.308+0000] {processor.py:175} INFO - Processing /home/airflow/.local/lib/python3.7/site-packages/airflow/example_dags/example_branch_python_dop_operator_3.py took 0.772 seconds
[2023-05-01T23:59:58.674+0000] {processor.py:153} INFO - Started process (PID=1791) to work on /home/airflow/.local/lib/python3.7/site-packages/airflow/example_dags/example_branch_python_dop_operator_3.py
[2023-05-01T23:59:58.677+0000] {processor.py:743} INFO - Processing file /home/airflow/.local/lib/python3.7/site-packages/airflow/example_dags/example_branch_python_dop_operator_3.py for tasks to queue
[2023-05-01T23:59:58.681+0000] {logging_mixin.py:137} INFO - [2023-05-01T23:59:58.680+0000] {dagbag.py:532} INFO - Filling up the DagBag from /home/airflow/.local/lib/python3.7/site-packages/airflow/example_dags/example_branch_python_dop_operator_3.py
[2023-05-01T23:59:58.812+0000] {processor.py:753} INFO - DAG(s) dict_keys(['example_branch_dop_operator_v3']) retrieved from /home/airflow/.local/lib/python3.7/site-packages/airflow/example_dags/example_branch_python_dop_operator_3.py
[2023-05-01T23:59:58.920+0000] {logging_mixin.py:137} INFO - [2023-05-01T23:59:58.919+0000] {dag.py:2705} INFO - Sync 1 DAGs
[2023-05-01T23:59:59.128+0000] {logging_mixin.py:137} INFO - [2023-05-01T23:59:59.127+0000] {dag.py:3456} INFO - Setting next_dagrun for example_branch_dop_operator_v3 to 2023-05-01T23:58:00+00:00, run_after=2023-05-01T23:59:00+00:00
[2023-05-01T23:59:59.242+0000] {processor.py:175} INFO - Processing /home/airflow/.local/lib/python3.7/site-packages/airflow/example_dags/example_branch_python_dop_operator_3.py took 0.578 seconds
