[2023-05-01T23:49:47.694+0000] {processor.py:153} INFO - Started process (PID=134) to work on /home/airflow/.local/lib/python3.7/site-packages/airflow/example_dags/example_xcom.py
[2023-05-01T23:49:47.709+0000] {processor.py:743} INFO - Processing file /home/airflow/.local/lib/python3.7/site-packages/airflow/example_dags/example_xcom.py for tasks to queue
[2023-05-01T23:49:47.732+0000] {logging_mixin.py:137} INFO - [2023-05-01T23:49:47.728+0000] {dagbag.py:532} INFO - Filling up the DagBag from /home/airflow/.local/lib/python3.7/site-packages/airflow/example_dags/example_xcom.py
[2023-05-01T23:49:48.217+0000] {processor.py:753} INFO - DAG(s) dict_keys(['example_xcom']) retrieved from /home/airflow/.local/lib/python3.7/site-packages/airflow/example_dags/example_xcom.py
[2023-05-01T23:49:48.683+0000] {logging_mixin.py:137} INFO - [2023-05-01T23:49:48.682+0000] {dag.py:2705} INFO - Sync 1 DAGs
[2023-05-01T23:49:49.446+0000] {logging_mixin.py:137} INFO - [2023-05-01T23:49:49.432+0000] {dag.py:3456} INFO - Setting next_dagrun for example_xcom to 2021-01-01T00:00:00+00:00, run_after=2021-01-01T00:00:00+00:00
[2023-05-01T23:49:49.802+0000] {processor.py:175} INFO - Processing /home/airflow/.local/lib/python3.7/site-packages/airflow/example_dags/example_xcom.py took 2.136 seconds
[2023-05-01T23:50:51.526+0000] {processor.py:153} INFO - Started process (PID=238) to work on /home/airflow/.local/lib/python3.7/site-packages/airflow/example_dags/example_xcom.py
[2023-05-01T23:50:51.542+0000] {processor.py:743} INFO - Processing file /home/airflow/.local/lib/python3.7/site-packages/airflow/example_dags/example_xcom.py for tasks to queue
[2023-05-01T23:50:51.553+0000] {logging_mixin.py:137} INFO - [2023-05-01T23:50:51.551+0000] {dagbag.py:532} INFO - Filling up the DagBag from /home/airflow/.local/lib/python3.7/site-packages/airflow/example_dags/example_xcom.py
[2023-05-01T23:50:51.821+0000] {processor.py:753} INFO - DAG(s) dict_keys(['example_xcom']) retrieved from /home/airflow/.local/lib/python3.7/site-packages/airflow/example_dags/example_xcom.py
[2023-05-01T23:50:51.996+0000] {logging_mixin.py:137} INFO - [2023-05-01T23:50:51.995+0000] {dag.py:2705} INFO - Sync 1 DAGs
[2023-05-01T23:50:52.399+0000] {logging_mixin.py:137} INFO - [2023-05-01T23:50:52.395+0000] {dag.py:3456} INFO - Setting next_dagrun for example_xcom to 2021-01-01T00:00:00+00:00, run_after=2021-01-01T00:00:00+00:00
[2023-05-01T23:50:52.968+0000] {processor.py:175} INFO - Processing /home/airflow/.local/lib/python3.7/site-packages/airflow/example_dags/example_xcom.py took 1.501 seconds
[2023-05-01T23:51:31.213+0000] {processor.py:153} INFO - Started process (PID=331) to work on /home/airflow/.local/lib/python3.7/site-packages/airflow/example_dags/example_xcom.py
[2023-05-01T23:51:31.224+0000] {processor.py:743} INFO - Processing file /home/airflow/.local/lib/python3.7/site-packages/airflow/example_dags/example_xcom.py for tasks to queue
[2023-05-01T23:51:31.229+0000] {logging_mixin.py:137} INFO - [2023-05-01T23:51:31.228+0000] {dagbag.py:532} INFO - Filling up the DagBag from /home/airflow/.local/lib/python3.7/site-packages/airflow/example_dags/example_xcom.py
[2023-05-01T23:51:31.410+0000] {processor.py:753} INFO - DAG(s) dict_keys(['example_xcom']) retrieved from /home/airflow/.local/lib/python3.7/site-packages/airflow/example_dags/example_xcom.py
[2023-05-01T23:51:31.562+0000] {logging_mixin.py:137} INFO - [2023-05-01T23:51:31.561+0000] {dag.py:2705} INFO - Sync 1 DAGs
[2023-05-01T23:51:31.743+0000] {logging_mixin.py:137} INFO - [2023-05-01T23:51:31.742+0000] {dag.py:3456} INFO - Setting next_dagrun for example_xcom to 2021-01-01T00:00:00+00:00, run_after=2021-01-01T00:00:00+00:00
[2023-05-01T23:51:31.856+0000] {processor.py:175} INFO - Processing /home/airflow/.local/lib/python3.7/site-packages/airflow/example_dags/example_xcom.py took 0.662 seconds
[2023-05-01T23:52:04.548+0000] {processor.py:153} INFO - Started process (PID=427) to work on /home/airflow/.local/lib/python3.7/site-packages/airflow/example_dags/example_xcom.py
[2023-05-01T23:52:04.553+0000] {processor.py:743} INFO - Processing file /home/airflow/.local/lib/python3.7/site-packages/airflow/example_dags/example_xcom.py for tasks to queue
[2023-05-01T23:52:04.558+0000] {logging_mixin.py:137} INFO - [2023-05-01T23:52:04.557+0000] {dagbag.py:532} INFO - Filling up the DagBag from /home/airflow/.local/lib/python3.7/site-packages/airflow/example_dags/example_xcom.py
[2023-05-01T23:52:04.698+0000] {processor.py:753} INFO - DAG(s) dict_keys(['example_xcom']) retrieved from /home/airflow/.local/lib/python3.7/site-packages/airflow/example_dags/example_xcom.py
[2023-05-01T23:52:04.831+0000] {logging_mixin.py:137} INFO - [2023-05-01T23:52:04.830+0000] {dag.py:2705} INFO - Sync 1 DAGs
[2023-05-01T23:52:05.010+0000] {logging_mixin.py:137} INFO - [2023-05-01T23:52:05.008+0000] {dag.py:3456} INFO - Setting next_dagrun for example_xcom to 2021-01-01T00:00:00+00:00, run_after=2021-01-01T00:00:00+00:00
[2023-05-01T23:52:05.195+0000] {processor.py:175} INFO - Processing /home/airflow/.local/lib/python3.7/site-packages/airflow/example_dags/example_xcom.py took 0.660 seconds
[2023-05-01T23:52:37.026+0000] {processor.py:153} INFO - Started process (PID=519) to work on /home/airflow/.local/lib/python3.7/site-packages/airflow/example_dags/example_xcom.py
[2023-05-01T23:52:37.031+0000] {processor.py:743} INFO - Processing file /home/airflow/.local/lib/python3.7/site-packages/airflow/example_dags/example_xcom.py for tasks to queue
[2023-05-01T23:52:37.037+0000] {logging_mixin.py:137} INFO - [2023-05-01T23:52:37.036+0000] {dagbag.py:532} INFO - Filling up the DagBag from /home/airflow/.local/lib/python3.7/site-packages/airflow/example_dags/example_xcom.py
[2023-05-01T23:52:37.169+0000] {processor.py:753} INFO - DAG(s) dict_keys(['example_xcom']) retrieved from /home/airflow/.local/lib/python3.7/site-packages/airflow/example_dags/example_xcom.py
[2023-05-01T23:52:37.314+0000] {logging_mixin.py:137} INFO - [2023-05-01T23:52:37.313+0000] {dag.py:2705} INFO - Sync 1 DAGs
[2023-05-01T23:52:37.551+0000] {logging_mixin.py:137} INFO - [2023-05-01T23:52:37.550+0000] {dag.py:3456} INFO - Setting next_dagrun for example_xcom to 2021-01-01T00:00:00+00:00, run_after=2021-01-01T00:00:00+00:00
[2023-05-01T23:52:37.668+0000] {processor.py:175} INFO - Processing /home/airflow/.local/lib/python3.7/site-packages/airflow/example_dags/example_xcom.py took 0.653 seconds
[2023-05-01T23:53:09.924+0000] {processor.py:153} INFO - Started process (PID=615) to work on /home/airflow/.local/lib/python3.7/site-packages/airflow/example_dags/example_xcom.py
[2023-05-01T23:53:09.929+0000] {processor.py:743} INFO - Processing file /home/airflow/.local/lib/python3.7/site-packages/airflow/example_dags/example_xcom.py for tasks to queue
[2023-05-01T23:53:09.936+0000] {logging_mixin.py:137} INFO - [2023-05-01T23:53:09.934+0000] {dagbag.py:532} INFO - Filling up the DagBag from /home/airflow/.local/lib/python3.7/site-packages/airflow/example_dags/example_xcom.py
[2023-05-01T23:53:10.071+0000] {processor.py:753} INFO - DAG(s) dict_keys(['example_xcom']) retrieved from /home/airflow/.local/lib/python3.7/site-packages/airflow/example_dags/example_xcom.py
[2023-05-01T23:53:10.193+0000] {logging_mixin.py:137} INFO - [2023-05-01T23:53:10.192+0000] {dag.py:2705} INFO - Sync 1 DAGs
[2023-05-01T23:53:10.405+0000] {logging_mixin.py:137} INFO - [2023-05-01T23:53:10.403+0000] {dag.py:3456} INFO - Setting next_dagrun for example_xcom to 2021-01-01T00:00:00+00:00, run_after=2021-01-01T00:00:00+00:00
[2023-05-01T23:53:10.509+0000] {processor.py:175} INFO - Processing /home/airflow/.local/lib/python3.7/site-packages/airflow/example_dags/example_xcom.py took 0.601 seconds
[2023-05-01T23:53:41.180+0000] {processor.py:153} INFO - Started process (PID=711) to work on /home/airflow/.local/lib/python3.7/site-packages/airflow/example_dags/example_xcom.py
[2023-05-01T23:53:41.196+0000] {processor.py:743} INFO - Processing file /home/airflow/.local/lib/python3.7/site-packages/airflow/example_dags/example_xcom.py for tasks to queue
[2023-05-01T23:53:41.214+0000] {logging_mixin.py:137} INFO - [2023-05-01T23:53:41.213+0000] {dagbag.py:532} INFO - Filling up the DagBag from /home/airflow/.local/lib/python3.7/site-packages/airflow/example_dags/example_xcom.py
[2023-05-01T23:53:41.616+0000] {processor.py:753} INFO - DAG(s) dict_keys(['example_xcom']) retrieved from /home/airflow/.local/lib/python3.7/site-packages/airflow/example_dags/example_xcom.py
[2023-05-01T23:53:42.057+0000] {logging_mixin.py:137} INFO - [2023-05-01T23:53:42.055+0000] {dag.py:2705} INFO - Sync 1 DAGs
[2023-05-01T23:53:42.314+0000] {logging_mixin.py:137} INFO - [2023-05-01T23:53:42.313+0000] {dag.py:3456} INFO - Setting next_dagrun for example_xcom to 2021-01-01T00:00:00+00:00, run_after=2021-01-01T00:00:00+00:00
[2023-05-01T23:53:42.441+0000] {processor.py:175} INFO - Processing /home/airflow/.local/lib/python3.7/site-packages/airflow/example_dags/example_xcom.py took 1.288 seconds
[2023-05-01T23:54:12.580+0000] {processor.py:153} INFO - Started process (PID=807) to work on /home/airflow/.local/lib/python3.7/site-packages/airflow/example_dags/example_xcom.py
[2023-05-01T23:54:12.583+0000] {processor.py:743} INFO - Processing file /home/airflow/.local/lib/python3.7/site-packages/airflow/example_dags/example_xcom.py for tasks to queue
[2023-05-01T23:54:12.586+0000] {logging_mixin.py:137} INFO - [2023-05-01T23:54:12.586+0000] {dagbag.py:532} INFO - Filling up the DagBag from /home/airflow/.local/lib/python3.7/site-packages/airflow/example_dags/example_xcom.py
[2023-05-01T23:54:12.687+0000] {processor.py:753} INFO - DAG(s) dict_keys(['example_xcom']) retrieved from /home/airflow/.local/lib/python3.7/site-packages/airflow/example_dags/example_xcom.py
[2023-05-01T23:54:12.782+0000] {logging_mixin.py:137} INFO - [2023-05-01T23:54:12.781+0000] {dag.py:2705} INFO - Sync 1 DAGs
[2023-05-01T23:54:12.914+0000] {logging_mixin.py:137} INFO - [2023-05-01T23:54:12.913+0000] {dag.py:3456} INFO - Setting next_dagrun for example_xcom to 2021-01-01T00:00:00+00:00, run_after=2021-01-01T00:00:00+00:00
[2023-05-01T23:54:12.979+0000] {processor.py:175} INFO - Processing /home/airflow/.local/lib/python3.7/site-packages/airflow/example_dags/example_xcom.py took 0.408 seconds
[2023-05-01T23:54:43.146+0000] {processor.py:153} INFO - Started process (PID=904) to work on /home/airflow/.local/lib/python3.7/site-packages/airflow/example_dags/example_xcom.py
[2023-05-01T23:54:43.150+0000] {processor.py:743} INFO - Processing file /home/airflow/.local/lib/python3.7/site-packages/airflow/example_dags/example_xcom.py for tasks to queue
[2023-05-01T23:54:43.154+0000] {logging_mixin.py:137} INFO - [2023-05-01T23:54:43.153+0000] {dagbag.py:532} INFO - Filling up the DagBag from /home/airflow/.local/lib/python3.7/site-packages/airflow/example_dags/example_xcom.py
[2023-05-01T23:54:43.264+0000] {processor.py:753} INFO - DAG(s) dict_keys(['example_xcom']) retrieved from /home/airflow/.local/lib/python3.7/site-packages/airflow/example_dags/example_xcom.py
[2023-05-01T23:54:43.367+0000] {logging_mixin.py:137} INFO - [2023-05-01T23:54:43.366+0000] {dag.py:2705} INFO - Sync 1 DAGs
[2023-05-01T23:54:43.512+0000] {logging_mixin.py:137} INFO - [2023-05-01T23:54:43.511+0000] {dag.py:3456} INFO - Setting next_dagrun for example_xcom to 2021-01-01T00:00:00+00:00, run_after=2021-01-01T00:00:00+00:00
[2023-05-01T23:54:43.593+0000] {processor.py:175} INFO - Processing /home/airflow/.local/lib/python3.7/site-packages/airflow/example_dags/example_xcom.py took 0.456 seconds
[2023-05-01T23:55:17.954+0000] {processor.py:153} INFO - Started process (PID=1000) to work on /home/airflow/.local/lib/python3.7/site-packages/airflow/example_dags/example_xcom.py
[2023-05-01T23:55:17.957+0000] {processor.py:743} INFO - Processing file /home/airflow/.local/lib/python3.7/site-packages/airflow/example_dags/example_xcom.py for tasks to queue
[2023-05-01T23:55:17.960+0000] {logging_mixin.py:137} INFO - [2023-05-01T23:55:17.960+0000] {dagbag.py:532} INFO - Filling up the DagBag from /home/airflow/.local/lib/python3.7/site-packages/airflow/example_dags/example_xcom.py
[2023-05-01T23:55:18.068+0000] {processor.py:753} INFO - DAG(s) dict_keys(['example_xcom']) retrieved from /home/airflow/.local/lib/python3.7/site-packages/airflow/example_dags/example_xcom.py
[2023-05-01T23:55:18.177+0000] {logging_mixin.py:137} INFO - [2023-05-01T23:55:18.176+0000] {dag.py:2705} INFO - Sync 1 DAGs
[2023-05-01T23:55:18.328+0000] {logging_mixin.py:137} INFO - [2023-05-01T23:55:18.327+0000] {dag.py:3456} INFO - Setting next_dagrun for example_xcom to 2021-01-01T00:00:00+00:00, run_after=2021-01-01T00:00:00+00:00
[2023-05-01T23:55:18.412+0000] {processor.py:175} INFO - Processing /home/airflow/.local/lib/python3.7/site-packages/airflow/example_dags/example_xcom.py took 0.468 seconds
[2023-05-01T23:55:53.843+0000] {processor.py:153} INFO - Started process (PID=1079) to work on /home/airflow/.local/lib/python3.7/site-packages/airflow/example_dags/example_xcom.py
[2023-05-01T23:55:53.847+0000] {processor.py:743} INFO - Processing file /home/airflow/.local/lib/python3.7/site-packages/airflow/example_dags/example_xcom.py for tasks to queue
[2023-05-01T23:55:53.854+0000] {logging_mixin.py:137} INFO - [2023-05-01T23:55:53.852+0000] {dagbag.py:532} INFO - Filling up the DagBag from /home/airflow/.local/lib/python3.7/site-packages/airflow/example_dags/example_xcom.py
[2023-05-01T23:55:54.041+0000] {processor.py:753} INFO - DAG(s) dict_keys(['example_xcom']) retrieved from /home/airflow/.local/lib/python3.7/site-packages/airflow/example_dags/example_xcom.py
[2023-05-01T23:55:54.227+0000] {logging_mixin.py:137} INFO - [2023-05-01T23:55:54.226+0000] {dag.py:2705} INFO - Sync 1 DAGs
[2023-05-01T23:55:54.381+0000] {logging_mixin.py:137} INFO - [2023-05-01T23:55:54.380+0000] {dag.py:3456} INFO - Setting next_dagrun for example_xcom to 2021-01-01T00:00:00+00:00, run_after=2021-01-01T00:00:00+00:00
[2023-05-01T23:55:54.470+0000] {processor.py:175} INFO - Processing /home/airflow/.local/lib/python3.7/site-packages/airflow/example_dags/example_xcom.py took 0.641 seconds
[2023-05-01T23:56:26.536+0000] {processor.py:153} INFO - Started process (PID=1175) to work on /home/airflow/.local/lib/python3.7/site-packages/airflow/example_dags/example_xcom.py
[2023-05-01T23:56:26.542+0000] {processor.py:743} INFO - Processing file /home/airflow/.local/lib/python3.7/site-packages/airflow/example_dags/example_xcom.py for tasks to queue
[2023-05-01T23:56:26.553+0000] {logging_mixin.py:137} INFO - [2023-05-01T23:56:26.552+0000] {dagbag.py:532} INFO - Filling up the DagBag from /home/airflow/.local/lib/python3.7/site-packages/airflow/example_dags/example_xcom.py
[2023-05-01T23:56:26.722+0000] {processor.py:753} INFO - DAG(s) dict_keys(['example_xcom']) retrieved from /home/airflow/.local/lib/python3.7/site-packages/airflow/example_dags/example_xcom.py
[2023-05-01T23:56:26.914+0000] {logging_mixin.py:137} INFO - [2023-05-01T23:56:26.913+0000] {dag.py:2705} INFO - Sync 1 DAGs
[2023-05-01T23:56:27.081+0000] {logging_mixin.py:137} INFO - [2023-05-01T23:56:27.080+0000] {dag.py:3456} INFO - Setting next_dagrun for example_xcom to 2021-01-01T00:00:00+00:00, run_after=2021-01-01T00:00:00+00:00
[2023-05-01T23:56:27.236+0000] {processor.py:175} INFO - Processing /home/airflow/.local/lib/python3.7/site-packages/airflow/example_dags/example_xcom.py took 0.710 seconds
[2023-05-01T23:57:00.685+0000] {processor.py:153} INFO - Started process (PID=1279) to work on /home/airflow/.local/lib/python3.7/site-packages/airflow/example_dags/example_xcom.py
[2023-05-01T23:57:00.689+0000] {processor.py:743} INFO - Processing file /home/airflow/.local/lib/python3.7/site-packages/airflow/example_dags/example_xcom.py for tasks to queue
[2023-05-01T23:57:00.694+0000] {logging_mixin.py:137} INFO - [2023-05-01T23:57:00.693+0000] {dagbag.py:532} INFO - Filling up the DagBag from /home/airflow/.local/lib/python3.7/site-packages/airflow/example_dags/example_xcom.py
[2023-05-01T23:57:00.913+0000] {processor.py:753} INFO - DAG(s) dict_keys(['example_xcom']) retrieved from /home/airflow/.local/lib/python3.7/site-packages/airflow/example_dags/example_xcom.py
[2023-05-01T23:57:01.079+0000] {logging_mixin.py:137} INFO - [2023-05-01T23:57:01.078+0000] {dag.py:2705} INFO - Sync 1 DAGs
[2023-05-01T23:57:01.287+0000] {logging_mixin.py:137} INFO - [2023-05-01T23:57:01.285+0000] {dag.py:3456} INFO - Setting next_dagrun for example_xcom to 2021-01-01T00:00:00+00:00, run_after=2021-01-01T00:00:00+00:00
[2023-05-01T23:57:01.397+0000] {processor.py:175} INFO - Processing /home/airflow/.local/lib/python3.7/site-packages/airflow/example_dags/example_xcom.py took 0.728 seconds
[2023-05-01T23:57:31.648+0000] {processor.py:153} INFO - Started process (PID=1373) to work on /home/airflow/.local/lib/python3.7/site-packages/airflow/example_dags/example_xcom.py
[2023-05-01T23:57:31.657+0000] {processor.py:743} INFO - Processing file /home/airflow/.local/lib/python3.7/site-packages/airflow/example_dags/example_xcom.py for tasks to queue
[2023-05-01T23:57:31.662+0000] {logging_mixin.py:137} INFO - [2023-05-01T23:57:31.661+0000] {dagbag.py:532} INFO - Filling up the DagBag from /home/airflow/.local/lib/python3.7/site-packages/airflow/example_dags/example_xcom.py
[2023-05-01T23:57:31.810+0000] {processor.py:753} INFO - DAG(s) dict_keys(['example_xcom']) retrieved from /home/airflow/.local/lib/python3.7/site-packages/airflow/example_dags/example_xcom.py
[2023-05-01T23:57:31.940+0000] {logging_mixin.py:137} INFO - [2023-05-01T23:57:31.938+0000] {dag.py:2705} INFO - Sync 1 DAGs
[2023-05-01T23:57:32.135+0000] {logging_mixin.py:137} INFO - [2023-05-01T23:57:32.134+0000] {dag.py:3456} INFO - Setting next_dagrun for example_xcom to 2021-01-01T00:00:00+00:00, run_after=2021-01-01T00:00:00+00:00
[2023-05-01T23:57:32.224+0000] {processor.py:175} INFO - Processing /home/airflow/.local/lib/python3.7/site-packages/airflow/example_dags/example_xcom.py took 0.597 seconds
[2023-05-01T23:58:03.011+0000] {processor.py:153} INFO - Started process (PID=1466) to work on /home/airflow/.local/lib/python3.7/site-packages/airflow/example_dags/example_xcom.py
[2023-05-01T23:58:03.014+0000] {processor.py:743} INFO - Processing file /home/airflow/.local/lib/python3.7/site-packages/airflow/example_dags/example_xcom.py for tasks to queue
[2023-05-01T23:58:03.019+0000] {logging_mixin.py:137} INFO - [2023-05-01T23:58:03.018+0000] {dagbag.py:532} INFO - Filling up the DagBag from /home/airflow/.local/lib/python3.7/site-packages/airflow/example_dags/example_xcom.py
[2023-05-01T23:58:03.170+0000] {processor.py:753} INFO - DAG(s) dict_keys(['example_xcom']) retrieved from /home/airflow/.local/lib/python3.7/site-packages/airflow/example_dags/example_xcom.py
[2023-05-01T23:58:03.314+0000] {logging_mixin.py:137} INFO - [2023-05-01T23:58:03.313+0000] {dag.py:2705} INFO - Sync 1 DAGs
[2023-05-01T23:58:03.474+0000] {logging_mixin.py:137} INFO - [2023-05-01T23:58:03.473+0000] {dag.py:3456} INFO - Setting next_dagrun for example_xcom to 2021-01-01T00:00:00+00:00, run_after=2021-01-01T00:00:00+00:00
[2023-05-01T23:58:03.563+0000] {processor.py:175} INFO - Processing /home/airflow/.local/lib/python3.7/site-packages/airflow/example_dags/example_xcom.py took 0.569 seconds
[2023-05-01T23:58:41.745+0000] {processor.py:153} INFO - Started process (PID=1561) to work on /home/airflow/.local/lib/python3.7/site-packages/airflow/example_dags/example_xcom.py
[2023-05-01T23:58:41.749+0000] {processor.py:743} INFO - Processing file /home/airflow/.local/lib/python3.7/site-packages/airflow/example_dags/example_xcom.py for tasks to queue
[2023-05-01T23:58:41.753+0000] {logging_mixin.py:137} INFO - [2023-05-01T23:58:41.752+0000] {dagbag.py:532} INFO - Filling up the DagBag from /home/airflow/.local/lib/python3.7/site-packages/airflow/example_dags/example_xcom.py
[2023-05-01T23:58:42.019+0000] {processor.py:753} INFO - DAG(s) dict_keys(['example_xcom']) retrieved from /home/airflow/.local/lib/python3.7/site-packages/airflow/example_dags/example_xcom.py
[2023-05-01T23:58:42.656+0000] {logging_mixin.py:137} INFO - [2023-05-01T23:58:42.652+0000] {dag.py:2705} INFO - Sync 1 DAGs
[2023-05-01T23:58:43.050+0000] {logging_mixin.py:137} INFO - [2023-05-01T23:58:43.046+0000] {dag.py:3456} INFO - Setting next_dagrun for example_xcom to 2021-01-01T00:00:00+00:00, run_after=2021-01-01T00:00:00+00:00
[2023-05-01T23:58:43.194+0000] {processor.py:175} INFO - Processing /home/airflow/.local/lib/python3.7/site-packages/airflow/example_dags/example_xcom.py took 1.478 seconds
[2023-05-01T23:59:13.534+0000] {processor.py:153} INFO - Started process (PID=1656) to work on /home/airflow/.local/lib/python3.7/site-packages/airflow/example_dags/example_xcom.py
[2023-05-01T23:59:13.553+0000] {processor.py:743} INFO - Processing file /home/airflow/.local/lib/python3.7/site-packages/airflow/example_dags/example_xcom.py for tasks to queue
[2023-05-01T23:59:13.562+0000] {logging_mixin.py:137} INFO - [2023-05-01T23:59:13.561+0000] {dagbag.py:532} INFO - Filling up the DagBag from /home/airflow/.local/lib/python3.7/site-packages/airflow/example_dags/example_xcom.py
[2023-05-01T23:59:13.797+0000] {processor.py:753} INFO - DAG(s) dict_keys(['example_xcom']) retrieved from /home/airflow/.local/lib/python3.7/site-packages/airflow/example_dags/example_xcom.py
[2023-05-01T23:59:13.947+0000] {logging_mixin.py:137} INFO - [2023-05-01T23:59:13.946+0000] {dag.py:2705} INFO - Sync 1 DAGs
[2023-05-01T23:59:14.139+0000] {logging_mixin.py:137} INFO - [2023-05-01T23:59:14.137+0000] {dag.py:3456} INFO - Setting next_dagrun for example_xcom to 2021-01-01T00:00:00+00:00, run_after=2021-01-01T00:00:00+00:00
[2023-05-01T23:59:14.269+0000] {processor.py:175} INFO - Processing /home/airflow/.local/lib/python3.7/site-packages/airflow/example_dags/example_xcom.py took 0.768 seconds
[2023-05-01T23:59:44.829+0000] {processor.py:153} INFO - Started process (PID=1750) to work on /home/airflow/.local/lib/python3.7/site-packages/airflow/example_dags/example_xcom.py
[2023-05-01T23:59:44.835+0000] {processor.py:743} INFO - Processing file /home/airflow/.local/lib/python3.7/site-packages/airflow/example_dags/example_xcom.py for tasks to queue
[2023-05-01T23:59:44.842+0000] {logging_mixin.py:137} INFO - [2023-05-01T23:59:44.841+0000] {dagbag.py:532} INFO - Filling up the DagBag from /home/airflow/.local/lib/python3.7/site-packages/airflow/example_dags/example_xcom.py
[2023-05-01T23:59:45.114+0000] {processor.py:753} INFO - DAG(s) dict_keys(['example_xcom']) retrieved from /home/airflow/.local/lib/python3.7/site-packages/airflow/example_dags/example_xcom.py
[2023-05-01T23:59:45.344+0000] {logging_mixin.py:137} INFO - [2023-05-01T23:59:45.343+0000] {dag.py:2705} INFO - Sync 1 DAGs
[2023-05-01T23:59:45.615+0000] {logging_mixin.py:137} INFO - [2023-05-01T23:59:45.613+0000] {dag.py:3456} INFO - Setting next_dagrun for example_xcom to 2021-01-01T00:00:00+00:00, run_after=2021-01-01T00:00:00+00:00
[2023-05-01T23:59:45.828+0000] {processor.py:175} INFO - Processing /home/airflow/.local/lib/python3.7/site-packages/airflow/example_dags/example_xcom.py took 1.019 seconds
