[2023-05-01T23:49:39.078+0000] {processor.py:153} INFO - Started process (PID=120) to work on /home/airflow/.local/lib/python3.7/site-packages/airflow/example_dags/example_skip_dag.py
[2023-05-01T23:49:39.082+0000] {processor.py:743} INFO - Processing file /home/airflow/.local/lib/python3.7/site-packages/airflow/example_dags/example_skip_dag.py for tasks to queue
[2023-05-01T23:49:39.091+0000] {logging_mixin.py:137} INFO - [2023-05-01T23:49:39.090+0000] {dagbag.py:532} INFO - Filling up the DagBag from /home/airflow/.local/lib/python3.7/site-packages/airflow/example_dags/example_skip_dag.py
[2023-05-01T23:49:39.361+0000] {processor.py:753} INFO - DAG(s) dict_keys(['example_skip_dag']) retrieved from /home/airflow/.local/lib/python3.7/site-packages/airflow/example_dags/example_skip_dag.py
[2023-05-01T23:49:39.859+0000] {logging_mixin.py:137} INFO - [2023-05-01T23:49:39.857+0000] {dag.py:2705} INFO - Sync 1 DAGs
[2023-05-01T23:49:40.286+0000] {logging_mixin.py:137} INFO - [2023-05-01T23:49:40.282+0000] {dag.py:3456} INFO - Setting next_dagrun for example_skip_dag to 2023-04-30T23:49:40.275193+00:00, run_after=2023-05-01T23:49:40.275193+00:00
[2023-05-01T23:49:40.776+0000] {processor.py:175} INFO - Processing /home/airflow/.local/lib/python3.7/site-packages/airflow/example_dags/example_skip_dag.py took 1.765 seconds
[2023-05-01T23:50:47.697+0000] {processor.py:153} INFO - Started process (PID=224) to work on /home/airflow/.local/lib/python3.7/site-packages/airflow/example_dags/example_skip_dag.py
[2023-05-01T23:50:47.710+0000] {processor.py:743} INFO - Processing file /home/airflow/.local/lib/python3.7/site-packages/airflow/example_dags/example_skip_dag.py for tasks to queue
[2023-05-01T23:50:47.737+0000] {logging_mixin.py:137} INFO - [2023-05-01T23:50:47.736+0000] {dagbag.py:532} INFO - Filling up the DagBag from /home/airflow/.local/lib/python3.7/site-packages/airflow/example_dags/example_skip_dag.py
[2023-05-01T23:50:47.944+0000] {processor.py:753} INFO - DAG(s) dict_keys(['example_skip_dag']) retrieved from /home/airflow/.local/lib/python3.7/site-packages/airflow/example_dags/example_skip_dag.py
[2023-05-01T23:50:48.362+0000] {logging_mixin.py:137} INFO - [2023-05-01T23:50:48.361+0000] {dag.py:2705} INFO - Sync 1 DAGs
[2023-05-01T23:50:48.628+0000] {logging_mixin.py:137} INFO - [2023-05-01T23:50:48.627+0000] {dag.py:3456} INFO - Setting next_dagrun for example_skip_dag to 2023-04-30T23:50:48.624785+00:00, run_after=2023-05-01T23:50:48.624785+00:00
[2023-05-01T23:50:48.846+0000] {processor.py:175} INFO - Processing /home/airflow/.local/lib/python3.7/site-packages/airflow/example_dags/example_skip_dag.py took 1.170 seconds
[2023-05-01T23:51:30.025+0000] {processor.py:153} INFO - Started process (PID=325) to work on /home/airflow/.local/lib/python3.7/site-packages/airflow/example_dags/example_skip_dag.py
[2023-05-01T23:51:30.030+0000] {processor.py:743} INFO - Processing file /home/airflow/.local/lib/python3.7/site-packages/airflow/example_dags/example_skip_dag.py for tasks to queue
[2023-05-01T23:51:30.036+0000] {logging_mixin.py:137} INFO - [2023-05-01T23:51:30.035+0000] {dagbag.py:532} INFO - Filling up the DagBag from /home/airflow/.local/lib/python3.7/site-packages/airflow/example_dags/example_skip_dag.py
[2023-05-01T23:51:30.112+0000] {processor.py:753} INFO - DAG(s) dict_keys(['example_skip_dag']) retrieved from /home/airflow/.local/lib/python3.7/site-packages/airflow/example_dags/example_skip_dag.py
[2023-05-01T23:51:30.328+0000] {logging_mixin.py:137} INFO - [2023-05-01T23:51:30.325+0000] {dag.py:2705} INFO - Sync 1 DAGs
[2023-05-01T23:51:30.537+0000] {logging_mixin.py:137} INFO - [2023-05-01T23:51:30.536+0000] {dag.py:3456} INFO - Setting next_dagrun for example_skip_dag to 2023-04-30T23:51:30.534165+00:00, run_after=2023-05-01T23:51:30.534165+00:00
[2023-05-01T23:51:30.641+0000] {processor.py:175} INFO - Processing /home/airflow/.local/lib/python3.7/site-packages/airflow/example_dags/example_skip_dag.py took 0.629 seconds
[2023-05-01T23:52:01.819+0000] {processor.py:153} INFO - Started process (PID=421) to work on /home/airflow/.local/lib/python3.7/site-packages/airflow/example_dags/example_skip_dag.py
[2023-05-01T23:52:01.828+0000] {processor.py:743} INFO - Processing file /home/airflow/.local/lib/python3.7/site-packages/airflow/example_dags/example_skip_dag.py for tasks to queue
[2023-05-01T23:52:01.835+0000] {logging_mixin.py:137} INFO - [2023-05-01T23:52:01.834+0000] {dagbag.py:532} INFO - Filling up the DagBag from /home/airflow/.local/lib/python3.7/site-packages/airflow/example_dags/example_skip_dag.py
[2023-05-01T23:52:02.038+0000] {processor.py:753} INFO - DAG(s) dict_keys(['example_skip_dag']) retrieved from /home/airflow/.local/lib/python3.7/site-packages/airflow/example_dags/example_skip_dag.py
[2023-05-01T23:52:02.211+0000] {logging_mixin.py:137} INFO - [2023-05-01T23:52:02.210+0000] {dag.py:2705} INFO - Sync 1 DAGs
[2023-05-01T23:52:02.453+0000] {logging_mixin.py:137} INFO - [2023-05-01T23:52:02.452+0000] {dag.py:3456} INFO - Setting next_dagrun for example_skip_dag to 2023-04-30T23:52:02.450545+00:00, run_after=2023-05-01T23:52:02.450545+00:00
[2023-05-01T23:52:02.575+0000] {processor.py:175} INFO - Processing /home/airflow/.local/lib/python3.7/site-packages/airflow/example_dags/example_skip_dag.py took 0.792 seconds
[2023-05-01T23:52:36.188+0000] {processor.py:153} INFO - Started process (PID=513) to work on /home/airflow/.local/lib/python3.7/site-packages/airflow/example_dags/example_skip_dag.py
[2023-05-01T23:52:36.193+0000] {processor.py:743} INFO - Processing file /home/airflow/.local/lib/python3.7/site-packages/airflow/example_dags/example_skip_dag.py for tasks to queue
[2023-05-01T23:52:36.202+0000] {logging_mixin.py:137} INFO - [2023-05-01T23:52:36.199+0000] {dagbag.py:532} INFO - Filling up the DagBag from /home/airflow/.local/lib/python3.7/site-packages/airflow/example_dags/example_skip_dag.py
[2023-05-01T23:52:36.338+0000] {processor.py:753} INFO - DAG(s) dict_keys(['example_skip_dag']) retrieved from /home/airflow/.local/lib/python3.7/site-packages/airflow/example_dags/example_skip_dag.py
[2023-05-01T23:52:36.482+0000] {logging_mixin.py:137} INFO - [2023-05-01T23:52:36.481+0000] {dag.py:2705} INFO - Sync 1 DAGs
[2023-05-01T23:52:36.652+0000] {logging_mixin.py:137} INFO - [2023-05-01T23:52:36.651+0000] {dag.py:3456} INFO - Setting next_dagrun for example_skip_dag to 2023-04-30T23:52:36.649806+00:00, run_after=2023-05-01T23:52:36.649806+00:00
[2023-05-01T23:52:36.762+0000] {processor.py:175} INFO - Processing /home/airflow/.local/lib/python3.7/site-packages/airflow/example_dags/example_skip_dag.py took 0.603 seconds
[2023-05-01T23:53:08.426+0000] {processor.py:153} INFO - Started process (PID=609) to work on /home/airflow/.local/lib/python3.7/site-packages/airflow/example_dags/example_skip_dag.py
[2023-05-01T23:53:08.431+0000] {processor.py:743} INFO - Processing file /home/airflow/.local/lib/python3.7/site-packages/airflow/example_dags/example_skip_dag.py for tasks to queue
[2023-05-01T23:53:08.436+0000] {logging_mixin.py:137} INFO - [2023-05-01T23:53:08.435+0000] {dagbag.py:532} INFO - Filling up the DagBag from /home/airflow/.local/lib/python3.7/site-packages/airflow/example_dags/example_skip_dag.py
[2023-05-01T23:53:08.539+0000] {processor.py:753} INFO - DAG(s) dict_keys(['example_skip_dag']) retrieved from /home/airflow/.local/lib/python3.7/site-packages/airflow/example_dags/example_skip_dag.py
[2023-05-01T23:53:08.700+0000] {logging_mixin.py:137} INFO - [2023-05-01T23:53:08.699+0000] {dag.py:2705} INFO - Sync 1 DAGs
[2023-05-01T23:53:09.050+0000] {logging_mixin.py:137} INFO - [2023-05-01T23:53:09.047+0000] {dag.py:3456} INFO - Setting next_dagrun for example_skip_dag to 2023-04-30T23:53:09.044275+00:00, run_after=2023-05-01T23:53:09.044275+00:00
[2023-05-01T23:53:09.178+0000] {processor.py:175} INFO - Processing /home/airflow/.local/lib/python3.7/site-packages/airflow/example_dags/example_skip_dag.py took 0.770 seconds
[2023-05-01T23:53:40.162+0000] {processor.py:153} INFO - Started process (PID=705) to work on /home/airflow/.local/lib/python3.7/site-packages/airflow/example_dags/example_skip_dag.py
[2023-05-01T23:53:40.174+0000] {processor.py:743} INFO - Processing file /home/airflow/.local/lib/python3.7/site-packages/airflow/example_dags/example_skip_dag.py for tasks to queue
[2023-05-01T23:53:40.179+0000] {logging_mixin.py:137} INFO - [2023-05-01T23:53:40.178+0000] {dagbag.py:532} INFO - Filling up the DagBag from /home/airflow/.local/lib/python3.7/site-packages/airflow/example_dags/example_skip_dag.py
[2023-05-01T23:53:40.292+0000] {processor.py:753} INFO - DAG(s) dict_keys(['example_skip_dag']) retrieved from /home/airflow/.local/lib/python3.7/site-packages/airflow/example_dags/example_skip_dag.py
[2023-05-01T23:53:40.524+0000] {logging_mixin.py:137} INFO - [2023-05-01T23:53:40.523+0000] {dag.py:2705} INFO - Sync 1 DAGs
[2023-05-01T23:53:40.709+0000] {logging_mixin.py:137} INFO - [2023-05-01T23:53:40.708+0000] {dag.py:3456} INFO - Setting next_dagrun for example_skip_dag to 2023-04-30T23:53:40.706246+00:00, run_after=2023-05-01T23:53:40.706246+00:00
[2023-05-01T23:53:40.826+0000] {processor.py:175} INFO - Processing /home/airflow/.local/lib/python3.7/site-packages/airflow/example_dags/example_skip_dag.py took 0.690 seconds
[2023-05-01T23:54:11.734+0000] {processor.py:153} INFO - Started process (PID=801) to work on /home/airflow/.local/lib/python3.7/site-packages/airflow/example_dags/example_skip_dag.py
[2023-05-01T23:54:11.737+0000] {processor.py:743} INFO - Processing file /home/airflow/.local/lib/python3.7/site-packages/airflow/example_dags/example_skip_dag.py for tasks to queue
[2023-05-01T23:54:11.740+0000] {logging_mixin.py:137} INFO - [2023-05-01T23:54:11.740+0000] {dagbag.py:532} INFO - Filling up the DagBag from /home/airflow/.local/lib/python3.7/site-packages/airflow/example_dags/example_skip_dag.py
[2023-05-01T23:54:11.803+0000] {processor.py:753} INFO - DAG(s) dict_keys(['example_skip_dag']) retrieved from /home/airflow/.local/lib/python3.7/site-packages/airflow/example_dags/example_skip_dag.py
[2023-05-01T23:54:11.923+0000] {logging_mixin.py:137} INFO - [2023-05-01T23:54:11.922+0000] {dag.py:2705} INFO - Sync 1 DAGs
[2023-05-01T23:54:12.058+0000] {logging_mixin.py:137} INFO - [2023-05-01T23:54:12.057+0000] {dag.py:3456} INFO - Setting next_dagrun for example_skip_dag to 2023-04-30T23:54:12.055725+00:00, run_after=2023-05-01T23:54:12.055725+00:00
[2023-05-01T23:54:12.133+0000] {processor.py:175} INFO - Processing /home/airflow/.local/lib/python3.7/site-packages/airflow/example_dags/example_skip_dag.py took 0.416 seconds
[2023-05-01T23:54:42.563+0000] {processor.py:153} INFO - Started process (PID=898) to work on /home/airflow/.local/lib/python3.7/site-packages/airflow/example_dags/example_skip_dag.py
[2023-05-01T23:54:42.567+0000] {processor.py:743} INFO - Processing file /home/airflow/.local/lib/python3.7/site-packages/airflow/example_dags/example_skip_dag.py for tasks to queue
[2023-05-01T23:54:42.570+0000] {logging_mixin.py:137} INFO - [2023-05-01T23:54:42.570+0000] {dagbag.py:532} INFO - Filling up the DagBag from /home/airflow/.local/lib/python3.7/site-packages/airflow/example_dags/example_skip_dag.py
[2023-05-01T23:54:42.630+0000] {processor.py:753} INFO - DAG(s) dict_keys(['example_skip_dag']) retrieved from /home/airflow/.local/lib/python3.7/site-packages/airflow/example_dags/example_skip_dag.py
[2023-05-01T23:54:42.740+0000] {logging_mixin.py:137} INFO - [2023-05-01T23:54:42.739+0000] {dag.py:2705} INFO - Sync 1 DAGs
[2023-05-01T23:54:42.889+0000] {logging_mixin.py:137} INFO - [2023-05-01T23:54:42.889+0000] {dag.py:3456} INFO - Setting next_dagrun for example_skip_dag to 2023-04-30T23:54:42.887460+00:00, run_after=2023-05-01T23:54:42.887460+00:00
[2023-05-01T23:54:42.968+0000] {processor.py:175} INFO - Processing /home/airflow/.local/lib/python3.7/site-packages/airflow/example_dags/example_skip_dag.py took 0.416 seconds
[2023-05-01T23:55:17.336+0000] {processor.py:153} INFO - Started process (PID=994) to work on /home/airflow/.local/lib/python3.7/site-packages/airflow/example_dags/example_skip_dag.py
[2023-05-01T23:55:17.339+0000] {processor.py:743} INFO - Processing file /home/airflow/.local/lib/python3.7/site-packages/airflow/example_dags/example_skip_dag.py for tasks to queue
[2023-05-01T23:55:17.343+0000] {logging_mixin.py:137} INFO - [2023-05-01T23:55:17.343+0000] {dagbag.py:532} INFO - Filling up the DagBag from /home/airflow/.local/lib/python3.7/site-packages/airflow/example_dags/example_skip_dag.py
[2023-05-01T23:55:17.405+0000] {processor.py:753} INFO - DAG(s) dict_keys(['example_skip_dag']) retrieved from /home/airflow/.local/lib/python3.7/site-packages/airflow/example_dags/example_skip_dag.py
[2023-05-01T23:55:17.514+0000] {logging_mixin.py:137} INFO - [2023-05-01T23:55:17.513+0000] {dag.py:2705} INFO - Sync 1 DAGs
[2023-05-01T23:55:17.660+0000] {logging_mixin.py:137} INFO - [2023-05-01T23:55:17.659+0000] {dag.py:3456} INFO - Setting next_dagrun for example_skip_dag to 2023-04-30T23:55:17.657867+00:00, run_after=2023-05-01T23:55:17.657867+00:00
[2023-05-01T23:55:17.749+0000] {processor.py:175} INFO - Processing /home/airflow/.local/lib/python3.7/site-packages/airflow/example_dags/example_skip_dag.py took 0.421 seconds
[2023-05-01T23:55:52.413+0000] {processor.py:153} INFO - Started process (PID=1073) to work on /home/airflow/.local/lib/python3.7/site-packages/airflow/example_dags/example_skip_dag.py
[2023-05-01T23:55:52.417+0000] {processor.py:743} INFO - Processing file /home/airflow/.local/lib/python3.7/site-packages/airflow/example_dags/example_skip_dag.py for tasks to queue
[2023-05-01T23:55:52.423+0000] {logging_mixin.py:137} INFO - [2023-05-01T23:55:52.422+0000] {dagbag.py:532} INFO - Filling up the DagBag from /home/airflow/.local/lib/python3.7/site-packages/airflow/example_dags/example_skip_dag.py
[2023-05-01T23:55:52.509+0000] {processor.py:753} INFO - DAG(s) dict_keys(['example_skip_dag']) retrieved from /home/airflow/.local/lib/python3.7/site-packages/airflow/example_dags/example_skip_dag.py
[2023-05-01T23:55:52.691+0000] {logging_mixin.py:137} INFO - [2023-05-01T23:55:52.691+0000] {dag.py:2705} INFO - Sync 1 DAGs
[2023-05-01T23:55:52.865+0000] {logging_mixin.py:137} INFO - [2023-05-01T23:55:52.864+0000] {dag.py:3456} INFO - Setting next_dagrun for example_skip_dag to 2023-04-30T23:55:52.862549+00:00, run_after=2023-05-01T23:55:52.862549+00:00
[2023-05-01T23:55:52.982+0000] {processor.py:175} INFO - Processing /home/airflow/.local/lib/python3.7/site-packages/airflow/example_dags/example_skip_dag.py took 0.585 seconds
[2023-05-01T23:56:23.555+0000] {processor.py:153} INFO - Started process (PID=1163) to work on /home/airflow/.local/lib/python3.7/site-packages/airflow/example_dags/example_skip_dag.py
[2023-05-01T23:56:23.558+0000] {processor.py:743} INFO - Processing file /home/airflow/.local/lib/python3.7/site-packages/airflow/example_dags/example_skip_dag.py for tasks to queue
[2023-05-01T23:56:23.562+0000] {logging_mixin.py:137} INFO - [2023-05-01T23:56:23.561+0000] {dagbag.py:532} INFO - Filling up the DagBag from /home/airflow/.local/lib/python3.7/site-packages/airflow/example_dags/example_skip_dag.py
[2023-05-01T23:56:23.630+0000] {processor.py:753} INFO - DAG(s) dict_keys(['example_skip_dag']) retrieved from /home/airflow/.local/lib/python3.7/site-packages/airflow/example_dags/example_skip_dag.py
[2023-05-01T23:56:23.796+0000] {logging_mixin.py:137} INFO - [2023-05-01T23:56:23.795+0000] {dag.py:2705} INFO - Sync 1 DAGs
[2023-05-01T23:56:24.058+0000] {logging_mixin.py:137} INFO - [2023-05-01T23:56:24.057+0000] {dag.py:3456} INFO - Setting next_dagrun for example_skip_dag to 2023-04-30T23:56:24.054792+00:00, run_after=2023-05-01T23:56:24.054792+00:00
[2023-05-01T23:56:24.173+0000] {processor.py:175} INFO - Processing /home/airflow/.local/lib/python3.7/site-packages/airflow/example_dags/example_skip_dag.py took 0.628 seconds
[2023-05-01T23:56:54.391+0000] {processor.py:153} INFO - Started process (PID=1256) to work on /home/airflow/.local/lib/python3.7/site-packages/airflow/example_dags/example_skip_dag.py
[2023-05-01T23:56:54.395+0000] {processor.py:743} INFO - Processing file /home/airflow/.local/lib/python3.7/site-packages/airflow/example_dags/example_skip_dag.py for tasks to queue
[2023-05-01T23:56:54.401+0000] {logging_mixin.py:137} INFO - [2023-05-01T23:56:54.400+0000] {dagbag.py:532} INFO - Filling up the DagBag from /home/airflow/.local/lib/python3.7/site-packages/airflow/example_dags/example_skip_dag.py
[2023-05-01T23:56:54.527+0000] {processor.py:753} INFO - DAG(s) dict_keys(['example_skip_dag']) retrieved from /home/airflow/.local/lib/python3.7/site-packages/airflow/example_dags/example_skip_dag.py
[2023-05-01T23:56:54.708+0000] {logging_mixin.py:137} INFO - [2023-05-01T23:56:54.707+0000] {dag.py:2705} INFO - Sync 1 DAGs
[2023-05-01T23:56:54.873+0000] {logging_mixin.py:137} INFO - [2023-05-01T23:56:54.872+0000] {dag.py:3456} INFO - Setting next_dagrun for example_skip_dag to 2023-04-30T23:56:54.869136+00:00, run_after=2023-05-01T23:56:54.869136+00:00
[2023-05-01T23:56:55.004+0000] {processor.py:175} INFO - Processing /home/airflow/.local/lib/python3.7/site-packages/airflow/example_dags/example_skip_dag.py took 0.624 seconds
[2023-05-01T23:57:25.426+0000] {processor.py:153} INFO - Started process (PID=1352) to work on /home/airflow/.local/lib/python3.7/site-packages/airflow/example_dags/example_skip_dag.py
[2023-05-01T23:57:25.434+0000] {processor.py:743} INFO - Processing file /home/airflow/.local/lib/python3.7/site-packages/airflow/example_dags/example_skip_dag.py for tasks to queue
[2023-05-01T23:57:25.443+0000] {logging_mixin.py:137} INFO - [2023-05-01T23:57:25.442+0000] {dagbag.py:532} INFO - Filling up the DagBag from /home/airflow/.local/lib/python3.7/site-packages/airflow/example_dags/example_skip_dag.py
[2023-05-01T23:57:25.534+0000] {processor.py:753} INFO - DAG(s) dict_keys(['example_skip_dag']) retrieved from /home/airflow/.local/lib/python3.7/site-packages/airflow/example_dags/example_skip_dag.py
[2023-05-01T23:57:25.687+0000] {logging_mixin.py:137} INFO - [2023-05-01T23:57:25.686+0000] {dag.py:2705} INFO - Sync 1 DAGs
[2023-05-01T23:57:25.833+0000] {logging_mixin.py:137} INFO - [2023-05-01T23:57:25.832+0000] {dag.py:3456} INFO - Setting next_dagrun for example_skip_dag to 2023-04-30T23:57:25.830552+00:00, run_after=2023-05-01T23:57:25.830552+00:00
[2023-05-01T23:57:25.924+0000] {processor.py:175} INFO - Processing /home/airflow/.local/lib/python3.7/site-packages/airflow/example_dags/example_skip_dag.py took 0.519 seconds
[2023-05-01T23:57:56.391+0000] {processor.py:153} INFO - Started process (PID=1448) to work on /home/airflow/.local/lib/python3.7/site-packages/airflow/example_dags/example_skip_dag.py
[2023-05-01T23:57:56.394+0000] {processor.py:743} INFO - Processing file /home/airflow/.local/lib/python3.7/site-packages/airflow/example_dags/example_skip_dag.py for tasks to queue
[2023-05-01T23:57:56.397+0000] {logging_mixin.py:137} INFO - [2023-05-01T23:57:56.397+0000] {dagbag.py:532} INFO - Filling up the DagBag from /home/airflow/.local/lib/python3.7/site-packages/airflow/example_dags/example_skip_dag.py
[2023-05-01T23:57:56.467+0000] {processor.py:753} INFO - DAG(s) dict_keys(['example_skip_dag']) retrieved from /home/airflow/.local/lib/python3.7/site-packages/airflow/example_dags/example_skip_dag.py
[2023-05-01T23:57:56.583+0000] {logging_mixin.py:137} INFO - [2023-05-01T23:57:56.582+0000] {dag.py:2705} INFO - Sync 1 DAGs
[2023-05-01T23:57:56.710+0000] {logging_mixin.py:137} INFO - [2023-05-01T23:57:56.710+0000] {dag.py:3456} INFO - Setting next_dagrun for example_skip_dag to 2023-04-30T23:57:56.708591+00:00, run_after=2023-05-01T23:57:56.708591+00:00
[2023-05-01T23:57:56.777+0000] {processor.py:175} INFO - Processing /home/airflow/.local/lib/python3.7/site-packages/airflow/example_dags/example_skip_dag.py took 0.399 seconds
[2023-05-01T23:58:27.254+0000] {processor.py:153} INFO - Started process (PID=1542) to work on /home/airflow/.local/lib/python3.7/site-packages/airflow/example_dags/example_skip_dag.py
[2023-05-01T23:58:27.259+0000] {processor.py:743} INFO - Processing file /home/airflow/.local/lib/python3.7/site-packages/airflow/example_dags/example_skip_dag.py for tasks to queue
[2023-05-01T23:58:27.265+0000] {logging_mixin.py:137} INFO - [2023-05-01T23:58:27.263+0000] {dagbag.py:532} INFO - Filling up the DagBag from /home/airflow/.local/lib/python3.7/site-packages/airflow/example_dags/example_skip_dag.py
[2023-05-01T23:58:27.419+0000] {processor.py:753} INFO - DAG(s) dict_keys(['example_skip_dag']) retrieved from /home/airflow/.local/lib/python3.7/site-packages/airflow/example_dags/example_skip_dag.py
[2023-05-01T23:58:27.611+0000] {logging_mixin.py:137} INFO - [2023-05-01T23:58:27.610+0000] {dag.py:2705} INFO - Sync 1 DAGs
[2023-05-01T23:58:27.839+0000] {logging_mixin.py:137} INFO - [2023-05-01T23:58:27.838+0000] {dag.py:3456} INFO - Setting next_dagrun for example_skip_dag to 2023-04-30T23:58:27.836413+00:00, run_after=2023-05-01T23:58:27.836413+00:00
[2023-05-01T23:58:27.992+0000] {processor.py:175} INFO - Processing /home/airflow/.local/lib/python3.7/site-packages/airflow/example_dags/example_skip_dag.py took 0.754 seconds
[2023-05-01T23:58:58.586+0000] {processor.py:153} INFO - Started process (PID=1637) to work on /home/airflow/.local/lib/python3.7/site-packages/airflow/example_dags/example_skip_dag.py
[2023-05-01T23:58:58.590+0000] {processor.py:743} INFO - Processing file /home/airflow/.local/lib/python3.7/site-packages/airflow/example_dags/example_skip_dag.py for tasks to queue
[2023-05-01T23:58:58.596+0000] {logging_mixin.py:137} INFO - [2023-05-01T23:58:58.595+0000] {dagbag.py:532} INFO - Filling up the DagBag from /home/airflow/.local/lib/python3.7/site-packages/airflow/example_dags/example_skip_dag.py
[2023-05-01T23:58:58.745+0000] {processor.py:753} INFO - DAG(s) dict_keys(['example_skip_dag']) retrieved from /home/airflow/.local/lib/python3.7/site-packages/airflow/example_dags/example_skip_dag.py
[2023-05-01T23:58:58.969+0000] {logging_mixin.py:137} INFO - [2023-05-01T23:58:58.968+0000] {dag.py:2705} INFO - Sync 1 DAGs
[2023-05-01T23:58:59.205+0000] {logging_mixin.py:137} INFO - [2023-05-01T23:58:59.203+0000] {dag.py:3456} INFO - Setting next_dagrun for example_skip_dag to 2023-04-30T23:58:59.201091+00:00, run_after=2023-05-01T23:58:59.201091+00:00
[2023-05-01T23:58:59.310+0000] {processor.py:175} INFO - Processing /home/airflow/.local/lib/python3.7/site-packages/airflow/example_dags/example_skip_dag.py took 0.737 seconds
[2023-05-01T23:59:32.697+0000] {processor.py:153} INFO - Started process (PID=1737) to work on /home/airflow/.local/lib/python3.7/site-packages/airflow/example_dags/example_skip_dag.py
[2023-05-01T23:59:32.706+0000] {processor.py:743} INFO - Processing file /home/airflow/.local/lib/python3.7/site-packages/airflow/example_dags/example_skip_dag.py for tasks to queue
[2023-05-01T23:59:32.716+0000] {logging_mixin.py:137} INFO - [2023-05-01T23:59:32.714+0000] {dagbag.py:532} INFO - Filling up the DagBag from /home/airflow/.local/lib/python3.7/site-packages/airflow/example_dags/example_skip_dag.py
[2023-05-01T23:59:32.928+0000] {processor.py:753} INFO - DAG(s) dict_keys(['example_skip_dag']) retrieved from /home/airflow/.local/lib/python3.7/site-packages/airflow/example_dags/example_skip_dag.py
[2023-05-01T23:59:33.329+0000] {logging_mixin.py:137} INFO - [2023-05-01T23:59:33.327+0000] {dag.py:2705} INFO - Sync 1 DAGs
[2023-05-01T23:59:33.560+0000] {logging_mixin.py:137} INFO - [2023-05-01T23:59:33.556+0000] {dag.py:3456} INFO - Setting next_dagrun for example_skip_dag to 2023-04-30T23:59:33.549283+00:00, run_after=2023-05-01T23:59:33.549283+00:00
[2023-05-01T23:59:33.874+0000] {processor.py:175} INFO - Processing /home/airflow/.local/lib/python3.7/site-packages/airflow/example_dags/example_skip_dag.py took 1.205 seconds
