[2023-05-01T23:49:57.828+0000] {processor.py:153} INFO - Started process (PID=152) to work on /home/airflow/.local/lib/python3.7/site-packages/airflow/example_dags/example_sensor_decorator.py
[2023-05-01T23:49:57.832+0000] {processor.py:743} INFO - Processing file /home/airflow/.local/lib/python3.7/site-packages/airflow/example_dags/example_sensor_decorator.py for tasks to queue
[2023-05-01T23:49:57.840+0000] {logging_mixin.py:137} INFO - [2023-05-01T23:49:57.839+0000] {dagbag.py:532} INFO - Filling up the DagBag from /home/airflow/.local/lib/python3.7/site-packages/airflow/example_dags/example_sensor_decorator.py
[2023-05-01T23:49:58.247+0000] {processor.py:753} INFO - DAG(s) dict_keys(['example_sensor_decorator']) retrieved from /home/airflow/.local/lib/python3.7/site-packages/airflow/example_dags/example_sensor_decorator.py
[2023-05-01T23:49:58.565+0000] {logging_mixin.py:137} INFO - [2023-05-01T23:49:58.564+0000] {dag.py:2705} INFO - Sync 1 DAGs
[2023-05-01T23:49:59.014+0000] {logging_mixin.py:137} INFO - [2023-05-01T23:49:59.009+0000] {dag.py:3456} INFO - Setting next_dagrun for example_sensor_decorator to None, run_after=None
[2023-05-01T23:49:59.381+0000] {processor.py:175} INFO - Processing /home/airflow/.local/lib/python3.7/site-packages/airflow/example_dags/example_sensor_decorator.py took 1.599 seconds
[2023-05-01T23:51:00.830+0000] {processor.py:153} INFO - Started process (PID=256) to work on /home/airflow/.local/lib/python3.7/site-packages/airflow/example_dags/example_sensor_decorator.py
[2023-05-01T23:51:00.839+0000] {processor.py:743} INFO - Processing file /home/airflow/.local/lib/python3.7/site-packages/airflow/example_dags/example_sensor_decorator.py for tasks to queue
[2023-05-01T23:51:00.851+0000] {logging_mixin.py:137} INFO - [2023-05-01T23:51:00.849+0000] {dagbag.py:532} INFO - Filling up the DagBag from /home/airflow/.local/lib/python3.7/site-packages/airflow/example_dags/example_sensor_decorator.py
[2023-05-01T23:51:01.360+0000] {processor.py:753} INFO - DAG(s) dict_keys(['example_sensor_decorator']) retrieved from /home/airflow/.local/lib/python3.7/site-packages/airflow/example_dags/example_sensor_decorator.py
[2023-05-01T23:51:01.729+0000] {logging_mixin.py:137} INFO - [2023-05-01T23:51:01.728+0000] {dag.py:2705} INFO - Sync 1 DAGs
[2023-05-01T23:51:02.362+0000] {logging_mixin.py:137} INFO - [2023-05-01T23:51:02.349+0000] {dag.py:3456} INFO - Setting next_dagrun for example_sensor_decorator to None, run_after=None
[2023-05-01T23:51:03.020+0000] {processor.py:175} INFO - Processing /home/airflow/.local/lib/python3.7/site-packages/airflow/example_dags/example_sensor_decorator.py took 2.243 seconds
[2023-05-01T23:51:40.549+0000] {processor.py:153} INFO - Started process (PID=352) to work on /home/airflow/.local/lib/python3.7/site-packages/airflow/example_dags/example_sensor_decorator.py
[2023-05-01T23:51:40.555+0000] {processor.py:743} INFO - Processing file /home/airflow/.local/lib/python3.7/site-packages/airflow/example_dags/example_sensor_decorator.py for tasks to queue
[2023-05-01T23:51:40.567+0000] {logging_mixin.py:137} INFO - [2023-05-01T23:51:40.566+0000] {dagbag.py:532} INFO - Filling up the DagBag from /home/airflow/.local/lib/python3.7/site-packages/airflow/example_dags/example_sensor_decorator.py
[2023-05-01T23:51:41.053+0000] {processor.py:753} INFO - DAG(s) dict_keys(['example_sensor_decorator']) retrieved from /home/airflow/.local/lib/python3.7/site-packages/airflow/example_dags/example_sensor_decorator.py
[2023-05-01T23:51:41.519+0000] {logging_mixin.py:137} INFO - [2023-05-01T23:51:41.518+0000] {dag.py:2705} INFO - Sync 1 DAGs
[2023-05-01T23:51:42.103+0000] {logging_mixin.py:137} INFO - [2023-05-01T23:51:42.102+0000] {dag.py:3456} INFO - Setting next_dagrun for example_sensor_decorator to None, run_after=None
[2023-05-01T23:51:42.457+0000] {processor.py:175} INFO - Processing /home/airflow/.local/lib/python3.7/site-packages/airflow/example_dags/example_sensor_decorator.py took 1.972 seconds
[2023-05-01T23:52:12.832+0000] {processor.py:153} INFO - Started process (PID=447) to work on /home/airflow/.local/lib/python3.7/site-packages/airflow/example_dags/example_sensor_decorator.py
[2023-05-01T23:52:12.839+0000] {processor.py:743} INFO - Processing file /home/airflow/.local/lib/python3.7/site-packages/airflow/example_dags/example_sensor_decorator.py for tasks to queue
[2023-05-01T23:52:12.846+0000] {logging_mixin.py:137} INFO - [2023-05-01T23:52:12.845+0000] {dagbag.py:532} INFO - Filling up the DagBag from /home/airflow/.local/lib/python3.7/site-packages/airflow/example_dags/example_sensor_decorator.py
[2023-05-01T23:52:13.156+0000] {processor.py:753} INFO - DAG(s) dict_keys(['example_sensor_decorator']) retrieved from /home/airflow/.local/lib/python3.7/site-packages/airflow/example_dags/example_sensor_decorator.py
[2023-05-01T23:52:13.332+0000] {logging_mixin.py:137} INFO - [2023-05-01T23:52:13.331+0000] {dag.py:2705} INFO - Sync 1 DAGs
[2023-05-01T23:52:13.528+0000] {logging_mixin.py:137} INFO - [2023-05-01T23:52:13.527+0000] {dag.py:3456} INFO - Setting next_dagrun for example_sensor_decorator to None, run_after=None
[2023-05-01T23:52:13.629+0000] {processor.py:175} INFO - Processing /home/airflow/.local/lib/python3.7/site-packages/airflow/example_dags/example_sensor_decorator.py took 0.819 seconds
[2023-05-01T23:52:45.511+0000] {processor.py:153} INFO - Started process (PID=543) to work on /home/airflow/.local/lib/python3.7/site-packages/airflow/example_dags/example_sensor_decorator.py
[2023-05-01T23:52:45.516+0000] {processor.py:743} INFO - Processing file /home/airflow/.local/lib/python3.7/site-packages/airflow/example_dags/example_sensor_decorator.py for tasks to queue
[2023-05-01T23:52:45.520+0000] {logging_mixin.py:137} INFO - [2023-05-01T23:52:45.519+0000] {dagbag.py:532} INFO - Filling up the DagBag from /home/airflow/.local/lib/python3.7/site-packages/airflow/example_dags/example_sensor_decorator.py
[2023-05-01T23:52:45.645+0000] {processor.py:753} INFO - DAG(s) dict_keys(['example_sensor_decorator']) retrieved from /home/airflow/.local/lib/python3.7/site-packages/airflow/example_dags/example_sensor_decorator.py
[2023-05-01T23:52:45.786+0000] {logging_mixin.py:137} INFO - [2023-05-01T23:52:45.785+0000] {dag.py:2705} INFO - Sync 1 DAGs
[2023-05-01T23:52:45.945+0000] {logging_mixin.py:137} INFO - [2023-05-01T23:52:45.945+0000] {dag.py:3456} INFO - Setting next_dagrun for example_sensor_decorator to None, run_after=None
[2023-05-01T23:52:46.031+0000] {processor.py:175} INFO - Processing /home/airflow/.local/lib/python3.7/site-packages/airflow/example_dags/example_sensor_decorator.py took 0.532 seconds
[2023-05-01T23:53:20.579+0000] {processor.py:153} INFO - Started process (PID=639) to work on /home/airflow/.local/lib/python3.7/site-packages/airflow/example_dags/example_sensor_decorator.py
[2023-05-01T23:53:20.583+0000] {processor.py:743} INFO - Processing file /home/airflow/.local/lib/python3.7/site-packages/airflow/example_dags/example_sensor_decorator.py for tasks to queue
[2023-05-01T23:53:20.588+0000] {logging_mixin.py:137} INFO - [2023-05-01T23:53:20.587+0000] {dagbag.py:532} INFO - Filling up the DagBag from /home/airflow/.local/lib/python3.7/site-packages/airflow/example_dags/example_sensor_decorator.py
[2023-05-01T23:53:20.707+0000] {processor.py:753} INFO - DAG(s) dict_keys(['example_sensor_decorator']) retrieved from /home/airflow/.local/lib/python3.7/site-packages/airflow/example_dags/example_sensor_decorator.py
[2023-05-01T23:53:20.805+0000] {logging_mixin.py:137} INFO - [2023-05-01T23:53:20.804+0000] {dag.py:2705} INFO - Sync 1 DAGs
[2023-05-01T23:53:20.962+0000] {logging_mixin.py:137} INFO - [2023-05-01T23:53:20.961+0000] {dag.py:3456} INFO - Setting next_dagrun for example_sensor_decorator to None, run_after=None
[2023-05-01T23:53:21.041+0000] {processor.py:175} INFO - Processing /home/airflow/.local/lib/python3.7/site-packages/airflow/example_dags/example_sensor_decorator.py took 0.473 seconds
[2023-05-01T23:53:57.303+0000] {processor.py:153} INFO - Started process (PID=743) to work on /home/airflow/.local/lib/python3.7/site-packages/airflow/example_dags/example_sensor_decorator.py
[2023-05-01T23:53:57.308+0000] {processor.py:743} INFO - Processing file /home/airflow/.local/lib/python3.7/site-packages/airflow/example_dags/example_sensor_decorator.py for tasks to queue
[2023-05-01T23:53:57.315+0000] {logging_mixin.py:137} INFO - [2023-05-01T23:53:57.314+0000] {dagbag.py:532} INFO - Filling up the DagBag from /home/airflow/.local/lib/python3.7/site-packages/airflow/example_dags/example_sensor_decorator.py
[2023-05-01T23:53:57.467+0000] {processor.py:753} INFO - DAG(s) dict_keys(['example_sensor_decorator']) retrieved from /home/airflow/.local/lib/python3.7/site-packages/airflow/example_dags/example_sensor_decorator.py
[2023-05-01T23:53:57.587+0000] {logging_mixin.py:137} INFO - [2023-05-01T23:53:57.586+0000] {dag.py:2705} INFO - Sync 1 DAGs
[2023-05-01T23:53:57.734+0000] {logging_mixin.py:137} INFO - [2023-05-01T23:53:57.733+0000] {dag.py:3456} INFO - Setting next_dagrun for example_sensor_decorator to None, run_after=None
[2023-05-01T23:53:57.816+0000] {processor.py:175} INFO - Processing /home/airflow/.local/lib/python3.7/site-packages/airflow/example_dags/example_sensor_decorator.py took 0.527 seconds
[2023-05-01T23:54:30.847+0000] {processor.py:153} INFO - Started process (PID=840) to work on /home/airflow/.local/lib/python3.7/site-packages/airflow/example_dags/example_sensor_decorator.py
[2023-05-01T23:54:30.858+0000] {processor.py:743} INFO - Processing file /home/airflow/.local/lib/python3.7/site-packages/airflow/example_dags/example_sensor_decorator.py for tasks to queue
[2023-05-01T23:54:30.866+0000] {logging_mixin.py:137} INFO - [2023-05-01T23:54:30.865+0000] {dagbag.py:532} INFO - Filling up the DagBag from /home/airflow/.local/lib/python3.7/site-packages/airflow/example_dags/example_sensor_decorator.py
[2023-05-01T23:54:31.134+0000] {processor.py:753} INFO - DAG(s) dict_keys(['example_sensor_decorator']) retrieved from /home/airflow/.local/lib/python3.7/site-packages/airflow/example_dags/example_sensor_decorator.py
[2023-05-01T23:54:31.319+0000] {logging_mixin.py:137} INFO - [2023-05-01T23:54:31.318+0000] {dag.py:2705} INFO - Sync 1 DAGs
[2023-05-01T23:54:31.492+0000] {logging_mixin.py:137} INFO - [2023-05-01T23:54:31.491+0000] {dag.py:3456} INFO - Setting next_dagrun for example_sensor_decorator to None, run_after=None
[2023-05-01T23:54:31.583+0000] {processor.py:175} INFO - Processing /home/airflow/.local/lib/python3.7/site-packages/airflow/example_dags/example_sensor_decorator.py took 0.771 seconds
[2023-05-01T23:55:02.500+0000] {processor.py:153} INFO - Started process (PID=933) to work on /home/airflow/.local/lib/python3.7/site-packages/airflow/example_dags/example_sensor_decorator.py
[2023-05-01T23:55:02.508+0000] {processor.py:743} INFO - Processing file /home/airflow/.local/lib/python3.7/site-packages/airflow/example_dags/example_sensor_decorator.py for tasks to queue
[2023-05-01T23:55:02.518+0000] {logging_mixin.py:137} INFO - [2023-05-01T23:55:02.517+0000] {dagbag.py:532} INFO - Filling up the DagBag from /home/airflow/.local/lib/python3.7/site-packages/airflow/example_dags/example_sensor_decorator.py
[2023-05-01T23:55:02.673+0000] {processor.py:753} INFO - DAG(s) dict_keys(['example_sensor_decorator']) retrieved from /home/airflow/.local/lib/python3.7/site-packages/airflow/example_dags/example_sensor_decorator.py
[2023-05-01T23:55:02.793+0000] {logging_mixin.py:137} INFO - [2023-05-01T23:55:02.792+0000] {dag.py:2705} INFO - Sync 1 DAGs
[2023-05-01T23:55:02.988+0000] {logging_mixin.py:137} INFO - [2023-05-01T23:55:02.987+0000] {dag.py:3456} INFO - Setting next_dagrun for example_sensor_decorator to None, run_after=None
[2023-05-01T23:55:03.087+0000] {processor.py:175} INFO - Processing /home/airflow/.local/lib/python3.7/site-packages/airflow/example_dags/example_sensor_decorator.py took 0.631 seconds
[2023-05-01T23:55:33.463+0000] {processor.py:153} INFO - Started process (PID=1030) to work on /home/airflow/.local/lib/python3.7/site-packages/airflow/example_dags/example_sensor_decorator.py
[2023-05-01T23:55:33.466+0000] {processor.py:743} INFO - Processing file /home/airflow/.local/lib/python3.7/site-packages/airflow/example_dags/example_sensor_decorator.py for tasks to queue
[2023-05-01T23:55:33.472+0000] {logging_mixin.py:137} INFO - [2023-05-01T23:55:33.471+0000] {dagbag.py:532} INFO - Filling up the DagBag from /home/airflow/.local/lib/python3.7/site-packages/airflow/example_dags/example_sensor_decorator.py
[2023-05-01T23:55:33.589+0000] {processor.py:753} INFO - DAG(s) dict_keys(['example_sensor_decorator']) retrieved from /home/airflow/.local/lib/python3.7/site-packages/airflow/example_dags/example_sensor_decorator.py
[2023-05-01T23:55:33.692+0000] {logging_mixin.py:137} INFO - [2023-05-01T23:55:33.692+0000] {dag.py:2705} INFO - Sync 1 DAGs
[2023-05-01T23:55:33.841+0000] {logging_mixin.py:137} INFO - [2023-05-01T23:55:33.840+0000] {dag.py:3456} INFO - Setting next_dagrun for example_sensor_decorator to None, run_after=None
[2023-05-01T23:55:33.944+0000] {processor.py:175} INFO - Processing /home/airflow/.local/lib/python3.7/site-packages/airflow/example_dags/example_sensor_decorator.py took 0.490 seconds
[2023-05-01T23:56:04.141+0000] {processor.py:153} INFO - Started process (PID=1123) to work on /home/airflow/.local/lib/python3.7/site-packages/airflow/example_dags/example_sensor_decorator.py
[2023-05-01T23:56:04.143+0000] {processor.py:743} INFO - Processing file /home/airflow/.local/lib/python3.7/site-packages/airflow/example_dags/example_sensor_decorator.py for tasks to queue
[2023-05-01T23:56:04.146+0000] {logging_mixin.py:137} INFO - [2023-05-01T23:56:04.146+0000] {dagbag.py:532} INFO - Filling up the DagBag from /home/airflow/.local/lib/python3.7/site-packages/airflow/example_dags/example_sensor_decorator.py
[2023-05-01T23:56:04.236+0000] {processor.py:753} INFO - DAG(s) dict_keys(['example_sensor_decorator']) retrieved from /home/airflow/.local/lib/python3.7/site-packages/airflow/example_dags/example_sensor_decorator.py
[2023-05-01T23:56:04.318+0000] {logging_mixin.py:137} INFO - [2023-05-01T23:56:04.317+0000] {dag.py:2705} INFO - Sync 1 DAGs
[2023-05-01T23:56:04.435+0000] {logging_mixin.py:137} INFO - [2023-05-01T23:56:04.435+0000] {dag.py:3456} INFO - Setting next_dagrun for example_sensor_decorator to None, run_after=None
[2023-05-01T23:56:04.498+0000] {processor.py:175} INFO - Processing /home/airflow/.local/lib/python3.7/site-packages/airflow/example_dags/example_sensor_decorator.py took 0.366 seconds
[2023-05-01T23:56:34.602+0000] {processor.py:153} INFO - Started process (PID=1219) to work on /home/airflow/.local/lib/python3.7/site-packages/airflow/example_dags/example_sensor_decorator.py
[2023-05-01T23:56:34.605+0000] {processor.py:743} INFO - Processing file /home/airflow/.local/lib/python3.7/site-packages/airflow/example_dags/example_sensor_decorator.py for tasks to queue
[2023-05-01T23:56:34.610+0000] {logging_mixin.py:137} INFO - [2023-05-01T23:56:34.609+0000] {dagbag.py:532} INFO - Filling up the DagBag from /home/airflow/.local/lib/python3.7/site-packages/airflow/example_dags/example_sensor_decorator.py
[2023-05-01T23:56:34.716+0000] {processor.py:753} INFO - DAG(s) dict_keys(['example_sensor_decorator']) retrieved from /home/airflow/.local/lib/python3.7/site-packages/airflow/example_dags/example_sensor_decorator.py
[2023-05-01T23:56:34.815+0000] {logging_mixin.py:137} INFO - [2023-05-01T23:56:34.814+0000] {dag.py:2705} INFO - Sync 1 DAGs
[2023-05-01T23:56:34.956+0000] {logging_mixin.py:137} INFO - [2023-05-01T23:56:34.955+0000] {dag.py:3456} INFO - Setting next_dagrun for example_sensor_decorator to None, run_after=None
[2023-05-01T23:56:35.034+0000] {processor.py:175} INFO - Processing /home/airflow/.local/lib/python3.7/site-packages/airflow/example_dags/example_sensor_decorator.py took 0.442 seconds
[2023-05-01T23:57:06.698+0000] {processor.py:153} INFO - Started process (PID=1315) to work on /home/airflow/.local/lib/python3.7/site-packages/airflow/example_dags/example_sensor_decorator.py
[2023-05-01T23:57:06.702+0000] {processor.py:743} INFO - Processing file /home/airflow/.local/lib/python3.7/site-packages/airflow/example_dags/example_sensor_decorator.py for tasks to queue
[2023-05-01T23:57:06.709+0000] {logging_mixin.py:137} INFO - [2023-05-01T23:57:06.708+0000] {dagbag.py:532} INFO - Filling up the DagBag from /home/airflow/.local/lib/python3.7/site-packages/airflow/example_dags/example_sensor_decorator.py
[2023-05-01T23:57:06.862+0000] {processor.py:753} INFO - DAG(s) dict_keys(['example_sensor_decorator']) retrieved from /home/airflow/.local/lib/python3.7/site-packages/airflow/example_dags/example_sensor_decorator.py
[2023-05-01T23:57:06.986+0000] {logging_mixin.py:137} INFO - [2023-05-01T23:57:06.985+0000] {dag.py:2705} INFO - Sync 1 DAGs
[2023-05-01T23:57:07.233+0000] {logging_mixin.py:137} INFO - [2023-05-01T23:57:07.232+0000] {dag.py:3456} INFO - Setting next_dagrun for example_sensor_decorator to None, run_after=None
[2023-05-01T23:57:07.522+0000] {processor.py:175} INFO - Processing /home/airflow/.local/lib/python3.7/site-packages/airflow/example_dags/example_sensor_decorator.py took 0.837 seconds
[2023-05-01T23:57:39.365+0000] {processor.py:153} INFO - Started process (PID=1411) to work on /home/airflow/.local/lib/python3.7/site-packages/airflow/example_dags/example_sensor_decorator.py
[2023-05-01T23:57:39.376+0000] {processor.py:743} INFO - Processing file /home/airflow/.local/lib/python3.7/site-packages/airflow/example_dags/example_sensor_decorator.py for tasks to queue
[2023-05-01T23:57:39.385+0000] {logging_mixin.py:137} INFO - [2023-05-01T23:57:39.385+0000] {dagbag.py:532} INFO - Filling up the DagBag from /home/airflow/.local/lib/python3.7/site-packages/airflow/example_dags/example_sensor_decorator.py
[2023-05-01T23:57:39.529+0000] {processor.py:753} INFO - DAG(s) dict_keys(['example_sensor_decorator']) retrieved from /home/airflow/.local/lib/python3.7/site-packages/airflow/example_dags/example_sensor_decorator.py
[2023-05-01T23:57:39.647+0000] {logging_mixin.py:137} INFO - [2023-05-01T23:57:39.646+0000] {dag.py:2705} INFO - Sync 1 DAGs
[2023-05-01T23:57:39.854+0000] {logging_mixin.py:137} INFO - [2023-05-01T23:57:39.853+0000] {dag.py:3456} INFO - Setting next_dagrun for example_sensor_decorator to None, run_after=None
[2023-05-01T23:57:39.944+0000] {processor.py:175} INFO - Processing /home/airflow/.local/lib/python3.7/site-packages/airflow/example_dags/example_sensor_decorator.py took 0.594 seconds
[2023-05-01T23:58:10.314+0000] {processor.py:153} INFO - Started process (PID=1507) to work on /home/airflow/.local/lib/python3.7/site-packages/airflow/example_dags/example_sensor_decorator.py
[2023-05-01T23:58:10.317+0000] {processor.py:743} INFO - Processing file /home/airflow/.local/lib/python3.7/site-packages/airflow/example_dags/example_sensor_decorator.py for tasks to queue
[2023-05-01T23:58:10.322+0000] {logging_mixin.py:137} INFO - [2023-05-01T23:58:10.321+0000] {dagbag.py:532} INFO - Filling up the DagBag from /home/airflow/.local/lib/python3.7/site-packages/airflow/example_dags/example_sensor_decorator.py
[2023-05-01T23:58:10.430+0000] {processor.py:753} INFO - DAG(s) dict_keys(['example_sensor_decorator']) retrieved from /home/airflow/.local/lib/python3.7/site-packages/airflow/example_dags/example_sensor_decorator.py
[2023-05-01T23:58:10.549+0000] {logging_mixin.py:137} INFO - [2023-05-01T23:58:10.548+0000] {dag.py:2705} INFO - Sync 1 DAGs
[2023-05-01T23:58:10.687+0000] {logging_mixin.py:137} INFO - [2023-05-01T23:58:10.686+0000] {dag.py:3456} INFO - Setting next_dagrun for example_sensor_decorator to None, run_after=None
[2023-05-01T23:58:10.784+0000] {processor.py:175} INFO - Processing /home/airflow/.local/lib/python3.7/site-packages/airflow/example_dags/example_sensor_decorator.py took 0.480 seconds
[2023-05-01T23:58:49.263+0000] {processor.py:153} INFO - Started process (PID=1584) to work on /home/airflow/.local/lib/python3.7/site-packages/airflow/example_dags/example_sensor_decorator.py
[2023-05-01T23:58:49.266+0000] {processor.py:743} INFO - Processing file /home/airflow/.local/lib/python3.7/site-packages/airflow/example_dags/example_sensor_decorator.py for tasks to queue
[2023-05-01T23:58:49.270+0000] {logging_mixin.py:137} INFO - [2023-05-01T23:58:49.269+0000] {dagbag.py:532} INFO - Filling up the DagBag from /home/airflow/.local/lib/python3.7/site-packages/airflow/example_dags/example_sensor_decorator.py
[2023-05-01T23:58:49.386+0000] {processor.py:753} INFO - DAG(s) dict_keys(['example_sensor_decorator']) retrieved from /home/airflow/.local/lib/python3.7/site-packages/airflow/example_dags/example_sensor_decorator.py
[2023-05-01T23:58:49.569+0000] {logging_mixin.py:137} INFO - [2023-05-01T23:58:49.568+0000] {dag.py:2705} INFO - Sync 1 DAGs
[2023-05-01T23:58:49.719+0000] {logging_mixin.py:137} INFO - [2023-05-01T23:58:49.718+0000] {dag.py:3456} INFO - Setting next_dagrun for example_sensor_decorator to None, run_after=None
[2023-05-01T23:58:49.811+0000] {processor.py:175} INFO - Processing /home/airflow/.local/lib/python3.7/site-packages/airflow/example_dags/example_sensor_decorator.py took 0.558 seconds
[2023-05-01T23:59:21.419+0000] {processor.py:153} INFO - Started process (PID=1679) to work on /home/airflow/.local/lib/python3.7/site-packages/airflow/example_dags/example_sensor_decorator.py
[2023-05-01T23:59:21.422+0000] {processor.py:743} INFO - Processing file /home/airflow/.local/lib/python3.7/site-packages/airflow/example_dags/example_sensor_decorator.py for tasks to queue
[2023-05-01T23:59:21.426+0000] {logging_mixin.py:137} INFO - [2023-05-01T23:59:21.425+0000] {dagbag.py:532} INFO - Filling up the DagBag from /home/airflow/.local/lib/python3.7/site-packages/airflow/example_dags/example_sensor_decorator.py
[2023-05-01T23:59:21.563+0000] {processor.py:753} INFO - DAG(s) dict_keys(['example_sensor_decorator']) retrieved from /home/airflow/.local/lib/python3.7/site-packages/airflow/example_dags/example_sensor_decorator.py
[2023-05-01T23:59:21.672+0000] {logging_mixin.py:137} INFO - [2023-05-01T23:59:21.671+0000] {dag.py:2705} INFO - Sync 1 DAGs
[2023-05-01T23:59:21.887+0000] {logging_mixin.py:137} INFO - [2023-05-01T23:59:21.885+0000] {dag.py:3456} INFO - Setting next_dagrun for example_sensor_decorator to None, run_after=None
[2023-05-01T23:59:22.010+0000] {processor.py:175} INFO - Processing /home/airflow/.local/lib/python3.7/site-packages/airflow/example_dags/example_sensor_decorator.py took 0.604 seconds
[2023-05-01T23:59:52.511+0000] {processor.py:153} INFO - Started process (PID=1772) to work on /home/airflow/.local/lib/python3.7/site-packages/airflow/example_dags/example_sensor_decorator.py
[2023-05-01T23:59:52.517+0000] {processor.py:743} INFO - Processing file /home/airflow/.local/lib/python3.7/site-packages/airflow/example_dags/example_sensor_decorator.py for tasks to queue
[2023-05-01T23:59:52.525+0000] {logging_mixin.py:137} INFO - [2023-05-01T23:59:52.524+0000] {dagbag.py:532} INFO - Filling up the DagBag from /home/airflow/.local/lib/python3.7/site-packages/airflow/example_dags/example_sensor_decorator.py
[2023-05-01T23:59:52.675+0000] {processor.py:753} INFO - DAG(s) dict_keys(['example_sensor_decorator']) retrieved from /home/airflow/.local/lib/python3.7/site-packages/airflow/example_dags/example_sensor_decorator.py
[2023-05-01T23:59:52.783+0000] {logging_mixin.py:137} INFO - [2023-05-01T23:59:52.782+0000] {dag.py:2705} INFO - Sync 1 DAGs
[2023-05-01T23:59:52.972+0000] {logging_mixin.py:137} INFO - [2023-05-01T23:59:52.969+0000] {dag.py:3456} INFO - Setting next_dagrun for example_sensor_decorator to None, run_after=None
[2023-05-01T23:59:53.082+0000] {processor.py:175} INFO - Processing /home/airflow/.local/lib/python3.7/site-packages/airflow/example_dags/example_sensor_decorator.py took 0.587 seconds
