[2023-05-01T23:49:53.128+0000] {processor.py:153} INFO - Started process (PID=142) to work on /home/airflow/.local/lib/python3.7/site-packages/airflow/example_dags/example_short_circuit_operator.py
[2023-05-01T23:49:53.136+0000] {processor.py:743} INFO - Processing file /home/airflow/.local/lib/python3.7/site-packages/airflow/example_dags/example_short_circuit_operator.py for tasks to queue
[2023-05-01T23:49:53.155+0000] {logging_mixin.py:137} INFO - [2023-05-01T23:49:53.154+0000] {dagbag.py:532} INFO - Filling up the DagBag from /home/airflow/.local/lib/python3.7/site-packages/airflow/example_dags/example_short_circuit_operator.py
[2023-05-01T23:49:53.597+0000] {processor.py:753} INFO - DAG(s) dict_keys(['example_short_circuit_operator']) retrieved from /home/airflow/.local/lib/python3.7/site-packages/airflow/example_dags/example_short_circuit_operator.py
[2023-05-01T23:49:54.175+0000] {logging_mixin.py:137} INFO - [2023-05-01T23:49:54.174+0000] {dag.py:2705} INFO - Sync 1 DAGs
[2023-05-01T23:49:54.724+0000] {logging_mixin.py:137} INFO - [2023-05-01T23:49:54.720+0000] {dag.py:3456} INFO - Setting next_dagrun for example_short_circuit_operator to 2023-04-30T23:49:54.718365+00:00, run_after=2023-05-01T23:49:54.718365+00:00
[2023-05-01T23:49:55.075+0000] {processor.py:175} INFO - Processing /home/airflow/.local/lib/python3.7/site-packages/airflow/example_dags/example_short_circuit_operator.py took 1.976 seconds
[2023-05-01T23:50:56.284+0000] {processor.py:153} INFO - Started process (PID=246) to work on /home/airflow/.local/lib/python3.7/site-packages/airflow/example_dags/example_short_circuit_operator.py
[2023-05-01T23:50:56.288+0000] {processor.py:743} INFO - Processing file /home/airflow/.local/lib/python3.7/site-packages/airflow/example_dags/example_short_circuit_operator.py for tasks to queue
[2023-05-01T23:50:56.321+0000] {logging_mixin.py:137} INFO - [2023-05-01T23:50:56.317+0000] {dagbag.py:532} INFO - Filling up the DagBag from /home/airflow/.local/lib/python3.7/site-packages/airflow/example_dags/example_short_circuit_operator.py
[2023-05-01T23:50:56.692+0000] {processor.py:753} INFO - DAG(s) dict_keys(['example_short_circuit_operator']) retrieved from /home/airflow/.local/lib/python3.7/site-packages/airflow/example_dags/example_short_circuit_operator.py
[2023-05-01T23:50:56.998+0000] {logging_mixin.py:137} INFO - [2023-05-01T23:50:56.993+0000] {dag.py:2705} INFO - Sync 1 DAGs
[2023-05-01T23:50:57.739+0000] {logging_mixin.py:137} INFO - [2023-05-01T23:50:57.731+0000] {dag.py:3456} INFO - Setting next_dagrun for example_short_circuit_operator to 2023-04-30T23:50:57.713817+00:00, run_after=2023-05-01T23:50:57.713817+00:00
[2023-05-01T23:50:58.107+0000] {processor.py:175} INFO - Processing /home/airflow/.local/lib/python3.7/site-packages/airflow/example_dags/example_short_circuit_operator.py took 1.878 seconds
[2023-05-01T23:51:35.199+0000] {processor.py:153} INFO - Started process (PID=342) to work on /home/airflow/.local/lib/python3.7/site-packages/airflow/example_dags/example_short_circuit_operator.py
[2023-05-01T23:51:35.210+0000] {processor.py:743} INFO - Processing file /home/airflow/.local/lib/python3.7/site-packages/airflow/example_dags/example_short_circuit_operator.py for tasks to queue
[2023-05-01T23:51:35.219+0000] {logging_mixin.py:137} INFO - [2023-05-01T23:51:35.218+0000] {dagbag.py:532} INFO - Filling up the DagBag from /home/airflow/.local/lib/python3.7/site-packages/airflow/example_dags/example_short_circuit_operator.py
[2023-05-01T23:51:35.761+0000] {processor.py:753} INFO - DAG(s) dict_keys(['example_short_circuit_operator']) retrieved from /home/airflow/.local/lib/python3.7/site-packages/airflow/example_dags/example_short_circuit_operator.py
[2023-05-01T23:51:36.923+0000] {logging_mixin.py:137} INFO - [2023-05-01T23:51:36.910+0000] {dag.py:2705} INFO - Sync 1 DAGs
[2023-05-01T23:51:37.762+0000] {logging_mixin.py:137} INFO - [2023-05-01T23:51:37.752+0000] {dag.py:3456} INFO - Setting next_dagrun for example_short_circuit_operator to 2023-04-30T23:51:37.749850+00:00, run_after=2023-05-01T23:51:37.749850+00:00
[2023-05-01T23:51:38.091+0000] {processor.py:175} INFO - Processing /home/airflow/.local/lib/python3.7/site-packages/airflow/example_dags/example_short_circuit_operator.py took 2.946 seconds
[2023-05-01T23:52:09.317+0000] {processor.py:153} INFO - Started process (PID=438) to work on /home/airflow/.local/lib/python3.7/site-packages/airflow/example_dags/example_short_circuit_operator.py
[2023-05-01T23:52:09.323+0000] {processor.py:743} INFO - Processing file /home/airflow/.local/lib/python3.7/site-packages/airflow/example_dags/example_short_circuit_operator.py for tasks to queue
[2023-05-01T23:52:09.332+0000] {logging_mixin.py:137} INFO - [2023-05-01T23:52:09.331+0000] {dagbag.py:532} INFO - Filling up the DagBag from /home/airflow/.local/lib/python3.7/site-packages/airflow/example_dags/example_short_circuit_operator.py
[2023-05-01T23:52:09.489+0000] {processor.py:753} INFO - DAG(s) dict_keys(['example_short_circuit_operator']) retrieved from /home/airflow/.local/lib/python3.7/site-packages/airflow/example_dags/example_short_circuit_operator.py
[2023-05-01T23:52:09.823+0000] {logging_mixin.py:137} INFO - [2023-05-01T23:52:09.822+0000] {dag.py:2705} INFO - Sync 1 DAGs
[2023-05-01T23:52:10.179+0000] {logging_mixin.py:137} INFO - [2023-05-01T23:52:10.177+0000] {dag.py:3456} INFO - Setting next_dagrun for example_short_circuit_operator to 2023-04-30T23:52:10.175933+00:00, run_after=2023-05-01T23:52:10.175933+00:00
[2023-05-01T23:52:10.291+0000] {processor.py:175} INFO - Processing /home/airflow/.local/lib/python3.7/site-packages/airflow/example_dags/example_short_circuit_operator.py took 0.993 seconds
[2023-05-01T23:52:40.852+0000] {processor.py:153} INFO - Started process (PID=530) to work on /home/airflow/.local/lib/python3.7/site-packages/airflow/example_dags/example_short_circuit_operator.py
[2023-05-01T23:52:40.856+0000] {processor.py:743} INFO - Processing file /home/airflow/.local/lib/python3.7/site-packages/airflow/example_dags/example_short_circuit_operator.py for tasks to queue
[2023-05-01T23:52:40.860+0000] {logging_mixin.py:137} INFO - [2023-05-01T23:52:40.859+0000] {dagbag.py:532} INFO - Filling up the DagBag from /home/airflow/.local/lib/python3.7/site-packages/airflow/example_dags/example_short_circuit_operator.py
[2023-05-01T23:52:40.947+0000] {processor.py:753} INFO - DAG(s) dict_keys(['example_short_circuit_operator']) retrieved from /home/airflow/.local/lib/python3.7/site-packages/airflow/example_dags/example_short_circuit_operator.py
[2023-05-01T23:52:41.083+0000] {logging_mixin.py:137} INFO - [2023-05-01T23:52:41.083+0000] {dag.py:2705} INFO - Sync 1 DAGs
[2023-05-01T23:52:41.246+0000] {logging_mixin.py:137} INFO - [2023-05-01T23:52:41.244+0000] {dag.py:3456} INFO - Setting next_dagrun for example_short_circuit_operator to 2023-04-30T23:52:41.242881+00:00, run_after=2023-05-01T23:52:41.242881+00:00
[2023-05-01T23:52:41.340+0000] {processor.py:175} INFO - Processing /home/airflow/.local/lib/python3.7/site-packages/airflow/example_dags/example_short_circuit_operator.py took 0.500 seconds
[2023-05-01T23:53:11.486+0000] {processor.py:153} INFO - Started process (PID=623) to work on /home/airflow/.local/lib/python3.7/site-packages/airflow/example_dags/example_short_circuit_operator.py
[2023-05-01T23:53:11.490+0000] {processor.py:743} INFO - Processing file /home/airflow/.local/lib/python3.7/site-packages/airflow/example_dags/example_short_circuit_operator.py for tasks to queue
[2023-05-01T23:53:11.494+0000] {logging_mixin.py:137} INFO - [2023-05-01T23:53:11.493+0000] {dagbag.py:532} INFO - Filling up the DagBag from /home/airflow/.local/lib/python3.7/site-packages/airflow/example_dags/example_short_circuit_operator.py
[2023-05-01T23:53:11.574+0000] {processor.py:753} INFO - DAG(s) dict_keys(['example_short_circuit_operator']) retrieved from /home/airflow/.local/lib/python3.7/site-packages/airflow/example_dags/example_short_circuit_operator.py
[2023-05-01T23:53:11.711+0000] {logging_mixin.py:137} INFO - [2023-05-01T23:53:11.710+0000] {dag.py:2705} INFO - Sync 1 DAGs
[2023-05-01T23:53:11.869+0000] {logging_mixin.py:137} INFO - [2023-05-01T23:53:11.868+0000] {dag.py:3456} INFO - Setting next_dagrun for example_short_circuit_operator to 2023-04-30T23:53:11.865827+00:00, run_after=2023-05-01T23:53:11.865827+00:00
[2023-05-01T23:53:11.947+0000] {processor.py:175} INFO - Processing /home/airflow/.local/lib/python3.7/site-packages/airflow/example_dags/example_short_circuit_operator.py took 0.470 seconds
[2023-05-01T23:53:43.295+0000] {processor.py:153} INFO - Started process (PID=719) to work on /home/airflow/.local/lib/python3.7/site-packages/airflow/example_dags/example_short_circuit_operator.py
[2023-05-01T23:53:43.299+0000] {processor.py:743} INFO - Processing file /home/airflow/.local/lib/python3.7/site-packages/airflow/example_dags/example_short_circuit_operator.py for tasks to queue
[2023-05-01T23:53:43.305+0000] {logging_mixin.py:137} INFO - [2023-05-01T23:53:43.304+0000] {dagbag.py:532} INFO - Filling up the DagBag from /home/airflow/.local/lib/python3.7/site-packages/airflow/example_dags/example_short_circuit_operator.py
[2023-05-01T23:53:43.391+0000] {processor.py:753} INFO - DAG(s) dict_keys(['example_short_circuit_operator']) retrieved from /home/airflow/.local/lib/python3.7/site-packages/airflow/example_dags/example_short_circuit_operator.py
[2023-05-01T23:53:43.526+0000] {logging_mixin.py:137} INFO - [2023-05-01T23:53:43.525+0000] {dag.py:2705} INFO - Sync 1 DAGs
[2023-05-01T23:53:43.691+0000] {logging_mixin.py:137} INFO - [2023-05-01T23:53:43.690+0000] {dag.py:3456} INFO - Setting next_dagrun for example_short_circuit_operator to 2023-04-30T23:53:43.688957+00:00, run_after=2023-05-01T23:53:43.688957+00:00
[2023-05-01T23:53:43.776+0000] {processor.py:175} INFO - Processing /home/airflow/.local/lib/python3.7/site-packages/airflow/example_dags/example_short_circuit_operator.py took 0.492 seconds
[2023-05-01T23:54:13.892+0000] {processor.py:153} INFO - Started process (PID=815) to work on /home/airflow/.local/lib/python3.7/site-packages/airflow/example_dags/example_short_circuit_operator.py
[2023-05-01T23:54:13.895+0000] {processor.py:743} INFO - Processing file /home/airflow/.local/lib/python3.7/site-packages/airflow/example_dags/example_short_circuit_operator.py for tasks to queue
[2023-05-01T23:54:13.899+0000] {logging_mixin.py:137} INFO - [2023-05-01T23:54:13.898+0000] {dagbag.py:532} INFO - Filling up the DagBag from /home/airflow/.local/lib/python3.7/site-packages/airflow/example_dags/example_short_circuit_operator.py
[2023-05-01T23:54:13.973+0000] {processor.py:753} INFO - DAG(s) dict_keys(['example_short_circuit_operator']) retrieved from /home/airflow/.local/lib/python3.7/site-packages/airflow/example_dags/example_short_circuit_operator.py
[2023-05-01T23:54:14.091+0000] {logging_mixin.py:137} INFO - [2023-05-01T23:54:14.090+0000] {dag.py:2705} INFO - Sync 1 DAGs
[2023-05-01T23:54:14.218+0000] {logging_mixin.py:137} INFO - [2023-05-01T23:54:14.217+0000] {dag.py:3456} INFO - Setting next_dagrun for example_short_circuit_operator to 2023-04-30T23:54:14.216465+00:00, run_after=2023-05-01T23:54:14.216465+00:00
[2023-05-01T23:54:14.289+0000] {processor.py:175} INFO - Processing /home/airflow/.local/lib/python3.7/site-packages/airflow/example_dags/example_short_circuit_operator.py took 0.406 seconds
[2023-05-01T23:54:44.842+0000] {processor.py:153} INFO - Started process (PID=912) to work on /home/airflow/.local/lib/python3.7/site-packages/airflow/example_dags/example_short_circuit_operator.py
[2023-05-01T23:54:44.845+0000] {processor.py:743} INFO - Processing file /home/airflow/.local/lib/python3.7/site-packages/airflow/example_dags/example_short_circuit_operator.py for tasks to queue
[2023-05-01T23:54:44.848+0000] {logging_mixin.py:137} INFO - [2023-05-01T23:54:44.848+0000] {dagbag.py:532} INFO - Filling up the DagBag from /home/airflow/.local/lib/python3.7/site-packages/airflow/example_dags/example_short_circuit_operator.py
[2023-05-01T23:54:44.916+0000] {processor.py:753} INFO - DAG(s) dict_keys(['example_short_circuit_operator']) retrieved from /home/airflow/.local/lib/python3.7/site-packages/airflow/example_dags/example_short_circuit_operator.py
[2023-05-01T23:54:45.028+0000] {logging_mixin.py:137} INFO - [2023-05-01T23:54:45.028+0000] {dag.py:2705} INFO - Sync 1 DAGs
[2023-05-01T23:54:45.149+0000] {logging_mixin.py:137} INFO - [2023-05-01T23:54:45.148+0000] {dag.py:3456} INFO - Setting next_dagrun for example_short_circuit_operator to 2023-04-30T23:54:45.147196+00:00, run_after=2023-05-01T23:54:45.147196+00:00
[2023-05-01T23:54:45.220+0000] {processor.py:175} INFO - Processing /home/airflow/.local/lib/python3.7/site-packages/airflow/example_dags/example_short_circuit_operator.py took 0.388 seconds
[2023-05-01T23:55:19.060+0000] {processor.py:153} INFO - Started process (PID=1008) to work on /home/airflow/.local/lib/python3.7/site-packages/airflow/example_dags/example_short_circuit_operator.py
[2023-05-01T23:55:19.063+0000] {processor.py:743} INFO - Processing file /home/airflow/.local/lib/python3.7/site-packages/airflow/example_dags/example_short_circuit_operator.py for tasks to queue
[2023-05-01T23:55:19.067+0000] {logging_mixin.py:137} INFO - [2023-05-01T23:55:19.066+0000] {dagbag.py:532} INFO - Filling up the DagBag from /home/airflow/.local/lib/python3.7/site-packages/airflow/example_dags/example_short_circuit_operator.py
[2023-05-01T23:55:19.139+0000] {processor.py:753} INFO - DAG(s) dict_keys(['example_short_circuit_operator']) retrieved from /home/airflow/.local/lib/python3.7/site-packages/airflow/example_dags/example_short_circuit_operator.py
[2023-05-01T23:55:19.250+0000] {logging_mixin.py:137} INFO - [2023-05-01T23:55:19.250+0000] {dag.py:2705} INFO - Sync 1 DAGs
[2023-05-01T23:55:19.391+0000] {logging_mixin.py:137} INFO - [2023-05-01T23:55:19.390+0000] {dag.py:3456} INFO - Setting next_dagrun for example_short_circuit_operator to 2023-04-30T23:55:19.388992+00:00, run_after=2023-05-01T23:55:19.388992+00:00
[2023-05-01T23:55:19.481+0000] {processor.py:175} INFO - Processing /home/airflow/.local/lib/python3.7/site-packages/airflow/example_dags/example_short_circuit_operator.py took 0.432 seconds
[2023-05-01T23:55:55.090+0000] {processor.py:153} INFO - Started process (PID=1087) to work on /home/airflow/.local/lib/python3.7/site-packages/airflow/example_dags/example_short_circuit_operator.py
[2023-05-01T23:55:55.095+0000] {processor.py:743} INFO - Processing file /home/airflow/.local/lib/python3.7/site-packages/airflow/example_dags/example_short_circuit_operator.py for tasks to queue
[2023-05-01T23:55:55.099+0000] {logging_mixin.py:137} INFO - [2023-05-01T23:55:55.099+0000] {dagbag.py:532} INFO - Filling up the DagBag from /home/airflow/.local/lib/python3.7/site-packages/airflow/example_dags/example_short_circuit_operator.py
[2023-05-01T23:55:55.194+0000] {processor.py:753} INFO - DAG(s) dict_keys(['example_short_circuit_operator']) retrieved from /home/airflow/.local/lib/python3.7/site-packages/airflow/example_dags/example_short_circuit_operator.py
[2023-05-01T23:55:55.326+0000] {logging_mixin.py:137} INFO - [2023-05-01T23:55:55.325+0000] {dag.py:2705} INFO - Sync 1 DAGs
[2023-05-01T23:55:55.503+0000] {logging_mixin.py:137} INFO - [2023-05-01T23:55:55.502+0000] {dag.py:3456} INFO - Setting next_dagrun for example_short_circuit_operator to 2023-04-30T23:55:55.501209+00:00, run_after=2023-05-01T23:55:55.501209+00:00
[2023-05-01T23:55:55.586+0000] {processor.py:175} INFO - Processing /home/airflow/.local/lib/python3.7/site-packages/airflow/example_dags/example_short_circuit_operator.py took 0.505 seconds
[2023-05-01T23:56:28.013+0000] {processor.py:153} INFO - Started process (PID=1191) to work on /home/airflow/.local/lib/python3.7/site-packages/airflow/example_dags/example_short_circuit_operator.py
[2023-05-01T23:56:28.017+0000] {processor.py:743} INFO - Processing file /home/airflow/.local/lib/python3.7/site-packages/airflow/example_dags/example_short_circuit_operator.py for tasks to queue
[2023-05-01T23:56:28.021+0000] {logging_mixin.py:137} INFO - [2023-05-01T23:56:28.020+0000] {dagbag.py:532} INFO - Filling up the DagBag from /home/airflow/.local/lib/python3.7/site-packages/airflow/example_dags/example_short_circuit_operator.py
[2023-05-01T23:56:28.176+0000] {processor.py:753} INFO - DAG(s) dict_keys(['example_short_circuit_operator']) retrieved from /home/airflow/.local/lib/python3.7/site-packages/airflow/example_dags/example_short_circuit_operator.py
[2023-05-01T23:56:28.422+0000] {logging_mixin.py:137} INFO - [2023-05-01T23:56:28.421+0000] {dag.py:2705} INFO - Sync 1 DAGs
[2023-05-01T23:56:28.647+0000] {logging_mixin.py:137} INFO - [2023-05-01T23:56:28.645+0000] {dag.py:3456} INFO - Setting next_dagrun for example_short_circuit_operator to 2023-04-30T23:56:28.643759+00:00, run_after=2023-05-01T23:56:28.643759+00:00
[2023-05-01T23:56:28.751+0000] {processor.py:175} INFO - Processing /home/airflow/.local/lib/python3.7/site-packages/airflow/example_dags/example_short_circuit_operator.py took 0.749 seconds
[2023-05-01T23:57:02.484+0000] {processor.py:153} INFO - Started process (PID=1287) to work on /home/airflow/.local/lib/python3.7/site-packages/airflow/example_dags/example_short_circuit_operator.py
[2023-05-01T23:57:02.501+0000] {processor.py:743} INFO - Processing file /home/airflow/.local/lib/python3.7/site-packages/airflow/example_dags/example_short_circuit_operator.py for tasks to queue
[2023-05-01T23:57:02.508+0000] {logging_mixin.py:137} INFO - [2023-05-01T23:57:02.507+0000] {dagbag.py:532} INFO - Filling up the DagBag from /home/airflow/.local/lib/python3.7/site-packages/airflow/example_dags/example_short_circuit_operator.py
[2023-05-01T23:57:02.679+0000] {processor.py:753} INFO - DAG(s) dict_keys(['example_short_circuit_operator']) retrieved from /home/airflow/.local/lib/python3.7/site-packages/airflow/example_dags/example_short_circuit_operator.py
[2023-05-01T23:57:02.854+0000] {logging_mixin.py:137} INFO - [2023-05-01T23:57:02.853+0000] {dag.py:2705} INFO - Sync 1 DAGs
[2023-05-01T23:57:03.023+0000] {logging_mixin.py:137} INFO - [2023-05-01T23:57:03.022+0000] {dag.py:3456} INFO - Setting next_dagrun for example_short_circuit_operator to 2023-04-30T23:57:03.020432+00:00, run_after=2023-05-01T23:57:03.020432+00:00
[2023-05-01T23:57:03.126+0000] {processor.py:175} INFO - Processing /home/airflow/.local/lib/python3.7/site-packages/airflow/example_dags/example_short_circuit_operator.py took 0.676 seconds
[2023-05-01T23:57:34.682+0000] {processor.py:153} INFO - Started process (PID=1383) to work on /home/airflow/.local/lib/python3.7/site-packages/airflow/example_dags/example_short_circuit_operator.py
[2023-05-01T23:57:34.690+0000] {processor.py:743} INFO - Processing file /home/airflow/.local/lib/python3.7/site-packages/airflow/example_dags/example_short_circuit_operator.py for tasks to queue
[2023-05-01T23:57:34.699+0000] {logging_mixin.py:137} INFO - [2023-05-01T23:57:34.697+0000] {dagbag.py:532} INFO - Filling up the DagBag from /home/airflow/.local/lib/python3.7/site-packages/airflow/example_dags/example_short_circuit_operator.py
[2023-05-01T23:57:34.860+0000] {processor.py:753} INFO - DAG(s) dict_keys(['example_short_circuit_operator']) retrieved from /home/airflow/.local/lib/python3.7/site-packages/airflow/example_dags/example_short_circuit_operator.py
[2023-05-01T23:57:35.057+0000] {logging_mixin.py:137} INFO - [2023-05-01T23:57:35.056+0000] {dag.py:2705} INFO - Sync 1 DAGs
[2023-05-01T23:57:35.280+0000] {logging_mixin.py:137} INFO - [2023-05-01T23:57:35.276+0000] {dag.py:3456} INFO - Setting next_dagrun for example_short_circuit_operator to 2023-04-30T23:57:35.273615+00:00, run_after=2023-05-01T23:57:35.273615+00:00
[2023-05-01T23:57:35.613+0000] {processor.py:175} INFO - Processing /home/airflow/.local/lib/python3.7/site-packages/airflow/example_dags/example_short_circuit_operator.py took 0.945 seconds
[2023-05-01T23:58:05.828+0000] {processor.py:153} INFO - Started process (PID=1479) to work on /home/airflow/.local/lib/python3.7/site-packages/airflow/example_dags/example_short_circuit_operator.py
[2023-05-01T23:58:05.834+0000] {processor.py:743} INFO - Processing file /home/airflow/.local/lib/python3.7/site-packages/airflow/example_dags/example_short_circuit_operator.py for tasks to queue
[2023-05-01T23:58:05.838+0000] {logging_mixin.py:137} INFO - [2023-05-01T23:58:05.837+0000] {dagbag.py:532} INFO - Filling up the DagBag from /home/airflow/.local/lib/python3.7/site-packages/airflow/example_dags/example_short_circuit_operator.py
[2023-05-01T23:58:05.921+0000] {processor.py:753} INFO - DAG(s) dict_keys(['example_short_circuit_operator']) retrieved from /home/airflow/.local/lib/python3.7/site-packages/airflow/example_dags/example_short_circuit_operator.py
[2023-05-01T23:58:06.042+0000] {logging_mixin.py:137} INFO - [2023-05-01T23:58:06.041+0000] {dag.py:2705} INFO - Sync 1 DAGs
[2023-05-01T23:58:06.179+0000] {logging_mixin.py:137} INFO - [2023-05-01T23:58:06.178+0000] {dag.py:3456} INFO - Setting next_dagrun for example_short_circuit_operator to 2023-04-30T23:58:06.176690+00:00, run_after=2023-05-01T23:58:06.176690+00:00
[2023-05-01T23:58:06.288+0000] {processor.py:175} INFO - Processing /home/airflow/.local/lib/python3.7/site-packages/airflow/example_dags/example_short_circuit_operator.py took 0.473 seconds
[2023-05-01T23:58:46.779+0000] {processor.py:153} INFO - Started process (PID=1574) to work on /home/airflow/.local/lib/python3.7/site-packages/airflow/example_dags/example_short_circuit_operator.py
[2023-05-01T23:58:46.783+0000] {processor.py:743} INFO - Processing file /home/airflow/.local/lib/python3.7/site-packages/airflow/example_dags/example_short_circuit_operator.py for tasks to queue
[2023-05-01T23:58:46.786+0000] {logging_mixin.py:137} INFO - [2023-05-01T23:58:46.786+0000] {dagbag.py:532} INFO - Filling up the DagBag from /home/airflow/.local/lib/python3.7/site-packages/airflow/example_dags/example_short_circuit_operator.py
[2023-05-01T23:58:46.870+0000] {processor.py:753} INFO - DAG(s) dict_keys(['example_short_circuit_operator']) retrieved from /home/airflow/.local/lib/python3.7/site-packages/airflow/example_dags/example_short_circuit_operator.py
[2023-05-01T23:58:47.019+0000] {logging_mixin.py:137} INFO - [2023-05-01T23:58:47.018+0000] {dag.py:2705} INFO - Sync 1 DAGs
[2023-05-01T23:58:47.219+0000] {logging_mixin.py:137} INFO - [2023-05-01T23:58:47.218+0000] {dag.py:3456} INFO - Setting next_dagrun for example_short_circuit_operator to 2023-04-30T23:58:47.215880+00:00, run_after=2023-05-01T23:58:47.215880+00:00
[2023-05-01T23:58:47.364+0000] {processor.py:175} INFO - Processing /home/airflow/.local/lib/python3.7/site-packages/airflow/example_dags/example_short_circuit_operator.py took 0.596 seconds
[2023-05-01T23:59:17.799+0000] {processor.py:153} INFO - Started process (PID=1666) to work on /home/airflow/.local/lib/python3.7/site-packages/airflow/example_dags/example_short_circuit_operator.py
[2023-05-01T23:59:17.806+0000] {processor.py:743} INFO - Processing file /home/airflow/.local/lib/python3.7/site-packages/airflow/example_dags/example_short_circuit_operator.py for tasks to queue
[2023-05-01T23:59:17.814+0000] {logging_mixin.py:137} INFO - [2023-05-01T23:59:17.813+0000] {dagbag.py:532} INFO - Filling up the DagBag from /home/airflow/.local/lib/python3.7/site-packages/airflow/example_dags/example_short_circuit_operator.py
[2023-05-01T23:59:17.945+0000] {processor.py:753} INFO - DAG(s) dict_keys(['example_short_circuit_operator']) retrieved from /home/airflow/.local/lib/python3.7/site-packages/airflow/example_dags/example_short_circuit_operator.py
[2023-05-01T23:59:18.163+0000] {logging_mixin.py:137} INFO - [2023-05-01T23:59:18.162+0000] {dag.py:2705} INFO - Sync 1 DAGs
[2023-05-01T23:59:18.328+0000] {logging_mixin.py:137} INFO - [2023-05-01T23:59:18.327+0000] {dag.py:3456} INFO - Setting next_dagrun for example_short_circuit_operator to 2023-04-30T23:59:18.324732+00:00, run_after=2023-05-01T23:59:18.324732+00:00
[2023-05-01T23:59:18.432+0000] {processor.py:175} INFO - Processing /home/airflow/.local/lib/python3.7/site-packages/airflow/example_dags/example_short_circuit_operator.py took 0.657 seconds
[2023-05-01T23:59:48.781+0000] {processor.py:153} INFO - Started process (PID=1762) to work on /home/airflow/.local/lib/python3.7/site-packages/airflow/example_dags/example_short_circuit_operator.py
[2023-05-01T23:59:48.789+0000] {processor.py:743} INFO - Processing file /home/airflow/.local/lib/python3.7/site-packages/airflow/example_dags/example_short_circuit_operator.py for tasks to queue
[2023-05-01T23:59:48.829+0000] {logging_mixin.py:137} INFO - [2023-05-01T23:59:48.824+0000] {dagbag.py:532} INFO - Filling up the DagBag from /home/airflow/.local/lib/python3.7/site-packages/airflow/example_dags/example_short_circuit_operator.py
[2023-05-01T23:59:48.984+0000] {processor.py:753} INFO - DAG(s) dict_keys(['example_short_circuit_operator']) retrieved from /home/airflow/.local/lib/python3.7/site-packages/airflow/example_dags/example_short_circuit_operator.py
[2023-05-01T23:59:49.278+0000] {logging_mixin.py:137} INFO - [2023-05-01T23:59:49.276+0000] {dag.py:2705} INFO - Sync 1 DAGs
[2023-05-01T23:59:49.588+0000] {logging_mixin.py:137} INFO - [2023-05-01T23:59:49.586+0000] {dag.py:3456} INFO - Setting next_dagrun for example_short_circuit_operator to 2023-04-30T23:59:49.583600+00:00, run_after=2023-05-01T23:59:49.583600+00:00
[2023-05-01T23:59:49.790+0000] {processor.py:175} INFO - Processing /home/airflow/.local/lib/python3.7/site-packages/airflow/example_dags/example_short_circuit_operator.py took 1.045 seconds
