[2023-05-01T23:50:14.907+0000] {processor.py:153} INFO - Started process (PID=184) to work on /home/airflow/.local/lib/python3.7/site-packages/airflow/example_dags/example_short_circuit_decorator.py
[2023-05-01T23:50:14.918+0000] {processor.py:743} INFO - Processing file /home/airflow/.local/lib/python3.7/site-packages/airflow/example_dags/example_short_circuit_decorator.py for tasks to queue
[2023-05-01T23:50:14.925+0000] {logging_mixin.py:137} INFO - [2023-05-01T23:50:14.924+0000] {dagbag.py:532} INFO - Filling up the DagBag from /home/airflow/.local/lib/python3.7/site-packages/airflow/example_dags/example_short_circuit_decorator.py
[2023-05-01T23:50:15.982+0000] {processor.py:753} INFO - DAG(s) dict_keys(['example_short_circuit_decorator']) retrieved from /home/airflow/.local/lib/python3.7/site-packages/airflow/example_dags/example_short_circuit_decorator.py
[2023-05-01T23:50:16.680+0000] {logging_mixin.py:137} INFO - [2023-05-01T23:50:16.678+0000] {dag.py:2705} INFO - Sync 1 DAGs
[2023-05-01T23:50:18.138+0000] {logging_mixin.py:137} INFO - [2023-05-01T23:50:18.102+0000] {dag.py:3456} INFO - Setting next_dagrun for example_short_circuit_decorator to 2023-04-30T23:50:18.043527+00:00, run_after=2023-05-01T23:50:18.043527+00:00
[2023-05-01T23:50:19.949+0000] {processor.py:175} INFO - Processing /home/airflow/.local/lib/python3.7/site-packages/airflow/example_dags/example_short_circuit_decorator.py took 5.089 seconds
[2023-05-01T23:51:19.565+0000] {processor.py:153} INFO - Started process (PID=288) to work on /home/airflow/.local/lib/python3.7/site-packages/airflow/example_dags/example_short_circuit_decorator.py
[2023-05-01T23:51:19.574+0000] {processor.py:743} INFO - Processing file /home/airflow/.local/lib/python3.7/site-packages/airflow/example_dags/example_short_circuit_decorator.py for tasks to queue
[2023-05-01T23:51:19.579+0000] {logging_mixin.py:137} INFO - [2023-05-01T23:51:19.578+0000] {dagbag.py:532} INFO - Filling up the DagBag from /home/airflow/.local/lib/python3.7/site-packages/airflow/example_dags/example_short_circuit_decorator.py
[2023-05-01T23:51:20.127+0000] {processor.py:753} INFO - DAG(s) dict_keys(['example_short_circuit_decorator']) retrieved from /home/airflow/.local/lib/python3.7/site-packages/airflow/example_dags/example_short_circuit_decorator.py
[2023-05-01T23:51:20.312+0000] {logging_mixin.py:137} INFO - [2023-05-01T23:51:20.311+0000] {dag.py:2705} INFO - Sync 1 DAGs
[2023-05-01T23:51:20.812+0000] {logging_mixin.py:137} INFO - [2023-05-01T23:51:20.811+0000] {dag.py:3456} INFO - Setting next_dagrun for example_short_circuit_decorator to 2023-04-30T23:51:20.793688+00:00, run_after=2023-05-01T23:51:20.793688+00:00
[2023-05-01T23:51:21.121+0000] {processor.py:175} INFO - Processing /home/airflow/.local/lib/python3.7/site-packages/airflow/example_dags/example_short_circuit_decorator.py took 1.586 seconds
[2023-05-01T23:51:56.451+0000] {processor.py:153} INFO - Started process (PID=392) to work on /home/airflow/.local/lib/python3.7/site-packages/airflow/example_dags/example_short_circuit_decorator.py
[2023-05-01T23:51:56.455+0000] {processor.py:743} INFO - Processing file /home/airflow/.local/lib/python3.7/site-packages/airflow/example_dags/example_short_circuit_decorator.py for tasks to queue
[2023-05-01T23:51:56.476+0000] {logging_mixin.py:137} INFO - [2023-05-01T23:51:56.461+0000] {dagbag.py:532} INFO - Filling up the DagBag from /home/airflow/.local/lib/python3.7/site-packages/airflow/example_dags/example_short_circuit_decorator.py
[2023-05-01T23:51:56.699+0000] {processor.py:753} INFO - DAG(s) dict_keys(['example_short_circuit_decorator']) retrieved from /home/airflow/.local/lib/python3.7/site-packages/airflow/example_dags/example_short_circuit_decorator.py
[2023-05-01T23:51:56.848+0000] {logging_mixin.py:137} INFO - [2023-05-01T23:51:56.847+0000] {dag.py:2705} INFO - Sync 1 DAGs
[2023-05-01T23:51:57.028+0000] {logging_mixin.py:137} INFO - [2023-05-01T23:51:57.027+0000] {dag.py:3456} INFO - Setting next_dagrun for example_short_circuit_decorator to 2023-04-30T23:51:57.025126+00:00, run_after=2023-05-01T23:51:57.025126+00:00
[2023-05-01T23:51:57.135+0000] {processor.py:175} INFO - Processing /home/airflow/.local/lib/python3.7/site-packages/airflow/example_dags/example_short_circuit_decorator.py took 0.704 seconds
[2023-05-01T23:52:30.078+0000] {processor.py:153} INFO - Started process (PID=487) to work on /home/airflow/.local/lib/python3.7/site-packages/airflow/example_dags/example_short_circuit_decorator.py
[2023-05-01T23:52:30.084+0000] {processor.py:743} INFO - Processing file /home/airflow/.local/lib/python3.7/site-packages/airflow/example_dags/example_short_circuit_decorator.py for tasks to queue
[2023-05-01T23:52:30.091+0000] {logging_mixin.py:137} INFO - [2023-05-01T23:52:30.090+0000] {dagbag.py:532} INFO - Filling up the DagBag from /home/airflow/.local/lib/python3.7/site-packages/airflow/example_dags/example_short_circuit_decorator.py
[2023-05-01T23:52:30.368+0000] {processor.py:753} INFO - DAG(s) dict_keys(['example_short_circuit_decorator']) retrieved from /home/airflow/.local/lib/python3.7/site-packages/airflow/example_dags/example_short_circuit_decorator.py
[2023-05-01T23:52:30.716+0000] {logging_mixin.py:137} INFO - [2023-05-01T23:52:30.707+0000] {dag.py:2705} INFO - Sync 1 DAGs
[2023-05-01T23:52:31.038+0000] {logging_mixin.py:137} INFO - [2023-05-01T23:52:31.037+0000] {dag.py:3456} INFO - Setting next_dagrun for example_short_circuit_decorator to 2023-04-30T23:52:31.035386+00:00, run_after=2023-05-01T23:52:31.035386+00:00
[2023-05-01T23:52:31.219+0000] {processor.py:175} INFO - Processing /home/airflow/.local/lib/python3.7/site-packages/airflow/example_dags/example_short_circuit_decorator.py took 1.153 seconds
[2023-05-01T23:53:02.260+0000] {processor.py:153} INFO - Started process (PID=583) to work on /home/airflow/.local/lib/python3.7/site-packages/airflow/example_dags/example_short_circuit_decorator.py
[2023-05-01T23:53:02.268+0000] {processor.py:743} INFO - Processing file /home/airflow/.local/lib/python3.7/site-packages/airflow/example_dags/example_short_circuit_decorator.py for tasks to queue
[2023-05-01T23:53:02.278+0000] {logging_mixin.py:137} INFO - [2023-05-01T23:53:02.276+0000] {dagbag.py:532} INFO - Filling up the DagBag from /home/airflow/.local/lib/python3.7/site-packages/airflow/example_dags/example_short_circuit_decorator.py
[2023-05-01T23:53:02.581+0000] {processor.py:753} INFO - DAG(s) dict_keys(['example_short_circuit_decorator']) retrieved from /home/airflow/.local/lib/python3.7/site-packages/airflow/example_dags/example_short_circuit_decorator.py
[2023-05-01T23:53:02.738+0000] {logging_mixin.py:137} INFO - [2023-05-01T23:53:02.737+0000] {dag.py:2705} INFO - Sync 1 DAGs
[2023-05-01T23:53:02.901+0000] {logging_mixin.py:137} INFO - [2023-05-01T23:53:02.900+0000] {dag.py:3456} INFO - Setting next_dagrun for example_short_circuit_decorator to 2023-04-30T23:53:02.898135+00:00, run_after=2023-05-01T23:53:02.898135+00:00
[2023-05-01T23:53:03.001+0000] {processor.py:175} INFO - Processing /home/airflow/.local/lib/python3.7/site-packages/airflow/example_dags/example_short_circuit_decorator.py took 0.775 seconds
[2023-05-01T23:53:33.345+0000] {processor.py:153} INFO - Started process (PID=679) to work on /home/airflow/.local/lib/python3.7/site-packages/airflow/example_dags/example_short_circuit_decorator.py
[2023-05-01T23:53:33.349+0000] {processor.py:743} INFO - Processing file /home/airflow/.local/lib/python3.7/site-packages/airflow/example_dags/example_short_circuit_decorator.py for tasks to queue
[2023-05-01T23:53:33.353+0000] {logging_mixin.py:137} INFO - [2023-05-01T23:53:33.352+0000] {dagbag.py:532} INFO - Filling up the DagBag from /home/airflow/.local/lib/python3.7/site-packages/airflow/example_dags/example_short_circuit_decorator.py
[2023-05-01T23:53:33.474+0000] {processor.py:753} INFO - DAG(s) dict_keys(['example_short_circuit_decorator']) retrieved from /home/airflow/.local/lib/python3.7/site-packages/airflow/example_dags/example_short_circuit_decorator.py
[2023-05-01T23:53:33.607+0000] {logging_mixin.py:137} INFO - [2023-05-01T23:53:33.606+0000] {dag.py:2705} INFO - Sync 1 DAGs
[2023-05-01T23:53:33.753+0000] {logging_mixin.py:137} INFO - [2023-05-01T23:53:33.752+0000] {dag.py:3456} INFO - Setting next_dagrun for example_short_circuit_decorator to 2023-04-30T23:53:33.749670+00:00, run_after=2023-05-01T23:53:33.749670+00:00
[2023-05-01T23:53:33.875+0000] {processor.py:175} INFO - Processing /home/airflow/.local/lib/python3.7/site-packages/airflow/example_dags/example_short_circuit_decorator.py took 0.536 seconds
[2023-05-01T23:54:04.875+0000] {processor.py:153} INFO - Started process (PID=775) to work on /home/airflow/.local/lib/python3.7/site-packages/airflow/example_dags/example_short_circuit_decorator.py
[2023-05-01T23:54:04.880+0000] {processor.py:743} INFO - Processing file /home/airflow/.local/lib/python3.7/site-packages/airflow/example_dags/example_short_circuit_decorator.py for tasks to queue
[2023-05-01T23:54:04.886+0000] {logging_mixin.py:137} INFO - [2023-05-01T23:54:04.885+0000] {dagbag.py:532} INFO - Filling up the DagBag from /home/airflow/.local/lib/python3.7/site-packages/airflow/example_dags/example_short_circuit_decorator.py
[2023-05-01T23:54:05.080+0000] {processor.py:753} INFO - DAG(s) dict_keys(['example_short_circuit_decorator']) retrieved from /home/airflow/.local/lib/python3.7/site-packages/airflow/example_dags/example_short_circuit_decorator.py
[2023-05-01T23:54:05.256+0000] {logging_mixin.py:137} INFO - [2023-05-01T23:54:05.255+0000] {dag.py:2705} INFO - Sync 1 DAGs
[2023-05-01T23:54:05.416+0000] {logging_mixin.py:137} INFO - [2023-05-01T23:54:05.415+0000] {dag.py:3456} INFO - Setting next_dagrun for example_short_circuit_decorator to 2023-04-30T23:54:05.410595+00:00, run_after=2023-05-01T23:54:05.410595+00:00
[2023-05-01T23:54:05.533+0000] {processor.py:175} INFO - Processing /home/airflow/.local/lib/python3.7/site-packages/airflow/example_dags/example_short_circuit_decorator.py took 0.710 seconds
[2023-05-01T23:54:38.573+0000] {processor.py:153} INFO - Started process (PID=872) to work on /home/airflow/.local/lib/python3.7/site-packages/airflow/example_dags/example_short_circuit_decorator.py
[2023-05-01T23:54:38.576+0000] {processor.py:743} INFO - Processing file /home/airflow/.local/lib/python3.7/site-packages/airflow/example_dags/example_short_circuit_decorator.py for tasks to queue
[2023-05-01T23:54:38.579+0000] {logging_mixin.py:137} INFO - [2023-05-01T23:54:38.579+0000] {dagbag.py:532} INFO - Filling up the DagBag from /home/airflow/.local/lib/python3.7/site-packages/airflow/example_dags/example_short_circuit_decorator.py
[2023-05-01T23:54:38.695+0000] {processor.py:753} INFO - DAG(s) dict_keys(['example_short_circuit_decorator']) retrieved from /home/airflow/.local/lib/python3.7/site-packages/airflow/example_dags/example_short_circuit_decorator.py
[2023-05-01T23:54:38.820+0000] {logging_mixin.py:137} INFO - [2023-05-01T23:54:38.820+0000] {dag.py:2705} INFO - Sync 1 DAGs
[2023-05-01T23:54:38.959+0000] {logging_mixin.py:137} INFO - [2023-05-01T23:54:38.958+0000] {dag.py:3456} INFO - Setting next_dagrun for example_short_circuit_decorator to 2023-04-30T23:54:38.957255+00:00, run_after=2023-05-01T23:54:38.957255+00:00
[2023-05-01T23:54:39.032+0000] {processor.py:175} INFO - Processing /home/airflow/.local/lib/python3.7/site-packages/airflow/example_dags/example_short_circuit_decorator.py took 0.468 seconds
[2023-05-01T23:55:15.993+0000] {processor.py:153} INFO - Started process (PID=980) to work on /home/airflow/.local/lib/python3.7/site-packages/airflow/example_dags/example_short_circuit_decorator.py
[2023-05-01T23:55:15.997+0000] {processor.py:743} INFO - Processing file /home/airflow/.local/lib/python3.7/site-packages/airflow/example_dags/example_short_circuit_decorator.py for tasks to queue
[2023-05-01T23:55:16.001+0000] {logging_mixin.py:137} INFO - [2023-05-01T23:55:16.000+0000] {dagbag.py:532} INFO - Filling up the DagBag from /home/airflow/.local/lib/python3.7/site-packages/airflow/example_dags/example_short_circuit_decorator.py
[2023-05-01T23:55:16.138+0000] {processor.py:753} INFO - DAG(s) dict_keys(['example_short_circuit_decorator']) retrieved from /home/airflow/.local/lib/python3.7/site-packages/airflow/example_dags/example_short_circuit_decorator.py
[2023-05-01T23:55:16.263+0000] {logging_mixin.py:137} INFO - [2023-05-01T23:55:16.262+0000] {dag.py:2705} INFO - Sync 1 DAGs
[2023-05-01T23:55:16.403+0000] {logging_mixin.py:137} INFO - [2023-05-01T23:55:16.402+0000] {dag.py:3456} INFO - Setting next_dagrun for example_short_circuit_decorator to 2023-04-30T23:55:16.400495+00:00, run_after=2023-05-01T23:55:16.400495+00:00
[2023-05-01T23:55:16.479+0000] {processor.py:175} INFO - Processing /home/airflow/.local/lib/python3.7/site-packages/airflow/example_dags/example_short_circuit_decorator.py took 0.499 seconds
[2023-05-01T23:55:55.712+0000] {processor.py:153} INFO - Started process (PID=1093) to work on /home/airflow/.local/lib/python3.7/site-packages/airflow/example_dags/example_short_circuit_decorator.py
[2023-05-01T23:55:55.715+0000] {processor.py:743} INFO - Processing file /home/airflow/.local/lib/python3.7/site-packages/airflow/example_dags/example_short_circuit_decorator.py for tasks to queue
[2023-05-01T23:55:55.719+0000] {logging_mixin.py:137} INFO - [2023-05-01T23:55:55.718+0000] {dagbag.py:532} INFO - Filling up the DagBag from /home/airflow/.local/lib/python3.7/site-packages/airflow/example_dags/example_short_circuit_decorator.py
[2023-05-01T23:55:55.846+0000] {processor.py:753} INFO - DAG(s) dict_keys(['example_short_circuit_decorator']) retrieved from /home/airflow/.local/lib/python3.7/site-packages/airflow/example_dags/example_short_circuit_decorator.py
[2023-05-01T23:55:55.974+0000] {logging_mixin.py:137} INFO - [2023-05-01T23:55:55.973+0000] {dag.py:2705} INFO - Sync 1 DAGs
[2023-05-01T23:55:56.174+0000] {logging_mixin.py:137} INFO - [2023-05-01T23:55:56.171+0000] {dag.py:3456} INFO - Setting next_dagrun for example_short_circuit_decorator to 2023-04-30T23:55:56.168282+00:00, run_after=2023-05-01T23:55:56.168282+00:00
[2023-05-01T23:55:56.322+0000] {processor.py:175} INFO - Processing /home/airflow/.local/lib/python3.7/site-packages/airflow/example_dags/example_short_circuit_decorator.py took 0.621 seconds
[2023-05-01T23:56:28.823+0000] {processor.py:153} INFO - Started process (PID=1197) to work on /home/airflow/.local/lib/python3.7/site-packages/airflow/example_dags/example_short_circuit_decorator.py
[2023-05-01T23:56:28.828+0000] {processor.py:743} INFO - Processing file /home/airflow/.local/lib/python3.7/site-packages/airflow/example_dags/example_short_circuit_decorator.py for tasks to queue
[2023-05-01T23:56:28.834+0000] {logging_mixin.py:137} INFO - [2023-05-01T23:56:28.833+0000] {dagbag.py:532} INFO - Filling up the DagBag from /home/airflow/.local/lib/python3.7/site-packages/airflow/example_dags/example_short_circuit_decorator.py
[2023-05-01T23:56:28.989+0000] {processor.py:753} INFO - DAG(s) dict_keys(['example_short_circuit_decorator']) retrieved from /home/airflow/.local/lib/python3.7/site-packages/airflow/example_dags/example_short_circuit_decorator.py
[2023-05-01T23:56:29.152+0000] {logging_mixin.py:137} INFO - [2023-05-01T23:56:29.151+0000] {dag.py:2705} INFO - Sync 1 DAGs
[2023-05-01T23:56:29.354+0000] {logging_mixin.py:137} INFO - [2023-05-01T23:56:29.352+0000] {dag.py:3456} INFO - Setting next_dagrun for example_short_circuit_decorator to 2023-04-30T23:56:29.349902+00:00, run_after=2023-05-01T23:56:29.349902+00:00
[2023-05-01T23:56:29.464+0000] {processor.py:175} INFO - Processing /home/airflow/.local/lib/python3.7/site-packages/airflow/example_dags/example_short_circuit_decorator.py took 0.657 seconds
[2023-05-01T23:57:03.313+0000] {processor.py:153} INFO - Started process (PID=1293) to work on /home/airflow/.local/lib/python3.7/site-packages/airflow/example_dags/example_short_circuit_decorator.py
[2023-05-01T23:57:03.318+0000] {processor.py:743} INFO - Processing file /home/airflow/.local/lib/python3.7/site-packages/airflow/example_dags/example_short_circuit_decorator.py for tasks to queue
[2023-05-01T23:57:03.325+0000] {logging_mixin.py:137} INFO - [2023-05-01T23:57:03.323+0000] {dagbag.py:532} INFO - Filling up the DagBag from /home/airflow/.local/lib/python3.7/site-packages/airflow/example_dags/example_short_circuit_decorator.py
[2023-05-01T23:57:03.482+0000] {processor.py:753} INFO - DAG(s) dict_keys(['example_short_circuit_decorator']) retrieved from /home/airflow/.local/lib/python3.7/site-packages/airflow/example_dags/example_short_circuit_decorator.py
[2023-05-01T23:57:03.627+0000] {logging_mixin.py:137} INFO - [2023-05-01T23:57:03.626+0000] {dag.py:2705} INFO - Sync 1 DAGs
[2023-05-01T23:57:03.803+0000] {logging_mixin.py:137} INFO - [2023-05-01T23:57:03.801+0000] {dag.py:3456} INFO - Setting next_dagrun for example_short_circuit_decorator to 2023-04-30T23:57:03.798408+00:00, run_after=2023-05-01T23:57:03.798408+00:00
[2023-05-01T23:57:03.921+0000] {processor.py:175} INFO - Processing /home/airflow/.local/lib/python3.7/site-packages/airflow/example_dags/example_short_circuit_decorator.py took 0.622 seconds
[2023-05-01T23:57:36.282+0000] {processor.py:153} INFO - Started process (PID=1391) to work on /home/airflow/.local/lib/python3.7/site-packages/airflow/example_dags/example_short_circuit_decorator.py
[2023-05-01T23:57:36.286+0000] {processor.py:743} INFO - Processing file /home/airflow/.local/lib/python3.7/site-packages/airflow/example_dags/example_short_circuit_decorator.py for tasks to queue
[2023-05-01T23:57:36.290+0000] {logging_mixin.py:137} INFO - [2023-05-01T23:57:36.289+0000] {dagbag.py:532} INFO - Filling up the DagBag from /home/airflow/.local/lib/python3.7/site-packages/airflow/example_dags/example_short_circuit_decorator.py
[2023-05-01T23:57:36.448+0000] {processor.py:753} INFO - DAG(s) dict_keys(['example_short_circuit_decorator']) retrieved from /home/airflow/.local/lib/python3.7/site-packages/airflow/example_dags/example_short_circuit_decorator.py
[2023-05-01T23:57:36.600+0000] {logging_mixin.py:137} INFO - [2023-05-01T23:57:36.599+0000] {dag.py:2705} INFO - Sync 1 DAGs
[2023-05-01T23:57:36.832+0000] {logging_mixin.py:137} INFO - [2023-05-01T23:57:36.831+0000] {dag.py:3456} INFO - Setting next_dagrun for example_short_circuit_decorator to 2023-04-30T23:57:36.829556+00:00, run_after=2023-05-01T23:57:36.829556+00:00
[2023-05-01T23:57:36.937+0000] {processor.py:175} INFO - Processing /home/airflow/.local/lib/python3.7/site-packages/airflow/example_dags/example_short_circuit_decorator.py took 0.670 seconds
[2023-05-01T23:58:08.517+0000] {processor.py:153} INFO - Started process (PID=1489) to work on /home/airflow/.local/lib/python3.7/site-packages/airflow/example_dags/example_short_circuit_decorator.py
[2023-05-01T23:58:08.521+0000] {processor.py:743} INFO - Processing file /home/airflow/.local/lib/python3.7/site-packages/airflow/example_dags/example_short_circuit_decorator.py for tasks to queue
[2023-05-01T23:58:08.528+0000] {logging_mixin.py:137} INFO - [2023-05-01T23:58:08.527+0000] {dagbag.py:532} INFO - Filling up the DagBag from /home/airflow/.local/lib/python3.7/site-packages/airflow/example_dags/example_short_circuit_decorator.py
[2023-05-01T23:58:08.659+0000] {processor.py:753} INFO - DAG(s) dict_keys(['example_short_circuit_decorator']) retrieved from /home/airflow/.local/lib/python3.7/site-packages/airflow/example_dags/example_short_circuit_decorator.py
[2023-05-01T23:58:08.826+0000] {logging_mixin.py:137} INFO - [2023-05-01T23:58:08.825+0000] {dag.py:2705} INFO - Sync 1 DAGs
[2023-05-01T23:58:08.970+0000] {logging_mixin.py:137} INFO - [2023-05-01T23:58:08.969+0000] {dag.py:3456} INFO - Setting next_dagrun for example_short_circuit_decorator to 2023-04-30T23:58:08.968390+00:00, run_after=2023-05-01T23:58:08.968390+00:00
[2023-05-01T23:58:09.052+0000] {processor.py:175} INFO - Processing /home/airflow/.local/lib/python3.7/site-packages/airflow/example_dags/example_short_circuit_decorator.py took 0.544 seconds
[2023-05-01T23:58:50.887+0000] {processor.py:153} INFO - Started process (PID=1594) to work on /home/airflow/.local/lib/python3.7/site-packages/airflow/example_dags/example_short_circuit_decorator.py
[2023-05-01T23:58:50.890+0000] {processor.py:743} INFO - Processing file /home/airflow/.local/lib/python3.7/site-packages/airflow/example_dags/example_short_circuit_decorator.py for tasks to queue
[2023-05-01T23:58:50.894+0000] {logging_mixin.py:137} INFO - [2023-05-01T23:58:50.893+0000] {dagbag.py:532} INFO - Filling up the DagBag from /home/airflow/.local/lib/python3.7/site-packages/airflow/example_dags/example_short_circuit_decorator.py
[2023-05-01T23:58:51.023+0000] {processor.py:753} INFO - DAG(s) dict_keys(['example_short_circuit_decorator']) retrieved from /home/airflow/.local/lib/python3.7/site-packages/airflow/example_dags/example_short_circuit_decorator.py
[2023-05-01T23:58:51.160+0000] {logging_mixin.py:137} INFO - [2023-05-01T23:58:51.159+0000] {dag.py:2705} INFO - Sync 1 DAGs
[2023-05-01T23:58:51.322+0000] {logging_mixin.py:137} INFO - [2023-05-01T23:58:51.321+0000] {dag.py:3456} INFO - Setting next_dagrun for example_short_circuit_decorator to 2023-04-30T23:58:51.320235+00:00, run_after=2023-05-01T23:58:51.320235+00:00
[2023-05-01T23:58:51.402+0000] {processor.py:175} INFO - Processing /home/airflow/.local/lib/python3.7/site-packages/airflow/example_dags/example_short_circuit_decorator.py took 0.525 seconds
[2023-05-01T23:59:24.148+0000] {processor.py:153} INFO - Started process (PID=1689) to work on /home/airflow/.local/lib/python3.7/site-packages/airflow/example_dags/example_short_circuit_decorator.py
[2023-05-01T23:59:24.152+0000] {processor.py:743} INFO - Processing file /home/airflow/.local/lib/python3.7/site-packages/airflow/example_dags/example_short_circuit_decorator.py for tasks to queue
[2023-05-01T23:59:24.156+0000] {logging_mixin.py:137} INFO - [2023-05-01T23:59:24.155+0000] {dagbag.py:532} INFO - Filling up the DagBag from /home/airflow/.local/lib/python3.7/site-packages/airflow/example_dags/example_short_circuit_decorator.py
[2023-05-01T23:59:24.413+0000] {processor.py:753} INFO - DAG(s) dict_keys(['example_short_circuit_decorator']) retrieved from /home/airflow/.local/lib/python3.7/site-packages/airflow/example_dags/example_short_circuit_decorator.py
[2023-05-01T23:59:24.719+0000] {logging_mixin.py:137} INFO - [2023-05-01T23:59:24.718+0000] {dag.py:2705} INFO - Sync 1 DAGs
[2023-05-01T23:59:24.959+0000] {logging_mixin.py:137} INFO - [2023-05-01T23:59:24.958+0000] {dag.py:3456} INFO - Setting next_dagrun for example_short_circuit_decorator to 2023-04-30T23:59:24.955921+00:00, run_after=2023-05-01T23:59:24.955921+00:00
[2023-05-01T23:59:25.118+0000] {processor.py:175} INFO - Processing /home/airflow/.local/lib/python3.7/site-packages/airflow/example_dags/example_short_circuit_decorator.py took 0.983 seconds
[2023-05-01T23:59:56.170+0000] {processor.py:153} INFO - Started process (PID=1785) to work on /home/airflow/.local/lib/python3.7/site-packages/airflow/example_dags/example_short_circuit_decorator.py
[2023-05-01T23:59:56.175+0000] {processor.py:743} INFO - Processing file /home/airflow/.local/lib/python3.7/site-packages/airflow/example_dags/example_short_circuit_decorator.py for tasks to queue
[2023-05-01T23:59:56.182+0000] {logging_mixin.py:137} INFO - [2023-05-01T23:59:56.180+0000] {dagbag.py:532} INFO - Filling up the DagBag from /home/airflow/.local/lib/python3.7/site-packages/airflow/example_dags/example_short_circuit_decorator.py
[2023-05-01T23:59:56.353+0000] {processor.py:753} INFO - DAG(s) dict_keys(['example_short_circuit_decorator']) retrieved from /home/airflow/.local/lib/python3.7/site-packages/airflow/example_dags/example_short_circuit_decorator.py
[2023-05-01T23:59:56.723+0000] {logging_mixin.py:137} INFO - [2023-05-01T23:59:56.721+0000] {dag.py:2705} INFO - Sync 1 DAGs
[2023-05-01T23:59:56.913+0000] {logging_mixin.py:137} INFO - [2023-05-01T23:59:56.911+0000] {dag.py:3456} INFO - Setting next_dagrun for example_short_circuit_decorator to 2023-04-30T23:59:56.909289+00:00, run_after=2023-05-01T23:59:56.909289+00:00
[2023-05-01T23:59:57.043+0000] {processor.py:175} INFO - Processing /home/airflow/.local/lib/python3.7/site-packages/airflow/example_dags/example_short_circuit_decorator.py took 0.888 seconds
