[2023-05-01T23:50:12.051+0000] {processor.py:153} INFO - Started process (PID=180) to work on /home/airflow/.local/lib/python3.7/site-packages/airflow/example_dags/example_external_task_marker_dag.py
[2023-05-01T23:50:12.055+0000] {processor.py:743} INFO - Processing file /home/airflow/.local/lib/python3.7/site-packages/airflow/example_dags/example_external_task_marker_dag.py for tasks to queue
[2023-05-01T23:50:12.062+0000] {logging_mixin.py:137} INFO - [2023-05-01T23:50:12.061+0000] {dagbag.py:532} INFO - Filling up the DagBag from /home/airflow/.local/lib/python3.7/site-packages/airflow/example_dags/example_external_task_marker_dag.py
[2023-05-01T23:50:12.324+0000] {processor.py:753} INFO - DAG(s) dict_keys(['example_external_task_marker_parent', 'example_external_task_marker_child']) retrieved from /home/airflow/.local/lib/python3.7/site-packages/airflow/example_dags/example_external_task_marker_dag.py
[2023-05-01T23:50:13.573+0000] {logging_mixin.py:137} INFO - [2023-05-01T23:50:13.568+0000] {dag.py:2705} INFO - Sync 2 DAGs
[2023-05-01T23:50:14.261+0000] {logging_mixin.py:137} INFO - [2023-05-01T23:50:14.259+0000] {dag.py:3456} INFO - Setting next_dagrun for example_external_task_marker_child to None, run_after=None
[2023-05-01T23:50:14.312+0000] {logging_mixin.py:137} INFO - [2023-05-01T23:50:14.311+0000] {dag.py:3456} INFO - Setting next_dagrun for example_external_task_marker_parent to None, run_after=None
[2023-05-01T23:50:14.630+0000] {processor.py:175} INFO - Processing /home/airflow/.local/lib/python3.7/site-packages/airflow/example_dags/example_external_task_marker_dag.py took 2.606 seconds
[2023-05-01T23:51:17.571+0000] {processor.py:153} INFO - Started process (PID=284) to work on /home/airflow/.local/lib/python3.7/site-packages/airflow/example_dags/example_external_task_marker_dag.py
[2023-05-01T23:51:17.579+0000] {processor.py:743} INFO - Processing file /home/airflow/.local/lib/python3.7/site-packages/airflow/example_dags/example_external_task_marker_dag.py for tasks to queue
[2023-05-01T23:51:17.599+0000] {logging_mixin.py:137} INFO - [2023-05-01T23:51:17.598+0000] {dagbag.py:532} INFO - Filling up the DagBag from /home/airflow/.local/lib/python3.7/site-packages/airflow/example_dags/example_external_task_marker_dag.py
[2023-05-01T23:51:17.744+0000] {processor.py:753} INFO - DAG(s) dict_keys(['example_external_task_marker_child', 'example_external_task_marker_parent']) retrieved from /home/airflow/.local/lib/python3.7/site-packages/airflow/example_dags/example_external_task_marker_dag.py
[2023-05-01T23:51:17.948+0000] {logging_mixin.py:137} INFO - [2023-05-01T23:51:17.947+0000] {dag.py:2705} INFO - Sync 2 DAGs
[2023-05-01T23:51:18.214+0000] {logging_mixin.py:137} INFO - [2023-05-01T23:51:18.213+0000] {dag.py:3456} INFO - Setting next_dagrun for example_external_task_marker_child to None, run_after=None
[2023-05-01T23:51:18.292+0000] {logging_mixin.py:137} INFO - [2023-05-01T23:51:18.290+0000] {dag.py:3456} INFO - Setting next_dagrun for example_external_task_marker_parent to None, run_after=None
[2023-05-01T23:51:18.460+0000] {processor.py:175} INFO - Processing /home/airflow/.local/lib/python3.7/site-packages/airflow/example_dags/example_external_task_marker_dag.py took 0.953 seconds
[2023-05-01T23:51:55.670+0000] {processor.py:153} INFO - Started process (PID=388) to work on /home/airflow/.local/lib/python3.7/site-packages/airflow/example_dags/example_external_task_marker_dag.py
[2023-05-01T23:51:55.682+0000] {processor.py:743} INFO - Processing file /home/airflow/.local/lib/python3.7/site-packages/airflow/example_dags/example_external_task_marker_dag.py for tasks to queue
[2023-05-01T23:51:55.688+0000] {logging_mixin.py:137} INFO - [2023-05-01T23:51:55.687+0000] {dagbag.py:532} INFO - Filling up the DagBag from /home/airflow/.local/lib/python3.7/site-packages/airflow/example_dags/example_external_task_marker_dag.py
[2023-05-01T23:51:55.838+0000] {processor.py:753} INFO - DAG(s) dict_keys(['example_external_task_marker_parent', 'example_external_task_marker_child']) retrieved from /home/airflow/.local/lib/python3.7/site-packages/airflow/example_dags/example_external_task_marker_dag.py
[2023-05-01T23:51:56.047+0000] {logging_mixin.py:137} INFO - [2023-05-01T23:51:56.046+0000] {dag.py:2705} INFO - Sync 2 DAGs
[2023-05-01T23:51:56.220+0000] {logging_mixin.py:137} INFO - [2023-05-01T23:51:56.219+0000] {dag.py:3456} INFO - Setting next_dagrun for example_external_task_marker_child to None, run_after=None
[2023-05-01T23:51:56.241+0000] {logging_mixin.py:137} INFO - [2023-05-01T23:51:56.240+0000] {dag.py:3456} INFO - Setting next_dagrun for example_external_task_marker_parent to None, run_after=None
[2023-05-01T23:51:56.328+0000] {processor.py:175} INFO - Processing /home/airflow/.local/lib/python3.7/site-packages/airflow/example_dags/example_external_task_marker_dag.py took 0.678 seconds
[2023-05-01T23:52:28.176+0000] {processor.py:153} INFO - Started process (PID=483) to work on /home/airflow/.local/lib/python3.7/site-packages/airflow/example_dags/example_external_task_marker_dag.py
[2023-05-01T23:52:28.190+0000] {processor.py:743} INFO - Processing file /home/airflow/.local/lib/python3.7/site-packages/airflow/example_dags/example_external_task_marker_dag.py for tasks to queue
[2023-05-01T23:52:28.200+0000] {logging_mixin.py:137} INFO - [2023-05-01T23:52:28.199+0000] {dagbag.py:532} INFO - Filling up the DagBag from /home/airflow/.local/lib/python3.7/site-packages/airflow/example_dags/example_external_task_marker_dag.py
[2023-05-01T23:52:28.310+0000] {processor.py:753} INFO - DAG(s) dict_keys(['example_external_task_marker_child', 'example_external_task_marker_parent']) retrieved from /home/airflow/.local/lib/python3.7/site-packages/airflow/example_dags/example_external_task_marker_dag.py
[2023-05-01T23:52:28.892+0000] {logging_mixin.py:137} INFO - [2023-05-01T23:52:28.889+0000] {dag.py:2705} INFO - Sync 2 DAGs
[2023-05-01T23:52:29.396+0000] {logging_mixin.py:137} INFO - [2023-05-01T23:52:29.392+0000] {dag.py:3456} INFO - Setting next_dagrun for example_external_task_marker_child to None, run_after=None
[2023-05-01T23:52:29.461+0000] {logging_mixin.py:137} INFO - [2023-05-01T23:52:29.460+0000] {dag.py:3456} INFO - Setting next_dagrun for example_external_task_marker_parent to None, run_after=None
[2023-05-01T23:52:29.890+0000] {processor.py:175} INFO - Processing /home/airflow/.local/lib/python3.7/site-packages/airflow/example_dags/example_external_task_marker_dag.py took 1.763 seconds
[2023-05-01T23:53:00.897+0000] {processor.py:153} INFO - Started process (PID=579) to work on /home/airflow/.local/lib/python3.7/site-packages/airflow/example_dags/example_external_task_marker_dag.py
[2023-05-01T23:53:00.902+0000] {processor.py:743} INFO - Processing file /home/airflow/.local/lib/python3.7/site-packages/airflow/example_dags/example_external_task_marker_dag.py for tasks to queue
[2023-05-01T23:53:00.907+0000] {logging_mixin.py:137} INFO - [2023-05-01T23:53:00.906+0000] {dagbag.py:532} INFO - Filling up the DagBag from /home/airflow/.local/lib/python3.7/site-packages/airflow/example_dags/example_external_task_marker_dag.py
[2023-05-01T23:53:01.111+0000] {processor.py:753} INFO - DAG(s) dict_keys(['example_external_task_marker_child', 'example_external_task_marker_parent']) retrieved from /home/airflow/.local/lib/python3.7/site-packages/airflow/example_dags/example_external_task_marker_dag.py
[2023-05-01T23:53:01.444+0000] {logging_mixin.py:137} INFO - [2023-05-01T23:53:01.443+0000] {dag.py:2705} INFO - Sync 2 DAGs
[2023-05-01T23:53:01.883+0000] {logging_mixin.py:137} INFO - [2023-05-01T23:53:01.870+0000] {dag.py:3456} INFO - Setting next_dagrun for example_external_task_marker_child to None, run_after=None
[2023-05-01T23:53:02.010+0000] {logging_mixin.py:137} INFO - [2023-05-01T23:53:02.000+0000] {dag.py:3456} INFO - Setting next_dagrun for example_external_task_marker_parent to None, run_after=None
[2023-05-01T23:53:02.124+0000] {processor.py:175} INFO - Processing /home/airflow/.local/lib/python3.7/site-packages/airflow/example_dags/example_external_task_marker_dag.py took 1.241 seconds
[2023-05-01T23:53:32.369+0000] {processor.py:153} INFO - Started process (PID=675) to work on /home/airflow/.local/lib/python3.7/site-packages/airflow/example_dags/example_external_task_marker_dag.py
[2023-05-01T23:53:32.374+0000] {processor.py:743} INFO - Processing file /home/airflow/.local/lib/python3.7/site-packages/airflow/example_dags/example_external_task_marker_dag.py for tasks to queue
[2023-05-01T23:53:32.378+0000] {logging_mixin.py:137} INFO - [2023-05-01T23:53:32.377+0000] {dagbag.py:532} INFO - Filling up the DagBag from /home/airflow/.local/lib/python3.7/site-packages/airflow/example_dags/example_external_task_marker_dag.py
[2023-05-01T23:53:32.459+0000] {processor.py:753} INFO - DAG(s) dict_keys(['example_external_task_marker_parent', 'example_external_task_marker_child']) retrieved from /home/airflow/.local/lib/python3.7/site-packages/airflow/example_dags/example_external_task_marker_dag.py
[2023-05-01T23:53:32.591+0000] {logging_mixin.py:137} INFO - [2023-05-01T23:53:32.590+0000] {dag.py:2705} INFO - Sync 2 DAGs
[2023-05-01T23:53:32.739+0000] {logging_mixin.py:137} INFO - [2023-05-01T23:53:32.738+0000] {dag.py:3456} INFO - Setting next_dagrun for example_external_task_marker_child to None, run_after=None
[2023-05-01T23:53:32.758+0000] {logging_mixin.py:137} INFO - [2023-05-01T23:53:32.758+0000] {dag.py:3456} INFO - Setting next_dagrun for example_external_task_marker_parent to None, run_after=None
[2023-05-01T23:53:32.841+0000] {processor.py:175} INFO - Processing /home/airflow/.local/lib/python3.7/site-packages/airflow/example_dags/example_external_task_marker_dag.py took 0.484 seconds
[2023-05-01T23:54:04.278+0000] {processor.py:153} INFO - Started process (PID=771) to work on /home/airflow/.local/lib/python3.7/site-packages/airflow/example_dags/example_external_task_marker_dag.py
[2023-05-01T23:54:04.281+0000] {processor.py:743} INFO - Processing file /home/airflow/.local/lib/python3.7/site-packages/airflow/example_dags/example_external_task_marker_dag.py for tasks to queue
[2023-05-01T23:54:04.284+0000] {logging_mixin.py:137} INFO - [2023-05-01T23:54:04.284+0000] {dagbag.py:532} INFO - Filling up the DagBag from /home/airflow/.local/lib/python3.7/site-packages/airflow/example_dags/example_external_task_marker_dag.py
[2023-05-01T23:54:04.345+0000] {processor.py:753} INFO - DAG(s) dict_keys(['example_external_task_marker_parent', 'example_external_task_marker_child']) retrieved from /home/airflow/.local/lib/python3.7/site-packages/airflow/example_dags/example_external_task_marker_dag.py
[2023-05-01T23:54:04.502+0000] {logging_mixin.py:137} INFO - [2023-05-01T23:54:04.502+0000] {dag.py:2705} INFO - Sync 2 DAGs
[2023-05-01T23:54:04.644+0000] {logging_mixin.py:137} INFO - [2023-05-01T23:54:04.643+0000] {dag.py:3456} INFO - Setting next_dagrun for example_external_task_marker_child to None, run_after=None
[2023-05-01T23:54:04.661+0000] {logging_mixin.py:137} INFO - [2023-05-01T23:54:04.660+0000] {dag.py:3456} INFO - Setting next_dagrun for example_external_task_marker_parent to None, run_after=None
[2023-05-01T23:54:04.723+0000] {processor.py:175} INFO - Processing /home/airflow/.local/lib/python3.7/site-packages/airflow/example_dags/example_external_task_marker_dag.py took 0.454 seconds
[2023-05-01T23:54:38.124+0000] {processor.py:153} INFO - Started process (PID=868) to work on /home/airflow/.local/lib/python3.7/site-packages/airflow/example_dags/example_external_task_marker_dag.py
[2023-05-01T23:54:38.127+0000] {processor.py:743} INFO - Processing file /home/airflow/.local/lib/python3.7/site-packages/airflow/example_dags/example_external_task_marker_dag.py for tasks to queue
[2023-05-01T23:54:38.131+0000] {logging_mixin.py:137} INFO - [2023-05-01T23:54:38.130+0000] {dagbag.py:532} INFO - Filling up the DagBag from /home/airflow/.local/lib/python3.7/site-packages/airflow/example_dags/example_external_task_marker_dag.py
[2023-05-01T23:54:38.187+0000] {processor.py:753} INFO - DAG(s) dict_keys(['example_external_task_marker_child', 'example_external_task_marker_parent']) retrieved from /home/airflow/.local/lib/python3.7/site-packages/airflow/example_dags/example_external_task_marker_dag.py
[2023-05-01T23:54:38.302+0000] {logging_mixin.py:137} INFO - [2023-05-01T23:54:38.301+0000] {dag.py:2705} INFO - Sync 2 DAGs
[2023-05-01T23:54:38.442+0000] {logging_mixin.py:137} INFO - [2023-05-01T23:54:38.441+0000] {dag.py:3456} INFO - Setting next_dagrun for example_external_task_marker_child to None, run_after=None
[2023-05-01T23:54:38.460+0000] {logging_mixin.py:137} INFO - [2023-05-01T23:54:38.459+0000] {dag.py:3456} INFO - Setting next_dagrun for example_external_task_marker_parent to None, run_after=None
[2023-05-01T23:54:38.521+0000] {processor.py:175} INFO - Processing /home/airflow/.local/lib/python3.7/site-packages/airflow/example_dags/example_external_task_marker_dag.py took 0.406 seconds
[2023-05-01T23:55:15.500+0000] {processor.py:153} INFO - Started process (PID=976) to work on /home/airflow/.local/lib/python3.7/site-packages/airflow/example_dags/example_external_task_marker_dag.py
[2023-05-01T23:55:15.517+0000] {processor.py:743} INFO - Processing file /home/airflow/.local/lib/python3.7/site-packages/airflow/example_dags/example_external_task_marker_dag.py for tasks to queue
[2023-05-01T23:55:15.525+0000] {logging_mixin.py:137} INFO - [2023-05-01T23:55:15.524+0000] {dagbag.py:532} INFO - Filling up the DagBag from /home/airflow/.local/lib/python3.7/site-packages/airflow/example_dags/example_external_task_marker_dag.py
[2023-05-01T23:55:15.593+0000] {processor.py:753} INFO - DAG(s) dict_keys(['example_external_task_marker_child', 'example_external_task_marker_parent']) retrieved from /home/airflow/.local/lib/python3.7/site-packages/airflow/example_dags/example_external_task_marker_dag.py
[2023-05-01T23:55:15.718+0000] {logging_mixin.py:137} INFO - [2023-05-01T23:55:15.717+0000] {dag.py:2705} INFO - Sync 2 DAGs
[2023-05-01T23:55:15.855+0000] {logging_mixin.py:137} INFO - [2023-05-01T23:55:15.855+0000] {dag.py:3456} INFO - Setting next_dagrun for example_external_task_marker_child to None, run_after=None
[2023-05-01T23:55:15.873+0000] {logging_mixin.py:137} INFO - [2023-05-01T23:55:15.873+0000] {dag.py:3456} INFO - Setting next_dagrun for example_external_task_marker_parent to None, run_after=None
[2023-05-01T23:55:15.936+0000] {processor.py:175} INFO - Processing /home/airflow/.local/lib/python3.7/site-packages/airflow/example_dags/example_external_task_marker_dag.py took 0.454 seconds
[2023-05-01T23:55:55.200+0000] {processor.py:153} INFO - Started process (PID=1089) to work on /home/airflow/.local/lib/python3.7/site-packages/airflow/example_dags/example_external_task_marker_dag.py
[2023-05-01T23:55:55.205+0000] {processor.py:743} INFO - Processing file /home/airflow/.local/lib/python3.7/site-packages/airflow/example_dags/example_external_task_marker_dag.py for tasks to queue
[2023-05-01T23:55:55.209+0000] {logging_mixin.py:137} INFO - [2023-05-01T23:55:55.209+0000] {dagbag.py:532} INFO - Filling up the DagBag from /home/airflow/.local/lib/python3.7/site-packages/airflow/example_dags/example_external_task_marker_dag.py
[2023-05-01T23:55:55.271+0000] {processor.py:753} INFO - DAG(s) dict_keys(['example_external_task_marker_parent', 'example_external_task_marker_child']) retrieved from /home/airflow/.local/lib/python3.7/site-packages/airflow/example_dags/example_external_task_marker_dag.py
[2023-05-01T23:55:55.394+0000] {logging_mixin.py:137} INFO - [2023-05-01T23:55:55.393+0000] {dag.py:2705} INFO - Sync 2 DAGs
[2023-05-01T23:55:55.558+0000] {logging_mixin.py:137} INFO - [2023-05-01T23:55:55.557+0000] {dag.py:3456} INFO - Setting next_dagrun for example_external_task_marker_child to None, run_after=None
[2023-05-01T23:55:55.578+0000] {logging_mixin.py:137} INFO - [2023-05-01T23:55:55.577+0000] {dag.py:3456} INFO - Setting next_dagrun for example_external_task_marker_parent to None, run_after=None
[2023-05-01T23:55:55.656+0000] {processor.py:175} INFO - Processing /home/airflow/.local/lib/python3.7/site-packages/airflow/example_dags/example_external_task_marker_dag.py took 0.466 seconds
[2023-05-01T23:56:28.095+0000] {processor.py:153} INFO - Started process (PID=1193) to work on /home/airflow/.local/lib/python3.7/site-packages/airflow/example_dags/example_external_task_marker_dag.py
[2023-05-01T23:56:28.103+0000] {processor.py:743} INFO - Processing file /home/airflow/.local/lib/python3.7/site-packages/airflow/example_dags/example_external_task_marker_dag.py for tasks to queue
[2023-05-01T23:56:28.110+0000] {logging_mixin.py:137} INFO - [2023-05-01T23:56:28.109+0000] {dagbag.py:532} INFO - Filling up the DagBag from /home/airflow/.local/lib/python3.7/site-packages/airflow/example_dags/example_external_task_marker_dag.py
[2023-05-01T23:56:28.189+0000] {processor.py:753} INFO - DAG(s) dict_keys(['example_external_task_marker_child', 'example_external_task_marker_parent']) retrieved from /home/airflow/.local/lib/python3.7/site-packages/airflow/example_dags/example_external_task_marker_dag.py
[2023-05-01T23:56:28.320+0000] {logging_mixin.py:137} INFO - [2023-05-01T23:56:28.319+0000] {dag.py:2705} INFO - Sync 2 DAGs
[2023-05-01T23:56:28.600+0000] {logging_mixin.py:137} INFO - [2023-05-01T23:56:28.599+0000] {dag.py:3456} INFO - Setting next_dagrun for example_external_task_marker_child to None, run_after=None
[2023-05-01T23:56:28.621+0000] {logging_mixin.py:137} INFO - [2023-05-01T23:56:28.620+0000] {dag.py:3456} INFO - Setting next_dagrun for example_external_task_marker_parent to None, run_after=None
[2023-05-01T23:56:28.704+0000] {processor.py:175} INFO - Processing /home/airflow/.local/lib/python3.7/site-packages/airflow/example_dags/example_external_task_marker_dag.py took 0.626 seconds
[2023-05-01T23:57:02.701+0000] {processor.py:153} INFO - Started process (PID=1289) to work on /home/airflow/.local/lib/python3.7/site-packages/airflow/example_dags/example_external_task_marker_dag.py
[2023-05-01T23:57:02.707+0000] {processor.py:743} INFO - Processing file /home/airflow/.local/lib/python3.7/site-packages/airflow/example_dags/example_external_task_marker_dag.py for tasks to queue
[2023-05-01T23:57:02.713+0000] {logging_mixin.py:137} INFO - [2023-05-01T23:57:02.712+0000] {dagbag.py:532} INFO - Filling up the DagBag from /home/airflow/.local/lib/python3.7/site-packages/airflow/example_dags/example_external_task_marker_dag.py
[2023-05-01T23:57:02.792+0000] {processor.py:753} INFO - DAG(s) dict_keys(['example_external_task_marker_parent', 'example_external_task_marker_child']) retrieved from /home/airflow/.local/lib/python3.7/site-packages/airflow/example_dags/example_external_task_marker_dag.py
[2023-05-01T23:57:02.932+0000] {logging_mixin.py:137} INFO - [2023-05-01T23:57:02.931+0000] {dag.py:2705} INFO - Sync 2 DAGs
[2023-05-01T23:57:03.106+0000] {logging_mixin.py:137} INFO - [2023-05-01T23:57:03.105+0000] {dag.py:3456} INFO - Setting next_dagrun for example_external_task_marker_child to None, run_after=None
[2023-05-01T23:57:03.129+0000] {logging_mixin.py:137} INFO - [2023-05-01T23:57:03.128+0000] {dag.py:3456} INFO - Setting next_dagrun for example_external_task_marker_parent to None, run_after=None
[2023-05-01T23:57:03.229+0000] {processor.py:175} INFO - Processing /home/airflow/.local/lib/python3.7/site-packages/airflow/example_dags/example_external_task_marker_dag.py took 0.540 seconds
[2023-05-01T23:57:35.697+0000] {processor.py:153} INFO - Started process (PID=1387) to work on /home/airflow/.local/lib/python3.7/site-packages/airflow/example_dags/example_external_task_marker_dag.py
[2023-05-01T23:57:35.702+0000] {processor.py:743} INFO - Processing file /home/airflow/.local/lib/python3.7/site-packages/airflow/example_dags/example_external_task_marker_dag.py for tasks to queue
[2023-05-01T23:57:35.707+0000] {logging_mixin.py:137} INFO - [2023-05-01T23:57:35.706+0000] {dagbag.py:532} INFO - Filling up the DagBag from /home/airflow/.local/lib/python3.7/site-packages/airflow/example_dags/example_external_task_marker_dag.py
[2023-05-01T23:57:35.782+0000] {processor.py:753} INFO - DAG(s) dict_keys(['example_external_task_marker_child', 'example_external_task_marker_parent']) retrieved from /home/airflow/.local/lib/python3.7/site-packages/airflow/example_dags/example_external_task_marker_dag.py
[2023-05-01T23:57:35.920+0000] {logging_mixin.py:137} INFO - [2023-05-01T23:57:35.920+0000] {dag.py:2705} INFO - Sync 2 DAGs
[2023-05-01T23:57:36.105+0000] {logging_mixin.py:137} INFO - [2023-05-01T23:57:36.104+0000] {dag.py:3456} INFO - Setting next_dagrun for example_external_task_marker_child to None, run_after=None
[2023-05-01T23:57:36.128+0000] {logging_mixin.py:137} INFO - [2023-05-01T23:57:36.127+0000] {dag.py:3456} INFO - Setting next_dagrun for example_external_task_marker_parent to None, run_after=None
[2023-05-01T23:57:36.205+0000] {processor.py:175} INFO - Processing /home/airflow/.local/lib/python3.7/site-packages/airflow/example_dags/example_external_task_marker_dag.py took 0.522 seconds
[2023-05-01T23:58:06.913+0000] {processor.py:153} INFO - Started process (PID=1483) to work on /home/airflow/.local/lib/python3.7/site-packages/airflow/example_dags/example_external_task_marker_dag.py
[2023-05-01T23:58:06.917+0000] {processor.py:743} INFO - Processing file /home/airflow/.local/lib/python3.7/site-packages/airflow/example_dags/example_external_task_marker_dag.py for tasks to queue
[2023-05-01T23:58:06.921+0000] {logging_mixin.py:137} INFO - [2023-05-01T23:58:06.921+0000] {dagbag.py:532} INFO - Filling up the DagBag from /home/airflow/.local/lib/python3.7/site-packages/airflow/example_dags/example_external_task_marker_dag.py
[2023-05-01T23:58:06.984+0000] {processor.py:753} INFO - DAG(s) dict_keys(['example_external_task_marker_parent', 'example_external_task_marker_child']) retrieved from /home/airflow/.local/lib/python3.7/site-packages/airflow/example_dags/example_external_task_marker_dag.py
[2023-05-01T23:58:07.097+0000] {logging_mixin.py:137} INFO - [2023-05-01T23:58:07.095+0000] {dag.py:2705} INFO - Sync 2 DAGs
[2023-05-01T23:58:07.270+0000] {logging_mixin.py:137} INFO - [2023-05-01T23:58:07.269+0000] {dag.py:3456} INFO - Setting next_dagrun for example_external_task_marker_child to None, run_after=None
[2023-05-01T23:58:07.291+0000] {logging_mixin.py:137} INFO - [2023-05-01T23:58:07.290+0000] {dag.py:3456} INFO - Setting next_dagrun for example_external_task_marker_parent to None, run_after=None
[2023-05-01T23:58:07.361+0000] {processor.py:175} INFO - Processing /home/airflow/.local/lib/python3.7/site-packages/airflow/example_dags/example_external_task_marker_dag.py took 0.461 seconds
[2023-05-01T23:58:50.342+0000] {processor.py:153} INFO - Started process (PID=1590) to work on /home/airflow/.local/lib/python3.7/site-packages/airflow/example_dags/example_external_task_marker_dag.py
[2023-05-01T23:58:50.345+0000] {processor.py:743} INFO - Processing file /home/airflow/.local/lib/python3.7/site-packages/airflow/example_dags/example_external_task_marker_dag.py for tasks to queue
[2023-05-01T23:58:50.348+0000] {logging_mixin.py:137} INFO - [2023-05-01T23:58:50.348+0000] {dagbag.py:532} INFO - Filling up the DagBag from /home/airflow/.local/lib/python3.7/site-packages/airflow/example_dags/example_external_task_marker_dag.py
[2023-05-01T23:58:50.443+0000] {processor.py:753} INFO - DAG(s) dict_keys(['example_external_task_marker_parent', 'example_external_task_marker_child']) retrieved from /home/airflow/.local/lib/python3.7/site-packages/airflow/example_dags/example_external_task_marker_dag.py
[2023-05-01T23:58:50.602+0000] {logging_mixin.py:137} INFO - [2023-05-01T23:58:50.600+0000] {dag.py:2705} INFO - Sync 2 DAGs
[2023-05-01T23:58:50.744+0000] {logging_mixin.py:137} INFO - [2023-05-01T23:58:50.744+0000] {dag.py:3456} INFO - Setting next_dagrun for example_external_task_marker_child to None, run_after=None
[2023-05-01T23:58:50.763+0000] {logging_mixin.py:137} INFO - [2023-05-01T23:58:50.762+0000] {dag.py:3456} INFO - Setting next_dagrun for example_external_task_marker_parent to None, run_after=None
[2023-05-01T23:58:50.832+0000] {processor.py:175} INFO - Processing /home/airflow/.local/lib/python3.7/site-packages/airflow/example_dags/example_external_task_marker_dag.py took 0.501 seconds
[2023-05-01T23:59:23.472+0000] {processor.py:153} INFO - Started process (PID=1685) to work on /home/airflow/.local/lib/python3.7/site-packages/airflow/example_dags/example_external_task_marker_dag.py
[2023-05-01T23:59:23.480+0000] {processor.py:743} INFO - Processing file /home/airflow/.local/lib/python3.7/site-packages/airflow/example_dags/example_external_task_marker_dag.py for tasks to queue
[2023-05-01T23:59:23.485+0000] {logging_mixin.py:137} INFO - [2023-05-01T23:59:23.484+0000] {dagbag.py:532} INFO - Filling up the DagBag from /home/airflow/.local/lib/python3.7/site-packages/airflow/example_dags/example_external_task_marker_dag.py
[2023-05-01T23:59:23.568+0000] {processor.py:753} INFO - DAG(s) dict_keys(['example_external_task_marker_child', 'example_external_task_marker_parent']) retrieved from /home/airflow/.local/lib/python3.7/site-packages/airflow/example_dags/example_external_task_marker_dag.py
[2023-05-01T23:59:23.757+0000] {logging_mixin.py:137} INFO - [2023-05-01T23:59:23.755+0000] {dag.py:2705} INFO - Sync 2 DAGs
[2023-05-01T23:59:23.958+0000] {logging_mixin.py:137} INFO - [2023-05-01T23:59:23.957+0000] {dag.py:3456} INFO - Setting next_dagrun for example_external_task_marker_child to None, run_after=None
[2023-05-01T23:59:23.983+0000] {logging_mixin.py:137} INFO - [2023-05-01T23:59:23.982+0000] {dag.py:3456} INFO - Setting next_dagrun for example_external_task_marker_parent to None, run_after=None
[2023-05-01T23:59:24.071+0000] {processor.py:175} INFO - Processing /home/airflow/.local/lib/python3.7/site-packages/airflow/example_dags/example_external_task_marker_dag.py took 0.612 seconds
[2023-05-01T23:59:54.356+0000] {processor.py:153} INFO - Started process (PID=1780) to work on /home/airflow/.local/lib/python3.7/site-packages/airflow/example_dags/example_external_task_marker_dag.py
[2023-05-01T23:59:54.359+0000] {processor.py:743} INFO - Processing file /home/airflow/.local/lib/python3.7/site-packages/airflow/example_dags/example_external_task_marker_dag.py for tasks to queue
[2023-05-01T23:59:54.363+0000] {logging_mixin.py:137} INFO - [2023-05-01T23:59:54.362+0000] {dagbag.py:532} INFO - Filling up the DagBag from /home/airflow/.local/lib/python3.7/site-packages/airflow/example_dags/example_external_task_marker_dag.py
[2023-05-01T23:59:54.434+0000] {processor.py:753} INFO - DAG(s) dict_keys(['example_external_task_marker_child', 'example_external_task_marker_parent']) retrieved from /home/airflow/.local/lib/python3.7/site-packages/airflow/example_dags/example_external_task_marker_dag.py
[2023-05-01T23:59:54.587+0000] {logging_mixin.py:137} INFO - [2023-05-01T23:59:54.586+0000] {dag.py:2705} INFO - Sync 2 DAGs
[2023-05-01T23:59:54.845+0000] {logging_mixin.py:137} INFO - [2023-05-01T23:59:54.844+0000] {dag.py:3456} INFO - Setting next_dagrun for example_external_task_marker_child to None, run_after=None
[2023-05-01T23:59:54.873+0000] {logging_mixin.py:137} INFO - [2023-05-01T23:59:54.872+0000] {dag.py:3456} INFO - Setting next_dagrun for example_external_task_marker_parent to None, run_after=None
[2023-05-01T23:59:54.980+0000] {processor.py:175} INFO - Processing /home/airflow/.local/lib/python3.7/site-packages/airflow/example_dags/example_external_task_marker_dag.py took 0.634 seconds
