[2023-05-01T23:50:07.999+0000] {processor.py:153} INFO - Started process (PID=172) to work on /home/airflow/.local/lib/python3.7/site-packages/airflow/example_dags/example_kubernetes_executor.py
[2023-05-01T23:50:08.003+0000] {processor.py:743} INFO - Processing file /home/airflow/.local/lib/python3.7/site-packages/airflow/example_dags/example_kubernetes_executor.py for tasks to queue
[2023-05-01T23:50:08.018+0000] {logging_mixin.py:137} INFO - [2023-05-01T23:50:08.017+0000] {dagbag.py:532} INFO - Filling up the DagBag from /home/airflow/.local/lib/python3.7/site-packages/airflow/example_dags/example_kubernetes_executor.py
[2023-05-01T23:50:08.552+0000] {processor.py:753} INFO - DAG(s) dict_keys(['example_kubernetes_executor']) retrieved from /home/airflow/.local/lib/python3.7/site-packages/airflow/example_dags/example_kubernetes_executor.py
[2023-05-01T23:50:08.991+0000] {logging_mixin.py:137} INFO - [2023-05-01T23:50:08.990+0000] {dag.py:2705} INFO - Sync 1 DAGs
[2023-05-01T23:50:09.337+0000] {logging_mixin.py:137} INFO - [2023-05-01T23:50:09.336+0000] {dag.py:3456} INFO - Setting next_dagrun for example_kubernetes_executor to None, run_after=None
[2023-05-01T23:50:09.674+0000] {processor.py:175} INFO - Processing /home/airflow/.local/lib/python3.7/site-packages/airflow/example_dags/example_kubernetes_executor.py took 1.692 seconds
[2023-05-01T23:51:13.835+0000] {processor.py:153} INFO - Started process (PID=276) to work on /home/airflow/.local/lib/python3.7/site-packages/airflow/example_dags/example_kubernetes_executor.py
[2023-05-01T23:51:13.847+0000] {processor.py:743} INFO - Processing file /home/airflow/.local/lib/python3.7/site-packages/airflow/example_dags/example_kubernetes_executor.py for tasks to queue
[2023-05-01T23:51:13.853+0000] {logging_mixin.py:137} INFO - [2023-05-01T23:51:13.852+0000] {dagbag.py:532} INFO - Filling up the DagBag from /home/airflow/.local/lib/python3.7/site-packages/airflow/example_dags/example_kubernetes_executor.py
[2023-05-01T23:51:14.325+0000] {processor.py:753} INFO - DAG(s) dict_keys(['example_kubernetes_executor']) retrieved from /home/airflow/.local/lib/python3.7/site-packages/airflow/example_dags/example_kubernetes_executor.py
[2023-05-01T23:51:14.838+0000] {logging_mixin.py:137} INFO - [2023-05-01T23:51:14.835+0000] {dag.py:2705} INFO - Sync 1 DAGs
[2023-05-01T23:51:15.398+0000] {logging_mixin.py:137} INFO - [2023-05-01T23:51:15.383+0000] {dag.py:3456} INFO - Setting next_dagrun for example_kubernetes_executor to None, run_after=None
[2023-05-01T23:51:15.748+0000] {processor.py:175} INFO - Processing /home/airflow/.local/lib/python3.7/site-packages/airflow/example_dags/example_kubernetes_executor.py took 2.021 seconds
[2023-05-01T23:51:53.155+0000] {processor.py:153} INFO - Started process (PID=380) to work on /home/airflow/.local/lib/python3.7/site-packages/airflow/example_dags/example_kubernetes_executor.py
[2023-05-01T23:51:53.166+0000] {processor.py:743} INFO - Processing file /home/airflow/.local/lib/python3.7/site-packages/airflow/example_dags/example_kubernetes_executor.py for tasks to queue
[2023-05-01T23:51:53.171+0000] {logging_mixin.py:137} INFO - [2023-05-01T23:51:53.170+0000] {dagbag.py:532} INFO - Filling up the DagBag from /home/airflow/.local/lib/python3.7/site-packages/airflow/example_dags/example_kubernetes_executor.py
[2023-05-01T23:51:53.624+0000] {processor.py:753} INFO - DAG(s) dict_keys(['example_kubernetes_executor']) retrieved from /home/airflow/.local/lib/python3.7/site-packages/airflow/example_dags/example_kubernetes_executor.py
[2023-05-01T23:51:54.120+0000] {logging_mixin.py:137} INFO - [2023-05-01T23:51:54.113+0000] {dag.py:2705} INFO - Sync 1 DAGs
[2023-05-01T23:51:54.570+0000] {logging_mixin.py:137} INFO - [2023-05-01T23:51:54.569+0000] {dag.py:3456} INFO - Setting next_dagrun for example_kubernetes_executor to None, run_after=None
[2023-05-01T23:51:54.713+0000] {processor.py:175} INFO - Processing /home/airflow/.local/lib/python3.7/site-packages/airflow/example_dags/example_kubernetes_executor.py took 1.605 seconds
[2023-05-01T23:52:25.028+0000] {processor.py:153} INFO - Started process (PID=474) to work on /home/airflow/.local/lib/python3.7/site-packages/airflow/example_dags/example_kubernetes_executor.py
[2023-05-01T23:52:25.035+0000] {processor.py:743} INFO - Processing file /home/airflow/.local/lib/python3.7/site-packages/airflow/example_dags/example_kubernetes_executor.py for tasks to queue
[2023-05-01T23:52:25.069+0000] {logging_mixin.py:137} INFO - [2023-05-01T23:52:25.056+0000] {dagbag.py:532} INFO - Filling up the DagBag from /home/airflow/.local/lib/python3.7/site-packages/airflow/example_dags/example_kubernetes_executor.py
[2023-05-01T23:52:25.491+0000] {processor.py:753} INFO - DAG(s) dict_keys(['example_kubernetes_executor']) retrieved from /home/airflow/.local/lib/python3.7/site-packages/airflow/example_dags/example_kubernetes_executor.py
[2023-05-01T23:52:25.815+0000] {logging_mixin.py:137} INFO - [2023-05-01T23:52:25.812+0000] {dag.py:2705} INFO - Sync 1 DAGs
[2023-05-01T23:52:26.068+0000] {logging_mixin.py:137} INFO - [2023-05-01T23:52:26.067+0000] {dag.py:3456} INFO - Setting next_dagrun for example_kubernetes_executor to None, run_after=None
[2023-05-01T23:52:26.206+0000] {processor.py:175} INFO - Processing /home/airflow/.local/lib/python3.7/site-packages/airflow/example_dags/example_kubernetes_executor.py took 1.203 seconds
[2023-05-01T23:52:56.707+0000] {processor.py:153} INFO - Started process (PID=569) to work on /home/airflow/.local/lib/python3.7/site-packages/airflow/example_dags/example_kubernetes_executor.py
[2023-05-01T23:52:56.711+0000] {processor.py:743} INFO - Processing file /home/airflow/.local/lib/python3.7/site-packages/airflow/example_dags/example_kubernetes_executor.py for tasks to queue
[2023-05-01T23:52:56.717+0000] {logging_mixin.py:137} INFO - [2023-05-01T23:52:56.716+0000] {dagbag.py:532} INFO - Filling up the DagBag from /home/airflow/.local/lib/python3.7/site-packages/airflow/example_dags/example_kubernetes_executor.py
[2023-05-01T23:52:56.937+0000] {processor.py:753} INFO - DAG(s) dict_keys(['example_kubernetes_executor']) retrieved from /home/airflow/.local/lib/python3.7/site-packages/airflow/example_dags/example_kubernetes_executor.py
[2023-05-01T23:52:57.109+0000] {logging_mixin.py:137} INFO - [2023-05-01T23:52:57.108+0000] {dag.py:2705} INFO - Sync 1 DAGs
[2023-05-01T23:52:57.287+0000] {logging_mixin.py:137} INFO - [2023-05-01T23:52:57.286+0000] {dag.py:3456} INFO - Setting next_dagrun for example_kubernetes_executor to None, run_after=None
[2023-05-01T23:52:57.389+0000] {processor.py:175} INFO - Processing /home/airflow/.local/lib/python3.7/site-packages/airflow/example_dags/example_kubernetes_executor.py took 0.699 seconds
[2023-05-01T23:53:27.601+0000] {processor.py:153} INFO - Started process (PID=665) to work on /home/airflow/.local/lib/python3.7/site-packages/airflow/example_dags/example_kubernetes_executor.py
[2023-05-01T23:53:27.605+0000] {processor.py:743} INFO - Processing file /home/airflow/.local/lib/python3.7/site-packages/airflow/example_dags/example_kubernetes_executor.py for tasks to queue
[2023-05-01T23:53:27.609+0000] {logging_mixin.py:137} INFO - [2023-05-01T23:53:27.608+0000] {dagbag.py:532} INFO - Filling up the DagBag from /home/airflow/.local/lib/python3.7/site-packages/airflow/example_dags/example_kubernetes_executor.py
[2023-05-01T23:53:27.769+0000] {processor.py:753} INFO - DAG(s) dict_keys(['example_kubernetes_executor']) retrieved from /home/airflow/.local/lib/python3.7/site-packages/airflow/example_dags/example_kubernetes_executor.py
[2023-05-01T23:53:27.913+0000] {logging_mixin.py:137} INFO - [2023-05-01T23:53:27.913+0000] {dag.py:2705} INFO - Sync 1 DAGs
[2023-05-01T23:53:28.060+0000] {logging_mixin.py:137} INFO - [2023-05-01T23:53:28.059+0000] {dag.py:3456} INFO - Setting next_dagrun for example_kubernetes_executor to None, run_after=None
[2023-05-01T23:53:28.128+0000] {processor.py:175} INFO - Processing /home/airflow/.local/lib/python3.7/site-packages/airflow/example_dags/example_kubernetes_executor.py took 0.542 seconds
[2023-05-01T23:54:01.115+0000] {processor.py:153} INFO - Started process (PID=761) to work on /home/airflow/.local/lib/python3.7/site-packages/airflow/example_dags/example_kubernetes_executor.py
[2023-05-01T23:54:01.133+0000] {processor.py:743} INFO - Processing file /home/airflow/.local/lib/python3.7/site-packages/airflow/example_dags/example_kubernetes_executor.py for tasks to queue
[2023-05-01T23:54:01.178+0000] {logging_mixin.py:137} INFO - [2023-05-01T23:54:01.165+0000] {dagbag.py:532} INFO - Filling up the DagBag from /home/airflow/.local/lib/python3.7/site-packages/airflow/example_dags/example_kubernetes_executor.py
[2023-05-01T23:54:01.825+0000] {processor.py:753} INFO - DAG(s) dict_keys(['example_kubernetes_executor']) retrieved from /home/airflow/.local/lib/python3.7/site-packages/airflow/example_dags/example_kubernetes_executor.py
[2023-05-01T23:54:02.172+0000] {logging_mixin.py:137} INFO - [2023-05-01T23:54:02.170+0000] {dag.py:2705} INFO - Sync 1 DAGs
[2023-05-01T23:54:02.384+0000] {logging_mixin.py:137} INFO - [2023-05-01T23:54:02.382+0000] {dag.py:3456} INFO - Setting next_dagrun for example_kubernetes_executor to None, run_after=None
[2023-05-01T23:54:02.530+0000] {processor.py:175} INFO - Processing /home/airflow/.local/lib/python3.7/site-packages/airflow/example_dags/example_kubernetes_executor.py took 1.437 seconds
[2023-05-01T23:54:36.450+0000] {processor.py:153} INFO - Started process (PID=858) to work on /home/airflow/.local/lib/python3.7/site-packages/airflow/example_dags/example_kubernetes_executor.py
[2023-05-01T23:54:36.453+0000] {processor.py:743} INFO - Processing file /home/airflow/.local/lib/python3.7/site-packages/airflow/example_dags/example_kubernetes_executor.py for tasks to queue
[2023-05-01T23:54:36.457+0000] {logging_mixin.py:137} INFO - [2023-05-01T23:54:36.456+0000] {dagbag.py:532} INFO - Filling up the DagBag from /home/airflow/.local/lib/python3.7/site-packages/airflow/example_dags/example_kubernetes_executor.py
[2023-05-01T23:54:36.613+0000] {processor.py:753} INFO - DAG(s) dict_keys(['example_kubernetes_executor']) retrieved from /home/airflow/.local/lib/python3.7/site-packages/airflow/example_dags/example_kubernetes_executor.py
[2023-05-01T23:54:36.738+0000] {logging_mixin.py:137} INFO - [2023-05-01T23:54:36.737+0000] {dag.py:2705} INFO - Sync 1 DAGs
[2023-05-01T23:54:36.893+0000] {logging_mixin.py:137} INFO - [2023-05-01T23:54:36.892+0000] {dag.py:3456} INFO - Setting next_dagrun for example_kubernetes_executor to None, run_after=None
[2023-05-01T23:54:36.985+0000] {processor.py:175} INFO - Processing /home/airflow/.local/lib/python3.7/site-packages/airflow/example_dags/example_kubernetes_executor.py took 0.544 seconds
[2023-05-01T23:55:11.228+0000] {processor.py:153} INFO - Started process (PID=954) to work on /home/airflow/.local/lib/python3.7/site-packages/airflow/example_dags/example_kubernetes_executor.py
[2023-05-01T23:55:11.232+0000] {processor.py:743} INFO - Processing file /home/airflow/.local/lib/python3.7/site-packages/airflow/example_dags/example_kubernetes_executor.py for tasks to queue
[2023-05-01T23:55:11.237+0000] {logging_mixin.py:137} INFO - [2023-05-01T23:55:11.236+0000] {dagbag.py:532} INFO - Filling up the DagBag from /home/airflow/.local/lib/python3.7/site-packages/airflow/example_dags/example_kubernetes_executor.py
[2023-05-01T23:55:11.422+0000] {processor.py:753} INFO - DAG(s) dict_keys(['example_kubernetes_executor']) retrieved from /home/airflow/.local/lib/python3.7/site-packages/airflow/example_dags/example_kubernetes_executor.py
[2023-05-01T23:55:11.584+0000] {logging_mixin.py:137} INFO - [2023-05-01T23:55:11.583+0000] {dag.py:2705} INFO - Sync 1 DAGs
[2023-05-01T23:55:11.740+0000] {logging_mixin.py:137} INFO - [2023-05-01T23:55:11.739+0000] {dag.py:3456} INFO - Setting next_dagrun for example_kubernetes_executor to None, run_after=None
[2023-05-01T23:55:11.834+0000] {processor.py:175} INFO - Processing /home/airflow/.local/lib/python3.7/site-packages/airflow/example_dags/example_kubernetes_executor.py took 0.617 seconds
[2023-05-01T23:55:45.580+0000] {processor.py:153} INFO - Started process (PID=1055) to work on /home/airflow/.local/lib/python3.7/site-packages/airflow/example_dags/example_kubernetes_executor.py
[2023-05-01T23:55:45.587+0000] {processor.py:743} INFO - Processing file /home/airflow/.local/lib/python3.7/site-packages/airflow/example_dags/example_kubernetes_executor.py for tasks to queue
[2023-05-01T23:55:45.601+0000] {logging_mixin.py:137} INFO - [2023-05-01T23:55:45.599+0000] {dagbag.py:532} INFO - Filling up the DagBag from /home/airflow/.local/lib/python3.7/site-packages/airflow/example_dags/example_kubernetes_executor.py
[2023-05-01T23:55:45.898+0000] {processor.py:753} INFO - DAG(s) dict_keys(['example_kubernetes_executor']) retrieved from /home/airflow/.local/lib/python3.7/site-packages/airflow/example_dags/example_kubernetes_executor.py
[2023-05-01T23:55:46.115+0000] {logging_mixin.py:137} INFO - [2023-05-01T23:55:46.114+0000] {dag.py:2705} INFO - Sync 1 DAGs
[2023-05-01T23:55:46.329+0000] {logging_mixin.py:137} INFO - [2023-05-01T23:55:46.328+0000] {dag.py:3456} INFO - Setting next_dagrun for example_kubernetes_executor to None, run_after=None
[2023-05-01T23:55:46.454+0000] {processor.py:175} INFO - Processing /home/airflow/.local/lib/python3.7/site-packages/airflow/example_dags/example_kubernetes_executor.py took 0.899 seconds
[2023-05-01T23:56:16.821+0000] {processor.py:153} INFO - Started process (PID=1148) to work on /home/airflow/.local/lib/python3.7/site-packages/airflow/example_dags/example_kubernetes_executor.py
[2023-05-01T23:56:16.831+0000] {processor.py:743} INFO - Processing file /home/airflow/.local/lib/python3.7/site-packages/airflow/example_dags/example_kubernetes_executor.py for tasks to queue
[2023-05-01T23:56:16.838+0000] {logging_mixin.py:137} INFO - [2023-05-01T23:56:16.837+0000] {dagbag.py:532} INFO - Filling up the DagBag from /home/airflow/.local/lib/python3.7/site-packages/airflow/example_dags/example_kubernetes_executor.py
[2023-05-01T23:56:17.095+0000] {processor.py:753} INFO - DAG(s) dict_keys(['example_kubernetes_executor']) retrieved from /home/airflow/.local/lib/python3.7/site-packages/airflow/example_dags/example_kubernetes_executor.py
[2023-05-01T23:56:17.269+0000] {logging_mixin.py:137} INFO - [2023-05-01T23:56:17.268+0000] {dag.py:2705} INFO - Sync 1 DAGs
[2023-05-01T23:56:17.441+0000] {logging_mixin.py:137} INFO - [2023-05-01T23:56:17.440+0000] {dag.py:3456} INFO - Setting next_dagrun for example_kubernetes_executor to None, run_after=None
[2023-05-01T23:56:17.525+0000] {processor.py:175} INFO - Processing /home/airflow/.local/lib/python3.7/site-packages/airflow/example_dags/example_kubernetes_executor.py took 0.722 seconds
[2023-05-01T23:56:48.144+0000] {processor.py:153} INFO - Started process (PID=1244) to work on /home/airflow/.local/lib/python3.7/site-packages/airflow/example_dags/example_kubernetes_executor.py
[2023-05-01T23:56:48.151+0000] {processor.py:743} INFO - Processing file /home/airflow/.local/lib/python3.7/site-packages/airflow/example_dags/example_kubernetes_executor.py for tasks to queue
[2023-05-01T23:56:48.161+0000] {logging_mixin.py:137} INFO - [2023-05-01T23:56:48.158+0000] {dagbag.py:532} INFO - Filling up the DagBag from /home/airflow/.local/lib/python3.7/site-packages/airflow/example_dags/example_kubernetes_executor.py
[2023-05-01T23:56:48.377+0000] {processor.py:753} INFO - DAG(s) dict_keys(['example_kubernetes_executor']) retrieved from /home/airflow/.local/lib/python3.7/site-packages/airflow/example_dags/example_kubernetes_executor.py
[2023-05-01T23:56:48.609+0000] {logging_mixin.py:137} INFO - [2023-05-01T23:56:48.608+0000] {dag.py:2705} INFO - Sync 1 DAGs
[2023-05-01T23:56:48.811+0000] {logging_mixin.py:137} INFO - [2023-05-01T23:56:48.810+0000] {dag.py:3456} INFO - Setting next_dagrun for example_kubernetes_executor to None, run_after=None
[2023-05-01T23:56:48.911+0000] {processor.py:175} INFO - Processing /home/airflow/.local/lib/python3.7/site-packages/airflow/example_dags/example_kubernetes_executor.py took 0.799 seconds
[2023-05-01T23:57:19.460+0000] {processor.py:153} INFO - Started process (PID=1340) to work on /home/airflow/.local/lib/python3.7/site-packages/airflow/example_dags/example_kubernetes_executor.py
[2023-05-01T23:57:19.467+0000] {processor.py:743} INFO - Processing file /home/airflow/.local/lib/python3.7/site-packages/airflow/example_dags/example_kubernetes_executor.py for tasks to queue
[2023-05-01T23:57:19.473+0000] {logging_mixin.py:137} INFO - [2023-05-01T23:57:19.472+0000] {dagbag.py:532} INFO - Filling up the DagBag from /home/airflow/.local/lib/python3.7/site-packages/airflow/example_dags/example_kubernetes_executor.py
[2023-05-01T23:57:19.632+0000] {processor.py:753} INFO - DAG(s) dict_keys(['example_kubernetes_executor']) retrieved from /home/airflow/.local/lib/python3.7/site-packages/airflow/example_dags/example_kubernetes_executor.py
[2023-05-01T23:57:19.778+0000] {logging_mixin.py:137} INFO - [2023-05-01T23:57:19.777+0000] {dag.py:2705} INFO - Sync 1 DAGs
[2023-05-01T23:57:19.919+0000] {logging_mixin.py:137} INFO - [2023-05-01T23:57:19.918+0000] {dag.py:3456} INFO - Setting next_dagrun for example_kubernetes_executor to None, run_after=None
[2023-05-01T23:57:19.992+0000] {processor.py:175} INFO - Processing /home/airflow/.local/lib/python3.7/site-packages/airflow/example_dags/example_kubernetes_executor.py took 0.546 seconds
[2023-05-01T23:57:50.116+0000] {processor.py:153} INFO - Started process (PID=1436) to work on /home/airflow/.local/lib/python3.7/site-packages/airflow/example_dags/example_kubernetes_executor.py
[2023-05-01T23:57:50.122+0000] {processor.py:743} INFO - Processing file /home/airflow/.local/lib/python3.7/site-packages/airflow/example_dags/example_kubernetes_executor.py for tasks to queue
[2023-05-01T23:57:50.131+0000] {logging_mixin.py:137} INFO - [2023-05-01T23:57:50.130+0000] {dagbag.py:532} INFO - Filling up the DagBag from /home/airflow/.local/lib/python3.7/site-packages/airflow/example_dags/example_kubernetes_executor.py
[2023-05-01T23:57:50.300+0000] {processor.py:753} INFO - DAG(s) dict_keys(['example_kubernetes_executor']) retrieved from /home/airflow/.local/lib/python3.7/site-packages/airflow/example_dags/example_kubernetes_executor.py
[2023-05-01T23:57:50.475+0000] {logging_mixin.py:137} INFO - [2023-05-01T23:57:50.474+0000] {dag.py:2705} INFO - Sync 1 DAGs
[2023-05-01T23:57:50.613+0000] {logging_mixin.py:137} INFO - [2023-05-01T23:57:50.612+0000] {dag.py:3456} INFO - Setting next_dagrun for example_kubernetes_executor to None, run_after=None
[2023-05-01T23:57:50.688+0000] {processor.py:175} INFO - Processing /home/airflow/.local/lib/python3.7/site-packages/airflow/example_dags/example_kubernetes_executor.py took 0.595 seconds
[2023-05-01T23:58:21.176+0000] {processor.py:153} INFO - Started process (PID=1532) to work on /home/airflow/.local/lib/python3.7/site-packages/airflow/example_dags/example_kubernetes_executor.py
[2023-05-01T23:58:21.189+0000] {processor.py:743} INFO - Processing file /home/airflow/.local/lib/python3.7/site-packages/airflow/example_dags/example_kubernetes_executor.py for tasks to queue
[2023-05-01T23:58:21.198+0000] {logging_mixin.py:137} INFO - [2023-05-01T23:58:21.197+0000] {dagbag.py:532} INFO - Filling up the DagBag from /home/airflow/.local/lib/python3.7/site-packages/airflow/example_dags/example_kubernetes_executor.py
[2023-05-01T23:58:21.518+0000] {processor.py:753} INFO - DAG(s) dict_keys(['example_kubernetes_executor']) retrieved from /home/airflow/.local/lib/python3.7/site-packages/airflow/example_dags/example_kubernetes_executor.py
[2023-05-01T23:58:21.777+0000] {logging_mixin.py:137} INFO - [2023-05-01T23:58:21.776+0000] {dag.py:2705} INFO - Sync 1 DAGs
[2023-05-01T23:58:22.009+0000] {logging_mixin.py:137} INFO - [2023-05-01T23:58:22.008+0000] {dag.py:3456} INFO - Setting next_dagrun for example_kubernetes_executor to None, run_after=None
[2023-05-01T23:58:22.131+0000] {processor.py:175} INFO - Processing /home/airflow/.local/lib/python3.7/site-packages/airflow/example_dags/example_kubernetes_executor.py took 0.965 seconds
[2023-05-01T23:58:54.596+0000] {processor.py:153} INFO - Started process (PID=1624) to work on /home/airflow/.local/lib/python3.7/site-packages/airflow/example_dags/example_kubernetes_executor.py
[2023-05-01T23:58:54.600+0000] {processor.py:743} INFO - Processing file /home/airflow/.local/lib/python3.7/site-packages/airflow/example_dags/example_kubernetes_executor.py for tasks to queue
[2023-05-01T23:58:54.603+0000] {logging_mixin.py:137} INFO - [2023-05-01T23:58:54.603+0000] {dagbag.py:532} INFO - Filling up the DagBag from /home/airflow/.local/lib/python3.7/site-packages/airflow/example_dags/example_kubernetes_executor.py
[2023-05-01T23:58:54.742+0000] {processor.py:753} INFO - DAG(s) dict_keys(['example_kubernetes_executor']) retrieved from /home/airflow/.local/lib/python3.7/site-packages/airflow/example_dags/example_kubernetes_executor.py
[2023-05-01T23:58:54.870+0000] {logging_mixin.py:137} INFO - [2023-05-01T23:58:54.869+0000] {dag.py:2705} INFO - Sync 1 DAGs
[2023-05-01T23:58:55.017+0000] {logging_mixin.py:137} INFO - [2023-05-01T23:58:55.016+0000] {dag.py:3456} INFO - Setting next_dagrun for example_kubernetes_executor to None, run_after=None
[2023-05-01T23:58:55.169+0000] {processor.py:175} INFO - Processing /home/airflow/.local/lib/python3.7/site-packages/airflow/example_dags/example_kubernetes_executor.py took 0.581 seconds
[2023-05-01T23:59:29.617+0000] {processor.py:153} INFO - Started process (PID=1719) to work on /home/airflow/.local/lib/python3.7/site-packages/airflow/example_dags/example_kubernetes_executor.py
[2023-05-01T23:59:29.623+0000] {processor.py:743} INFO - Processing file /home/airflow/.local/lib/python3.7/site-packages/airflow/example_dags/example_kubernetes_executor.py for tasks to queue
[2023-05-01T23:59:29.629+0000] {logging_mixin.py:137} INFO - [2023-05-01T23:59:29.628+0000] {dagbag.py:532} INFO - Filling up the DagBag from /home/airflow/.local/lib/python3.7/site-packages/airflow/example_dags/example_kubernetes_executor.py
[2023-05-01T23:59:29.872+0000] {processor.py:753} INFO - DAG(s) dict_keys(['example_kubernetes_executor']) retrieved from /home/airflow/.local/lib/python3.7/site-packages/airflow/example_dags/example_kubernetes_executor.py
[2023-05-01T23:59:30.169+0000] {logging_mixin.py:137} INFO - [2023-05-01T23:59:30.168+0000] {dag.py:2705} INFO - Sync 1 DAGs
[2023-05-01T23:59:30.373+0000] {logging_mixin.py:137} INFO - [2023-05-01T23:59:30.372+0000] {dag.py:3456} INFO - Setting next_dagrun for example_kubernetes_executor to None, run_after=None
[2023-05-01T23:59:30.560+0000] {processor.py:175} INFO - Processing /home/airflow/.local/lib/python3.7/site-packages/airflow/example_dags/example_kubernetes_executor.py took 0.971 seconds
