[2023-05-01T23:49:33.778+0000] {processor.py:153} INFO - Started process (PID=114) to work on /home/airflow/.local/lib/python3.7/site-packages/airflow/example_dags/example_task_group.py
[2023-05-01T23:49:33.782+0000] {processor.py:743} INFO - Processing file /home/airflow/.local/lib/python3.7/site-packages/airflow/example_dags/example_task_group.py for tasks to queue
[2023-05-01T23:49:33.788+0000] {logging_mixin.py:137} INFO - [2023-05-01T23:49:33.786+0000] {dagbag.py:532} INFO - Filling up the DagBag from /home/airflow/.local/lib/python3.7/site-packages/airflow/example_dags/example_task_group.py
[2023-05-01T23:49:33.928+0000] {processor.py:753} INFO - DAG(s) dict_keys(['example_task_group']) retrieved from /home/airflow/.local/lib/python3.7/site-packages/airflow/example_dags/example_task_group.py
[2023-05-01T23:49:34.123+0000] {logging_mixin.py:137} INFO - [2023-05-01T23:49:34.119+0000] {dag.py:2705} INFO - Sync 1 DAGs
[2023-05-01T23:49:34.635+0000] {logging_mixin.py:137} INFO - [2023-05-01T23:49:34.633+0000] {dag.py:3456} INFO - Setting next_dagrun for example_task_group to 2023-04-30T23:49:34.631655+00:00, run_after=2023-05-01T23:49:34.631655+00:00
[2023-05-01T23:49:34.975+0000] {processor.py:175} INFO - Processing /home/airflow/.local/lib/python3.7/site-packages/airflow/example_dags/example_task_group.py took 1.208 seconds
[2023-05-01T23:50:45.248+0000] {processor.py:153} INFO - Started process (PID=218) to work on /home/airflow/.local/lib/python3.7/site-packages/airflow/example_dags/example_task_group.py
[2023-05-01T23:50:45.254+0000] {processor.py:743} INFO - Processing file /home/airflow/.local/lib/python3.7/site-packages/airflow/example_dags/example_task_group.py for tasks to queue
[2023-05-01T23:50:45.261+0000] {logging_mixin.py:137} INFO - [2023-05-01T23:50:45.260+0000] {dagbag.py:532} INFO - Filling up the DagBag from /home/airflow/.local/lib/python3.7/site-packages/airflow/example_dags/example_task_group.py
[2023-05-01T23:50:45.449+0000] {processor.py:753} INFO - DAG(s) dict_keys(['example_task_group']) retrieved from /home/airflow/.local/lib/python3.7/site-packages/airflow/example_dags/example_task_group.py
[2023-05-01T23:50:45.727+0000] {logging_mixin.py:137} INFO - [2023-05-01T23:50:45.726+0000] {dag.py:2705} INFO - Sync 1 DAGs
[2023-05-01T23:50:46.720+0000] {logging_mixin.py:137} INFO - [2023-05-01T23:50:46.717+0000] {dag.py:3456} INFO - Setting next_dagrun for example_task_group to 2023-04-30T23:50:46.707018+00:00, run_after=2023-05-01T23:50:46.707018+00:00
[2023-05-01T23:50:47.094+0000] {processor.py:175} INFO - Processing /home/airflow/.local/lib/python3.7/site-packages/airflow/example_dags/example_task_group.py took 1.884 seconds
[2023-05-01T23:51:27.926+0000] {processor.py:153} INFO - Started process (PID=319) to work on /home/airflow/.local/lib/python3.7/site-packages/airflow/example_dags/example_task_group.py
[2023-05-01T23:51:27.931+0000] {processor.py:743} INFO - Processing file /home/airflow/.local/lib/python3.7/site-packages/airflow/example_dags/example_task_group.py for tasks to queue
[2023-05-01T23:51:27.938+0000] {logging_mixin.py:137} INFO - [2023-05-01T23:51:27.937+0000] {dagbag.py:532} INFO - Filling up the DagBag from /home/airflow/.local/lib/python3.7/site-packages/airflow/example_dags/example_task_group.py
[2023-05-01T23:51:28.040+0000] {processor.py:753} INFO - DAG(s) dict_keys(['example_task_group']) retrieved from /home/airflow/.local/lib/python3.7/site-packages/airflow/example_dags/example_task_group.py
[2023-05-01T23:51:28.180+0000] {logging_mixin.py:137} INFO - [2023-05-01T23:51:28.179+0000] {dag.py:2705} INFO - Sync 1 DAGs
[2023-05-01T23:51:28.397+0000] {logging_mixin.py:137} INFO - [2023-05-01T23:51:28.396+0000] {dag.py:3456} INFO - Setting next_dagrun for example_task_group to 2023-04-30T23:51:28.394125+00:00, run_after=2023-05-01T23:51:28.394125+00:00
[2023-05-01T23:51:28.500+0000] {processor.py:175} INFO - Processing /home/airflow/.local/lib/python3.7/site-packages/airflow/example_dags/example_task_group.py took 0.598 seconds
[2023-05-01T23:51:59.614+0000] {processor.py:153} INFO - Started process (PID=412) to work on /home/airflow/.local/lib/python3.7/site-packages/airflow/example_dags/example_task_group.py
[2023-05-01T23:51:59.621+0000] {processor.py:743} INFO - Processing file /home/airflow/.local/lib/python3.7/site-packages/airflow/example_dags/example_task_group.py for tasks to queue
[2023-05-01T23:51:59.626+0000] {logging_mixin.py:137} INFO - [2023-05-01T23:51:59.625+0000] {dagbag.py:532} INFO - Filling up the DagBag from /home/airflow/.local/lib/python3.7/site-packages/airflow/example_dags/example_task_group.py
[2023-05-01T23:51:59.711+0000] {processor.py:753} INFO - DAG(s) dict_keys(['example_task_group']) retrieved from /home/airflow/.local/lib/python3.7/site-packages/airflow/example_dags/example_task_group.py
[2023-05-01T23:51:59.984+0000] {logging_mixin.py:137} INFO - [2023-05-01T23:51:59.983+0000] {dag.py:2705} INFO - Sync 1 DAGs
[2023-05-01T23:52:00.223+0000] {logging_mixin.py:137} INFO - [2023-05-01T23:52:00.222+0000] {dag.py:3456} INFO - Setting next_dagrun for example_task_group to 2023-04-30T23:52:00.218558+00:00, run_after=2023-05-01T23:52:00.218558+00:00
[2023-05-01T23:52:00.339+0000] {processor.py:175} INFO - Processing /home/airflow/.local/lib/python3.7/site-packages/airflow/example_dags/example_task_group.py took 0.738 seconds
[2023-05-01T23:52:33.402+0000] {processor.py:153} INFO - Started process (PID=495) to work on /home/airflow/.local/lib/python3.7/site-packages/airflow/example_dags/example_task_group.py
[2023-05-01T23:52:33.415+0000] {processor.py:743} INFO - Processing file /home/airflow/.local/lib/python3.7/site-packages/airflow/example_dags/example_task_group.py for tasks to queue
[2023-05-01T23:52:33.422+0000] {logging_mixin.py:137} INFO - [2023-05-01T23:52:33.421+0000] {dagbag.py:532} INFO - Filling up the DagBag from /home/airflow/.local/lib/python3.7/site-packages/airflow/example_dags/example_task_group.py
[2023-05-01T23:52:33.536+0000] {processor.py:753} INFO - DAG(s) dict_keys(['example_task_group']) retrieved from /home/airflow/.local/lib/python3.7/site-packages/airflow/example_dags/example_task_group.py
[2023-05-01T23:52:33.793+0000] {logging_mixin.py:137} INFO - [2023-05-01T23:52:33.792+0000] {dag.py:2705} INFO - Sync 1 DAGs
[2023-05-01T23:52:33.991+0000] {logging_mixin.py:137} INFO - [2023-05-01T23:52:33.989+0000] {dag.py:3456} INFO - Setting next_dagrun for example_task_group to 2023-04-30T23:52:33.987082+00:00, run_after=2023-05-01T23:52:33.987082+00:00
[2023-05-01T23:52:34.109+0000] {processor.py:175} INFO - Processing /home/airflow/.local/lib/python3.7/site-packages/airflow/example_dags/example_task_group.py took 0.729 seconds
[2023-05-01T23:53:05.012+0000] {processor.py:153} INFO - Started process (PID=591) to work on /home/airflow/.local/lib/python3.7/site-packages/airflow/example_dags/example_task_group.py
[2023-05-01T23:53:05.016+0000] {processor.py:743} INFO - Processing file /home/airflow/.local/lib/python3.7/site-packages/airflow/example_dags/example_task_group.py for tasks to queue
[2023-05-01T23:53:05.027+0000] {logging_mixin.py:137} INFO - [2023-05-01T23:53:05.023+0000] {dagbag.py:532} INFO - Filling up the DagBag from /home/airflow/.local/lib/python3.7/site-packages/airflow/example_dags/example_task_group.py
[2023-05-01T23:53:05.220+0000] {processor.py:753} INFO - DAG(s) dict_keys(['example_task_group']) retrieved from /home/airflow/.local/lib/python3.7/site-packages/airflow/example_dags/example_task_group.py
[2023-05-01T23:53:05.405+0000] {logging_mixin.py:137} INFO - [2023-05-01T23:53:05.403+0000] {dag.py:2705} INFO - Sync 1 DAGs
[2023-05-01T23:53:05.670+0000] {logging_mixin.py:137} INFO - [2023-05-01T23:53:05.669+0000] {dag.py:3456} INFO - Setting next_dagrun for example_task_group to 2023-04-30T23:53:05.666834+00:00, run_after=2023-05-01T23:53:05.666834+00:00
[2023-05-01T23:53:05.784+0000] {processor.py:175} INFO - Processing /home/airflow/.local/lib/python3.7/site-packages/airflow/example_dags/example_task_group.py took 0.791 seconds
[2023-05-01T23:53:37.637+0000] {processor.py:153} INFO - Started process (PID=687) to work on /home/airflow/.local/lib/python3.7/site-packages/airflow/example_dags/example_task_group.py
[2023-05-01T23:53:37.642+0000] {processor.py:743} INFO - Processing file /home/airflow/.local/lib/python3.7/site-packages/airflow/example_dags/example_task_group.py for tasks to queue
[2023-05-01T23:53:37.647+0000] {logging_mixin.py:137} INFO - [2023-05-01T23:53:37.646+0000] {dagbag.py:532} INFO - Filling up the DagBag from /home/airflow/.local/lib/python3.7/site-packages/airflow/example_dags/example_task_group.py
[2023-05-01T23:53:37.779+0000] {processor.py:753} INFO - DAG(s) dict_keys(['example_task_group']) retrieved from /home/airflow/.local/lib/python3.7/site-packages/airflow/example_dags/example_task_group.py
[2023-05-01T23:53:37.933+0000] {logging_mixin.py:137} INFO - [2023-05-01T23:53:37.932+0000] {dag.py:2705} INFO - Sync 1 DAGs
[2023-05-01T23:53:38.095+0000] {logging_mixin.py:137} INFO - [2023-05-01T23:53:38.093+0000] {dag.py:3456} INFO - Setting next_dagrun for example_task_group to 2023-04-30T23:53:38.092143+00:00, run_after=2023-05-01T23:53:38.092143+00:00
[2023-05-01T23:53:38.293+0000] {processor.py:175} INFO - Processing /home/airflow/.local/lib/python3.7/site-packages/airflow/example_dags/example_task_group.py took 0.684 seconds
[2023-05-01T23:54:08.710+0000] {processor.py:153} INFO - Started process (PID=783) to work on /home/airflow/.local/lib/python3.7/site-packages/airflow/example_dags/example_task_group.py
[2023-05-01T23:54:08.713+0000] {processor.py:743} INFO - Processing file /home/airflow/.local/lib/python3.7/site-packages/airflow/example_dags/example_task_group.py for tasks to queue
[2023-05-01T23:54:08.716+0000] {logging_mixin.py:137} INFO - [2023-05-01T23:54:08.715+0000] {dagbag.py:532} INFO - Filling up the DagBag from /home/airflow/.local/lib/python3.7/site-packages/airflow/example_dags/example_task_group.py
[2023-05-01T23:54:08.786+0000] {processor.py:753} INFO - DAG(s) dict_keys(['example_task_group']) retrieved from /home/airflow/.local/lib/python3.7/site-packages/airflow/example_dags/example_task_group.py
[2023-05-01T23:54:08.937+0000] {logging_mixin.py:137} INFO - [2023-05-01T23:54:08.936+0000] {dag.py:2705} INFO - Sync 1 DAGs
[2023-05-01T23:54:09.109+0000] {logging_mixin.py:137} INFO - [2023-05-01T23:54:09.108+0000] {dag.py:3456} INFO - Setting next_dagrun for example_task_group to 2023-04-30T23:54:09.106016+00:00, run_after=2023-05-01T23:54:09.106016+00:00
[2023-05-01T23:54:09.223+0000] {processor.py:175} INFO - Processing /home/airflow/.local/lib/python3.7/site-packages/airflow/example_dags/example_task_group.py took 0.523 seconds
[2023-05-01T23:54:39.701+0000] {processor.py:153} INFO - Started process (PID=880) to work on /home/airflow/.local/lib/python3.7/site-packages/airflow/example_dags/example_task_group.py
[2023-05-01T23:54:39.705+0000] {processor.py:743} INFO - Processing file /home/airflow/.local/lib/python3.7/site-packages/airflow/example_dags/example_task_group.py for tasks to queue
[2023-05-01T23:54:39.708+0000] {logging_mixin.py:137} INFO - [2023-05-01T23:54:39.707+0000] {dagbag.py:532} INFO - Filling up the DagBag from /home/airflow/.local/lib/python3.7/site-packages/airflow/example_dags/example_task_group.py
[2023-05-01T23:54:39.777+0000] {processor.py:753} INFO - DAG(s) dict_keys(['example_task_group']) retrieved from /home/airflow/.local/lib/python3.7/site-packages/airflow/example_dags/example_task_group.py
[2023-05-01T23:54:39.888+0000] {logging_mixin.py:137} INFO - [2023-05-01T23:54:39.887+0000] {dag.py:2705} INFO - Sync 1 DAGs
[2023-05-01T23:54:40.040+0000] {logging_mixin.py:137} INFO - [2023-05-01T23:54:40.039+0000] {dag.py:3456} INFO - Setting next_dagrun for example_task_group to 2023-04-30T23:54:40.037858+00:00, run_after=2023-05-01T23:54:40.037858+00:00
[2023-05-01T23:54:40.123+0000] {processor.py:175} INFO - Processing /home/airflow/.local/lib/python3.7/site-packages/airflow/example_dags/example_task_group.py took 0.431 seconds
[2023-05-01T23:55:12.590+0000] {processor.py:153} INFO - Started process (PID=962) to work on /home/airflow/.local/lib/python3.7/site-packages/airflow/example_dags/example_task_group.py
[2023-05-01T23:55:12.594+0000] {processor.py:743} INFO - Processing file /home/airflow/.local/lib/python3.7/site-packages/airflow/example_dags/example_task_group.py for tasks to queue
[2023-05-01T23:55:12.600+0000] {logging_mixin.py:137} INFO - [2023-05-01T23:55:12.599+0000] {dagbag.py:532} INFO - Filling up the DagBag from /home/airflow/.local/lib/python3.7/site-packages/airflow/example_dags/example_task_group.py
[2023-05-01T23:55:12.695+0000] {processor.py:753} INFO - DAG(s) dict_keys(['example_task_group']) retrieved from /home/airflow/.local/lib/python3.7/site-packages/airflow/example_dags/example_task_group.py
[2023-05-01T23:55:12.863+0000] {logging_mixin.py:137} INFO - [2023-05-01T23:55:12.863+0000] {dag.py:2705} INFO - Sync 1 DAGs
[2023-05-01T23:55:13.025+0000] {logging_mixin.py:137} INFO - [2023-05-01T23:55:13.024+0000] {dag.py:3456} INFO - Setting next_dagrun for example_task_group to 2023-04-30T23:55:13.022722+00:00, run_after=2023-05-01T23:55:13.022722+00:00
[2023-05-01T23:55:13.122+0000] {processor.py:175} INFO - Processing /home/airflow/.local/lib/python3.7/site-packages/airflow/example_dags/example_task_group.py took 0.552 seconds
[2023-05-01T23:55:48.475+0000] {processor.py:153} INFO - Started process (PID=1059) to work on /home/airflow/.local/lib/python3.7/site-packages/airflow/example_dags/example_task_group.py
[2023-05-01T23:55:48.480+0000] {processor.py:743} INFO - Processing file /home/airflow/.local/lib/python3.7/site-packages/airflow/example_dags/example_task_group.py for tasks to queue
[2023-05-01T23:55:48.487+0000] {logging_mixin.py:137} INFO - [2023-05-01T23:55:48.485+0000] {dagbag.py:532} INFO - Filling up the DagBag from /home/airflow/.local/lib/python3.7/site-packages/airflow/example_dags/example_task_group.py
[2023-05-01T23:55:48.601+0000] {processor.py:753} INFO - DAG(s) dict_keys(['example_task_group']) retrieved from /home/airflow/.local/lib/python3.7/site-packages/airflow/example_dags/example_task_group.py
[2023-05-01T23:55:48.763+0000] {logging_mixin.py:137} INFO - [2023-05-01T23:55:48.762+0000] {dag.py:2705} INFO - Sync 1 DAGs
[2023-05-01T23:55:48.971+0000] {logging_mixin.py:137} INFO - [2023-05-01T23:55:48.970+0000] {dag.py:3456} INFO - Setting next_dagrun for example_task_group to 2023-04-30T23:55:48.966557+00:00, run_after=2023-05-01T23:55:48.966557+00:00
[2023-05-01T23:55:49.132+0000] {processor.py:175} INFO - Processing /home/airflow/.local/lib/python3.7/site-packages/airflow/example_dags/example_task_group.py took 0.672 seconds
[2023-05-01T23:56:19.430+0000] {processor.py:153} INFO - Started process (PID=1155) to work on /home/airflow/.local/lib/python3.7/site-packages/airflow/example_dags/example_task_group.py
[2023-05-01T23:56:19.443+0000] {processor.py:743} INFO - Processing file /home/airflow/.local/lib/python3.7/site-packages/airflow/example_dags/example_task_group.py for tasks to queue
[2023-05-01T23:56:19.451+0000] {logging_mixin.py:137} INFO - [2023-05-01T23:56:19.449+0000] {dagbag.py:532} INFO - Filling up the DagBag from /home/airflow/.local/lib/python3.7/site-packages/airflow/example_dags/example_task_group.py
[2023-05-01T23:56:19.611+0000] {processor.py:753} INFO - DAG(s) dict_keys(['example_task_group']) retrieved from /home/airflow/.local/lib/python3.7/site-packages/airflow/example_dags/example_task_group.py
[2023-05-01T23:56:19.805+0000] {logging_mixin.py:137} INFO - [2023-05-01T23:56:19.805+0000] {dag.py:2705} INFO - Sync 1 DAGs
[2023-05-01T23:56:20.020+0000] {logging_mixin.py:137} INFO - [2023-05-01T23:56:20.019+0000] {dag.py:3456} INFO - Setting next_dagrun for example_task_group to 2023-04-30T23:56:20.014609+00:00, run_after=2023-05-01T23:56:20.014609+00:00
[2023-05-01T23:56:20.226+0000] {processor.py:175} INFO - Processing /home/airflow/.local/lib/python3.7/site-packages/airflow/example_dags/example_task_group.py took 0.826 seconds
[2023-05-01T23:56:50.737+0000] {processor.py:153} INFO - Started process (PID=1248) to work on /home/airflow/.local/lib/python3.7/site-packages/airflow/example_dags/example_task_group.py
[2023-05-01T23:56:50.743+0000] {processor.py:743} INFO - Processing file /home/airflow/.local/lib/python3.7/site-packages/airflow/example_dags/example_task_group.py for tasks to queue
[2023-05-01T23:56:50.753+0000] {logging_mixin.py:137} INFO - [2023-05-01T23:56:50.753+0000] {dagbag.py:532} INFO - Filling up the DagBag from /home/airflow/.local/lib/python3.7/site-packages/airflow/example_dags/example_task_group.py
[2023-05-01T23:56:50.860+0000] {processor.py:753} INFO - DAG(s) dict_keys(['example_task_group']) retrieved from /home/airflow/.local/lib/python3.7/site-packages/airflow/example_dags/example_task_group.py
[2023-05-01T23:56:51.017+0000] {logging_mixin.py:137} INFO - [2023-05-01T23:56:51.016+0000] {dag.py:2705} INFO - Sync 1 DAGs
[2023-05-01T23:56:51.206+0000] {logging_mixin.py:137} INFO - [2023-05-01T23:56:51.204+0000] {dag.py:3456} INFO - Setting next_dagrun for example_task_group to 2023-04-30T23:56:51.199712+00:00, run_after=2023-05-01T23:56:51.199712+00:00
[2023-05-01T23:56:51.338+0000] {processor.py:175} INFO - Processing /home/airflow/.local/lib/python3.7/site-packages/airflow/example_dags/example_task_group.py took 0.614 seconds
[2023-05-01T23:57:22.092+0000] {processor.py:153} INFO - Started process (PID=1344) to work on /home/airflow/.local/lib/python3.7/site-packages/airflow/example_dags/example_task_group.py
[2023-05-01T23:57:22.097+0000] {processor.py:743} INFO - Processing file /home/airflow/.local/lib/python3.7/site-packages/airflow/example_dags/example_task_group.py for tasks to queue
[2023-05-01T23:57:22.101+0000] {logging_mixin.py:137} INFO - [2023-05-01T23:57:22.100+0000] {dagbag.py:532} INFO - Filling up the DagBag from /home/airflow/.local/lib/python3.7/site-packages/airflow/example_dags/example_task_group.py
[2023-05-01T23:57:22.170+0000] {processor.py:753} INFO - DAG(s) dict_keys(['example_task_group']) retrieved from /home/airflow/.local/lib/python3.7/site-packages/airflow/example_dags/example_task_group.py
[2023-05-01T23:57:22.283+0000] {logging_mixin.py:137} INFO - [2023-05-01T23:57:22.283+0000] {dag.py:2705} INFO - Sync 1 DAGs
[2023-05-01T23:57:22.418+0000] {logging_mixin.py:137} INFO - [2023-05-01T23:57:22.417+0000] {dag.py:3456} INFO - Setting next_dagrun for example_task_group to 2023-04-30T23:57:22.415203+00:00, run_after=2023-05-01T23:57:22.415203+00:00
[2023-05-01T23:57:22.519+0000] {processor.py:175} INFO - Processing /home/airflow/.local/lib/python3.7/site-packages/airflow/example_dags/example_task_group.py took 0.441 seconds
[2023-05-01T23:57:53.191+0000] {processor.py:153} INFO - Started process (PID=1440) to work on /home/airflow/.local/lib/python3.7/site-packages/airflow/example_dags/example_task_group.py
[2023-05-01T23:57:53.197+0000] {processor.py:743} INFO - Processing file /home/airflow/.local/lib/python3.7/site-packages/airflow/example_dags/example_task_group.py for tasks to queue
[2023-05-01T23:57:53.202+0000] {logging_mixin.py:137} INFO - [2023-05-01T23:57:53.201+0000] {dagbag.py:532} INFO - Filling up the DagBag from /home/airflow/.local/lib/python3.7/site-packages/airflow/example_dags/example_task_group.py
[2023-05-01T23:57:53.316+0000] {processor.py:753} INFO - DAG(s) dict_keys(['example_task_group']) retrieved from /home/airflow/.local/lib/python3.7/site-packages/airflow/example_dags/example_task_group.py
[2023-05-01T23:57:53.505+0000] {logging_mixin.py:137} INFO - [2023-05-01T23:57:53.504+0000] {dag.py:2705} INFO - Sync 1 DAGs
[2023-05-01T23:57:53.676+0000] {logging_mixin.py:137} INFO - [2023-05-01T23:57:53.675+0000] {dag.py:3456} INFO - Setting next_dagrun for example_task_group to 2023-04-30T23:57:53.673170+00:00, run_after=2023-05-01T23:57:53.673170+00:00
[2023-05-01T23:57:53.776+0000] {processor.py:175} INFO - Processing /home/airflow/.local/lib/python3.7/site-packages/airflow/example_dags/example_task_group.py took 0.604 seconds
[2023-05-01T23:58:24.010+0000] {processor.py:153} INFO - Started process (PID=1536) to work on /home/airflow/.local/lib/python3.7/site-packages/airflow/example_dags/example_task_group.py
[2023-05-01T23:58:24.022+0000] {processor.py:743} INFO - Processing file /home/airflow/.local/lib/python3.7/site-packages/airflow/example_dags/example_task_group.py for tasks to queue
[2023-05-01T23:58:24.028+0000] {logging_mixin.py:137} INFO - [2023-05-01T23:58:24.028+0000] {dagbag.py:532} INFO - Filling up the DagBag from /home/airflow/.local/lib/python3.7/site-packages/airflow/example_dags/example_task_group.py
[2023-05-01T23:58:24.324+0000] {processor.py:753} INFO - DAG(s) dict_keys(['example_task_group']) retrieved from /home/airflow/.local/lib/python3.7/site-packages/airflow/example_dags/example_task_group.py
[2023-05-01T23:58:24.490+0000] {logging_mixin.py:137} INFO - [2023-05-01T23:58:24.489+0000] {dag.py:2705} INFO - Sync 1 DAGs
[2023-05-01T23:58:24.674+0000] {logging_mixin.py:137} INFO - [2023-05-01T23:58:24.673+0000] {dag.py:3456} INFO - Setting next_dagrun for example_task_group to 2023-04-30T23:58:24.671434+00:00, run_after=2023-05-01T23:58:24.671434+00:00
[2023-05-01T23:58:24.775+0000] {processor.py:175} INFO - Processing /home/airflow/.local/lib/python3.7/site-packages/airflow/example_dags/example_task_group.py took 0.779 seconds
[2023-05-01T23:58:55.279+0000] {processor.py:153} INFO - Started process (PID=1628) to work on /home/airflow/.local/lib/python3.7/site-packages/airflow/example_dags/example_task_group.py
[2023-05-01T23:58:55.282+0000] {processor.py:743} INFO - Processing file /home/airflow/.local/lib/python3.7/site-packages/airflow/example_dags/example_task_group.py for tasks to queue
[2023-05-01T23:58:55.287+0000] {logging_mixin.py:137} INFO - [2023-05-01T23:58:55.286+0000] {dagbag.py:532} INFO - Filling up the DagBag from /home/airflow/.local/lib/python3.7/site-packages/airflow/example_dags/example_task_group.py
[2023-05-01T23:58:55.501+0000] {processor.py:753} INFO - DAG(s) dict_keys(['example_task_group']) retrieved from /home/airflow/.local/lib/python3.7/site-packages/airflow/example_dags/example_task_group.py
[2023-05-01T23:58:55.721+0000] {logging_mixin.py:137} INFO - [2023-05-01T23:58:55.720+0000] {dag.py:2705} INFO - Sync 1 DAGs
[2023-05-01T23:58:55.925+0000] {logging_mixin.py:137} INFO - [2023-05-01T23:58:55.923+0000] {dag.py:3456} INFO - Setting next_dagrun for example_task_group to 2023-04-30T23:58:55.921144+00:00, run_after=2023-05-01T23:58:55.921144+00:00
[2023-05-01T23:58:56.036+0000] {processor.py:175} INFO - Processing /home/airflow/.local/lib/python3.7/site-packages/airflow/example_dags/example_task_group.py took 0.769 seconds
[2023-05-01T23:59:31.604+0000] {processor.py:153} INFO - Started process (PID=1731) to work on /home/airflow/.local/lib/python3.7/site-packages/airflow/example_dags/example_task_group.py
[2023-05-01T23:59:31.610+0000] {processor.py:743} INFO - Processing file /home/airflow/.local/lib/python3.7/site-packages/airflow/example_dags/example_task_group.py for tasks to queue
[2023-05-01T23:59:31.615+0000] {logging_mixin.py:137} INFO - [2023-05-01T23:59:31.614+0000] {dagbag.py:532} INFO - Filling up the DagBag from /home/airflow/.local/lib/python3.7/site-packages/airflow/example_dags/example_task_group.py
[2023-05-01T23:59:31.700+0000] {processor.py:753} INFO - DAG(s) dict_keys(['example_task_group']) retrieved from /home/airflow/.local/lib/python3.7/site-packages/airflow/example_dags/example_task_group.py
[2023-05-01T23:59:31.829+0000] {logging_mixin.py:137} INFO - [2023-05-01T23:59:31.828+0000] {dag.py:2705} INFO - Sync 1 DAGs
[2023-05-01T23:59:32.137+0000] {logging_mixin.py:137} INFO - [2023-05-01T23:59:32.131+0000] {dag.py:3456} INFO - Setting next_dagrun for example_task_group to 2023-04-30T23:59:32.127490+00:00, run_after=2023-05-01T23:59:32.127490+00:00
[2023-05-01T23:59:32.367+0000] {processor.py:175} INFO - Processing /home/airflow/.local/lib/python3.7/site-packages/airflow/example_dags/example_task_group.py took 0.785 seconds
