[2023-05-01T23:50:09.951+0000] {processor.py:153} INFO - Started process (PID=174) to work on /home/airflow/.local/lib/python3.7/site-packages/airflow/example_dags/example_bash_operator.py
[2023-05-01T23:50:09.960+0000] {processor.py:743} INFO - Processing file /home/airflow/.local/lib/python3.7/site-packages/airflow/example_dags/example_bash_operator.py for tasks to queue
[2023-05-01T23:50:09.982+0000] {logging_mixin.py:137} INFO - [2023-05-01T23:50:09.981+0000] {dagbag.py:532} INFO - Filling up the DagBag from /home/airflow/.local/lib/python3.7/site-packages/airflow/example_dags/example_bash_operator.py
[2023-05-01T23:50:10.406+0000] {processor.py:753} INFO - DAG(s) dict_keys(['example_bash_operator']) retrieved from /home/airflow/.local/lib/python3.7/site-packages/airflow/example_dags/example_bash_operator.py
[2023-05-01T23:50:10.889+0000] {logging_mixin.py:137} INFO - [2023-05-01T23:50:10.885+0000] {dag.py:2705} INFO - Sync 1 DAGs
[2023-05-01T23:50:11.612+0000] {logging_mixin.py:137} INFO - [2023-05-01T23:50:11.610+0000] {dag.py:3456} INFO - Setting next_dagrun for example_bash_operator to 2023-04-30T00:00:00+00:00, run_after=2023-05-01T00:00:00+00:00
[2023-05-01T23:50:11.871+0000] {processor.py:175} INFO - Processing /home/airflow/.local/lib/python3.7/site-packages/airflow/example_dags/example_bash_operator.py took 2.036 seconds
[2023-05-01T23:51:15.221+0000] {processor.py:153} INFO - Started process (PID=278) to work on /home/airflow/.local/lib/python3.7/site-packages/airflow/example_dags/example_bash_operator.py
[2023-05-01T23:51:15.234+0000] {processor.py:743} INFO - Processing file /home/airflow/.local/lib/python3.7/site-packages/airflow/example_dags/example_bash_operator.py for tasks to queue
[2023-05-01T23:51:15.245+0000] {logging_mixin.py:137} INFO - [2023-05-01T23:51:15.243+0000] {dagbag.py:532} INFO - Filling up the DagBag from /home/airflow/.local/lib/python3.7/site-packages/airflow/example_dags/example_bash_operator.py
[2023-05-01T23:51:15.677+0000] {processor.py:753} INFO - DAG(s) dict_keys(['example_bash_operator']) retrieved from /home/airflow/.local/lib/python3.7/site-packages/airflow/example_dags/example_bash_operator.py
[2023-05-01T23:51:16.368+0000] {logging_mixin.py:137} INFO - [2023-05-01T23:51:16.366+0000] {dag.py:2705} INFO - Sync 1 DAGs
[2023-05-01T23:51:16.991+0000] {logging_mixin.py:137} INFO - [2023-05-01T23:51:16.988+0000] {dag.py:3456} INFO - Setting next_dagrun for example_bash_operator to 2023-04-30T00:00:00+00:00, run_after=2023-05-01T00:00:00+00:00
[2023-05-01T23:51:17.340+0000] {processor.py:175} INFO - Processing /home/airflow/.local/lib/python3.7/site-packages/airflow/example_dags/example_bash_operator.py took 2.153 seconds
[2023-05-01T23:51:54.692+0000] {processor.py:153} INFO - Started process (PID=382) to work on /home/airflow/.local/lib/python3.7/site-packages/airflow/example_dags/example_bash_operator.py
[2023-05-01T23:51:54.703+0000] {processor.py:743} INFO - Processing file /home/airflow/.local/lib/python3.7/site-packages/airflow/example_dags/example_bash_operator.py for tasks to queue
[2023-05-01T23:51:54.712+0000] {logging_mixin.py:137} INFO - [2023-05-01T23:51:54.711+0000] {dagbag.py:532} INFO - Filling up the DagBag from /home/airflow/.local/lib/python3.7/site-packages/airflow/example_dags/example_bash_operator.py
[2023-05-01T23:51:54.882+0000] {processor.py:753} INFO - DAG(s) dict_keys(['example_bash_operator']) retrieved from /home/airflow/.local/lib/python3.7/site-packages/airflow/example_dags/example_bash_operator.py
[2023-05-01T23:51:55.197+0000] {logging_mixin.py:137} INFO - [2023-05-01T23:51:55.196+0000] {dag.py:2705} INFO - Sync 1 DAGs
[2023-05-01T23:51:55.406+0000] {logging_mixin.py:137} INFO - [2023-05-01T23:51:55.404+0000] {dag.py:3456} INFO - Setting next_dagrun for example_bash_operator to 2023-04-30T00:00:00+00:00, run_after=2023-05-01T00:00:00+00:00
[2023-05-01T23:51:55.566+0000] {processor.py:175} INFO - Processing /home/airflow/.local/lib/python3.7/site-packages/airflow/example_dags/example_bash_operator.py took 0.892 seconds
[2023-05-01T23:52:26.311+0000] {processor.py:153} INFO - Started process (PID=477) to work on /home/airflow/.local/lib/python3.7/site-packages/airflow/example_dags/example_bash_operator.py
[2023-05-01T23:52:26.319+0000] {processor.py:743} INFO - Processing file /home/airflow/.local/lib/python3.7/site-packages/airflow/example_dags/example_bash_operator.py for tasks to queue
[2023-05-01T23:52:26.327+0000] {logging_mixin.py:137} INFO - [2023-05-01T23:52:26.325+0000] {dagbag.py:532} INFO - Filling up the DagBag from /home/airflow/.local/lib/python3.7/site-packages/airflow/example_dags/example_bash_operator.py
[2023-05-01T23:52:26.473+0000] {processor.py:753} INFO - DAG(s) dict_keys(['example_bash_operator']) retrieved from /home/airflow/.local/lib/python3.7/site-packages/airflow/example_dags/example_bash_operator.py
[2023-05-01T23:52:26.812+0000] {logging_mixin.py:137} INFO - [2023-05-01T23:52:26.811+0000] {dag.py:2705} INFO - Sync 1 DAGs
[2023-05-01T23:52:27.134+0000] {logging_mixin.py:137} INFO - [2023-05-01T23:52:27.132+0000] {dag.py:3456} INFO - Setting next_dagrun for example_bash_operator to 2023-04-30T00:00:00+00:00, run_after=2023-05-01T00:00:00+00:00
[2023-05-01T23:52:27.399+0000] {processor.py:175} INFO - Processing /home/airflow/.local/lib/python3.7/site-packages/airflow/example_dags/example_bash_operator.py took 1.102 seconds
[2023-05-01T23:52:57.864+0000] {processor.py:153} INFO - Started process (PID=573) to work on /home/airflow/.local/lib/python3.7/site-packages/airflow/example_dags/example_bash_operator.py
[2023-05-01T23:52:57.872+0000] {processor.py:743} INFO - Processing file /home/airflow/.local/lib/python3.7/site-packages/airflow/example_dags/example_bash_operator.py for tasks to queue
[2023-05-01T23:52:57.882+0000] {logging_mixin.py:137} INFO - [2023-05-01T23:52:57.879+0000] {dagbag.py:532} INFO - Filling up the DagBag from /home/airflow/.local/lib/python3.7/site-packages/airflow/example_dags/example_bash_operator.py
[2023-05-01T23:52:58.181+0000] {processor.py:753} INFO - DAG(s) dict_keys(['example_bash_operator']) retrieved from /home/airflow/.local/lib/python3.7/site-packages/airflow/example_dags/example_bash_operator.py
[2023-05-01T23:52:58.476+0000] {logging_mixin.py:137} INFO - [2023-05-01T23:52:58.475+0000] {dag.py:2705} INFO - Sync 1 DAGs
[2023-05-01T23:52:58.736+0000] {logging_mixin.py:137} INFO - [2023-05-01T23:52:58.735+0000] {dag.py:3456} INFO - Setting next_dagrun for example_bash_operator to 2023-04-30T00:00:00+00:00, run_after=2023-05-01T00:00:00+00:00
[2023-05-01T23:52:58.912+0000] {processor.py:175} INFO - Processing /home/airflow/.local/lib/python3.7/site-packages/airflow/example_dags/example_bash_operator.py took 1.078 seconds
[2023-05-01T23:53:29.223+0000] {processor.py:153} INFO - Started process (PID=667) to work on /home/airflow/.local/lib/python3.7/site-packages/airflow/example_dags/example_bash_operator.py
[2023-05-01T23:53:29.226+0000] {processor.py:743} INFO - Processing file /home/airflow/.local/lib/python3.7/site-packages/airflow/example_dags/example_bash_operator.py for tasks to queue
[2023-05-01T23:53:29.230+0000] {logging_mixin.py:137} INFO - [2023-05-01T23:53:29.229+0000] {dagbag.py:532} INFO - Filling up the DagBag from /home/airflow/.local/lib/python3.7/site-packages/airflow/example_dags/example_bash_operator.py
[2023-05-01T23:53:29.340+0000] {processor.py:753} INFO - DAG(s) dict_keys(['example_bash_operator']) retrieved from /home/airflow/.local/lib/python3.7/site-packages/airflow/example_dags/example_bash_operator.py
[2023-05-01T23:53:29.567+0000] {logging_mixin.py:137} INFO - [2023-05-01T23:53:29.567+0000] {dag.py:2705} INFO - Sync 1 DAGs
[2023-05-01T23:53:29.731+0000] {logging_mixin.py:137} INFO - [2023-05-01T23:53:29.730+0000] {dag.py:3456} INFO - Setting next_dagrun for example_bash_operator to 2023-04-30T00:00:00+00:00, run_after=2023-05-01T00:00:00+00:00
[2023-05-01T23:53:29.806+0000] {processor.py:175} INFO - Processing /home/airflow/.local/lib/python3.7/site-packages/airflow/example_dags/example_bash_operator.py took 0.594 seconds
[2023-05-01T23:54:02.655+0000] {processor.py:153} INFO - Started process (PID=765) to work on /home/airflow/.local/lib/python3.7/site-packages/airflow/example_dags/example_bash_operator.py
[2023-05-01T23:54:02.665+0000] {processor.py:743} INFO - Processing file /home/airflow/.local/lib/python3.7/site-packages/airflow/example_dags/example_bash_operator.py for tasks to queue
[2023-05-01T23:54:02.670+0000] {logging_mixin.py:137} INFO - [2023-05-01T23:54:02.669+0000] {dagbag.py:532} INFO - Filling up the DagBag from /home/airflow/.local/lib/python3.7/site-packages/airflow/example_dags/example_bash_operator.py
[2023-05-01T23:54:02.836+0000] {processor.py:753} INFO - DAG(s) dict_keys(['example_bash_operator']) retrieved from /home/airflow/.local/lib/python3.7/site-packages/airflow/example_dags/example_bash_operator.py
[2023-05-01T23:54:03.347+0000] {logging_mixin.py:137} INFO - [2023-05-01T23:54:03.345+0000] {dag.py:2705} INFO - Sync 1 DAGs
[2023-05-01T23:54:03.566+0000] {logging_mixin.py:137} INFO - [2023-05-01T23:54:03.565+0000] {dag.py:3456} INFO - Setting next_dagrun for example_bash_operator to 2023-04-30T00:00:00+00:00, run_after=2023-05-01T00:00:00+00:00
[2023-05-01T23:54:03.651+0000] {processor.py:175} INFO - Processing /home/airflow/.local/lib/python3.7/site-packages/airflow/example_dags/example_bash_operator.py took 1.020 seconds
[2023-05-01T23:54:37.047+0000] {processor.py:153} INFO - Started process (PID=862) to work on /home/airflow/.local/lib/python3.7/site-packages/airflow/example_dags/example_bash_operator.py
[2023-05-01T23:54:37.050+0000] {processor.py:743} INFO - Processing file /home/airflow/.local/lib/python3.7/site-packages/airflow/example_dags/example_bash_operator.py for tasks to queue
[2023-05-01T23:54:37.055+0000] {logging_mixin.py:137} INFO - [2023-05-01T23:54:37.054+0000] {dagbag.py:532} INFO - Filling up the DagBag from /home/airflow/.local/lib/python3.7/site-packages/airflow/example_dags/example_bash_operator.py
[2023-05-01T23:54:37.165+0000] {processor.py:753} INFO - DAG(s) dict_keys(['example_bash_operator']) retrieved from /home/airflow/.local/lib/python3.7/site-packages/airflow/example_dags/example_bash_operator.py
[2023-05-01T23:54:37.371+0000] {logging_mixin.py:137} INFO - [2023-05-01T23:54:37.370+0000] {dag.py:2705} INFO - Sync 1 DAGs
[2023-05-01T23:54:37.521+0000] {logging_mixin.py:137} INFO - [2023-05-01T23:54:37.520+0000] {dag.py:3456} INFO - Setting next_dagrun for example_bash_operator to 2023-04-30T00:00:00+00:00, run_after=2023-05-01T00:00:00+00:00
[2023-05-01T23:54:37.591+0000] {processor.py:175} INFO - Processing /home/airflow/.local/lib/python3.7/site-packages/airflow/example_dags/example_bash_operator.py took 0.555 seconds
[2023-05-01T23:55:14.211+0000] {processor.py:153} INFO - Started process (PID=970) to work on /home/airflow/.local/lib/python3.7/site-packages/airflow/example_dags/example_bash_operator.py
[2023-05-01T23:55:14.215+0000] {processor.py:743} INFO - Processing file /home/airflow/.local/lib/python3.7/site-packages/airflow/example_dags/example_bash_operator.py for tasks to queue
[2023-05-01T23:55:14.219+0000] {logging_mixin.py:137} INFO - [2023-05-01T23:55:14.218+0000] {dagbag.py:532} INFO - Filling up the DagBag from /home/airflow/.local/lib/python3.7/site-packages/airflow/example_dags/example_bash_operator.py
[2023-05-01T23:55:14.330+0000] {processor.py:753} INFO - DAG(s) dict_keys(['example_bash_operator']) retrieved from /home/airflow/.local/lib/python3.7/site-packages/airflow/example_dags/example_bash_operator.py
[2023-05-01T23:55:14.588+0000] {logging_mixin.py:137} INFO - [2023-05-01T23:55:14.587+0000] {dag.py:2705} INFO - Sync 1 DAGs
[2023-05-01T23:55:14.768+0000] {logging_mixin.py:137} INFO - [2023-05-01T23:55:14.767+0000] {dag.py:3456} INFO - Setting next_dagrun for example_bash_operator to 2023-04-30T00:00:00+00:00, run_after=2023-05-01T00:00:00+00:00
[2023-05-01T23:55:14.873+0000] {processor.py:175} INFO - Processing /home/airflow/.local/lib/python3.7/site-packages/airflow/example_dags/example_bash_operator.py took 0.673 seconds
[2023-05-01T23:55:49.965+0000] {processor.py:153} INFO - Started process (PID=1067) to work on /home/airflow/.local/lib/python3.7/site-packages/airflow/example_dags/example_bash_operator.py
[2023-05-01T23:55:49.972+0000] {processor.py:743} INFO - Processing file /home/airflow/.local/lib/python3.7/site-packages/airflow/example_dags/example_bash_operator.py for tasks to queue
[2023-05-01T23:55:49.978+0000] {logging_mixin.py:137} INFO - [2023-05-01T23:55:49.977+0000] {dagbag.py:532} INFO - Filling up the DagBag from /home/airflow/.local/lib/python3.7/site-packages/airflow/example_dags/example_bash_operator.py
[2023-05-01T23:55:50.242+0000] {processor.py:753} INFO - DAG(s) dict_keys(['example_bash_operator']) retrieved from /home/airflow/.local/lib/python3.7/site-packages/airflow/example_dags/example_bash_operator.py
[2023-05-01T23:55:50.701+0000] {logging_mixin.py:137} INFO - [2023-05-01T23:55:50.699+0000] {dag.py:2705} INFO - Sync 1 DAGs
[2023-05-01T23:55:51.067+0000] {logging_mixin.py:137} INFO - [2023-05-01T23:55:51.065+0000] {dag.py:3456} INFO - Setting next_dagrun for example_bash_operator to 2023-04-30T00:00:00+00:00, run_after=2023-05-01T00:00:00+00:00
[2023-05-01T23:55:51.275+0000] {processor.py:175} INFO - Processing /home/airflow/.local/lib/python3.7/site-packages/airflow/example_dags/example_bash_operator.py took 1.329 seconds
[2023-05-01T23:56:22.727+0000] {processor.py:153} INFO - Started process (PID=1161) to work on /home/airflow/.local/lib/python3.7/site-packages/airflow/example_dags/example_bash_operator.py
[2023-05-01T23:56:22.733+0000] {processor.py:743} INFO - Processing file /home/airflow/.local/lib/python3.7/site-packages/airflow/example_dags/example_bash_operator.py for tasks to queue
[2023-05-01T23:56:22.739+0000] {logging_mixin.py:137} INFO - [2023-05-01T23:56:22.738+0000] {dagbag.py:532} INFO - Filling up the DagBag from /home/airflow/.local/lib/python3.7/site-packages/airflow/example_dags/example_bash_operator.py
[2023-05-01T23:56:22.940+0000] {processor.py:753} INFO - DAG(s) dict_keys(['example_bash_operator']) retrieved from /home/airflow/.local/lib/python3.7/site-packages/airflow/example_dags/example_bash_operator.py
[2023-05-01T23:56:23.214+0000] {logging_mixin.py:137} INFO - [2023-05-01T23:56:23.213+0000] {dag.py:2705} INFO - Sync 1 DAGs
[2023-05-01T23:56:23.408+0000] {logging_mixin.py:137} INFO - [2023-05-01T23:56:23.407+0000] {dag.py:3456} INFO - Setting next_dagrun for example_bash_operator to 2023-04-30T00:00:00+00:00, run_after=2023-05-01T00:00:00+00:00
[2023-05-01T23:56:23.495+0000] {processor.py:175} INFO - Processing /home/airflow/.local/lib/python3.7/site-packages/airflow/example_dags/example_bash_operator.py took 0.782 seconds
[2023-05-01T23:56:53.831+0000] {processor.py:153} INFO - Started process (PID=1254) to work on /home/airflow/.local/lib/python3.7/site-packages/airflow/example_dags/example_bash_operator.py
[2023-05-01T23:56:53.834+0000] {processor.py:743} INFO - Processing file /home/airflow/.local/lib/python3.7/site-packages/airflow/example_dags/example_bash_operator.py for tasks to queue
[2023-05-01T23:56:53.837+0000] {logging_mixin.py:137} INFO - [2023-05-01T23:56:53.836+0000] {dagbag.py:532} INFO - Filling up the DagBag from /home/airflow/.local/lib/python3.7/site-packages/airflow/example_dags/example_bash_operator.py
[2023-05-01T23:56:53.942+0000] {processor.py:753} INFO - DAG(s) dict_keys(['example_bash_operator']) retrieved from /home/airflow/.local/lib/python3.7/site-packages/airflow/example_dags/example_bash_operator.py
[2023-05-01T23:56:54.241+0000] {logging_mixin.py:137} INFO - [2023-05-01T23:56:54.240+0000] {dag.py:2705} INFO - Sync 1 DAGs
[2023-05-01T23:56:54.478+0000] {logging_mixin.py:137} INFO - [2023-05-01T23:56:54.477+0000] {dag.py:3456} INFO - Setting next_dagrun for example_bash_operator to 2023-04-30T00:00:00+00:00, run_after=2023-05-01T00:00:00+00:00
[2023-05-01T23:56:54.620+0000] {processor.py:175} INFO - Processing /home/airflow/.local/lib/python3.7/site-packages/airflow/example_dags/example_bash_operator.py took 0.797 seconds
[2023-05-01T23:57:24.989+0000] {processor.py:153} INFO - Started process (PID=1350) to work on /home/airflow/.local/lib/python3.7/site-packages/airflow/example_dags/example_bash_operator.py
[2023-05-01T23:57:24.994+0000] {processor.py:743} INFO - Processing file /home/airflow/.local/lib/python3.7/site-packages/airflow/example_dags/example_bash_operator.py for tasks to queue
[2023-05-01T23:57:24.998+0000] {logging_mixin.py:137} INFO - [2023-05-01T23:57:24.997+0000] {dagbag.py:532} INFO - Filling up the DagBag from /home/airflow/.local/lib/python3.7/site-packages/airflow/example_dags/example_bash_operator.py
[2023-05-01T23:57:25.104+0000] {processor.py:753} INFO - DAG(s) dict_keys(['example_bash_operator']) retrieved from /home/airflow/.local/lib/python3.7/site-packages/airflow/example_dags/example_bash_operator.py
[2023-05-01T23:57:25.312+0000] {logging_mixin.py:137} INFO - [2023-05-01T23:57:25.311+0000] {dag.py:2705} INFO - Sync 1 DAGs
[2023-05-01T23:57:25.529+0000] {logging_mixin.py:137} INFO - [2023-05-01T23:57:25.527+0000] {dag.py:3456} INFO - Setting next_dagrun for example_bash_operator to 2023-04-30T00:00:00+00:00, run_after=2023-05-01T00:00:00+00:00
[2023-05-01T23:57:25.631+0000] {processor.py:175} INFO - Processing /home/airflow/.local/lib/python3.7/site-packages/airflow/example_dags/example_bash_operator.py took 0.653 seconds
[2023-05-01T23:57:55.933+0000] {processor.py:153} INFO - Started process (PID=1446) to work on /home/airflow/.local/lib/python3.7/site-packages/airflow/example_dags/example_bash_operator.py
[2023-05-01T23:57:55.938+0000] {processor.py:743} INFO - Processing file /home/airflow/.local/lib/python3.7/site-packages/airflow/example_dags/example_bash_operator.py for tasks to queue
[2023-05-01T23:57:55.942+0000] {logging_mixin.py:137} INFO - [2023-05-01T23:57:55.942+0000] {dagbag.py:532} INFO - Filling up the DagBag from /home/airflow/.local/lib/python3.7/site-packages/airflow/example_dags/example_bash_operator.py
[2023-05-01T23:57:56.064+0000] {processor.py:753} INFO - DAG(s) dict_keys(['example_bash_operator']) retrieved from /home/airflow/.local/lib/python3.7/site-packages/airflow/example_dags/example_bash_operator.py
[2023-05-01T23:57:56.276+0000] {logging_mixin.py:137} INFO - [2023-05-01T23:57:56.276+0000] {dag.py:2705} INFO - Sync 1 DAGs
[2023-05-01T23:57:56.434+0000] {logging_mixin.py:137} INFO - [2023-05-01T23:57:56.433+0000] {dag.py:3456} INFO - Setting next_dagrun for example_bash_operator to 2023-04-30T00:00:00+00:00, run_after=2023-05-01T00:00:00+00:00
[2023-05-01T23:57:56.518+0000] {processor.py:175} INFO - Processing /home/airflow/.local/lib/python3.7/site-packages/airflow/example_dags/example_bash_operator.py took 0.597 seconds
[2023-05-01T23:58:27.251+0000] {processor.py:153} INFO - Started process (PID=1543) to work on /home/airflow/.local/lib/python3.7/site-packages/airflow/example_dags/example_bash_operator.py
[2023-05-01T23:58:27.260+0000] {processor.py:743} INFO - Processing file /home/airflow/.local/lib/python3.7/site-packages/airflow/example_dags/example_bash_operator.py for tasks to queue
[2023-05-01T23:58:27.271+0000] {logging_mixin.py:137} INFO - [2023-05-01T23:58:27.270+0000] {dagbag.py:532} INFO - Filling up the DagBag from /home/airflow/.local/lib/python3.7/site-packages/airflow/example_dags/example_bash_operator.py
[2023-05-01T23:58:27.464+0000] {processor.py:753} INFO - DAG(s) dict_keys(['example_bash_operator']) retrieved from /home/airflow/.local/lib/python3.7/site-packages/airflow/example_dags/example_bash_operator.py
[2023-05-01T23:58:27.770+0000] {logging_mixin.py:137} INFO - [2023-05-01T23:58:27.769+0000] {dag.py:2705} INFO - Sync 1 DAGs
[2023-05-01T23:58:28.004+0000] {logging_mixin.py:137} INFO - [2023-05-01T23:58:28.003+0000] {dag.py:3456} INFO - Setting next_dagrun for example_bash_operator to 2023-04-30T00:00:00+00:00, run_after=2023-05-01T00:00:00+00:00
[2023-05-01T23:58:28.148+0000] {processor.py:175} INFO - Processing /home/airflow/.local/lib/python3.7/site-packages/airflow/example_dags/example_bash_operator.py took 0.918 seconds
[2023-05-01T23:58:58.946+0000] {processor.py:153} INFO - Started process (PID=1645) to work on /home/airflow/.local/lib/python3.7/site-packages/airflow/example_dags/example_bash_operator.py
[2023-05-01T23:58:58.953+0000] {processor.py:743} INFO - Processing file /home/airflow/.local/lib/python3.7/site-packages/airflow/example_dags/example_bash_operator.py for tasks to queue
[2023-05-01T23:58:58.963+0000] {logging_mixin.py:137} INFO - [2023-05-01T23:58:58.962+0000] {dagbag.py:532} INFO - Filling up the DagBag from /home/airflow/.local/lib/python3.7/site-packages/airflow/example_dags/example_bash_operator.py
[2023-05-01T23:58:59.182+0000] {processor.py:753} INFO - DAG(s) dict_keys(['example_bash_operator']) retrieved from /home/airflow/.local/lib/python3.7/site-packages/airflow/example_dags/example_bash_operator.py
[2023-05-01T23:58:59.492+0000] {logging_mixin.py:137} INFO - [2023-05-01T23:58:59.491+0000] {dag.py:2705} INFO - Sync 1 DAGs
[2023-05-01T23:58:59.689+0000] {logging_mixin.py:137} INFO - [2023-05-01T23:58:59.687+0000] {dag.py:3456} INFO - Setting next_dagrun for example_bash_operator to 2023-04-30T00:00:00+00:00, run_after=2023-05-01T00:00:00+00:00
[2023-05-01T23:58:59.807+0000] {processor.py:175} INFO - Processing /home/airflow/.local/lib/python3.7/site-packages/airflow/example_dags/example_bash_operator.py took 0.903 seconds
[2023-05-01T23:59:33.904+0000] {processor.py:153} INFO - Started process (PID=1739) to work on /home/airflow/.local/lib/python3.7/site-packages/airflow/example_dags/example_bash_operator.py
[2023-05-01T23:59:33.917+0000] {processor.py:743} INFO - Processing file /home/airflow/.local/lib/python3.7/site-packages/airflow/example_dags/example_bash_operator.py for tasks to queue
[2023-05-01T23:59:33.924+0000] {logging_mixin.py:137} INFO - [2023-05-01T23:59:33.923+0000] {dagbag.py:532} INFO - Filling up the DagBag from /home/airflow/.local/lib/python3.7/site-packages/airflow/example_dags/example_bash_operator.py
[2023-05-01T23:59:34.113+0000] {processor.py:753} INFO - DAG(s) dict_keys(['example_bash_operator']) retrieved from /home/airflow/.local/lib/python3.7/site-packages/airflow/example_dags/example_bash_operator.py
[2023-05-01T23:59:34.446+0000] {logging_mixin.py:137} INFO - [2023-05-01T23:59:34.445+0000] {dag.py:2705} INFO - Sync 1 DAGs
[2023-05-01T23:59:34.614+0000] {logging_mixin.py:137} INFO - [2023-05-01T23:59:34.612+0000] {dag.py:3456} INFO - Setting next_dagrun for example_bash_operator to 2023-04-30T00:00:00+00:00, run_after=2023-05-01T00:00:00+00:00
[2023-05-01T23:59:34.705+0000] {processor.py:175} INFO - Processing /home/airflow/.local/lib/python3.7/site-packages/airflow/example_dags/example_bash_operator.py took 0.850 seconds
