[2023-05-01T23:49:41.014+0000] {processor.py:153} INFO - Started process (PID=122) to work on /home/airflow/.local/lib/python3.7/site-packages/airflow/example_dags/example_python_operator.py
[2023-05-01T23:49:41.027+0000] {processor.py:743} INFO - Processing file /home/airflow/.local/lib/python3.7/site-packages/airflow/example_dags/example_python_operator.py for tasks to queue
[2023-05-01T23:49:41.039+0000] {logging_mixin.py:137} INFO - [2023-05-01T23:49:41.034+0000] {dagbag.py:532} INFO - Filling up the DagBag from /home/airflow/.local/lib/python3.7/site-packages/airflow/example_dags/example_python_operator.py
[2023-05-01T23:49:41.582+0000] {logging_mixin.py:137} INFO - [2023-05-01T23:49:41.581+0000] {taskmixin.py:211} WARNING - Dependency <Task(_PythonDecoratedOperator): print_the_context>, log_sql_query already registered for DAG: example_python_operator
[2023-05-01T23:49:41.604+0000] {logging_mixin.py:137} INFO - [2023-05-01T23:49:41.603+0000] {taskmixin.py:211} WARNING - Dependency <Task(_PythonDecoratedOperator): log_sql_query>, print_the_context already registered for DAG: example_python_operator
[2023-05-01T23:49:41.634+0000] {logging_mixin.py:137} INFO - [2023-05-01T23:49:41.633+0000] {taskmixin.py:211} WARNING - Dependency <Task(_PythonDecoratedOperator): print_the_context>, log_sql_query already registered for DAG: example_python_operator
[2023-05-01T23:49:41.642+0000] {logging_mixin.py:137} INFO - [2023-05-01T23:49:41.636+0000] {taskmixin.py:211} WARNING - Dependency <Task(_PythonDecoratedOperator): log_sql_query>, print_the_context already registered for DAG: example_python_operator
[2023-05-01T23:49:41.665+0000] {logging_mixin.py:137} INFO - [2023-05-01T23:49:41.664+0000] {taskmixin.py:211} WARNING - Dependency <Task(_PythonDecoratedOperator): print_the_context>, log_sql_query already registered for DAG: example_python_operator
[2023-05-01T23:49:41.678+0000] {logging_mixin.py:137} INFO - [2023-05-01T23:49:41.677+0000] {taskmixin.py:211} WARNING - Dependency <Task(_PythonDecoratedOperator): log_sql_query>, print_the_context already registered for DAG: example_python_operator
[2023-05-01T23:49:41.713+0000] {logging_mixin.py:137} INFO - [2023-05-01T23:49:41.694+0000] {taskmixin.py:211} WARNING - Dependency <Task(_PythonDecoratedOperator): print_the_context>, log_sql_query already registered for DAG: example_python_operator
[2023-05-01T23:49:41.716+0000] {logging_mixin.py:137} INFO - [2023-05-01T23:49:41.716+0000] {taskmixin.py:211} WARNING - Dependency <Task(_PythonDecoratedOperator): log_sql_query>, print_the_context already registered for DAG: example_python_operator
[2023-05-01T23:49:41.822+0000] {processor.py:753} INFO - DAG(s) dict_keys(['example_python_operator']) retrieved from /home/airflow/.local/lib/python3.7/site-packages/airflow/example_dags/example_python_operator.py
[2023-05-01T23:49:43.431+0000] {logging_mixin.py:137} INFO - [2023-05-01T23:49:43.420+0000] {dag.py:2705} INFO - Sync 1 DAGs
[2023-05-01T23:49:43.936+0000] {logging_mixin.py:137} INFO - [2023-05-01T23:49:43.935+0000] {dag.py:3456} INFO - Setting next_dagrun for example_python_operator to None, run_after=None
[2023-05-01T23:49:44.234+0000] {processor.py:175} INFO - Processing /home/airflow/.local/lib/python3.7/site-packages/airflow/example_dags/example_python_operator.py took 3.272 seconds
[2023-05-01T23:50:48.827+0000] {processor.py:153} INFO - Started process (PID=226) to work on /home/airflow/.local/lib/python3.7/site-packages/airflow/example_dags/example_python_operator.py
[2023-05-01T23:50:48.834+0000] {processor.py:743} INFO - Processing file /home/airflow/.local/lib/python3.7/site-packages/airflow/example_dags/example_python_operator.py for tasks to queue
[2023-05-01T23:50:48.844+0000] {logging_mixin.py:137} INFO - [2023-05-01T23:50:48.842+0000] {dagbag.py:532} INFO - Filling up the DagBag from /home/airflow/.local/lib/python3.7/site-packages/airflow/example_dags/example_python_operator.py
[2023-05-01T23:50:49.149+0000] {logging_mixin.py:137} INFO - [2023-05-01T23:50:49.148+0000] {taskmixin.py:211} WARNING - Dependency <Task(_PythonDecoratedOperator): print_the_context>, log_sql_query already registered for DAG: example_python_operator
[2023-05-01T23:50:49.155+0000] {logging_mixin.py:137} INFO - [2023-05-01T23:50:49.153+0000] {taskmixin.py:211} WARNING - Dependency <Task(_PythonDecoratedOperator): log_sql_query>, print_the_context already registered for DAG: example_python_operator
[2023-05-01T23:50:49.168+0000] {logging_mixin.py:137} INFO - [2023-05-01T23:50:49.167+0000] {taskmixin.py:211} WARNING - Dependency <Task(_PythonDecoratedOperator): print_the_context>, log_sql_query already registered for DAG: example_python_operator
[2023-05-01T23:50:49.175+0000] {logging_mixin.py:137} INFO - [2023-05-01T23:50:49.173+0000] {taskmixin.py:211} WARNING - Dependency <Task(_PythonDecoratedOperator): log_sql_query>, print_the_context already registered for DAG: example_python_operator
[2023-05-01T23:50:49.190+0000] {logging_mixin.py:137} INFO - [2023-05-01T23:50:49.186+0000] {taskmixin.py:211} WARNING - Dependency <Task(_PythonDecoratedOperator): print_the_context>, log_sql_query already registered for DAG: example_python_operator
[2023-05-01T23:50:49.194+0000] {logging_mixin.py:137} INFO - [2023-05-01T23:50:49.193+0000] {taskmixin.py:211} WARNING - Dependency <Task(_PythonDecoratedOperator): log_sql_query>, print_the_context already registered for DAG: example_python_operator
[2023-05-01T23:50:49.204+0000] {logging_mixin.py:137} INFO - [2023-05-01T23:50:49.203+0000] {taskmixin.py:211} WARNING - Dependency <Task(_PythonDecoratedOperator): print_the_context>, log_sql_query already registered for DAG: example_python_operator
[2023-05-01T23:50:49.212+0000] {logging_mixin.py:137} INFO - [2023-05-01T23:50:49.211+0000] {taskmixin.py:211} WARNING - Dependency <Task(_PythonDecoratedOperator): log_sql_query>, print_the_context already registered for DAG: example_python_operator
[2023-05-01T23:50:49.272+0000] {processor.py:753} INFO - DAG(s) dict_keys(['example_python_operator']) retrieved from /home/airflow/.local/lib/python3.7/site-packages/airflow/example_dags/example_python_operator.py
[2023-05-01T23:50:49.590+0000] {logging_mixin.py:137} INFO - [2023-05-01T23:50:49.588+0000] {dag.py:2705} INFO - Sync 1 DAGs
[2023-05-01T23:50:50.122+0000] {logging_mixin.py:137} INFO - [2023-05-01T23:50:50.120+0000] {dag.py:3456} INFO - Setting next_dagrun for example_python_operator to None, run_after=None
[2023-05-01T23:50:51.012+0000] {processor.py:175} INFO - Processing /home/airflow/.local/lib/python3.7/site-packages/airflow/example_dags/example_python_operator.py took 2.228 seconds
[2023-05-01T23:51:30.356+0000] {processor.py:153} INFO - Started process (PID=327) to work on /home/airflow/.local/lib/python3.7/site-packages/airflow/example_dags/example_python_operator.py
[2023-05-01T23:51:30.363+0000] {processor.py:743} INFO - Processing file /home/airflow/.local/lib/python3.7/site-packages/airflow/example_dags/example_python_operator.py for tasks to queue
[2023-05-01T23:51:30.371+0000] {logging_mixin.py:137} INFO - [2023-05-01T23:51:30.370+0000] {dagbag.py:532} INFO - Filling up the DagBag from /home/airflow/.local/lib/python3.7/site-packages/airflow/example_dags/example_python_operator.py
[2023-05-01T23:51:30.506+0000] {logging_mixin.py:137} INFO - [2023-05-01T23:51:30.504+0000] {taskmixin.py:211} WARNING - Dependency <Task(_PythonDecoratedOperator): print_the_context>, log_sql_query already registered for DAG: example_python_operator
[2023-05-01T23:51:30.509+0000] {logging_mixin.py:137} INFO - [2023-05-01T23:51:30.508+0000] {taskmixin.py:211} WARNING - Dependency <Task(_PythonDecoratedOperator): log_sql_query>, print_the_context already registered for DAG: example_python_operator
[2023-05-01T23:51:30.516+0000] {logging_mixin.py:137} INFO - [2023-05-01T23:51:30.515+0000] {taskmixin.py:211} WARNING - Dependency <Task(_PythonDecoratedOperator): print_the_context>, log_sql_query already registered for DAG: example_python_operator
[2023-05-01T23:51:30.519+0000] {logging_mixin.py:137} INFO - [2023-05-01T23:51:30.518+0000] {taskmixin.py:211} WARNING - Dependency <Task(_PythonDecoratedOperator): log_sql_query>, print_the_context already registered for DAG: example_python_operator
[2023-05-01T23:51:30.532+0000] {logging_mixin.py:137} INFO - [2023-05-01T23:51:30.531+0000] {taskmixin.py:211} WARNING - Dependency <Task(_PythonDecoratedOperator): print_the_context>, log_sql_query already registered for DAG: example_python_operator
[2023-05-01T23:51:30.536+0000] {logging_mixin.py:137} INFO - [2023-05-01T23:51:30.535+0000] {taskmixin.py:211} WARNING - Dependency <Task(_PythonDecoratedOperator): log_sql_query>, print_the_context already registered for DAG: example_python_operator
[2023-05-01T23:51:30.544+0000] {logging_mixin.py:137} INFO - [2023-05-01T23:51:30.543+0000] {taskmixin.py:211} WARNING - Dependency <Task(_PythonDecoratedOperator): print_the_context>, log_sql_query already registered for DAG: example_python_operator
[2023-05-01T23:51:30.547+0000] {logging_mixin.py:137} INFO - [2023-05-01T23:51:30.546+0000] {taskmixin.py:211} WARNING - Dependency <Task(_PythonDecoratedOperator): log_sql_query>, print_the_context already registered for DAG: example_python_operator
[2023-05-01T23:51:30.607+0000] {processor.py:753} INFO - DAG(s) dict_keys(['example_python_operator']) retrieved from /home/airflow/.local/lib/python3.7/site-packages/airflow/example_dags/example_python_operator.py
[2023-05-01T23:51:30.802+0000] {logging_mixin.py:137} INFO - [2023-05-01T23:51:30.801+0000] {dag.py:2705} INFO - Sync 1 DAGs
[2023-05-01T23:51:31.035+0000] {logging_mixin.py:137} INFO - [2023-05-01T23:51:31.034+0000] {dag.py:3456} INFO - Setting next_dagrun for example_python_operator to None, run_after=None
[2023-05-01T23:51:31.125+0000] {processor.py:175} INFO - Processing /home/airflow/.local/lib/python3.7/site-packages/airflow/example_dags/example_python_operator.py took 0.783 seconds
[2023-05-01T23:52:02.738+0000] {processor.py:153} INFO - Started process (PID=423) to work on /home/airflow/.local/lib/python3.7/site-packages/airflow/example_dags/example_python_operator.py
[2023-05-01T23:52:02.745+0000] {processor.py:743} INFO - Processing file /home/airflow/.local/lib/python3.7/site-packages/airflow/example_dags/example_python_operator.py for tasks to queue
[2023-05-01T23:52:02.765+0000] {logging_mixin.py:137} INFO - [2023-05-01T23:52:02.763+0000] {dagbag.py:532} INFO - Filling up the DagBag from /home/airflow/.local/lib/python3.7/site-packages/airflow/example_dags/example_python_operator.py
[2023-05-01T23:52:02.940+0000] {logging_mixin.py:137} INFO - [2023-05-01T23:52:02.937+0000] {taskmixin.py:211} WARNING - Dependency <Task(_PythonDecoratedOperator): print_the_context>, log_sql_query already registered for DAG: example_python_operator
[2023-05-01T23:52:02.945+0000] {logging_mixin.py:137} INFO - [2023-05-01T23:52:02.943+0000] {taskmixin.py:211} WARNING - Dependency <Task(_PythonDecoratedOperator): log_sql_query>, print_the_context already registered for DAG: example_python_operator
[2023-05-01T23:52:02.955+0000] {logging_mixin.py:137} INFO - [2023-05-01T23:52:02.953+0000] {taskmixin.py:211} WARNING - Dependency <Task(_PythonDecoratedOperator): print_the_context>, log_sql_query already registered for DAG: example_python_operator
[2023-05-01T23:52:02.961+0000] {logging_mixin.py:137} INFO - [2023-05-01T23:52:02.959+0000] {taskmixin.py:211} WARNING - Dependency <Task(_PythonDecoratedOperator): log_sql_query>, print_the_context already registered for DAG: example_python_operator
[2023-05-01T23:52:02.971+0000] {logging_mixin.py:137} INFO - [2023-05-01T23:52:02.970+0000] {taskmixin.py:211} WARNING - Dependency <Task(_PythonDecoratedOperator): print_the_context>, log_sql_query already registered for DAG: example_python_operator
[2023-05-01T23:52:02.976+0000] {logging_mixin.py:137} INFO - [2023-05-01T23:52:02.975+0000] {taskmixin.py:211} WARNING - Dependency <Task(_PythonDecoratedOperator): log_sql_query>, print_the_context already registered for DAG: example_python_operator
[2023-05-01T23:52:03.009+0000] {logging_mixin.py:137} INFO - [2023-05-01T23:52:03.008+0000] {taskmixin.py:211} WARNING - Dependency <Task(_PythonDecoratedOperator): print_the_context>, log_sql_query already registered for DAG: example_python_operator
[2023-05-01T23:52:03.030+0000] {logging_mixin.py:137} INFO - [2023-05-01T23:52:03.026+0000] {taskmixin.py:211} WARNING - Dependency <Task(_PythonDecoratedOperator): log_sql_query>, print_the_context already registered for DAG: example_python_operator
[2023-05-01T23:52:03.137+0000] {processor.py:753} INFO - DAG(s) dict_keys(['example_python_operator']) retrieved from /home/airflow/.local/lib/python3.7/site-packages/airflow/example_dags/example_python_operator.py
[2023-05-01T23:52:03.498+0000] {logging_mixin.py:137} INFO - [2023-05-01T23:52:03.497+0000] {dag.py:2705} INFO - Sync 1 DAGs
[2023-05-01T23:52:03.779+0000] {logging_mixin.py:137} INFO - [2023-05-01T23:52:03.778+0000] {dag.py:3456} INFO - Setting next_dagrun for example_python_operator to None, run_after=None
[2023-05-01T23:52:03.933+0000] {processor.py:175} INFO - Processing /home/airflow/.local/lib/python3.7/site-packages/airflow/example_dags/example_python_operator.py took 1.240 seconds
[2023-05-01T23:52:36.246+0000] {processor.py:153} INFO - Started process (PID=515) to work on /home/airflow/.local/lib/python3.7/site-packages/airflow/example_dags/example_python_operator.py
[2023-05-01T23:52:36.251+0000] {processor.py:743} INFO - Processing file /home/airflow/.local/lib/python3.7/site-packages/airflow/example_dags/example_python_operator.py for tasks to queue
[2023-05-01T23:52:36.269+0000] {logging_mixin.py:137} INFO - [2023-05-01T23:52:36.268+0000] {dagbag.py:532} INFO - Filling up the DagBag from /home/airflow/.local/lib/python3.7/site-packages/airflow/example_dags/example_python_operator.py
[2023-05-01T23:52:36.403+0000] {logging_mixin.py:137} INFO - [2023-05-01T23:52:36.402+0000] {taskmixin.py:211} WARNING - Dependency <Task(_PythonDecoratedOperator): print_the_context>, log_sql_query already registered for DAG: example_python_operator
[2023-05-01T23:52:36.406+0000] {logging_mixin.py:137} INFO - [2023-05-01T23:52:36.405+0000] {taskmixin.py:211} WARNING - Dependency <Task(_PythonDecoratedOperator): log_sql_query>, print_the_context already registered for DAG: example_python_operator
[2023-05-01T23:52:36.416+0000] {logging_mixin.py:137} INFO - [2023-05-01T23:52:36.415+0000] {taskmixin.py:211} WARNING - Dependency <Task(_PythonDecoratedOperator): print_the_context>, log_sql_query already registered for DAG: example_python_operator
[2023-05-01T23:52:36.419+0000] {logging_mixin.py:137} INFO - [2023-05-01T23:52:36.418+0000] {taskmixin.py:211} WARNING - Dependency <Task(_PythonDecoratedOperator): log_sql_query>, print_the_context already registered for DAG: example_python_operator
[2023-05-01T23:52:36.426+0000] {logging_mixin.py:137} INFO - [2023-05-01T23:52:36.425+0000] {taskmixin.py:211} WARNING - Dependency <Task(_PythonDecoratedOperator): print_the_context>, log_sql_query already registered for DAG: example_python_operator
[2023-05-01T23:52:36.430+0000] {logging_mixin.py:137} INFO - [2023-05-01T23:52:36.429+0000] {taskmixin.py:211} WARNING - Dependency <Task(_PythonDecoratedOperator): log_sql_query>, print_the_context already registered for DAG: example_python_operator
[2023-05-01T23:52:36.436+0000] {logging_mixin.py:137} INFO - [2023-05-01T23:52:36.435+0000] {taskmixin.py:211} WARNING - Dependency <Task(_PythonDecoratedOperator): print_the_context>, log_sql_query already registered for DAG: example_python_operator
[2023-05-01T23:52:36.439+0000] {logging_mixin.py:137} INFO - [2023-05-01T23:52:36.438+0000] {taskmixin.py:211} WARNING - Dependency <Task(_PythonDecoratedOperator): log_sql_query>, print_the_context already registered for DAG: example_python_operator
[2023-05-01T23:52:36.487+0000] {processor.py:753} INFO - DAG(s) dict_keys(['example_python_operator']) retrieved from /home/airflow/.local/lib/python3.7/site-packages/airflow/example_dags/example_python_operator.py
[2023-05-01T23:52:36.635+0000] {logging_mixin.py:137} INFO - [2023-05-01T23:52:36.634+0000] {dag.py:2705} INFO - Sync 1 DAGs
[2023-05-01T23:52:36.859+0000] {logging_mixin.py:137} INFO - [2023-05-01T23:52:36.858+0000] {dag.py:3456} INFO - Setting next_dagrun for example_python_operator to None, run_after=None
[2023-05-01T23:52:36.956+0000] {processor.py:175} INFO - Processing /home/airflow/.local/lib/python3.7/site-packages/airflow/example_dags/example_python_operator.py took 0.748 seconds
[2023-05-01T23:53:08.643+0000] {processor.py:153} INFO - Started process (PID=611) to work on /home/airflow/.local/lib/python3.7/site-packages/airflow/example_dags/example_python_operator.py
[2023-05-01T23:53:08.648+0000] {processor.py:743} INFO - Processing file /home/airflow/.local/lib/python3.7/site-packages/airflow/example_dags/example_python_operator.py for tasks to queue
[2023-05-01T23:53:08.653+0000] {logging_mixin.py:137} INFO - [2023-05-01T23:53:08.652+0000] {dagbag.py:532} INFO - Filling up the DagBag from /home/airflow/.local/lib/python3.7/site-packages/airflow/example_dags/example_python_operator.py
[2023-05-01T23:53:08.870+0000] {logging_mixin.py:137} INFO - [2023-05-01T23:53:08.864+0000] {taskmixin.py:211} WARNING - Dependency <Task(_PythonDecoratedOperator): print_the_context>, log_sql_query already registered for DAG: example_python_operator
[2023-05-01T23:53:08.877+0000] {logging_mixin.py:137} INFO - [2023-05-01T23:53:08.875+0000] {taskmixin.py:211} WARNING - Dependency <Task(_PythonDecoratedOperator): log_sql_query>, print_the_context already registered for DAG: example_python_operator
[2023-05-01T23:53:08.889+0000] {logging_mixin.py:137} INFO - [2023-05-01T23:53:08.888+0000] {taskmixin.py:211} WARNING - Dependency <Task(_PythonDecoratedOperator): print_the_context>, log_sql_query already registered for DAG: example_python_operator
[2023-05-01T23:53:08.894+0000] {logging_mixin.py:137} INFO - [2023-05-01T23:53:08.892+0000] {taskmixin.py:211} WARNING - Dependency <Task(_PythonDecoratedOperator): log_sql_query>, print_the_context already registered for DAG: example_python_operator
[2023-05-01T23:53:08.909+0000] {logging_mixin.py:137} INFO - [2023-05-01T23:53:08.908+0000] {taskmixin.py:211} WARNING - Dependency <Task(_PythonDecoratedOperator): print_the_context>, log_sql_query already registered for DAG: example_python_operator
[2023-05-01T23:53:08.917+0000] {logging_mixin.py:137} INFO - [2023-05-01T23:53:08.915+0000] {taskmixin.py:211} WARNING - Dependency <Task(_PythonDecoratedOperator): log_sql_query>, print_the_context already registered for DAG: example_python_operator
[2023-05-01T23:53:08.925+0000] {logging_mixin.py:137} INFO - [2023-05-01T23:53:08.924+0000] {taskmixin.py:211} WARNING - Dependency <Task(_PythonDecoratedOperator): print_the_context>, log_sql_query already registered for DAG: example_python_operator
[2023-05-01T23:53:08.928+0000] {logging_mixin.py:137} INFO - [2023-05-01T23:53:08.927+0000] {taskmixin.py:211} WARNING - Dependency <Task(_PythonDecoratedOperator): log_sql_query>, print_the_context already registered for DAG: example_python_operator
[2023-05-01T23:53:09.019+0000] {processor.py:753} INFO - DAG(s) dict_keys(['example_python_operator']) retrieved from /home/airflow/.local/lib/python3.7/site-packages/airflow/example_dags/example_python_operator.py
[2023-05-01T23:53:09.267+0000] {logging_mixin.py:137} INFO - [2023-05-01T23:53:09.266+0000] {dag.py:2705} INFO - Sync 1 DAGs
[2023-05-01T23:53:09.478+0000] {logging_mixin.py:137} INFO - [2023-05-01T23:53:09.477+0000] {dag.py:3456} INFO - Setting next_dagrun for example_python_operator to None, run_after=None
[2023-05-01T23:53:09.592+0000] {processor.py:175} INFO - Processing /home/airflow/.local/lib/python3.7/site-packages/airflow/example_dags/example_python_operator.py took 0.962 seconds
[2023-05-01T23:53:40.226+0000] {processor.py:153} INFO - Started process (PID=707) to work on /home/airflow/.local/lib/python3.7/site-packages/airflow/example_dags/example_python_operator.py
[2023-05-01T23:53:40.232+0000] {processor.py:743} INFO - Processing file /home/airflow/.local/lib/python3.7/site-packages/airflow/example_dags/example_python_operator.py for tasks to queue
[2023-05-01T23:53:40.243+0000] {logging_mixin.py:137} INFO - [2023-05-01T23:53:40.242+0000] {dagbag.py:532} INFO - Filling up the DagBag from /home/airflow/.local/lib/python3.7/site-packages/airflow/example_dags/example_python_operator.py
[2023-05-01T23:53:40.393+0000] {logging_mixin.py:137} INFO - [2023-05-01T23:53:40.391+0000] {taskmixin.py:211} WARNING - Dependency <Task(_PythonDecoratedOperator): print_the_context>, log_sql_query already registered for DAG: example_python_operator
[2023-05-01T23:53:40.399+0000] {logging_mixin.py:137} INFO - [2023-05-01T23:53:40.398+0000] {taskmixin.py:211} WARNING - Dependency <Task(_PythonDecoratedOperator): log_sql_query>, print_the_context already registered for DAG: example_python_operator
[2023-05-01T23:53:40.422+0000] {logging_mixin.py:137} INFO - [2023-05-01T23:53:40.421+0000] {taskmixin.py:211} WARNING - Dependency <Task(_PythonDecoratedOperator): print_the_context>, log_sql_query already registered for DAG: example_python_operator
[2023-05-01T23:53:40.443+0000] {logging_mixin.py:137} INFO - [2023-05-01T23:53:40.442+0000] {taskmixin.py:211} WARNING - Dependency <Task(_PythonDecoratedOperator): log_sql_query>, print_the_context already registered for DAG: example_python_operator
[2023-05-01T23:53:40.477+0000] {logging_mixin.py:137} INFO - [2023-05-01T23:53:40.475+0000] {taskmixin.py:211} WARNING - Dependency <Task(_PythonDecoratedOperator): print_the_context>, log_sql_query already registered for DAG: example_python_operator
[2023-05-01T23:53:40.481+0000] {logging_mixin.py:137} INFO - [2023-05-01T23:53:40.480+0000] {taskmixin.py:211} WARNING - Dependency <Task(_PythonDecoratedOperator): log_sql_query>, print_the_context already registered for DAG: example_python_operator
[2023-05-01T23:53:40.493+0000] {logging_mixin.py:137} INFO - [2023-05-01T23:53:40.492+0000] {taskmixin.py:211} WARNING - Dependency <Task(_PythonDecoratedOperator): print_the_context>, log_sql_query already registered for DAG: example_python_operator
[2023-05-01T23:53:40.505+0000] {logging_mixin.py:137} INFO - [2023-05-01T23:53:40.504+0000] {taskmixin.py:211} WARNING - Dependency <Task(_PythonDecoratedOperator): log_sql_query>, print_the_context already registered for DAG: example_python_operator
[2023-05-01T23:53:40.572+0000] {processor.py:753} INFO - DAG(s) dict_keys(['example_python_operator']) retrieved from /home/airflow/.local/lib/python3.7/site-packages/airflow/example_dags/example_python_operator.py
[2023-05-01T23:53:40.728+0000] {logging_mixin.py:137} INFO - [2023-05-01T23:53:40.727+0000] {dag.py:2705} INFO - Sync 1 DAGs
[2023-05-01T23:53:40.961+0000] {logging_mixin.py:137} INFO - [2023-05-01T23:53:40.960+0000] {dag.py:3456} INFO - Setting next_dagrun for example_python_operator to None, run_after=None
[2023-05-01T23:53:41.068+0000] {processor.py:175} INFO - Processing /home/airflow/.local/lib/python3.7/site-packages/airflow/example_dags/example_python_operator.py took 0.859 seconds
[2023-05-01T23:54:11.744+0000] {processor.py:153} INFO - Started process (PID=803) to work on /home/airflow/.local/lib/python3.7/site-packages/airflow/example_dags/example_python_operator.py
[2023-05-01T23:54:11.746+0000] {processor.py:743} INFO - Processing file /home/airflow/.local/lib/python3.7/site-packages/airflow/example_dags/example_python_operator.py for tasks to queue
[2023-05-01T23:54:11.750+0000] {logging_mixin.py:137} INFO - [2023-05-01T23:54:11.750+0000] {dagbag.py:532} INFO - Filling up the DagBag from /home/airflow/.local/lib/python3.7/site-packages/airflow/example_dags/example_python_operator.py
[2023-05-01T23:54:11.844+0000] {logging_mixin.py:137} INFO - [2023-05-01T23:54:11.843+0000] {taskmixin.py:211} WARNING - Dependency <Task(_PythonDecoratedOperator): print_the_context>, log_sql_query already registered for DAG: example_python_operator
[2023-05-01T23:54:11.847+0000] {logging_mixin.py:137} INFO - [2023-05-01T23:54:11.846+0000] {taskmixin.py:211} WARNING - Dependency <Task(_PythonDecoratedOperator): log_sql_query>, print_the_context already registered for DAG: example_python_operator
[2023-05-01T23:54:11.852+0000] {logging_mixin.py:137} INFO - [2023-05-01T23:54:11.852+0000] {taskmixin.py:211} WARNING - Dependency <Task(_PythonDecoratedOperator): print_the_context>, log_sql_query already registered for DAG: example_python_operator
[2023-05-01T23:54:11.855+0000] {logging_mixin.py:137} INFO - [2023-05-01T23:54:11.854+0000] {taskmixin.py:211} WARNING - Dependency <Task(_PythonDecoratedOperator): log_sql_query>, print_the_context already registered for DAG: example_python_operator
[2023-05-01T23:54:11.860+0000] {logging_mixin.py:137} INFO - [2023-05-01T23:54:11.859+0000] {taskmixin.py:211} WARNING - Dependency <Task(_PythonDecoratedOperator): print_the_context>, log_sql_query already registered for DAG: example_python_operator
[2023-05-01T23:54:11.862+0000] {logging_mixin.py:137} INFO - [2023-05-01T23:54:11.861+0000] {taskmixin.py:211} WARNING - Dependency <Task(_PythonDecoratedOperator): log_sql_query>, print_the_context already registered for DAG: example_python_operator
[2023-05-01T23:54:11.866+0000] {logging_mixin.py:137} INFO - [2023-05-01T23:54:11.866+0000] {taskmixin.py:211} WARNING - Dependency <Task(_PythonDecoratedOperator): print_the_context>, log_sql_query already registered for DAG: example_python_operator
[2023-05-01T23:54:11.868+0000] {logging_mixin.py:137} INFO - [2023-05-01T23:54:11.868+0000] {taskmixin.py:211} WARNING - Dependency <Task(_PythonDecoratedOperator): log_sql_query>, print_the_context already registered for DAG: example_python_operator
[2023-05-01T23:54:11.906+0000] {processor.py:753} INFO - DAG(s) dict_keys(['example_python_operator']) retrieved from /home/airflow/.local/lib/python3.7/site-packages/airflow/example_dags/example_python_operator.py
[2023-05-01T23:54:12.028+0000] {logging_mixin.py:137} INFO - [2023-05-01T23:54:12.027+0000] {dag.py:2705} INFO - Sync 1 DAGs
[2023-05-01T23:54:12.163+0000] {logging_mixin.py:137} INFO - [2023-05-01T23:54:12.163+0000] {dag.py:3456} INFO - Setting next_dagrun for example_python_operator to None, run_after=None
[2023-05-01T23:54:12.242+0000] {processor.py:175} INFO - Processing /home/airflow/.local/lib/python3.7/site-packages/airflow/example_dags/example_python_operator.py took 0.510 seconds
[2023-05-01T23:54:42.568+0000] {processor.py:153} INFO - Started process (PID=900) to work on /home/airflow/.local/lib/python3.7/site-packages/airflow/example_dags/example_python_operator.py
[2023-05-01T23:54:42.570+0000] {processor.py:743} INFO - Processing file /home/airflow/.local/lib/python3.7/site-packages/airflow/example_dags/example_python_operator.py for tasks to queue
[2023-05-01T23:54:42.574+0000] {logging_mixin.py:137} INFO - [2023-05-01T23:54:42.573+0000] {dagbag.py:532} INFO - Filling up the DagBag from /home/airflow/.local/lib/python3.7/site-packages/airflow/example_dags/example_python_operator.py
[2023-05-01T23:54:42.660+0000] {logging_mixin.py:137} INFO - [2023-05-01T23:54:42.659+0000] {taskmixin.py:211} WARNING - Dependency <Task(_PythonDecoratedOperator): print_the_context>, log_sql_query already registered for DAG: example_python_operator
[2023-05-01T23:54:42.663+0000] {logging_mixin.py:137} INFO - [2023-05-01T23:54:42.662+0000] {taskmixin.py:211} WARNING - Dependency <Task(_PythonDecoratedOperator): log_sql_query>, print_the_context already registered for DAG: example_python_operator
[2023-05-01T23:54:42.668+0000] {logging_mixin.py:137} INFO - [2023-05-01T23:54:42.668+0000] {taskmixin.py:211} WARNING - Dependency <Task(_PythonDecoratedOperator): print_the_context>, log_sql_query already registered for DAG: example_python_operator
[2023-05-01T23:54:42.672+0000] {logging_mixin.py:137} INFO - [2023-05-01T23:54:42.671+0000] {taskmixin.py:211} WARNING - Dependency <Task(_PythonDecoratedOperator): log_sql_query>, print_the_context already registered for DAG: example_python_operator
[2023-05-01T23:54:42.677+0000] {logging_mixin.py:137} INFO - [2023-05-01T23:54:42.676+0000] {taskmixin.py:211} WARNING - Dependency <Task(_PythonDecoratedOperator): print_the_context>, log_sql_query already registered for DAG: example_python_operator
[2023-05-01T23:54:42.680+0000] {logging_mixin.py:137} INFO - [2023-05-01T23:54:42.679+0000] {taskmixin.py:211} WARNING - Dependency <Task(_PythonDecoratedOperator): log_sql_query>, print_the_context already registered for DAG: example_python_operator
[2023-05-01T23:54:42.687+0000] {logging_mixin.py:137} INFO - [2023-05-01T23:54:42.686+0000] {taskmixin.py:211} WARNING - Dependency <Task(_PythonDecoratedOperator): print_the_context>, log_sql_query already registered for DAG: example_python_operator
[2023-05-01T23:54:42.689+0000] {logging_mixin.py:137} INFO - [2023-05-01T23:54:42.688+0000] {taskmixin.py:211} WARNING - Dependency <Task(_PythonDecoratedOperator): log_sql_query>, print_the_context already registered for DAG: example_python_operator
[2023-05-01T23:54:42.726+0000] {processor.py:753} INFO - DAG(s) dict_keys(['example_python_operator']) retrieved from /home/airflow/.local/lib/python3.7/site-packages/airflow/example_dags/example_python_operator.py
[2023-05-01T23:54:42.855+0000] {logging_mixin.py:137} INFO - [2023-05-01T23:54:42.854+0000] {dag.py:2705} INFO - Sync 1 DAGs
[2023-05-01T23:54:43.001+0000] {logging_mixin.py:137} INFO - [2023-05-01T23:54:43.001+0000] {dag.py:3456} INFO - Setting next_dagrun for example_python_operator to None, run_after=None
[2023-05-01T23:54:43.083+0000] {processor.py:175} INFO - Processing /home/airflow/.local/lib/python3.7/site-packages/airflow/example_dags/example_python_operator.py took 0.526 seconds
[2023-05-01T23:55:17.361+0000] {processor.py:153} INFO - Started process (PID=996) to work on /home/airflow/.local/lib/python3.7/site-packages/airflow/example_dags/example_python_operator.py
[2023-05-01T23:55:17.364+0000] {processor.py:743} INFO - Processing file /home/airflow/.local/lib/python3.7/site-packages/airflow/example_dags/example_python_operator.py for tasks to queue
[2023-05-01T23:55:17.367+0000] {logging_mixin.py:137} INFO - [2023-05-01T23:55:17.367+0000] {dagbag.py:532} INFO - Filling up the DagBag from /home/airflow/.local/lib/python3.7/site-packages/airflow/example_dags/example_python_operator.py
[2023-05-01T23:55:17.449+0000] {logging_mixin.py:137} INFO - [2023-05-01T23:55:17.448+0000] {taskmixin.py:211} WARNING - Dependency <Task(_PythonDecoratedOperator): print_the_context>, log_sql_query already registered for DAG: example_python_operator
[2023-05-01T23:55:17.451+0000] {logging_mixin.py:137} INFO - [2023-05-01T23:55:17.451+0000] {taskmixin.py:211} WARNING - Dependency <Task(_PythonDecoratedOperator): log_sql_query>, print_the_context already registered for DAG: example_python_operator
[2023-05-01T23:55:17.456+0000] {logging_mixin.py:137} INFO - [2023-05-01T23:55:17.456+0000] {taskmixin.py:211} WARNING - Dependency <Task(_PythonDecoratedOperator): print_the_context>, log_sql_query already registered for DAG: example_python_operator
[2023-05-01T23:55:17.458+0000] {logging_mixin.py:137} INFO - [2023-05-01T23:55:17.458+0000] {taskmixin.py:211} WARNING - Dependency <Task(_PythonDecoratedOperator): log_sql_query>, print_the_context already registered for DAG: example_python_operator
[2023-05-01T23:55:17.463+0000] {logging_mixin.py:137} INFO - [2023-05-01T23:55:17.463+0000] {taskmixin.py:211} WARNING - Dependency <Task(_PythonDecoratedOperator): print_the_context>, log_sql_query already registered for DAG: example_python_operator
[2023-05-01T23:55:17.465+0000] {logging_mixin.py:137} INFO - [2023-05-01T23:55:17.464+0000] {taskmixin.py:211} WARNING - Dependency <Task(_PythonDecoratedOperator): log_sql_query>, print_the_context already registered for DAG: example_python_operator
[2023-05-01T23:55:17.471+0000] {logging_mixin.py:137} INFO - [2023-05-01T23:55:17.470+0000] {taskmixin.py:211} WARNING - Dependency <Task(_PythonDecoratedOperator): print_the_context>, log_sql_query already registered for DAG: example_python_operator
[2023-05-01T23:55:17.473+0000] {logging_mixin.py:137} INFO - [2023-05-01T23:55:17.472+0000] {taskmixin.py:211} WARNING - Dependency <Task(_PythonDecoratedOperator): log_sql_query>, print_the_context already registered for DAG: example_python_operator
[2023-05-01T23:55:17.507+0000] {processor.py:753} INFO - DAG(s) dict_keys(['example_python_operator']) retrieved from /home/airflow/.local/lib/python3.7/site-packages/airflow/example_dags/example_python_operator.py
[2023-05-01T23:55:17.641+0000] {logging_mixin.py:137} INFO - [2023-05-01T23:55:17.640+0000] {dag.py:2705} INFO - Sync 1 DAGs
[2023-05-01T23:55:17.807+0000] {logging_mixin.py:137} INFO - [2023-05-01T23:55:17.806+0000] {dag.py:3456} INFO - Setting next_dagrun for example_python_operator to None, run_after=None
[2023-05-01T23:55:17.892+0000] {processor.py:175} INFO - Processing /home/airflow/.local/lib/python3.7/site-packages/airflow/example_dags/example_python_operator.py took 0.539 seconds
[2023-05-01T23:55:53.059+0000] {processor.py:153} INFO - Started process (PID=1075) to work on /home/airflow/.local/lib/python3.7/site-packages/airflow/example_dags/example_python_operator.py
[2023-05-01T23:55:53.062+0000] {processor.py:743} INFO - Processing file /home/airflow/.local/lib/python3.7/site-packages/airflow/example_dags/example_python_operator.py for tasks to queue
[2023-05-01T23:55:53.067+0000] {logging_mixin.py:137} INFO - [2023-05-01T23:55:53.066+0000] {dagbag.py:532} INFO - Filling up the DagBag from /home/airflow/.local/lib/python3.7/site-packages/airflow/example_dags/example_python_operator.py
[2023-05-01T23:55:53.188+0000] {logging_mixin.py:137} INFO - [2023-05-01T23:55:53.187+0000] {taskmixin.py:211} WARNING - Dependency <Task(_PythonDecoratedOperator): print_the_context>, log_sql_query already registered for DAG: example_python_operator
[2023-05-01T23:55:53.192+0000] {logging_mixin.py:137} INFO - [2023-05-01T23:55:53.191+0000] {taskmixin.py:211} WARNING - Dependency <Task(_PythonDecoratedOperator): log_sql_query>, print_the_context already registered for DAG: example_python_operator
[2023-05-01T23:55:53.201+0000] {logging_mixin.py:137} INFO - [2023-05-01T23:55:53.200+0000] {taskmixin.py:211} WARNING - Dependency <Task(_PythonDecoratedOperator): print_the_context>, log_sql_query already registered for DAG: example_python_operator
[2023-05-01T23:55:53.205+0000] {logging_mixin.py:137} INFO - [2023-05-01T23:55:53.204+0000] {taskmixin.py:211} WARNING - Dependency <Task(_PythonDecoratedOperator): log_sql_query>, print_the_context already registered for DAG: example_python_operator
[2023-05-01T23:55:53.213+0000] {logging_mixin.py:137} INFO - [2023-05-01T23:55:53.212+0000] {taskmixin.py:211} WARNING - Dependency <Task(_PythonDecoratedOperator): print_the_context>, log_sql_query already registered for DAG: example_python_operator
[2023-05-01T23:55:53.216+0000] {logging_mixin.py:137} INFO - [2023-05-01T23:55:53.215+0000] {taskmixin.py:211} WARNING - Dependency <Task(_PythonDecoratedOperator): log_sql_query>, print_the_context already registered for DAG: example_python_operator
[2023-05-01T23:55:53.224+0000] {logging_mixin.py:137} INFO - [2023-05-01T23:55:53.223+0000] {taskmixin.py:211} WARNING - Dependency <Task(_PythonDecoratedOperator): print_the_context>, log_sql_query already registered for DAG: example_python_operator
[2023-05-01T23:55:53.230+0000] {logging_mixin.py:137} INFO - [2023-05-01T23:55:53.228+0000] {taskmixin.py:211} WARNING - Dependency <Task(_PythonDecoratedOperator): log_sql_query>, print_the_context already registered for DAG: example_python_operator
[2023-05-01T23:55:53.322+0000] {processor.py:753} INFO - DAG(s) dict_keys(['example_python_operator']) retrieved from /home/airflow/.local/lib/python3.7/site-packages/airflow/example_dags/example_python_operator.py
[2023-05-01T23:55:53.551+0000] {logging_mixin.py:137} INFO - [2023-05-01T23:55:53.550+0000] {dag.py:2705} INFO - Sync 1 DAGs
[2023-05-01T23:55:53.829+0000] {logging_mixin.py:137} INFO - [2023-05-01T23:55:53.827+0000] {dag.py:3456} INFO - Setting next_dagrun for example_python_operator to None, run_after=None
[2023-05-01T23:55:53.953+0000] {processor.py:175} INFO - Processing /home/airflow/.local/lib/python3.7/site-packages/airflow/example_dags/example_python_operator.py took 0.904 seconds
[2023-05-01T23:56:25.824+0000] {processor.py:153} INFO - Started process (PID=1171) to work on /home/airflow/.local/lib/python3.7/site-packages/airflow/example_dags/example_python_operator.py
[2023-05-01T23:56:25.829+0000] {processor.py:743} INFO - Processing file /home/airflow/.local/lib/python3.7/site-packages/airflow/example_dags/example_python_operator.py for tasks to queue
[2023-05-01T23:56:25.834+0000] {logging_mixin.py:137} INFO - [2023-05-01T23:56:25.833+0000] {dagbag.py:532} INFO - Filling up the DagBag from /home/airflow/.local/lib/python3.7/site-packages/airflow/example_dags/example_python_operator.py
[2023-05-01T23:56:25.937+0000] {logging_mixin.py:137} INFO - [2023-05-01T23:56:25.935+0000] {taskmixin.py:211} WARNING - Dependency <Task(_PythonDecoratedOperator): print_the_context>, log_sql_query already registered for DAG: example_python_operator
[2023-05-01T23:56:25.940+0000] {logging_mixin.py:137} INFO - [2023-05-01T23:56:25.939+0000] {taskmixin.py:211} WARNING - Dependency <Task(_PythonDecoratedOperator): log_sql_query>, print_the_context already registered for DAG: example_python_operator
[2023-05-01T23:56:25.946+0000] {logging_mixin.py:137} INFO - [2023-05-01T23:56:25.945+0000] {taskmixin.py:211} WARNING - Dependency <Task(_PythonDecoratedOperator): print_the_context>, log_sql_query already registered for DAG: example_python_operator
[2023-05-01T23:56:25.950+0000] {logging_mixin.py:137} INFO - [2023-05-01T23:56:25.949+0000] {taskmixin.py:211} WARNING - Dependency <Task(_PythonDecoratedOperator): log_sql_query>, print_the_context already registered for DAG: example_python_operator
[2023-05-01T23:56:25.957+0000] {logging_mixin.py:137} INFO - [2023-05-01T23:56:25.956+0000] {taskmixin.py:211} WARNING - Dependency <Task(_PythonDecoratedOperator): print_the_context>, log_sql_query already registered for DAG: example_python_operator
[2023-05-01T23:56:25.960+0000] {logging_mixin.py:137} INFO - [2023-05-01T23:56:25.959+0000] {taskmixin.py:211} WARNING - Dependency <Task(_PythonDecoratedOperator): log_sql_query>, print_the_context already registered for DAG: example_python_operator
[2023-05-01T23:56:25.966+0000] {logging_mixin.py:137} INFO - [2023-05-01T23:56:25.965+0000] {taskmixin.py:211} WARNING - Dependency <Task(_PythonDecoratedOperator): print_the_context>, log_sql_query already registered for DAG: example_python_operator
[2023-05-01T23:56:25.969+0000] {logging_mixin.py:137} INFO - [2023-05-01T23:56:25.968+0000] {taskmixin.py:211} WARNING - Dependency <Task(_PythonDecoratedOperator): log_sql_query>, print_the_context already registered for DAG: example_python_operator
[2023-05-01T23:56:26.015+0000] {processor.py:753} INFO - DAG(s) dict_keys(['example_python_operator']) retrieved from /home/airflow/.local/lib/python3.7/site-packages/airflow/example_dags/example_python_operator.py
[2023-05-01T23:56:26.181+0000] {logging_mixin.py:137} INFO - [2023-05-01T23:56:26.181+0000] {dag.py:2705} INFO - Sync 1 DAGs
[2023-05-01T23:56:26.359+0000] {logging_mixin.py:137} INFO - [2023-05-01T23:56:26.358+0000] {dag.py:3456} INFO - Setting next_dagrun for example_python_operator to None, run_after=None
[2023-05-01T23:56:26.470+0000] {processor.py:175} INFO - Processing /home/airflow/.local/lib/python3.7/site-packages/airflow/example_dags/example_python_operator.py took 0.656 seconds
[2023-05-01T23:56:58.344+0000] {processor.py:153} INFO - Started process (PID=1273) to work on /home/airflow/.local/lib/python3.7/site-packages/airflow/example_dags/example_python_operator.py
[2023-05-01T23:56:58.349+0000] {processor.py:743} INFO - Processing file /home/airflow/.local/lib/python3.7/site-packages/airflow/example_dags/example_python_operator.py for tasks to queue
[2023-05-01T23:56:58.360+0000] {logging_mixin.py:137} INFO - [2023-05-01T23:56:58.359+0000] {dagbag.py:532} INFO - Filling up the DagBag from /home/airflow/.local/lib/python3.7/site-packages/airflow/example_dags/example_python_operator.py
[2023-05-01T23:56:58.573+0000] {logging_mixin.py:137} INFO - [2023-05-01T23:56:58.572+0000] {taskmixin.py:211} WARNING - Dependency <Task(_PythonDecoratedOperator): print_the_context>, log_sql_query already registered for DAG: example_python_operator
[2023-05-01T23:56:58.579+0000] {logging_mixin.py:137} INFO - [2023-05-01T23:56:58.578+0000] {taskmixin.py:211} WARNING - Dependency <Task(_PythonDecoratedOperator): log_sql_query>, print_the_context already registered for DAG: example_python_operator
[2023-05-01T23:56:58.588+0000] {logging_mixin.py:137} INFO - [2023-05-01T23:56:58.587+0000] {taskmixin.py:211} WARNING - Dependency <Task(_PythonDecoratedOperator): print_the_context>, log_sql_query already registered for DAG: example_python_operator
[2023-05-01T23:56:58.592+0000] {logging_mixin.py:137} INFO - [2023-05-01T23:56:58.591+0000] {taskmixin.py:211} WARNING - Dependency <Task(_PythonDecoratedOperator): log_sql_query>, print_the_context already registered for DAG: example_python_operator
[2023-05-01T23:56:58.608+0000] {logging_mixin.py:137} INFO - [2023-05-01T23:56:58.607+0000] {taskmixin.py:211} WARNING - Dependency <Task(_PythonDecoratedOperator): print_the_context>, log_sql_query already registered for DAG: example_python_operator
[2023-05-01T23:56:58.611+0000] {logging_mixin.py:137} INFO - [2023-05-01T23:56:58.610+0000] {taskmixin.py:211} WARNING - Dependency <Task(_PythonDecoratedOperator): log_sql_query>, print_the_context already registered for DAG: example_python_operator
[2023-05-01T23:56:58.620+0000] {logging_mixin.py:137} INFO - [2023-05-01T23:56:58.619+0000] {taskmixin.py:211} WARNING - Dependency <Task(_PythonDecoratedOperator): print_the_context>, log_sql_query already registered for DAG: example_python_operator
[2023-05-01T23:56:58.633+0000] {logging_mixin.py:137} INFO - [2023-05-01T23:56:58.632+0000] {taskmixin.py:211} WARNING - Dependency <Task(_PythonDecoratedOperator): log_sql_query>, print_the_context already registered for DAG: example_python_operator
[2023-05-01T23:56:58.702+0000] {processor.py:753} INFO - DAG(s) dict_keys(['example_python_operator']) retrieved from /home/airflow/.local/lib/python3.7/site-packages/airflow/example_dags/example_python_operator.py
[2023-05-01T23:56:58.886+0000] {logging_mixin.py:137} INFO - [2023-05-01T23:56:58.885+0000] {dag.py:2705} INFO - Sync 1 DAGs
[2023-05-01T23:56:59.114+0000] {logging_mixin.py:137} INFO - [2023-05-01T23:56:59.113+0000] {dag.py:3456} INFO - Setting next_dagrun for example_python_operator to None, run_after=None
[2023-05-01T23:56:59.237+0000] {processor.py:175} INFO - Processing /home/airflow/.local/lib/python3.7/site-packages/airflow/example_dags/example_python_operator.py took 0.907 seconds
[2023-05-01T23:57:29.360+0000] {processor.py:153} INFO - Started process (PID=1366) to work on /home/airflow/.local/lib/python3.7/site-packages/airflow/example_dags/example_python_operator.py
[2023-05-01T23:57:29.368+0000] {processor.py:743} INFO - Processing file /home/airflow/.local/lib/python3.7/site-packages/airflow/example_dags/example_python_operator.py for tasks to queue
[2023-05-01T23:57:29.379+0000] {logging_mixin.py:137} INFO - [2023-05-01T23:57:29.376+0000] {dagbag.py:532} INFO - Filling up the DagBag from /home/airflow/.local/lib/python3.7/site-packages/airflow/example_dags/example_python_operator.py
[2023-05-01T23:57:29.596+0000] {logging_mixin.py:137} INFO - [2023-05-01T23:57:29.594+0000] {taskmixin.py:211} WARNING - Dependency <Task(_PythonDecoratedOperator): print_the_context>, log_sql_query already registered for DAG: example_python_operator
[2023-05-01T23:57:29.600+0000] {logging_mixin.py:137} INFO - [2023-05-01T23:57:29.599+0000] {taskmixin.py:211} WARNING - Dependency <Task(_PythonDecoratedOperator): log_sql_query>, print_the_context already registered for DAG: example_python_operator
[2023-05-01T23:57:29.613+0000] {logging_mixin.py:137} INFO - [2023-05-01T23:57:29.612+0000] {taskmixin.py:211} WARNING - Dependency <Task(_PythonDecoratedOperator): print_the_context>, log_sql_query already registered for DAG: example_python_operator
[2023-05-01T23:57:29.619+0000] {logging_mixin.py:137} INFO - [2023-05-01T23:57:29.617+0000] {taskmixin.py:211} WARNING - Dependency <Task(_PythonDecoratedOperator): log_sql_query>, print_the_context already registered for DAG: example_python_operator
[2023-05-01T23:57:29.632+0000] {logging_mixin.py:137} INFO - [2023-05-01T23:57:29.630+0000] {taskmixin.py:211} WARNING - Dependency <Task(_PythonDecoratedOperator): print_the_context>, log_sql_query already registered for DAG: example_python_operator
[2023-05-01T23:57:29.640+0000] {logging_mixin.py:137} INFO - [2023-05-01T23:57:29.639+0000] {taskmixin.py:211} WARNING - Dependency <Task(_PythonDecoratedOperator): log_sql_query>, print_the_context already registered for DAG: example_python_operator
[2023-05-01T23:57:29.648+0000] {logging_mixin.py:137} INFO - [2023-05-01T23:57:29.646+0000] {taskmixin.py:211} WARNING - Dependency <Task(_PythonDecoratedOperator): print_the_context>, log_sql_query already registered for DAG: example_python_operator
[2023-05-01T23:57:29.652+0000] {logging_mixin.py:137} INFO - [2023-05-01T23:57:29.651+0000] {taskmixin.py:211} WARNING - Dependency <Task(_PythonDecoratedOperator): log_sql_query>, print_the_context already registered for DAG: example_python_operator
[2023-05-01T23:57:29.718+0000] {processor.py:753} INFO - DAG(s) dict_keys(['example_python_operator']) retrieved from /home/airflow/.local/lib/python3.7/site-packages/airflow/example_dags/example_python_operator.py
[2023-05-01T23:57:29.878+0000] {logging_mixin.py:137} INFO - [2023-05-01T23:57:29.877+0000] {dag.py:2705} INFO - Sync 1 DAGs
[2023-05-01T23:57:30.046+0000] {logging_mixin.py:137} INFO - [2023-05-01T23:57:30.045+0000] {dag.py:3456} INFO - Setting next_dagrun for example_python_operator to None, run_after=None
[2023-05-01T23:57:30.148+0000] {processor.py:175} INFO - Processing /home/airflow/.local/lib/python3.7/site-packages/airflow/example_dags/example_python_operator.py took 0.817 seconds
[2023-05-01T23:58:00.353+0000] {processor.py:153} INFO - Started process (PID=1460) to work on /home/airflow/.local/lib/python3.7/site-packages/airflow/example_dags/example_python_operator.py
[2023-05-01T23:58:00.358+0000] {processor.py:743} INFO - Processing file /home/airflow/.local/lib/python3.7/site-packages/airflow/example_dags/example_python_operator.py for tasks to queue
[2023-05-01T23:58:00.362+0000] {logging_mixin.py:137} INFO - [2023-05-01T23:58:00.361+0000] {dagbag.py:532} INFO - Filling up the DagBag from /home/airflow/.local/lib/python3.7/site-packages/airflow/example_dags/example_python_operator.py
[2023-05-01T23:58:00.479+0000] {logging_mixin.py:137} INFO - [2023-05-01T23:58:00.477+0000] {taskmixin.py:211} WARNING - Dependency <Task(_PythonDecoratedOperator): print_the_context>, log_sql_query already registered for DAG: example_python_operator
[2023-05-01T23:58:00.481+0000] {logging_mixin.py:137} INFO - [2023-05-01T23:58:00.481+0000] {taskmixin.py:211} WARNING - Dependency <Task(_PythonDecoratedOperator): log_sql_query>, print_the_context already registered for DAG: example_python_operator
[2023-05-01T23:58:00.487+0000] {logging_mixin.py:137} INFO - [2023-05-01T23:58:00.486+0000] {taskmixin.py:211} WARNING - Dependency <Task(_PythonDecoratedOperator): print_the_context>, log_sql_query already registered for DAG: example_python_operator
[2023-05-01T23:58:00.490+0000] {logging_mixin.py:137} INFO - [2023-05-01T23:58:00.489+0000] {taskmixin.py:211} WARNING - Dependency <Task(_PythonDecoratedOperator): log_sql_query>, print_the_context already registered for DAG: example_python_operator
[2023-05-01T23:58:00.496+0000] {logging_mixin.py:137} INFO - [2023-05-01T23:58:00.495+0000] {taskmixin.py:211} WARNING - Dependency <Task(_PythonDecoratedOperator): print_the_context>, log_sql_query already registered for DAG: example_python_operator
[2023-05-01T23:58:00.498+0000] {logging_mixin.py:137} INFO - [2023-05-01T23:58:00.497+0000] {taskmixin.py:211} WARNING - Dependency <Task(_PythonDecoratedOperator): log_sql_query>, print_the_context already registered for DAG: example_python_operator
[2023-05-01T23:58:00.504+0000] {logging_mixin.py:137} INFO - [2023-05-01T23:58:00.503+0000] {taskmixin.py:211} WARNING - Dependency <Task(_PythonDecoratedOperator): print_the_context>, log_sql_query already registered for DAG: example_python_operator
[2023-05-01T23:58:00.506+0000] {logging_mixin.py:137} INFO - [2023-05-01T23:58:00.505+0000] {taskmixin.py:211} WARNING - Dependency <Task(_PythonDecoratedOperator): log_sql_query>, print_the_context already registered for DAG: example_python_operator
[2023-05-01T23:58:00.548+0000] {processor.py:753} INFO - DAG(s) dict_keys(['example_python_operator']) retrieved from /home/airflow/.local/lib/python3.7/site-packages/airflow/example_dags/example_python_operator.py
[2023-05-01T23:58:00.682+0000] {logging_mixin.py:137} INFO - [2023-05-01T23:58:00.682+0000] {dag.py:2705} INFO - Sync 1 DAGs
[2023-05-01T23:58:00.808+0000] {logging_mixin.py:137} INFO - [2023-05-01T23:58:00.807+0000] {dag.py:3456} INFO - Setting next_dagrun for example_python_operator to None, run_after=None
[2023-05-01T23:58:00.885+0000] {processor.py:175} INFO - Processing /home/airflow/.local/lib/python3.7/site-packages/airflow/example_dags/example_python_operator.py took 0.544 seconds
[2023-05-01T23:58:31.027+0000] {processor.py:153} INFO - Started process (PID=1555) to work on /home/airflow/.local/lib/python3.7/site-packages/airflow/example_dags/example_python_operator.py
[2023-05-01T23:58:31.031+0000] {processor.py:743} INFO - Processing file /home/airflow/.local/lib/python3.7/site-packages/airflow/example_dags/example_python_operator.py for tasks to queue
[2023-05-01T23:58:31.037+0000] {logging_mixin.py:137} INFO - [2023-05-01T23:58:31.036+0000] {dagbag.py:532} INFO - Filling up the DagBag from /home/airflow/.local/lib/python3.7/site-packages/airflow/example_dags/example_python_operator.py
[2023-05-01T23:58:31.180+0000] {logging_mixin.py:137} INFO - [2023-05-01T23:58:31.178+0000] {taskmixin.py:211} WARNING - Dependency <Task(_PythonDecoratedOperator): print_the_context>, log_sql_query already registered for DAG: example_python_operator
[2023-05-01T23:58:31.183+0000] {logging_mixin.py:137} INFO - [2023-05-01T23:58:31.182+0000] {taskmixin.py:211} WARNING - Dependency <Task(_PythonDecoratedOperator): log_sql_query>, print_the_context already registered for DAG: example_python_operator
[2023-05-01T23:58:31.190+0000] {logging_mixin.py:137} INFO - [2023-05-01T23:58:31.189+0000] {taskmixin.py:211} WARNING - Dependency <Task(_PythonDecoratedOperator): print_the_context>, log_sql_query already registered for DAG: example_python_operator
[2023-05-01T23:58:31.197+0000] {logging_mixin.py:137} INFO - [2023-05-01T23:58:31.196+0000] {taskmixin.py:211} WARNING - Dependency <Task(_PythonDecoratedOperator): log_sql_query>, print_the_context already registered for DAG: example_python_operator
[2023-05-01T23:58:31.204+0000] {logging_mixin.py:137} INFO - [2023-05-01T23:58:31.203+0000] {taskmixin.py:211} WARNING - Dependency <Task(_PythonDecoratedOperator): print_the_context>, log_sql_query already registered for DAG: example_python_operator
[2023-05-01T23:58:31.207+0000] {logging_mixin.py:137} INFO - [2023-05-01T23:58:31.206+0000] {taskmixin.py:211} WARNING - Dependency <Task(_PythonDecoratedOperator): log_sql_query>, print_the_context already registered for DAG: example_python_operator
[2023-05-01T23:58:31.214+0000] {logging_mixin.py:137} INFO - [2023-05-01T23:58:31.213+0000] {taskmixin.py:211} WARNING - Dependency <Task(_PythonDecoratedOperator): print_the_context>, log_sql_query already registered for DAG: example_python_operator
[2023-05-01T23:58:31.218+0000] {logging_mixin.py:137} INFO - [2023-05-01T23:58:31.217+0000] {taskmixin.py:211} WARNING - Dependency <Task(_PythonDecoratedOperator): log_sql_query>, print_the_context already registered for DAG: example_python_operator
[2023-05-01T23:58:31.279+0000] {processor.py:753} INFO - DAG(s) dict_keys(['example_python_operator']) retrieved from /home/airflow/.local/lib/python3.7/site-packages/airflow/example_dags/example_python_operator.py
[2023-05-01T23:58:31.555+0000] {logging_mixin.py:137} INFO - [2023-05-01T23:58:31.554+0000] {dag.py:2705} INFO - Sync 1 DAGs
[2023-05-01T23:58:31.847+0000] {logging_mixin.py:137} INFO - [2023-05-01T23:58:31.845+0000] {dag.py:3456} INFO - Setting next_dagrun for example_python_operator to None, run_after=None
[2023-05-01T23:58:32.205+0000] {processor.py:175} INFO - Processing /home/airflow/.local/lib/python3.7/site-packages/airflow/example_dags/example_python_operator.py took 1.185 seconds
[2023-05-01T23:59:02.455+0000] {processor.py:153} INFO - Started process (PID=1650) to work on /home/airflow/.local/lib/python3.7/site-packages/airflow/example_dags/example_python_operator.py
[2023-05-01T23:59:02.459+0000] {processor.py:743} INFO - Processing file /home/airflow/.local/lib/python3.7/site-packages/airflow/example_dags/example_python_operator.py for tasks to queue
[2023-05-01T23:59:02.464+0000] {logging_mixin.py:137} INFO - [2023-05-01T23:59:02.463+0000] {dagbag.py:532} INFO - Filling up the DagBag from /home/airflow/.local/lib/python3.7/site-packages/airflow/example_dags/example_python_operator.py
[2023-05-01T23:59:02.564+0000] {logging_mixin.py:137} INFO - [2023-05-01T23:59:02.562+0000] {taskmixin.py:211} WARNING - Dependency <Task(_PythonDecoratedOperator): print_the_context>, log_sql_query already registered for DAG: example_python_operator
[2023-05-01T23:59:02.567+0000] {logging_mixin.py:137} INFO - [2023-05-01T23:59:02.566+0000] {taskmixin.py:211} WARNING - Dependency <Task(_PythonDecoratedOperator): log_sql_query>, print_the_context already registered for DAG: example_python_operator
[2023-05-01T23:59:02.573+0000] {logging_mixin.py:137} INFO - [2023-05-01T23:59:02.572+0000] {taskmixin.py:211} WARNING - Dependency <Task(_PythonDecoratedOperator): print_the_context>, log_sql_query already registered for DAG: example_python_operator
[2023-05-01T23:59:02.576+0000] {logging_mixin.py:137} INFO - [2023-05-01T23:59:02.575+0000] {taskmixin.py:211} WARNING - Dependency <Task(_PythonDecoratedOperator): log_sql_query>, print_the_context already registered for DAG: example_python_operator
[2023-05-01T23:59:02.583+0000] {logging_mixin.py:137} INFO - [2023-05-01T23:59:02.582+0000] {taskmixin.py:211} WARNING - Dependency <Task(_PythonDecoratedOperator): print_the_context>, log_sql_query already registered for DAG: example_python_operator
[2023-05-01T23:59:02.586+0000] {logging_mixin.py:137} INFO - [2023-05-01T23:59:02.585+0000] {taskmixin.py:211} WARNING - Dependency <Task(_PythonDecoratedOperator): log_sql_query>, print_the_context already registered for DAG: example_python_operator
[2023-05-01T23:59:02.592+0000] {logging_mixin.py:137} INFO - [2023-05-01T23:59:02.591+0000] {taskmixin.py:211} WARNING - Dependency <Task(_PythonDecoratedOperator): print_the_context>, log_sql_query already registered for DAG: example_python_operator
[2023-05-01T23:59:02.595+0000] {logging_mixin.py:137} INFO - [2023-05-01T23:59:02.594+0000] {taskmixin.py:211} WARNING - Dependency <Task(_PythonDecoratedOperator): log_sql_query>, print_the_context already registered for DAG: example_python_operator
[2023-05-01T23:59:02.638+0000] {processor.py:753} INFO - DAG(s) dict_keys(['example_python_operator']) retrieved from /home/airflow/.local/lib/python3.7/site-packages/airflow/example_dags/example_python_operator.py
[2023-05-01T23:59:02.776+0000] {logging_mixin.py:137} INFO - [2023-05-01T23:59:02.775+0000] {dag.py:2705} INFO - Sync 1 DAGs
[2023-05-01T23:59:02.930+0000] {logging_mixin.py:137} INFO - [2023-05-01T23:59:02.929+0000] {dag.py:3456} INFO - Setting next_dagrun for example_python_operator to None, run_after=None
[2023-05-01T23:59:03.021+0000] {processor.py:175} INFO - Processing /home/airflow/.local/lib/python3.7/site-packages/airflow/example_dags/example_python_operator.py took 0.580 seconds
[2023-05-01T23:59:34.772+0000] {processor.py:153} INFO - Started process (PID=1745) to work on /home/airflow/.local/lib/python3.7/site-packages/airflow/example_dags/example_python_operator.py
[2023-05-01T23:59:34.775+0000] {processor.py:743} INFO - Processing file /home/airflow/.local/lib/python3.7/site-packages/airflow/example_dags/example_python_operator.py for tasks to queue
[2023-05-01T23:59:34.779+0000] {logging_mixin.py:137} INFO - [2023-05-01T23:59:34.778+0000] {dagbag.py:532} INFO - Filling up the DagBag from /home/airflow/.local/lib/python3.7/site-packages/airflow/example_dags/example_python_operator.py
[2023-05-01T23:59:34.865+0000] {logging_mixin.py:137} INFO - [2023-05-01T23:59:34.864+0000] {taskmixin.py:211} WARNING - Dependency <Task(_PythonDecoratedOperator): print_the_context>, log_sql_query already registered for DAG: example_python_operator
[2023-05-01T23:59:34.869+0000] {logging_mixin.py:137} INFO - [2023-05-01T23:59:34.868+0000] {taskmixin.py:211} WARNING - Dependency <Task(_PythonDecoratedOperator): log_sql_query>, print_the_context already registered for DAG: example_python_operator
[2023-05-01T23:59:34.877+0000] {logging_mixin.py:137} INFO - [2023-05-01T23:59:34.876+0000] {taskmixin.py:211} WARNING - Dependency <Task(_PythonDecoratedOperator): print_the_context>, log_sql_query already registered for DAG: example_python_operator
[2023-05-01T23:59:34.881+0000] {logging_mixin.py:137} INFO - [2023-05-01T23:59:34.880+0000] {taskmixin.py:211} WARNING - Dependency <Task(_PythonDecoratedOperator): log_sql_query>, print_the_context already registered for DAG: example_python_operator
[2023-05-01T23:59:34.888+0000] {logging_mixin.py:137} INFO - [2023-05-01T23:59:34.887+0000] {taskmixin.py:211} WARNING - Dependency <Task(_PythonDecoratedOperator): print_the_context>, log_sql_query already registered for DAG: example_python_operator
[2023-05-01T23:59:34.891+0000] {logging_mixin.py:137} INFO - [2023-05-01T23:59:34.890+0000] {taskmixin.py:211} WARNING - Dependency <Task(_PythonDecoratedOperator): log_sql_query>, print_the_context already registered for DAG: example_python_operator
[2023-05-01T23:59:34.898+0000] {logging_mixin.py:137} INFO - [2023-05-01T23:59:34.897+0000] {taskmixin.py:211} WARNING - Dependency <Task(_PythonDecoratedOperator): print_the_context>, log_sql_query already registered for DAG: example_python_operator
[2023-05-01T23:59:34.901+0000] {logging_mixin.py:137} INFO - [2023-05-01T23:59:34.900+0000] {taskmixin.py:211} WARNING - Dependency <Task(_PythonDecoratedOperator): log_sql_query>, print_the_context already registered for DAG: example_python_operator
[2023-05-01T23:59:34.946+0000] {processor.py:753} INFO - DAG(s) dict_keys(['example_python_operator']) retrieved from /home/airflow/.local/lib/python3.7/site-packages/airflow/example_dags/example_python_operator.py
[2023-05-01T23:59:35.130+0000] {logging_mixin.py:137} INFO - [2023-05-01T23:59:35.129+0000] {dag.py:2705} INFO - Sync 1 DAGs
[2023-05-01T23:59:35.350+0000] {logging_mixin.py:137} INFO - [2023-05-01T23:59:35.348+0000] {dag.py:3456} INFO - Setting next_dagrun for example_python_operator to None, run_after=None
[2023-05-01T23:59:35.607+0000] {processor.py:175} INFO - Processing /home/airflow/.local/lib/python3.7/site-packages/airflow/example_dags/example_python_operator.py took 0.844 seconds
