[2023-05-01T23:49:37.248+0000] {processor.py:153} INFO - Started process (PID=118) to work on /home/airflow/.local/lib/python3.7/site-packages/airflow/example_dags/tutorial_dag.py
[2023-05-01T23:49:37.266+0000] {processor.py:743} INFO - Processing file /home/airflow/.local/lib/python3.7/site-packages/airflow/example_dags/tutorial_dag.py for tasks to queue
[2023-05-01T23:49:37.280+0000] {logging_mixin.py:137} INFO - [2023-05-01T23:49:37.279+0000] {dagbag.py:532} INFO - Filling up the DagBag from /home/airflow/.local/lib/python3.7/site-packages/airflow/example_dags/tutorial_dag.py
[2023-05-01T23:49:37.604+0000] {processor.py:753} INFO - DAG(s) dict_keys(['tutorial_dag']) retrieved from /home/airflow/.local/lib/python3.7/site-packages/airflow/example_dags/tutorial_dag.py
[2023-05-01T23:49:38.072+0000] {logging_mixin.py:137} INFO - [2023-05-01T23:49:38.071+0000] {dag.py:2705} INFO - Sync 1 DAGs
[2023-05-01T23:49:38.559+0000] {logging_mixin.py:137} INFO - [2023-05-01T23:49:38.558+0000] {dag.py:3456} INFO - Setting next_dagrun for tutorial_dag to None, run_after=None
[2023-05-01T23:49:38.814+0000] {processor.py:175} INFO - Processing /home/airflow/.local/lib/python3.7/site-packages/airflow/example_dags/tutorial_dag.py took 1.606 seconds
[2023-05-01T23:50:47.335+0000] {processor.py:153} INFO - Started process (PID=222) to work on /home/airflow/.local/lib/python3.7/site-packages/airflow/example_dags/tutorial_dag.py
[2023-05-01T23:50:47.351+0000] {processor.py:743} INFO - Processing file /home/airflow/.local/lib/python3.7/site-packages/airflow/example_dags/tutorial_dag.py for tasks to queue
[2023-05-01T23:50:47.359+0000] {logging_mixin.py:137} INFO - [2023-05-01T23:50:47.358+0000] {dagbag.py:532} INFO - Filling up the DagBag from /home/airflow/.local/lib/python3.7/site-packages/airflow/example_dags/tutorial_dag.py
[2023-05-01T23:50:47.551+0000] {processor.py:753} INFO - DAG(s) dict_keys(['tutorial_dag']) retrieved from /home/airflow/.local/lib/python3.7/site-packages/airflow/example_dags/tutorial_dag.py
[2023-05-01T23:50:47.845+0000] {logging_mixin.py:137} INFO - [2023-05-01T23:50:47.844+0000] {dag.py:2705} INFO - Sync 1 DAGs
[2023-05-01T23:50:48.315+0000] {logging_mixin.py:137} INFO - [2023-05-01T23:50:48.314+0000] {dag.py:3456} INFO - Setting next_dagrun for tutorial_dag to None, run_after=None
[2023-05-01T23:50:48.653+0000] {processor.py:175} INFO - Processing /home/airflow/.local/lib/python3.7/site-packages/airflow/example_dags/tutorial_dag.py took 1.341 seconds
[2023-05-01T23:51:29.248+0000] {processor.py:153} INFO - Started process (PID=323) to work on /home/airflow/.local/lib/python3.7/site-packages/airflow/example_dags/tutorial_dag.py
[2023-05-01T23:51:29.255+0000] {processor.py:743} INFO - Processing file /home/airflow/.local/lib/python3.7/site-packages/airflow/example_dags/tutorial_dag.py for tasks to queue
[2023-05-01T23:51:29.267+0000] {logging_mixin.py:137} INFO - [2023-05-01T23:51:29.265+0000] {dagbag.py:532} INFO - Filling up the DagBag from /home/airflow/.local/lib/python3.7/site-packages/airflow/example_dags/tutorial_dag.py
[2023-05-01T23:51:29.413+0000] {processor.py:753} INFO - DAG(s) dict_keys(['tutorial_dag']) retrieved from /home/airflow/.local/lib/python3.7/site-packages/airflow/example_dags/tutorial_dag.py
[2023-05-01T23:51:29.607+0000] {logging_mixin.py:137} INFO - [2023-05-01T23:51:29.606+0000] {dag.py:2705} INFO - Sync 1 DAGs
[2023-05-01T23:51:29.826+0000] {logging_mixin.py:137} INFO - [2023-05-01T23:51:29.825+0000] {dag.py:3456} INFO - Setting next_dagrun for tutorial_dag to None, run_after=None
[2023-05-01T23:51:29.953+0000] {processor.py:175} INFO - Processing /home/airflow/.local/lib/python3.7/site-packages/airflow/example_dags/tutorial_dag.py took 0.729 seconds
[2023-05-01T23:52:00.741+0000] {processor.py:153} INFO - Started process (PID=418) to work on /home/airflow/.local/lib/python3.7/site-packages/airflow/example_dags/tutorial_dag.py
[2023-05-01T23:52:00.746+0000] {processor.py:743} INFO - Processing file /home/airflow/.local/lib/python3.7/site-packages/airflow/example_dags/tutorial_dag.py for tasks to queue
[2023-05-01T23:52:00.753+0000] {logging_mixin.py:137} INFO - [2023-05-01T23:52:00.752+0000] {dagbag.py:532} INFO - Filling up the DagBag from /home/airflow/.local/lib/python3.7/site-packages/airflow/example_dags/tutorial_dag.py
[2023-05-01T23:52:00.838+0000] {processor.py:753} INFO - DAG(s) dict_keys(['tutorial_dag']) retrieved from /home/airflow/.local/lib/python3.7/site-packages/airflow/example_dags/tutorial_dag.py
[2023-05-01T23:52:00.975+0000] {logging_mixin.py:137} INFO - [2023-05-01T23:52:00.973+0000] {dag.py:2705} INFO - Sync 1 DAGs
[2023-05-01T23:52:01.184+0000] {logging_mixin.py:137} INFO - [2023-05-01T23:52:01.183+0000] {dag.py:3456} INFO - Setting next_dagrun for tutorial_dag to None, run_after=None
[2023-05-01T23:52:01.404+0000] {processor.py:175} INFO - Processing /home/airflow/.local/lib/python3.7/site-packages/airflow/example_dags/tutorial_dag.py took 0.675 seconds
[2023-05-01T23:52:35.568+0000] {processor.py:153} INFO - Started process (PID=511) to work on /home/airflow/.local/lib/python3.7/site-packages/airflow/example_dags/tutorial_dag.py
[2023-05-01T23:52:35.572+0000] {processor.py:743} INFO - Processing file /home/airflow/.local/lib/python3.7/site-packages/airflow/example_dags/tutorial_dag.py for tasks to queue
[2023-05-01T23:52:35.579+0000] {logging_mixin.py:137} INFO - [2023-05-01T23:52:35.577+0000] {dagbag.py:532} INFO - Filling up the DagBag from /home/airflow/.local/lib/python3.7/site-packages/airflow/example_dags/tutorial_dag.py
[2023-05-01T23:52:35.653+0000] {processor.py:753} INFO - DAG(s) dict_keys(['tutorial_dag']) retrieved from /home/airflow/.local/lib/python3.7/site-packages/airflow/example_dags/tutorial_dag.py
[2023-05-01T23:52:35.795+0000] {logging_mixin.py:137} INFO - [2023-05-01T23:52:35.794+0000] {dag.py:2705} INFO - Sync 1 DAGs
[2023-05-01T23:52:35.966+0000] {logging_mixin.py:137} INFO - [2023-05-01T23:52:35.965+0000] {dag.py:3456} INFO - Setting next_dagrun for tutorial_dag to None, run_after=None
[2023-05-01T23:52:36.063+0000] {processor.py:175} INFO - Processing /home/airflow/.local/lib/python3.7/site-packages/airflow/example_dags/tutorial_dag.py took 0.509 seconds
[2023-05-01T23:53:07.640+0000] {processor.py:153} INFO - Started process (PID=607) to work on /home/airflow/.local/lib/python3.7/site-packages/airflow/example_dags/tutorial_dag.py
[2023-05-01T23:53:07.652+0000] {processor.py:743} INFO - Processing file /home/airflow/.local/lib/python3.7/site-packages/airflow/example_dags/tutorial_dag.py for tasks to queue
[2023-05-01T23:53:07.659+0000] {logging_mixin.py:137} INFO - [2023-05-01T23:53:07.658+0000] {dagbag.py:532} INFO - Filling up the DagBag from /home/airflow/.local/lib/python3.7/site-packages/airflow/example_dags/tutorial_dag.py
[2023-05-01T23:53:07.740+0000] {processor.py:753} INFO - DAG(s) dict_keys(['tutorial_dag']) retrieved from /home/airflow/.local/lib/python3.7/site-packages/airflow/example_dags/tutorial_dag.py
[2023-05-01T23:53:07.845+0000] {logging_mixin.py:137} INFO - [2023-05-01T23:53:07.845+0000] {dag.py:2705} INFO - Sync 1 DAGs
[2023-05-01T23:53:07.995+0000] {logging_mixin.py:137} INFO - [2023-05-01T23:53:07.994+0000] {dag.py:3456} INFO - Setting next_dagrun for tutorial_dag to None, run_after=None
[2023-05-01T23:53:08.190+0000] {processor.py:175} INFO - Processing /home/airflow/.local/lib/python3.7/site-packages/airflow/example_dags/tutorial_dag.py took 0.572 seconds
[2023-05-01T23:53:39.569+0000] {processor.py:153} INFO - Started process (PID=703) to work on /home/airflow/.local/lib/python3.7/site-packages/airflow/example_dags/tutorial_dag.py
[2023-05-01T23:53:39.573+0000] {processor.py:743} INFO - Processing file /home/airflow/.local/lib/python3.7/site-packages/airflow/example_dags/tutorial_dag.py for tasks to queue
[2023-05-01T23:53:39.578+0000] {logging_mixin.py:137} INFO - [2023-05-01T23:53:39.576+0000] {dagbag.py:532} INFO - Filling up the DagBag from /home/airflow/.local/lib/python3.7/site-packages/airflow/example_dags/tutorial_dag.py
[2023-05-01T23:53:39.657+0000] {processor.py:753} INFO - DAG(s) dict_keys(['tutorial_dag']) retrieved from /home/airflow/.local/lib/python3.7/site-packages/airflow/example_dags/tutorial_dag.py
[2023-05-01T23:53:39.785+0000] {logging_mixin.py:137} INFO - [2023-05-01T23:53:39.784+0000] {dag.py:2705} INFO - Sync 1 DAGs
[2023-05-01T23:53:39.948+0000] {logging_mixin.py:137} INFO - [2023-05-01T23:53:39.947+0000] {dag.py:3456} INFO - Setting next_dagrun for tutorial_dag to None, run_after=None
[2023-05-01T23:53:40.094+0000] {processor.py:175} INFO - Processing /home/airflow/.local/lib/python3.7/site-packages/airflow/example_dags/tutorial_dag.py took 0.545 seconds
[2023-05-01T23:54:10.222+0000] {processor.py:153} INFO - Started process (PID=799) to work on /home/airflow/.local/lib/python3.7/site-packages/airflow/example_dags/tutorial_dag.py
[2023-05-01T23:54:10.225+0000] {processor.py:743} INFO - Processing file /home/airflow/.local/lib/python3.7/site-packages/airflow/example_dags/tutorial_dag.py for tasks to queue
[2023-05-01T23:54:10.228+0000] {logging_mixin.py:137} INFO - [2023-05-01T23:54:10.227+0000] {dagbag.py:532} INFO - Filling up the DagBag from /home/airflow/.local/lib/python3.7/site-packages/airflow/example_dags/tutorial_dag.py
[2023-05-01T23:54:10.285+0000] {processor.py:753} INFO - DAG(s) dict_keys(['tutorial_dag']) retrieved from /home/airflow/.local/lib/python3.7/site-packages/airflow/example_dags/tutorial_dag.py
[2023-05-01T23:54:10.397+0000] {logging_mixin.py:137} INFO - [2023-05-01T23:54:10.396+0000] {dag.py:2705} INFO - Sync 1 DAGs
[2023-05-01T23:54:10.571+0000] {logging_mixin.py:137} INFO - [2023-05-01T23:54:10.570+0000] {dag.py:3456} INFO - Setting next_dagrun for tutorial_dag to None, run_after=None
[2023-05-01T23:54:10.643+0000] {processor.py:175} INFO - Processing /home/airflow/.local/lib/python3.7/site-packages/airflow/example_dags/tutorial_dag.py took 0.434 seconds
[2023-05-01T23:54:41.126+0000] {processor.py:153} INFO - Started process (PID=896) to work on /home/airflow/.local/lib/python3.7/site-packages/airflow/example_dags/tutorial_dag.py
[2023-05-01T23:54:41.129+0000] {processor.py:743} INFO - Processing file /home/airflow/.local/lib/python3.7/site-packages/airflow/example_dags/tutorial_dag.py for tasks to queue
[2023-05-01T23:54:41.132+0000] {logging_mixin.py:137} INFO - [2023-05-01T23:54:41.131+0000] {dagbag.py:532} INFO - Filling up the DagBag from /home/airflow/.local/lib/python3.7/site-packages/airflow/example_dags/tutorial_dag.py
[2023-05-01T23:54:41.186+0000] {processor.py:753} INFO - DAG(s) dict_keys(['tutorial_dag']) retrieved from /home/airflow/.local/lib/python3.7/site-packages/airflow/example_dags/tutorial_dag.py
[2023-05-01T23:54:41.281+0000] {logging_mixin.py:137} INFO - [2023-05-01T23:54:41.280+0000] {dag.py:2705} INFO - Sync 1 DAGs
[2023-05-01T23:54:41.406+0000] {logging_mixin.py:137} INFO - [2023-05-01T23:54:41.405+0000] {dag.py:3456} INFO - Setting next_dagrun for tutorial_dag to None, run_after=None
[2023-05-01T23:54:41.481+0000] {processor.py:175} INFO - Processing /home/airflow/.local/lib/python3.7/site-packages/airflow/example_dags/tutorial_dag.py took 0.364 seconds
[2023-05-01T23:55:13.185+0000] {processor.py:153} INFO - Started process (PID=966) to work on /home/airflow/.local/lib/python3.7/site-packages/airflow/example_dags/tutorial_dag.py
[2023-05-01T23:55:13.188+0000] {processor.py:743} INFO - Processing file /home/airflow/.local/lib/python3.7/site-packages/airflow/example_dags/tutorial_dag.py for tasks to queue
[2023-05-01T23:55:13.192+0000] {logging_mixin.py:137} INFO - [2023-05-01T23:55:13.191+0000] {dagbag.py:532} INFO - Filling up the DagBag from /home/airflow/.local/lib/python3.7/site-packages/airflow/example_dags/tutorial_dag.py
[2023-05-01T23:55:13.249+0000] {processor.py:753} INFO - DAG(s) dict_keys(['tutorial_dag']) retrieved from /home/airflow/.local/lib/python3.7/site-packages/airflow/example_dags/tutorial_dag.py
[2023-05-01T23:55:13.357+0000] {logging_mixin.py:137} INFO - [2023-05-01T23:55:13.356+0000] {dag.py:2705} INFO - Sync 1 DAGs
[2023-05-01T23:55:13.508+0000] {logging_mixin.py:137} INFO - [2023-05-01T23:55:13.507+0000] {dag.py:3456} INFO - Setting next_dagrun for tutorial_dag to None, run_after=None
[2023-05-01T23:55:13.611+0000] {processor.py:175} INFO - Processing /home/airflow/.local/lib/python3.7/site-packages/airflow/example_dags/tutorial_dag.py took 0.436 seconds
[2023-05-01T23:55:49.223+0000] {processor.py:153} INFO - Started process (PID=1063) to work on /home/airflow/.local/lib/python3.7/site-packages/airflow/example_dags/tutorial_dag.py
[2023-05-01T23:55:49.228+0000] {processor.py:743} INFO - Processing file /home/airflow/.local/lib/python3.7/site-packages/airflow/example_dags/tutorial_dag.py for tasks to queue
[2023-05-01T23:55:49.234+0000] {logging_mixin.py:137} INFO - [2023-05-01T23:55:49.233+0000] {dagbag.py:532} INFO - Filling up the DagBag from /home/airflow/.local/lib/python3.7/site-packages/airflow/example_dags/tutorial_dag.py
[2023-05-01T23:55:49.312+0000] {processor.py:753} INFO - DAG(s) dict_keys(['tutorial_dag']) retrieved from /home/airflow/.local/lib/python3.7/site-packages/airflow/example_dags/tutorial_dag.py
[2023-05-01T23:55:49.534+0000] {logging_mixin.py:137} INFO - [2023-05-01T23:55:49.533+0000] {dag.py:2705} INFO - Sync 1 DAGs
[2023-05-01T23:55:49.732+0000] {logging_mixin.py:137} INFO - [2023-05-01T23:55:49.731+0000] {dag.py:3456} INFO - Setting next_dagrun for tutorial_dag to None, run_after=None
[2023-05-01T23:55:49.852+0000] {processor.py:175} INFO - Processing /home/airflow/.local/lib/python3.7/site-packages/airflow/example_dags/tutorial_dag.py took 0.649 seconds
[2023-05-01T23:56:21.432+0000] {processor.py:153} INFO - Started process (PID=1159) to work on /home/airflow/.local/lib/python3.7/site-packages/airflow/example_dags/tutorial_dag.py
[2023-05-01T23:56:21.449+0000] {processor.py:743} INFO - Processing file /home/airflow/.local/lib/python3.7/site-packages/airflow/example_dags/tutorial_dag.py for tasks to queue
[2023-05-01T23:56:21.463+0000] {logging_mixin.py:137} INFO - [2023-05-01T23:56:21.462+0000] {dagbag.py:532} INFO - Filling up the DagBag from /home/airflow/.local/lib/python3.7/site-packages/airflow/example_dags/tutorial_dag.py
[2023-05-01T23:56:21.685+0000] {processor.py:753} INFO - DAG(s) dict_keys(['tutorial_dag']) retrieved from /home/airflow/.local/lib/python3.7/site-packages/airflow/example_dags/tutorial_dag.py
[2023-05-01T23:56:22.069+0000] {logging_mixin.py:137} INFO - [2023-05-01T23:56:22.067+0000] {dag.py:2705} INFO - Sync 1 DAGs
[2023-05-01T23:56:22.378+0000] {logging_mixin.py:137} INFO - [2023-05-01T23:56:22.375+0000] {dag.py:3456} INFO - Setting next_dagrun for tutorial_dag to None, run_after=None
[2023-05-01T23:56:22.638+0000] {processor.py:175} INFO - Processing /home/airflow/.local/lib/python3.7/site-packages/airflow/example_dags/tutorial_dag.py took 1.255 seconds
[2023-05-01T23:56:53.343+0000] {processor.py:153} INFO - Started process (PID=1252) to work on /home/airflow/.local/lib/python3.7/site-packages/airflow/example_dags/tutorial_dag.py
[2023-05-01T23:56:53.349+0000] {processor.py:743} INFO - Processing file /home/airflow/.local/lib/python3.7/site-packages/airflow/example_dags/tutorial_dag.py for tasks to queue
[2023-05-01T23:56:53.353+0000] {logging_mixin.py:137} INFO - [2023-05-01T23:56:53.352+0000] {dagbag.py:532} INFO - Filling up the DagBag from /home/airflow/.local/lib/python3.7/site-packages/airflow/example_dags/tutorial_dag.py
[2023-05-01T23:56:53.429+0000] {processor.py:753} INFO - DAG(s) dict_keys(['tutorial_dag']) retrieved from /home/airflow/.local/lib/python3.7/site-packages/airflow/example_dags/tutorial_dag.py
[2023-05-01T23:56:53.559+0000] {logging_mixin.py:137} INFO - [2023-05-01T23:56:53.558+0000] {dag.py:2705} INFO - Sync 1 DAGs
[2023-05-01T23:56:53.700+0000] {logging_mixin.py:137} INFO - [2023-05-01T23:56:53.699+0000] {dag.py:3456} INFO - Setting next_dagrun for tutorial_dag to None, run_after=None
[2023-05-01T23:56:53.773+0000] {processor.py:175} INFO - Processing /home/airflow/.local/lib/python3.7/site-packages/airflow/example_dags/tutorial_dag.py took 0.445 seconds
[2023-05-01T23:57:23.953+0000] {processor.py:153} INFO - Started process (PID=1348) to work on /home/airflow/.local/lib/python3.7/site-packages/airflow/example_dags/tutorial_dag.py
[2023-05-01T23:57:23.958+0000] {processor.py:743} INFO - Processing file /home/airflow/.local/lib/python3.7/site-packages/airflow/example_dags/tutorial_dag.py for tasks to queue
[2023-05-01T23:57:23.962+0000] {logging_mixin.py:137} INFO - [2023-05-01T23:57:23.961+0000] {dagbag.py:532} INFO - Filling up the DagBag from /home/airflow/.local/lib/python3.7/site-packages/airflow/example_dags/tutorial_dag.py
[2023-05-01T23:57:24.011+0000] {processor.py:753} INFO - DAG(s) dict_keys(['tutorial_dag']) retrieved from /home/airflow/.local/lib/python3.7/site-packages/airflow/example_dags/tutorial_dag.py
[2023-05-01T23:57:24.100+0000] {logging_mixin.py:137} INFO - [2023-05-01T23:57:24.099+0000] {dag.py:2705} INFO - Sync 1 DAGs
[2023-05-01T23:57:24.235+0000] {logging_mixin.py:137} INFO - [2023-05-01T23:57:24.234+0000] {dag.py:3456} INFO - Setting next_dagrun for tutorial_dag to None, run_after=None
[2023-05-01T23:57:24.308+0000] {processor.py:175} INFO - Processing /home/airflow/.local/lib/python3.7/site-packages/airflow/example_dags/tutorial_dag.py took 0.365 seconds
[2023-05-01T23:57:54.625+0000] {processor.py:153} INFO - Started process (PID=1444) to work on /home/airflow/.local/lib/python3.7/site-packages/airflow/example_dags/tutorial_dag.py
[2023-05-01T23:57:54.633+0000] {processor.py:743} INFO - Processing file /home/airflow/.local/lib/python3.7/site-packages/airflow/example_dags/tutorial_dag.py for tasks to queue
[2023-05-01T23:57:54.638+0000] {logging_mixin.py:137} INFO - [2023-05-01T23:57:54.637+0000] {dagbag.py:532} INFO - Filling up the DagBag from /home/airflow/.local/lib/python3.7/site-packages/airflow/example_dags/tutorial_dag.py
[2023-05-01T23:57:54.712+0000] {processor.py:753} INFO - DAG(s) dict_keys(['tutorial_dag']) retrieved from /home/airflow/.local/lib/python3.7/site-packages/airflow/example_dags/tutorial_dag.py
[2023-05-01T23:57:54.832+0000] {logging_mixin.py:137} INFO - [2023-05-01T23:57:54.832+0000] {dag.py:2705} INFO - Sync 1 DAGs
[2023-05-01T23:57:55.022+0000] {logging_mixin.py:137} INFO - [2023-05-01T23:57:55.021+0000] {dag.py:3456} INFO - Setting next_dagrun for tutorial_dag to None, run_after=None
[2023-05-01T23:57:55.259+0000] {processor.py:175} INFO - Processing /home/airflow/.local/lib/python3.7/site-packages/airflow/example_dags/tutorial_dag.py took 0.647 seconds
[2023-05-01T23:58:25.940+0000] {processor.py:153} INFO - Started process (PID=1540) to work on /home/airflow/.local/lib/python3.7/site-packages/airflow/example_dags/tutorial_dag.py
[2023-05-01T23:58:25.949+0000] {processor.py:743} INFO - Processing file /home/airflow/.local/lib/python3.7/site-packages/airflow/example_dags/tutorial_dag.py for tasks to queue
[2023-05-01T23:58:25.955+0000] {logging_mixin.py:137} INFO - [2023-05-01T23:58:25.954+0000] {dagbag.py:532} INFO - Filling up the DagBag from /home/airflow/.local/lib/python3.7/site-packages/airflow/example_dags/tutorial_dag.py
[2023-05-01T23:58:26.034+0000] {processor.py:753} INFO - DAG(s) dict_keys(['tutorial_dag']) retrieved from /home/airflow/.local/lib/python3.7/site-packages/airflow/example_dags/tutorial_dag.py
[2023-05-01T23:58:26.165+0000] {logging_mixin.py:137} INFO - [2023-05-01T23:58:26.164+0000] {dag.py:2705} INFO - Sync 1 DAGs
[2023-05-01T23:58:26.333+0000] {logging_mixin.py:137} INFO - [2023-05-01T23:58:26.332+0000] {dag.py:3456} INFO - Setting next_dagrun for tutorial_dag to None, run_after=None
[2023-05-01T23:58:26.442+0000] {processor.py:175} INFO - Processing /home/airflow/.local/lib/python3.7/site-packages/airflow/example_dags/tutorial_dag.py took 0.524 seconds
[2023-05-01T23:58:56.820+0000] {processor.py:153} INFO - Started process (PID=1635) to work on /home/airflow/.local/lib/python3.7/site-packages/airflow/example_dags/tutorial_dag.py
[2023-05-01T23:58:56.830+0000] {processor.py:743} INFO - Processing file /home/airflow/.local/lib/python3.7/site-packages/airflow/example_dags/tutorial_dag.py for tasks to queue
[2023-05-01T23:58:56.835+0000] {logging_mixin.py:137} INFO - [2023-05-01T23:58:56.834+0000] {dagbag.py:532} INFO - Filling up the DagBag from /home/airflow/.local/lib/python3.7/site-packages/airflow/example_dags/tutorial_dag.py
[2023-05-01T23:58:56.942+0000] {processor.py:753} INFO - DAG(s) dict_keys(['tutorial_dag']) retrieved from /home/airflow/.local/lib/python3.7/site-packages/airflow/example_dags/tutorial_dag.py
[2023-05-01T23:58:57.161+0000] {logging_mixin.py:137} INFO - [2023-05-01T23:58:57.160+0000] {dag.py:2705} INFO - Sync 1 DAGs
[2023-05-01T23:58:57.364+0000] {logging_mixin.py:137} INFO - [2023-05-01T23:58:57.363+0000] {dag.py:3456} INFO - Setting next_dagrun for tutorial_dag to None, run_after=None
[2023-05-01T23:58:57.460+0000] {processor.py:175} INFO - Processing /home/airflow/.local/lib/python3.7/site-packages/airflow/example_dags/tutorial_dag.py took 0.657 seconds
[2023-05-01T23:59:32.630+0000] {processor.py:153} INFO - Started process (PID=1735) to work on /home/airflow/.local/lib/python3.7/site-packages/airflow/example_dags/tutorial_dag.py
[2023-05-01T23:59:32.657+0000] {processor.py:743} INFO - Processing file /home/airflow/.local/lib/python3.7/site-packages/airflow/example_dags/tutorial_dag.py for tasks to queue
[2023-05-01T23:59:32.680+0000] {logging_mixin.py:137} INFO - [2023-05-01T23:59:32.679+0000] {dagbag.py:532} INFO - Filling up the DagBag from /home/airflow/.local/lib/python3.7/site-packages/airflow/example_dags/tutorial_dag.py
[2023-05-01T23:59:32.817+0000] {processor.py:753} INFO - DAG(s) dict_keys(['tutorial_dag']) retrieved from /home/airflow/.local/lib/python3.7/site-packages/airflow/example_dags/tutorial_dag.py
[2023-05-01T23:59:33.183+0000] {logging_mixin.py:137} INFO - [2023-05-01T23:59:33.179+0000] {dag.py:2705} INFO - Sync 1 DAGs
[2023-05-01T23:59:33.456+0000] {logging_mixin.py:137} INFO - [2023-05-01T23:59:33.454+0000] {dag.py:3456} INFO - Setting next_dagrun for tutorial_dag to None, run_after=None
[2023-05-01T23:59:33.669+0000] {processor.py:175} INFO - Processing /home/airflow/.local/lib/python3.7/site-packages/airflow/example_dags/tutorial_dag.py took 1.069 seconds
