[2023-05-01T23:49:53.603+0000] {processor.py:153} INFO - Started process (PID=144) to work on /home/airflow/.local/lib/python3.7/site-packages/airflow/example_dags/tutorial.py
[2023-05-01T23:49:53.615+0000] {processor.py:743} INFO - Processing file /home/airflow/.local/lib/python3.7/site-packages/airflow/example_dags/tutorial.py for tasks to queue
[2023-05-01T23:49:53.639+0000] {logging_mixin.py:137} INFO - [2023-05-01T23:49:53.627+0000] {dagbag.py:532} INFO - Filling up the DagBag from /home/airflow/.local/lib/python3.7/site-packages/airflow/example_dags/tutorial.py
[2023-05-01T23:49:53.957+0000] {processor.py:753} INFO - DAG(s) dict_keys(['tutorial']) retrieved from /home/airflow/.local/lib/python3.7/site-packages/airflow/example_dags/tutorial.py
[2023-05-01T23:49:54.375+0000] {logging_mixin.py:137} INFO - [2023-05-01T23:49:54.374+0000] {dag.py:2705} INFO - Sync 1 DAGs
[2023-05-01T23:49:54.951+0000] {logging_mixin.py:137} INFO - [2023-05-01T23:49:54.942+0000] {dag.py:3456} INFO - Setting next_dagrun for tutorial to 2023-04-30T23:49:54.940665+00:00, run_after=2023-05-01T23:49:54.940665+00:00
[2023-05-01T23:49:55.329+0000] {processor.py:175} INFO - Processing /home/airflow/.local/lib/python3.7/site-packages/airflow/example_dags/tutorial.py took 1.766 seconds
[2023-05-01T23:50:56.559+0000] {processor.py:153} INFO - Started process (PID=248) to work on /home/airflow/.local/lib/python3.7/site-packages/airflow/example_dags/tutorial.py
[2023-05-01T23:50:56.565+0000] {processor.py:743} INFO - Processing file /home/airflow/.local/lib/python3.7/site-packages/airflow/example_dags/tutorial.py for tasks to queue
[2023-05-01T23:50:56.572+0000] {logging_mixin.py:137} INFO - [2023-05-01T23:50:56.571+0000] {dagbag.py:532} INFO - Filling up the DagBag from /home/airflow/.local/lib/python3.7/site-packages/airflow/example_dags/tutorial.py
[2023-05-01T23:50:56.732+0000] {processor.py:753} INFO - DAG(s) dict_keys(['tutorial']) retrieved from /home/airflow/.local/lib/python3.7/site-packages/airflow/example_dags/tutorial.py
[2023-05-01T23:50:57.004+0000] {logging_mixin.py:137} INFO - [2023-05-01T23:50:56.995+0000] {dag.py:2705} INFO - Sync 1 DAGs
[2023-05-01T23:50:57.754+0000] {logging_mixin.py:137} INFO - [2023-05-01T23:50:57.745+0000] {dag.py:3456} INFO - Setting next_dagrun for tutorial to 2023-04-30T23:50:57.732546+00:00, run_after=2023-05-01T23:50:57.732546+00:00
[2023-05-01T23:50:58.119+0000] {processor.py:175} INFO - Processing /home/airflow/.local/lib/python3.7/site-packages/airflow/example_dags/tutorial.py took 1.607 seconds
[2023-05-01T23:51:35.308+0000] {processor.py:153} INFO - Started process (PID=344) to work on /home/airflow/.local/lib/python3.7/site-packages/airflow/example_dags/tutorial.py
[2023-05-01T23:51:35.323+0000] {processor.py:743} INFO - Processing file /home/airflow/.local/lib/python3.7/site-packages/airflow/example_dags/tutorial.py for tasks to queue
[2023-05-01T23:51:35.333+0000] {logging_mixin.py:137} INFO - [2023-05-01T23:51:35.332+0000] {dagbag.py:532} INFO - Filling up the DagBag from /home/airflow/.local/lib/python3.7/site-packages/airflow/example_dags/tutorial.py
[2023-05-01T23:51:35.763+0000] {processor.py:753} INFO - DAG(s) dict_keys(['tutorial']) retrieved from /home/airflow/.local/lib/python3.7/site-packages/airflow/example_dags/tutorial.py
[2023-05-01T23:51:36.687+0000] {logging_mixin.py:137} INFO - [2023-05-01T23:51:36.685+0000] {dag.py:2705} INFO - Sync 1 DAGs
[2023-05-01T23:51:37.697+0000] {logging_mixin.py:137} INFO - [2023-05-01T23:51:37.691+0000] {dag.py:3456} INFO - Setting next_dagrun for tutorial to 2023-04-30T23:51:37.677704+00:00, run_after=2023-05-01T23:51:37.677704+00:00
[2023-05-01T23:51:38.170+0000] {processor.py:175} INFO - Processing /home/airflow/.local/lib/python3.7/site-packages/airflow/example_dags/tutorial.py took 2.902 seconds
[2023-05-01T23:52:10.396+0000] {processor.py:153} INFO - Started process (PID=440) to work on /home/airflow/.local/lib/python3.7/site-packages/airflow/example_dags/tutorial.py
[2023-05-01T23:52:10.406+0000] {processor.py:743} INFO - Processing file /home/airflow/.local/lib/python3.7/site-packages/airflow/example_dags/tutorial.py for tasks to queue
[2023-05-01T23:52:10.421+0000] {logging_mixin.py:137} INFO - [2023-05-01T23:52:10.420+0000] {dagbag.py:532} INFO - Filling up the DagBag from /home/airflow/.local/lib/python3.7/site-packages/airflow/example_dags/tutorial.py
[2023-05-01T23:52:10.501+0000] {processor.py:753} INFO - DAG(s) dict_keys(['tutorial']) retrieved from /home/airflow/.local/lib/python3.7/site-packages/airflow/example_dags/tutorial.py
[2023-05-01T23:52:10.705+0000] {logging_mixin.py:137} INFO - [2023-05-01T23:52:10.704+0000] {dag.py:2705} INFO - Sync 1 DAGs
[2023-05-01T23:52:10.959+0000] {logging_mixin.py:137} INFO - [2023-05-01T23:52:10.958+0000] {dag.py:3456} INFO - Setting next_dagrun for tutorial to 2023-04-30T23:52:10.956366+00:00, run_after=2023-05-01T23:52:10.956366+00:00
[2023-05-01T23:52:11.065+0000] {processor.py:175} INFO - Processing /home/airflow/.local/lib/python3.7/site-packages/airflow/example_dags/tutorial.py took 0.690 seconds
[2023-05-01T23:52:44.226+0000] {processor.py:153} INFO - Started process (PID=535) to work on /home/airflow/.local/lib/python3.7/site-packages/airflow/example_dags/tutorial.py
[2023-05-01T23:52:44.231+0000] {processor.py:743} INFO - Processing file /home/airflow/.local/lib/python3.7/site-packages/airflow/example_dags/tutorial.py for tasks to queue
[2023-05-01T23:52:44.238+0000] {logging_mixin.py:137} INFO - [2023-05-01T23:52:44.237+0000] {dagbag.py:532} INFO - Filling up the DagBag from /home/airflow/.local/lib/python3.7/site-packages/airflow/example_dags/tutorial.py
[2023-05-01T23:52:44.362+0000] {processor.py:753} INFO - DAG(s) dict_keys(['tutorial']) retrieved from /home/airflow/.local/lib/python3.7/site-packages/airflow/example_dags/tutorial.py
[2023-05-01T23:52:44.562+0000] {logging_mixin.py:137} INFO - [2023-05-01T23:52:44.561+0000] {dag.py:2705} INFO - Sync 1 DAGs
[2023-05-01T23:52:44.731+0000] {logging_mixin.py:137} INFO - [2023-05-01T23:52:44.730+0000] {dag.py:3456} INFO - Setting next_dagrun for tutorial to 2023-04-30T23:52:44.728465+00:00, run_after=2023-05-01T23:52:44.728465+00:00
[2023-05-01T23:52:44.822+0000] {processor.py:175} INFO - Processing /home/airflow/.local/lib/python3.7/site-packages/airflow/example_dags/tutorial.py took 0.612 seconds
[2023-05-01T23:53:18.062+0000] {processor.py:153} INFO - Started process (PID=631) to work on /home/airflow/.local/lib/python3.7/site-packages/airflow/example_dags/tutorial.py
[2023-05-01T23:53:18.073+0000] {processor.py:743} INFO - Processing file /home/airflow/.local/lib/python3.7/site-packages/airflow/example_dags/tutorial.py for tasks to queue
[2023-05-01T23:53:18.077+0000] {logging_mixin.py:137} INFO - [2023-05-01T23:53:18.076+0000] {dagbag.py:532} INFO - Filling up the DagBag from /home/airflow/.local/lib/python3.7/site-packages/airflow/example_dags/tutorial.py
[2023-05-01T23:53:18.172+0000] {processor.py:753} INFO - DAG(s) dict_keys(['tutorial']) retrieved from /home/airflow/.local/lib/python3.7/site-packages/airflow/example_dags/tutorial.py
[2023-05-01T23:53:18.339+0000] {logging_mixin.py:137} INFO - [2023-05-01T23:53:18.337+0000] {dag.py:2705} INFO - Sync 1 DAGs
[2023-05-01T23:53:18.530+0000] {logging_mixin.py:137} INFO - [2023-05-01T23:53:18.529+0000] {dag.py:3456} INFO - Setting next_dagrun for tutorial to 2023-04-30T23:53:18.526113+00:00, run_after=2023-05-01T23:53:18.526113+00:00
[2023-05-01T23:53:18.918+0000] {processor.py:175} INFO - Processing /home/airflow/.local/lib/python3.7/site-packages/airflow/example_dags/tutorial.py took 0.866 seconds
[2023-05-01T23:53:53.532+0000] {processor.py:153} INFO - Started process (PID=727) to work on /home/airflow/.local/lib/python3.7/site-packages/airflow/example_dags/tutorial.py
[2023-05-01T23:53:53.564+0000] {processor.py:743} INFO - Processing file /home/airflow/.local/lib/python3.7/site-packages/airflow/example_dags/tutorial.py for tasks to queue
[2023-05-01T23:53:53.587+0000] {logging_mixin.py:137} INFO - [2023-05-01T23:53:53.581+0000] {dagbag.py:532} INFO - Filling up the DagBag from /home/airflow/.local/lib/python3.7/site-packages/airflow/example_dags/tutorial.py
[2023-05-01T23:53:54.219+0000] {processor.py:753} INFO - DAG(s) dict_keys(['tutorial']) retrieved from /home/airflow/.local/lib/python3.7/site-packages/airflow/example_dags/tutorial.py
[2023-05-01T23:53:54.633+0000] {logging_mixin.py:137} INFO - [2023-05-01T23:53:54.632+0000] {dag.py:2705} INFO - Sync 1 DAGs
[2023-05-01T23:53:54.830+0000] {logging_mixin.py:137} INFO - [2023-05-01T23:53:54.829+0000] {dag.py:3456} INFO - Setting next_dagrun for tutorial to 2023-04-30T23:53:54.826488+00:00, run_after=2023-05-01T23:53:54.826488+00:00
[2023-05-01T23:53:54.939+0000] {processor.py:175} INFO - Processing /home/airflow/.local/lib/python3.7/site-packages/airflow/example_dags/tutorial.py took 1.509 seconds
[2023-05-01T23:54:25.710+0000] {processor.py:153} INFO - Started process (PID=828) to work on /home/airflow/.local/lib/python3.7/site-packages/airflow/example_dags/tutorial.py
[2023-05-01T23:54:25.733+0000] {processor.py:743} INFO - Processing file /home/airflow/.local/lib/python3.7/site-packages/airflow/example_dags/tutorial.py for tasks to queue
[2023-05-01T23:54:25.766+0000] {logging_mixin.py:137} INFO - [2023-05-01T23:54:25.765+0000] {dagbag.py:532} INFO - Filling up the DagBag from /home/airflow/.local/lib/python3.7/site-packages/airflow/example_dags/tutorial.py
[2023-05-01T23:54:26.056+0000] {processor.py:753} INFO - DAG(s) dict_keys(['tutorial']) retrieved from /home/airflow/.local/lib/python3.7/site-packages/airflow/example_dags/tutorial.py
[2023-05-01T23:54:26.455+0000] {logging_mixin.py:137} INFO - [2023-05-01T23:54:26.454+0000] {dag.py:2705} INFO - Sync 1 DAGs
[2023-05-01T23:54:26.918+0000] {logging_mixin.py:137} INFO - [2023-05-01T23:54:26.916+0000] {dag.py:3456} INFO - Setting next_dagrun for tutorial to 2023-04-30T23:54:26.913285+00:00, run_after=2023-05-01T23:54:26.913285+00:00
[2023-05-01T23:54:27.060+0000] {processor.py:175} INFO - Processing /home/airflow/.local/lib/python3.7/site-packages/airflow/example_dags/tutorial.py took 1.377 seconds
[2023-05-01T23:54:57.209+0000] {processor.py:153} INFO - Started process (PID=922) to work on /home/airflow/.local/lib/python3.7/site-packages/airflow/example_dags/tutorial.py
[2023-05-01T23:54:57.215+0000] {processor.py:743} INFO - Processing file /home/airflow/.local/lib/python3.7/site-packages/airflow/example_dags/tutorial.py for tasks to queue
[2023-05-01T23:54:57.222+0000] {logging_mixin.py:137} INFO - [2023-05-01T23:54:57.221+0000] {dagbag.py:532} INFO - Filling up the DagBag from /home/airflow/.local/lib/python3.7/site-packages/airflow/example_dags/tutorial.py
[2023-05-01T23:54:57.327+0000] {processor.py:753} INFO - DAG(s) dict_keys(['tutorial']) retrieved from /home/airflow/.local/lib/python3.7/site-packages/airflow/example_dags/tutorial.py
[2023-05-01T23:54:57.478+0000] {logging_mixin.py:137} INFO - [2023-05-01T23:54:57.477+0000] {dag.py:2705} INFO - Sync 1 DAGs
[2023-05-01T23:54:57.650+0000] {logging_mixin.py:137} INFO - [2023-05-01T23:54:57.649+0000] {dag.py:3456} INFO - Setting next_dagrun for tutorial to 2023-04-30T23:54:57.646322+00:00, run_after=2023-05-01T23:54:57.646322+00:00
[2023-05-01T23:54:57.746+0000] {processor.py:175} INFO - Processing /home/airflow/.local/lib/python3.7/site-packages/airflow/example_dags/tutorial.py took 0.554 seconds
[2023-05-01T23:55:28.448+0000] {processor.py:153} INFO - Started process (PID=1019) to work on /home/airflow/.local/lib/python3.7/site-packages/airflow/example_dags/tutorial.py
[2023-05-01T23:55:28.453+0000] {processor.py:743} INFO - Processing file /home/airflow/.local/lib/python3.7/site-packages/airflow/example_dags/tutorial.py for tasks to queue
[2023-05-01T23:55:28.458+0000] {logging_mixin.py:137} INFO - [2023-05-01T23:55:28.457+0000] {dagbag.py:532} INFO - Filling up the DagBag from /home/airflow/.local/lib/python3.7/site-packages/airflow/example_dags/tutorial.py
[2023-05-01T23:55:28.570+0000] {processor.py:753} INFO - DAG(s) dict_keys(['tutorial']) retrieved from /home/airflow/.local/lib/python3.7/site-packages/airflow/example_dags/tutorial.py
[2023-05-01T23:55:28.720+0000] {logging_mixin.py:137} INFO - [2023-05-01T23:55:28.719+0000] {dag.py:2705} INFO - Sync 1 DAGs
[2023-05-01T23:55:28.897+0000] {logging_mixin.py:137} INFO - [2023-05-01T23:55:28.896+0000] {dag.py:3456} INFO - Setting next_dagrun for tutorial to 2023-04-30T23:55:28.894749+00:00, run_after=2023-05-01T23:55:28.894749+00:00
[2023-05-01T23:55:28.985+0000] {processor.py:175} INFO - Processing /home/airflow/.local/lib/python3.7/site-packages/airflow/example_dags/tutorial.py took 0.552 seconds
[2023-05-01T23:55:59.579+0000] {processor.py:153} INFO - Started process (PID=1115) to work on /home/airflow/.local/lib/python3.7/site-packages/airflow/example_dags/tutorial.py
[2023-05-01T23:55:59.583+0000] {processor.py:743} INFO - Processing file /home/airflow/.local/lib/python3.7/site-packages/airflow/example_dags/tutorial.py for tasks to queue
[2023-05-01T23:55:59.587+0000] {logging_mixin.py:137} INFO - [2023-05-01T23:55:59.586+0000] {dagbag.py:532} INFO - Filling up the DagBag from /home/airflow/.local/lib/python3.7/site-packages/airflow/example_dags/tutorial.py
[2023-05-01T23:55:59.651+0000] {processor.py:753} INFO - DAG(s) dict_keys(['tutorial']) retrieved from /home/airflow/.local/lib/python3.7/site-packages/airflow/example_dags/tutorial.py
[2023-05-01T23:55:59.748+0000] {logging_mixin.py:137} INFO - [2023-05-01T23:55:59.747+0000] {dag.py:2705} INFO - Sync 1 DAGs
[2023-05-01T23:55:59.874+0000] {logging_mixin.py:137} INFO - [2023-05-01T23:55:59.874+0000] {dag.py:3456} INFO - Setting next_dagrun for tutorial to 2023-04-30T23:55:59.872632+00:00, run_after=2023-05-01T23:55:59.872632+00:00
[2023-05-01T23:55:59.947+0000] {processor.py:175} INFO - Processing /home/airflow/.local/lib/python3.7/site-packages/airflow/example_dags/tutorial.py took 0.380 seconds
[2023-05-01T23:56:30.887+0000] {processor.py:153} INFO - Started process (PID=1211) to work on /home/airflow/.local/lib/python3.7/site-packages/airflow/example_dags/tutorial.py
[2023-05-01T23:56:30.890+0000] {processor.py:743} INFO - Processing file /home/airflow/.local/lib/python3.7/site-packages/airflow/example_dags/tutorial.py for tasks to queue
[2023-05-01T23:56:30.897+0000] {logging_mixin.py:137} INFO - [2023-05-01T23:56:30.896+0000] {dagbag.py:532} INFO - Filling up the DagBag from /home/airflow/.local/lib/python3.7/site-packages/airflow/example_dags/tutorial.py
[2023-05-01T23:56:30.979+0000] {processor.py:753} INFO - DAG(s) dict_keys(['tutorial']) retrieved from /home/airflow/.local/lib/python3.7/site-packages/airflow/example_dags/tutorial.py
[2023-05-01T23:56:31.088+0000] {logging_mixin.py:137} INFO - [2023-05-01T23:56:31.087+0000] {dag.py:2705} INFO - Sync 1 DAGs
[2023-05-01T23:56:31.240+0000] {logging_mixin.py:137} INFO - [2023-05-01T23:56:31.239+0000] {dag.py:3456} INFO - Setting next_dagrun for tutorial to 2023-04-30T23:56:31.237157+00:00, run_after=2023-05-01T23:56:31.237157+00:00
[2023-05-01T23:56:31.357+0000] {processor.py:175} INFO - Processing /home/airflow/.local/lib/python3.7/site-packages/airflow/example_dags/tutorial.py took 0.484 seconds
[2023-05-01T23:57:04.011+0000] {processor.py:153} INFO - Started process (PID=1297) to work on /home/airflow/.local/lib/python3.7/site-packages/airflow/example_dags/tutorial.py
[2023-05-01T23:57:04.015+0000] {processor.py:743} INFO - Processing file /home/airflow/.local/lib/python3.7/site-packages/airflow/example_dags/tutorial.py for tasks to queue
[2023-05-01T23:57:04.020+0000] {logging_mixin.py:137} INFO - [2023-05-01T23:57:04.020+0000] {dagbag.py:532} INFO - Filling up the DagBag from /home/airflow/.local/lib/python3.7/site-packages/airflow/example_dags/tutorial.py
[2023-05-01T23:57:04.088+0000] {processor.py:753} INFO - DAG(s) dict_keys(['tutorial']) retrieved from /home/airflow/.local/lib/python3.7/site-packages/airflow/example_dags/tutorial.py
[2023-05-01T23:57:04.223+0000] {logging_mixin.py:137} INFO - [2023-05-01T23:57:04.222+0000] {dag.py:2705} INFO - Sync 1 DAGs
[2023-05-01T23:57:04.458+0000] {logging_mixin.py:137} INFO - [2023-05-01T23:57:04.457+0000] {dag.py:3456} INFO - Setting next_dagrun for tutorial to 2023-04-30T23:57:04.455593+00:00, run_after=2023-05-01T23:57:04.455593+00:00
[2023-05-01T23:57:04.603+0000] {processor.py:175} INFO - Processing /home/airflow/.local/lib/python3.7/site-packages/airflow/example_dags/tutorial.py took 0.603 seconds
[2023-05-01T23:57:35.290+0000] {processor.py:153} INFO - Started process (PID=1385) to work on /home/airflow/.local/lib/python3.7/site-packages/airflow/example_dags/tutorial.py
[2023-05-01T23:57:35.297+0000] {processor.py:743} INFO - Processing file /home/airflow/.local/lib/python3.7/site-packages/airflow/example_dags/tutorial.py for tasks to queue
[2023-05-01T23:57:35.307+0000] {logging_mixin.py:137} INFO - [2023-05-01T23:57:35.306+0000] {dagbag.py:532} INFO - Filling up the DagBag from /home/airflow/.local/lib/python3.7/site-packages/airflow/example_dags/tutorial.py
[2023-05-01T23:57:35.505+0000] {processor.py:753} INFO - DAG(s) dict_keys(['tutorial']) retrieved from /home/airflow/.local/lib/python3.7/site-packages/airflow/example_dags/tutorial.py
[2023-05-01T23:57:35.733+0000] {logging_mixin.py:137} INFO - [2023-05-01T23:57:35.732+0000] {dag.py:2705} INFO - Sync 1 DAGs
[2023-05-01T23:57:35.910+0000] {logging_mixin.py:137} INFO - [2023-05-01T23:57:35.909+0000] {dag.py:3456} INFO - Setting next_dagrun for tutorial to 2023-04-30T23:57:35.907490+00:00, run_after=2023-05-01T23:57:35.907490+00:00
[2023-05-01T23:57:36.009+0000] {processor.py:175} INFO - Processing /home/airflow/.local/lib/python3.7/site-packages/airflow/example_dags/tutorial.py took 0.750 seconds
[2023-05-01T23:58:06.362+0000] {processor.py:153} INFO - Started process (PID=1481) to work on /home/airflow/.local/lib/python3.7/site-packages/airflow/example_dags/tutorial.py
[2023-05-01T23:58:06.366+0000] {processor.py:743} INFO - Processing file /home/airflow/.local/lib/python3.7/site-packages/airflow/example_dags/tutorial.py for tasks to queue
[2023-05-01T23:58:06.371+0000] {logging_mixin.py:137} INFO - [2023-05-01T23:58:06.370+0000] {dagbag.py:532} INFO - Filling up the DagBag from /home/airflow/.local/lib/python3.7/site-packages/airflow/example_dags/tutorial.py
[2023-05-01T23:58:06.465+0000] {processor.py:753} INFO - DAG(s) dict_keys(['tutorial']) retrieved from /home/airflow/.local/lib/python3.7/site-packages/airflow/example_dags/tutorial.py
[2023-05-01T23:58:06.602+0000] {logging_mixin.py:137} INFO - [2023-05-01T23:58:06.601+0000] {dag.py:2705} INFO - Sync 1 DAGs
[2023-05-01T23:58:06.770+0000] {logging_mixin.py:137} INFO - [2023-05-01T23:58:06.769+0000] {dag.py:3456} INFO - Setting next_dagrun for tutorial to 2023-04-30T23:58:06.767568+00:00, run_after=2023-05-01T23:58:06.767568+00:00
[2023-05-01T23:58:06.854+0000] {processor.py:175} INFO - Processing /home/airflow/.local/lib/python3.7/site-packages/airflow/example_dags/tutorial.py took 0.504 seconds
[2023-05-01T23:58:47.453+0000] {processor.py:153} INFO - Started process (PID=1576) to work on /home/airflow/.local/lib/python3.7/site-packages/airflow/example_dags/tutorial.py
[2023-05-01T23:58:47.457+0000] {processor.py:743} INFO - Processing file /home/airflow/.local/lib/python3.7/site-packages/airflow/example_dags/tutorial.py for tasks to queue
[2023-05-01T23:58:47.462+0000] {logging_mixin.py:137} INFO - [2023-05-01T23:58:47.461+0000] {dagbag.py:532} INFO - Filling up the DagBag from /home/airflow/.local/lib/python3.7/site-packages/airflow/example_dags/tutorial.py
[2023-05-01T23:58:47.553+0000] {processor.py:753} INFO - DAG(s) dict_keys(['tutorial']) retrieved from /home/airflow/.local/lib/python3.7/site-packages/airflow/example_dags/tutorial.py
[2023-05-01T23:58:47.678+0000] {logging_mixin.py:137} INFO - [2023-05-01T23:58:47.677+0000] {dag.py:2705} INFO - Sync 1 DAGs
[2023-05-01T23:58:47.935+0000] {logging_mixin.py:137} INFO - [2023-05-01T23:58:47.934+0000] {dag.py:3456} INFO - Setting next_dagrun for tutorial to 2023-04-30T23:58:47.930403+00:00, run_after=2023-05-01T23:58:47.930403+00:00
[2023-05-01T23:58:48.068+0000] {processor.py:175} INFO - Processing /home/airflow/.local/lib/python3.7/site-packages/airflow/example_dags/tutorial.py took 0.625 seconds
[2023-05-01T23:59:18.200+0000] {processor.py:153} INFO - Started process (PID=1668) to work on /home/airflow/.local/lib/python3.7/site-packages/airflow/example_dags/tutorial.py
[2023-05-01T23:59:18.204+0000] {processor.py:743} INFO - Processing file /home/airflow/.local/lib/python3.7/site-packages/airflow/example_dags/tutorial.py for tasks to queue
[2023-05-01T23:59:18.209+0000] {logging_mixin.py:137} INFO - [2023-05-01T23:59:18.208+0000] {dagbag.py:532} INFO - Filling up the DagBag from /home/airflow/.local/lib/python3.7/site-packages/airflow/example_dags/tutorial.py
[2023-05-01T23:59:18.279+0000] {processor.py:753} INFO - DAG(s) dict_keys(['tutorial']) retrieved from /home/airflow/.local/lib/python3.7/site-packages/airflow/example_dags/tutorial.py
[2023-05-01T23:59:18.408+0000] {logging_mixin.py:137} INFO - [2023-05-01T23:59:18.407+0000] {dag.py:2705} INFO - Sync 1 DAGs
[2023-05-01T23:59:18.567+0000] {logging_mixin.py:137} INFO - [2023-05-01T23:59:18.567+0000] {dag.py:3456} INFO - Setting next_dagrun for tutorial to 2023-04-30T23:59:18.565621+00:00, run_after=2023-05-01T23:59:18.565621+00:00
[2023-05-01T23:59:18.651+0000] {processor.py:175} INFO - Processing /home/airflow/.local/lib/python3.7/site-packages/airflow/example_dags/tutorial.py took 0.462 seconds
[2023-05-01T23:59:49.893+0000] {processor.py:153} INFO - Started process (PID=1764) to work on /home/airflow/.local/lib/python3.7/site-packages/airflow/example_dags/tutorial.py
[2023-05-01T23:59:49.897+0000] {processor.py:743} INFO - Processing file /home/airflow/.local/lib/python3.7/site-packages/airflow/example_dags/tutorial.py for tasks to queue
[2023-05-01T23:59:49.903+0000] {logging_mixin.py:137} INFO - [2023-05-01T23:59:49.901+0000] {dagbag.py:532} INFO - Filling up the DagBag from /home/airflow/.local/lib/python3.7/site-packages/airflow/example_dags/tutorial.py
[2023-05-01T23:59:49.991+0000] {processor.py:753} INFO - DAG(s) dict_keys(['tutorial']) retrieved from /home/airflow/.local/lib/python3.7/site-packages/airflow/example_dags/tutorial.py
[2023-05-01T23:59:50.130+0000] {logging_mixin.py:137} INFO - [2023-05-01T23:59:50.129+0000] {dag.py:2705} INFO - Sync 1 DAGs
[2023-05-01T23:59:50.311+0000] {logging_mixin.py:137} INFO - [2023-05-01T23:59:50.310+0000] {dag.py:3456} INFO - Setting next_dagrun for tutorial to 2023-04-30T23:59:50.308240+00:00, run_after=2023-05-01T23:59:50.308240+00:00
[2023-05-01T23:59:50.495+0000] {processor.py:175} INFO - Processing /home/airflow/.local/lib/python3.7/site-packages/airflow/example_dags/tutorial.py took 0.618 seconds
