[2023-05-01T23:49:50.038+0000] {processor.py:153} INFO - Started process (PID=136) to work on /home/airflow/.local/lib/python3.7/site-packages/airflow/example_dags/tutorial_taskflow_api.py
[2023-05-01T23:49:50.052+0000] {processor.py:743} INFO - Processing file /home/airflow/.local/lib/python3.7/site-packages/airflow/example_dags/tutorial_taskflow_api.py for tasks to queue
[2023-05-01T23:49:50.057+0000] {logging_mixin.py:137} INFO - [2023-05-01T23:49:50.056+0000] {dagbag.py:532} INFO - Filling up the DagBag from /home/airflow/.local/lib/python3.7/site-packages/airflow/example_dags/tutorial_taskflow_api.py
[2023-05-01T23:49:50.427+0000] {processor.py:753} INFO - DAG(s) dict_keys(['tutorial_taskflow_api']) retrieved from /home/airflow/.local/lib/python3.7/site-packages/airflow/example_dags/tutorial_taskflow_api.py
[2023-05-01T23:49:50.822+0000] {logging_mixin.py:137} INFO - [2023-05-01T23:49:50.820+0000] {dag.py:2705} INFO - Sync 1 DAGs
[2023-05-01T23:49:51.434+0000] {logging_mixin.py:137} INFO - [2023-05-01T23:49:51.432+0000] {dag.py:3456} INFO - Setting next_dagrun for tutorial_taskflow_api to None, run_after=None
[2023-05-01T23:49:51.766+0000] {processor.py:175} INFO - Processing /home/airflow/.local/lib/python3.7/site-packages/airflow/example_dags/tutorial_taskflow_api.py took 1.762 seconds
[2023-05-01T23:50:52.300+0000] {processor.py:153} INFO - Started process (PID=240) to work on /home/airflow/.local/lib/python3.7/site-packages/airflow/example_dags/tutorial_taskflow_api.py
[2023-05-01T23:50:52.309+0000] {processor.py:743} INFO - Processing file /home/airflow/.local/lib/python3.7/site-packages/airflow/example_dags/tutorial_taskflow_api.py for tasks to queue
[2023-05-01T23:50:52.321+0000] {logging_mixin.py:137} INFO - [2023-05-01T23:50:52.318+0000] {dagbag.py:532} INFO - Filling up the DagBag from /home/airflow/.local/lib/python3.7/site-packages/airflow/example_dags/tutorial_taskflow_api.py
[2023-05-01T23:50:53.076+0000] {processor.py:753} INFO - DAG(s) dict_keys(['tutorial_taskflow_api']) retrieved from /home/airflow/.local/lib/python3.7/site-packages/airflow/example_dags/tutorial_taskflow_api.py
[2023-05-01T23:50:53.548+0000] {logging_mixin.py:137} INFO - [2023-05-01T23:50:53.547+0000] {dag.py:2705} INFO - Sync 1 DAGs
[2023-05-01T23:50:53.818+0000] {logging_mixin.py:137} INFO - [2023-05-01T23:50:53.817+0000] {dag.py:3456} INFO - Setting next_dagrun for tutorial_taskflow_api to None, run_after=None
[2023-05-01T23:50:54.070+0000] {processor.py:175} INFO - Processing /home/airflow/.local/lib/python3.7/site-packages/airflow/example_dags/tutorial_taskflow_api.py took 1.805 seconds
[2023-05-01T23:51:31.945+0000] {processor.py:153} INFO - Started process (PID=335) to work on /home/airflow/.local/lib/python3.7/site-packages/airflow/example_dags/tutorial_taskflow_api.py
[2023-05-01T23:51:31.948+0000] {processor.py:743} INFO - Processing file /home/airflow/.local/lib/python3.7/site-packages/airflow/example_dags/tutorial_taskflow_api.py for tasks to queue
[2023-05-01T23:51:31.954+0000] {logging_mixin.py:137} INFO - [2023-05-01T23:51:31.953+0000] {dagbag.py:532} INFO - Filling up the DagBag from /home/airflow/.local/lib/python3.7/site-packages/airflow/example_dags/tutorial_taskflow_api.py
[2023-05-01T23:51:32.140+0000] {processor.py:753} INFO - DAG(s) dict_keys(['tutorial_taskflow_api']) retrieved from /home/airflow/.local/lib/python3.7/site-packages/airflow/example_dags/tutorial_taskflow_api.py
[2023-05-01T23:51:32.278+0000] {logging_mixin.py:137} INFO - [2023-05-01T23:51:32.277+0000] {dag.py:2705} INFO - Sync 1 DAGs
[2023-05-01T23:51:32.452+0000] {logging_mixin.py:137} INFO - [2023-05-01T23:51:32.451+0000] {dag.py:3456} INFO - Setting next_dagrun for tutorial_taskflow_api to None, run_after=None
[2023-05-01T23:51:32.664+0000] {processor.py:175} INFO - Processing /home/airflow/.local/lib/python3.7/site-packages/airflow/example_dags/tutorial_taskflow_api.py took 0.731 seconds
[2023-05-01T23:52:05.313+0000] {processor.py:153} INFO - Started process (PID=429) to work on /home/airflow/.local/lib/python3.7/site-packages/airflow/example_dags/tutorial_taskflow_api.py
[2023-05-01T23:52:05.319+0000] {processor.py:743} INFO - Processing file /home/airflow/.local/lib/python3.7/site-packages/airflow/example_dags/tutorial_taskflow_api.py for tasks to queue
[2023-05-01T23:52:05.324+0000] {logging_mixin.py:137} INFO - [2023-05-01T23:52:05.323+0000] {dagbag.py:532} INFO - Filling up the DagBag from /home/airflow/.local/lib/python3.7/site-packages/airflow/example_dags/tutorial_taskflow_api.py
[2023-05-01T23:52:05.485+0000] {processor.py:753} INFO - DAG(s) dict_keys(['tutorial_taskflow_api']) retrieved from /home/airflow/.local/lib/python3.7/site-packages/airflow/example_dags/tutorial_taskflow_api.py
[2023-05-01T23:52:05.625+0000] {logging_mixin.py:137} INFO - [2023-05-01T23:52:05.624+0000] {dag.py:2705} INFO - Sync 1 DAGs
[2023-05-01T23:52:05.861+0000] {logging_mixin.py:137} INFO - [2023-05-01T23:52:05.860+0000] {dag.py:3456} INFO - Setting next_dagrun for tutorial_taskflow_api to None, run_after=None
[2023-05-01T23:52:05.976+0000] {processor.py:175} INFO - Processing /home/airflow/.local/lib/python3.7/site-packages/airflow/example_dags/tutorial_taskflow_api.py took 0.680 seconds
[2023-05-01T23:52:37.838+0000] {processor.py:153} INFO - Started process (PID=523) to work on /home/airflow/.local/lib/python3.7/site-packages/airflow/example_dags/tutorial_taskflow_api.py
[2023-05-01T23:52:37.843+0000] {processor.py:743} INFO - Processing file /home/airflow/.local/lib/python3.7/site-packages/airflow/example_dags/tutorial_taskflow_api.py for tasks to queue
[2023-05-01T23:52:37.850+0000] {logging_mixin.py:137} INFO - [2023-05-01T23:52:37.849+0000] {dagbag.py:532} INFO - Filling up the DagBag from /home/airflow/.local/lib/python3.7/site-packages/airflow/example_dags/tutorial_taskflow_api.py
[2023-05-01T23:52:38.119+0000] {processor.py:753} INFO - DAG(s) dict_keys(['tutorial_taskflow_api']) retrieved from /home/airflow/.local/lib/python3.7/site-packages/airflow/example_dags/tutorial_taskflow_api.py
[2023-05-01T23:52:38.347+0000] {logging_mixin.py:137} INFO - [2023-05-01T23:52:38.346+0000] {dag.py:2705} INFO - Sync 1 DAGs
[2023-05-01T23:52:38.683+0000] {logging_mixin.py:137} INFO - [2023-05-01T23:52:38.682+0000] {dag.py:3456} INFO - Setting next_dagrun for tutorial_taskflow_api to None, run_after=None
[2023-05-01T23:52:38.803+0000] {processor.py:175} INFO - Processing /home/airflow/.local/lib/python3.7/site-packages/airflow/example_dags/tutorial_taskflow_api.py took 1.010 seconds
[2023-05-01T23:53:09.937+0000] {processor.py:153} INFO - Started process (PID=617) to work on /home/airflow/.local/lib/python3.7/site-packages/airflow/example_dags/tutorial_taskflow_api.py
[2023-05-01T23:53:09.942+0000] {processor.py:743} INFO - Processing file /home/airflow/.local/lib/python3.7/site-packages/airflow/example_dags/tutorial_taskflow_api.py for tasks to queue
[2023-05-01T23:53:09.949+0000] {logging_mixin.py:137} INFO - [2023-05-01T23:53:09.948+0000] {dagbag.py:532} INFO - Filling up the DagBag from /home/airflow/.local/lib/python3.7/site-packages/airflow/example_dags/tutorial_taskflow_api.py
[2023-05-01T23:53:10.066+0000] {processor.py:753} INFO - DAG(s) dict_keys(['tutorial_taskflow_api']) retrieved from /home/airflow/.local/lib/python3.7/site-packages/airflow/example_dags/tutorial_taskflow_api.py
[2023-05-01T23:53:10.183+0000] {logging_mixin.py:137} INFO - [2023-05-01T23:53:10.182+0000] {dag.py:2705} INFO - Sync 1 DAGs
[2023-05-01T23:53:10.408+0000] {logging_mixin.py:137} INFO - [2023-05-01T23:53:10.406+0000] {dag.py:3456} INFO - Setting next_dagrun for tutorial_taskflow_api to None, run_after=None
[2023-05-01T23:53:10.509+0000] {processor.py:175} INFO - Processing /home/airflow/.local/lib/python3.7/site-packages/airflow/example_dags/tutorial_taskflow_api.py took 0.588 seconds
[2023-05-01T23:53:42.063+0000] {processor.py:153} INFO - Started process (PID=713) to work on /home/airflow/.local/lib/python3.7/site-packages/airflow/example_dags/tutorial_taskflow_api.py
[2023-05-01T23:53:42.068+0000] {processor.py:743} INFO - Processing file /home/airflow/.local/lib/python3.7/site-packages/airflow/example_dags/tutorial_taskflow_api.py for tasks to queue
[2023-05-01T23:53:42.079+0000] {logging_mixin.py:137} INFO - [2023-05-01T23:53:42.078+0000] {dagbag.py:532} INFO - Filling up the DagBag from /home/airflow/.local/lib/python3.7/site-packages/airflow/example_dags/tutorial_taskflow_api.py
[2023-05-01T23:53:42.260+0000] {processor.py:753} INFO - DAG(s) dict_keys(['tutorial_taskflow_api']) retrieved from /home/airflow/.local/lib/python3.7/site-packages/airflow/example_dags/tutorial_taskflow_api.py
[2023-05-01T23:53:42.428+0000] {logging_mixin.py:137} INFO - [2023-05-01T23:53:42.427+0000] {dag.py:2705} INFO - Sync 1 DAGs
[2023-05-01T23:53:42.639+0000] {logging_mixin.py:137} INFO - [2023-05-01T23:53:42.638+0000] {dag.py:3456} INFO - Setting next_dagrun for tutorial_taskflow_api to None, run_after=None
[2023-05-01T23:53:42.732+0000] {processor.py:175} INFO - Processing /home/airflow/.local/lib/python3.7/site-packages/airflow/example_dags/tutorial_taskflow_api.py took 0.705 seconds
[2023-05-01T23:54:13.033+0000] {processor.py:153} INFO - Started process (PID=809) to work on /home/airflow/.local/lib/python3.7/site-packages/airflow/example_dags/tutorial_taskflow_api.py
[2023-05-01T23:54:13.035+0000] {processor.py:743} INFO - Processing file /home/airflow/.local/lib/python3.7/site-packages/airflow/example_dags/tutorial_taskflow_api.py for tasks to queue
[2023-05-01T23:54:13.039+0000] {logging_mixin.py:137} INFO - [2023-05-01T23:54:13.038+0000] {dagbag.py:532} INFO - Filling up the DagBag from /home/airflow/.local/lib/python3.7/site-packages/airflow/example_dags/tutorial_taskflow_api.py
[2023-05-01T23:54:13.125+0000] {processor.py:753} INFO - DAG(s) dict_keys(['tutorial_taskflow_api']) retrieved from /home/airflow/.local/lib/python3.7/site-packages/airflow/example_dags/tutorial_taskflow_api.py
[2023-05-01T23:54:13.212+0000] {logging_mixin.py:137} INFO - [2023-05-01T23:54:13.212+0000] {dag.py:2705} INFO - Sync 1 DAGs
[2023-05-01T23:54:13.333+0000] {logging_mixin.py:137} INFO - [2023-05-01T23:54:13.333+0000] {dag.py:3456} INFO - Setting next_dagrun for tutorial_taskflow_api to None, run_after=None
[2023-05-01T23:54:13.403+0000] {processor.py:175} INFO - Processing /home/airflow/.local/lib/python3.7/site-packages/airflow/example_dags/tutorial_taskflow_api.py took 0.378 seconds
[2023-05-01T23:54:43.462+0000] {processor.py:153} INFO - Started process (PID=906) to work on /home/airflow/.local/lib/python3.7/site-packages/airflow/example_dags/tutorial_taskflow_api.py
[2023-05-01T23:54:43.465+0000] {processor.py:743} INFO - Processing file /home/airflow/.local/lib/python3.7/site-packages/airflow/example_dags/tutorial_taskflow_api.py for tasks to queue
[2023-05-01T23:54:43.468+0000] {logging_mixin.py:137} INFO - [2023-05-01T23:54:43.468+0000] {dagbag.py:532} INFO - Filling up the DagBag from /home/airflow/.local/lib/python3.7/site-packages/airflow/example_dags/tutorial_taskflow_api.py
[2023-05-01T23:54:43.575+0000] {processor.py:753} INFO - DAG(s) dict_keys(['tutorial_taskflow_api']) retrieved from /home/airflow/.local/lib/python3.7/site-packages/airflow/example_dags/tutorial_taskflow_api.py
[2023-05-01T23:54:43.669+0000] {logging_mixin.py:137} INFO - [2023-05-01T23:54:43.669+0000] {dag.py:2705} INFO - Sync 1 DAGs
[2023-05-01T23:54:43.791+0000] {logging_mixin.py:137} INFO - [2023-05-01T23:54:43.790+0000] {dag.py:3456} INFO - Setting next_dagrun for tutorial_taskflow_api to None, run_after=None
[2023-05-01T23:54:43.855+0000] {processor.py:175} INFO - Processing /home/airflow/.local/lib/python3.7/site-packages/airflow/example_dags/tutorial_taskflow_api.py took 0.403 seconds
[2023-05-01T23:55:18.258+0000] {processor.py:153} INFO - Started process (PID=1002) to work on /home/airflow/.local/lib/python3.7/site-packages/airflow/example_dags/tutorial_taskflow_api.py
[2023-05-01T23:55:18.261+0000] {processor.py:743} INFO - Processing file /home/airflow/.local/lib/python3.7/site-packages/airflow/example_dags/tutorial_taskflow_api.py for tasks to queue
[2023-05-01T23:55:18.264+0000] {logging_mixin.py:137} INFO - [2023-05-01T23:55:18.264+0000] {dagbag.py:532} INFO - Filling up the DagBag from /home/airflow/.local/lib/python3.7/site-packages/airflow/example_dags/tutorial_taskflow_api.py
[2023-05-01T23:55:18.380+0000] {processor.py:753} INFO - DAG(s) dict_keys(['tutorial_taskflow_api']) retrieved from /home/airflow/.local/lib/python3.7/site-packages/airflow/example_dags/tutorial_taskflow_api.py
[2023-05-01T23:55:18.485+0000] {logging_mixin.py:137} INFO - [2023-05-01T23:55:18.484+0000] {dag.py:2705} INFO - Sync 1 DAGs
[2023-05-01T23:55:18.617+0000] {logging_mixin.py:137} INFO - [2023-05-01T23:55:18.616+0000] {dag.py:3456} INFO - Setting next_dagrun for tutorial_taskflow_api to None, run_after=None
[2023-05-01T23:55:18.697+0000] {processor.py:175} INFO - Processing /home/airflow/.local/lib/python3.7/site-packages/airflow/example_dags/tutorial_taskflow_api.py took 0.449 seconds
[2023-05-01T23:55:54.020+0000] {processor.py:153} INFO - Started process (PID=1081) to work on /home/airflow/.local/lib/python3.7/site-packages/airflow/example_dags/tutorial_taskflow_api.py
[2023-05-01T23:55:54.025+0000] {processor.py:743} INFO - Processing file /home/airflow/.local/lib/python3.7/site-packages/airflow/example_dags/tutorial_taskflow_api.py for tasks to queue
[2023-05-01T23:55:54.030+0000] {logging_mixin.py:137} INFO - [2023-05-01T23:55:54.029+0000] {dagbag.py:532} INFO - Filling up the DagBag from /home/airflow/.local/lib/python3.7/site-packages/airflow/example_dags/tutorial_taskflow_api.py
[2023-05-01T23:55:54.165+0000] {processor.py:753} INFO - DAG(s) dict_keys(['tutorial_taskflow_api']) retrieved from /home/airflow/.local/lib/python3.7/site-packages/airflow/example_dags/tutorial_taskflow_api.py
[2023-05-01T23:55:54.287+0000] {logging_mixin.py:137} INFO - [2023-05-01T23:55:54.286+0000] {dag.py:2705} INFO - Sync 1 DAGs
[2023-05-01T23:55:54.437+0000] {logging_mixin.py:137} INFO - [2023-05-01T23:55:54.436+0000] {dag.py:3456} INFO - Setting next_dagrun for tutorial_taskflow_api to None, run_after=None
[2023-05-01T23:55:54.544+0000] {processor.py:175} INFO - Processing /home/airflow/.local/lib/python3.7/site-packages/airflow/example_dags/tutorial_taskflow_api.py took 0.535 seconds
[2023-05-01T23:56:26.884+0000] {processor.py:153} INFO - Started process (PID=1184) to work on /home/airflow/.local/lib/python3.7/site-packages/airflow/example_dags/tutorial_taskflow_api.py
[2023-05-01T23:56:26.888+0000] {processor.py:743} INFO - Processing file /home/airflow/.local/lib/python3.7/site-packages/airflow/example_dags/tutorial_taskflow_api.py for tasks to queue
[2023-05-01T23:56:26.899+0000] {logging_mixin.py:137} INFO - [2023-05-01T23:56:26.896+0000] {dagbag.py:532} INFO - Filling up the DagBag from /home/airflow/.local/lib/python3.7/site-packages/airflow/example_dags/tutorial_taskflow_api.py
[2023-05-01T23:56:27.069+0000] {processor.py:753} INFO - DAG(s) dict_keys(['tutorial_taskflow_api']) retrieved from /home/airflow/.local/lib/python3.7/site-packages/airflow/example_dags/tutorial_taskflow_api.py
[2023-05-01T23:56:27.217+0000] {logging_mixin.py:137} INFO - [2023-05-01T23:56:27.216+0000] {dag.py:2705} INFO - Sync 1 DAGs
[2023-05-01T23:56:27.410+0000] {logging_mixin.py:137} INFO - [2023-05-01T23:56:27.409+0000] {dag.py:3456} INFO - Setting next_dagrun for tutorial_taskflow_api to None, run_after=None
[2023-05-01T23:56:27.498+0000] {processor.py:175} INFO - Processing /home/airflow/.local/lib/python3.7/site-packages/airflow/example_dags/tutorial_taskflow_api.py took 0.627 seconds
[2023-05-01T23:57:01.237+0000] {processor.py:153} INFO - Started process (PID=1281) to work on /home/airflow/.local/lib/python3.7/site-packages/airflow/example_dags/tutorial_taskflow_api.py
[2023-05-01T23:57:01.241+0000] {processor.py:743} INFO - Processing file /home/airflow/.local/lib/python3.7/site-packages/airflow/example_dags/tutorial_taskflow_api.py for tasks to queue
[2023-05-01T23:57:01.246+0000] {logging_mixin.py:137} INFO - [2023-05-01T23:57:01.245+0000] {dagbag.py:532} INFO - Filling up the DagBag from /home/airflow/.local/lib/python3.7/site-packages/airflow/example_dags/tutorial_taskflow_api.py
[2023-05-01T23:57:01.394+0000] {processor.py:753} INFO - DAG(s) dict_keys(['tutorial_taskflow_api']) retrieved from /home/airflow/.local/lib/python3.7/site-packages/airflow/example_dags/tutorial_taskflow_api.py
[2023-05-01T23:57:01.516+0000] {logging_mixin.py:137} INFO - [2023-05-01T23:57:01.515+0000] {dag.py:2705} INFO - Sync 1 DAGs
[2023-05-01T23:57:01.733+0000] {logging_mixin.py:137} INFO - [2023-05-01T23:57:01.732+0000] {dag.py:3456} INFO - Setting next_dagrun for tutorial_taskflow_api to None, run_after=None
[2023-05-01T23:57:01.840+0000] {processor.py:175} INFO - Processing /home/airflow/.local/lib/python3.7/site-packages/airflow/example_dags/tutorial_taskflow_api.py took 0.615 seconds
[2023-05-01T23:57:33.180+0000] {processor.py:153} INFO - Started process (PID=1377) to work on /home/airflow/.local/lib/python3.7/site-packages/airflow/example_dags/tutorial_taskflow_api.py
[2023-05-01T23:57:33.183+0000] {processor.py:743} INFO - Processing file /home/airflow/.local/lib/python3.7/site-packages/airflow/example_dags/tutorial_taskflow_api.py for tasks to queue
[2023-05-01T23:57:33.187+0000] {logging_mixin.py:137} INFO - [2023-05-01T23:57:33.186+0000] {dagbag.py:532} INFO - Filling up the DagBag from /home/airflow/.local/lib/python3.7/site-packages/airflow/example_dags/tutorial_taskflow_api.py
[2023-05-01T23:57:33.292+0000] {processor.py:753} INFO - DAG(s) dict_keys(['tutorial_taskflow_api']) retrieved from /home/airflow/.local/lib/python3.7/site-packages/airflow/example_dags/tutorial_taskflow_api.py
[2023-05-01T23:57:33.408+0000] {logging_mixin.py:137} INFO - [2023-05-01T23:57:33.407+0000] {dag.py:2705} INFO - Sync 1 DAGs
[2023-05-01T23:57:33.538+0000] {logging_mixin.py:137} INFO - [2023-05-01T23:57:33.538+0000] {dag.py:3456} INFO - Setting next_dagrun for tutorial_taskflow_api to None, run_after=None
[2023-05-01T23:57:33.612+0000] {processor.py:175} INFO - Processing /home/airflow/.local/lib/python3.7/site-packages/airflow/example_dags/tutorial_taskflow_api.py took 0.444 seconds
[2023-05-01T23:58:03.830+0000] {processor.py:153} INFO - Started process (PID=1470) to work on /home/airflow/.local/lib/python3.7/site-packages/airflow/example_dags/tutorial_taskflow_api.py
[2023-05-01T23:58:03.833+0000] {processor.py:743} INFO - Processing file /home/airflow/.local/lib/python3.7/site-packages/airflow/example_dags/tutorial_taskflow_api.py for tasks to queue
[2023-05-01T23:58:03.836+0000] {logging_mixin.py:137} INFO - [2023-05-01T23:58:03.835+0000] {dagbag.py:532} INFO - Filling up the DagBag from /home/airflow/.local/lib/python3.7/site-packages/airflow/example_dags/tutorial_taskflow_api.py
[2023-05-01T23:58:03.926+0000] {processor.py:753} INFO - DAG(s) dict_keys(['tutorial_taskflow_api']) retrieved from /home/airflow/.local/lib/python3.7/site-packages/airflow/example_dags/tutorial_taskflow_api.py
[2023-05-01T23:58:04.016+0000] {logging_mixin.py:137} INFO - [2023-05-01T23:58:04.015+0000] {dag.py:2705} INFO - Sync 1 DAGs
[2023-05-01T23:58:04.138+0000] {logging_mixin.py:137} INFO - [2023-05-01T23:58:04.138+0000] {dag.py:3456} INFO - Setting next_dagrun for tutorial_taskflow_api to None, run_after=None
[2023-05-01T23:58:04.216+0000] {processor.py:175} INFO - Processing /home/airflow/.local/lib/python3.7/site-packages/airflow/example_dags/tutorial_taskflow_api.py took 0.395 seconds
[2023-05-01T23:58:43.919+0000] {processor.py:153} INFO - Started process (PID=1567) to work on /home/airflow/.local/lib/python3.7/site-packages/airflow/example_dags/tutorial_taskflow_api.py
[2023-05-01T23:58:43.925+0000] {processor.py:743} INFO - Processing file /home/airflow/.local/lib/python3.7/site-packages/airflow/example_dags/tutorial_taskflow_api.py for tasks to queue
[2023-05-01T23:58:43.932+0000] {logging_mixin.py:137} INFO - [2023-05-01T23:58:43.931+0000] {dagbag.py:532} INFO - Filling up the DagBag from /home/airflow/.local/lib/python3.7/site-packages/airflow/example_dags/tutorial_taskflow_api.py
[2023-05-01T23:58:44.103+0000] {processor.py:753} INFO - DAG(s) dict_keys(['tutorial_taskflow_api']) retrieved from /home/airflow/.local/lib/python3.7/site-packages/airflow/example_dags/tutorial_taskflow_api.py
[2023-05-01T23:58:44.278+0000] {logging_mixin.py:137} INFO - [2023-05-01T23:58:44.277+0000] {dag.py:2705} INFO - Sync 1 DAGs
[2023-05-01T23:58:44.714+0000] {logging_mixin.py:137} INFO - [2023-05-01T23:58:44.712+0000] {dag.py:3456} INFO - Setting next_dagrun for tutorial_taskflow_api to None, run_after=None
[2023-05-01T23:58:44.876+0000] {processor.py:175} INFO - Processing /home/airflow/.local/lib/python3.7/site-packages/airflow/example_dags/tutorial_taskflow_api.py took 0.971 seconds
[2023-05-01T23:59:15.691+0000] {processor.py:153} INFO - Started process (PID=1660) to work on /home/airflow/.local/lib/python3.7/site-packages/airflow/example_dags/tutorial_taskflow_api.py
[2023-05-01T23:59:15.697+0000] {processor.py:743} INFO - Processing file /home/airflow/.local/lib/python3.7/site-packages/airflow/example_dags/tutorial_taskflow_api.py for tasks to queue
[2023-05-01T23:59:15.705+0000] {logging_mixin.py:137} INFO - [2023-05-01T23:59:15.704+0000] {dagbag.py:532} INFO - Filling up the DagBag from /home/airflow/.local/lib/python3.7/site-packages/airflow/example_dags/tutorial_taskflow_api.py
[2023-05-01T23:59:15.907+0000] {processor.py:753} INFO - DAG(s) dict_keys(['tutorial_taskflow_api']) retrieved from /home/airflow/.local/lib/python3.7/site-packages/airflow/example_dags/tutorial_taskflow_api.py
[2023-05-01T23:59:16.140+0000] {logging_mixin.py:137} INFO - [2023-05-01T23:59:16.139+0000] {dag.py:2705} INFO - Sync 1 DAGs
[2023-05-01T23:59:16.445+0000] {logging_mixin.py:137} INFO - [2023-05-01T23:59:16.444+0000] {dag.py:3456} INFO - Setting next_dagrun for tutorial_taskflow_api to None, run_after=None
[2023-05-01T23:59:16.614+0000] {processor.py:175} INFO - Processing /home/airflow/.local/lib/python3.7/site-packages/airflow/example_dags/tutorial_taskflow_api.py took 0.953 seconds
[2023-05-01T23:59:46.869+0000] {processor.py:153} INFO - Started process (PID=1756) to work on /home/airflow/.local/lib/python3.7/site-packages/airflow/example_dags/tutorial_taskflow_api.py
[2023-05-01T23:59:46.872+0000] {processor.py:743} INFO - Processing file /home/airflow/.local/lib/python3.7/site-packages/airflow/example_dags/tutorial_taskflow_api.py for tasks to queue
[2023-05-01T23:59:46.877+0000] {logging_mixin.py:137} INFO - [2023-05-01T23:59:46.876+0000] {dagbag.py:532} INFO - Filling up the DagBag from /home/airflow/.local/lib/python3.7/site-packages/airflow/example_dags/tutorial_taskflow_api.py
[2023-05-01T23:59:47.002+0000] {processor.py:753} INFO - DAG(s) dict_keys(['tutorial_taskflow_api']) retrieved from /home/airflow/.local/lib/python3.7/site-packages/airflow/example_dags/tutorial_taskflow_api.py
[2023-05-01T23:59:47.118+0000] {logging_mixin.py:137} INFO - [2023-05-01T23:59:47.117+0000] {dag.py:2705} INFO - Sync 1 DAGs
[2023-05-01T23:59:47.304+0000] {logging_mixin.py:137} INFO - [2023-05-01T23:59:47.300+0000] {dag.py:3456} INFO - Setting next_dagrun for tutorial_taskflow_api to None, run_after=None
[2023-05-01T23:59:47.411+0000] {processor.py:175} INFO - Processing /home/airflow/.local/lib/python3.7/site-packages/airflow/example_dags/tutorial_taskflow_api.py took 0.552 seconds
