[2023-05-03T03:05:17.049+0000] {taskinstance.py:1090} INFO - Dependencies all met for dep_context=non-requeueable deps ti=<TaskInstance: dag_1min.dump_1m scheduled__2023-05-03T02:55:00+00:00 [queued]>
[2023-05-03T03:05:17.198+0000] {taskinstance.py:1090} INFO - Dependencies all met for dep_context=requeueable deps ti=<TaskInstance: dag_1min.dump_1m scheduled__2023-05-03T02:55:00+00:00 [queued]>
[2023-05-03T03:05:17.202+0000] {taskinstance.py:1288} INFO - 
--------------------------------------------------------------------------------
[2023-05-03T03:05:17.207+0000] {taskinstance.py:1289} INFO - Starting attempt 1 of 1
[2023-05-03T03:05:17.209+0000] {taskinstance.py:1290} INFO - 
--------------------------------------------------------------------------------
[2023-05-03T03:05:17.409+0000] {taskinstance.py:1309} INFO - Executing <Task(PythonOperator): dump_1m> on 2023-05-03 02:55:00+00:00
[2023-05-03T03:05:17.435+0000] {standard_task_runner.py:55} INFO - Started process 1060 to run task
[2023-05-03T03:05:17.467+0000] {standard_task_runner.py:82} INFO - Running: ['***', 'tasks', 'run', 'dag_1min', 'dump_1m', 'scheduled__2023-05-03T02:55:00+00:00', '--job-id', '185', '--raw', '--subdir', 'DAGS_FOLDER/dag_1min.py', '--cfg-path', '/tmp/tmpp2b3dt1c']
[2023-05-03T03:05:17.472+0000] {standard_task_runner.py:83} INFO - Job 185: Subtask dump_1m
[2023-05-03T03:05:18.371+0000] {task_command.py:389} INFO - Running <TaskInstance: dag_1min.dump_1m scheduled__2023-05-03T02:55:00+00:00 [running]> on host 5762cea9b149
[2023-05-03T03:05:19.879+0000] {taskinstance.py:1518} INFO - Exporting the following env vars:
AIRFLOW_CTX_DAG_OWNER=coder2j
AIRFLOW_CTX_DAG_ID=dag_1min
AIRFLOW_CTX_TASK_ID=dump_1m
AIRFLOW_CTX_EXECUTION_DATE=2023-05-03T02:55:00+00:00
AIRFLOW_CTX_TRY_NUMBER=1
AIRFLOW_CTX_DAG_RUN_ID=scheduled__2023-05-03T02:55:00+00:00
[2023-05-03T03:05:26.670+0000] {logging_mixin.py:137} WARNING -   0%|          | 0/2 [00:00<?, ?it/s]
[2023-05-03T03:07:19.494+0000] {logging_mixin.py:137} INFO - [*********************100%***********************]  1 of 1 completed
[2023-05-03T03:09:42.492+0000] {logging_mixin.py:137} WARNING -  50%|#####     | 1/2 [04:15<04:15, 255.48s/it]
[2023-05-03T03:09:47.267+0000] {logging_mixin.py:137} INFO - [*********************100%***********************]  1 of 1 completed
[2023-05-03T03:09:57.968+0000] {local_task_job.py:212} INFO - Task exited with return code Negsignal.SIGKILL
