[2023-04-29 23:36:03,179] {taskinstance.py:1035} INFO - Dependencies all met for <TaskInstance: tutorial.sleep scheduled__2023-04-29T23:34:00+00:00 [queued]>
[2023-04-29 23:36:03,188] {taskinstance.py:1035} INFO - Dependencies all met for <TaskInstance: tutorial.sleep scheduled__2023-04-29T23:34:00+00:00 [queued]>
[2023-04-29 23:36:03,189] {taskinstance.py:1241} INFO - 
--------------------------------------------------------------------------------
[2023-04-29 23:36:03,190] {taskinstance.py:1242} INFO - Starting attempt 1 of 4
[2023-04-29 23:36:03,191] {taskinstance.py:1243} INFO - 
--------------------------------------------------------------------------------
[2023-04-29 23:36:03,199] {taskinstance.py:1262} INFO - Executing <Task(BashOperator): sleep> on 2023-04-29 23:34:00+00:00
[2023-04-29 23:36:03,202] {standard_task_runner.py:52} INFO - Started process 232 to run task
[2023-04-29 23:36:03,206] {standard_task_runner.py:76} INFO - Running: ['***', 'tasks', 'run', 'tutorial', 'sleep', 'scheduled__2023-04-29T23:34:00+00:00', '--job-id', '15', '--raw', '--subdir', 'DAGS_FOLDER/***_tutorial.py', '--cfg-path', '/tmp/tmpo6ohw44s', '--error-file', '/tmp/tmp4e9w3l3x']
[2023-04-29 23:36:03,207] {standard_task_runner.py:77} INFO - Job 15: Subtask sleep
[2023-04-29 23:36:03,245] {logging_mixin.py:109} INFO - Running <TaskInstance: tutorial.sleep scheduled__2023-04-29T23:34:00+00:00 [running]> on host 4fd1971d5f6c
[2023-04-29 23:36:03,287] {taskinstance.py:1429} INFO - Exporting the following env vars:
AIRFLOW_CTX_DAG_EMAIL=***@example.com
AIRFLOW_CTX_DAG_OWNER=***
AIRFLOW_CTX_DAG_ID=tutorial
AIRFLOW_CTX_TASK_ID=sleep
AIRFLOW_CTX_EXECUTION_DATE=2023-04-29T23:34:00+00:00
AIRFLOW_CTX_DAG_RUN_ID=scheduled__2023-04-29T23:34:00+00:00
[2023-04-29 23:36:03,289] {subprocess.py:62} INFO - Tmp dir root location: 
 /tmp
[2023-04-29 23:36:03,290] {subprocess.py:74} INFO - Running command: ['bash', '-c', 'sleep 5']
[2023-04-29 23:36:03,297] {subprocess.py:85} INFO - Output:
[2023-04-29 23:36:08,302] {subprocess.py:93} INFO - Command exited with return code 0
[2023-04-29 23:36:08,329] {taskinstance.py:1280} INFO - Marking task as SUCCESS. dag_id=tutorial, task_id=sleep, execution_date=20230429T233400, start_date=20230429T233603, end_date=20230429T233608
[2023-04-29 23:36:08,345] {local_task_job.py:154} INFO - Task exited with return code 0
[2023-04-29 23:36:08,368] {local_task_job.py:264} INFO - 0 downstream tasks scheduled from follow-on schedule check
