[2023-04-16T00:15:10.190+0000] {taskinstance.py:1090} INFO - Dependencies all met for dep_context=non-requeueable deps ti=<TaskInstance: dag_1min.dump_1m scheduled__2023-04-16T00:10:00+00:00 [queued]>
[2023-04-16T00:15:10.249+0000] {taskinstance.py:1090} INFO - Dependencies all met for dep_context=requeueable deps ti=<TaskInstance: dag_1min.dump_1m scheduled__2023-04-16T00:10:00+00:00 [queued]>
[2023-04-16T00:15:10.251+0000] {taskinstance.py:1288} INFO - 
--------------------------------------------------------------------------------
[2023-04-16T00:15:10.253+0000] {taskinstance.py:1289} INFO - Starting attempt 1 of 1
[2023-04-16T00:15:10.288+0000] {taskinstance.py:1290} INFO - 
--------------------------------------------------------------------------------
[2023-04-16T00:15:10.389+0000] {taskinstance.py:1309} INFO - Executing <Task(PythonOperator): dump_1m> on 2023-04-16 00:10:00+00:00
[2023-04-16T00:15:10.411+0000] {standard_task_runner.py:55} INFO - Started process 2471 to run task
[2023-04-16T00:15:10.427+0000] {standard_task_runner.py:82} INFO - Running: ['***', 'tasks', 'run', 'dag_1min', 'dump_1m', 'scheduled__2023-04-16T00:10:00+00:00', '--job-id', '339', '--raw', '--subdir', 'DAGS_FOLDER/dag_1min.py', '--cfg-path', '/tmp/tmpy1tgy_qs']
[2023-04-16T00:15:10.431+0000] {standard_task_runner.py:83} INFO - Job 339: Subtask dump_1m
[2023-04-16T00:15:10.840+0000] {task_command.py:389} INFO - Running <TaskInstance: dag_1min.dump_1m scheduled__2023-04-16T00:10:00+00:00 [running]> on host cc609b5f7385
[2023-04-16T00:15:11.939+0000] {taskinstance.py:1518} INFO - Exporting the following env vars:
AIRFLOW_CTX_DAG_OWNER=coder2j
AIRFLOW_CTX_DAG_ID=dag_1min
AIRFLOW_CTX_TASK_ID=dump_1m
AIRFLOW_CTX_EXECUTION_DATE=2023-04-16T00:10:00+00:00
AIRFLOW_CTX_TRY_NUMBER=1
AIRFLOW_CTX_DAG_RUN_ID=scheduled__2023-04-16T00:10:00+00:00
[2023-04-16T00:15:12.725+0000] {logging_mixin.py:137} WARNING -   0%|          | 0/2 [00:00<?, ?it/s]
[2023-04-16T00:15:13.542+0000] {logging_mixin.py:137} INFO - [*********************100%***********************]  1 of 1 completed
[2023-04-16T00:15:14.983+0000] {logging_mixin.py:137} WARNING -  50%|#####     | 1/2 [00:02<00:02,  2.25s/it]
[2023-04-16T00:15:15.557+0000] {logging_mixin.py:137} INFO - [*********************100%***********************]  1 of 1 completed
[2023-04-16T00:15:17.539+0000] {logging_mixin.py:137} WARNING - 100%|##########| 2/2 [00:04<00:00,  2.43s/it]
[2023-04-16T00:15:17.548+0000] {logging_mixin.py:137} WARNING - 100%|##########| 2/2 [00:04<00:00,  2.41s/it]
[2023-04-16T00:15:17.580+0000] {logging_mixin.py:137} INFO - Index(['open', 'high', 'low', 'close', 'adj_close', 'volume', 'timestamp',
       'currency_pair', 'exchangetimezonename', 'timezone'],
      dtype='object')
[2023-04-16T00:15:17.819+0000] {download_yahoo.py:57} INFO - Downloaded data: 
	         open       high        low  ...  currency_pair  exchangetimezonename  timezone
0  19.093372  19.093372  19.093372  ...       AVAX-USD                   UTC       UTC
1  19.097652  19.097652  19.097652  ...       AVAX-USD                   UTC       UTC
2  19.097246  19.097246  19.097246  ...       AVAX-USD                   UTC       UTC
3  19.097523  19.097523  19.097523  ...       AVAX-USD                   UTC       UTC
4  19.100006  19.100006  19.100006  ...       AVAX-USD                   UTC       UTC

[5 rows x 10 columns]
[2023-04-16T00:15:18.659+0000] {python.py:177} INFO - Done. Returned value was: None
[2023-04-16T00:15:18.976+0000] {taskinstance.py:1332} INFO - Marking task as SUCCESS. dag_id=dag_1min, task_id=dump_1m, execution_date=20230416T001000, start_date=20230416T001510, end_date=20230416T001518
[2023-04-16T00:15:19.456+0000] {local_task_job.py:212} INFO - Task exited with return code 0
[2023-04-16T00:15:19.715+0000] {taskinstance.py:2596} INFO - 0 downstream tasks scheduled from follow-on schedule check
