[2023-05-02T01:44:54.706+0000] {taskinstance.py:1090} INFO - Dependencies all met for dep_context=non-requeueable deps ti=<TaskInstance: dag_1min.dump_1m scheduled__2023-05-02T01:30:00+00:00 [queued]>
[2023-05-02T01:44:54.962+0000] {taskinstance.py:1090} INFO - Dependencies all met for dep_context=requeueable deps ti=<TaskInstance: dag_1min.dump_1m scheduled__2023-05-02T01:30:00+00:00 [queued]>
[2023-05-02T01:44:54.970+0000] {taskinstance.py:1288} INFO - 
--------------------------------------------------------------------------------
[2023-05-02T01:44:54.978+0000] {taskinstance.py:1289} INFO - Starting attempt 1 of 1
[2023-05-02T01:44:54.985+0000] {taskinstance.py:1290} INFO - 
--------------------------------------------------------------------------------
[2023-05-02T01:44:55.129+0000] {taskinstance.py:1309} INFO - Executing <Task(PythonOperator): dump_1m> on 2023-05-02 01:30:00+00:00
[2023-05-02T01:44:55.146+0000] {standard_task_runner.py:55} INFO - Started process 186 to run task
[2023-05-02T01:44:55.176+0000] {standard_task_runner.py:82} INFO - Running: ['***', 'tasks', 'run', 'dag_1min', 'dump_1m', 'scheduled__2023-05-02T01:30:00+00:00', '--job-id', '70', '--raw', '--subdir', 'DAGS_FOLDER/dag_1min.py', '--cfg-path', '/tmp/tmpvtemyltl']
[2023-05-02T01:44:55.181+0000] {standard_task_runner.py:83} INFO - Job 70: Subtask dump_1m
[2023-05-02T01:44:55.731+0000] {task_command.py:389} INFO - Running <TaskInstance: dag_1min.dump_1m scheduled__2023-05-02T01:30:00+00:00 [running]> on host 178acfe6cdbb
[2023-05-02T01:44:56.543+0000] {taskinstance.py:1518} INFO - Exporting the following env vars:
AIRFLOW_CTX_DAG_OWNER=coder2j
AIRFLOW_CTX_DAG_ID=dag_1min
AIRFLOW_CTX_TASK_ID=dump_1m
AIRFLOW_CTX_EXECUTION_DATE=2023-05-02T01:30:00+00:00
AIRFLOW_CTX_TRY_NUMBER=1
AIRFLOW_CTX_DAG_RUN_ID=scheduled__2023-05-02T01:30:00+00:00
[2023-05-02T01:44:59.980+0000] {logging_mixin.py:137} WARNING -   0%|          | 0/2 [00:00<?, ?it/s]
[2023-05-02T01:45:04.231+0000] {logging_mixin.py:137} INFO - [*********************100%***********************]  1 of 1 completed
[2023-05-02T01:45:07.980+0000] {logging_mixin.py:137} WARNING -  50%|#####     | 1/2 [00:07<00:07,  7.96s/it]
[2023-05-02T01:45:10.123+0000] {logging_mixin.py:137} INFO - [*********************100%***********************]  1 of 1 completed
[2023-05-02T01:45:16.681+0000] {logging_mixin.py:137} WARNING - 100%|##########| 2/2 [00:16<00:00,  8.41s/it]
[2023-05-02T01:45:16.717+0000] {logging_mixin.py:137} WARNING - 100%|##########| 2/2 [00:16<00:00,  8.37s/it]
[2023-05-02T01:45:16.890+0000] {logging_mixin.py:137} INFO - Index(['open', 'high', 'low', 'close', 'adj_close', 'volume', 'timestamp',
       'currency_pair', 'exchangetimezonename', 'timezone'],
      dtype='object')
[2023-05-02T01:45:17.719+0000] {download_yahoo.py:57} INFO - Downloaded data: 
	         open       high        low  ...  currency_pair  exchangetimezonename  timezone
0  17.724569  17.724569  17.724569  ...       AVAX-USD                   UTC       UTC
1  17.724472  17.724472  17.724472  ...       AVAX-USD                   UTC       UTC
2  17.723082  17.723082  17.723082  ...       AVAX-USD                   UTC       UTC
3  17.725052  17.725052  17.725052  ...       AVAX-USD                   UTC       UTC
4  17.725100  17.725100  17.725100  ...       AVAX-USD                   UTC       UTC

[5 rows x 10 columns]
[2023-05-02T01:45:39.184+0000] {python.py:177} INFO - Done. Returned value was: None
[2023-05-02T01:45:39.302+0000] {taskinstance.py:1332} INFO - Marking task as SUCCESS. dag_id=dag_1min, task_id=dump_1m, execution_date=20230502T013000, start_date=20230502T014454, end_date=20230502T014539
[2023-05-02T01:45:39.866+0000] {local_task_job.py:212} INFO - Task exited with return code 0
[2023-05-02T01:45:40.112+0000] {taskinstance.py:2596} INFO - 0 downstream tasks scheduled from follow-on schedule check
