[2023-05-02T02:05:09.201+0000] {taskinstance.py:1090} INFO - Dependencies all met for dep_context=non-requeueable deps ti=<TaskInstance: dag_1min.dump_1m scheduled__2023-05-02T02:00:00+00:00 [queued]>
[2023-05-02T02:05:09.257+0000] {taskinstance.py:1090} INFO - Dependencies all met for dep_context=requeueable deps ti=<TaskInstance: dag_1min.dump_1m scheduled__2023-05-02T02:00:00+00:00 [queued]>
[2023-05-02T02:05:09.260+0000] {taskinstance.py:1288} INFO - 
--------------------------------------------------------------------------------
[2023-05-02T02:05:09.261+0000] {taskinstance.py:1289} INFO - Starting attempt 1 of 1
[2023-05-02T02:05:09.263+0000] {taskinstance.py:1290} INFO - 
--------------------------------------------------------------------------------
[2023-05-02T02:05:09.376+0000] {taskinstance.py:1309} INFO - Executing <Task(PythonOperator): dump_1m> on 2023-05-02 02:00:00+00:00
[2023-05-02T02:05:09.398+0000] {standard_task_runner.py:55} INFO - Started process 717 to run task
[2023-05-02T02:05:09.413+0000] {standard_task_runner.py:82} INFO - Running: ['***', 'tasks', 'run', 'dag_1min', 'dump_1m', 'scheduled__2023-05-02T02:00:00+00:00', '--job-id', '77', '--raw', '--subdir', 'DAGS_FOLDER/dag_1min.py', '--cfg-path', '/tmp/tmpy34tdsbp']
[2023-05-02T02:05:09.416+0000] {standard_task_runner.py:83} INFO - Job 77: Subtask dump_1m
[2023-05-02T02:05:09.701+0000] {task_command.py:389} INFO - Running <TaskInstance: dag_1min.dump_1m scheduled__2023-05-02T02:00:00+00:00 [running]> on host 178acfe6cdbb
[2023-05-02T02:05:10.531+0000] {taskinstance.py:1518} INFO - Exporting the following env vars:
AIRFLOW_CTX_DAG_OWNER=coder2j
AIRFLOW_CTX_DAG_ID=dag_1min
AIRFLOW_CTX_TASK_ID=dump_1m
AIRFLOW_CTX_EXECUTION_DATE=2023-05-02T02:00:00+00:00
AIRFLOW_CTX_TRY_NUMBER=1
AIRFLOW_CTX_DAG_RUN_ID=scheduled__2023-05-02T02:00:00+00:00
[2023-05-02T02:05:12.315+0000] {logging_mixin.py:137} WARNING -   0%|          | 0/2 [00:00<?, ?it/s]
[2023-05-02T02:05:13.048+0000] {logging_mixin.py:137} INFO - [*********************100%***********************]  1 of 1 completed
[2023-05-02T02:05:14.324+0000] {logging_mixin.py:137} WARNING -  50%|#####     | 1/2 [00:02<00:02,  2.00s/it]
[2023-05-02T02:05:14.981+0000] {logging_mixin.py:137} INFO - [*********************100%***********************]  1 of 1 completed
[2023-05-02T02:05:16.565+0000] {logging_mixin.py:137} WARNING - 100%|##########| 2/2 [00:04<00:00,  2.14s/it]
[2023-05-02T02:05:16.569+0000] {logging_mixin.py:137} WARNING - 100%|##########| 2/2 [00:04<00:00,  2.12s/it]
[2023-05-02T02:05:16.587+0000] {logging_mixin.py:137} INFO - Index(['open', 'high', 'low', 'close', 'adj_close', 'volume', 'timestamp',
       'currency_pair', 'exchangetimezonename', 'timezone'],
      dtype='object')
[2023-05-02T02:05:16.738+0000] {download_yahoo.py:57} INFO - Downloaded data: 
	         open       high        low  ...  currency_pair  exchangetimezonename  timezone
0  16.541187  16.541187  16.541187  ...       AVAX-USD                   UTC       UTC
1  16.540655  16.540655  16.540655  ...       AVAX-USD                   UTC       UTC
2  16.539854  16.539854  16.539854  ...       AVAX-USD                   UTC       UTC
3  16.539656  16.539656  16.539656  ...       AVAX-USD                   UTC       UTC
4  16.534990  16.534990  16.534990  ...       AVAX-USD                   UTC       UTC

[5 rows x 10 columns]
[2023-05-02T02:05:17.111+0000] {python.py:177} INFO - Done. Returned value was: None
[2023-05-02T02:05:17.175+0000] {taskinstance.py:1332} INFO - Marking task as SUCCESS. dag_id=dag_1min, task_id=dump_1m, execution_date=20230502T020000, start_date=20230502T020509, end_date=20230502T020517
[2023-05-02T02:05:17.384+0000] {local_task_job.py:212} INFO - Task exited with return code 0
[2023-05-02T02:05:17.547+0000] {taskinstance.py:2596} INFO - 0 downstream tasks scheduled from follow-on schedule check
