16:29:29 - [36mINFO [0m kaiko.py __init__:155              16:29:29 - [36mINFO [0m kaiko.py __init__:155              

Initiated data object
KaikoData setup with
- URL
	 https://us.market-api.kaiko.io/v2/data/trades.v1/exchanges/cbse/spot/eth-usd/trades,
- Required parameters:
	{'commodity': 'trades', 'data_version': 'v1', 'exchange': 'cbse', 'instrument_class': 'spot', 'instrument': 'eth-usd'},
- Optional parameters:
	{'page_size': 100000, 'start_time': '2022-01-01T00:00:00.000Z', 'end_time': '2022-01-01T01:00:00.000Z'}

16:29:31 - [36mINFO [0m kaiko.py __init__:155              16:29:31 - [36mINFO [0m kaiko.py __init__:155              

Initiated data object
KaikoData setup with
- URL
	 https://us.market-api.kaiko.io/v2/data/trades.v1/exchanges/cbse/spot/btc-usd/trades,
- Required parameters:
	{'commodity': 'trades', 'data_version': 'v1', 'exchange': 'cbse', 'instrument_class': 'spot', 'instrument': 'btc-usd'},
- Optional parameters:
	{'page_size': 100000, 'start_time': '2022-01-01T00:00:00.000Z', 'end_time': '2022-01-01T01:00:00.000Z'}

16:29:31 - [36mINFO [0m download_kaiko.py download:50                          16:29:31 - [36mINFO [0m download_kaiko.py download:50                          Downloaded data: 
	       trade_id    price    amount  taker_side_sell currency_pair
0  200304673.0  3722.78  0.038577              1.0       eth-usd
1  200304672.0  3722.78  0.010000              1.0       eth-usd
2  200304671.0  3722.78  0.200000              1.0       eth-usd
3  200304670.0  3722.78  0.010000              1.0       eth-usd
4  200304669.0  3722.78  0.010000              1.0       eth-usd
