[2023-04-29 23:31:12,679] {taskinstance.py:1035} INFO - Dependencies all met for <TaskInstance: tutorial.templated manual__2023-04-29T23:30:51.954282+00:00 [queued]>
[2023-04-29 23:31:12,688] {taskinstance.py:1035} INFO - Dependencies all met for <TaskInstance: tutorial.templated manual__2023-04-29T23:30:51.954282+00:00 [queued]>
[2023-04-29 23:31:12,689] {taskinstance.py:1241} INFO - 
--------------------------------------------------------------------------------
[2023-04-29 23:31:12,690] {taskinstance.py:1242} INFO - Starting attempt 1 of 2
[2023-04-29 23:31:12,691] {taskinstance.py:1243} INFO - 
--------------------------------------------------------------------------------
[2023-04-29 23:31:12,700] {taskinstance.py:1262} INFO - Executing <Task(BashOperator): templated> on 2023-04-29 23:30:51.954282+00:00
[2023-04-29 23:31:12,703] {standard_task_runner.py:52} INFO - Started process 165 to run task
[2023-04-29 23:31:12,707] {standard_task_runner.py:76} INFO - Running: ['***', 'tasks', 'run', 'tutorial', 'templated', 'manual__2023-04-29T23:30:51.954282+00:00', '--job-id', '7', '--raw', '--subdir', 'DAGS_FOLDER/***_tutorial.py', '--cfg-path', '/tmp/tmpxgrgkbzz', '--error-file', '/tmp/tmphlcdy_5i']
[2023-04-29 23:31:12,708] {standard_task_runner.py:77} INFO - Job 7: Subtask templated
[2023-04-29 23:31:12,747] {logging_mixin.py:109} INFO - Running <TaskInstance: tutorial.templated manual__2023-04-29T23:30:51.954282+00:00 [running]> on host 4fd1971d5f6c
[2023-04-29 23:31:12,794] {taskinstance.py:1429} INFO - Exporting the following env vars:
AIRFLOW_CTX_DAG_EMAIL=***@example.com
AIRFLOW_CTX_DAG_OWNER=***
AIRFLOW_CTX_DAG_ID=tutorial
AIRFLOW_CTX_TASK_ID=templated
AIRFLOW_CTX_EXECUTION_DATE=2023-04-29T23:30:51.954282+00:00
AIRFLOW_CTX_DAG_RUN_ID=manual__2023-04-29T23:30:51.954282+00:00
[2023-04-29 23:31:12,796] {subprocess.py:62} INFO - Tmp dir root location: 
 /tmp
[2023-04-29 23:31:12,797] {subprocess.py:74} INFO - Running command: ['bash', '-c', '\n\n    echo "2023-04-29"\n    echo "2023-05-06"\n    echo "Parameter I passed in"\n\n    echo "2023-04-29"\n    echo "2023-05-06"\n    echo "Parameter I passed in"\n\n    echo "2023-04-29"\n    echo "2023-05-06"\n    echo "Parameter I passed in"\n\n    echo "2023-04-29"\n    echo "2023-05-06"\n    echo "Parameter I passed in"\n\n    echo "2023-04-29"\n    echo "2023-05-06"\n    echo "Parameter I passed in"\n']
[2023-04-29 23:31:12,803] {subprocess.py:85} INFO - Output:
[2023-04-29 23:31:12,805] {subprocess.py:89} INFO - 2023-04-29
[2023-04-29 23:31:12,806] {subprocess.py:89} INFO - 2023-05-06
[2023-04-29 23:31:12,807] {subprocess.py:89} INFO - Parameter I passed in
[2023-04-29 23:31:12,808] {subprocess.py:89} INFO - 2023-04-29
[2023-04-29 23:31:12,808] {subprocess.py:89} INFO - 2023-05-06
[2023-04-29 23:31:12,809] {subprocess.py:89} INFO - Parameter I passed in
[2023-04-29 23:31:12,810] {subprocess.py:89} INFO - 2023-04-29
[2023-04-29 23:31:12,811] {subprocess.py:89} INFO - 2023-05-06
[2023-04-29 23:31:12,811] {subprocess.py:89} INFO - Parameter I passed in
[2023-04-29 23:31:12,812] {subprocess.py:89} INFO - 2023-04-29
[2023-04-29 23:31:12,813] {subprocess.py:89} INFO - 2023-05-06
[2023-04-29 23:31:12,814] {subprocess.py:89} INFO - Parameter I passed in
[2023-04-29 23:31:12,814] {subprocess.py:89} INFO - 2023-04-29
[2023-04-29 23:31:12,815] {subprocess.py:89} INFO - 2023-05-06
[2023-04-29 23:31:12,816] {subprocess.py:89} INFO - Parameter I passed in
[2023-04-29 23:31:12,817] {subprocess.py:93} INFO - Command exited with return code 0
[2023-04-29 23:31:12,838] {taskinstance.py:1280} INFO - Marking task as SUCCESS. dag_id=tutorial, task_id=templated, execution_date=20230429T233051, start_date=20230429T233112, end_date=20230429T233112
[2023-04-29 23:31:12,880] {local_task_job.py:154} INFO - Task exited with return code 0
[2023-04-29 23:31:12,907] {local_task_job.py:264} INFO - 0 downstream tasks scheduled from follow-on schedule check
