[2023-04-30 22:36:01,832] {taskinstance.py:1035} INFO - Dependencies all met for <TaskInstance: download_historical_postgres.download.historical.postgres.google_trends scheduled__2023-04-30T22:34:00+00:00 [queued]>
[2023-04-30 22:36:01,840] {taskinstance.py:1035} INFO - Dependencies all met for <TaskInstance: download_historical_postgres.download.historical.postgres.google_trends scheduled__2023-04-30T22:34:00+00:00 [queued]>
[2023-04-30 22:36:01,841] {taskinstance.py:1241} INFO - 
--------------------------------------------------------------------------------
[2023-04-30 22:36:01,841] {taskinstance.py:1242} INFO - Starting attempt 1 of 1
[2023-04-30 22:36:01,842] {taskinstance.py:1243} INFO - 
--------------------------------------------------------------------------------
[2023-04-30 22:36:01,850] {taskinstance.py:1262} INFO - Executing <Task(BashOperator): download.historical.postgres.google_trends> on 2023-04-30 22:34:00+00:00
[2023-04-30 22:36:01,853] {standard_task_runner.py:52} INFO - Started process 175 to run task
[2023-04-30 22:36:01,856] {standard_task_runner.py:76} INFO - Running: ['***', 'tasks', 'run', 'download_historical_postgres', 'download.historical.postgres.google_trends', 'scheduled__2023-04-30T22:34:00+00:00', '--job-id', '25', '--raw', '--subdir', 'DAGS_FOLDER/download_historical_postgres_google_trends.py', '--cfg-path', '/tmp/tmpzt6y8_7o', '--error-file', '/tmp/tmpgvju662s']
[2023-04-30 22:36:01,858] {standard_task_runner.py:77} INFO - Job 25: Subtask download.historical.postgres.google_trends
[2023-04-30 22:36:01,895] {logging_mixin.py:109} INFO - Running <TaskInstance: download_historical_postgres.download.historical.postgres.google_trends scheduled__2023-04-30T22:34:00+00:00 [running]> on host 4fd1971d5f6c
[2023-04-30 22:36:01,936] {taskinstance.py:1429} INFO - Exporting the following env vars:
AIRFLOW_CTX_DAG_EMAIL=***@example.com
AIRFLOW_CTX_DAG_OWNER=***
AIRFLOW_CTX_DAG_ID=download_historical_postgres
AIRFLOW_CTX_TASK_ID=download.historical.postgres.google_trends
AIRFLOW_CTX_EXECUTION_DATE=2023-04-30T22:34:00+00:00
AIRFLOW_CTX_DAG_RUN_ID=scheduled__2023-04-30T22:34:00+00:00
[2023-04-30 22:36:01,937] {subprocess.py:62} INFO - Tmp dir root location: 
 /tmp
[2023-04-30 22:36:01,939] {subprocess.py:74} INFO - Running command: ['bash', '-c', 'sleep 5 && /cmamp/src/download_to_db.py --target_table google_trends_data --use_api True --real_time_data False']
[2023-04-30 22:36:01,946] {subprocess.py:85} INFO - Output:
[2023-04-30 22:36:07,453] {subprocess.py:89} INFO - !!connection fetched!!
[2023-04-30 22:36:07,454] {subprocess.py:89} INFO - !Done!
[2023-04-30 22:36:07,456] {subprocess.py:89} INFO -               Topic      Time  Frequency
[2023-04-30 22:36:07,457] {subprocess.py:89} INFO - 0  washing machines  Jan 2004        100
[2023-04-30 22:36:07,458] {subprocess.py:89} INFO - 1  washing machines  Feb 2004         95
[2023-04-30 22:36:07,459] {subprocess.py:89} INFO - 2  washing machines  Mar 2004         83
[2023-04-30 22:36:07,460] {subprocess.py:89} INFO - 3  washing machines  Apr 2004         79
[2023-04-30 22:36:07,462] {subprocess.py:89} INFO - 4  washing machines  May 2004         83
[2023-04-30 22:36:07,505] {subprocess.py:93} INFO - Command exited with return code 0
[2023-04-30 22:36:07,527] {taskinstance.py:1280} INFO - Marking task as SUCCESS. dag_id=download_historical_postgres, task_id=download.historical.postgres.google_trends, execution_date=20230430T223400, start_date=20230430T223601, end_date=20230430T223607
[2023-04-30 22:36:07,546] {local_task_job.py:154} INFO - Task exited with return code 0
[2023-04-30 22:36:07,567] {local_task_job.py:264} INFO - 0 downstream tasks scheduled from follow-on schedule check
