[2023-05-03T07:05:11.278+0000] {taskinstance.py:1090} INFO - Dependencies all met for dep_context=non-requeueable deps ti=<TaskInstance: dag_1min.dump_1m scheduled__2023-05-03T07:00:00+00:00 [queued]>
[2023-05-03T07:05:11.330+0000] {taskinstance.py:1090} INFO - Dependencies all met for dep_context=requeueable deps ti=<TaskInstance: dag_1min.dump_1m scheduled__2023-05-03T07:00:00+00:00 [queued]>
[2023-05-03T07:05:11.333+0000] {taskinstance.py:1288} INFO - 
--------------------------------------------------------------------------------
[2023-05-03T07:05:11.336+0000] {taskinstance.py:1289} INFO - Starting attempt 1 of 1
[2023-05-03T07:05:11.340+0000] {taskinstance.py:1290} INFO - 
--------------------------------------------------------------------------------
[2023-05-03T07:05:11.431+0000] {taskinstance.py:1309} INFO - Executing <Task(PythonOperator): dump_1m> on 2023-05-03 07:00:00+00:00
[2023-05-03T07:05:11.447+0000] {standard_task_runner.py:55} INFO - Started process 2077 to run task
[2023-05-03T07:05:11.458+0000] {standard_task_runner.py:82} INFO - Running: ['***', 'tasks', 'run', 'dag_1min', 'dump_1m', 'scheduled__2023-05-03T07:00:00+00:00', '--job-id', '222', '--raw', '--subdir', 'DAGS_FOLDER/dag_1min.py', '--cfg-path', '/tmp/tmpmiuz_caz']
[2023-05-03T07:05:11.461+0000] {standard_task_runner.py:83} INFO - Job 222: Subtask dump_1m
[2023-05-03T07:05:11.799+0000] {task_command.py:389} INFO - Running <TaskInstance: dag_1min.dump_1m scheduled__2023-05-03T07:00:00+00:00 [running]> on host c58811f86e80
[2023-05-03T07:05:12.454+0000] {taskinstance.py:1518} INFO - Exporting the following env vars:
AIRFLOW_CTX_DAG_OWNER=coder2j
AIRFLOW_CTX_DAG_ID=dag_1min
AIRFLOW_CTX_TASK_ID=dump_1m
AIRFLOW_CTX_EXECUTION_DATE=2023-05-03T07:00:00+00:00
AIRFLOW_CTX_TRY_NUMBER=1
AIRFLOW_CTX_DAG_RUN_ID=scheduled__2023-05-03T07:00:00+00:00
[2023-05-03T07:05:13.689+0000] {logging_mixin.py:137} WARNING -   0%|          | 0/2 [00:00<?, ?it/s]
[2023-05-03T07:05:14.325+0000] {logging_mixin.py:137} INFO - [*********************100%***********************]  1 of 1 completed
[2023-05-03T07:05:16.053+0000] {logging_mixin.py:137} WARNING -  50%|#####     | 1/2 [00:02<00:02,  2.35s/it]
[2023-05-03T07:05:16.618+0000] {logging_mixin.py:137} INFO - [*********************100%***********************]  1 of 1 completed
[2023-05-03T07:05:18.035+0000] {logging_mixin.py:137} WARNING - 100%|##########| 2/2 [00:04<00:00,  2.14s/it]
[2023-05-03T07:05:18.040+0000] {logging_mixin.py:137} WARNING - 100%|##########| 2/2 [00:04<00:00,  2.17s/it]
[2023-05-03T07:05:18.078+0000] {logging_mixin.py:137} INFO - Index(['open', 'high', 'low', 'close', 'adj_close', 'volume', 'timestamp',
       'currency_pair', 'exchangetimezonename', 'timezone'],
      dtype='object')
[2023-05-03T07:05:18.372+0000] {download_yahoo.py:57} INFO - Downloaded data: 
	         open       high        low  ...  currency_pair  exchangetimezonename  timezone
0  16.764563  16.764563  16.764563  ...       AVAX-USD                   UTC       UTC
1  16.763609  16.763609  16.763609  ...       AVAX-USD                   UTC       UTC
2  16.762701  16.762701  16.762701  ...       AVAX-USD                   UTC       UTC
3  16.762270  16.762270  16.762270  ...       AVAX-USD                   UTC       UTC
4  16.756241  16.756241  16.756241  ...       AVAX-USD                   UTC       UTC

[5 rows x 10 columns]
[2023-05-03T07:05:18.771+0000] {python.py:177} INFO - Done. Returned value was: None
[2023-05-03T07:05:18.823+0000] {taskinstance.py:1332} INFO - Marking task as SUCCESS. dag_id=dag_1min, task_id=dump_1m, execution_date=20230503T070000, start_date=20230503T070511, end_date=20230503T070518
[2023-05-03T07:05:18.936+0000] {local_task_job.py:212} INFO - Task exited with return code 0
[2023-05-03T07:05:19.070+0000] {taskinstance.py:2596} INFO - 1 downstream tasks scheduled from follow-on schedule check
