[2023-05-02T03:00:16.572+0000] {taskinstance.py:1090} INFO - Dependencies all met for dep_context=non-requeueable deps ti=<TaskInstance: dag_1min.dump_1m scheduled__2023-05-02T02:55:00+00:00 [queued]>
[2023-05-02T03:00:16.647+0000] {taskinstance.py:1090} INFO - Dependencies all met for dep_context=requeueable deps ti=<TaskInstance: dag_1min.dump_1m scheduled__2023-05-02T02:55:00+00:00 [queued]>
[2023-05-02T03:00:16.653+0000] {taskinstance.py:1288} INFO - 
--------------------------------------------------------------------------------
[2023-05-02T03:00:16.665+0000] {taskinstance.py:1289} INFO - Starting attempt 1 of 1
[2023-05-02T03:00:16.667+0000] {taskinstance.py:1290} INFO - 
--------------------------------------------------------------------------------
[2023-05-02T03:00:16.823+0000] {taskinstance.py:1309} INFO - Executing <Task(PythonOperator): dump_1m> on 2023-05-02 02:55:00+00:00
[2023-05-02T03:00:16.854+0000] {standard_task_runner.py:55} INFO - Started process 2133 to run task
[2023-05-02T03:00:16.890+0000] {standard_task_runner.py:82} INFO - Running: ['***', 'tasks', 'run', 'dag_1min', 'dump_1m', 'scheduled__2023-05-02T02:55:00+00:00', '--job-id', '88', '--raw', '--subdir', 'DAGS_FOLDER/dag_1min.py', '--cfg-path', '/tmp/tmp_gcjmu34']
[2023-05-02T03:00:16.899+0000] {standard_task_runner.py:83} INFO - Job 88: Subtask dump_1m
[2023-05-02T03:00:17.369+0000] {task_command.py:389} INFO - Running <TaskInstance: dag_1min.dump_1m scheduled__2023-05-02T02:55:00+00:00 [running]> on host 178acfe6cdbb
[2023-05-02T03:00:19.205+0000] {taskinstance.py:1518} INFO - Exporting the following env vars:
AIRFLOW_CTX_DAG_OWNER=coder2j
AIRFLOW_CTX_DAG_ID=dag_1min
AIRFLOW_CTX_TASK_ID=dump_1m
AIRFLOW_CTX_EXECUTION_DATE=2023-05-02T02:55:00+00:00
AIRFLOW_CTX_TRY_NUMBER=1
AIRFLOW_CTX_DAG_RUN_ID=scheduled__2023-05-02T02:55:00+00:00
[2023-05-02T03:00:29.192+0000] {logging_mixin.py:137} WARNING -   0%|          | 0/2 [00:00<?, ?it/s]
[2023-05-02T03:00:30.703+0000] {logging_mixin.py:137} INFO - [*********************100%***********************]  1 of 1 completed
[2023-05-02T03:00:32.529+0000] {logging_mixin.py:137} WARNING -  50%|#####     | 1/2 [00:03<00:03,  3.31s/it]
[2023-05-02T03:00:33.144+0000] {logging_mixin.py:137} INFO - [*********************100%***********************]  1 of 1 completed
[2023-05-02T03:00:35.191+0000] {logging_mixin.py:137} WARNING - 100%|##########| 2/2 [00:05<00:00,  2.94s/it]
[2023-05-02T03:00:35.197+0000] {logging_mixin.py:137} WARNING - 100%|##########| 2/2 [00:05<00:00,  3.00s/it]
[2023-05-02T03:00:35.237+0000] {logging_mixin.py:137} INFO - Index(['open', 'high', 'low', 'close', 'adj_close', 'volume', 'timestamp',
       'currency_pair', 'exchangetimezonename', 'timezone'],
      dtype='object')
[2023-05-02T03:00:35.425+0000] {download_yahoo.py:57} INFO - Downloaded data: 
	         open       high        low  ...  currency_pair  exchangetimezonename  timezone
0  16.607235  16.607235  16.607235  ...       AVAX-USD                   UTC       UTC
1  16.608221  16.608221  16.608221  ...       AVAX-USD                   UTC       UTC
2  16.611168  16.611168  16.611168  ...       AVAX-USD                   UTC       UTC
3  16.611242  16.611242  16.611242  ...       AVAX-USD                   UTC       UTC
4  16.611410  16.611410  16.611410  ...       AVAX-USD                   UTC       UTC

[5 rows x 10 columns]
[2023-05-02T03:00:35.992+0000] {python.py:177} INFO - Done. Returned value was: None
[2023-05-02T03:00:36.150+0000] {taskinstance.py:1332} INFO - Marking task as SUCCESS. dag_id=dag_1min, task_id=dump_1m, execution_date=20230502T025500, start_date=20230502T030016, end_date=20230502T030036
[2023-05-02T03:00:36.578+0000] {local_task_job.py:212} INFO - Task exited with return code 0
[2023-05-02T03:00:36.757+0000] {taskinstance.py:2596} INFO - 0 downstream tasks scheduled from follow-on schedule check
