[2023-04-15T22:55:16.998+0000] {taskinstance.py:1090} INFO - Dependencies all met for dep_context=non-requeueable deps ti=<TaskInstance: dag_1min.dump_1m scheduled__2023-04-15T22:50:00+00:00 [queued]>
[2023-04-15T22:55:17.141+0000] {taskinstance.py:1090} INFO - Dependencies all met for dep_context=requeueable deps ti=<TaskInstance: dag_1min.dump_1m scheduled__2023-04-15T22:50:00+00:00 [queued]>
[2023-04-15T22:55:17.145+0000] {taskinstance.py:1288} INFO - 
--------------------------------------------------------------------------------
[2023-04-15T22:55:17.150+0000] {taskinstance.py:1289} INFO - Starting attempt 1 of 1
[2023-04-15T22:55:17.158+0000] {taskinstance.py:1290} INFO - 
--------------------------------------------------------------------------------
[2023-04-15T22:55:17.341+0000] {taskinstance.py:1309} INFO - Executing <Task(PythonOperator): dump_1m> on 2023-04-15 22:50:00+00:00
[2023-04-15T22:55:17.371+0000] {standard_task_runner.py:55} INFO - Started process 440 to run task
[2023-04-15T22:55:17.405+0000] {standard_task_runner.py:82} INFO - Running: ['***', 'tasks', 'run', 'dag_1min', 'dump_1m', 'scheduled__2023-04-15T22:50:00+00:00', '--job-id', '323', '--raw', '--subdir', 'DAGS_FOLDER/dag_1min.py', '--cfg-path', '/tmp/tmpr8eu3odp']
[2023-04-15T22:55:17.413+0000] {standard_task_runner.py:83} INFO - Job 323: Subtask dump_1m
[2023-04-15T22:55:17.976+0000] {task_command.py:389} INFO - Running <TaskInstance: dag_1min.dump_1m scheduled__2023-04-15T22:50:00+00:00 [running]> on host cc609b5f7385
[2023-04-15T22:55:19.844+0000] {taskinstance.py:1518} INFO - Exporting the following env vars:
AIRFLOW_CTX_DAG_OWNER=coder2j
AIRFLOW_CTX_DAG_ID=dag_1min
AIRFLOW_CTX_TASK_ID=dump_1m
AIRFLOW_CTX_EXECUTION_DATE=2023-04-15T22:50:00+00:00
AIRFLOW_CTX_TRY_NUMBER=1
AIRFLOW_CTX_DAG_RUN_ID=scheduled__2023-04-15T22:50:00+00:00
[2023-04-15T22:55:20.765+0000] {logging_mixin.py:137} WARNING -   0%|          | 0/2 [00:00<?, ?it/s]
[2023-04-15T22:55:31.003+0000] {logging_mixin.py:137} INFO - [*********************100%***********************]  1 of 1 completed
[2023-04-15T22:55:31.033+0000] {logging_mixin.py:137} INFO - 
1 Failed download:
[2023-04-15T22:55:31.041+0000] {logging_mixin.py:137} INFO - - AVAX-USD: No data found for this date range, symbol may be delisted
[2023-04-15T22:55:31.171+0000] {logging_mixin.py:137} INFO - AVAX-USD: No data found for this date range, symbol may be delisted
[2023-04-15T22:55:31.180+0000] {logging_mixin.py:137} WARNING -   0%|          | 0/2 [00:10<?, ?it/s]
[2023-04-15T22:55:31.186+0000] {taskinstance.py:1776} ERROR - Task failed with exception
Traceback (most recent call last):
  File "/home/airflow/.local/lib/python3.7/site-packages/airflow/operators/python.py", line 175, in execute
    return_value = self.execute_callable()
  File "/home/airflow/.local/lib/python3.7/site-packages/airflow/operators/python.py", line 192, in execute_callable
    return self.python_callable(*self.op_args, **self.op_kwargs)
  File "/opt/airflow/dags/dag_1min.py", line 19, in dump_1m
    dump_latest_data('yahoo_yfinance_spot_downloaded_1min','1m')
  File "/code/Latest_Data.py", line 39, in dump_latest_data
    raw_data = downloader.download(start_timestamp, end_timestamp,interval)
  File "/code/download_yahoo.py", line 46, in download
    data['exchangeTimezoneName'] = yf.Ticker(symbol).history_metadata['exchangeTimezoneName']
KeyError: 'exchangeTimezoneName'
[2023-04-15T22:55:31.275+0000] {taskinstance.py:1332} INFO - Marking task as FAILED. dag_id=dag_1min, task_id=dump_1m, execution_date=20230415T225000, start_date=20230415T225517, end_date=20230415T225531
[2023-04-15T22:55:31.484+0000] {standard_task_runner.py:105} ERROR - Failed to execute job 323 for task dump_1m ('exchangeTimezoneName'; 440)
[2023-04-15T22:55:31.802+0000] {local_task_job.py:212} INFO - Task exited with return code 1
[2023-04-15T22:55:32.050+0000] {taskinstance.py:2596} INFO - 0 downstream tasks scheduled from follow-on schedule check
