[2023-05-03T02:35:37.939+0000] {taskinstance.py:1090} INFO - Dependencies all met for dep_context=non-requeueable deps ti=<TaskInstance: dag_1min.dump_1m scheduled__2023-05-03T02:30:00+00:00 [queued]>
[2023-05-03T02:35:38.028+0000] {taskinstance.py:1090} INFO - Dependencies all met for dep_context=requeueable deps ti=<TaskInstance: dag_1min.dump_1m scheduled__2023-05-03T02:30:00+00:00 [queued]>
[2023-05-03T02:35:38.032+0000] {taskinstance.py:1288} INFO - 
--------------------------------------------------------------------------------
[2023-05-03T02:35:38.035+0000] {taskinstance.py:1289} INFO - Starting attempt 1 of 1
[2023-05-03T02:35:38.038+0000] {taskinstance.py:1290} INFO - 
--------------------------------------------------------------------------------
[2023-05-03T02:35:38.202+0000] {taskinstance.py:1309} INFO - Executing <Task(PythonOperator): dump_1m> on 2023-05-03 02:30:00+00:00
[2023-05-03T02:35:38.238+0000] {standard_task_runner.py:55} INFO - Started process 305 to run task
[2023-05-03T02:35:38.265+0000] {standard_task_runner.py:82} INFO - Running: ['***', 'tasks', 'run', 'dag_1min', 'dump_1m', 'scheduled__2023-05-03T02:30:00+00:00', '--job-id', '175', '--raw', '--subdir', 'DAGS_FOLDER/dag_1min.py', '--cfg-path', '/tmp/tmptlekx0p0']
[2023-05-03T02:35:38.270+0000] {standard_task_runner.py:83} INFO - Job 175: Subtask dump_1m
[2023-05-03T02:35:38.747+0000] {task_command.py:389} INFO - Running <TaskInstance: dag_1min.dump_1m scheduled__2023-05-03T02:30:00+00:00 [running]> on host 5762cea9b149
[2023-05-03T02:35:39.491+0000] {taskinstance.py:1518} INFO - Exporting the following env vars:
AIRFLOW_CTX_DAG_OWNER=coder2j
AIRFLOW_CTX_DAG_ID=dag_1min
AIRFLOW_CTX_TASK_ID=dump_1m
AIRFLOW_CTX_EXECUTION_DATE=2023-05-03T02:30:00+00:00
AIRFLOW_CTX_TRY_NUMBER=1
AIRFLOW_CTX_DAG_RUN_ID=scheduled__2023-05-03T02:30:00+00:00
[2023-05-03T02:35:42.272+0000] {logging_mixin.py:137} WARNING -   0%|          | 0/2 [00:00<?, ?it/s]
[2023-05-03T02:35:43.830+0000] {logging_mixin.py:137} INFO - [*********************100%***********************]  1 of 1 completed
[2023-05-03T02:35:46.245+0000] {logging_mixin.py:137} WARNING -  50%|#####     | 1/2 [00:03<00:03,  3.87s/it]
[2023-05-03T02:35:47.605+0000] {logging_mixin.py:137} INFO - [*********************100%***********************]  1 of 1 completed
[2023-05-03T02:35:50.578+0000] {logging_mixin.py:137} WARNING - 100%|##########| 2/2 [00:08<00:00,  4.19s/it]
[2023-05-03T02:35:50.588+0000] {logging_mixin.py:137} WARNING - 100%|##########| 2/2 [00:08<00:00,  4.15s/it]
[2023-05-03T02:35:50.701+0000] {logging_mixin.py:137} INFO - Index(['open', 'high', 'low', 'close', 'adj_close', 'volume', 'timestamp',
       'currency_pair', 'exchangetimezonename', 'timezone'],
      dtype='object')
[2023-05-03T02:35:51.190+0000] {download_yahoo.py:57} INFO - Downloaded data: 
	            open          high  ...  exchangetimezonename  timezone
0     16.691330     16.691330  ...                   UTC       UTC
1     16.699173     16.699173  ...                   UTC       UTC
2     16.701637     16.701637  ...                   UTC       UTC
3     16.703703     16.703703  ...                   UTC       UTC
4  28461.755859  28461.755859  ...                   UTC       UTC

[5 rows x 10 columns]
[2023-05-03T02:35:52.094+0000] {python.py:177} INFO - Done. Returned value was: None
[2023-05-03T02:35:52.362+0000] {taskinstance.py:1332} INFO - Marking task as SUCCESS. dag_id=dag_1min, task_id=dump_1m, execution_date=20230503T023000, start_date=20230503T023537, end_date=20230503T023552
[2023-05-03T02:35:53.348+0000] {local_task_job.py:212} INFO - Task exited with return code 0
[2023-05-03T02:35:54.102+0000] {taskinstance.py:2596} INFO - 1 downstream tasks scheduled from follow-on schedule check
