[2023-05-02T21:00:08.024+0000] {taskinstance.py:1090} INFO - Dependencies all met for dep_context=non-requeueable deps ti=<TaskInstance: dag_1min.dump_1m scheduled__2023-05-02T20:55:00+00:00 [queued]>
[2023-05-02T21:00:08.074+0000] {taskinstance.py:1090} INFO - Dependencies all met for dep_context=requeueable deps ti=<TaskInstance: dag_1min.dump_1m scheduled__2023-05-02T20:55:00+00:00 [queued]>
[2023-05-02T21:00:08.077+0000] {taskinstance.py:1288} INFO - 
--------------------------------------------------------------------------------
[2023-05-02T21:00:08.079+0000] {taskinstance.py:1289} INFO - Starting attempt 1 of 1
[2023-05-02T21:00:08.099+0000] {taskinstance.py:1290} INFO - 
--------------------------------------------------------------------------------
[2023-05-02T21:00:08.202+0000] {taskinstance.py:1309} INFO - Executing <Task(PythonOperator): dump_1m> on 2023-05-02 20:55:00+00:00
[2023-05-02T21:00:08.227+0000] {standard_task_runner.py:55} INFO - Started process 795 to run task
[2023-05-02T21:00:08.243+0000] {standard_task_runner.py:82} INFO - Running: ['***', 'tasks', 'run', 'dag_1min', 'dump_1m', 'scheduled__2023-05-02T20:55:00+00:00', '--job-id', '118', '--raw', '--subdir', 'DAGS_FOLDER/dag_1min.py', '--cfg-path', '/tmp/tmp9xptu9qg']
[2023-05-02T21:00:08.246+0000] {standard_task_runner.py:83} INFO - Job 118: Subtask dump_1m
[2023-05-02T21:00:08.540+0000] {task_command.py:389} INFO - Running <TaskInstance: dag_1min.dump_1m scheduled__2023-05-02T20:55:00+00:00 [running]> on host 4a3bd7cf27f4
[2023-05-02T21:00:09.345+0000] {taskinstance.py:1518} INFO - Exporting the following env vars:
AIRFLOW_CTX_DAG_OWNER=coder2j
AIRFLOW_CTX_DAG_ID=dag_1min
AIRFLOW_CTX_TASK_ID=dump_1m
AIRFLOW_CTX_EXECUTION_DATE=2023-05-02T20:55:00+00:00
AIRFLOW_CTX_TRY_NUMBER=1
AIRFLOW_CTX_DAG_RUN_ID=scheduled__2023-05-02T20:55:00+00:00
[2023-05-02T21:00:11.660+0000] {logging_mixin.py:137} WARNING -   0%|          | 0/2 [00:00<?, ?it/s]
[2023-05-02T21:00:12.532+0000] {logging_mixin.py:137} INFO - [*********************100%***********************]  1 of 1 completed
[2023-05-02T21:00:14.052+0000] {logging_mixin.py:137} WARNING -  50%|#####     | 1/2 [00:02<00:02,  2.36s/it]
[2023-05-02T21:00:14.645+0000] {logging_mixin.py:137} INFO - [*********************100%***********************]  1 of 1 completed
[2023-05-02T21:00:16.061+0000] {logging_mixin.py:137} WARNING - 100%|##########| 2/2 [00:04<00:00,  2.16s/it]
[2023-05-02T21:00:16.065+0000] {logging_mixin.py:137} WARNING - 100%|##########| 2/2 [00:04<00:00,  2.19s/it]
[2023-05-02T21:00:16.080+0000] {logging_mixin.py:137} INFO - Index(['open', 'high', 'low', 'close', 'adj_close', 'volume', 'timestamp',
       'currency_pair', 'exchangetimezonename', 'timezone'],
      dtype='object')
[2023-05-02T21:00:16.211+0000] {download_yahoo.py:57} INFO - Downloaded data: 
	         open       high        low  ...  currency_pair  exchangetimezonename  timezone
0  16.893253  16.893253  16.893253  ...       AVAX-USD                   UTC       UTC
1  16.891184  16.891184  16.891184  ...       AVAX-USD                   UTC       UTC
2  16.891027  16.891027  16.891027  ...       AVAX-USD                   UTC       UTC
3  16.889334  16.889334  16.889334  ...       AVAX-USD                   UTC       UTC
4  16.886917  16.886917  16.886917  ...       AVAX-USD                   UTC       UTC

[5 rows x 10 columns]
[2023-05-02T21:00:16.561+0000] {python.py:177} INFO - Done. Returned value was: None
[2023-05-02T21:00:16.622+0000] {taskinstance.py:1332} INFO - Marking task as SUCCESS. dag_id=dag_1min, task_id=dump_1m, execution_date=20230502T205500, start_date=20230502T210008, end_date=20230502T210016
[2023-05-02T21:00:16.861+0000] {local_task_job.py:212} INFO - Task exited with return code 0
[2023-05-02T21:00:16.977+0000] {taskinstance.py:2596} INFO - 0 downstream tasks scheduled from follow-on schedule check
