[2023-05-03T06:20:13.935+0000] {taskinstance.py:1090} INFO - Dependencies all met for dep_context=non-requeueable deps ti=<TaskInstance: dag_1min.dump_1m scheduled__2023-05-03T06:15:00+00:00 [queued]>
[2023-05-03T06:20:13.983+0000] {taskinstance.py:1090} INFO - Dependencies all met for dep_context=requeueable deps ti=<TaskInstance: dag_1min.dump_1m scheduled__2023-05-03T06:15:00+00:00 [queued]>
[2023-05-03T06:20:13.985+0000] {taskinstance.py:1288} INFO - 
--------------------------------------------------------------------------------
[2023-05-03T06:20:13.988+0000] {taskinstance.py:1289} INFO - Starting attempt 1 of 1
[2023-05-03T06:20:13.991+0000] {taskinstance.py:1290} INFO - 
--------------------------------------------------------------------------------
[2023-05-03T06:20:14.075+0000] {taskinstance.py:1309} INFO - Executing <Task(PythonOperator): dump_1m> on 2023-05-03 06:15:00+00:00
[2023-05-03T06:20:14.090+0000] {standard_task_runner.py:55} INFO - Started process 791 to run task
[2023-05-03T06:20:14.102+0000] {standard_task_runner.py:82} INFO - Running: ['***', 'tasks', 'run', 'dag_1min', 'dump_1m', 'scheduled__2023-05-03T06:15:00+00:00', '--job-id', '204', '--raw', '--subdir', 'DAGS_FOLDER/dag_1min.py', '--cfg-path', '/tmp/tmpq8bt5pjy']
[2023-05-03T06:20:14.105+0000] {standard_task_runner.py:83} INFO - Job 204: Subtask dump_1m
[2023-05-03T06:20:14.373+0000] {task_command.py:389} INFO - Running <TaskInstance: dag_1min.dump_1m scheduled__2023-05-03T06:15:00+00:00 [running]> on host c58811f86e80
[2023-05-03T06:20:14.735+0000] {taskinstance.py:1518} INFO - Exporting the following env vars:
AIRFLOW_CTX_DAG_OWNER=coder2j
AIRFLOW_CTX_DAG_ID=dag_1min
AIRFLOW_CTX_TASK_ID=dump_1m
AIRFLOW_CTX_EXECUTION_DATE=2023-05-03T06:15:00+00:00
AIRFLOW_CTX_TRY_NUMBER=1
AIRFLOW_CTX_DAG_RUN_ID=scheduled__2023-05-03T06:15:00+00:00
[2023-05-03T06:20:15.786+0000] {logging_mixin.py:137} WARNING -   0%|          | 0/2 [00:00<?, ?it/s]
[2023-05-03T06:20:16.371+0000] {logging_mixin.py:137} INFO - [*********************100%***********************]  1 of 1 completed
[2023-05-03T06:20:17.862+0000] {logging_mixin.py:137} WARNING -  50%|#####     | 1/2 [00:02<00:02,  2.06s/it]
[2023-05-03T06:20:18.189+0000] {logging_mixin.py:137} INFO - [*********************100%***********************]  1 of 1 completed
[2023-05-03T06:20:19.455+0000] {logging_mixin.py:137} WARNING - 100%|##########| 2/2 [00:03<00:00,  1.79s/it]
[2023-05-03T06:20:19.459+0000] {logging_mixin.py:137} WARNING - 100%|##########| 2/2 [00:03<00:00,  1.83s/it]
[2023-05-03T06:20:19.472+0000] {logging_mixin.py:137} INFO - Index(['open', 'high', 'low', 'close', 'adj_close', 'volume', 'timestamp',
       'currency_pair', 'exchangetimezonename', 'timezone'],
      dtype='object')
[2023-05-03T06:20:19.585+0000] {download_yahoo.py:57} INFO - Downloaded data: 
	         open       high        low  ...  currency_pair  exchangetimezonename  timezone
0  16.708752  16.708752  16.708752  ...       AVAX-USD                   UTC       UTC
1  16.711018  16.711018  16.711018  ...       AVAX-USD                   UTC       UTC
2  16.711325  16.711325  16.711325  ...       AVAX-USD                   UTC       UTC
3  16.709806  16.709806  16.709806  ...       AVAX-USD                   UTC       UTC
4  16.706051  16.706051  16.706051  ...       AVAX-USD                   UTC       UTC

[5 rows x 10 columns]
[2023-05-03T06:20:19.848+0000] {python.py:177} INFO - Done. Returned value was: None
[2023-05-03T06:20:19.920+0000] {taskinstance.py:1332} INFO - Marking task as SUCCESS. dag_id=dag_1min, task_id=dump_1m, execution_date=20230503T061500, start_date=20230503T062013, end_date=20230503T062019
[2023-05-03T06:20:20.062+0000] {local_task_job.py:212} INFO - Task exited with return code 0
[2023-05-03T06:20:20.168+0000] {taskinstance.py:2596} INFO - 1 downstream tasks scheduled from follow-on schedule check
