[2023-05-02T02:20:12.407+0000] {taskinstance.py:1090} INFO - Dependencies all met for dep_context=non-requeueable deps ti=<TaskInstance: dag_1min.dump_1m scheduled__2023-05-02T02:15:00+00:00 [queued]>
[2023-05-02T02:20:12.514+0000] {taskinstance.py:1090} INFO - Dependencies all met for dep_context=requeueable deps ti=<TaskInstance: dag_1min.dump_1m scheduled__2023-05-02T02:15:00+00:00 [queued]>
[2023-05-02T02:20:12.519+0000] {taskinstance.py:1288} INFO - 
--------------------------------------------------------------------------------
[2023-05-02T02:20:12.522+0000] {taskinstance.py:1289} INFO - Starting attempt 1 of 1
[2023-05-02T02:20:12.524+0000] {taskinstance.py:1290} INFO - 
--------------------------------------------------------------------------------
[2023-05-02T02:20:12.660+0000] {taskinstance.py:1309} INFO - Executing <Task(PythonOperator): dump_1m> on 2023-05-02 02:15:00+00:00
[2023-05-02T02:20:12.679+0000] {standard_task_runner.py:55} INFO - Started process 1113 to run task
[2023-05-02T02:20:12.695+0000] {standard_task_runner.py:82} INFO - Running: ['***', 'tasks', 'run', 'dag_1min', 'dump_1m', 'scheduled__2023-05-02T02:15:00+00:00', '--job-id', '80', '--raw', '--subdir', 'DAGS_FOLDER/dag_1min.py', '--cfg-path', '/tmp/tmps1glzhd8']
[2023-05-02T02:20:12.699+0000] {standard_task_runner.py:83} INFO - Job 80: Subtask dump_1m
[2023-05-02T02:20:13.060+0000] {task_command.py:389} INFO - Running <TaskInstance: dag_1min.dump_1m scheduled__2023-05-02T02:15:00+00:00 [running]> on host 178acfe6cdbb
[2023-05-02T02:20:14.039+0000] {taskinstance.py:1518} INFO - Exporting the following env vars:
AIRFLOW_CTX_DAG_OWNER=coder2j
AIRFLOW_CTX_DAG_ID=dag_1min
AIRFLOW_CTX_TASK_ID=dump_1m
AIRFLOW_CTX_EXECUTION_DATE=2023-05-02T02:15:00+00:00
AIRFLOW_CTX_TRY_NUMBER=1
AIRFLOW_CTX_DAG_RUN_ID=scheduled__2023-05-02T02:15:00+00:00
[2023-05-02T02:20:16.016+0000] {logging_mixin.py:137} WARNING -   0%|          | 0/2 [00:00<?, ?it/s]
[2023-05-02T02:20:16.850+0000] {logging_mixin.py:137} INFO - [*********************100%***********************]  1 of 1 completed
[2023-05-02T02:20:19.198+0000] {logging_mixin.py:137} WARNING -  50%|#####     | 1/2 [00:03<00:03,  3.14s/it]
[2023-05-02T02:20:24.938+0000] {logging_mixin.py:137} INFO - [*********************100%***********************]  1 of 1 completed
[2023-05-02T02:20:26.945+0000] {logging_mixin.py:137} WARNING - 100%|##########| 2/2 [00:10<00:00,  5.85s/it]
[2023-05-02T02:20:26.969+0000] {logging_mixin.py:137} WARNING - 100%|##########| 2/2 [00:10<00:00,  5.47s/it]
[2023-05-02T02:20:27.033+0000] {logging_mixin.py:137} INFO - Index(['open', 'high', 'low', 'close', 'adj_close', 'volume', 'timestamp',
       'currency_pair', 'exchangetimezonename', 'timezone'],
      dtype='object')
[2023-05-02T02:20:27.291+0000] {download_yahoo.py:57} INFO - Downloaded data: 
	         open       high        low  ...  currency_pair  exchangetimezonename  timezone
0  16.536119  16.536119  16.536119  ...       AVAX-USD                   UTC       UTC
1  16.533886  16.533886  16.533886  ...       AVAX-USD                   UTC       UTC
2  16.536816  16.536816  16.536816  ...       AVAX-USD                   UTC       UTC
3  16.537495  16.537495  16.537495  ...       AVAX-USD                   UTC       UTC
4  16.547081  16.547081  16.547081  ...       AVAX-USD                   UTC       UTC

[5 rows x 10 columns]
[2023-05-02T02:20:27.850+0000] {python.py:177} INFO - Done. Returned value was: None
[2023-05-02T02:20:27.926+0000] {taskinstance.py:1332} INFO - Marking task as SUCCESS. dag_id=dag_1min, task_id=dump_1m, execution_date=20230502T021500, start_date=20230502T022012, end_date=20230502T022027
[2023-05-02T02:20:28.350+0000] {local_task_job.py:212} INFO - Task exited with return code 0
[2023-05-02T02:20:28.563+0000] {taskinstance.py:2596} INFO - 0 downstream tasks scheduled from follow-on schedule check
