[2023-04-15T03:34:40.994+0000] {taskinstance.py:1090} INFO - Dependencies all met for dep_context=non-requeueable deps ti=<TaskInstance: dag_with_python_dependencies_v03.get_sklearn scheduled__2023-04-14T23:50:00+00:00 [queued]>
[2023-04-15T03:34:41.500+0000] {taskinstance.py:1090} INFO - Dependencies all met for dep_context=requeueable deps ti=<TaskInstance: dag_with_python_dependencies_v03.get_sklearn scheduled__2023-04-14T23:50:00+00:00 [queued]>
[2023-04-15T03:34:41.511+0000] {taskinstance.py:1288} INFO - 
--------------------------------------------------------------------------------
[2023-04-15T03:34:41.516+0000] {taskinstance.py:1289} INFO - Starting attempt 1 of 1
[2023-04-15T03:34:41.518+0000] {taskinstance.py:1290} INFO - 
--------------------------------------------------------------------------------
[2023-04-15T03:34:42.552+0000] {taskinstance.py:1309} INFO - Executing <Task(PythonOperator): get_sklearn> on 2023-04-14 23:50:00+00:00
[2023-04-15T03:34:42.817+0000] {standard_task_runner.py:55} INFO - Started process 120 to run task
[2023-04-15T03:34:43.107+0000] {standard_task_runner.py:82} INFO - Running: ['***', 'tasks', 'run', 'dag_with_python_dependencies_v03', 'get_sklearn', 'scheduled__2023-04-14T23:50:00+00:00', '--job-id', '217', '--raw', '--subdir', 'DAGS_FOLDER/dag_with_python_dependencies.py', '--cfg-path', '/tmp/tmprelu8je_']
[2023-04-15T03:34:43.224+0000] {standard_task_runner.py:83} INFO - Job 217: Subtask get_sklearn
[2023-04-15T03:34:45.638+0000] {task_command.py:389} INFO - Running <TaskInstance: dag_with_python_dependencies_v03.get_sklearn scheduled__2023-04-14T23:50:00+00:00 [running]> on host 76edc18680e0
[2023-04-15T03:35:12.101+0000] {taskinstance.py:1518} INFO - Exporting the following env vars:
AIRFLOW_CTX_DAG_OWNER=coder2j
AIRFLOW_CTX_DAG_ID=dag_with_python_dependencies_v03
AIRFLOW_CTX_TASK_ID=get_sklearn
AIRFLOW_CTX_EXECUTION_DATE=2023-04-14T23:50:00+00:00
AIRFLOW_CTX_TRY_NUMBER=1
AIRFLOW_CTX_DAG_RUN_ID=scheduled__2023-04-14T23:50:00+00:00
[2023-04-15T03:35:12.526+0000] {logging_mixin.py:137} WARNING -   0%|          | 0/2 [00:00<?, ?it/s]
[2023-04-15T03:35:37.467+0000] {logging_mixin.py:137} INFO - [*********************100%***********************]  1 of 1 completed
[2023-04-15T03:35:50.723+0000] {logging_mixin.py:137} WARNING -  50%|#####     | 1/2 [00:38<00:38, 38.04s/it]
[2023-04-15T03:35:53.934+0000] {logging_mixin.py:137} INFO - [*********************100%***********************]  1 of 1 completed
[2023-04-15T03:36:01.234+0000] {logging_mixin.py:137} WARNING - 100%|##########| 2/2 [00:48<00:00, 21.92s/it]
[2023-04-15T03:36:01.301+0000] {logging_mixin.py:137} WARNING - 100%|##########| 2/2 [00:48<00:00, 24.39s/it]
[2023-04-15T03:36:01.591+0000] {logging_mixin.py:137} INFO - Index(['open', 'high', 'low', 'close', 'adj_close', 'volume', 'timestamp',
       'currency_pair', 'exchangetimezonename', 'timezone'],
      dtype='object')
[2023-04-15T03:36:04.652+0000] {download_yahoo.py:57} INFO - Downloaded data: 
	         open       high        low  ...  currency_pair  exchangetimezonename  timezone
0  18.256571  18.256571  18.256571  ...       AVAX-USD                   UTC       UTC
1  18.261120  18.261120  18.261120  ...       AVAX-USD                   UTC       UTC
2  18.260952  18.260952  18.260952  ...       AVAX-USD                   UTC       UTC
3  18.264101  18.264101  18.264101  ...       AVAX-USD                   UTC       UTC
4  18.268419  18.268419  18.268419  ...       AVAX-USD                   UTC       UTC

[5 rows x 10 columns]
[2023-04-15T03:36:04.708+0000] {logging_mixin.py:137} INFO - raw_data
[2023-04-15T03:36:05.327+0000] {logging_mixin.py:137} INFO - 2023-04-15 03:33:00
[2023-04-15T03:36:06.423+0000] {logging_mixin.py:137} INFO -         open       high        low  ...  currency_pair  exchangetimezonename  timezone
0  18.256571  18.256571  18.256571  ...       AVAX-USD                   UTC       UTC
1  18.261120  18.261120  18.261120  ...       AVAX-USD                   UTC       UTC
2  18.260952  18.260952  18.260952  ...       AVAX-USD                   UTC       UTC
3  18.264101  18.264101  18.264101  ...       AVAX-USD                   UTC       UTC
4  18.268419  18.268419  18.268419  ...       AVAX-USD                   UTC       UTC

[5 rows x 10 columns]
[2023-04-15T03:36:07.469+0000] {logging_mixin.py:137} INFO - 123123
[2023-04-15T03:36:07.532+0000] {python.py:177} INFO - Done. Returned value was: None
[2023-04-15T03:36:10.298+0000] {taskinstance.py:1332} INFO - Marking task as SUCCESS. dag_id=dag_with_python_dependencies_v03, task_id=get_sklearn, execution_date=20230414T235000, start_date=20230415T033441, end_date=20230415T033610
[2023-04-15T03:36:20.976+0000] {local_task_job.py:212} INFO - Task exited with return code 0
[2023-04-15T03:36:24.945+0000] {taskinstance.py:2596} INFO - 0 downstream tasks scheduled from follow-on schedule check
