[2023-05-03T06:25:10.808+0000] {taskinstance.py:1090} INFO - Dependencies all met for dep_context=non-requeueable deps ti=<TaskInstance: dag_1min.dump_1m scheduled__2023-05-03T06:20:00+00:00 [queued]>
[2023-05-03T06:25:10.859+0000] {taskinstance.py:1090} INFO - Dependencies all met for dep_context=requeueable deps ti=<TaskInstance: dag_1min.dump_1m scheduled__2023-05-03T06:20:00+00:00 [queued]>
[2023-05-03T06:25:10.862+0000] {taskinstance.py:1288} INFO - 
--------------------------------------------------------------------------------
[2023-05-03T06:25:10.864+0000] {taskinstance.py:1289} INFO - Starting attempt 1 of 1
[2023-05-03T06:25:10.865+0000] {taskinstance.py:1290} INFO - 
--------------------------------------------------------------------------------
[2023-05-03T06:25:11.004+0000] {taskinstance.py:1309} INFO - Executing <Task(PythonOperator): dump_1m> on 2023-05-03 06:20:00+00:00
[2023-05-03T06:25:11.027+0000] {standard_task_runner.py:55} INFO - Started process 943 to run task
[2023-05-03T06:25:11.058+0000] {standard_task_runner.py:82} INFO - Running: ['***', 'tasks', 'run', 'dag_1min', 'dump_1m', 'scheduled__2023-05-03T06:20:00+00:00', '--job-id', '206', '--raw', '--subdir', 'DAGS_FOLDER/dag_1min.py', '--cfg-path', '/tmp/tmpfx5iqkjh']
[2023-05-03T06:25:11.062+0000] {standard_task_runner.py:83} INFO - Job 206: Subtask dump_1m
[2023-05-03T06:25:11.377+0000] {task_command.py:389} INFO - Running <TaskInstance: dag_1min.dump_1m scheduled__2023-05-03T06:20:00+00:00 [running]> on host c58811f86e80
[2023-05-03T06:25:11.788+0000] {taskinstance.py:1518} INFO - Exporting the following env vars:
AIRFLOW_CTX_DAG_OWNER=coder2j
AIRFLOW_CTX_DAG_ID=dag_1min
AIRFLOW_CTX_TASK_ID=dump_1m
AIRFLOW_CTX_EXECUTION_DATE=2023-05-03T06:20:00+00:00
AIRFLOW_CTX_TRY_NUMBER=1
AIRFLOW_CTX_DAG_RUN_ID=scheduled__2023-05-03T06:20:00+00:00
[2023-05-03T06:25:13.026+0000] {logging_mixin.py:137} WARNING -   0%|          | 0/2 [00:00<?, ?it/s]
[2023-05-03T06:25:14.061+0000] {logging_mixin.py:137} INFO - [*********************100%***********************]  1 of 1 completed
[2023-05-03T06:25:15.389+0000] {logging_mixin.py:137} WARNING -  50%|#####     | 1/2 [00:02<00:02,  2.35s/it]
[2023-05-03T06:25:15.700+0000] {logging_mixin.py:137} INFO - [*********************100%***********************]  1 of 1 completed
[2023-05-03T06:25:17.109+0000] {logging_mixin.py:137} WARNING - 100%|##########| 2/2 [00:04<00:00,  1.98s/it]
[2023-05-03T06:25:17.113+0000] {logging_mixin.py:137} WARNING - 100%|##########| 2/2 [00:04<00:00,  2.04s/it]
[2023-05-03T06:25:17.127+0000] {logging_mixin.py:137} INFO - Index(['open', 'high', 'low', 'close', 'adj_close', 'volume', 'timestamp',
       'currency_pair', 'exchangetimezonename', 'timezone'],
      dtype='object')
[2023-05-03T06:25:17.303+0000] {download_yahoo.py:57} INFO - Downloaded data: 
	         open       high        low  ...  currency_pair  exchangetimezonename  timezone
0  16.705328  16.705328  16.705328  ...       AVAX-USD                   UTC       UTC
1  16.704330  16.704330  16.704330  ...       AVAX-USD                   UTC       UTC
2  16.704185  16.704185  16.704185  ...       AVAX-USD                   UTC       UTC
3  16.706638  16.706638  16.706638  ...       AVAX-USD                   UTC       UTC
4  16.709169  16.709169  16.709169  ...       AVAX-USD                   UTC       UTC

[5 rows x 10 columns]
[2023-05-03T06:25:17.715+0000] {python.py:177} INFO - Done. Returned value was: None
[2023-05-03T06:25:17.799+0000] {taskinstance.py:1332} INFO - Marking task as SUCCESS. dag_id=dag_1min, task_id=dump_1m, execution_date=20230503T062000, start_date=20230503T062510, end_date=20230503T062517
[2023-05-03T06:25:17.950+0000] {local_task_job.py:212} INFO - Task exited with return code 0
[2023-05-03T06:25:18.092+0000] {taskinstance.py:2596} INFO - 1 downstream tasks scheduled from follow-on schedule check
