[2023-04-15T18:37:41.683+0000] {taskinstance.py:1090} INFO - Dependencies all met for dep_context=non-requeueable deps ti=<TaskInstance: dag_with_python_dependencies_v03.get_sklearn scheduled__2023-04-15T04:56:00+00:00 [queued]>
[2023-04-15T18:37:42.377+0000] {taskinstance.py:1090} INFO - Dependencies all met for dep_context=requeueable deps ti=<TaskInstance: dag_with_python_dependencies_v03.get_sklearn scheduled__2023-04-15T04:56:00+00:00 [queued]>
[2023-04-15T18:37:42.400+0000] {taskinstance.py:1288} INFO - 
--------------------------------------------------------------------------------
[2023-04-15T18:37:42.402+0000] {taskinstance.py:1289} INFO - Starting attempt 1 of 1
[2023-04-15T18:37:42.403+0000] {taskinstance.py:1290} INFO - 
--------------------------------------------------------------------------------
[2023-04-15T18:37:52.985+0000] {taskinstance.py:1309} INFO - Executing <Task(PythonOperator): get_sklearn> on 2023-04-15 04:56:00+00:00
[2023-04-15T18:37:53.178+0000] {standard_task_runner.py:55} INFO - Started process 103 to run task
[2023-04-15T18:37:55.918+0000] {standard_task_runner.py:82} INFO - Running: ['***', 'tasks', 'run', 'dag_with_python_dependencies_v03', 'get_sklearn', 'scheduled__2023-04-15T04:56:00+00:00', '--job-id', '303', '--raw', '--subdir', 'DAGS_FOLDER/dag_with_python_dependencies.py', '--cfg-path', '/tmp/tmpcgnviod6']
[2023-04-15T18:37:56.116+0000] {standard_task_runner.py:83} INFO - Job 303: Subtask get_sklearn
[2023-04-15T18:38:10.016+0000] {task_command.py:389} INFO - Running <TaskInstance: dag_with_python_dependencies_v03.get_sklearn scheduled__2023-04-15T04:56:00+00:00 [running]> on host 1cd84fe4259f
[2023-04-15T18:38:11.223+0000] {taskinstance.py:1518} INFO - Exporting the following env vars:
AIRFLOW_CTX_DAG_OWNER=coder2j
AIRFLOW_CTX_DAG_ID=dag_with_python_dependencies_v03
AIRFLOW_CTX_TASK_ID=get_sklearn
AIRFLOW_CTX_EXECUTION_DATE=2023-04-15T04:56:00+00:00
AIRFLOW_CTX_TRY_NUMBER=1
AIRFLOW_CTX_DAG_RUN_ID=scheduled__2023-04-15T04:56:00+00:00
[2023-04-15T18:38:11.354+0000] {logging_mixin.py:137} WARNING -   0%|          | 0/2 [00:00<?, ?it/s]
[2023-04-15T18:38:12.915+0000] {logging_mixin.py:137} INFO - [*********************100%***********************]  1 of 1 completed
[2023-04-15T18:38:14.203+0000] {logging_mixin.py:137} WARNING -  50%|#####     | 1/2 [00:02<00:02,  2.84s/it]
[2023-04-15T18:38:14.567+0000] {logging_mixin.py:137} INFO - [*********************100%***********************]  1 of 1 completed
