[2023-05-02T21:15:08.647+0000] {taskinstance.py:1090} INFO - Dependencies all met for dep_context=non-requeueable deps ti=<TaskInstance: dag_1min.dump_1m scheduled__2023-05-02T21:10:00+00:00 [queued]>
[2023-05-02T21:15:08.703+0000] {taskinstance.py:1090} INFO - Dependencies all met for dep_context=requeueable deps ti=<TaskInstance: dag_1min.dump_1m scheduled__2023-05-02T21:10:00+00:00 [queued]>
[2023-05-02T21:15:08.707+0000] {taskinstance.py:1288} INFO - 
--------------------------------------------------------------------------------
[2023-05-02T21:15:08.709+0000] {taskinstance.py:1289} INFO - Starting attempt 1 of 1
[2023-05-02T21:15:08.712+0000] {taskinstance.py:1290} INFO - 
--------------------------------------------------------------------------------
[2023-05-02T21:15:08.815+0000] {taskinstance.py:1309} INFO - Executing <Task(PythonOperator): dump_1m> on 2023-05-02 21:10:00+00:00
[2023-05-02T21:15:08.834+0000] {standard_task_runner.py:55} INFO - Started process 1176 to run task
[2023-05-02T21:15:08.863+0000] {standard_task_runner.py:82} INFO - Running: ['***', 'tasks', 'run', 'dag_1min', 'dump_1m', 'scheduled__2023-05-02T21:10:00+00:00', '--job-id', '121', '--raw', '--subdir', 'DAGS_FOLDER/dag_1min.py', '--cfg-path', '/tmp/tmp3uwtzg_j']
[2023-05-02T21:15:08.867+0000] {standard_task_runner.py:83} INFO - Job 121: Subtask dump_1m
[2023-05-02T21:15:09.218+0000] {task_command.py:389} INFO - Running <TaskInstance: dag_1min.dump_1m scheduled__2023-05-02T21:10:00+00:00 [running]> on host 4a3bd7cf27f4
[2023-05-02T21:15:10.241+0000] {taskinstance.py:1518} INFO - Exporting the following env vars:
AIRFLOW_CTX_DAG_OWNER=coder2j
AIRFLOW_CTX_DAG_ID=dag_1min
AIRFLOW_CTX_TASK_ID=dump_1m
AIRFLOW_CTX_EXECUTION_DATE=2023-05-02T21:10:00+00:00
AIRFLOW_CTX_TRY_NUMBER=1
AIRFLOW_CTX_DAG_RUN_ID=scheduled__2023-05-02T21:10:00+00:00
[2023-05-02T21:15:12.590+0000] {logging_mixin.py:137} WARNING -   0%|          | 0/2 [00:00<?, ?it/s]
[2023-05-02T21:15:13.293+0000] {logging_mixin.py:137} INFO - [*********************100%***********************]  1 of 1 completed
[2023-05-02T21:15:14.845+0000] {logging_mixin.py:137} WARNING -  50%|#####     | 1/2 [00:02<00:02,  2.25s/it]
[2023-05-02T21:15:16.358+0000] {logging_mixin.py:137} INFO - [*********************100%***********************]  1 of 1 completed
[2023-05-02T21:15:18.387+0000] {logging_mixin.py:137} WARNING - 100%|##########| 2/2 [00:05<00:00,  3.01s/it]
[2023-05-02T21:15:18.398+0000] {logging_mixin.py:137} WARNING - 100%|##########| 2/2 [00:05<00:00,  2.90s/it]
[2023-05-02T21:15:18.419+0000] {logging_mixin.py:137} INFO - Index(['open', 'high', 'low', 'close', 'adj_close', 'volume', 'timestamp',
       'currency_pair', 'exchangetimezonename', 'timezone'],
      dtype='object')
[2023-05-02T21:15:18.603+0000] {download_yahoo.py:57} INFO - Downloaded data: 
	         open       high        low  ...  currency_pair  exchangetimezonename  timezone
0  16.875210  16.875210  16.875210  ...       AVAX-USD                   UTC       UTC
1  16.876242  16.876242  16.876242  ...       AVAX-USD                   UTC       UTC
2  16.874617  16.874617  16.874617  ...       AVAX-USD                   UTC       UTC
3  16.873417  16.873417  16.873417  ...       AVAX-USD                   UTC       UTC
4  16.873291  16.873291  16.873291  ...       AVAX-USD                   UTC       UTC

[5 rows x 10 columns]
[2023-05-02T21:15:19.002+0000] {python.py:177} INFO - Done. Returned value was: None
[2023-05-02T21:15:19.078+0000] {taskinstance.py:1332} INFO - Marking task as SUCCESS. dag_id=dag_1min, task_id=dump_1m, execution_date=20230502T211000, start_date=20230502T211508, end_date=20230502T211519
[2023-05-02T21:15:19.561+0000] {local_task_job.py:212} INFO - Task exited with return code 0
[2023-05-02T21:15:19.775+0000] {taskinstance.py:2596} INFO - 0 downstream tasks scheduled from follow-on schedule check
