[2023-05-02T03:15:15.449+0000] {taskinstance.py:1090} INFO - Dependencies all met for dep_context=non-requeueable deps ti=<TaskInstance: dag_1min.dump_1m scheduled__2023-05-02T03:10:00+00:00 [queued]>
[2023-05-02T03:15:15.551+0000] {taskinstance.py:1090} INFO - Dependencies all met for dep_context=requeueable deps ti=<TaskInstance: dag_1min.dump_1m scheduled__2023-05-02T03:10:00+00:00 [queued]>
[2023-05-02T03:15:15.554+0000] {taskinstance.py:1288} INFO - 
--------------------------------------------------------------------------------
[2023-05-02T03:15:15.557+0000] {taskinstance.py:1289} INFO - Starting attempt 1 of 1
[2023-05-02T03:15:15.561+0000] {taskinstance.py:1290} INFO - 
--------------------------------------------------------------------------------
[2023-05-02T03:15:15.676+0000] {taskinstance.py:1309} INFO - Executing <Task(PythonOperator): dump_1m> on 2023-05-02 03:10:00+00:00
[2023-05-02T03:15:15.696+0000] {standard_task_runner.py:55} INFO - Started process 2508 to run task
[2023-05-02T03:15:15.720+0000] {standard_task_runner.py:82} INFO - Running: ['***', 'tasks', 'run', 'dag_1min', 'dump_1m', 'scheduled__2023-05-02T03:10:00+00:00', '--job-id', '91', '--raw', '--subdir', 'DAGS_FOLDER/dag_1min.py', '--cfg-path', '/tmp/tmpkow0lw9y']
[2023-05-02T03:15:15.724+0000] {standard_task_runner.py:83} INFO - Job 91: Subtask dump_1m
[2023-05-02T03:15:16.099+0000] {task_command.py:389} INFO - Running <TaskInstance: dag_1min.dump_1m scheduled__2023-05-02T03:10:00+00:00 [running]> on host 178acfe6cdbb
[2023-05-02T03:15:17.605+0000] {taskinstance.py:1518} INFO - Exporting the following env vars:
AIRFLOW_CTX_DAG_OWNER=coder2j
AIRFLOW_CTX_DAG_ID=dag_1min
AIRFLOW_CTX_TASK_ID=dump_1m
AIRFLOW_CTX_EXECUTION_DATE=2023-05-02T03:10:00+00:00
AIRFLOW_CTX_TRY_NUMBER=1
AIRFLOW_CTX_DAG_RUN_ID=scheduled__2023-05-02T03:10:00+00:00
[2023-05-02T03:15:20.382+0000] {logging_mixin.py:137} WARNING -   0%|          | 0/2 [00:00<?, ?it/s]
[2023-05-02T03:15:21.578+0000] {logging_mixin.py:137} INFO - [*********************100%***********************]  1 of 1 completed
[2023-05-02T03:15:23.522+0000] {logging_mixin.py:137} WARNING -  50%|#####     | 1/2 [00:03<00:03,  3.12s/it]
[2023-05-02T03:15:24.122+0000] {logging_mixin.py:137} INFO - [*********************100%***********************]  1 of 1 completed
[2023-05-02T03:15:26.590+0000] {logging_mixin.py:137} WARNING - 100%|##########| 2/2 [00:06<00:00,  3.08s/it]
[2023-05-02T03:15:26.614+0000] {logging_mixin.py:137} WARNING - 100%|##########| 2/2 [00:06<00:00,  3.11s/it]
[2023-05-02T03:15:26.669+0000] {logging_mixin.py:137} INFO - Index(['open', 'high', 'low', 'close', 'adj_close', 'volume', 'timestamp',
       'currency_pair', 'exchangetimezonename', 'timezone'],
      dtype='object')
[2023-05-02T03:15:27.013+0000] {download_yahoo.py:57} INFO - Downloaded data: 
	         open       high        low  ...  currency_pair  exchangetimezonename  timezone
0  16.606970  16.606970  16.606970  ...       AVAX-USD                   UTC       UTC
1  16.606529  16.606529  16.606529  ...       AVAX-USD                   UTC       UTC
2  16.597857  16.597857  16.597857  ...       AVAX-USD                   UTC       UTC
3  16.598343  16.598343  16.598343  ...       AVAX-USD                   UTC       UTC
4  16.596371  16.596371  16.596371  ...       AVAX-USD                   UTC       UTC

[5 rows x 10 columns]
[2023-05-02T03:15:27.878+0000] {python.py:177} INFO - Done. Returned value was: None
[2023-05-02T03:15:28.064+0000] {taskinstance.py:1332} INFO - Marking task as SUCCESS. dag_id=dag_1min, task_id=dump_1m, execution_date=20230502T031000, start_date=20230502T031515, end_date=20230502T031528
[2023-05-02T03:15:28.535+0000] {local_task_job.py:212} INFO - Task exited with return code 0
[2023-05-02T03:15:29.012+0000] {taskinstance.py:2596} INFO - 0 downstream tasks scheduled from follow-on schedule check
