[2023-04-15T22:53:41.612+0000] {taskinstance.py:1090} INFO - Dependencies all met for dep_context=non-requeueable deps ti=<TaskInstance: dag_1min.dump_1m scheduled__2023-04-15T22:40:00+00:00 [queued]>
[2023-04-15T22:53:41.760+0000] {taskinstance.py:1090} INFO - Dependencies all met for dep_context=requeueable deps ti=<TaskInstance: dag_1min.dump_1m scheduled__2023-04-15T22:40:00+00:00 [queued]>
[2023-04-15T22:53:41.773+0000] {taskinstance.py:1288} INFO - 
--------------------------------------------------------------------------------
[2023-04-15T22:53:41.777+0000] {taskinstance.py:1289} INFO - Starting attempt 1 of 1
[2023-04-15T22:53:41.781+0000] {taskinstance.py:1290} INFO - 
--------------------------------------------------------------------------------
[2023-04-15T22:53:41.998+0000] {taskinstance.py:1309} INFO - Executing <Task(PythonOperator): dump_1m> on 2023-04-15 22:40:00+00:00
[2023-04-15T22:53:42.047+0000] {standard_task_runner.py:55} INFO - Started process 384 to run task
[2023-04-15T22:53:42.083+0000] {standard_task_runner.py:82} INFO - Running: ['***', 'tasks', 'run', 'dag_1min', 'dump_1m', 'scheduled__2023-04-15T22:40:00+00:00', '--job-id', '321', '--raw', '--subdir', 'DAGS_FOLDER/dag_1min.py', '--cfg-path', '/tmp/tmpzdawav80']
[2023-04-15T22:53:42.090+0000] {standard_task_runner.py:83} INFO - Job 321: Subtask dump_1m
[2023-04-15T22:53:46.292+0000] {task_command.py:389} INFO - Running <TaskInstance: dag_1min.dump_1m scheduled__2023-04-15T22:40:00+00:00 [running]> on host cc609b5f7385
[2023-04-15T22:54:04.424+0000] {taskinstance.py:1518} INFO - Exporting the following env vars:
AIRFLOW_CTX_DAG_OWNER=coder2j
AIRFLOW_CTX_DAG_ID=dag_1min
AIRFLOW_CTX_TASK_ID=dump_1m
AIRFLOW_CTX_EXECUTION_DATE=2023-04-15T22:40:00+00:00
AIRFLOW_CTX_TRY_NUMBER=1
AIRFLOW_CTX_DAG_RUN_ID=scheduled__2023-04-15T22:40:00+00:00
[2023-04-15T22:54:06.246+0000] {logging_mixin.py:137} WARNING -   0%|          | 0/2 [00:00<?, ?it/s]
[2023-04-15T22:54:09.577+0000] {logging_mixin.py:137} INFO - [*********************100%***********************]  1 of 1 completed
[2023-04-15T22:54:14.687+0000] {logging_mixin.py:137} WARNING -  50%|#####     | 1/2 [00:08<00:08,  8.37s/it]
[2023-04-15T22:54:16.381+0000] {logging_mixin.py:137} INFO - [*********************100%***********************]  1 of 1 completed
[2023-04-15T22:54:22.935+0000] {logging_mixin.py:137} WARNING - 100%|##########| 2/2 [00:16<00:00,  8.32s/it]
[2023-04-15T22:54:22.954+0000] {logging_mixin.py:137} WARNING - 100%|##########| 2/2 [00:16<00:00,  8.34s/it]
[2023-04-15T22:54:23.189+0000] {logging_mixin.py:137} INFO - Index(['open', 'high', 'low', 'close', 'adj_close', 'volume', 'timestamp',
       'currency_pair', 'exchangetimezonename', 'timezone'],
      dtype='object')
[2023-04-15T22:54:24.793+0000] {download_yahoo.py:57} INFO - Downloaded data: 
	         open       high        low  ...  currency_pair  exchangetimezonename  timezone
0  19.150347  19.150347  19.150347  ...       AVAX-USD                   UTC       UTC
1  19.147909  19.147909  19.147909  ...       AVAX-USD                   UTC       UTC
2  19.149336  19.149336  19.149336  ...       AVAX-USD                   UTC       UTC
3  19.147230  19.147230  19.147230  ...       AVAX-USD                   UTC       UTC
4  19.147602  19.147602  19.147602  ...       AVAX-USD                   UTC       UTC

[5 rows x 10 columns]
[2023-04-15T22:54:26.558+0000] {python.py:177} INFO - Done. Returned value was: None
[2023-04-15T22:54:27.200+0000] {taskinstance.py:1332} INFO - Marking task as SUCCESS. dag_id=dag_1min, task_id=dump_1m, execution_date=20230415T224000, start_date=20230415T225341, end_date=20230415T225427
[2023-04-15T22:54:29.058+0000] {local_task_job.py:212} INFO - Task exited with return code 0
[2023-04-15T22:54:30.867+0000] {taskinstance.py:2596} INFO - 0 downstream tasks scheduled from follow-on schedule check
