[2023-05-03T00:20:10.170+0000] {taskinstance.py:1090} INFO - Dependencies all met for dep_context=non-requeueable deps ti=<TaskInstance: dag_1min.dump_1m scheduled__2023-05-03T00:15:00+00:00 [queued]>
[2023-05-03T00:20:10.218+0000] {taskinstance.py:1090} INFO - Dependencies all met for dep_context=requeueable deps ti=<TaskInstance: dag_1min.dump_1m scheduled__2023-05-03T00:15:00+00:00 [queued]>
[2023-05-03T00:20:10.220+0000] {taskinstance.py:1288} INFO - 
--------------------------------------------------------------------------------
[2023-05-03T00:20:10.222+0000] {taskinstance.py:1289} INFO - Starting attempt 1 of 1
[2023-05-03T00:20:10.223+0000] {taskinstance.py:1290} INFO - 
--------------------------------------------------------------------------------
[2023-05-03T00:20:10.299+0000] {taskinstance.py:1309} INFO - Executing <Task(PythonOperator): dump_1m> on 2023-05-03 00:15:00+00:00
[2023-05-03T00:20:10.328+0000] {standard_task_runner.py:55} INFO - Started process 1861 to run task
[2023-05-03T00:20:10.342+0000] {standard_task_runner.py:82} INFO - Running: ['***', 'tasks', 'run', 'dag_1min', 'dump_1m', 'scheduled__2023-05-03T00:15:00+00:00', '--job-id', '148', '--raw', '--subdir', 'DAGS_FOLDER/dag_1min.py', '--cfg-path', '/tmp/tmp5554972v']
[2023-05-03T00:20:10.345+0000] {standard_task_runner.py:83} INFO - Job 148: Subtask dump_1m
[2023-05-03T00:20:10.670+0000] {task_command.py:389} INFO - Running <TaskInstance: dag_1min.dump_1m scheduled__2023-05-03T00:15:00+00:00 [running]> on host 4a3bd7cf27f4
[2023-05-03T00:20:11.769+0000] {taskinstance.py:1518} INFO - Exporting the following env vars:
AIRFLOW_CTX_DAG_OWNER=coder2j
AIRFLOW_CTX_DAG_ID=dag_1min
AIRFLOW_CTX_TASK_ID=dump_1m
AIRFLOW_CTX_EXECUTION_DATE=2023-05-03T00:15:00+00:00
AIRFLOW_CTX_TRY_NUMBER=1
AIRFLOW_CTX_DAG_RUN_ID=scheduled__2023-05-03T00:15:00+00:00
[2023-05-03T00:20:13.315+0000] {logging_mixin.py:137} WARNING -   0%|          | 0/2 [00:00<?, ?it/s]
[2023-05-03T00:20:14.105+0000] {logging_mixin.py:137} INFO - [*********************100%***********************]  1 of 1 completed
[2023-05-03T00:20:15.760+0000] {logging_mixin.py:137} WARNING -  50%|#####     | 1/2 [00:02<00:02,  2.43s/it]
[2023-05-03T00:20:16.159+0000] {logging_mixin.py:137} INFO - [*********************100%***********************]  1 of 1 completed
[2023-05-03T00:20:17.428+0000] {logging_mixin.py:137} WARNING - 100%|##########| 2/2 [00:04<00:00,  1.98s/it]
[2023-05-03T00:20:17.439+0000] {logging_mixin.py:137} WARNING - 100%|##########| 2/2 [00:04<00:00,  2.06s/it]
[2023-05-03T00:20:17.467+0000] {logging_mixin.py:137} INFO - Index(['open', 'high', 'low', 'close', 'adj_close', 'volume', 'timestamp',
       'currency_pair', 'exchangetimezonename', 'timezone'],
      dtype='object')
[2023-05-03T00:20:17.607+0000] {download_yahoo.py:57} INFO - Downloaded data: 
	         open       high        low  ...  currency_pair  exchangetimezonename  timezone
0  16.825630  16.825630  16.825630  ...       AVAX-USD                   UTC       UTC
1  16.801167  16.801167  16.801167  ...       AVAX-USD                   UTC       UTC
2  16.798561  16.798561  16.798561  ...       AVAX-USD                   UTC       UTC
3  16.796686  16.796686  16.796686  ...       AVAX-USD                   UTC       UTC
4  16.790173  16.790173  16.790173  ...       AVAX-USD                   UTC       UTC

[5 rows x 10 columns]
[2023-05-03T00:20:17.893+0000] {python.py:177} INFO - Done. Returned value was: None
[2023-05-03T00:20:17.945+0000] {taskinstance.py:1332} INFO - Marking task as SUCCESS. dag_id=dag_1min, task_id=dump_1m, execution_date=20230503T001500, start_date=20230503T002010, end_date=20230503T002017
[2023-05-03T00:20:18.108+0000] {local_task_job.py:212} INFO - Task exited with return code 0
[2023-05-03T00:20:18.242+0000] {taskinstance.py:2596} INFO - 0 downstream tasks scheduled from follow-on schedule check
