[2023-05-03T06:45:10.608+0000] {taskinstance.py:1090} INFO - Dependencies all met for dep_context=non-requeueable deps ti=<TaskInstance: dag_1min.dump_1m scheduled__2023-05-03T06:40:00+00:00 [queued]>
[2023-05-03T06:45:10.658+0000] {taskinstance.py:1090} INFO - Dependencies all met for dep_context=requeueable deps ti=<TaskInstance: dag_1min.dump_1m scheduled__2023-05-03T06:40:00+00:00 [queued]>
[2023-05-03T06:45:10.660+0000] {taskinstance.py:1288} INFO - 
--------------------------------------------------------------------------------
[2023-05-03T06:45:10.662+0000] {taskinstance.py:1289} INFO - Starting attempt 1 of 1
[2023-05-03T06:45:10.664+0000] {taskinstance.py:1290} INFO - 
--------------------------------------------------------------------------------
[2023-05-03T06:45:10.754+0000] {taskinstance.py:1309} INFO - Executing <Task(PythonOperator): dump_1m> on 2023-05-03 06:40:00+00:00
[2023-05-03T06:45:10.777+0000] {standard_task_runner.py:55} INFO - Started process 1527 to run task
[2023-05-03T06:45:10.788+0000] {standard_task_runner.py:82} INFO - Running: ['***', 'tasks', 'run', 'dag_1min', 'dump_1m', 'scheduled__2023-05-03T06:40:00+00:00', '--job-id', '214', '--raw', '--subdir', 'DAGS_FOLDER/dag_1min.py', '--cfg-path', '/tmp/tmprc_ozm2u']
[2023-05-03T06:45:10.791+0000] {standard_task_runner.py:83} INFO - Job 214: Subtask dump_1m
[2023-05-03T06:45:11.220+0000] {task_command.py:389} INFO - Running <TaskInstance: dag_1min.dump_1m scheduled__2023-05-03T06:40:00+00:00 [running]> on host c58811f86e80
[2023-05-03T06:45:11.623+0000] {taskinstance.py:1518} INFO - Exporting the following env vars:
AIRFLOW_CTX_DAG_OWNER=coder2j
AIRFLOW_CTX_DAG_ID=dag_1min
AIRFLOW_CTX_TASK_ID=dump_1m
AIRFLOW_CTX_EXECUTION_DATE=2023-05-03T06:40:00+00:00
AIRFLOW_CTX_TRY_NUMBER=1
AIRFLOW_CTX_DAG_RUN_ID=scheduled__2023-05-03T06:40:00+00:00
[2023-05-03T06:45:13.127+0000] {logging_mixin.py:137} WARNING -   0%|          | 0/2 [00:00<?, ?it/s]
[2023-05-03T06:45:15.193+0000] {logging_mixin.py:137} INFO - [*********************100%***********************]  1 of 1 completed
[2023-05-03T06:45:16.761+0000] {logging_mixin.py:137} WARNING -  50%|#####     | 1/2 [00:03<00:03,  3.63s/it]
[2023-05-03T06:45:17.313+0000] {logging_mixin.py:137} INFO - [*********************100%***********************]  1 of 1 completed
[2023-05-03T06:45:20.039+0000] {logging_mixin.py:137} WARNING - 100%|##########| 2/2 [00:06<00:00,  3.42s/it]
[2023-05-03T06:45:20.053+0000] {logging_mixin.py:137} WARNING - 100%|##########| 2/2 [00:06<00:00,  3.46s/it]
[2023-05-03T06:45:20.109+0000] {logging_mixin.py:137} INFO - Index(['open', 'high', 'low', 'close', 'adj_close', 'volume', 'timestamp',
       'currency_pair', 'exchangetimezonename', 'timezone'],
      dtype='object')
[2023-05-03T06:45:20.646+0000] {download_yahoo.py:57} INFO - Downloaded data: 
	         open       high        low  ...  currency_pair  exchangetimezonename  timezone
0  16.754820  16.754820  16.754820  ...       AVAX-USD                   UTC       UTC
1  16.754589  16.754589  16.754589  ...       AVAX-USD                   UTC       UTC
2  16.755207  16.755207  16.755207  ...       AVAX-USD                   UTC       UTC
3  16.754913  16.754913  16.754913  ...       AVAX-USD                   UTC       UTC
4  16.754124  16.754124  16.754124  ...       AVAX-USD                   UTC       UTC

[5 rows x 10 columns]
[2023-05-03T06:45:28.426+0000] {python.py:177} INFO - Done. Returned value was: None
[2023-05-03T06:45:28.580+0000] {taskinstance.py:1332} INFO - Marking task as SUCCESS. dag_id=dag_1min, task_id=dump_1m, execution_date=20230503T064000, start_date=20230503T064510, end_date=20230503T064528
[2023-05-03T06:45:28.767+0000] {local_task_job.py:212} INFO - Task exited with return code 0
[2023-05-03T06:45:29.063+0000] {taskinstance.py:2596} INFO - 1 downstream tasks scheduled from follow-on schedule check
