[2023-05-01 01:28:01,766] {taskinstance.py:1035} INFO - Dependencies all met for <TaskInstance: download_historical_postgres.download.historical.postgres.google_trends scheduled__2023-05-01T01:26:00+00:00 [queued]>
[2023-05-01 01:28:01,774] {taskinstance.py:1035} INFO - Dependencies all met for <TaskInstance: download_historical_postgres.download.historical.postgres.google_trends scheduled__2023-05-01T01:26:00+00:00 [queued]>
[2023-05-01 01:28:01,775] {taskinstance.py:1241} INFO - 
--------------------------------------------------------------------------------
[2023-05-01 01:28:01,776] {taskinstance.py:1242} INFO - Starting attempt 1 of 1
[2023-05-01 01:28:01,776] {taskinstance.py:1243} INFO - 
--------------------------------------------------------------------------------
[2023-05-01 01:28:01,785] {taskinstance.py:1262} INFO - Executing <Task(BashOperator): download.historical.postgres.google_trends> on 2023-05-01 01:26:00+00:00
[2023-05-01 01:28:01,788] {standard_task_runner.py:52} INFO - Started process 536 to run task
[2023-05-01 01:28:01,792] {standard_task_runner.py:76} INFO - Running: ['***', 'tasks', 'run', 'download_historical_postgres', 'download.historical.postgres.google_trends', 'scheduled__2023-05-01T01:26:00+00:00', '--job-id', '29', '--raw', '--subdir', 'DAGS_FOLDER/download_historical_postgres_google_trends.py', '--cfg-path', '/tmp/tmpsh0b_i1s', '--error-file', '/tmp/tmpzri6g7uu']
[2023-05-01 01:28:01,793] {standard_task_runner.py:77} INFO - Job 29: Subtask download.historical.postgres.google_trends
[2023-05-01 01:28:01,832] {logging_mixin.py:109} INFO - Running <TaskInstance: download_historical_postgres.download.historical.postgres.google_trends scheduled__2023-05-01T01:26:00+00:00 [running]> on host 4fd1971d5f6c
[2023-05-01 01:28:01,873] {taskinstance.py:1429} INFO - Exporting the following env vars:
AIRFLOW_CTX_DAG_EMAIL=***@example.com
AIRFLOW_CTX_DAG_OWNER=***
AIRFLOW_CTX_DAG_ID=download_historical_postgres
AIRFLOW_CTX_TASK_ID=download.historical.postgres.google_trends
AIRFLOW_CTX_EXECUTION_DATE=2023-05-01T01:26:00+00:00
AIRFLOW_CTX_DAG_RUN_ID=scheduled__2023-05-01T01:26:00+00:00
[2023-05-01 01:28:01,875] {subprocess.py:62} INFO - Tmp dir root location: 
 /tmp
[2023-05-01 01:28:01,876] {subprocess.py:74} INFO - Running command: ['bash', '-c', 'sleep 5 && /cmamp/src/download_to_db.py --target_table google_trends_data --use_api True --real_time_data False']
[2023-05-01 01:28:01,884] {subprocess.py:85} INFO - Output:
[2023-05-01 01:28:07,454] {subprocess.py:89} INFO - !!connection fetched!!
[2023-05-01 01:28:07,455] {subprocess.py:89} INFO - !Done!
[2023-05-01 01:28:07,457] {subprocess.py:89} INFO -               Topic      Time  Frequency
[2023-05-01 01:28:07,458] {subprocess.py:89} INFO - 0  washing machines  Jan 2004        100
[2023-05-01 01:28:07,459] {subprocess.py:89} INFO - 1  washing machines  Feb 2004         93
[2023-05-01 01:28:07,460] {subprocess.py:89} INFO - 2  washing machines  Mar 2004         83
[2023-05-01 01:28:07,460] {subprocess.py:89} INFO - 3  washing machines  Apr 2004         78
[2023-05-01 01:28:07,461] {subprocess.py:89} INFO - 4  washing machines  May 2004         83
[2023-05-01 01:28:07,499] {subprocess.py:93} INFO - Command exited with return code 0
[2023-05-01 01:28:07,521] {taskinstance.py:1280} INFO - Marking task as SUCCESS. dag_id=download_historical_postgres, task_id=download.historical.postgres.google_trends, execution_date=20230501T012600, start_date=20230501T012801, end_date=20230501T012807
[2023-05-01 01:28:07,541] {local_task_job.py:154} INFO - Task exited with return code 0
[2023-05-01 01:28:07,563] {local_task_job.py:264} INFO - 0 downstream tasks scheduled from follow-on schedule check
