[2023-05-02T20:39:57.313+0000] {taskinstance.py:1090} INFO - Dependencies all met for dep_context=non-requeueable deps ti=<TaskInstance: dag_1min.dump_1m scheduled__2023-05-02T20:30:00+00:00 [queued]>
[2023-05-02T20:39:57.598+0000] {taskinstance.py:1090} INFO - Dependencies all met for dep_context=requeueable deps ti=<TaskInstance: dag_1min.dump_1m scheduled__2023-05-02T20:30:00+00:00 [queued]>
[2023-05-02T20:39:57.603+0000] {taskinstance.py:1288} INFO - 
--------------------------------------------------------------------------------
[2023-05-02T20:39:57.606+0000] {taskinstance.py:1289} INFO - Starting attempt 1 of 1
[2023-05-02T20:39:57.611+0000] {taskinstance.py:1290} INFO - 
--------------------------------------------------------------------------------
[2023-05-02T20:39:57.844+0000] {taskinstance.py:1309} INFO - Executing <Task(PythonOperator): dump_1m> on 2023-05-02 20:30:00+00:00
[2023-05-02T20:39:57.900+0000] {standard_task_runner.py:55} INFO - Started process 186 to run task
[2023-05-02T20:39:57.993+0000] {standard_task_runner.py:82} INFO - Running: ['***', 'tasks', 'run', 'dag_1min', 'dump_1m', 'scheduled__2023-05-02T20:30:00+00:00', '--job-id', '112', '--raw', '--subdir', 'DAGS_FOLDER/dag_1min.py', '--cfg-path', '/tmp/tmpy6k2nu5b']
[2023-05-02T20:39:58.005+0000] {standard_task_runner.py:83} INFO - Job 112: Subtask dump_1m
[2023-05-02T20:39:58.875+0000] {task_command.py:389} INFO - Running <TaskInstance: dag_1min.dump_1m scheduled__2023-05-02T20:30:00+00:00 [running]> on host 4a3bd7cf27f4
[2023-05-02T20:40:01.366+0000] {taskinstance.py:1518} INFO - Exporting the following env vars:
AIRFLOW_CTX_DAG_OWNER=coder2j
AIRFLOW_CTX_DAG_ID=dag_1min
AIRFLOW_CTX_TASK_ID=dump_1m
AIRFLOW_CTX_EXECUTION_DATE=2023-05-02T20:30:00+00:00
AIRFLOW_CTX_TRY_NUMBER=1
AIRFLOW_CTX_DAG_RUN_ID=scheduled__2023-05-02T20:30:00+00:00
[2023-05-02T20:40:15.161+0000] {logging_mixin.py:137} WARNING -   0%|          | 0/2 [00:00<?, ?it/s]
[2023-05-02T20:40:24.088+0000] {logging_mixin.py:137} INFO - [*********************100%***********************]  1 of 1 completed
[2023-05-02T20:40:24.113+0000] {logging_mixin.py:137} INFO - 
1 Failed download:
[2023-05-02T20:40:24.119+0000] {logging_mixin.py:137} INFO - - AVAX-USD: Exception('Tkr AVAX-USD tz already in cache')
[2023-05-02T20:40:42.602+0000] {logging_mixin.py:137} WARNING -  50%|#####     | 1/2 [00:27<00:27, 27.06s/it]
[2023-05-02T20:40:48.532+0000] {logging_mixin.py:137} INFO - [*********************100%***********************]  1 of 1 completed
[2023-05-02T20:40:51.547+0000] {logging_mixin.py:137} WARNING - 100%|##########| 2/2 [00:36<00:00, 16.60s/it]
[2023-05-02T20:40:51.586+0000] {logging_mixin.py:137} WARNING - 100%|##########| 2/2 [00:36<00:00, 18.20s/it]
[2023-05-02T20:40:51.678+0000] {logging_mixin.py:137} INFO - Index(['open', 'high', 'low', 'close', 'adj_close', 'volume', 'timestamp',
       'currency_pair', 'exchangetimezonename', 'timezone'],
      dtype='object')
[2023-05-02T20:40:52.198+0000] {download_yahoo.py:57} INFO - Downloaded data: 
	            open          high  ...  exchangetimezonename  timezone
0  29290.113281  29290.113281  ...                   UTC       UTC
1  29227.103516  29227.103516  ...                   UTC       UTC
2  29257.669922  29257.669922  ...                   UTC       UTC
3  29287.000000  29287.000000  ...                   UTC       UTC
4  29249.609375  29249.609375  ...                   UTC       UTC

[5 rows x 10 columns]
[2023-05-02T20:40:57.461+0000] {python.py:177} INFO - Done. Returned value was: None
[2023-05-02T20:40:57.715+0000] {taskinstance.py:1332} INFO - Marking task as SUCCESS. dag_id=dag_1min, task_id=dump_1m, execution_date=20230502T203000, start_date=20230502T203957, end_date=20230502T204057
[2023-05-02T20:40:58.321+0000] {local_task_job.py:212} INFO - Task exited with return code 0
[2023-05-02T20:40:58.618+0000] {taskinstance.py:2596} INFO - 0 downstream tasks scheduled from follow-on schedule check
