[2023-04-16T00:37:18.285+0000] {taskinstance.py:1090} INFO - Dependencies all met for dep_context=non-requeueable deps ti=<TaskInstance: dag_2min.dump_2m scheduled__2023-04-15T22:40:00+00:00 [queued]>
[2023-04-16T00:37:18.355+0000] {taskinstance.py:1090} INFO - Dependencies all met for dep_context=requeueable deps ti=<TaskInstance: dag_2min.dump_2m scheduled__2023-04-15T22:40:00+00:00 [queued]>
[2023-04-16T00:37:18.359+0000] {taskinstance.py:1288} INFO - 
--------------------------------------------------------------------------------
[2023-04-16T00:37:18.369+0000] {taskinstance.py:1289} INFO - Starting attempt 1 of 1
[2023-04-16T00:37:18.372+0000] {taskinstance.py:1290} INFO - 
--------------------------------------------------------------------------------
[2023-04-16T00:37:18.507+0000] {taskinstance.py:1309} INFO - Executing <Task(PythonOperator): dump_2m> on 2023-04-15 22:40:00+00:00
[2023-04-16T00:37:18.534+0000] {standard_task_runner.py:55} INFO - Started process 3100 to run task
[2023-04-16T00:37:18.815+0000] {standard_task_runner.py:82} INFO - Running: ['***', 'tasks', 'run', 'dag_2min', 'dump_2m', 'scheduled__2023-04-15T22:40:00+00:00', '--job-id', '344', '--raw', '--subdir', 'DAGS_FOLDER/dag_2min.py', '--cfg-path', '/tmp/tmptbamxo_k']
[2023-04-16T00:37:18.876+0000] {standard_task_runner.py:83} INFO - Job 344: Subtask dump_2m
[2023-04-16T00:37:19.499+0000] {task_command.py:389} INFO - Running <TaskInstance: dag_2min.dump_2m scheduled__2023-04-15T22:40:00+00:00 [running]> on host cc609b5f7385
[2023-04-16T00:37:20.702+0000] {taskinstance.py:1518} INFO - Exporting the following env vars:
AIRFLOW_CTX_DAG_OWNER=coder2j
AIRFLOW_CTX_DAG_ID=dag_2min
AIRFLOW_CTX_TASK_ID=dump_2m
AIRFLOW_CTX_EXECUTION_DATE=2023-04-15T22:40:00+00:00
AIRFLOW_CTX_TRY_NUMBER=1
AIRFLOW_CTX_DAG_RUN_ID=scheduled__2023-04-15T22:40:00+00:00
[2023-04-16T00:37:21.368+0000] {logging_mixin.py:137} WARNING -   0%|          | 0/2 [00:00<?, ?it/s]
[2023-04-16T00:37:29.357+0000] {logging_mixin.py:137} INFO - [*********************100%***********************]  1 of 1 completed
[2023-04-16T00:37:31.797+0000] {logging_mixin.py:137} WARNING -  50%|#####     | 1/2 [00:10<00:10, 10.32s/it]
[2023-04-16T00:37:32.850+0000] {logging_mixin.py:137} INFO - [*********************100%***********************]  1 of 1 completed
[2023-04-16T00:37:34.874+0000] {logging_mixin.py:137} WARNING - 100%|##########| 2/2 [00:13<00:00,  6.11s/it]
[2023-04-16T00:37:34.880+0000] {logging_mixin.py:137} WARNING - 100%|##########| 2/2 [00:13<00:00,  6.75s/it]
[2023-04-16T00:37:34.914+0000] {logging_mixin.py:137} INFO - Index(['open', 'high', 'low', 'close', 'adj_close', 'volume', 'timestamp',
       'currency_pair', 'exchangetimezonename', 'timezone'],
      dtype='object')
[2023-04-16T00:37:35.223+0000] {download_yahoo.py:57} INFO - Downloaded data: 
	         open       high        low  ...  currency_pair  exchangetimezonename  timezone
0  19.108862  19.108862  19.108862  ...       AVAX-USD                   UTC       UTC
1  19.107136  19.107136  19.105591  ...       AVAX-USD                   UTC       UTC
2  19.104191  19.104191  19.103355  ...       AVAX-USD                   UTC       UTC
3  19.097034  19.097034  19.095163  ...       AVAX-USD                   UTC       UTC
4  19.094864  19.094864  19.093372  ...       AVAX-USD                   UTC       UTC

[5 rows x 10 columns]
[2023-04-16T00:37:35.893+0000] {python.py:177} INFO - Done. Returned value was: None
[2023-04-16T00:37:36.068+0000] {taskinstance.py:1332} INFO - Marking task as SUCCESS. dag_id=dag_2min, task_id=dump_2m, execution_date=20230415T224000, start_date=20230416T003718, end_date=20230416T003736
[2023-04-16T00:37:36.565+0000] {local_task_job.py:212} INFO - Task exited with return code 0
[2023-04-16T00:37:36.771+0000] {taskinstance.py:2596} INFO - 0 downstream tasks scheduled from follow-on schedule check
