[2023-05-02T02:25:09.611+0000] {taskinstance.py:1090} INFO - Dependencies all met for dep_context=non-requeueable deps ti=<TaskInstance: dag_1min.dump_1m scheduled__2023-05-02T02:20:00+00:00 [queued]>
[2023-05-02T02:25:09.661+0000] {taskinstance.py:1090} INFO - Dependencies all met for dep_context=requeueable deps ti=<TaskInstance: dag_1min.dump_1m scheduled__2023-05-02T02:20:00+00:00 [queued]>
[2023-05-02T02:25:09.664+0000] {taskinstance.py:1288} INFO - 
--------------------------------------------------------------------------------
[2023-05-02T02:25:09.666+0000] {taskinstance.py:1289} INFO - Starting attempt 1 of 1
[2023-05-02T02:25:09.669+0000] {taskinstance.py:1290} INFO - 
--------------------------------------------------------------------------------
[2023-05-02T02:25:09.782+0000] {taskinstance.py:1309} INFO - Executing <Task(PythonOperator): dump_1m> on 2023-05-02 02:20:00+00:00
[2023-05-02T02:25:09.806+0000] {standard_task_runner.py:55} INFO - Started process 1231 to run task
[2023-05-02T02:25:09.824+0000] {standard_task_runner.py:82} INFO - Running: ['***', 'tasks', 'run', 'dag_1min', 'dump_1m', 'scheduled__2023-05-02T02:20:00+00:00', '--job-id', '81', '--raw', '--subdir', 'DAGS_FOLDER/dag_1min.py', '--cfg-path', '/tmp/tmpm6t058_w']
[2023-05-02T02:25:09.829+0000] {standard_task_runner.py:83} INFO - Job 81: Subtask dump_1m
[2023-05-02T02:25:10.215+0000] {task_command.py:389} INFO - Running <TaskInstance: dag_1min.dump_1m scheduled__2023-05-02T02:20:00+00:00 [running]> on host 178acfe6cdbb
[2023-05-02T02:25:12.183+0000] {taskinstance.py:1518} INFO - Exporting the following env vars:
AIRFLOW_CTX_DAG_OWNER=coder2j
AIRFLOW_CTX_DAG_ID=dag_1min
AIRFLOW_CTX_TASK_ID=dump_1m
AIRFLOW_CTX_EXECUTION_DATE=2023-05-02T02:20:00+00:00
AIRFLOW_CTX_TRY_NUMBER=1
AIRFLOW_CTX_DAG_RUN_ID=scheduled__2023-05-02T02:20:00+00:00
[2023-05-02T02:25:17.574+0000] {logging_mixin.py:137} WARNING -   0%|          | 0/2 [00:00<?, ?it/s]
[2023-05-02T02:25:39.902+0000] {logging_mixin.py:137} INFO - [*********************100%***********************]  1 of 1 completed
[2023-05-02T02:25:43.901+0000] {logging_mixin.py:137} WARNING -  50%|#####     | 1/2 [00:26<00:26, 26.25s/it]
[2023-05-02T02:25:44.780+0000] {logging_mixin.py:137} INFO - [*********************100%***********************]  1 of 1 completed
[2023-05-02T02:25:47.253+0000] {logging_mixin.py:137} WARNING - 100%|##########| 2/2 [00:29<00:00, 12.78s/it]
[2023-05-02T02:25:47.294+0000] {logging_mixin.py:137} WARNING - 100%|##########| 2/2 [00:29<00:00, 14.84s/it]
[2023-05-02T02:25:47.438+0000] {logging_mixin.py:137} INFO - Index(['open', 'high', 'low', 'close', 'adj_close', 'volume', 'timestamp',
       'currency_pair', 'exchangetimezonename', 'timezone'],
      dtype='object')
[2023-05-02T02:25:48.010+0000] {download_yahoo.py:57} INFO - Downloaded data: 
	         open       high        low  ...  currency_pair  exchangetimezonename  timezone
0  16.549694  16.549694  16.549694  ...       AVAX-USD                   UTC       UTC
1  16.551655  16.551655  16.551655  ...       AVAX-USD                   UTC       UTC
2  16.562160  16.562160  16.562160  ...       AVAX-USD                   UTC       UTC
3  16.565191  16.565191  16.565191  ...       AVAX-USD                   UTC       UTC
4  16.567951  16.567951  16.567951  ...       AVAX-USD                   UTC       UTC

[5 rows x 10 columns]
[2023-05-02T02:25:48.841+0000] {python.py:177} INFO - Done. Returned value was: None
[2023-05-02T02:25:49.032+0000] {taskinstance.py:1332} INFO - Marking task as SUCCESS. dag_id=dag_1min, task_id=dump_1m, execution_date=20230502T022000, start_date=20230502T022509, end_date=20230502T022549
[2023-05-02T02:25:49.669+0000] {local_task_job.py:212} INFO - Task exited with return code 0
[2023-05-02T02:25:50.045+0000] {taskinstance.py:2596} INFO - 0 downstream tasks scheduled from follow-on schedule check
