2024-04-24 23:52:29,346 INFO  [main] RESTServer: ***** STARTING service 'RESTServer' *****
2024-04-24 23:52:29,352 INFO  [main] util.VersionInfo: HBase 2.1.2
2024-04-24 23:52:29,352 INFO  [main] util.VersionInfo: Source code repository git://kalashnikov/Users/stack/checkouts/hbase.git revision=1dfc418f77801fbfb59a125756891b9100c1fc6d
2024-04-24 23:52:29,352 INFO  [main] util.VersionInfo: Compiled by stack on Sun Dec 30 21:45:09 PST 2018
2024-04-24 23:52:29,352 INFO  [main] util.VersionInfo: From source with checksum 5701bcce2fc4832a4b2990adc735b516
2024-04-24 23:52:30,126 WARN  [main] util.NativeCodeLoader: Unable to load native-hadoop library for your platform... using builtin-java classes where applicable
2024-04-24 23:52:31,158 INFO  [main] metrics.MetricRegistries: Loaded MetricRegistries class org.apache.hadoop.hbase.metrics.impl.MetricRegistriesImpl
2024-04-24 23:52:31,768 INFO  [main] util.log: Logging initialized @2950ms
2024-04-24 23:52:32,482 INFO  [main] http.HttpRequestLog: Http request log for http.requests.rest is not defined
2024-04-24 23:52:32,502 INFO  [main] http.HttpServer: Added global filter 'safety' (class=org.apache.hadoop.hbase.http.HttpServer$QuotingInputFilter)
2024-04-24 23:52:32,502 INFO  [main] http.HttpServer: Added global filter 'clickjackingprevention' (class=org.apache.hadoop.hbase.http.ClickjackingPreventionFilter)
2024-04-24 23:52:32,523 INFO  [main] http.HttpServer: Added filter static_user_filter (class=org.apache.hadoop.hbase.http.lib.StaticUserWebFilter$StaticUserFilter) to context rest
2024-04-24 23:52:32,523 INFO  [main] http.HttpServer: Added filter static_user_filter (class=org.apache.hadoop.hbase.http.lib.StaticUserWebFilter$StaticUserFilter) to context static
2024-04-24 23:52:32,523 INFO  [main] http.HttpServer: Added filter static_user_filter (class=org.apache.hadoop.hbase.http.lib.StaticUserWebFilter$StaticUserFilter) to context logs
2024-04-24 23:52:32,565 INFO  [main] http.HttpServer: Jetty bound to port 8085
2024-04-24 23:52:32,567 INFO  [main] server.Server: jetty-9.3.19.v20170502
2024-04-24 23:52:32,775 INFO  [main] handler.ContextHandler: Started o.e.j.s.ServletContextHandler@6c1a5b54{/logs,file:///opt/hbase/logs/,AVAILABLE}
2024-04-24 23:52:32,775 INFO  [main] handler.ContextHandler: Started o.e.j.s.ServletContextHandler@60099951{/static,file:///opt/hbase/hbase-webapps/static/,AVAILABLE}
2024-04-24 23:52:32,962 INFO  [main] handler.ContextHandler: Started o.e.j.w.WebAppContext@24c1b2d2{/,file:///opt/hbase/hbase-webapps/rest/,AVAILABLE}{file:/opt/hbase/hbase-webapps/rest}
2024-04-24 23:52:32,994 INFO  [main] server.AbstractConnector: Started ServerConnector@45385f75{HTTP/1.1,[http/1.1]}{0.0.0.0:8085}
2024-04-24 23:52:32,994 INFO  [main] server.Server: Started @4177ms
2024-04-24 23:52:32,995 INFO  [main] server.Server: jetty-9.3.19.v20170502
2024-04-24 23:52:33,092 WARN  [main] security.SecurityHandler: ServletContext@o.e.j.s.ServletContextHandler@759d26fb{/,null,STARTING} has uncovered http methods for path: /*
2024-04-24 23:52:34,380 INFO  [main] handler.ContextHandler: Started o.e.j.s.ServletContextHandler@759d26fb{/,null,AVAILABLE}
2024-04-24 23:52:34,423 INFO  [main] server.AbstractConnector: Started ServerConnector@41e1e210{HTTP/1.1,[http/1.1]}{0.0.0.0:8080}
2024-04-24 23:52:34,423 INFO  [main] server.Server: Started @5607ms
