[2023-05-02T01:50:15.552+0000] {taskinstance.py:1090} INFO - Dependencies all met for dep_context=non-requeueable deps ti=<TaskInstance: dag_1min.dump_1m scheduled__2023-05-02T01:45:00+00:00 [queued]>
[2023-05-02T01:50:15.625+0000] {taskinstance.py:1090} INFO - Dependencies all met for dep_context=requeueable deps ti=<TaskInstance: dag_1min.dump_1m scheduled__2023-05-02T01:45:00+00:00 [queued]>
[2023-05-02T01:50:15.628+0000] {taskinstance.py:1288} INFO - 
--------------------------------------------------------------------------------
[2023-05-02T01:50:15.632+0000] {taskinstance.py:1289} INFO - Starting attempt 1 of 1
[2023-05-02T01:50:15.634+0000] {taskinstance.py:1290} INFO - 
--------------------------------------------------------------------------------
[2023-05-02T01:50:15.733+0000] {taskinstance.py:1309} INFO - Executing <Task(PythonOperator): dump_1m> on 2023-05-02 01:45:00+00:00
[2023-05-02T01:50:15.753+0000] {standard_task_runner.py:55} INFO - Started process 342 to run task
[2023-05-02T01:50:15.769+0000] {standard_task_runner.py:82} INFO - Running: ['***', 'tasks', 'run', 'dag_1min', 'dump_1m', 'scheduled__2023-05-02T01:45:00+00:00', '--job-id', '74', '--raw', '--subdir', 'DAGS_FOLDER/dag_1min.py', '--cfg-path', '/tmp/tmplm90tsg0']
[2023-05-02T01:50:15.773+0000] {standard_task_runner.py:83} INFO - Job 74: Subtask dump_1m
[2023-05-02T01:50:16.094+0000] {task_command.py:389} INFO - Running <TaskInstance: dag_1min.dump_1m scheduled__2023-05-02T01:45:00+00:00 [running]> on host 178acfe6cdbb
[2023-05-02T01:50:17.181+0000] {taskinstance.py:1518} INFO - Exporting the following env vars:
AIRFLOW_CTX_DAG_OWNER=coder2j
AIRFLOW_CTX_DAG_ID=dag_1min
AIRFLOW_CTX_TASK_ID=dump_1m
AIRFLOW_CTX_EXECUTION_DATE=2023-05-02T01:45:00+00:00
AIRFLOW_CTX_TRY_NUMBER=1
AIRFLOW_CTX_DAG_RUN_ID=scheduled__2023-05-02T01:45:00+00:00
[2023-05-02T01:50:19.485+0000] {logging_mixin.py:137} WARNING -   0%|          | 0/2 [00:00<?, ?it/s]
[2023-05-02T01:50:20.415+0000] {logging_mixin.py:137} INFO - [*********************100%***********************]  1 of 1 completed
[2023-05-02T01:50:22.408+0000] {logging_mixin.py:137} WARNING -  50%|#####     | 1/2 [00:02<00:02,  2.89s/it]
[2023-05-02T01:50:22.882+0000] {logging_mixin.py:137} INFO - [*********************100%***********************]  1 of 1 completed
[2023-05-02T01:50:24.454+0000] {logging_mixin.py:137} WARNING - 100%|##########| 2/2 [00:04<00:00,  2.40s/it]
[2023-05-02T01:50:24.476+0000] {logging_mixin.py:137} WARNING - 100%|##########| 2/2 [00:04<00:00,  2.49s/it]
[2023-05-02T01:50:24.520+0000] {logging_mixin.py:137} INFO - Index(['open', 'high', 'low', 'close', 'adj_close', 'volume', 'timestamp',
       'currency_pair', 'exchangetimezonename', 'timezone'],
      dtype='object')
[2023-05-02T01:50:25.187+0000] {download_yahoo.py:57} INFO - Downloaded data: 
	            open          high  ...  exchangetimezonename  timezone
0     16.604002     16.604002  ...                   UTC       UTC
1     16.606268     16.606268  ...                   UTC       UTC
2     16.608767     16.608767  ...                   UTC       UTC
3  28081.371094  28081.371094  ...                   UTC       UTC
4  28077.708984  28077.708984  ...                   UTC       UTC

[5 rows x 10 columns]
[2023-05-02T01:50:25.890+0000] {python.py:177} INFO - Done. Returned value was: None
[2023-05-02T01:50:26.010+0000] {taskinstance.py:1332} INFO - Marking task as SUCCESS. dag_id=dag_1min, task_id=dump_1m, execution_date=20230502T014500, start_date=20230502T015015, end_date=20230502T015026
[2023-05-02T01:50:26.288+0000] {local_task_job.py:212} INFO - Task exited with return code 0
[2023-05-02T01:50:26.568+0000] {taskinstance.py:2596} INFO - 0 downstream tasks scheduled from follow-on schedule check
