[2023-05-03 02:23:03,261] {taskinstance.py:1035} INFO - Dependencies all met for <TaskInstance: perform_predictions.predict.postgres.google_trends manual__2023-05-03T02:23:01.378698+00:00 [queued]>
[2023-05-03 02:23:03,270] {taskinstance.py:1035} INFO - Dependencies all met for <TaskInstance: perform_predictions.predict.postgres.google_trends manual__2023-05-03T02:23:01.378698+00:00 [queued]>
[2023-05-03 02:23:03,271] {taskinstance.py:1241} INFO - 
--------------------------------------------------------------------------------
[2023-05-03 02:23:03,272] {taskinstance.py:1242} INFO - Starting attempt 1 of 1
[2023-05-03 02:23:03,273] {taskinstance.py:1243} INFO - 
--------------------------------------------------------------------------------
[2023-05-03 02:23:03,282] {taskinstance.py:1262} INFO - Executing <Task(BashOperator): predict.postgres.google_trends> on 2023-05-03 02:23:01.378698+00:00
[2023-05-03 02:23:03,286] {standard_task_runner.py:52} INFO - Started process 1219 to run task
[2023-05-03 02:23:03,289] {standard_task_runner.py:76} INFO - Running: ['***', 'tasks', 'run', 'perform_predictions', 'predict.postgres.google_trends', 'manual__2023-05-03T02:23:01.378698+00:00', '--job-id', '34', '--raw', '--subdir', 'DAGS_FOLDER/***_predictions_scheduler.py', '--cfg-path', '/tmp/tmprlkf489m', '--error-file', '/tmp/tmp3hh6grkr']
[2023-05-03 02:23:03,291] {standard_task_runner.py:77} INFO - Job 34: Subtask predict.postgres.google_trends
[2023-05-03 02:23:03,332] {logging_mixin.py:109} INFO - Running <TaskInstance: perform_predictions.predict.postgres.google_trends manual__2023-05-03T02:23:01.378698+00:00 [running]> on host adc748a128b1
[2023-05-03 02:23:03,376] {taskinstance.py:1429} INFO - Exporting the following env vars:
AIRFLOW_CTX_DAG_EMAIL=***@example.com
AIRFLOW_CTX_DAG_OWNER=***
AIRFLOW_CTX_DAG_ID=perform_predictions
AIRFLOW_CTX_TASK_ID=predict.postgres.google_trends
AIRFLOW_CTX_EXECUTION_DATE=2023-05-03T02:23:01.378698+00:00
AIRFLOW_CTX_DAG_RUN_ID=manual__2023-05-03T02:23:01.378698+00:00
[2023-05-03 02:23:03,377] {subprocess.py:62} INFO - Tmp dir root location: 
 /tmp
[2023-05-03 02:23:03,379] {subprocess.py:74} INFO - Running command: ['bash', '-c', 'sleep 5 && /cmamp/src/load_validate_transform.py --source_table google_trends_data --target_table google_trends_predictions --topic washing_machines']
[2023-05-03 02:23:03,386] {subprocess.py:85} INFO - Output:
[2023-05-03 02:23:08,828] {subprocess.py:89} INFO - Running all QA checks:
[2023-05-03 02:23:08,830] {subprocess.py:89} INFO - DenormalizedDatasetCheck: PASSED
[2023-05-03 02:23:08,832] {subprocess.py:89} INFO - RESAMPLING DATA
[2023-05-03 02:23:08,833] {subprocess.py:89} INFO -                 Topic       Time  Record Type  Frequency
[2023-05-03 02:23:08,834] {subprocess.py:89} INFO - 0    washing machines 2004-01-01         data      100.0
[2023-05-03 02:23:08,835] {subprocess.py:89} INFO - 1    washing machines 2004-02-01         data       95.0
[2023-05-03 02:23:08,836] {subprocess.py:89} INFO - 2    washing machines 2004-03-01         data       87.0
[2023-05-03 02:23:08,837] {subprocess.py:89} INFO - 3    washing machines 2004-04-01         data       79.0
[2023-05-03 02:23:08,838] {subprocess.py:89} INFO - 4    washing machines 2004-05-01         data       82.0
[2023-05-03 02:23:08,839] {subprocess.py:89} INFO - ..                ...        ...          ...        ...
[2023-05-03 02:23:08,840] {subprocess.py:89} INFO - 227  washing machines 2022-12-01  predictions       25.0
[2023-05-03 02:23:08,840] {subprocess.py:89} INFO - 228  washing machines 2023-01-01  predictions       25.0
[2023-05-03 02:23:08,841] {subprocess.py:89} INFO - 229  washing machines 2023-02-01  predictions       24.0
[2023-05-03 02:23:08,842] {subprocess.py:89} INFO - 230  washing machines 2023-03-01  predictions       23.0
[2023-05-03 02:23:08,843] {subprocess.py:89} INFO - 231  washing machines 2023-04-01  predictions       24.0
[2023-05-03 02:23:08,843] {subprocess.py:89} INFO - 
[2023-05-03 02:23:08,844] {subprocess.py:89} INFO - [232 rows x 4 columns]
[2023-05-03 02:23:08,845] {subprocess.py:89} INFO - DELETE FROM google_trends_predictions WHERE topic = 'washing_machines'
[2023-05-03 02:23:08,886] {subprocess.py:93} INFO - Command exited with return code 0
[2023-05-03 02:23:08,912] {taskinstance.py:1280} INFO - Marking task as SUCCESS. dag_id=perform_predictions, task_id=predict.postgres.google_trends, execution_date=20230503T022301, start_date=20230503T022303, end_date=20230503T022308
[2023-05-03 02:23:08,961] {local_task_job.py:154} INFO - Task exited with return code 0
[2023-05-03 02:23:08,990] {local_task_job.py:264} INFO - 0 downstream tasks scheduled from follow-on schedule check
