[2023-04-15T23:25:09.093+0000] {taskinstance.py:1090} INFO - Dependencies all met for dep_context=non-requeueable deps ti=<TaskInstance: dag_1min.dump_1m scheduled__2023-04-15T23:20:00+00:00 [queued]>
[2023-04-15T23:25:09.200+0000] {taskinstance.py:1090} INFO - Dependencies all met for dep_context=requeueable deps ti=<TaskInstance: dag_1min.dump_1m scheduled__2023-04-15T23:20:00+00:00 [queued]>
[2023-04-15T23:25:09.204+0000] {taskinstance.py:1288} INFO - 
--------------------------------------------------------------------------------
[2023-04-15T23:25:09.206+0000] {taskinstance.py:1289} INFO - Starting attempt 1 of 1
[2023-04-15T23:25:09.208+0000] {taskinstance.py:1290} INFO - 
--------------------------------------------------------------------------------
[2023-04-15T23:25:09.404+0000] {taskinstance.py:1309} INFO - Executing <Task(PythonOperator): dump_1m> on 2023-04-15 23:20:00+00:00
[2023-04-15T23:25:09.455+0000] {standard_task_runner.py:55} INFO - Started process 1196 to run task
[2023-04-15T23:25:09.492+0000] {standard_task_runner.py:82} INFO - Running: ['***', 'tasks', 'run', 'dag_1min', 'dump_1m', 'scheduled__2023-04-15T23:20:00+00:00', '--job-id', '329', '--raw', '--subdir', 'DAGS_FOLDER/dag_1min.py', '--cfg-path', '/tmp/tmpuhbe75jn']
[2023-04-15T23:25:09.502+0000] {standard_task_runner.py:83} INFO - Job 329: Subtask dump_1m
[2023-04-15T23:25:10.355+0000] {task_command.py:389} INFO - Running <TaskInstance: dag_1min.dump_1m scheduled__2023-04-15T23:20:00+00:00 [running]> on host cc609b5f7385
[2023-04-15T23:25:11.788+0000] {taskinstance.py:1518} INFO - Exporting the following env vars:
AIRFLOW_CTX_DAG_OWNER=coder2j
AIRFLOW_CTX_DAG_ID=dag_1min
AIRFLOW_CTX_TASK_ID=dump_1m
AIRFLOW_CTX_EXECUTION_DATE=2023-04-15T23:20:00+00:00
AIRFLOW_CTX_TRY_NUMBER=1
AIRFLOW_CTX_DAG_RUN_ID=scheduled__2023-04-15T23:20:00+00:00
[2023-04-15T23:25:12.848+0000] {logging_mixin.py:137} WARNING -   0%|          | 0/2 [00:00<?, ?it/s]
[2023-04-15T23:25:14.242+0000] {logging_mixin.py:137} INFO - [*********************100%***********************]  1 of 1 completed
[2023-04-15T23:25:16.489+0000] {logging_mixin.py:137} WARNING -  50%|#####     | 1/2 [00:03<00:03,  3.62s/it]
[2023-04-15T23:25:17.157+0000] {logging_mixin.py:137} INFO - [*********************100%***********************]  1 of 1 completed
[2023-04-15T23:25:19.997+0000] {logging_mixin.py:137} WARNING - 100%|##########| 2/2 [00:07<00:00,  3.56s/it]
[2023-04-15T23:25:20.110+0000] {logging_mixin.py:137} WARNING - 100%|##########| 2/2 [00:07<00:00,  3.61s/it]
[2023-04-15T23:25:20.314+0000] {logging_mixin.py:137} INFO - Index(['open', 'high', 'low', 'close', 'adj_close', 'volume', 'timestamp',
       'currency_pair', 'exchangetimezonename', 'timezone'],
      dtype='object')
[2023-04-15T23:25:27.552+0000] {download_yahoo.py:57} INFO - Downloaded data: 
	         open       high        low  ...  currency_pair  exchangetimezonename  timezone
0  19.143736  19.143736  19.143736  ...       AVAX-USD                   UTC       UTC
1  19.141962  19.141962  19.141962  ...       AVAX-USD                   UTC       UTC
2  19.142977  19.142977  19.142977  ...       AVAX-USD                   UTC       UTC
3  19.141659  19.141659  19.141659  ...       AVAX-USD                   UTC       UTC
4  19.142593  19.142593  19.142593  ...       AVAX-USD                   UTC       UTC

[5 rows x 10 columns]
[2023-04-15T23:25:36.157+0000] {python.py:177} INFO - Done. Returned value was: None
[2023-04-15T23:25:36.679+0000] {taskinstance.py:1332} INFO - Marking task as SUCCESS. dag_id=dag_1min, task_id=dump_1m, execution_date=20230415T232000, start_date=20230415T232509, end_date=20230415T232536
[2023-04-15T23:25:37.439+0000] {local_task_job.py:212} INFO - Task exited with return code 0
[2023-04-15T23:25:37.729+0000] {taskinstance.py:2596} INFO - 0 downstream tasks scheduled from follow-on schedule check
