[2023-05-02T02:45:12.970+0000] {taskinstance.py:1090} INFO - Dependencies all met for dep_context=non-requeueable deps ti=<TaskInstance: dag_1min.dump_1m scheduled__2023-05-02T02:40:00+00:00 [queued]>
[2023-05-02T02:45:13.086+0000] {taskinstance.py:1090} INFO - Dependencies all met for dep_context=requeueable deps ti=<TaskInstance: dag_1min.dump_1m scheduled__2023-05-02T02:40:00+00:00 [queued]>
[2023-05-02T02:45:13.089+0000] {taskinstance.py:1288} INFO - 
--------------------------------------------------------------------------------
[2023-05-02T02:45:13.096+0000] {taskinstance.py:1289} INFO - Starting attempt 1 of 1
[2023-05-02T02:45:13.098+0000] {taskinstance.py:1290} INFO - 
--------------------------------------------------------------------------------
[2023-05-02T02:45:13.209+0000] {taskinstance.py:1309} INFO - Executing <Task(PythonOperator): dump_1m> on 2023-05-02 02:40:00+00:00
[2023-05-02T02:45:13.224+0000] {standard_task_runner.py:55} INFO - Started process 1740 to run task
[2023-05-02T02:45:13.237+0000] {standard_task_runner.py:82} INFO - Running: ['***', 'tasks', 'run', 'dag_1min', 'dump_1m', 'scheduled__2023-05-02T02:40:00+00:00', '--job-id', '85', '--raw', '--subdir', 'DAGS_FOLDER/dag_1min.py', '--cfg-path', '/tmp/tmpvvzz6ain']
[2023-05-02T02:45:13.240+0000] {standard_task_runner.py:83} INFO - Job 85: Subtask dump_1m
[2023-05-02T02:45:13.584+0000] {task_command.py:389} INFO - Running <TaskInstance: dag_1min.dump_1m scheduled__2023-05-02T02:40:00+00:00 [running]> on host 178acfe6cdbb
[2023-05-02T02:45:14.860+0000] {taskinstance.py:1518} INFO - Exporting the following env vars:
AIRFLOW_CTX_DAG_OWNER=coder2j
AIRFLOW_CTX_DAG_ID=dag_1min
AIRFLOW_CTX_TASK_ID=dump_1m
AIRFLOW_CTX_EXECUTION_DATE=2023-05-02T02:40:00+00:00
AIRFLOW_CTX_TRY_NUMBER=1
AIRFLOW_CTX_DAG_RUN_ID=scheduled__2023-05-02T02:40:00+00:00
[2023-05-02T02:45:17.731+0000] {logging_mixin.py:137} WARNING -   0%|          | 0/2 [00:00<?, ?it/s]
[2023-05-02T02:45:19.844+0000] {logging_mixin.py:137} INFO - [*********************100%***********************]  1 of 1 completed
[2023-05-02T02:45:22.060+0000] {logging_mixin.py:137} WARNING -  50%|#####     | 1/2 [00:04<00:04,  4.30s/it]
[2023-05-02T02:45:22.664+0000] {logging_mixin.py:137} INFO - [*********************100%***********************]  1 of 1 completed
[2023-05-02T02:45:24.334+0000] {logging_mixin.py:137} WARNING - 100%|##########| 2/2 [00:06<00:00,  3.11s/it]
[2023-05-02T02:45:24.350+0000] {logging_mixin.py:137} WARNING - 100%|##########| 2/2 [00:06<00:00,  3.30s/it]
[2023-05-02T02:45:24.427+0000] {logging_mixin.py:137} INFO - Index(['open', 'high', 'low', 'close', 'adj_close', 'volume', 'timestamp',
       'currency_pair', 'exchangetimezonename', 'timezone'],
      dtype='object')
[2023-05-02T02:45:24.862+0000] {download_yahoo.py:57} INFO - Downloaded data: 
	         open       high        low  ...  currency_pair  exchangetimezonename  timezone
0  16.582203  16.582203  16.582203  ...       AVAX-USD                   UTC       UTC
1  16.581491  16.581491  16.581491  ...       AVAX-USD                   UTC       UTC
2  16.581560  16.581560  16.581560  ...       AVAX-USD                   UTC       UTC
3  16.578871  16.578871  16.578871  ...       AVAX-USD                   UTC       UTC
4  16.578878  16.578878  16.578878  ...       AVAX-USD                   UTC       UTC

[5 rows x 10 columns]
[2023-05-02T02:45:25.719+0000] {python.py:177} INFO - Done. Returned value was: None
[2023-05-02T02:45:25.893+0000] {taskinstance.py:1332} INFO - Marking task as SUCCESS. dag_id=dag_1min, task_id=dump_1m, execution_date=20230502T024000, start_date=20230502T024512, end_date=20230502T024525
[2023-05-02T02:45:26.424+0000] {local_task_job.py:212} INFO - Task exited with return code 0
[2023-05-02T02:45:26.718+0000] {taskinstance.py:2596} INFO - 0 downstream tasks scheduled from follow-on schedule check
