[2023-04-29 23:31:04,291] {taskinstance.py:1035} INFO - Dependencies all met for <TaskInstance: tutorial.templated scheduled__2023-04-29T23:28:00+00:00 [queued]>
[2023-04-29 23:31:04,300] {taskinstance.py:1035} INFO - Dependencies all met for <TaskInstance: tutorial.templated scheduled__2023-04-29T23:28:00+00:00 [queued]>
[2023-04-29 23:31:04,301] {taskinstance.py:1241} INFO - 
--------------------------------------------------------------------------------
[2023-04-29 23:31:04,302] {taskinstance.py:1242} INFO - Starting attempt 1 of 2
[2023-04-29 23:31:04,303] {taskinstance.py:1243} INFO - 
--------------------------------------------------------------------------------
[2023-04-29 23:31:04,311] {taskinstance.py:1262} INFO - Executing <Task(BashOperator): templated> on 2023-04-29 23:28:00+00:00
[2023-04-29 23:31:04,314] {standard_task_runner.py:52} INFO - Started process 155 to run task
[2023-04-29 23:31:04,318] {standard_task_runner.py:76} INFO - Running: ['***', 'tasks', 'run', 'tutorial', 'templated', 'scheduled__2023-04-29T23:28:00+00:00', '--job-id', '5', '--raw', '--subdir', 'DAGS_FOLDER/***_tutorial.py', '--cfg-path', '/tmp/tmp77noge3u', '--error-file', '/tmp/tmpiydc58pg']
[2023-04-29 23:31:04,319] {standard_task_runner.py:77} INFO - Job 5: Subtask templated
[2023-04-29 23:31:04,358] {logging_mixin.py:109} INFO - Running <TaskInstance: tutorial.templated scheduled__2023-04-29T23:28:00+00:00 [running]> on host 4fd1971d5f6c
[2023-04-29 23:31:04,407] {taskinstance.py:1429} INFO - Exporting the following env vars:
AIRFLOW_CTX_DAG_EMAIL=***@example.com
AIRFLOW_CTX_DAG_OWNER=***
AIRFLOW_CTX_DAG_ID=tutorial
AIRFLOW_CTX_TASK_ID=templated
AIRFLOW_CTX_EXECUTION_DATE=2023-04-29T23:28:00+00:00
AIRFLOW_CTX_DAG_RUN_ID=scheduled__2023-04-29T23:28:00+00:00
[2023-04-29 23:31:04,409] {subprocess.py:62} INFO - Tmp dir root location: 
 /tmp
[2023-04-29 23:31:04,410] {subprocess.py:74} INFO - Running command: ['bash', '-c', '\n\n    echo "2023-04-29"\n    echo "2023-05-06"\n    echo "Parameter I passed in"\n\n    echo "2023-04-29"\n    echo "2023-05-06"\n    echo "Parameter I passed in"\n\n    echo "2023-04-29"\n    echo "2023-05-06"\n    echo "Parameter I passed in"\n\n    echo "2023-04-29"\n    echo "2023-05-06"\n    echo "Parameter I passed in"\n\n    echo "2023-04-29"\n    echo "2023-05-06"\n    echo "Parameter I passed in"\n']
[2023-04-29 23:31:04,417] {subprocess.py:85} INFO - Output:
[2023-04-29 23:31:04,418] {subprocess.py:89} INFO - 2023-04-29
[2023-04-29 23:31:04,419] {subprocess.py:89} INFO - 2023-05-06
[2023-04-29 23:31:04,420] {subprocess.py:89} INFO - Parameter I passed in
[2023-04-29 23:31:04,421] {subprocess.py:89} INFO - 2023-04-29
[2023-04-29 23:31:04,421] {subprocess.py:89} INFO - 2023-05-06
[2023-04-29 23:31:04,422] {subprocess.py:89} INFO - Parameter I passed in
[2023-04-29 23:31:04,423] {subprocess.py:89} INFO - 2023-04-29
[2023-04-29 23:31:04,424] {subprocess.py:89} INFO - 2023-05-06
[2023-04-29 23:31:04,425] {subprocess.py:89} INFO - Parameter I passed in
[2023-04-29 23:31:04,425] {subprocess.py:89} INFO - 2023-04-29
[2023-04-29 23:31:04,426] {subprocess.py:89} INFO - 2023-05-06
[2023-04-29 23:31:04,427] {subprocess.py:89} INFO - Parameter I passed in
[2023-04-29 23:31:04,428] {subprocess.py:89} INFO - 2023-04-29
[2023-04-29 23:31:04,428] {subprocess.py:89} INFO - 2023-05-06
[2023-04-29 23:31:04,429] {subprocess.py:89} INFO - Parameter I passed in
[2023-04-29 23:31:04,430] {subprocess.py:93} INFO - Command exited with return code 0
[2023-04-29 23:31:04,451] {taskinstance.py:1280} INFO - Marking task as SUCCESS. dag_id=tutorial, task_id=templated, execution_date=20230429T232800, start_date=20230429T233104, end_date=20230429T233104
[2023-04-29 23:31:04,490] {local_task_job.py:154} INFO - Task exited with return code 0
[2023-04-29 23:31:04,514] {local_task_job.py:264} INFO - 0 downstream tasks scheduled from follow-on schedule check
