[2023-04-15T01:38:52.005+0000] {taskinstance.py:1090} INFO - Dependencies all met for dep_context=non-requeueable deps ti=<TaskInstance: dag_with_python_dependencies_v03.get_sklearn manual__2023-04-15T01:38:50.194169+00:00 [queued]>
[2023-04-15T01:38:52.019+0000] {taskinstance.py:1090} INFO - Dependencies all met for dep_context=requeueable deps ti=<TaskInstance: dag_with_python_dependencies_v03.get_sklearn manual__2023-04-15T01:38:50.194169+00:00 [queued]>
[2023-04-15T01:38:52.020+0000] {taskinstance.py:1288} INFO - 
--------------------------------------------------------------------------------
[2023-04-15T01:38:52.021+0000] {taskinstance.py:1289} INFO - Starting attempt 1 of 1
[2023-04-15T01:38:52.022+0000] {taskinstance.py:1290} INFO - 
--------------------------------------------------------------------------------
[2023-04-15T01:38:52.047+0000] {taskinstance.py:1309} INFO - Executing <Task(PythonOperator): get_sklearn> on 2023-04-15 01:38:50.194169+00:00
[2023-04-15T01:38:52.078+0000] {standard_task_runner.py:55} INFO - Started process 77 to run task
[2023-04-15T01:38:52.090+0000] {standard_task_runner.py:82} INFO - Running: ['***', 'tasks', 'run', 'dag_with_python_dependencies_v03', 'get_sklearn', 'manual__2023-04-15T01:38:50.194169+00:00', '--job-id', '96', '--raw', '--subdir', 'DAGS_FOLDER/dag_with_python_dependencies.py', '--cfg-path', '/tmp/tmpduynd8zm']
[2023-04-15T01:38:52.096+0000] {standard_task_runner.py:83} INFO - Job 96: Subtask get_sklearn
[2023-04-15T01:38:52.282+0000] {task_command.py:389} INFO - Running <TaskInstance: dag_with_python_dependencies_v03.get_sklearn manual__2023-04-15T01:38:50.194169+00:00 [running]> on host d706441c300d
[2023-04-15T01:38:52.476+0000] {taskinstance.py:1518} INFO - Exporting the following env vars:
AIRFLOW_CTX_DAG_OWNER=coder2j
AIRFLOW_CTX_DAG_ID=dag_with_python_dependencies_v03
AIRFLOW_CTX_TASK_ID=get_sklearn
AIRFLOW_CTX_EXECUTION_DATE=2023-04-15T01:38:50.194169+00:00
AIRFLOW_CTX_TRY_NUMBER=1
AIRFLOW_CTX_DAG_RUN_ID=manual__2023-04-15T01:38:50.194169+00:00
[2023-04-15T01:38:52.565+0000] {logging_mixin.py:137} INFO - 123123
[2023-04-15T01:38:52.567+0000] {python.py:177} INFO - Done. Returned value was: None
[2023-04-15T01:38:52.577+0000] {taskinstance.py:1332} INFO - Marking task as SUCCESS. dag_id=dag_with_python_dependencies_v03, task_id=get_sklearn, execution_date=20230415T013850, start_date=20230415T013852, end_date=20230415T013852
[2023-04-15T01:38:52.628+0000] {local_task_job.py:212} INFO - Task exited with return code 0
[2023-04-15T01:38:52.657+0000] {taskinstance.py:2596} INFO - 0 downstream tasks scheduled from follow-on schedule check
