[2023-04-14T04:52:14.102+0000] {taskinstance.py:1090} INFO - Dependencies all met for dep_context=non-requeueable deps ti=<TaskInstance: dag_with_python_dependencies_v03.get_sklearn scheduled__2023-04-14T01:20:00+00:00 [queued]>
[2023-04-14T04:52:14.314+0000] {taskinstance.py:1090} INFO - Dependencies all met for dep_context=requeueable deps ti=<TaskInstance: dag_with_python_dependencies_v03.get_sklearn scheduled__2023-04-14T01:20:00+00:00 [queued]>
[2023-04-14T04:52:14.333+0000] {taskinstance.py:1288} INFO - 
--------------------------------------------------------------------------------
[2023-04-14T04:52:14.335+0000] {taskinstance.py:1289} INFO - Starting attempt 1 of 1
[2023-04-14T04:52:14.339+0000] {taskinstance.py:1290} INFO - 
--------------------------------------------------------------------------------
[2023-04-14T04:52:14.631+0000] {taskinstance.py:1309} INFO - Executing <Task(PythonOperator): get_sklearn> on 2023-04-14 01:20:00+00:00
[2023-04-14T04:52:14.806+0000] {standard_task_runner.py:55} INFO - Started process 119 to run task
[2023-04-14T04:52:15.066+0000] {standard_task_runner.py:82} INFO - Running: ['***', 'tasks', 'run', 'dag_with_python_dependencies_v03', 'get_sklearn', 'scheduled__2023-04-14T01:20:00+00:00', '--job-id', '71', '--raw', '--subdir', 'DAGS_FOLDER/dag_with_python_dependencies.py', '--cfg-path', '/tmp/tmphegjouz4']
[2023-04-14T04:52:15.230+0000] {standard_task_runner.py:83} INFO - Job 71: Subtask get_sklearn
[2023-04-14T04:52:19.824+0000] {task_command.py:389} INFO - Running <TaskInstance: dag_with_python_dependencies_v03.get_sklearn scheduled__2023-04-14T01:20:00+00:00 [running]> on host 57709d3878ce
[2023-04-14T04:52:21.767+0000] {taskinstance.py:1518} INFO - Exporting the following env vars:
AIRFLOW_CTX_DAG_OWNER=coder2j
AIRFLOW_CTX_DAG_ID=dag_with_python_dependencies_v03
AIRFLOW_CTX_TASK_ID=get_sklearn
AIRFLOW_CTX_EXECUTION_DATE=2023-04-14T01:20:00+00:00
AIRFLOW_CTX_TRY_NUMBER=1
AIRFLOW_CTX_DAG_RUN_ID=scheduled__2023-04-14T01:20:00+00:00
[2023-04-14T04:52:42.488+0000] {logging_mixin.py:137} INFO - sklearn with version: 0.24.2 
[2023-04-14T04:52:42.513+0000] {python.py:177} INFO - Done. Returned value was: None
[2023-04-14T04:52:42.657+0000] {taskinstance.py:1332} INFO - Marking task as SUCCESS. dag_id=dag_with_python_dependencies_v03, task_id=get_sklearn, execution_date=20230414T012000, start_date=20230414T045214, end_date=20230414T045242
[2023-04-14T04:52:44.671+0000] {local_task_job.py:212} INFO - Task exited with return code 0
