[2023-04-29 23:32:10,202] {taskinstance.py:1035} INFO - Dependencies all met for <TaskInstance: tutorial.templated scheduled__2023-04-29T23:30:00+00:00 [queued]>
[2023-04-29 23:32:10,210] {taskinstance.py:1035} INFO - Dependencies all met for <TaskInstance: tutorial.templated scheduled__2023-04-29T23:30:00+00:00 [queued]>
[2023-04-29 23:32:10,211] {taskinstance.py:1241} INFO - 
--------------------------------------------------------------------------------
[2023-04-29 23:32:10,213] {taskinstance.py:1242} INFO - Starting attempt 1 of 2
[2023-04-29 23:32:10,214] {taskinstance.py:1243} INFO - 
--------------------------------------------------------------------------------
[2023-04-29 23:32:10,222] {taskinstance.py:1262} INFO - Executing <Task(BashOperator): templated> on 2023-04-29 23:30:00+00:00
[2023-04-29 23:32:10,225] {standard_task_runner.py:52} INFO - Started process 186 to run task
[2023-04-29 23:32:10,228] {standard_task_runner.py:76} INFO - Running: ['***', 'tasks', 'run', 'tutorial', 'templated', 'scheduled__2023-04-29T23:30:00+00:00', '--job-id', '10', '--raw', '--subdir', 'DAGS_FOLDER/***_tutorial.py', '--cfg-path', '/tmp/tmpnd_60o3r', '--error-file', '/tmp/tmpfmal1er1']
[2023-04-29 23:32:10,230] {standard_task_runner.py:77} INFO - Job 10: Subtask templated
[2023-04-29 23:32:10,268] {logging_mixin.py:109} INFO - Running <TaskInstance: tutorial.templated scheduled__2023-04-29T23:30:00+00:00 [running]> on host 4fd1971d5f6c
[2023-04-29 23:32:10,312] {taskinstance.py:1429} INFO - Exporting the following env vars:
AIRFLOW_CTX_DAG_EMAIL=***@example.com
AIRFLOW_CTX_DAG_OWNER=***
AIRFLOW_CTX_DAG_ID=tutorial
AIRFLOW_CTX_TASK_ID=templated
AIRFLOW_CTX_EXECUTION_DATE=2023-04-29T23:30:00+00:00
AIRFLOW_CTX_DAG_RUN_ID=scheduled__2023-04-29T23:30:00+00:00
[2023-04-29 23:32:10,314] {subprocess.py:62} INFO - Tmp dir root location: 
 /tmp
[2023-04-29 23:32:10,315] {subprocess.py:74} INFO - Running command: ['bash', '-c', '\n\n    echo "2023-04-29"\n    echo "2023-05-06"\n    echo "Parameter I passed in"\n\n    echo "2023-04-29"\n    echo "2023-05-06"\n    echo "Parameter I passed in"\n\n    echo "2023-04-29"\n    echo "2023-05-06"\n    echo "Parameter I passed in"\n\n    echo "2023-04-29"\n    echo "2023-05-06"\n    echo "Parameter I passed in"\n\n    echo "2023-04-29"\n    echo "2023-05-06"\n    echo "Parameter I passed in"\n']
[2023-04-29 23:32:10,322] {subprocess.py:85} INFO - Output:
[2023-04-29 23:32:10,324] {subprocess.py:89} INFO - 2023-04-29
[2023-04-29 23:32:10,325] {subprocess.py:89} INFO - 2023-05-06
[2023-04-29 23:32:10,325] {subprocess.py:89} INFO - Parameter I passed in
[2023-04-29 23:32:10,326] {subprocess.py:89} INFO - 2023-04-29
[2023-04-29 23:32:10,327] {subprocess.py:89} INFO - 2023-05-06
[2023-04-29 23:32:10,328] {subprocess.py:89} INFO - Parameter I passed in
[2023-04-29 23:32:10,328] {subprocess.py:89} INFO - 2023-04-29
[2023-04-29 23:32:10,329] {subprocess.py:89} INFO - 2023-05-06
[2023-04-29 23:32:10,330] {subprocess.py:89} INFO - Parameter I passed in
[2023-04-29 23:32:10,331] {subprocess.py:89} INFO - 2023-04-29
[2023-04-29 23:32:10,331] {subprocess.py:89} INFO - 2023-05-06
[2023-04-29 23:32:10,332] {subprocess.py:89} INFO - Parameter I passed in
[2023-04-29 23:32:10,333] {subprocess.py:89} INFO - 2023-04-29
[2023-04-29 23:32:10,333] {subprocess.py:89} INFO - 2023-05-06
[2023-04-29 23:32:10,334] {subprocess.py:89} INFO - Parameter I passed in
[2023-04-29 23:32:10,335] {subprocess.py:93} INFO - Command exited with return code 0
[2023-04-29 23:32:10,354] {taskinstance.py:1280} INFO - Marking task as SUCCESS. dag_id=tutorial, task_id=templated, execution_date=20230429T233000, start_date=20230429T233210, end_date=20230429T233210
[2023-04-29 23:32:10,402] {local_task_job.py:154} INFO - Task exited with return code 0
[2023-04-29 23:32:10,428] {local_task_job.py:264} INFO - 0 downstream tasks scheduled from follow-on schedule check
