0 verbose cli /opt/conda/bin/node /opt/conda/bin/npm
1 info using npm@10.1.0
2 info using node@v20.8.1
3 timing npm:load:whichnode Completed in 13ms
4 timing config:load:defaults Completed in 19ms
5 timing config:load:file:/opt/conda/lib/node_modules/npm/npmrc Completed in 63ms
6 timing config:load:builtin Completed in 64ms
7 timing config:load:cli Completed in 14ms
8 timing config:load:env Completed in 1ms
9 timing config:load:project Completed in 10ms
10 timing config:load:file:/home/jovyan/.npmrc Completed in 2ms
11 timing config:load:user Completed in 2ms
12 timing config:load:file:/opt/conda/etc/npmrc Completed in 0ms
13 timing config:load:global Completed in 0ms
14 timing config:load:setEnvs Completed in 1ms
15 timing config:load Completed in 132ms
16 timing npm:load:configload Completed in 134ms
17 timing config:load:flatten Completed in 9ms
18 timing npm:load:mkdirpcache Completed in 4ms
19 timing npm:load:mkdirplogs Completed in 4ms
20 verbose title npm prefix
21 verbose argv "prefix" "--global"
22 timing npm:load:setTitle Completed in 3ms
23 timing npm:load:display Completed in 1ms
24 verbose logfile logs-max:10 dir:/home/jovyan/.npm/_logs/2024-05-10T16_20_57_025Z-
25 verbose logfile /home/jovyan/.npm/_logs/2024-05-10T16_20_57_025Z-debug-0.log
26 timing npm:load:logFile Completed in 63ms
27 timing npm:load:timers Completed in 0ms
28 timing npm:load:configScope Completed in 0ms
29 timing npm:load Completed in 320ms
30 timing command:prefix Completed in 5ms
31 verbose exit 0
32 timing npm Completed in 459ms
33 info ok
