0 verbose cli /opt/conda/bin/node /opt/conda/bin/npm
1 info using npm@10.1.0
2 info using node@v20.8.1
3 timing npm:load:whichnode Completed in 26ms
4 timing config:load:defaults Completed in 6ms
5 timing config:load:file:/opt/conda/lib/node_modules/npm/npmrc Completed in 20ms
6 timing config:load:builtin Completed in 21ms
7 timing config:load:cli Completed in 10ms
8 timing config:load:env Completed in 0ms
9 timing config:load:project Completed in 11ms
10 timing config:load:file:/home/jovyan/.npmrc Completed in 7ms
11 timing config:load:user Completed in 7ms
12 timing config:load:file:/opt/conda/etc/npmrc Completed in 1ms
13 timing config:load:global Completed in 2ms
14 timing config:load:setEnvs Completed in 3ms
15 timing config:load Completed in 65ms
16 timing npm:load:configload Completed in 70ms
17 timing config:load:flatten Completed in 5ms
18 verbose cache could not create cache: Error: ENOSYS: function not implemented, mkdir '/home/jovyan/.npm'
19 timing npm:load:mkdirpcache Completed in 9ms
20 timing npm:load:mkdirplogs Completed in 2ms
21 verbose title npm prefix
22 verbose argv "prefix" "--global"
23 timing npm:load:setTitle Completed in 1ms
24 timing npm:load:display Completed in 2ms
25 verbose logfile logs-max:10 dir:/home/jovyan/.npm/_logs/2024-05-09T19_36_41_142Z-
26 verbose logfile /home/jovyan/.npm/_logs/2024-05-09T19_36_41_142Z-debug-0.log
27 timing npm:load:logFile Completed in 49ms
28 timing npm:load:timers Completed in 0ms
29 timing npm:load:configScope Completed in 0ms
30 timing npm:load Completed in 246ms
31 timing command:prefix Completed in 4ms
32 verbose exit 0
33 timing npm Completed in 449ms
34 info ok
