0 verbose cli /opt/conda/bin/node /opt/conda/bin/npm
1 info using npm@10.1.0
2 info using node@v20.8.1
3 timing npm:load:whichnode Completed in 3ms
4 timing config:load:defaults Completed in 5ms
5 timing config:load:file:/opt/conda/lib/node_modules/npm/npmrc Completed in 2ms
6 timing config:load:builtin Completed in 4ms
7 timing config:load:cli Completed in 15ms
8 timing config:load:env Completed in 1ms
9 timing config:load:project Completed in 29ms
10 timing config:load:file:/home/jovyan/.npmrc Completed in 8ms
11 timing config:load:user Completed in 8ms
12 timing config:load:file:/opt/conda/etc/npmrc Completed in 1ms
13 timing config:load:global Completed in 1ms
14 timing config:load:setEnvs Completed in 2ms
15 timing config:load Completed in 71ms
16 timing npm:load:configload Completed in 71ms
17 timing config:load:flatten Completed in 10ms
18 timing npm:load:mkdirpcache Completed in 5ms
19 timing npm:load:mkdirplogs Completed in 1ms
20 verbose title npm prefix
21 verbose argv "prefix" "--global"
22 timing npm:load:setTitle Completed in 1ms
23 timing npm:load:display Completed in 1ms
24 verbose logfile logs-max:10 dir:/home/jovyan/.npm/_logs/2024-05-10T14_41_56_230Z-
25 verbose logfile /home/jovyan/.npm/_logs/2024-05-10T14_41_56_230Z-debug-0.log
26 timing npm:load:logFile Completed in 41ms
27 timing npm:load:timers Completed in 0ms
28 timing npm:load:configScope Completed in 0ms
29 timing npm:load Completed in 215ms
30 timing command:prefix Completed in 3ms
31 verbose exit 0
32 timing npm Completed in 346ms
33 info ok
