[2023-05-02T20:45:10.872+0000] {taskinstance.py:1090} INFO - Dependencies all met for dep_context=non-requeueable deps ti=<TaskInstance: dag_1min.dump_1m scheduled__2023-05-02T20:40:00+00:00 [queued]>
[2023-05-02T20:45:11.008+0000] {taskinstance.py:1090} INFO - Dependencies all met for dep_context=requeueable deps ti=<TaskInstance: dag_1min.dump_1m scheduled__2023-05-02T20:40:00+00:00 [queued]>
[2023-05-02T20:45:11.019+0000] {taskinstance.py:1288} INFO - 
--------------------------------------------------------------------------------
[2023-05-02T20:45:11.040+0000] {taskinstance.py:1289} INFO - Starting attempt 1 of 1
[2023-05-02T20:45:11.045+0000] {taskinstance.py:1290} INFO - 
--------------------------------------------------------------------------------
[2023-05-02T20:45:11.208+0000] {taskinstance.py:1309} INFO - Executing <Task(PythonOperator): dump_1m> on 2023-05-02 20:40:00+00:00
[2023-05-02T20:45:11.233+0000] {standard_task_runner.py:55} INFO - Started process 334 to run task
[2023-05-02T20:45:11.250+0000] {standard_task_runner.py:82} INFO - Running: ['***', 'tasks', 'run', 'dag_1min', 'dump_1m', 'scheduled__2023-05-02T20:40:00+00:00', '--job-id', '115', '--raw', '--subdir', 'DAGS_FOLDER/dag_1min.py', '--cfg-path', '/tmp/tmpgb10q2fh']
[2023-05-02T20:45:11.254+0000] {standard_task_runner.py:83} INFO - Job 115: Subtask dump_1m
[2023-05-02T20:45:11.591+0000] {task_command.py:389} INFO - Running <TaskInstance: dag_1min.dump_1m scheduled__2023-05-02T20:40:00+00:00 [running]> on host 4a3bd7cf27f4
[2023-05-02T20:45:13.964+0000] {taskinstance.py:1518} INFO - Exporting the following env vars:
AIRFLOW_CTX_DAG_OWNER=coder2j
AIRFLOW_CTX_DAG_ID=dag_1min
AIRFLOW_CTX_TASK_ID=dump_1m
AIRFLOW_CTX_EXECUTION_DATE=2023-05-02T20:40:00+00:00
AIRFLOW_CTX_TRY_NUMBER=1
AIRFLOW_CTX_DAG_RUN_ID=scheduled__2023-05-02T20:40:00+00:00
[2023-05-02T20:45:17.380+0000] {logging_mixin.py:137} WARNING -   0%|          | 0/2 [00:00<?, ?it/s]
[2023-05-02T20:45:18.984+0000] {logging_mixin.py:137} INFO - [*********************100%***********************]  1 of 1 completed
[2023-05-02T20:45:22.247+0000] {logging_mixin.py:137} WARNING -  50%|#####     | 1/2 [00:04<00:04,  4.85s/it]
[2023-05-02T20:45:23.161+0000] {logging_mixin.py:137} INFO - [*********************100%***********************]  1 of 1 completed
[2023-05-02T20:45:24.943+0000] {logging_mixin.py:137} WARNING - 100%|##########| 2/2 [00:07<00:00,  3.57s/it]
[2023-05-02T20:45:24.957+0000] {logging_mixin.py:137} WARNING - 100%|##########| 2/2 [00:07<00:00,  3.78s/it]
[2023-05-02T20:45:24.981+0000] {logging_mixin.py:137} INFO - Index(['open', 'high', 'low', 'close', 'adj_close', 'volume', 'timestamp',
       'currency_pair', 'exchangetimezonename', 'timezone'],
      dtype='object')
[2023-05-02T20:45:25.134+0000] {download_yahoo.py:57} INFO - Downloaded data: 
	            open          high  ...  exchangetimezonename  timezone
0     16.901159     16.901159  ...                   UTC       UTC
1     16.901760     16.901760  ...                   UTC       UTC
2     16.900682     16.900682  ...                   UTC       UTC
3     16.900438     16.900438  ...                   UTC       UTC
4  28764.126953  28764.126953  ...                   UTC       UTC

[5 rows x 10 columns]
[2023-05-02T20:45:25.739+0000] {python.py:177} INFO - Done. Returned value was: None
[2023-05-02T20:45:25.886+0000] {taskinstance.py:1332} INFO - Marking task as SUCCESS. dag_id=dag_1min, task_id=dump_1m, execution_date=20230502T204000, start_date=20230502T204510, end_date=20230502T204525
[2023-05-02T20:45:26.408+0000] {local_task_job.py:212} INFO - Task exited with return code 0
[2023-05-02T20:45:26.583+0000] {taskinstance.py:2596} INFO - 0 downstream tasks scheduled from follow-on schedule check
