[2023-04-29 23:34:01,941] {taskinstance.py:1035} INFO - Dependencies all met for <TaskInstance: tutorial.print_date scheduled__2023-04-29T23:32:00+00:00 [queued]>
[2023-04-29 23:34:01,948] {taskinstance.py:1035} INFO - Dependencies all met for <TaskInstance: tutorial.print_date scheduled__2023-04-29T23:32:00+00:00 [queued]>
[2023-04-29 23:34:01,949] {taskinstance.py:1241} INFO - 
--------------------------------------------------------------------------------
[2023-04-29 23:34:01,950] {taskinstance.py:1242} INFO - Starting attempt 1 of 2
[2023-04-29 23:34:01,951] {taskinstance.py:1243} INFO - 
--------------------------------------------------------------------------------
[2023-04-29 23:34:01,958] {taskinstance.py:1262} INFO - Executing <Task(BashOperator): print_date> on 2023-04-29 23:32:00+00:00
[2023-04-29 23:34:01,961] {standard_task_runner.py:52} INFO - Started process 202 to run task
[2023-04-29 23:34:01,964] {standard_task_runner.py:76} INFO - Running: ['***', 'tasks', 'run', 'tutorial', 'print_date', 'scheduled__2023-04-29T23:32:00+00:00', '--job-id', '11', '--raw', '--subdir', 'DAGS_FOLDER/***_tutorial.py', '--cfg-path', '/tmp/tmpczxwfv8o', '--error-file', '/tmp/tmpm0gujxf9']
[2023-04-29 23:34:01,965] {standard_task_runner.py:77} INFO - Job 11: Subtask print_date
[2023-04-29 23:34:02,002] {logging_mixin.py:109} INFO - Running <TaskInstance: tutorial.print_date scheduled__2023-04-29T23:32:00+00:00 [running]> on host 4fd1971d5f6c
[2023-04-29 23:34:02,040] {taskinstance.py:1429} INFO - Exporting the following env vars:
AIRFLOW_CTX_DAG_EMAIL=***@example.com
AIRFLOW_CTX_DAG_OWNER=***
AIRFLOW_CTX_DAG_ID=tutorial
AIRFLOW_CTX_TASK_ID=print_date
AIRFLOW_CTX_EXECUTION_DATE=2023-04-29T23:32:00+00:00
AIRFLOW_CTX_DAG_RUN_ID=scheduled__2023-04-29T23:32:00+00:00
[2023-04-29 23:34:02,041] {subprocess.py:62} INFO - Tmp dir root location: 
 /tmp
[2023-04-29 23:34:02,043] {subprocess.py:74} INFO - Running command: ['bash', '-c', 'date']
[2023-04-29 23:34:02,049] {subprocess.py:85} INFO - Output:
[2023-04-29 23:34:02,052] {subprocess.py:89} INFO - Sat Apr 29 23:34:02 UTC 2023
[2023-04-29 23:34:02,053] {subprocess.py:93} INFO - Command exited with return code 0
[2023-04-29 23:34:02,072] {taskinstance.py:1280} INFO - Marking task as SUCCESS. dag_id=tutorial, task_id=print_date, execution_date=20230429T233200, start_date=20230429T233401, end_date=20230429T233402
[2023-04-29 23:34:02,097] {local_task_job.py:154} INFO - Task exited with return code 0
[2023-04-29 23:34:02,123] {local_task_job.py:264} INFO - 2 downstream tasks scheduled from follow-on schedule check
