[2023-05-02T21:25:09.510+0000] {taskinstance.py:1090} INFO - Dependencies all met for dep_context=non-requeueable deps ti=<TaskInstance: dag_1min.dump_1m scheduled__2023-05-02T21:20:00+00:00 [queued]>
[2023-05-02T21:25:09.553+0000] {taskinstance.py:1090} INFO - Dependencies all met for dep_context=requeueable deps ti=<TaskInstance: dag_1min.dump_1m scheduled__2023-05-02T21:20:00+00:00 [queued]>
[2023-05-02T21:25:09.555+0000] {taskinstance.py:1288} INFO - 
--------------------------------------------------------------------------------
[2023-05-02T21:25:09.557+0000] {taskinstance.py:1289} INFO - Starting attempt 1 of 1
[2023-05-02T21:25:09.559+0000] {taskinstance.py:1290} INFO - 
--------------------------------------------------------------------------------
[2023-05-02T21:25:09.640+0000] {taskinstance.py:1309} INFO - Executing <Task(PythonOperator): dump_1m> on 2023-05-02 21:20:00+00:00
[2023-05-02T21:25:09.668+0000] {standard_task_runner.py:55} INFO - Started process 1432 to run task
[2023-05-02T21:25:09.684+0000] {standard_task_runner.py:82} INFO - Running: ['***', 'tasks', 'run', 'dag_1min', 'dump_1m', 'scheduled__2023-05-02T21:20:00+00:00', '--job-id', '123', '--raw', '--subdir', 'DAGS_FOLDER/dag_1min.py', '--cfg-path', '/tmp/tmpkhvqj4ib']
[2023-05-02T21:25:09.688+0000] {standard_task_runner.py:83} INFO - Job 123: Subtask dump_1m
[2023-05-02T21:25:10.006+0000] {task_command.py:389} INFO - Running <TaskInstance: dag_1min.dump_1m scheduled__2023-05-02T21:20:00+00:00 [running]> on host 4a3bd7cf27f4
[2023-05-02T21:25:10.879+0000] {taskinstance.py:1518} INFO - Exporting the following env vars:
AIRFLOW_CTX_DAG_OWNER=coder2j
AIRFLOW_CTX_DAG_ID=dag_1min
AIRFLOW_CTX_TASK_ID=dump_1m
AIRFLOW_CTX_EXECUTION_DATE=2023-05-02T21:20:00+00:00
AIRFLOW_CTX_TRY_NUMBER=1
AIRFLOW_CTX_DAG_RUN_ID=scheduled__2023-05-02T21:20:00+00:00
[2023-05-02T21:25:13.368+0000] {logging_mixin.py:137} WARNING -   0%|          | 0/2 [00:00<?, ?it/s]
[2023-05-02T21:25:14.091+0000] {logging_mixin.py:137} INFO - [*********************100%***********************]  1 of 1 completed
[2023-05-02T21:25:15.740+0000] {logging_mixin.py:137} WARNING -  50%|#####     | 1/2 [00:02<00:02,  2.36s/it]
[2023-05-02T21:25:16.195+0000] {logging_mixin.py:137} INFO - [*********************100%***********************]  1 of 1 completed
[2023-05-02T21:25:18.476+0000] {logging_mixin.py:137} WARNING - 100%|##########| 2/2 [00:05<00:00,  2.57s/it]
[2023-05-02T21:25:18.491+0000] {logging_mixin.py:137} WARNING - 100%|##########| 2/2 [00:05<00:00,  2.56s/it]
[2023-05-02T21:25:18.548+0000] {logging_mixin.py:137} INFO - Index(['open', 'high', 'low', 'close', 'adj_close', 'volume', 'timestamp',
       'currency_pair', 'exchangetimezonename', 'timezone'],
      dtype='object')
[2023-05-02T21:25:18.817+0000] {download_yahoo.py:57} INFO - Downloaded data: 
	         open       high        low  ...  currency_pair  exchangetimezonename  timezone
0  16.889664  16.889664  16.889664  ...       AVAX-USD                   UTC       UTC
1  16.888536  16.888536  16.888536  ...       AVAX-USD                   UTC       UTC
2  16.892971  16.892971  16.892971  ...       AVAX-USD                   UTC       UTC
3  16.893164  16.893164  16.893164  ...       AVAX-USD                   UTC       UTC
4  16.895037  16.895037  16.895037  ...       AVAX-USD                   UTC       UTC

[5 rows x 10 columns]
[2023-05-02T21:25:19.527+0000] {python.py:177} INFO - Done. Returned value was: None
[2023-05-02T21:25:19.649+0000] {taskinstance.py:1332} INFO - Marking task as SUCCESS. dag_id=dag_1min, task_id=dump_1m, execution_date=20230502T212000, start_date=20230502T212509, end_date=20230502T212519
[2023-05-02T21:25:19.904+0000] {local_task_job.py:212} INFO - Task exited with return code 0
[2023-05-02T21:25:20.087+0000] {taskinstance.py:2596} INFO - 0 downstream tasks scheduled from follow-on schedule check
