[2023-05-01 18:00:02,058] {taskinstance.py:1035} INFO - Dependencies all met for <TaskInstance: download_historical_postgres.download.historical.postgres.google_trends scheduled__2023-05-01T17:00:00+00:00 [queued]>
[2023-05-01 18:00:02,066] {taskinstance.py:1035} INFO - Dependencies all met for <TaskInstance: download_historical_postgres.download.historical.postgres.google_trends scheduled__2023-05-01T17:00:00+00:00 [queued]>
[2023-05-01 18:00:02,068] {taskinstance.py:1241} INFO - 
--------------------------------------------------------------------------------
[2023-05-01 18:00:02,068] {taskinstance.py:1242} INFO - Starting attempt 1 of 1
[2023-05-01 18:00:02,069] {taskinstance.py:1243} INFO - 
--------------------------------------------------------------------------------
[2023-05-01 18:00:02,079] {taskinstance.py:1262} INFO - Executing <Task(BashOperator): download.historical.postgres.google_trends> on 2023-05-01 17:00:00+00:00
[2023-05-01 18:00:02,082] {standard_task_runner.py:52} INFO - Started process 134 to run task
[2023-05-01 18:00:02,086] {standard_task_runner.py:76} INFO - Running: ['***', 'tasks', 'run', 'download_historical_postgres', 'download.historical.postgres.google_trends', 'scheduled__2023-05-01T17:00:00+00:00', '--job-id', '35', '--raw', '--subdir', 'DAGS_FOLDER/download_historical_postgres_google_trends.py', '--cfg-path', '/tmp/tmpc6101x6j', '--error-file', '/tmp/tmpjkow3tu6']
[2023-05-01 18:00:02,088] {standard_task_runner.py:77} INFO - Job 35: Subtask download.historical.postgres.google_trends
[2023-05-01 18:00:02,135] {logging_mixin.py:109} INFO - Running <TaskInstance: download_historical_postgres.download.historical.postgres.google_trends scheduled__2023-05-01T17:00:00+00:00 [running]> on host a509f10d64ee
[2023-05-01 18:00:02,183] {taskinstance.py:1429} INFO - Exporting the following env vars:
AIRFLOW_CTX_DAG_EMAIL=***@example.com
AIRFLOW_CTX_DAG_OWNER=***
AIRFLOW_CTX_DAG_ID=download_historical_postgres
AIRFLOW_CTX_TASK_ID=download.historical.postgres.google_trends
AIRFLOW_CTX_EXECUTION_DATE=2023-05-01T17:00:00+00:00
AIRFLOW_CTX_DAG_RUN_ID=scheduled__2023-05-01T17:00:00+00:00
[2023-05-01 18:00:02,185] {subprocess.py:62} INFO - Tmp dir root location: 
 /tmp
[2023-05-01 18:00:02,187] {subprocess.py:74} INFO - Running command: ['bash', '-c', 'sleep 5 && /cmamp/src/download_to_db.py --target_table google_trends_data --use_api True --real_time_data False']
[2023-05-01 18:00:02,196] {subprocess.py:85} INFO - Output:
[2023-05-01 18:00:07,758] {subprocess.py:89} INFO - !!connection fetched!!
[2023-05-01 18:00:07,759] {subprocess.py:89} INFO - !Done!
[2023-05-01 18:00:07,760] {subprocess.py:89} INFO -               Topic      Time  Frequency
[2023-05-01 18:00:07,762] {subprocess.py:89} INFO - 0  washing machines  Jan 2004        100
[2023-05-01 18:00:07,763] {subprocess.py:89} INFO - 1  washing machines  Feb 2004         93
[2023-05-01 18:00:07,764] {subprocess.py:89} INFO - 2  washing machines  Mar 2004         81
[2023-05-01 18:00:07,765] {subprocess.py:89} INFO - 3  washing machines  Apr 2004         76
[2023-05-01 18:00:07,766] {subprocess.py:89} INFO - 4  washing machines  May 2004         81
[2023-05-01 18:00:07,810] {subprocess.py:93} INFO - Command exited with return code 0
[2023-05-01 18:00:07,836] {taskinstance.py:1280} INFO - Marking task as SUCCESS. dag_id=download_historical_postgres, task_id=download.historical.postgres.google_trends, execution_date=20230501T170000, start_date=20230501T180002, end_date=20230501T180007
[2023-05-01 18:00:07,885] {local_task_job.py:154} INFO - Task exited with return code 0
[2023-05-01 18:00:07,909] {local_task_job.py:264} INFO - 0 downstream tasks scheduled from follow-on schedule check
