[2023-04-15T23:05:13.397+0000] {taskinstance.py:1090} INFO - Dependencies all met for dep_context=non-requeueable deps ti=<TaskInstance: dag_1min.dump_1m scheduled__2023-04-15T23:00:00+00:00 [queued]>
[2023-04-15T23:05:13.609+0000] {taskinstance.py:1090} INFO - Dependencies all met for dep_context=requeueable deps ti=<TaskInstance: dag_1min.dump_1m scheduled__2023-04-15T23:00:00+00:00 [queued]>
[2023-04-15T23:05:13.624+0000] {taskinstance.py:1288} INFO - 
--------------------------------------------------------------------------------
[2023-04-15T23:05:13.630+0000] {taskinstance.py:1289} INFO - Starting attempt 1 of 1
[2023-04-15T23:05:13.639+0000] {taskinstance.py:1290} INFO - 
--------------------------------------------------------------------------------
[2023-04-15T23:05:13.851+0000] {taskinstance.py:1309} INFO - Executing <Task(PythonOperator): dump_1m> on 2023-04-15 23:00:00+00:00
[2023-04-15T23:05:13.937+0000] {standard_task_runner.py:55} INFO - Started process 693 to run task
[2023-04-15T23:05:14.010+0000] {standard_task_runner.py:82} INFO - Running: ['***', 'tasks', 'run', 'dag_1min', 'dump_1m', 'scheduled__2023-04-15T23:00:00+00:00', '--job-id', '325', '--raw', '--subdir', 'DAGS_FOLDER/dag_1min.py', '--cfg-path', '/tmp/tmp11uxxatw']
[2023-04-15T23:05:14.032+0000] {standard_task_runner.py:83} INFO - Job 325: Subtask dump_1m
[2023-04-15T23:05:14.655+0000] {task_command.py:389} INFO - Running <TaskInstance: dag_1min.dump_1m scheduled__2023-04-15T23:00:00+00:00 [running]> on host cc609b5f7385
[2023-04-15T23:05:17.718+0000] {taskinstance.py:1518} INFO - Exporting the following env vars:
AIRFLOW_CTX_DAG_OWNER=coder2j
AIRFLOW_CTX_DAG_ID=dag_1min
AIRFLOW_CTX_TASK_ID=dump_1m
AIRFLOW_CTX_EXECUTION_DATE=2023-04-15T23:00:00+00:00
AIRFLOW_CTX_TRY_NUMBER=1
AIRFLOW_CTX_DAG_RUN_ID=scheduled__2023-04-15T23:00:00+00:00
[2023-04-15T23:05:18.823+0000] {logging_mixin.py:137} WARNING -   0%|          | 0/2 [00:00<?, ?it/s]
[2023-04-15T23:05:19.963+0000] {logging_mixin.py:137} INFO - [*********************100%***********************]  1 of 1 completed
[2023-04-15T23:05:22.110+0000] {logging_mixin.py:137} WARNING -  50%|#####     | 1/2 [00:03<00:03,  3.27s/it]
[2023-04-15T23:05:22.839+0000] {logging_mixin.py:137} INFO - [*********************100%***********************]  1 of 1 completed
[2023-04-15T23:05:26.090+0000] {logging_mixin.py:137} WARNING - 100%|##########| 2/2 [00:07<00:00,  3.64s/it]
[2023-04-15T23:05:26.592+0000] {logging_mixin.py:137} WARNING - 100%|##########| 2/2 [00:07<00:00,  3.88s/it]
[2023-04-15T23:05:26.849+0000] {logging_mixin.py:137} INFO - Index(['open', 'high', 'low', 'close', 'adj_close', 'volume', 'timestamp',
       'currency_pair', 'exchangetimezonename', 'timezone'],
      dtype='object')
[2023-04-15T23:05:27.251+0000] {download_yahoo.py:57} INFO - Downloaded data: 
	         open       high        low  ...  currency_pair  exchangetimezonename  timezone
0  19.147871  19.147871  19.147871  ...       AVAX-USD                   UTC       UTC
1  19.149323  19.149323  19.149323  ...       AVAX-USD                   UTC       UTC
2  19.148670  19.148670  19.148670  ...       AVAX-USD                   UTC       UTC
3  19.149122  19.149122  19.149122  ...       AVAX-USD                   UTC       UTC
4  19.150368  19.150368  19.150368  ...       AVAX-USD                   UTC       UTC

[5 rows x 10 columns]
[2023-04-15T23:05:31.495+0000] {python.py:177} INFO - Done. Returned value was: None
[2023-04-15T23:05:31.684+0000] {taskinstance.py:1332} INFO - Marking task as SUCCESS. dag_id=dag_1min, task_id=dump_1m, execution_date=20230415T230000, start_date=20230415T230513, end_date=20230415T230531
[2023-04-15T23:05:32.181+0000] {local_task_job.py:212} INFO - Task exited with return code 0
[2023-04-15T23:05:32.442+0000] {taskinstance.py:2596} INFO - 0 downstream tasks scheduled from follow-on schedule check
