[2023-04-15T03:34:30.354+0000] {taskinstance.py:1090} INFO - Dependencies all met for dep_context=non-requeueable deps ti=<TaskInstance: dag_with_python_dependencies_v03.get_sklearn scheduled__2023-04-14T23:40:00+00:00 [queued]>
[2023-04-15T03:34:37.934+0000] {taskinstance.py:1090} INFO - Dependencies all met for dep_context=requeueable deps ti=<TaskInstance: dag_with_python_dependencies_v03.get_sklearn scheduled__2023-04-14T23:40:00+00:00 [queued]>
[2023-04-15T03:34:38.048+0000] {taskinstance.py:1288} INFO - 
--------------------------------------------------------------------------------
[2023-04-15T03:34:38.152+0000] {taskinstance.py:1289} INFO - Starting attempt 1 of 1
[2023-04-15T03:34:38.173+0000] {taskinstance.py:1290} INFO - 
--------------------------------------------------------------------------------
[2023-04-15T03:34:40.184+0000] {taskinstance.py:1309} INFO - Executing <Task(PythonOperator): get_sklearn> on 2023-04-14 23:40:00+00:00
[2023-04-15T03:34:40.286+0000] {standard_task_runner.py:55} INFO - Started process 116 to run task
[2023-04-15T03:34:40.541+0000] {standard_task_runner.py:82} INFO - Running: ['***', 'tasks', 'run', 'dag_with_python_dependencies_v03', 'get_sklearn', 'scheduled__2023-04-14T23:40:00+00:00', '--job-id', '213', '--raw', '--subdir', 'DAGS_FOLDER/dag_with_python_dependencies.py', '--cfg-path', '/tmp/tmp2655ilq9']
[2023-04-15T03:34:40.561+0000] {standard_task_runner.py:83} INFO - Job 213: Subtask get_sklearn
[2023-04-15T03:34:43.540+0000] {task_command.py:389} INFO - Running <TaskInstance: dag_with_python_dependencies_v03.get_sklearn scheduled__2023-04-14T23:40:00+00:00 [running]> on host 76edc18680e0
[2023-04-15T03:35:05.587+0000] {taskinstance.py:1518} INFO - Exporting the following env vars:
AIRFLOW_CTX_DAG_OWNER=coder2j
AIRFLOW_CTX_DAG_ID=dag_with_python_dependencies_v03
AIRFLOW_CTX_TASK_ID=get_sklearn
AIRFLOW_CTX_EXECUTION_DATE=2023-04-14T23:40:00+00:00
AIRFLOW_CTX_TRY_NUMBER=1
AIRFLOW_CTX_DAG_RUN_ID=scheduled__2023-04-14T23:40:00+00:00
[2023-04-15T03:35:05.679+0000] {logging_mixin.py:137} WARNING -   0%|          | 0/2 [00:00<?, ?it/s]
[2023-04-15T03:35:07.705+0000] {logging_mixin.py:137} INFO - [*********************100%***********************]  1 of 1 completed
[2023-04-15T03:35:11.441+0000] {logging_mixin.py:137} WARNING -  50%|#####     | 1/2 [00:05<00:05,  5.75s/it]
[2023-04-15T03:35:12.711+0000] {logging_mixin.py:137} INFO - [*********************100%***********************]  1 of 1 completed
[2023-04-15T03:35:37.285+0000] {logging_mixin.py:137} WARNING - 100%|##########| 2/2 [00:31<00:00, 17.51s/it]
[2023-04-15T03:35:37.429+0000] {logging_mixin.py:137} WARNING - 100%|##########| 2/2 [00:31<00:00, 15.87s/it]
[2023-04-15T03:35:37.745+0000] {logging_mixin.py:137} INFO - Index(['open', 'high', 'low', 'close', 'adj_close', 'volume', 'timestamp',
       'currency_pair', 'exchangetimezonename', 'timezone'],
      dtype='object')
[2023-04-15T03:35:39.964+0000] {download_yahoo.py:57} INFO - Downloaded data: 
	         open       high        low  ...  currency_pair  exchangetimezonename  timezone
0  18.256571  18.256571  18.256571  ...       AVAX-USD                   UTC       UTC
1  18.261120  18.261120  18.261120  ...       AVAX-USD                   UTC       UTC
2  18.260952  18.260952  18.260952  ...       AVAX-USD                   UTC       UTC
3  18.264101  18.264101  18.264101  ...       AVAX-USD                   UTC       UTC
4  18.268419  18.268419  18.268419  ...       AVAX-USD                   UTC       UTC

[5 rows x 10 columns]
[2023-04-15T03:35:39.979+0000] {logging_mixin.py:137} INFO - raw_data
[2023-04-15T03:35:40.168+0000] {logging_mixin.py:137} INFO - 2023-04-15 03:32:00
[2023-04-15T03:35:41.551+0000] {logging_mixin.py:137} INFO -         open       high        low  ...  currency_pair  exchangetimezonename  timezone
0  18.256571  18.256571  18.256571  ...       AVAX-USD                   UTC       UTC
1  18.261120  18.261120  18.261120  ...       AVAX-USD                   UTC       UTC
2  18.260952  18.260952  18.260952  ...       AVAX-USD                   UTC       UTC
3  18.264101  18.264101  18.264101  ...       AVAX-USD                   UTC       UTC
4  18.268419  18.268419  18.268419  ...       AVAX-USD                   UTC       UTC

[5 rows x 10 columns]
[2023-04-15T03:35:43.938+0000] {logging_mixin.py:137} INFO - 123123
[2023-04-15T03:35:43.997+0000] {python.py:177} INFO - Done. Returned value was: None
[2023-04-15T03:35:45.746+0000] {taskinstance.py:1332} INFO - Marking task as SUCCESS. dag_id=dag_with_python_dependencies_v03, task_id=get_sklearn, execution_date=20230414T234000, start_date=20230415T033431, end_date=20230415T033545
[2023-04-15T03:35:52.991+0000] {local_task_job.py:212} INFO - Task exited with return code 0
[2023-04-15T03:35:55.582+0000] {taskinstance.py:2596} INFO - 0 downstream tasks scheduled from follow-on schedule check
