[2023-05-02T23:45:15.621+0000] {taskinstance.py:1090} INFO - Dependencies all met for dep_context=non-requeueable deps ti=<TaskInstance: dag_1min.dump_1m scheduled__2023-05-02T23:40:00+00:00 [queued]>
[2023-05-02T23:45:15.767+0000] {taskinstance.py:1090} INFO - Dependencies all met for dep_context=requeueable deps ti=<TaskInstance: dag_1min.dump_1m scheduled__2023-05-02T23:40:00+00:00 [queued]>
[2023-05-02T23:45:15.773+0000] {taskinstance.py:1288} INFO - 
--------------------------------------------------------------------------------
[2023-05-02T23:45:15.780+0000] {taskinstance.py:1289} INFO - Starting attempt 1 of 1
[2023-05-02T23:45:15.792+0000] {taskinstance.py:1290} INFO - 
--------------------------------------------------------------------------------
[2023-05-02T23:45:16.242+0000] {taskinstance.py:1309} INFO - Executing <Task(PythonOperator): dump_1m> on 2023-05-02 23:40:00+00:00
[2023-05-02T23:45:16.284+0000] {standard_task_runner.py:55} INFO - Started process 976 to run task
[2023-05-02T23:45:16.337+0000] {standard_task_runner.py:82} INFO - Running: ['***', 'tasks', 'run', 'dag_1min', 'dump_1m', 'scheduled__2023-05-02T23:40:00+00:00', '--job-id', '141', '--raw', '--subdir', 'DAGS_FOLDER/dag_1min.py', '--cfg-path', '/tmp/tmp1bid39mc']
[2023-05-02T23:45:16.343+0000] {standard_task_runner.py:83} INFO - Job 141: Subtask dump_1m
[2023-05-02T23:45:17.047+0000] {task_command.py:389} INFO - Running <TaskInstance: dag_1min.dump_1m scheduled__2023-05-02T23:40:00+00:00 [running]> on host 4a3bd7cf27f4
[2023-05-02T23:45:18.680+0000] {taskinstance.py:1518} INFO - Exporting the following env vars:
AIRFLOW_CTX_DAG_OWNER=coder2j
AIRFLOW_CTX_DAG_ID=dag_1min
AIRFLOW_CTX_TASK_ID=dump_1m
AIRFLOW_CTX_EXECUTION_DATE=2023-05-02T23:40:00+00:00
AIRFLOW_CTX_TRY_NUMBER=1
AIRFLOW_CTX_DAG_RUN_ID=scheduled__2023-05-02T23:40:00+00:00
[2023-05-02T23:45:24.451+0000] {logging_mixin.py:137} WARNING -   0%|          | 0/2 [00:00<?, ?it/s]
[2023-05-02T23:45:25.833+0000] {logging_mixin.py:137} INFO - [*********************100%***********************]  1 of 1 completed
[2023-05-02T23:45:28.607+0000] {logging_mixin.py:137} WARNING -  50%|#####     | 1/2 [00:04<00:04,  4.05s/it]
[2023-05-02T23:45:30.109+0000] {logging_mixin.py:137} INFO - [*********************100%***********************]  1 of 1 completed
[2023-05-02T23:45:31.930+0000] {logging_mixin.py:137} WARNING - 100%|##########| 2/2 [00:07<00:00,  3.68s/it]
[2023-05-02T23:45:31.940+0000] {logging_mixin.py:137} WARNING - 100%|##########| 2/2 [00:07<00:00,  3.74s/it]
[2023-05-02T23:45:31.990+0000] {logging_mixin.py:137} INFO - Index(['open', 'high', 'low', 'close', 'adj_close', 'volume', 'timestamp',
       'currency_pair', 'exchangetimezonename', 'timezone'],
      dtype='object')
[2023-05-02T23:45:32.242+0000] {download_yahoo.py:57} INFO - Downloaded data: 
	         open       high        low  ...  currency_pair  exchangetimezonename  timezone
0  16.856562  16.856562  16.856562  ...       AVAX-USD                   UTC       UTC
1  16.856068  16.856068  16.856068  ...       AVAX-USD                   UTC       UTC
2  16.854219  16.854219  16.854219  ...       AVAX-USD                   UTC       UTC
3  16.853786  16.853786  16.853786  ...       AVAX-USD                   UTC       UTC
4  16.853991  16.853991  16.853991  ...       AVAX-USD                   UTC       UTC

[5 rows x 10 columns]
[2023-05-02T23:45:32.736+0000] {python.py:177} INFO - Done. Returned value was: None
[2023-05-02T23:45:32.821+0000] {taskinstance.py:1332} INFO - Marking task as SUCCESS. dag_id=dag_1min, task_id=dump_1m, execution_date=20230502T234000, start_date=20230502T234515, end_date=20230502T234532
[2023-05-02T23:45:33.074+0000] {local_task_job.py:212} INFO - Task exited with return code 0
[2023-05-02T23:45:33.220+0000] {taskinstance.py:2596} INFO - 0 downstream tasks scheduled from follow-on schedule check
