[2023-05-03T00:05:15.150+0000] {taskinstance.py:1090} INFO - Dependencies all met for dep_context=non-requeueable deps ti=<TaskInstance: dag_1min.dump_1m scheduled__2023-05-03T00:00:00+00:00 [queued]>
[2023-05-03T00:05:15.208+0000] {taskinstance.py:1090} INFO - Dependencies all met for dep_context=requeueable deps ti=<TaskInstance: dag_1min.dump_1m scheduled__2023-05-03T00:00:00+00:00 [queued]>
[2023-05-03T00:05:15.210+0000] {taskinstance.py:1288} INFO - 
--------------------------------------------------------------------------------
[2023-05-03T00:05:15.213+0000] {taskinstance.py:1289} INFO - Starting attempt 1 of 1
[2023-05-03T00:05:15.216+0000] {taskinstance.py:1290} INFO - 
--------------------------------------------------------------------------------
[2023-05-03T00:05:15.331+0000] {taskinstance.py:1309} INFO - Executing <Task(PythonOperator): dump_1m> on 2023-05-03 00:00:00+00:00
[2023-05-03T00:05:15.369+0000] {standard_task_runner.py:55} INFO - Started process 1487 to run task
[2023-05-03T00:05:15.411+0000] {standard_task_runner.py:82} INFO - Running: ['***', 'tasks', 'run', 'dag_1min', 'dump_1m', 'scheduled__2023-05-03T00:00:00+00:00', '--job-id', '145', '--raw', '--subdir', 'DAGS_FOLDER/dag_1min.py', '--cfg-path', '/tmp/tmpzpydk99r']
[2023-05-03T00:05:15.423+0000] {standard_task_runner.py:83} INFO - Job 145: Subtask dump_1m
[2023-05-03T00:05:15.808+0000] {task_command.py:389} INFO - Running <TaskInstance: dag_1min.dump_1m scheduled__2023-05-03T00:00:00+00:00 [running]> on host 4a3bd7cf27f4
[2023-05-03T00:05:17.265+0000] {taskinstance.py:1518} INFO - Exporting the following env vars:
AIRFLOW_CTX_DAG_OWNER=coder2j
AIRFLOW_CTX_DAG_ID=dag_1min
AIRFLOW_CTX_TASK_ID=dump_1m
AIRFLOW_CTX_EXECUTION_DATE=2023-05-03T00:00:00+00:00
AIRFLOW_CTX_TRY_NUMBER=1
AIRFLOW_CTX_DAG_RUN_ID=scheduled__2023-05-03T00:00:00+00:00
[2023-05-03T00:05:19.810+0000] {logging_mixin.py:137} WARNING -   0%|          | 0/2 [00:00<?, ?it/s]
[2023-05-03T00:05:21.087+0000] {logging_mixin.py:137} INFO - [*********************100%***********************]  1 of 1 completed
[2023-05-03T00:05:22.684+0000] {logging_mixin.py:137} WARNING -  50%|#####     | 1/2 [00:02<00:02,  2.85s/it]
[2023-05-03T00:05:23.314+0000] {logging_mixin.py:137} INFO - [*********************100%***********************]  1 of 1 completed
[2023-05-03T00:05:27.576+0000] {logging_mixin.py:137} WARNING - 100%|##########| 2/2 [00:07<00:00,  3.98s/it]
[2023-05-03T00:05:27.767+0000] {logging_mixin.py:137} WARNING - 100%|##########| 2/2 [00:07<00:00,  3.97s/it]
[2023-05-03T00:05:27.910+0000] {logging_mixin.py:137} INFO - Index(['open', 'high', 'low', 'close', 'adj_close', 'volume', 'timestamp',
       'currency_pair', 'exchangetimezonename', 'timezone'],
      dtype='object')
[2023-05-03T00:05:28.251+0000] {download_yahoo.py:57} INFO - Downloaded data: 
	         open       high        low  ...  currency_pair  exchangetimezonename  timezone
0  16.852604  16.852604  16.852604  ...       AVAX-USD                   UTC       UTC
1  16.856569  16.856569  16.856569  ...       AVAX-USD                   UTC       UTC
2  16.854548  16.854548  16.854548  ...       AVAX-USD                   UTC       UTC
3  16.855211  16.855211  16.855211  ...       AVAX-USD                   UTC       UTC
4  16.852097  16.852097  16.852097  ...       AVAX-USD                   UTC       UTC

[5 rows x 10 columns]
[2023-05-03T00:05:28.706+0000] {python.py:177} INFO - Done. Returned value was: None
[2023-05-03T00:05:28.777+0000] {taskinstance.py:1332} INFO - Marking task as SUCCESS. dag_id=dag_1min, task_id=dump_1m, execution_date=20230503T000000, start_date=20230503T000515, end_date=20230503T000528
[2023-05-03T00:05:29.098+0000] {local_task_job.py:212} INFO - Task exited with return code 0
[2023-05-03T00:05:29.251+0000] {taskinstance.py:2596} INFO - 0 downstream tasks scheduled from follow-on schedule check
