[2023-05-03T00:35:13.483+0000] {taskinstance.py:1090} INFO - Dependencies all met for dep_context=non-requeueable deps ti=<TaskInstance: dag_1min.dump_1m scheduled__2023-05-03T00:30:00+00:00 [queued]>
[2023-05-03T00:35:13.627+0000] {taskinstance.py:1090} INFO - Dependencies all met for dep_context=requeueable deps ti=<TaskInstance: dag_1min.dump_1m scheduled__2023-05-03T00:30:00+00:00 [queued]>
[2023-05-03T00:35:13.634+0000] {taskinstance.py:1288} INFO - 
--------------------------------------------------------------------------------
[2023-05-03T00:35:13.637+0000] {taskinstance.py:1289} INFO - Starting attempt 1 of 1
[2023-05-03T00:35:13.640+0000] {taskinstance.py:1290} INFO - 
--------------------------------------------------------------------------------
[2023-05-03T00:35:13.872+0000] {taskinstance.py:1309} INFO - Executing <Task(PythonOperator): dump_1m> on 2023-05-03 00:30:00+00:00
[2023-05-03T00:35:13.926+0000] {standard_task_runner.py:55} INFO - Started process 2252 to run task
[2023-05-03T00:35:13.978+0000] {standard_task_runner.py:82} INFO - Running: ['***', 'tasks', 'run', 'dag_1min', 'dump_1m', 'scheduled__2023-05-03T00:30:00+00:00', '--job-id', '151', '--raw', '--subdir', 'DAGS_FOLDER/dag_1min.py', '--cfg-path', '/tmp/tmp0npygagz']
[2023-05-03T00:35:13.987+0000] {standard_task_runner.py:83} INFO - Job 151: Subtask dump_1m
[2023-05-03T00:35:14.766+0000] {task_command.py:389} INFO - Running <TaskInstance: dag_1min.dump_1m scheduled__2023-05-03T00:30:00+00:00 [running]> on host 4a3bd7cf27f4
[2023-05-03T00:35:16.851+0000] {taskinstance.py:1518} INFO - Exporting the following env vars:
AIRFLOW_CTX_DAG_OWNER=coder2j
AIRFLOW_CTX_DAG_ID=dag_1min
AIRFLOW_CTX_TASK_ID=dump_1m
AIRFLOW_CTX_EXECUTION_DATE=2023-05-03T00:30:00+00:00
AIRFLOW_CTX_TRY_NUMBER=1
AIRFLOW_CTX_DAG_RUN_ID=scheduled__2023-05-03T00:30:00+00:00
[2023-05-03T00:35:20.369+0000] {logging_mixin.py:137} WARNING -   0%|          | 0/2 [00:00<?, ?it/s]
[2023-05-03T00:35:21.816+0000] {logging_mixin.py:137} INFO - [*********************100%***********************]  1 of 1 completed
[2023-05-03T00:35:24.173+0000] {logging_mixin.py:137} WARNING -  50%|#####     | 1/2 [00:03<00:03,  3.73s/it]
[2023-05-03T00:35:25.406+0000] {logging_mixin.py:137} INFO - [*********************100%***********************]  1 of 1 completed
[2023-05-03T00:35:27.136+0000] {logging_mixin.py:137} WARNING - 100%|##########| 2/2 [00:06<00:00,  3.32s/it]
[2023-05-03T00:35:27.143+0000] {logging_mixin.py:137} WARNING - 100%|##########| 2/2 [00:06<00:00,  3.38s/it]
[2023-05-03T00:35:27.170+0000] {logging_mixin.py:137} INFO - Index(['open', 'high', 'low', 'close', 'adj_close', 'volume', 'timestamp',
       'currency_pair', 'exchangetimezonename', 'timezone'],
      dtype='object')
[2023-05-03T00:35:27.530+0000] {download_yahoo.py:57} INFO - Downloaded data: 
	         open       high        low  ...  currency_pair  exchangetimezonename  timezone
0  16.782249  16.782249  16.782249  ...       AVAX-USD                   UTC       UTC
1  16.784885  16.784885  16.784885  ...       AVAX-USD                   UTC       UTC
2  16.788368  16.788368  16.788368  ...       AVAX-USD                   UTC       UTC
3  16.788021  16.788021  16.788021  ...       AVAX-USD                   UTC       UTC
4  16.795300  16.795300  16.795300  ...       AVAX-USD                   UTC       UTC

[5 rows x 10 columns]
[2023-05-03T00:35:28.108+0000] {python.py:177} INFO - Done. Returned value was: None
[2023-05-03T00:35:28.209+0000] {taskinstance.py:1332} INFO - Marking task as SUCCESS. dag_id=dag_1min, task_id=dump_1m, execution_date=20230503T003000, start_date=20230503T003513, end_date=20230503T003528
[2023-05-03T00:35:28.539+0000] {local_task_job.py:212} INFO - Task exited with return code 0
[2023-05-03T00:35:28.719+0000] {taskinstance.py:2596} INFO - 0 downstream tasks scheduled from follow-on schedule check
