[2023-05-02T03:05:11.180+0000] {taskinstance.py:1090} INFO - Dependencies all met for dep_context=non-requeueable deps ti=<TaskInstance: dag_1min.dump_1m scheduled__2023-05-02T03:00:00+00:00 [queued]>
[2023-05-02T03:05:11.231+0000] {taskinstance.py:1090} INFO - Dependencies all met for dep_context=requeueable deps ti=<TaskInstance: dag_1min.dump_1m scheduled__2023-05-02T03:00:00+00:00 [queued]>
[2023-05-02T03:05:11.234+0000] {taskinstance.py:1288} INFO - 
--------------------------------------------------------------------------------
[2023-05-02T03:05:11.236+0000] {taskinstance.py:1289} INFO - Starting attempt 1 of 1
[2023-05-02T03:05:11.238+0000] {taskinstance.py:1290} INFO - 
--------------------------------------------------------------------------------
[2023-05-02T03:05:11.324+0000] {taskinstance.py:1309} INFO - Executing <Task(PythonOperator): dump_1m> on 2023-05-02 03:00:00+00:00
[2023-05-02T03:05:11.344+0000] {standard_task_runner.py:55} INFO - Started process 2255 to run task
[2023-05-02T03:05:11.359+0000] {standard_task_runner.py:82} INFO - Running: ['***', 'tasks', 'run', 'dag_1min', 'dump_1m', 'scheduled__2023-05-02T03:00:00+00:00', '--job-id', '89', '--raw', '--subdir', 'DAGS_FOLDER/dag_1min.py', '--cfg-path', '/tmp/tmpprk2se87']
[2023-05-02T03:05:11.362+0000] {standard_task_runner.py:83} INFO - Job 89: Subtask dump_1m
[2023-05-02T03:05:11.669+0000] {task_command.py:389} INFO - Running <TaskInstance: dag_1min.dump_1m scheduled__2023-05-02T03:00:00+00:00 [running]> on host 178acfe6cdbb
[2023-05-02T03:05:13.128+0000] {taskinstance.py:1518} INFO - Exporting the following env vars:
AIRFLOW_CTX_DAG_OWNER=coder2j
AIRFLOW_CTX_DAG_ID=dag_1min
AIRFLOW_CTX_TASK_ID=dump_1m
AIRFLOW_CTX_EXECUTION_DATE=2023-05-02T03:00:00+00:00
AIRFLOW_CTX_TRY_NUMBER=1
AIRFLOW_CTX_DAG_RUN_ID=scheduled__2023-05-02T03:00:00+00:00
[2023-05-02T03:05:15.178+0000] {logging_mixin.py:137} WARNING -   0%|          | 0/2 [00:00<?, ?it/s]
[2023-05-02T03:05:15.951+0000] {logging_mixin.py:137} INFO - [*********************100%***********************]  1 of 1 completed
[2023-05-02T03:05:17.199+0000] {logging_mixin.py:137} WARNING -  50%|#####     | 1/2 [00:02<00:02,  2.02s/it]
[2023-05-02T03:05:17.612+0000] {logging_mixin.py:137} INFO - [*********************100%***********************]  1 of 1 completed
[2023-05-02T03:05:18.982+0000] {logging_mixin.py:137} WARNING - 100%|##########| 2/2 [00:03<00:00,  1.88s/it]
[2023-05-02T03:05:18.987+0000] {logging_mixin.py:137} WARNING - 100%|##########| 2/2 [00:03<00:00,  1.90s/it]
[2023-05-02T03:05:19.002+0000] {logging_mixin.py:137} INFO - Index(['open', 'high', 'low', 'close', 'adj_close', 'volume', 'timestamp',
       'currency_pair', 'exchangetimezonename', 'timezone'],
      dtype='object')
[2023-05-02T03:05:19.117+0000] {download_yahoo.py:57} INFO - Downloaded data: 
	         open       high        low  ...  currency_pair  exchangetimezonename  timezone
0  16.611410  16.611410  16.611410  ...       AVAX-USD                   UTC       UTC
1  16.613480  16.613480  16.613480  ...       AVAX-USD                   UTC       UTC
2  16.614332  16.614332  16.614332  ...       AVAX-USD                   UTC       UTC
3  16.615404  16.615404  16.615404  ...       AVAX-USD                   UTC       UTC
4  16.617327  16.617327  16.617327  ...       AVAX-USD                   UTC       UTC

[5 rows x 10 columns]
[2023-05-02T03:05:19.407+0000] {python.py:177} INFO - Done. Returned value was: None
[2023-05-02T03:05:19.466+0000] {taskinstance.py:1332} INFO - Marking task as SUCCESS. dag_id=dag_1min, task_id=dump_1m, execution_date=20230502T030000, start_date=20230502T030511, end_date=20230502T030519
[2023-05-02T03:05:19.708+0000] {local_task_job.py:212} INFO - Task exited with return code 0
[2023-05-02T03:05:19.862+0000] {taskinstance.py:2596} INFO - 0 downstream tasks scheduled from follow-on schedule check
