[2023-05-03 01:21:54,561] {taskinstance.py:1035} INFO - Dependencies all met for <TaskInstance: perform_predictions.predict.postgres.google_trends manual__2023-05-03T01:21:44.553946+00:00 [queued]>
[2023-05-03 01:21:54,569] {taskinstance.py:1035} INFO - Dependencies all met for <TaskInstance: perform_predictions.predict.postgres.google_trends manual__2023-05-03T01:21:44.553946+00:00 [queued]>
[2023-05-03 01:21:54,570] {taskinstance.py:1241} INFO - 
--------------------------------------------------------------------------------
[2023-05-03 01:21:54,571] {taskinstance.py:1242} INFO - Starting attempt 1 of 1
[2023-05-03 01:21:54,572] {taskinstance.py:1243} INFO - 
--------------------------------------------------------------------------------
[2023-05-03 01:21:54,581] {taskinstance.py:1262} INFO - Executing <Task(BashOperator): predict.postgres.google_trends> on 2023-05-03 01:21:44.553946+00:00
[2023-05-03 01:21:54,585] {standard_task_runner.py:52} INFO - Started process 543 to run task
[2023-05-03 01:21:54,588] {standard_task_runner.py:76} INFO - Running: ['***', 'tasks', 'run', 'perform_predictions', 'predict.postgres.google_trends', 'manual__2023-05-03T01:21:44.553946+00:00', '--job-id', '22', '--raw', '--subdir', 'DAGS_FOLDER/***_predictions_scheduler.py', '--cfg-path', '/tmp/tmpyrxew7t1', '--error-file', '/tmp/tmp9krv8prp']
[2023-05-03 01:21:54,590] {standard_task_runner.py:77} INFO - Job 22: Subtask predict.postgres.google_trends
[2023-05-03 01:21:54,630] {logging_mixin.py:109} INFO - Running <TaskInstance: perform_predictions.predict.postgres.google_trends manual__2023-05-03T01:21:44.553946+00:00 [running]> on host adc748a128b1
[2023-05-03 01:21:54,674] {taskinstance.py:1429} INFO - Exporting the following env vars:
AIRFLOW_CTX_DAG_EMAIL=***@example.com
AIRFLOW_CTX_DAG_OWNER=***
AIRFLOW_CTX_DAG_ID=perform_predictions
AIRFLOW_CTX_TASK_ID=predict.postgres.google_trends
AIRFLOW_CTX_EXECUTION_DATE=2023-05-03T01:21:44.553946+00:00
AIRFLOW_CTX_DAG_RUN_ID=manual__2023-05-03T01:21:44.553946+00:00
[2023-05-03 01:21:54,675] {subprocess.py:62} INFO - Tmp dir root location: 
 /tmp
[2023-05-03 01:21:54,677] {subprocess.py:74} INFO - Running command: ['bash', '-c', 'sleep 5 && /cmamp/src/load_validate_transform.py --source_table google_trends_data --target_table google_trends_predictions --topic washing_machines']
[2023-05-03 01:21:54,684] {subprocess.py:85} INFO - Output:
[2023-05-03 01:22:00,095] {subprocess.py:89} INFO - Running all QA checks:
[2023-05-03 01:22:00,097] {subprocess.py:89} INFO - DenormalizedDatasetCheck: PASSED
[2023-05-03 01:22:00,099] {subprocess.py:89} INFO - RESAMPLING DATA
[2023-05-03 01:22:00,100] {subprocess.py:89} INFO -                 Topic      Time  Frequency
[2023-05-03 01:22:00,102] {subprocess.py:89} INFO - 0    washing machines  Jan 2004      100.0
[2023-05-03 01:22:00,103] {subprocess.py:89} INFO - 1    washing machines  Feb 2004       95.0
[2023-05-03 01:22:00,104] {subprocess.py:89} INFO - 2    washing machines  Mar 2004       87.0
[2023-05-03 01:22:00,105] {subprocess.py:89} INFO - 3    washing machines  Apr 2004       79.0
[2023-05-03 01:22:00,106] {subprocess.py:89} INFO - 4    washing machines  May 2004       82.0
[2023-05-03 01:22:00,107] {subprocess.py:89} INFO - ..                ...       ...        ...
[2023-05-03 01:22:00,108] {subprocess.py:89} INFO - 227  washing machines  Dec 2022       25.0
[2023-05-03 01:22:00,109] {subprocess.py:89} INFO - 228  washing machines  Jan 2023       25.0
[2023-05-03 01:22:00,110] {subprocess.py:89} INFO - 229  washing machines  Feb 2023       24.0
[2023-05-03 01:22:00,111] {subprocess.py:89} INFO - 230  washing machines  Mar 2023       23.0
[2023-05-03 01:22:00,112] {subprocess.py:89} INFO - 231  washing machines  Apr 2023       24.0
[2023-05-03 01:22:00,113] {subprocess.py:89} INFO - 
[2023-05-03 01:22:00,113] {subprocess.py:89} INFO - [232 rows x 3 columns]
[2023-05-03 01:22:00,149] {subprocess.py:93} INFO - Command exited with return code 0
[2023-05-03 01:22:00,171] {taskinstance.py:1280} INFO - Marking task as SUCCESS. dag_id=perform_predictions, task_id=predict.postgres.google_trends, execution_date=20230503T012144, start_date=20230503T012154, end_date=20230503T012200
[2023-05-03 01:22:00,214] {local_task_job.py:154} INFO - Task exited with return code 0
[2023-05-03 01:22:00,239] {local_task_job.py:264} INFO - 0 downstream tasks scheduled from follow-on schedule check
