[2023-05-02T21:10:11.666+0000] {taskinstance.py:1090} INFO - Dependencies all met for dep_context=non-requeueable deps ti=<TaskInstance: dag_1min.dump_1m scheduled__2023-05-02T21:05:00+00:00 [queued]>
[2023-05-02T21:10:11.791+0000] {taskinstance.py:1090} INFO - Dependencies all met for dep_context=requeueable deps ti=<TaskInstance: dag_1min.dump_1m scheduled__2023-05-02T21:05:00+00:00 [queued]>
[2023-05-02T21:10:11.796+0000] {taskinstance.py:1288} INFO - 
--------------------------------------------------------------------------------
[2023-05-02T21:10:11.803+0000] {taskinstance.py:1289} INFO - Starting attempt 1 of 1
[2023-05-02T21:10:11.810+0000] {taskinstance.py:1290} INFO - 
--------------------------------------------------------------------------------
[2023-05-02T21:10:11.931+0000] {taskinstance.py:1309} INFO - Executing <Task(PythonOperator): dump_1m> on 2023-05-02 21:05:00+00:00
[2023-05-02T21:10:11.951+0000] {standard_task_runner.py:55} INFO - Started process 1055 to run task
[2023-05-02T21:10:11.982+0000] {standard_task_runner.py:82} INFO - Running: ['***', 'tasks', 'run', 'dag_1min', 'dump_1m', 'scheduled__2023-05-02T21:05:00+00:00', '--job-id', '120', '--raw', '--subdir', 'DAGS_FOLDER/dag_1min.py', '--cfg-path', '/tmp/tmp7xpg16ht']
[2023-05-02T21:10:11.987+0000] {standard_task_runner.py:83} INFO - Job 120: Subtask dump_1m
[2023-05-02T21:10:12.559+0000] {task_command.py:389} INFO - Running <TaskInstance: dag_1min.dump_1m scheduled__2023-05-02T21:05:00+00:00 [running]> on host 4a3bd7cf27f4
[2023-05-02T21:10:14.432+0000] {taskinstance.py:1518} INFO - Exporting the following env vars:
AIRFLOW_CTX_DAG_OWNER=coder2j
AIRFLOW_CTX_DAG_ID=dag_1min
AIRFLOW_CTX_TASK_ID=dump_1m
AIRFLOW_CTX_EXECUTION_DATE=2023-05-02T21:05:00+00:00
AIRFLOW_CTX_TRY_NUMBER=1
AIRFLOW_CTX_DAG_RUN_ID=scheduled__2023-05-02T21:05:00+00:00
[2023-05-02T21:10:16.615+0000] {logging_mixin.py:137} WARNING -   0%|          | 0/2 [00:00<?, ?it/s]
[2023-05-02T21:10:17.502+0000] {logging_mixin.py:137} INFO - [*********************100%***********************]  1 of 1 completed
[2023-05-02T21:10:18.852+0000] {logging_mixin.py:137} WARNING -  50%|#####     | 1/2 [00:02<00:02,  2.23s/it]
[2023-05-02T21:10:19.141+0000] {logging_mixin.py:137} INFO - [*********************100%***********************]  1 of 1 completed
[2023-05-02T21:10:20.346+0000] {logging_mixin.py:137} WARNING - 100%|##########| 2/2 [00:03<00:00,  1.80s/it]
[2023-05-02T21:10:20.352+0000] {logging_mixin.py:137} WARNING - 100%|##########| 2/2 [00:03<00:00,  1.87s/it]
[2023-05-02T21:10:20.367+0000] {logging_mixin.py:137} INFO - Index(['open', 'high', 'low', 'close', 'adj_close', 'volume', 'timestamp',
       'currency_pair', 'exchangetimezonename', 'timezone'],
      dtype='object')
[2023-05-02T21:10:20.463+0000] {download_yahoo.py:57} INFO - Downloaded data: 
	         open       high        low  ...  currency_pair  exchangetimezonename  timezone
0  16.879782  16.879782  16.879782  ...       AVAX-USD                   UTC       UTC
1  16.877800  16.877800  16.877800  ...       AVAX-USD                   UTC       UTC
2  16.876242  16.876242  16.876242  ...       AVAX-USD                   UTC       UTC
3  16.878208  16.878208  16.878208  ...       AVAX-USD                   UTC       UTC
4  16.876247  16.876247  16.876247  ...       AVAX-USD                   UTC       UTC

[5 rows x 10 columns]
[2023-05-02T21:10:20.758+0000] {python.py:177} INFO - Done. Returned value was: None
[2023-05-02T21:10:20.812+0000] {taskinstance.py:1332} INFO - Marking task as SUCCESS. dag_id=dag_1min, task_id=dump_1m, execution_date=20230502T210500, start_date=20230502T211011, end_date=20230502T211020
[2023-05-02T21:10:21.050+0000] {local_task_job.py:212} INFO - Task exited with return code 0
[2023-05-02T21:10:21.196+0000] {taskinstance.py:2596} INFO - 0 downstream tasks scheduled from follow-on schedule check
