[2023-05-04 13:29:30,727] {taskinstance.py:1035} INFO - Dependencies all met for <TaskInstance: download_historical_postgres.download.historical.postgres.google_trends scheduled__2023-05-04T13:26:00+00:00 [queued]>
[2023-05-04 13:29:30,735] {taskinstance.py:1035} INFO - Dependencies all met for <TaskInstance: download_historical_postgres.download.historical.postgres.google_trends scheduled__2023-05-04T13:26:00+00:00 [queued]>
[2023-05-04 13:29:30,736] {taskinstance.py:1241} INFO - 
--------------------------------------------------------------------------------
[2023-05-04 13:29:30,737] {taskinstance.py:1242} INFO - Starting attempt 1 of 1
[2023-05-04 13:29:30,738] {taskinstance.py:1243} INFO - 
--------------------------------------------------------------------------------
[2023-05-04 13:29:30,746] {taskinstance.py:1262} INFO - Executing <Task(BashOperator): download.historical.postgres.google_trends> on 2023-05-04 13:26:00+00:00
[2023-05-04 13:29:30,749] {standard_task_runner.py:52} INFO - Started process 190 to run task
[2023-05-04 13:29:30,753] {standard_task_runner.py:76} INFO - Running: ['***', 'tasks', 'run', 'download_historical_postgres', 'download.historical.postgres.google_trends', 'scheduled__2023-05-04T13:26:00+00:00', '--job-id', '6', '--raw', '--subdir', 'DAGS_FOLDER/download_historical_postgres_google_trends.py', '--cfg-path', '/tmp/tmpq6hlyi1g', '--error-file', '/tmp/tmpljsr7vtj']
[2023-05-04 13:29:30,754] {standard_task_runner.py:77} INFO - Job 6: Subtask download.historical.postgres.google_trends
[2023-05-04 13:29:30,794] {logging_mixin.py:109} INFO - Running <TaskInstance: download_historical_postgres.download.historical.postgres.google_trends scheduled__2023-05-04T13:26:00+00:00 [running]> on host 7d6ed9fdc9c5
[2023-05-04 13:29:30,838] {taskinstance.py:1429} INFO - Exporting the following env vars:
AIRFLOW_CTX_DAG_EMAIL=***@example.com
AIRFLOW_CTX_DAG_OWNER=***
AIRFLOW_CTX_DAG_ID=download_historical_postgres
AIRFLOW_CTX_TASK_ID=download.historical.postgres.google_trends
AIRFLOW_CTX_EXECUTION_DATE=2023-05-04T13:26:00+00:00
AIRFLOW_CTX_DAG_RUN_ID=scheduled__2023-05-04T13:26:00+00:00
[2023-05-04 13:29:30,840] {subprocess.py:62} INFO - Tmp dir root location: 
 /tmp
[2023-05-04 13:29:30,841] {subprocess.py:74} INFO - Running command: ['bash', '-c', 'sleep 5 && /cmamp/src/download_to_db.py --target_table google_trends_data --use_api True --real_time_data False --topic DSLR']
[2023-05-04 13:29:30,848] {subprocess.py:85} INFO - Output:
[2023-05-04 13:29:36,904] {subprocess.py:89} INFO - !!connection fetched!!
[2023-05-04 13:29:36,906] {subprocess.py:89} INFO - DELETE FROM google_trends_data WHERE topic = 'dslr'
[2023-05-04 13:29:36,907] {subprocess.py:89} INFO - !Done!
[2023-05-04 13:29:36,907] {subprocess.py:89} INFO -   Topic      Time  Frequency
[2023-05-04 13:29:36,908] {subprocess.py:89} INFO - 0  dslr  Jan 2004          7
[2023-05-04 13:29:36,909] {subprocess.py:89} INFO - 1  dslr  Feb 2004         10
[2023-05-04 13:29:36,910] {subprocess.py:89} INFO - 2  dslr  Mar 2004          6
[2023-05-04 13:29:36,911] {subprocess.py:89} INFO - 3  dslr  Apr 2004          6
[2023-05-04 13:29:36,912] {subprocess.py:89} INFO - 4  dslr  May 2004          7
[2023-05-04 13:29:36,955] {subprocess.py:93} INFO - Command exited with return code 0
[2023-05-04 13:29:36,982] {taskinstance.py:1280} INFO - Marking task as SUCCESS. dag_id=download_historical_postgres, task_id=download.historical.postgres.google_trends, execution_date=20230504T132600, start_date=20230504T132930, end_date=20230504T132936
[2023-05-04 13:29:37,022] {local_task_job.py:154} INFO - Task exited with return code 0
[2023-05-04 13:29:37,046] {local_task_job.py:264} INFO - 0 downstream tasks scheduled from follow-on schedule check
[2023-05-04 13:29:37,063] {dagrun.py:542} INFO - Marking run <DagRun download_historical_postgres @ 2023-05-04 13:26:00+00:00: scheduled__2023-05-04T13:26:00+00:00, externally triggered: False> successful
[2023-05-04 13:29:37,065] {dagrun.py:602} INFO - DagRun Finished: dag_id=download_historical_postgres, execution_date=2023-05-04 13:26:00+00:00, run_id=scheduled__2023-05-04T13:26:00+00:00, run_start_date=2023-05-04 13:29:29.199501+00:00, run_end_date=2023-05-04 13:29:37.064982+00:00, run_duration=7.865481, state=success, external_trigger=False, run_type=scheduled, data_interval_start=2023-05-04 13:26:00+00:00, data_interval_end=2023-05-04 13:28:00+00:00, dag_hash=877457383d0ed8135b2969592f5c094b
