[2023-04-15T03:08:09.767+0000] {taskinstance.py:1090} INFO - Dependencies all met for dep_context=non-requeueable deps ti=<TaskInstance: dag_with_python_dependencies_v03.get_sklearn scheduled__2023-04-14T02:02:00+00:00 [queued]>
[2023-04-15T03:08:09.776+0000] {taskinstance.py:1090} INFO - Dependencies all met for dep_context=requeueable deps ti=<TaskInstance: dag_with_python_dependencies_v03.get_sklearn scheduled__2023-04-14T02:02:00+00:00 [queued]>
[2023-04-15T03:08:09.778+0000] {taskinstance.py:1288} INFO - 
--------------------------------------------------------------------------------
[2023-04-15T03:08:09.779+0000] {taskinstance.py:1289} INFO - Starting attempt 1 of 1
[2023-04-15T03:08:09.780+0000] {taskinstance.py:1290} INFO - 
--------------------------------------------------------------------------------
[2023-04-15T03:08:09.798+0000] {taskinstance.py:1309} INFO - Executing <Task(PythonOperator): get_sklearn> on 2023-04-14 02:02:00+00:00
[2023-04-15T03:08:09.815+0000] {standard_task_runner.py:55} INFO - Started process 168 to run task
[2023-04-15T03:08:09.826+0000] {standard_task_runner.py:82} INFO - Running: ['***', 'tasks', 'run', 'dag_with_python_dependencies_v03', 'get_sklearn', 'scheduled__2023-04-14T02:02:00+00:00', '--job-id', '136', '--raw', '--subdir', 'DAGS_FOLDER/dag_with_python_dependencies.py', '--cfg-path', '/tmp/tmpjh8gzqxa']
[2023-04-15T03:08:09.829+0000] {standard_task_runner.py:83} INFO - Job 136: Subtask get_sklearn
[2023-04-15T03:08:10.016+0000] {task_command.py:389} INFO - Running <TaskInstance: dag_with_python_dependencies_v03.get_sklearn scheduled__2023-04-14T02:02:00+00:00 [running]> on host 2ccca75c638d
[2023-04-15T03:08:10.981+0000] {taskinstance.py:1518} INFO - Exporting the following env vars:
AIRFLOW_CTX_DAG_OWNER=coder2j
AIRFLOW_CTX_DAG_ID=dag_with_python_dependencies_v03
AIRFLOW_CTX_TASK_ID=get_sklearn
AIRFLOW_CTX_EXECUTION_DATE=2023-04-14T02:02:00+00:00
AIRFLOW_CTX_TRY_NUMBER=1
AIRFLOW_CTX_DAG_RUN_ID=scheduled__2023-04-14T02:02:00+00:00
[2023-04-15T03:08:11.004+0000] {logging_mixin.py:137} WARNING -   0%|          | 0/2 [00:00<?, ?it/s]
[2023-04-15T03:08:11.240+0000] {logging_mixin.py:137} INFO - [*********************100%***********************]  1 of 1 completed
[2023-04-15T03:08:12.266+0000] {logging_mixin.py:137} WARNING -  50%|#####     | 1/2 [00:01<00:01,  1.26s/it]
[2023-04-15T03:08:12.446+0000] {logging_mixin.py:137} INFO - [*********************100%***********************]  1 of 1 completed
[2023-04-15T03:08:13.178+0000] {logging_mixin.py:137} WARNING - 100%|##########| 2/2 [00:02<00:00,  1.06s/it]
[2023-04-15T03:08:13.180+0000] {logging_mixin.py:137} WARNING - 100%|##########| 2/2 [00:02<00:00,  1.09s/it]
[2023-04-15T03:08:13.185+0000] {logging_mixin.py:137} INFO - Index(['open', 'high', 'low', 'close', 'adj_close', 'volume', 'timestamp',
       'currency_pair', 'exchangetimezonename', 'timezone'],
      dtype='object')
[2023-04-15T03:08:13.196+0000] {download_yahoo.py:57} INFO - Downloaded data: 
	         open       high        low  ...  currency_pair  exchangetimezonename  timezone
0  18.256571  18.256571  18.256571  ...       AVAX-USD                   UTC       UTC
1  18.261120  18.261120  18.261120  ...       AVAX-USD                   UTC       UTC
2  18.260952  18.260952  18.260952  ...       AVAX-USD                   UTC       UTC
3  18.264101  18.264101  18.264101  ...       AVAX-USD                   UTC       UTC
4  18.268419  18.268419  18.268419  ...       AVAX-USD                   UTC       UTC

[5 rows x 10 columns]
[2023-04-15T03:08:13.198+0000] {logging_mixin.py:137} INFO - raw_data
[2023-04-15T03:08:13.208+0000] {logging_mixin.py:137} INFO - 2023-04-15 03:05:00
[2023-04-15T03:08:13.220+0000] {logging_mixin.py:137} INFO -         open       high        low  ...  currency_pair  exchangetimezonename  timezone
0  18.256571  18.256571  18.256571  ...       AVAX-USD                   UTC       UTC
1  18.261120  18.261120  18.261120  ...       AVAX-USD                   UTC       UTC
2  18.260952  18.260952  18.260952  ...       AVAX-USD                   UTC       UTC
3  18.264101  18.264101  18.264101  ...       AVAX-USD                   UTC       UTC
4  18.268419  18.268419  18.268419  ...       AVAX-USD                   UTC       UTC

[5 rows x 10 columns]
[2023-04-15T03:08:13.262+0000] {logging_mixin.py:137} INFO - 123123
[2023-04-15T03:08:13.264+0000] {python.py:177} INFO - Done. Returned value was: None
[2023-04-15T03:08:13.287+0000] {taskinstance.py:1332} INFO - Marking task as SUCCESS. dag_id=dag_with_python_dependencies_v03, task_id=get_sklearn, execution_date=20230414T020200, start_date=20230415T030809, end_date=20230415T030813
[2023-04-15T03:08:13.460+0000] {local_task_job.py:212} INFO - Task exited with return code 0
[2023-04-15T03:08:13.499+0000] {taskinstance.py:2596} INFO - 0 downstream tasks scheduled from follow-on schedule check
