[2023-04-15T04:06:02.154+0000] {taskinstance.py:1090} INFO - Dependencies all met for dep_context=non-requeueable deps ti=<TaskInstance: dag_with_python_dependencies_v03.get_sklearn scheduled__2023-04-15T04:04:00+00:00 [queued]>
[2023-04-15T04:06:02.162+0000] {taskinstance.py:1090} INFO - Dependencies all met for dep_context=requeueable deps ti=<TaskInstance: dag_with_python_dependencies_v03.get_sklearn scheduled__2023-04-15T04:04:00+00:00 [queued]>
[2023-04-15T04:06:02.163+0000] {taskinstance.py:1288} INFO - 
--------------------------------------------------------------------------------
[2023-04-15T04:06:02.164+0000] {taskinstance.py:1289} INFO - Starting attempt 1 of 1
[2023-04-15T04:06:02.165+0000] {taskinstance.py:1290} INFO - 
--------------------------------------------------------------------------------
[2023-04-15T04:06:02.176+0000] {taskinstance.py:1309} INFO - Executing <Task(PythonOperator): get_sklearn> on 2023-04-15 04:04:00+00:00
[2023-04-15T04:06:02.185+0000] {standard_task_runner.py:55} INFO - Started process 484 to run task
[2023-04-15T04:06:02.194+0000] {standard_task_runner.py:82} INFO - Running: ['***', 'tasks', 'run', 'dag_with_python_dependencies_v03', 'get_sklearn', 'scheduled__2023-04-15T04:04:00+00:00', '--job-id', '265', '--raw', '--subdir', 'DAGS_FOLDER/dag_with_python_dependencies.py', '--cfg-path', '/tmp/tmprm38s1f0']
[2023-04-15T04:06:02.197+0000] {standard_task_runner.py:83} INFO - Job 265: Subtask get_sklearn
[2023-04-15T04:06:02.297+0000] {task_command.py:389} INFO - Running <TaskInstance: dag_with_python_dependencies_v03.get_sklearn scheduled__2023-04-15T04:04:00+00:00 [running]> on host 1c290623dca1
[2023-04-15T04:06:02.730+0000] {taskinstance.py:1518} INFO - Exporting the following env vars:
AIRFLOW_CTX_DAG_OWNER=coder2j
AIRFLOW_CTX_DAG_ID=dag_with_python_dependencies_v03
AIRFLOW_CTX_TASK_ID=get_sklearn
AIRFLOW_CTX_EXECUTION_DATE=2023-04-15T04:04:00+00:00
AIRFLOW_CTX_TRY_NUMBER=1
AIRFLOW_CTX_DAG_RUN_ID=scheduled__2023-04-15T04:04:00+00:00
[2023-04-15T04:06:02.740+0000] {logging_mixin.py:137} WARNING -   0%|          | 0/2 [00:00<?, ?it/s]
[2023-04-15T04:06:03.292+0000] {logging_mixin.py:137} INFO - [*********************100%***********************]  1 of 1 completed
[2023-04-15T04:06:04.124+0000] {logging_mixin.py:137} WARNING -  50%|#####     | 1/2 [00:01<00:01,  1.38s/it]
[2023-04-15T04:06:04.342+0000] {logging_mixin.py:137} INFO - [*********************100%***********************]  1 of 1 completed
[2023-04-15T04:06:05.091+0000] {logging_mixin.py:137} WARNING - 100%|##########| 2/2 [00:02<00:00,  1.14s/it]
[2023-04-15T04:06:05.094+0000] {logging_mixin.py:137} WARNING - 100%|##########| 2/2 [00:02<00:00,  1.18s/it]
[2023-04-15T04:06:05.098+0000] {logging_mixin.py:137} INFO - Index(['open', 'high', 'low', 'close', 'adj_close', 'volume', 'timestamp',
       'currency_pair', 'exchangetimezonename', 'timezone'],
      dtype='object')
[2023-04-15T04:06:05.112+0000] {download_yahoo.py:57} INFO - Downloaded data: 
	         open       high        low  ...  currency_pair  exchangetimezonename  timezone
0  18.256571  18.256571  18.256571  ...       AVAX-USD                   UTC       UTC
1  18.261120  18.261120  18.261120  ...       AVAX-USD                   UTC       UTC
2  18.260952  18.260952  18.260952  ...       AVAX-USD                   UTC       UTC
3  18.264101  18.264101  18.264101  ...       AVAX-USD                   UTC       UTC
4  18.268419  18.268419  18.268419  ...       AVAX-USD                   UTC       UTC

[5 rows x 10 columns]
[2023-04-15T04:06:05.114+0000] {logging_mixin.py:137} INFO - raw_data
[2023-04-15T04:06:05.125+0000] {logging_mixin.py:137} INFO - 2023-04-15 04:03:00
[2023-04-15T04:06:05.147+0000] {logging_mixin.py:137} INFO -         open       high        low  ...  currency_pair  exchangetimezonename  timezone
0  18.256571  18.256571  18.256571  ...       AVAX-USD                   UTC       UTC
1  18.261120  18.261120  18.261120  ...       AVAX-USD                   UTC       UTC
2  18.260952  18.260952  18.260952  ...       AVAX-USD                   UTC       UTC
3  18.264101  18.264101  18.264101  ...       AVAX-USD                   UTC       UTC
4  18.268419  18.268419  18.268419  ...       AVAX-USD                   UTC       UTC

[5 rows x 10 columns]
[2023-04-15T04:06:05.186+0000] {logging_mixin.py:137} INFO - 123123
[2023-04-15T04:06:05.187+0000] {python.py:177} INFO - Done. Returned value was: None
[2023-04-15T04:06:05.211+0000] {taskinstance.py:1332} INFO - Marking task as SUCCESS. dag_id=dag_with_python_dependencies_v03, task_id=get_sklearn, execution_date=20230415T040400, start_date=20230415T040602, end_date=20230415T040605
[2023-04-15T04:06:05.312+0000] {local_task_job.py:212} INFO - Task exited with return code 0
[2023-04-15T04:06:05.375+0000] {taskinstance.py:2596} INFO - 0 downstream tasks scheduled from follow-on schedule check
