[2023-04-14T04:51:36.054+0000] {taskinstance.py:1090} INFO - Dependencies all met for dep_context=non-requeueable deps ti=<TaskInstance: dag_with_python_dependencies_v03.get_sklearn scheduled__2023-04-14T00:54:00+00:00 [queued]>
[2023-04-14T04:51:36.122+0000] {taskinstance.py:1090} INFO - Dependencies all met for dep_context=requeueable deps ti=<TaskInstance: dag_with_python_dependencies_v03.get_sklearn scheduled__2023-04-14T00:54:00+00:00 [queued]>
[2023-04-14T04:51:36.145+0000] {taskinstance.py:1288} INFO - 
--------------------------------------------------------------------------------
[2023-04-14T04:51:36.156+0000] {taskinstance.py:1289} INFO - Starting attempt 1 of 1
[2023-04-14T04:51:36.158+0000] {taskinstance.py:1290} INFO - 
--------------------------------------------------------------------------------
[2023-04-14T04:51:36.263+0000] {taskinstance.py:1309} INFO - Executing <Task(PythonOperator): get_sklearn> on 2023-04-14 00:54:00+00:00
[2023-04-14T04:51:36.305+0000] {standard_task_runner.py:55} INFO - Started process 70 to run task
[2023-04-14T04:51:36.362+0000] {standard_task_runner.py:82} INFO - Running: ['***', 'tasks', 'run', 'dag_with_python_dependencies_v03', 'get_sklearn', 'scheduled__2023-04-14T00:54:00+00:00', '--job-id', '59', '--raw', '--subdir', 'DAGS_FOLDER/dag_with_python_dependencies.py', '--cfg-path', '/tmp/tmpi9fnh7j1']
[2023-04-14T04:51:36.385+0000] {standard_task_runner.py:83} INFO - Job 59: Subtask get_sklearn
[2023-04-14T04:51:37.043+0000] {task_command.py:389} INFO - Running <TaskInstance: dag_with_python_dependencies_v03.get_sklearn scheduled__2023-04-14T00:54:00+00:00 [running]> on host 57709d3878ce
[2023-04-14T04:51:37.475+0000] {taskinstance.py:1518} INFO - Exporting the following env vars:
AIRFLOW_CTX_DAG_OWNER=coder2j
AIRFLOW_CTX_DAG_ID=dag_with_python_dependencies_v03
AIRFLOW_CTX_TASK_ID=get_sklearn
AIRFLOW_CTX_EXECUTION_DATE=2023-04-14T00:54:00+00:00
AIRFLOW_CTX_TRY_NUMBER=1
AIRFLOW_CTX_DAG_RUN_ID=scheduled__2023-04-14T00:54:00+00:00
[2023-04-14T04:51:45.692+0000] {local_task_job.py:212} INFO - Task exited with return code Negsignal.SIGKILL
[2023-04-14T04:51:45.976+0000] {taskinstance.py:2596} INFO - 0 downstream tasks scheduled from follow-on schedule check
