[2023-05-03T00:40:13.258+0000] {taskinstance.py:1090} INFO - Dependencies all met for dep_context=non-requeueable deps ti=<TaskInstance: dag_1min.dump_1m scheduled__2023-05-03T00:35:00+00:00 [queued]>
[2023-05-03T00:40:13.329+0000] {taskinstance.py:1090} INFO - Dependencies all met for dep_context=requeueable deps ti=<TaskInstance: dag_1min.dump_1m scheduled__2023-05-03T00:35:00+00:00 [queued]>
[2023-05-03T00:40:13.331+0000] {taskinstance.py:1288} INFO - 
--------------------------------------------------------------------------------
[2023-05-03T00:40:13.334+0000] {taskinstance.py:1289} INFO - Starting attempt 1 of 1
[2023-05-03T00:40:13.344+0000] {taskinstance.py:1290} INFO - 
--------------------------------------------------------------------------------
[2023-05-03T00:40:13.484+0000] {taskinstance.py:1309} INFO - Executing <Task(PythonOperator): dump_1m> on 2023-05-03 00:35:00+00:00
[2023-05-03T00:40:13.503+0000] {standard_task_runner.py:55} INFO - Started process 2372 to run task
[2023-05-03T00:40:13.519+0000] {standard_task_runner.py:82} INFO - Running: ['***', 'tasks', 'run', 'dag_1min', 'dump_1m', 'scheduled__2023-05-03T00:35:00+00:00', '--job-id', '152', '--raw', '--subdir', 'DAGS_FOLDER/dag_1min.py', '--cfg-path', '/tmp/tmp8hp_m9tj']
[2023-05-03T00:40:13.523+0000] {standard_task_runner.py:83} INFO - Job 152: Subtask dump_1m
[2023-05-03T00:40:13.885+0000] {task_command.py:389} INFO - Running <TaskInstance: dag_1min.dump_1m scheduled__2023-05-03T00:35:00+00:00 [running]> on host 4a3bd7cf27f4
[2023-05-03T00:40:15.053+0000] {taskinstance.py:1518} INFO - Exporting the following env vars:
AIRFLOW_CTX_DAG_OWNER=coder2j
AIRFLOW_CTX_DAG_ID=dag_1min
AIRFLOW_CTX_TASK_ID=dump_1m
AIRFLOW_CTX_EXECUTION_DATE=2023-05-03T00:35:00+00:00
AIRFLOW_CTX_TRY_NUMBER=1
AIRFLOW_CTX_DAG_RUN_ID=scheduled__2023-05-03T00:35:00+00:00
[2023-05-03T00:40:17.069+0000] {logging_mixin.py:137} WARNING -   0%|          | 0/2 [00:00<?, ?it/s]
[2023-05-03T00:40:17.627+0000] {logging_mixin.py:137} INFO - [*********************100%***********************]  1 of 1 completed
[2023-05-03T00:40:19.346+0000] {logging_mixin.py:137} WARNING -  50%|#####     | 1/2 [00:02<00:02,  2.26s/it]
[2023-05-03T00:40:19.688+0000] {logging_mixin.py:137} INFO - [*********************100%***********************]  1 of 1 completed
[2023-05-03T00:40:20.862+0000] {logging_mixin.py:137} WARNING - 100%|##########| 2/2 [00:03<00:00,  1.82s/it]
[2023-05-03T00:40:20.866+0000] {logging_mixin.py:137} WARNING - 100%|##########| 2/2 [00:03<00:00,  1.89s/it]
[2023-05-03T00:40:20.879+0000] {logging_mixin.py:137} INFO - Index(['open', 'high', 'low', 'close', 'adj_close', 'volume', 'timestamp',
       'currency_pair', 'exchangetimezonename', 'timezone'],
      dtype='object')
[2023-05-03T00:40:20.976+0000] {download_yahoo.py:57} INFO - Downloaded data: 
	         open       high        low  ...  currency_pair  exchangetimezonename  timezone
0  16.794514  16.794514  16.794514  ...       AVAX-USD                   UTC       UTC
1  16.794891  16.794891  16.794891  ...       AVAX-USD                   UTC       UTC
2  16.790503  16.790503  16.790503  ...       AVAX-USD                   UTC       UTC
3  16.791965  16.791965  16.791965  ...       AVAX-USD                   UTC       UTC
4  16.792034  16.792034  16.792034  ...       AVAX-USD                   UTC       UTC

[5 rows x 10 columns]
[2023-05-03T00:40:21.262+0000] {python.py:177} INFO - Done. Returned value was: None
[2023-05-03T00:40:21.321+0000] {taskinstance.py:1332} INFO - Marking task as SUCCESS. dag_id=dag_1min, task_id=dump_1m, execution_date=20230503T003500, start_date=20230503T004013, end_date=20230503T004021
[2023-05-03T00:40:21.489+0000] {local_task_job.py:212} INFO - Task exited with return code 0
[2023-05-03T00:40:21.599+0000] {taskinstance.py:2596} INFO - 0 downstream tasks scheduled from follow-on schedule check
