[2023-04-29 23:34:11,455] {taskinstance.py:1035} INFO - Dependencies all met for <TaskInstance: tutorial.templated scheduled__2023-04-29T23:32:00+00:00 [queued]>
[2023-04-29 23:34:11,462] {taskinstance.py:1035} INFO - Dependencies all met for <TaskInstance: tutorial.templated scheduled__2023-04-29T23:32:00+00:00 [queued]>
[2023-04-29 23:34:11,463] {taskinstance.py:1241} INFO - 
--------------------------------------------------------------------------------
[2023-04-29 23:34:11,464] {taskinstance.py:1242} INFO - Starting attempt 1 of 2
[2023-04-29 23:34:11,465] {taskinstance.py:1243} INFO - 
--------------------------------------------------------------------------------
[2023-04-29 23:34:11,473] {taskinstance.py:1262} INFO - Executing <Task(BashOperator): templated> on 2023-04-29 23:32:00+00:00
[2023-04-29 23:34:11,477] {standard_task_runner.py:52} INFO - Started process 213 to run task
[2023-04-29 23:34:11,481] {standard_task_runner.py:76} INFO - Running: ['***', 'tasks', 'run', 'tutorial', 'templated', 'scheduled__2023-04-29T23:32:00+00:00', '--job-id', '13', '--raw', '--subdir', 'DAGS_FOLDER/***_tutorial.py', '--cfg-path', '/tmp/tmp5a413hdl', '--error-file', '/tmp/tmptbdj7751']
[2023-04-29 23:34:11,482] {standard_task_runner.py:77} INFO - Job 13: Subtask templated
[2023-04-29 23:34:11,525] {logging_mixin.py:109} INFO - Running <TaskInstance: tutorial.templated scheduled__2023-04-29T23:32:00+00:00 [running]> on host 4fd1971d5f6c
[2023-04-29 23:34:11,568] {taskinstance.py:1429} INFO - Exporting the following env vars:
AIRFLOW_CTX_DAG_EMAIL=***@example.com
AIRFLOW_CTX_DAG_OWNER=***
AIRFLOW_CTX_DAG_ID=tutorial
AIRFLOW_CTX_TASK_ID=templated
AIRFLOW_CTX_EXECUTION_DATE=2023-04-29T23:32:00+00:00
AIRFLOW_CTX_DAG_RUN_ID=scheduled__2023-04-29T23:32:00+00:00
[2023-04-29 23:34:11,571] {subprocess.py:62} INFO - Tmp dir root location: 
 /tmp
[2023-04-29 23:34:11,572] {subprocess.py:74} INFO - Running command: ['bash', '-c', '\n\n    echo "2023-04-29"\n    echo "2023-05-06"\n    echo "Parameter I passed in"\n\n    echo "2023-04-29"\n    echo "2023-05-06"\n    echo "Parameter I passed in"\n\n    echo "2023-04-29"\n    echo "2023-05-06"\n    echo "Parameter I passed in"\n\n    echo "2023-04-29"\n    echo "2023-05-06"\n    echo "Parameter I passed in"\n\n    echo "2023-04-29"\n    echo "2023-05-06"\n    echo "Parameter I passed in"\n']
[2023-04-29 23:34:11,579] {subprocess.py:85} INFO - Output:
[2023-04-29 23:34:11,581] {subprocess.py:89} INFO - 2023-04-29
[2023-04-29 23:34:11,582] {subprocess.py:89} INFO - 2023-05-06
[2023-04-29 23:34:11,583] {subprocess.py:89} INFO - Parameter I passed in
[2023-04-29 23:34:11,584] {subprocess.py:89} INFO - 2023-04-29
[2023-04-29 23:34:11,585] {subprocess.py:89} INFO - 2023-05-06
[2023-04-29 23:34:11,586] {subprocess.py:89} INFO - Parameter I passed in
[2023-04-29 23:34:11,587] {subprocess.py:89} INFO - 2023-04-29
[2023-04-29 23:34:11,588] {subprocess.py:89} INFO - 2023-05-06
[2023-04-29 23:34:11,588] {subprocess.py:89} INFO - Parameter I passed in
[2023-04-29 23:34:11,589] {subprocess.py:89} INFO - 2023-04-29
[2023-04-29 23:34:11,590] {subprocess.py:89} INFO - 2023-05-06
[2023-04-29 23:34:11,591] {subprocess.py:89} INFO - Parameter I passed in
[2023-04-29 23:34:11,591] {subprocess.py:89} INFO - 2023-04-29
[2023-04-29 23:34:11,592] {subprocess.py:89} INFO - 2023-05-06
[2023-04-29 23:34:11,593] {subprocess.py:89} INFO - Parameter I passed in
[2023-04-29 23:34:11,594] {subprocess.py:93} INFO - Command exited with return code 0
[2023-04-29 23:34:11,612] {taskinstance.py:1280} INFO - Marking task as SUCCESS. dag_id=tutorial, task_id=templated, execution_date=20230429T233200, start_date=20230429T233411, end_date=20230429T233411
[2023-04-29 23:34:11,654] {local_task_job.py:154} INFO - Task exited with return code 0
[2023-04-29 23:34:11,681] {local_task_job.py:264} INFO - 0 downstream tasks scheduled from follow-on schedule check
