[2023-05-03T07:00:12.320+0000] {taskinstance.py:1090} INFO - Dependencies all met for dep_context=non-requeueable deps ti=<TaskInstance: dag_1min.dump_1m scheduled__2023-05-03T06:55:00+00:00 [queued]>
[2023-05-03T07:00:12.369+0000] {taskinstance.py:1090} INFO - Dependencies all met for dep_context=requeueable deps ti=<TaskInstance: dag_1min.dump_1m scheduled__2023-05-03T06:55:00+00:00 [queued]>
[2023-05-03T07:00:12.372+0000] {taskinstance.py:1288} INFO - 
--------------------------------------------------------------------------------
[2023-05-03T07:00:12.373+0000] {taskinstance.py:1289} INFO - Starting attempt 1 of 1
[2023-05-03T07:00:12.375+0000] {taskinstance.py:1290} INFO - 
--------------------------------------------------------------------------------
[2023-05-03T07:00:12.480+0000] {taskinstance.py:1309} INFO - Executing <Task(PythonOperator): dump_1m> on 2023-05-03 06:55:00+00:00
[2023-05-03T07:00:12.499+0000] {standard_task_runner.py:55} INFO - Started process 1931 to run task
[2023-05-03T07:00:12.511+0000] {standard_task_runner.py:82} INFO - Running: ['***', 'tasks', 'run', 'dag_1min', 'dump_1m', 'scheduled__2023-05-03T06:55:00+00:00', '--job-id', '220', '--raw', '--subdir', 'DAGS_FOLDER/dag_1min.py', '--cfg-path', '/tmp/tmpbi9zfjcz']
[2023-05-03T07:00:12.514+0000] {standard_task_runner.py:83} INFO - Job 220: Subtask dump_1m
[2023-05-03T07:00:12.827+0000] {task_command.py:389} INFO - Running <TaskInstance: dag_1min.dump_1m scheduled__2023-05-03T06:55:00+00:00 [running]> on host c58811f86e80
[2023-05-03T07:00:13.330+0000] {taskinstance.py:1518} INFO - Exporting the following env vars:
AIRFLOW_CTX_DAG_OWNER=coder2j
AIRFLOW_CTX_DAG_ID=dag_1min
AIRFLOW_CTX_TASK_ID=dump_1m
AIRFLOW_CTX_EXECUTION_DATE=2023-05-03T06:55:00+00:00
AIRFLOW_CTX_TRY_NUMBER=1
AIRFLOW_CTX_DAG_RUN_ID=scheduled__2023-05-03T06:55:00+00:00
[2023-05-03T07:00:14.559+0000] {logging_mixin.py:137} WARNING -   0%|          | 0/2 [00:00<?, ?it/s]
[2023-05-03T07:00:15.290+0000] {logging_mixin.py:137} INFO - [*********************100%***********************]  1 of 1 completed
[2023-05-03T07:00:16.566+0000] {logging_mixin.py:137} WARNING -  50%|#####     | 1/2 [00:01<00:01,  2.00s/it]
[2023-05-03T07:00:16.893+0000] {logging_mixin.py:137} INFO - [*********************100%***********************]  1 of 1 completed
[2023-05-03T07:00:19.447+0000] {logging_mixin.py:137} WARNING - 100%|##########| 2/2 [00:04<00:00,  2.52s/it]
[2023-05-03T07:00:19.453+0000] {logging_mixin.py:137} WARNING - 100%|##########| 2/2 [00:04<00:00,  2.45s/it]
[2023-05-03T07:00:19.471+0000] {logging_mixin.py:137} INFO - Index(['open', 'high', 'low', 'close', 'adj_close', 'volume', 'timestamp',
       'currency_pair', 'exchangetimezonename', 'timezone'],
      dtype='object')
[2023-05-03T07:00:19.657+0000] {download_yahoo.py:57} INFO - Downloaded data: 
	         open       high        low  ...  currency_pair  exchangetimezonename  timezone
0  16.783337  16.783337  16.783337  ...       AVAX-USD                   UTC       UTC
1  16.786520  16.786520  16.786520  ...       AVAX-USD                   UTC       UTC
2  16.782902  16.782902  16.782902  ...       AVAX-USD                   UTC       UTC
3  16.766834  16.766834  16.766834  ...       AVAX-USD                   UTC       UTC
4  16.764202  16.764202  16.764202  ...       AVAX-USD                   UTC       UTC

[5 rows x 10 columns]
[2023-05-03T07:00:19.897+0000] {python.py:177} INFO - Done. Returned value was: None
[2023-05-03T07:00:19.953+0000] {taskinstance.py:1332} INFO - Marking task as SUCCESS. dag_id=dag_1min, task_id=dump_1m, execution_date=20230503T065500, start_date=20230503T070012, end_date=20230503T070019
[2023-05-03T07:00:20.102+0000] {local_task_job.py:212} INFO - Task exited with return code 0
[2023-05-03T07:00:20.245+0000] {taskinstance.py:2596} INFO - 1 downstream tasks scheduled from follow-on schedule check
