[2023-04-15T23:15:11.775+0000] {taskinstance.py:1090} INFO - Dependencies all met for dep_context=non-requeueable deps ti=<TaskInstance: dag_1min.dump_1m scheduled__2023-04-15T23:10:00+00:00 [queued]>
[2023-04-15T23:15:11.935+0000] {taskinstance.py:1090} INFO - Dependencies all met for dep_context=requeueable deps ti=<TaskInstance: dag_1min.dump_1m scheduled__2023-04-15T23:10:00+00:00 [queued]>
[2023-04-15T23:15:11.943+0000] {taskinstance.py:1288} INFO - 
--------------------------------------------------------------------------------
[2023-04-15T23:15:11.950+0000] {taskinstance.py:1289} INFO - Starting attempt 1 of 1
[2023-04-15T23:15:11.955+0000] {taskinstance.py:1290} INFO - 
--------------------------------------------------------------------------------
[2023-04-15T23:15:12.208+0000] {taskinstance.py:1309} INFO - Executing <Task(PythonOperator): dump_1m> on 2023-04-15 23:10:00+00:00
[2023-04-15T23:15:12.260+0000] {standard_task_runner.py:55} INFO - Started process 948 to run task
[2023-04-15T23:15:12.323+0000] {standard_task_runner.py:82} INFO - Running: ['***', 'tasks', 'run', 'dag_1min', 'dump_1m', 'scheduled__2023-04-15T23:10:00+00:00', '--job-id', '327', '--raw', '--subdir', 'DAGS_FOLDER/dag_1min.py', '--cfg-path', '/tmp/tmpue5j_dpi']
[2023-04-15T23:15:12.338+0000] {standard_task_runner.py:83} INFO - Job 327: Subtask dump_1m
[2023-04-15T23:15:12.897+0000] {task_command.py:389} INFO - Running <TaskInstance: dag_1min.dump_1m scheduled__2023-04-15T23:10:00+00:00 [running]> on host cc609b5f7385
[2023-04-15T23:15:14.660+0000] {taskinstance.py:1518} INFO - Exporting the following env vars:
AIRFLOW_CTX_DAG_OWNER=coder2j
AIRFLOW_CTX_DAG_ID=dag_1min
AIRFLOW_CTX_TASK_ID=dump_1m
AIRFLOW_CTX_EXECUTION_DATE=2023-04-15T23:10:00+00:00
AIRFLOW_CTX_TRY_NUMBER=1
AIRFLOW_CTX_DAG_RUN_ID=scheduled__2023-04-15T23:10:00+00:00
[2023-04-15T23:15:16.241+0000] {logging_mixin.py:137} WARNING -   0%|          | 0/2 [00:00<?, ?it/s]
[2023-04-15T23:15:17.761+0000] {logging_mixin.py:137} INFO - [*********************100%***********************]  1 of 1 completed
[2023-04-15T23:15:20.505+0000] {logging_mixin.py:137} WARNING -  50%|#####     | 1/2 [00:04<00:04,  4.25s/it]
[2023-04-15T23:15:21.353+0000] {logging_mixin.py:137} INFO - [*********************100%***********************]  1 of 1 completed
[2023-04-15T23:15:25.293+0000] {logging_mixin.py:137} WARNING - 100%|##########| 2/2 [00:09<00:00,  4.56s/it]
[2023-04-15T23:15:25.332+0000] {logging_mixin.py:137} WARNING - 100%|##########| 2/2 [00:09<00:00,  4.54s/it]
[2023-04-15T23:15:25.455+0000] {logging_mixin.py:137} INFO - Index(['open', 'high', 'low', 'close', 'adj_close', 'volume', 'timestamp',
       'currency_pair', 'exchangetimezonename', 'timezone'],
      dtype='object')
[2023-04-15T23:15:26.043+0000] {download_yahoo.py:57} INFO - Downloaded data: 
	         open       high        low  ...  currency_pair  exchangetimezonename  timezone
0  19.145475  19.145475  19.145475  ...       AVAX-USD                   UTC       UTC
1  19.145170  19.145170  19.145170  ...       AVAX-USD                   UTC       UTC
2  19.145267  19.145267  19.145267  ...       AVAX-USD                   UTC       UTC
3  19.146023  19.146023  19.146023  ...       AVAX-USD                   UTC       UTC
4  19.145950  19.145950  19.145950  ...       AVAX-USD                   UTC       UTC

[5 rows x 10 columns]
[2023-04-15T23:15:30.821+0000] {python.py:177} INFO - Done. Returned value was: None
[2023-04-15T23:15:31.267+0000] {taskinstance.py:1332} INFO - Marking task as SUCCESS. dag_id=dag_1min, task_id=dump_1m, execution_date=20230415T231000, start_date=20230415T231511, end_date=20230415T231531
[2023-04-15T23:15:31.940+0000] {local_task_job.py:212} INFO - Task exited with return code 0
[2023-04-15T23:15:32.277+0000] {taskinstance.py:2596} INFO - 0 downstream tasks scheduled from follow-on schedule check
