[2023-04-15T23:30:16.177+0000] {taskinstance.py:1090} INFO - Dependencies all met for dep_context=non-requeueable deps ti=<TaskInstance: dag_1min.dump_1m scheduled__2023-04-15T23:25:00+00:00 [queued]>
[2023-04-15T23:30:16.243+0000] {taskinstance.py:1090} INFO - Dependencies all met for dep_context=requeueable deps ti=<TaskInstance: dag_1min.dump_1m scheduled__2023-04-15T23:25:00+00:00 [queued]>
[2023-04-15T23:30:16.246+0000] {taskinstance.py:1288} INFO - 
--------------------------------------------------------------------------------
[2023-04-15T23:30:16.248+0000] {taskinstance.py:1289} INFO - Starting attempt 1 of 1
[2023-04-15T23:30:16.250+0000] {taskinstance.py:1290} INFO - 
--------------------------------------------------------------------------------
[2023-04-15T23:30:16.349+0000] {taskinstance.py:1309} INFO - Executing <Task(PythonOperator): dump_1m> on 2023-04-15 23:25:00+00:00
[2023-04-15T23:30:16.372+0000] {standard_task_runner.py:55} INFO - Started process 1325 to run task
[2023-04-15T23:30:16.397+0000] {standard_task_runner.py:82} INFO - Running: ['***', 'tasks', 'run', 'dag_1min', 'dump_1m', 'scheduled__2023-04-15T23:25:00+00:00', '--job-id', '330', '--raw', '--subdir', 'DAGS_FOLDER/dag_1min.py', '--cfg-path', '/tmp/tmpd2jbk5lo']
[2023-04-15T23:30:16.402+0000] {standard_task_runner.py:83} INFO - Job 330: Subtask dump_1m
[2023-04-15T23:30:16.732+0000] {task_command.py:389} INFO - Running <TaskInstance: dag_1min.dump_1m scheduled__2023-04-15T23:25:00+00:00 [running]> on host cc609b5f7385
[2023-04-15T23:30:17.710+0000] {taskinstance.py:1518} INFO - Exporting the following env vars:
AIRFLOW_CTX_DAG_OWNER=coder2j
AIRFLOW_CTX_DAG_ID=dag_1min
AIRFLOW_CTX_TASK_ID=dump_1m
AIRFLOW_CTX_EXECUTION_DATE=2023-04-15T23:25:00+00:00
AIRFLOW_CTX_TRY_NUMBER=1
AIRFLOW_CTX_DAG_RUN_ID=scheduled__2023-04-15T23:25:00+00:00
[2023-04-15T23:30:18.476+0000] {logging_mixin.py:137} WARNING -   0%|          | 0/2 [00:00<?, ?it/s]
[2023-04-15T23:30:19.281+0000] {logging_mixin.py:137} INFO - [*********************100%***********************]  1 of 1 completed
[2023-04-15T23:30:20.635+0000] {logging_mixin.py:137} WARNING -  50%|#####     | 1/2 [00:02<00:02,  2.15s/it]
[2023-04-15T23:30:20.987+0000] {logging_mixin.py:137} INFO - [*********************100%***********************]  1 of 1 completed
[2023-04-15T23:30:22.326+0000] {logging_mixin.py:137} WARNING - 100%|##########| 2/2 [00:03<00:00,  1.88s/it]
[2023-04-15T23:30:22.333+0000] {logging_mixin.py:137} WARNING - 100%|##########| 2/2 [00:03<00:00,  1.93s/it]
[2023-04-15T23:30:22.366+0000] {logging_mixin.py:137} INFO - Index(['open', 'high', 'low', 'close', 'adj_close', 'volume', 'timestamp',
       'currency_pair', 'exchangetimezonename', 'timezone'],
      dtype='object')
[2023-04-15T23:30:22.526+0000] {download_yahoo.py:57} INFO - Downloaded data: 
	         open       high        low  ...  currency_pair  exchangetimezonename  timezone
0  19.142347  19.142347  19.142347  ...       AVAX-USD                   UTC       UTC
1  19.142357  19.142357  19.142357  ...       AVAX-USD                   UTC       UTC
2  19.144854  19.144854  19.144854  ...       AVAX-USD                   UTC       UTC
3  19.142895  19.142895  19.142895  ...       AVAX-USD                   UTC       UTC
4  19.141546  19.141546  19.141546  ...       AVAX-USD                   UTC       UTC

[5 rows x 10 columns]
[2023-04-15T23:30:23.103+0000] {python.py:177} INFO - Done. Returned value was: None
[2023-04-15T23:30:23.194+0000] {taskinstance.py:1332} INFO - Marking task as SUCCESS. dag_id=dag_1min, task_id=dump_1m, execution_date=20230415T232500, start_date=20230415T233016, end_date=20230415T233023
[2023-04-15T23:30:23.544+0000] {local_task_job.py:212} INFO - Task exited with return code 0
[2023-04-15T23:30:23.793+0000] {taskinstance.py:2596} INFO - 0 downstream tasks scheduled from follow-on schedule check
