[2023-05-04 13:38:32,963] {taskinstance.py:1035} INFO - Dependencies all met for <TaskInstance: download_historical_postgres.download.historical.postgres.google_trends scheduled__2023-05-04T13:36:00+00:00 [queued]>
[2023-05-04 13:38:32,972] {taskinstance.py:1035} INFO - Dependencies all met for <TaskInstance: download_historical_postgres.download.historical.postgres.google_trends scheduled__2023-05-04T13:36:00+00:00 [queued]>
[2023-05-04 13:38:32,973] {taskinstance.py:1241} INFO - 
--------------------------------------------------------------------------------
[2023-05-04 13:38:32,974] {taskinstance.py:1242} INFO - Starting attempt 1 of 1
[2023-05-04 13:38:32,975] {taskinstance.py:1243} INFO - 
--------------------------------------------------------------------------------
[2023-05-04 13:38:32,984] {taskinstance.py:1262} INFO - Executing <Task(BashOperator): download.historical.postgres.google_trends> on 2023-05-04 13:36:00+00:00
[2023-05-04 13:38:32,988] {standard_task_runner.py:52} INFO - Started process 361 to run task
[2023-05-04 13:38:32,991] {standard_task_runner.py:76} INFO - Running: ['***', 'tasks', 'run', 'download_historical_postgres', 'download.historical.postgres.google_trends', 'scheduled__2023-05-04T13:36:00+00:00', '--job-id', '13', '--raw', '--subdir', 'DAGS_FOLDER/download_historical_postgres_google_trends.py', '--cfg-path', '/tmp/tmptl4oaeoy', '--error-file', '/tmp/tmp6rzu4oia']
[2023-05-04 13:38:32,993] {standard_task_runner.py:77} INFO - Job 13: Subtask download.historical.postgres.google_trends
[2023-05-04 13:38:33,034] {logging_mixin.py:109} INFO - Running <TaskInstance: download_historical_postgres.download.historical.postgres.google_trends scheduled__2023-05-04T13:36:00+00:00 [running]> on host 7d6ed9fdc9c5
[2023-05-04 13:38:33,077] {taskinstance.py:1429} INFO - Exporting the following env vars:
AIRFLOW_CTX_DAG_EMAIL=***@example.com
AIRFLOW_CTX_DAG_OWNER=***
AIRFLOW_CTX_DAG_ID=download_historical_postgres
AIRFLOW_CTX_TASK_ID=download.historical.postgres.google_trends
AIRFLOW_CTX_EXECUTION_DATE=2023-05-04T13:36:00+00:00
AIRFLOW_CTX_DAG_RUN_ID=scheduled__2023-05-04T13:36:00+00:00
[2023-05-04 13:38:33,079] {subprocess.py:62} INFO - Tmp dir root location: 
 /tmp
[2023-05-04 13:38:33,080] {subprocess.py:74} INFO - Running command: ['bash', '-c', 'sleep 5 && /cmamp/src/download_to_db.py --target_table google_trends_data --use_api True --real_time_data False --topic Washing_Machines']
[2023-05-04 13:38:33,088] {subprocess.py:85} INFO - Output:
[2023-05-04 13:38:41,053] {subprocess.py:89} INFO - !!connection fetched!!
[2023-05-04 13:38:41,055] {subprocess.py:89} INFO - DELETE FROM google_trends_data WHERE topic = 'washing machines'
[2023-05-04 13:38:41,056] {subprocess.py:89} INFO - !Done!
[2023-05-04 13:38:41,057] {subprocess.py:89} INFO -               Topic      Time  Frequency
[2023-05-04 13:38:41,058] {subprocess.py:89} INFO - 0  washing machines  Jan 2004        100
[2023-05-04 13:38:41,059] {subprocess.py:89} INFO - 1  washing machines  Feb 2004         94
[2023-05-04 13:38:41,060] {subprocess.py:89} INFO - 2  washing machines  Mar 2004         89
[2023-05-04 13:38:41,061] {subprocess.py:89} INFO - 3  washing machines  Apr 2004         78
[2023-05-04 13:38:41,062] {subprocess.py:89} INFO - 4  washing machines  May 2004         83
[2023-05-04 13:38:41,108] {subprocess.py:93} INFO - Command exited with return code 0
[2023-05-04 13:38:41,136] {taskinstance.py:1280} INFO - Marking task as SUCCESS. dag_id=download_historical_postgres, task_id=download.historical.postgres.google_trends, execution_date=20230504T133600, start_date=20230504T133832, end_date=20230504T133841
[2023-05-04 13:38:41,192] {local_task_job.py:154} INFO - Task exited with return code 0
[2023-05-04 13:38:41,219] {local_task_job.py:264} INFO - 0 downstream tasks scheduled from follow-on schedule check
