[2023-05-04 13:40:13,055] {taskinstance.py:1035} INFO - Dependencies all met for <TaskInstance: download_historical_postgres.download.historical.postgres.google_trends scheduled__2023-05-04T13:38:00+00:00 [queued]>
[2023-05-04 13:40:13,064] {taskinstance.py:1035} INFO - Dependencies all met for <TaskInstance: download_historical_postgres.download.historical.postgres.google_trends scheduled__2023-05-04T13:38:00+00:00 [queued]>
[2023-05-04 13:40:13,065] {taskinstance.py:1241} INFO - 
--------------------------------------------------------------------------------
[2023-05-04 13:40:13,066] {taskinstance.py:1242} INFO - Starting attempt 1 of 1
[2023-05-04 13:40:13,067] {taskinstance.py:1243} INFO - 
--------------------------------------------------------------------------------
[2023-05-04 13:40:13,075] {taskinstance.py:1262} INFO - Executing <Task(BashOperator): download.historical.postgres.google_trends> on 2023-05-04 13:38:00+00:00
[2023-05-04 13:40:13,078] {standard_task_runner.py:52} INFO - Started process 417 to run task
[2023-05-04 13:40:13,082] {standard_task_runner.py:76} INFO - Running: ['***', 'tasks', 'run', 'download_historical_postgres', 'download.historical.postgres.google_trends', 'scheduled__2023-05-04T13:38:00+00:00', '--job-id', '16', '--raw', '--subdir', 'DAGS_FOLDER/download_historical_postgres_google_trends.py', '--cfg-path', '/tmp/tmpngxryma7', '--error-file', '/tmp/tmpph62sljb']
[2023-05-04 13:40:13,084] {standard_task_runner.py:77} INFO - Job 16: Subtask download.historical.postgres.google_trends
[2023-05-04 13:40:13,124] {logging_mixin.py:109} INFO - Running <TaskInstance: download_historical_postgres.download.historical.postgres.google_trends scheduled__2023-05-04T13:38:00+00:00 [running]> on host 7d6ed9fdc9c5
[2023-05-04 13:40:13,168] {taskinstance.py:1429} INFO - Exporting the following env vars:
AIRFLOW_CTX_DAG_EMAIL=***@example.com
AIRFLOW_CTX_DAG_OWNER=***
AIRFLOW_CTX_DAG_ID=download_historical_postgres
AIRFLOW_CTX_TASK_ID=download.historical.postgres.google_trends
AIRFLOW_CTX_EXECUTION_DATE=2023-05-04T13:38:00+00:00
AIRFLOW_CTX_DAG_RUN_ID=scheduled__2023-05-04T13:38:00+00:00
[2023-05-04 13:40:13,170] {subprocess.py:62} INFO - Tmp dir root location: 
 /tmp
[2023-05-04 13:40:13,172] {subprocess.py:74} INFO - Running command: ['bash', '-c', 'sleep 5 && /cmamp/src/download_to_db.py --target_table google_trends_data --use_api True --real_time_data False --topic iPad']
[2023-05-04 13:40:13,179] {subprocess.py:85} INFO - Output:
[2023-05-04 13:40:18,772] {subprocess.py:89} INFO - !!connection fetched!!
[2023-05-04 13:40:18,773] {subprocess.py:89} INFO - DELETE FROM google_trends_data WHERE topic = 'ipad'
[2023-05-04 13:40:18,775] {subprocess.py:89} INFO - !Done!
[2023-05-04 13:40:18,776] {subprocess.py:89} INFO -   Topic      Time  Frequency
[2023-05-04 13:40:18,777] {subprocess.py:89} INFO - 0  ipad  Jan 2004          0
[2023-05-04 13:40:18,778] {subprocess.py:89} INFO - 1  ipad  Feb 2004          0
[2023-05-04 13:40:18,779] {subprocess.py:89} INFO - 2  ipad  Mar 2004          0
[2023-05-04 13:40:18,780] {subprocess.py:89} INFO - 3  ipad  Apr 2004          0
[2023-05-04 13:40:18,782] {subprocess.py:89} INFO - 4  ipad  May 2004          0
[2023-05-04 13:40:18,830] {subprocess.py:93} INFO - Command exited with return code 0
[2023-05-04 13:40:18,857] {taskinstance.py:1280} INFO - Marking task as SUCCESS. dag_id=download_historical_postgres, task_id=download.historical.postgres.google_trends, execution_date=20230504T133800, start_date=20230504T134013, end_date=20230504T134018
[2023-05-04 13:40:18,876] {local_task_job.py:154} INFO - Task exited with return code 0
[2023-05-04 13:40:18,900] {local_task_job.py:264} INFO - 0 downstream tasks scheduled from follow-on schedule check
