[2023-05-02T21:55:10.900+0000] {taskinstance.py:1090} INFO - Dependencies all met for dep_context=non-requeueable deps ti=<TaskInstance: dag_1min.dump_1m scheduled__2023-05-02T21:50:00+00:00 [queued]>
[2023-05-02T21:55:10.966+0000] {taskinstance.py:1090} INFO - Dependencies all met for dep_context=requeueable deps ti=<TaskInstance: dag_1min.dump_1m scheduled__2023-05-02T21:50:00+00:00 [queued]>
[2023-05-02T21:55:10.969+0000] {taskinstance.py:1288} INFO - 
--------------------------------------------------------------------------------
[2023-05-02T21:55:10.972+0000] {taskinstance.py:1289} INFO - Starting attempt 1 of 1
[2023-05-02T21:55:10.996+0000] {taskinstance.py:1290} INFO - 
--------------------------------------------------------------------------------
[2023-05-02T21:55:11.263+0000] {taskinstance.py:1309} INFO - Executing <Task(PythonOperator): dump_1m> on 2023-05-02 21:50:00+00:00
[2023-05-02T21:55:11.305+0000] {standard_task_runner.py:55} INFO - Started process 2205 to run task
[2023-05-02T21:55:11.361+0000] {standard_task_runner.py:82} INFO - Running: ['***', 'tasks', 'run', 'dag_1min', 'dump_1m', 'scheduled__2023-05-02T21:50:00+00:00', '--job-id', '129', '--raw', '--subdir', 'DAGS_FOLDER/dag_1min.py', '--cfg-path', '/tmp/tmp93y4wses']
[2023-05-02T21:55:11.369+0000] {standard_task_runner.py:83} INFO - Job 129: Subtask dump_1m
[2023-05-02T21:55:11.746+0000] {task_command.py:389} INFO - Running <TaskInstance: dag_1min.dump_1m scheduled__2023-05-02T21:50:00+00:00 [running]> on host 4a3bd7cf27f4
[2023-05-02T21:55:13.269+0000] {taskinstance.py:1518} INFO - Exporting the following env vars:
AIRFLOW_CTX_DAG_OWNER=coder2j
AIRFLOW_CTX_DAG_ID=dag_1min
AIRFLOW_CTX_TASK_ID=dump_1m
AIRFLOW_CTX_EXECUTION_DATE=2023-05-02T21:50:00+00:00
AIRFLOW_CTX_TRY_NUMBER=1
AIRFLOW_CTX_DAG_RUN_ID=scheduled__2023-05-02T21:50:00+00:00
[2023-05-02T21:55:15.854+0000] {logging_mixin.py:137} WARNING -   0%|          | 0/2 [00:00<?, ?it/s]
[2023-05-02T21:55:16.670+0000] {logging_mixin.py:137} INFO - [*********************100%***********************]  1 of 1 completed
[2023-05-02T21:55:18.365+0000] {logging_mixin.py:137} WARNING -  50%|#####     | 1/2 [00:02<00:02,  2.46s/it]
[2023-05-02T21:55:18.970+0000] {logging_mixin.py:137} INFO - [*********************100%***********************]  1 of 1 completed
[2023-05-02T21:55:21.483+0000] {logging_mixin.py:137} WARNING - 100%|##########| 2/2 [00:05<00:00,  2.85s/it]
[2023-05-02T21:55:21.527+0000] {logging_mixin.py:137} WARNING - 100%|##########| 2/2 [00:05<00:00,  2.83s/it]
[2023-05-02T21:55:21.634+0000] {logging_mixin.py:137} INFO - Index(['open', 'high', 'low', 'close', 'adj_close', 'volume', 'timestamp',
       'currency_pair', 'exchangetimezonename', 'timezone'],
      dtype='object')
[2023-05-02T21:55:22.215+0000] {download_yahoo.py:57} INFO - Downloaded data: 
	         open       high        low  ...  currency_pair  exchangetimezonename  timezone
0  16.872364  16.872364  16.872364  ...       AVAX-USD                   UTC       UTC
1  16.871500  16.871500  16.871500  ...       AVAX-USD                   UTC       UTC
2  16.869080  16.869080  16.869080  ...       AVAX-USD                   UTC       UTC
3  16.869402  16.869402  16.869402  ...       AVAX-USD                   UTC       UTC
4  16.870174  16.870174  16.870174  ...       AVAX-USD                   UTC       UTC

[5 rows x 10 columns]
[2023-05-02T21:55:22.865+0000] {python.py:177} INFO - Done. Returned value was: None
[2023-05-02T21:55:22.973+0000] {taskinstance.py:1332} INFO - Marking task as SUCCESS. dag_id=dag_1min, task_id=dump_1m, execution_date=20230502T215000, start_date=20230502T215510, end_date=20230502T215522
[2023-05-02T21:55:23.388+0000] {local_task_job.py:212} INFO - Task exited with return code 0
[2023-05-02T21:55:23.601+0000] {taskinstance.py:2596} INFO - 0 downstream tasks scheduled from follow-on schedule check
