[2023-05-03T06:15:12.126+0000] {taskinstance.py:1090} INFO - Dependencies all met for dep_context=non-requeueable deps ti=<TaskInstance: dag_1min.dump_1m scheduled__2023-05-03T06:10:00+00:00 [queued]>
[2023-05-03T06:15:12.231+0000] {taskinstance.py:1090} INFO - Dependencies all met for dep_context=requeueable deps ti=<TaskInstance: dag_1min.dump_1m scheduled__2023-05-03T06:10:00+00:00 [queued]>
[2023-05-03T06:15:12.233+0000] {taskinstance.py:1288} INFO - 
--------------------------------------------------------------------------------
[2023-05-03T06:15:12.236+0000] {taskinstance.py:1289} INFO - Starting attempt 1 of 1
[2023-05-03T06:15:12.238+0000] {taskinstance.py:1290} INFO - 
--------------------------------------------------------------------------------
[2023-05-03T06:15:12.437+0000] {taskinstance.py:1309} INFO - Executing <Task(PythonOperator): dump_1m> on 2023-05-03 06:10:00+00:00
[2023-05-03T06:15:12.517+0000] {standard_task_runner.py:55} INFO - Started process 659 to run task
[2023-05-03T06:15:12.539+0000] {standard_task_runner.py:82} INFO - Running: ['***', 'tasks', 'run', 'dag_1min', 'dump_1m', 'scheduled__2023-05-03T06:10:00+00:00', '--job-id', '202', '--raw', '--subdir', 'DAGS_FOLDER/dag_1min.py', '--cfg-path', '/tmp/tmpzoon_q99']
[2023-05-03T06:15:12.545+0000] {standard_task_runner.py:83} INFO - Job 202: Subtask dump_1m
[2023-05-03T06:15:12.905+0000] {task_command.py:389} INFO - Running <TaskInstance: dag_1min.dump_1m scheduled__2023-05-03T06:10:00+00:00 [running]> on host c58811f86e80
[2023-05-03T06:15:13.460+0000] {taskinstance.py:1518} INFO - Exporting the following env vars:
AIRFLOW_CTX_DAG_OWNER=coder2j
AIRFLOW_CTX_DAG_ID=dag_1min
AIRFLOW_CTX_TASK_ID=dump_1m
AIRFLOW_CTX_EXECUTION_DATE=2023-05-03T06:10:00+00:00
AIRFLOW_CTX_TRY_NUMBER=1
AIRFLOW_CTX_DAG_RUN_ID=scheduled__2023-05-03T06:10:00+00:00
[2023-05-03T06:15:14.860+0000] {logging_mixin.py:137} WARNING -   0%|          | 0/2 [00:00<?, ?it/s]
[2023-05-03T06:15:15.652+0000] {logging_mixin.py:137} INFO - [*********************100%***********************]  1 of 1 completed
[2023-05-03T06:15:17.379+0000] {logging_mixin.py:137} WARNING -  50%|#####     | 1/2 [00:02<00:02,  2.51s/it]
[2023-05-03T06:15:18.003+0000] {logging_mixin.py:137} INFO - [*********************100%***********************]  1 of 1 completed
[2023-05-03T06:15:21.582+0000] {logging_mixin.py:137} WARNING - 100%|##########| 2/2 [00:06<00:00,  3.50s/it]
[2023-05-03T06:15:21.599+0000] {logging_mixin.py:137} WARNING - 100%|##########| 2/2 [00:06<00:00,  3.37s/it]
[2023-05-03T06:15:21.642+0000] {logging_mixin.py:137} INFO - Index(['open', 'high', 'low', 'close', 'adj_close', 'volume', 'timestamp',
       'currency_pair', 'exchangetimezonename', 'timezone'],
      dtype='object')
[2023-05-03T06:15:22.607+0000] {download_yahoo.py:57} INFO - Downloaded data: 
	         open       high        low  ...  currency_pair  exchangetimezonename  timezone
0  16.706902  16.706902  16.706902  ...       AVAX-USD                   UTC       UTC
1  16.705950  16.705950  16.705950  ...       AVAX-USD                   UTC       UTC
2  16.707678  16.707678  16.707678  ...       AVAX-USD                   UTC       UTC
3  16.709290  16.709290  16.709290  ...       AVAX-USD                   UTC       UTC
4  16.708792  16.708792  16.708792  ...       AVAX-USD                   UTC       UTC

[5 rows x 10 columns]
[2023-05-03T06:15:23.968+0000] {python.py:177} INFO - Done. Returned value was: None
[2023-05-03T06:15:24.070+0000] {taskinstance.py:1332} INFO - Marking task as SUCCESS. dag_id=dag_1min, task_id=dump_1m, execution_date=20230503T061000, start_date=20230503T061512, end_date=20230503T061524
[2023-05-03T06:15:24.316+0000] {local_task_job.py:212} INFO - Task exited with return code 0
[2023-05-03T06:15:24.531+0000] {taskinstance.py:2596} INFO - 1 downstream tasks scheduled from follow-on schedule check
