[2023-04-15T03:40:20.943+0000] {taskinstance.py:1090} INFO - Dependencies all met for dep_context=non-requeueable deps ti=<TaskInstance: dag_with_python_dependencies_v03.get_sklearn scheduled__2023-04-15T01:00:00+00:00 [queued]>
[2023-04-15T03:40:21.096+0000] {taskinstance.py:1090} INFO - Dependencies all met for dep_context=requeueable deps ti=<TaskInstance: dag_with_python_dependencies_v03.get_sklearn scheduled__2023-04-15T01:00:00+00:00 [queued]>
[2023-04-15T03:40:21.108+0000] {taskinstance.py:1288} INFO - 
--------------------------------------------------------------------------------
[2023-04-15T03:40:21.117+0000] {taskinstance.py:1289} INFO - Starting attempt 1 of 1
[2023-04-15T03:40:21.121+0000] {taskinstance.py:1290} INFO - 
--------------------------------------------------------------------------------
[2023-04-15T03:40:21.289+0000] {taskinstance.py:1309} INFO - Executing <Task(PythonOperator): get_sklearn> on 2023-04-15 01:00:00+00:00
[2023-04-15T03:40:21.397+0000] {standard_task_runner.py:55} INFO - Started process 159 to run task
[2023-04-15T03:40:21.440+0000] {standard_task_runner.py:82} INFO - Running: ['***', 'tasks', 'run', 'dag_with_python_dependencies_v03', 'get_sklearn', 'scheduled__2023-04-15T01:00:00+00:00', '--job-id', '235', '--raw', '--subdir', 'DAGS_FOLDER/dag_with_python_dependencies.py', '--cfg-path', '/tmp/tmpulj_kkpo']
[2023-04-15T03:40:21.448+0000] {standard_task_runner.py:83} INFO - Job 235: Subtask get_sklearn
[2023-04-15T03:40:22.658+0000] {task_command.py:389} INFO - Running <TaskInstance: dag_with_python_dependencies_v03.get_sklearn scheduled__2023-04-15T01:00:00+00:00 [running]> on host 618610b18aa7
[2023-04-15T03:40:43.533+0000] {taskinstance.py:1518} INFO - Exporting the following env vars:
AIRFLOW_CTX_DAG_OWNER=coder2j
AIRFLOW_CTX_DAG_ID=dag_with_python_dependencies_v03
AIRFLOW_CTX_TASK_ID=get_sklearn
AIRFLOW_CTX_EXECUTION_DATE=2023-04-15T01:00:00+00:00
AIRFLOW_CTX_TRY_NUMBER=1
AIRFLOW_CTX_DAG_RUN_ID=scheduled__2023-04-15T01:00:00+00:00
[2023-04-15T03:40:43.686+0000] {logging_mixin.py:137} WARNING -   0%|          | 0/2 [00:00<?, ?it/s]
[2023-04-15T03:40:45.877+0000] {logging_mixin.py:137} INFO - [*********************100%***********************]  1 of 1 completed
[2023-04-15T03:40:51.912+0000] {local_task_job.py:212} INFO - Task exited with return code Negsignal.SIGKILL
[2023-04-15T03:40:52.144+0000] {taskinstance.py:2596} INFO - 0 downstream tasks scheduled from follow-on schedule check
