[2023-05-02T20:50:11.670+0000] {taskinstance.py:1090} INFO - Dependencies all met for dep_context=non-requeueable deps ti=<TaskInstance: dag_1min.dump_1m scheduled__2023-05-02T20:45:00+00:00 [queued]>
[2023-05-02T20:50:11.743+0000] {taskinstance.py:1090} INFO - Dependencies all met for dep_context=requeueable deps ti=<TaskInstance: dag_1min.dump_1m scheduled__2023-05-02T20:45:00+00:00 [queued]>
[2023-05-02T20:50:11.747+0000] {taskinstance.py:1288} INFO - 
--------------------------------------------------------------------------------
[2023-05-02T20:50:11.749+0000] {taskinstance.py:1289} INFO - Starting attempt 1 of 1
[2023-05-02T20:50:11.751+0000] {taskinstance.py:1290} INFO - 
--------------------------------------------------------------------------------
[2023-05-02T20:50:11.866+0000] {taskinstance.py:1309} INFO - Executing <Task(PythonOperator): dump_1m> on 2023-05-02 20:45:00+00:00
[2023-05-02T20:50:11.888+0000] {standard_task_runner.py:55} INFO - Started process 497 to run task
[2023-05-02T20:50:11.906+0000] {standard_task_runner.py:82} INFO - Running: ['***', 'tasks', 'run', 'dag_1min', 'dump_1m', 'scheduled__2023-05-02T20:45:00+00:00', '--job-id', '116', '--raw', '--subdir', 'DAGS_FOLDER/dag_1min.py', '--cfg-path', '/tmp/tmp3upeihfk']
[2023-05-02T20:50:11.909+0000] {standard_task_runner.py:83} INFO - Job 116: Subtask dump_1m
[2023-05-02T20:50:12.273+0000] {task_command.py:389} INFO - Running <TaskInstance: dag_1min.dump_1m scheduled__2023-05-02T20:45:00+00:00 [running]> on host 4a3bd7cf27f4
[2023-05-02T20:50:14.040+0000] {taskinstance.py:1518} INFO - Exporting the following env vars:
AIRFLOW_CTX_DAG_OWNER=coder2j
AIRFLOW_CTX_DAG_ID=dag_1min
AIRFLOW_CTX_TASK_ID=dump_1m
AIRFLOW_CTX_EXECUTION_DATE=2023-05-02T20:45:00+00:00
AIRFLOW_CTX_TRY_NUMBER=1
AIRFLOW_CTX_DAG_RUN_ID=scheduled__2023-05-02T20:45:00+00:00
[2023-05-02T20:50:16.425+0000] {logging_mixin.py:137} WARNING -   0%|          | 0/2 [00:00<?, ?it/s]
[2023-05-02T20:50:17.250+0000] {logging_mixin.py:137} INFO - [*********************100%***********************]  1 of 1 completed
[2023-05-02T20:50:18.637+0000] {logging_mixin.py:137} WARNING -  50%|#####     | 1/2 [00:02<00:02,  2.20s/it]
[2023-05-02T20:50:18.924+0000] {logging_mixin.py:137} INFO - [*********************100%***********************]  1 of 1 completed
[2023-05-02T20:50:20.262+0000] {logging_mixin.py:137} WARNING - 100%|##########| 2/2 [00:03<00:00,  1.86s/it]
[2023-05-02T20:50:20.269+0000] {logging_mixin.py:137} WARNING - 100%|##########| 2/2 [00:03<00:00,  1.92s/it]
[2023-05-02T20:50:20.287+0000] {logging_mixin.py:137} INFO - Index(['open', 'high', 'low', 'close', 'adj_close', 'volume', 'timestamp',
       'currency_pair', 'exchangetimezonename', 'timezone'],
      dtype='object')
[2023-05-02T20:50:20.389+0000] {download_yahoo.py:57} INFO - Downloaded data: 
	         open       high        low  ...  currency_pair  exchangetimezonename  timezone
0  16.900438  16.900438  16.900438  ...       AVAX-USD                   UTC       UTC
1  16.907562  16.907562  16.907562  ...       AVAX-USD                   UTC       UTC
2  16.909376  16.909376  16.909376  ...       AVAX-USD                   UTC       UTC
3  16.911030  16.911030  16.911030  ...       AVAX-USD                   UTC       UTC
4  16.913095  16.913095  16.913095  ...       AVAX-USD                   UTC       UTC

[5 rows x 10 columns]
[2023-05-02T20:50:20.670+0000] {python.py:177} INFO - Done. Returned value was: None
[2023-05-02T20:50:20.746+0000] {taskinstance.py:1332} INFO - Marking task as SUCCESS. dag_id=dag_1min, task_id=dump_1m, execution_date=20230502T204500, start_date=20230502T205011, end_date=20230502T205020
[2023-05-02T20:50:20.996+0000] {local_task_job.py:212} INFO - Task exited with return code 0
[2023-05-02T20:50:21.118+0000] {taskinstance.py:2596} INFO - 0 downstream tasks scheduled from follow-on schedule check
