[2023-04-14T04:51:37.646+0000] {taskinstance.py:1090} INFO - Dependencies all met for dep_context=non-requeueable deps ti=<TaskInstance: dag_with_python_dependencies_v03.get_sklearn scheduled__2023-04-14T00:56:00+00:00 [queued]>
[2023-04-14T04:51:37.712+0000] {taskinstance.py:1090} INFO - Dependencies all met for dep_context=requeueable deps ti=<TaskInstance: dag_with_python_dependencies_v03.get_sklearn scheduled__2023-04-14T00:56:00+00:00 [queued]>
[2023-04-14T04:51:37.714+0000] {taskinstance.py:1288} INFO - 
--------------------------------------------------------------------------------
[2023-04-14T04:51:37.716+0000] {taskinstance.py:1289} INFO - Starting attempt 1 of 1
[2023-04-14T04:51:37.718+0000] {taskinstance.py:1290} INFO - 
--------------------------------------------------------------------------------
[2023-04-14T04:51:37.863+0000] {taskinstance.py:1309} INFO - Executing <Task(PythonOperator): get_sklearn> on 2023-04-14 00:56:00+00:00
[2023-04-14T04:51:37.922+0000] {standard_task_runner.py:55} INFO - Started process 74 to run task
[2023-04-14T04:51:37.984+0000] {standard_task_runner.py:82} INFO - Running: ['***', 'tasks', 'run', 'dag_with_python_dependencies_v03', 'get_sklearn', 'scheduled__2023-04-14T00:56:00+00:00', '--job-id', '64', '--raw', '--subdir', 'DAGS_FOLDER/dag_with_python_dependencies.py', '--cfg-path', '/tmp/tmp_v48tjbn']
[2023-04-14T04:51:38.032+0000] {standard_task_runner.py:83} INFO - Job 64: Subtask get_sklearn
[2023-04-14T04:51:38.300+0000] {task_command.py:389} INFO - Running <TaskInstance: dag_with_python_dependencies_v03.get_sklearn scheduled__2023-04-14T00:56:00+00:00 [running]> on host 57709d3878ce
[2023-04-14T04:51:38.894+0000] {taskinstance.py:1518} INFO - Exporting the following env vars:
AIRFLOW_CTX_DAG_OWNER=coder2j
AIRFLOW_CTX_DAG_ID=dag_with_python_dependencies_v03
AIRFLOW_CTX_TASK_ID=get_sklearn
AIRFLOW_CTX_EXECUTION_DATE=2023-04-14T00:56:00+00:00
AIRFLOW_CTX_TRY_NUMBER=1
AIRFLOW_CTX_DAG_RUN_ID=scheduled__2023-04-14T00:56:00+00:00
[2023-04-14T04:51:56.347+0000] {logging_mixin.py:137} INFO - sklearn with version: 0.24.2 
[2023-04-14T04:51:56.358+0000] {python.py:177} INFO - Done. Returned value was: None
[2023-04-14T04:51:56.553+0000] {taskinstance.py:1332} INFO - Marking task as SUCCESS. dag_id=dag_with_python_dependencies_v03, task_id=get_sklearn, execution_date=20230414T005600, start_date=20230414T045137, end_date=20230414T045156
[2023-04-14T04:51:57.639+0000] {local_task_job.py:212} INFO - Task exited with return code 0
[2023-04-14T04:51:57.800+0000] {taskinstance.py:2596} INFO - 0 downstream tasks scheduled from follow-on schedule check
