[2023-05-02T21:40:16.012+0000] {taskinstance.py:1090} INFO - Dependencies all met for dep_context=non-requeueable deps ti=<TaskInstance: dag_1min.dump_1m scheduled__2023-05-02T21:35:00+00:00 [queued]>
[2023-05-02T21:40:16.111+0000] {taskinstance.py:1090} INFO - Dependencies all met for dep_context=requeueable deps ti=<TaskInstance: dag_1min.dump_1m scheduled__2023-05-02T21:35:00+00:00 [queued]>
[2023-05-02T21:40:16.114+0000] {taskinstance.py:1288} INFO - 
--------------------------------------------------------------------------------
[2023-05-02T21:40:16.117+0000] {taskinstance.py:1289} INFO - Starting attempt 1 of 1
[2023-05-02T21:40:16.120+0000] {taskinstance.py:1290} INFO - 
--------------------------------------------------------------------------------
[2023-05-02T21:40:16.252+0000] {taskinstance.py:1309} INFO - Executing <Task(PythonOperator): dump_1m> on 2023-05-02 21:35:00+00:00
[2023-05-02T21:40:16.274+0000] {standard_task_runner.py:55} INFO - Started process 1826 to run task
[2023-05-02T21:40:16.313+0000] {standard_task_runner.py:82} INFO - Running: ['***', 'tasks', 'run', 'dag_1min', 'dump_1m', 'scheduled__2023-05-02T21:35:00+00:00', '--job-id', '126', '--raw', '--subdir', 'DAGS_FOLDER/dag_1min.py', '--cfg-path', '/tmp/tmph_yf9p9x']
[2023-05-02T21:40:16.321+0000] {standard_task_runner.py:83} INFO - Job 126: Subtask dump_1m
[2023-05-02T21:40:16.845+0000] {task_command.py:389} INFO - Running <TaskInstance: dag_1min.dump_1m scheduled__2023-05-02T21:35:00+00:00 [running]> on host 4a3bd7cf27f4
[2023-05-02T21:40:18.311+0000] {taskinstance.py:1518} INFO - Exporting the following env vars:
AIRFLOW_CTX_DAG_OWNER=coder2j
AIRFLOW_CTX_DAG_ID=dag_1min
AIRFLOW_CTX_TASK_ID=dump_1m
AIRFLOW_CTX_EXECUTION_DATE=2023-05-02T21:35:00+00:00
AIRFLOW_CTX_TRY_NUMBER=1
AIRFLOW_CTX_DAG_RUN_ID=scheduled__2023-05-02T21:35:00+00:00
[2023-05-02T21:40:20.671+0000] {logging_mixin.py:137} WARNING -   0%|          | 0/2 [00:00<?, ?it/s]
[2023-05-02T21:40:21.334+0000] {logging_mixin.py:137} INFO - [*********************100%***********************]  1 of 1 completed
[2023-05-02T21:40:23.058+0000] {logging_mixin.py:137} WARNING -  50%|#####     | 1/2 [00:02<00:02,  2.38s/it]
[2023-05-02T21:40:23.441+0000] {logging_mixin.py:137} INFO - [*********************100%***********************]  1 of 1 completed
[2023-05-02T21:40:24.895+0000] {logging_mixin.py:137} WARNING - 100%|##########| 2/2 [00:04<00:00,  2.06s/it]
[2023-05-02T21:40:24.910+0000] {logging_mixin.py:137} WARNING - 100%|##########| 2/2 [00:04<00:00,  2.12s/it]
[2023-05-02T21:40:24.928+0000] {logging_mixin.py:137} INFO - Index(['open', 'high', 'low', 'close', 'adj_close', 'volume', 'timestamp',
       'currency_pair', 'exchangetimezonename', 'timezone'],
      dtype='object')
[2023-05-02T21:40:25.056+0000] {download_yahoo.py:57} INFO - Downloaded data: 
	         open       high        low  ...  currency_pair  exchangetimezonename  timezone
0  16.881536  16.881536  16.881536  ...       AVAX-USD                   UTC       UTC
1  16.880501  16.880501  16.880501  ...       AVAX-USD                   UTC       UTC
2  16.872389  16.872389  16.872389  ...       AVAX-USD                   UTC       UTC
3  16.870785  16.870785  16.870785  ...       AVAX-USD                   UTC       UTC
4  16.870556  16.870556  16.870556  ...       AVAX-USD                   UTC       UTC

[5 rows x 10 columns]
[2023-05-02T21:40:25.444+0000] {python.py:177} INFO - Done. Returned value was: None
[2023-05-02T21:40:25.521+0000] {taskinstance.py:1332} INFO - Marking task as SUCCESS. dag_id=dag_1min, task_id=dump_1m, execution_date=20230502T213500, start_date=20230502T214016, end_date=20230502T214025
[2023-05-02T21:40:25.784+0000] {local_task_job.py:212} INFO - Task exited with return code 0
[2023-05-02T21:40:26.097+0000] {taskinstance.py:2596} INFO - 0 downstream tasks scheduled from follow-on schedule check
