[2023-04-29 23:30:57,617] {taskinstance.py:1035} INFO - Dependencies all met for <TaskInstance: tutorial.sleep scheduled__2023-04-29T23:28:00+00:00 [queued]>
[2023-04-29 23:30:57,624] {taskinstance.py:1035} INFO - Dependencies all met for <TaskInstance: tutorial.sleep scheduled__2023-04-29T23:28:00+00:00 [queued]>
[2023-04-29 23:30:57,625] {taskinstance.py:1241} INFO - 
--------------------------------------------------------------------------------
[2023-04-29 23:30:57,627] {taskinstance.py:1242} INFO - Starting attempt 1 of 4
[2023-04-29 23:30:57,627] {taskinstance.py:1243} INFO - 
--------------------------------------------------------------------------------
[2023-04-29 23:30:57,635] {taskinstance.py:1262} INFO - Executing <Task(BashOperator): sleep> on 2023-04-29 23:28:00+00:00
[2023-04-29 23:30:57,639] {standard_task_runner.py:52} INFO - Started process 147 to run task
[2023-04-29 23:30:57,642] {standard_task_runner.py:76} INFO - Running: ['***', 'tasks', 'run', 'tutorial', 'sleep', 'scheduled__2023-04-29T23:28:00+00:00', '--job-id', '4', '--raw', '--subdir', 'DAGS_FOLDER/***_tutorial.py', '--cfg-path', '/tmp/tmp55ro5bb_', '--error-file', '/tmp/tmpcw4wvze1']
[2023-04-29 23:30:57,644] {standard_task_runner.py:77} INFO - Job 4: Subtask sleep
[2023-04-29 23:30:57,682] {logging_mixin.py:109} INFO - Running <TaskInstance: tutorial.sleep scheduled__2023-04-29T23:28:00+00:00 [running]> on host 4fd1971d5f6c
[2023-04-29 23:30:57,724] {taskinstance.py:1429} INFO - Exporting the following env vars:
AIRFLOW_CTX_DAG_EMAIL=***@example.com
AIRFLOW_CTX_DAG_OWNER=***
AIRFLOW_CTX_DAG_ID=tutorial
AIRFLOW_CTX_TASK_ID=sleep
AIRFLOW_CTX_EXECUTION_DATE=2023-04-29T23:28:00+00:00
AIRFLOW_CTX_DAG_RUN_ID=scheduled__2023-04-29T23:28:00+00:00
[2023-04-29 23:30:57,726] {subprocess.py:62} INFO - Tmp dir root location: 
 /tmp
[2023-04-29 23:30:57,727] {subprocess.py:74} INFO - Running command: ['bash', '-c', 'sleep 5']
[2023-04-29 23:30:57,735] {subprocess.py:85} INFO - Output:
[2023-04-29 23:31:02,739] {subprocess.py:93} INFO - Command exited with return code 0
[2023-04-29 23:31:02,765] {taskinstance.py:1280} INFO - Marking task as SUCCESS. dag_id=tutorial, task_id=sleep, execution_date=20230429T232800, start_date=20230429T233057, end_date=20230429T233102
[2023-04-29 23:31:02,787] {local_task_job.py:154} INFO - Task exited with return code 0
[2023-04-29 23:31:02,809] {local_task_job.py:264} INFO - 0 downstream tasks scheduled from follow-on schedule check
