[2023-04-16T00:39:21.158+0000] {taskinstance.py:1090} INFO - Dependencies all met for dep_context=non-requeueable deps ti=<TaskInstance: dag_1hr.dump_1hr scheduled__2023-04-15T23:00:00+00:00 [queued]>
[2023-04-16T00:39:21.229+0000] {taskinstance.py:1090} INFO - Dependencies all met for dep_context=requeueable deps ti=<TaskInstance: dag_1hr.dump_1hr scheduled__2023-04-15T23:00:00+00:00 [queued]>
[2023-04-16T00:39:21.232+0000] {taskinstance.py:1288} INFO - 
--------------------------------------------------------------------------------
[2023-04-16T00:39:21.242+0000] {taskinstance.py:1289} INFO - Starting attempt 1 of 1
[2023-04-16T00:39:21.244+0000] {taskinstance.py:1290} INFO - 
--------------------------------------------------------------------------------
[2023-04-16T00:39:21.380+0000] {taskinstance.py:1309} INFO - Executing <Task(PythonOperator): dump_1hr> on 2023-04-15 23:00:00+00:00
[2023-04-16T00:39:21.410+0000] {standard_task_runner.py:55} INFO - Started process 3172 to run task
[2023-04-16T00:39:21.423+0000] {standard_task_runner.py:82} INFO - Running: ['***', 'tasks', 'run', 'dag_1hr', 'dump_1hr', 'scheduled__2023-04-15T23:00:00+00:00', '--job-id', '345', '--raw', '--subdir', 'DAGS_FOLDER/dag_1hr.py', '--cfg-path', '/tmp/tmpt8agfn7r']
[2023-04-16T00:39:21.426+0000] {standard_task_runner.py:83} INFO - Job 345: Subtask dump_1hr
[2023-04-16T00:39:21.772+0000] {task_command.py:389} INFO - Running <TaskInstance: dag_1hr.dump_1hr scheduled__2023-04-15T23:00:00+00:00 [running]> on host cc609b5f7385
[2023-04-16T00:39:23.563+0000] {taskinstance.py:1518} INFO - Exporting the following env vars:
AIRFLOW_CTX_DAG_OWNER=coder2j
AIRFLOW_CTX_DAG_ID=dag_1hr
AIRFLOW_CTX_TASK_ID=dump_1hr
AIRFLOW_CTX_EXECUTION_DATE=2023-04-15T23:00:00+00:00
AIRFLOW_CTX_TRY_NUMBER=1
AIRFLOW_CTX_DAG_RUN_ID=scheduled__2023-04-15T23:00:00+00:00
[2023-04-16T00:39:24.895+0000] {logging_mixin.py:137} WARNING -   0%|          | 0/2 [00:00<?, ?it/s]
[2023-04-16T00:39:49.228+0000] {logging_mixin.py:137} INFO - [*********************100%***********************]  1 of 1 completed
[2023-04-16T00:39:52.952+0000] {logging_mixin.py:137} WARNING -  50%|#####     | 1/2 [00:28<00:28, 28.04s/it]
[2023-04-16T00:39:53.645+0000] {logging_mixin.py:137} INFO - [*********************100%***********************]  1 of 1 completed
[2023-04-16T00:39:55.764+0000] {logging_mixin.py:137} WARNING - 100%|##########| 2/2 [00:30<00:00, 13.20s/it]
[2023-04-16T00:39:55.780+0000] {logging_mixin.py:137} WARNING - 100%|##########| 2/2 [00:30<00:00, 15.44s/it]
[2023-04-16T00:39:55.831+0000] {logging_mixin.py:137} INFO - Index(['open', 'high', 'low', 'close', 'adj_close', 'volume', 'timestamp',
       'currency_pair', 'exchangetimezonename', 'timezone'],
      dtype='object')
[2023-04-16T00:39:56.076+0000] {download_yahoo.py:57} INFO - Downloaded data: 
	            open          high  ...  exchangetimezonename  timezone
0     19.148670     19.150368  ...                   UTC       UTC
1     19.107136     19.107136  ...                   UTC       UTC
2  30373.185547  30379.177734  ...                   UTC       UTC
3  30315.976562  30330.667969  ...                   UTC       UTC

[4 rows x 10 columns]
[2023-04-16T00:39:56.847+0000] {python.py:177} INFO - Done. Returned value was: None
[2023-04-16T00:39:57.068+0000] {taskinstance.py:1332} INFO - Marking task as SUCCESS. dag_id=dag_1hr, task_id=dump_1hr, execution_date=20230415T230000, start_date=20230416T003921, end_date=20230416T003957
[2023-04-16T00:39:57.808+0000] {local_task_job.py:212} INFO - Task exited with return code 0
[2023-04-16T00:39:58.128+0000] {taskinstance.py:2596} INFO - 0 downstream tasks scheduled from follow-on schedule check
