[2023-05-02T01:48:20.223+0000] {taskinstance.py:1090} INFO - Dependencies all met for dep_context=non-requeueable deps ti=<TaskInstance: dag_1min.dump_1m manual__2023-05-02T01:48:00.551360+00:00 [queued]>
[2023-05-02T01:48:20.289+0000] {taskinstance.py:1090} INFO - Dependencies all met for dep_context=requeueable deps ti=<TaskInstance: dag_1min.dump_1m manual__2023-05-02T01:48:00.551360+00:00 [queued]>
[2023-05-02T01:48:20.291+0000] {taskinstance.py:1288} INFO - 
--------------------------------------------------------------------------------
[2023-05-02T01:48:20.293+0000] {taskinstance.py:1289} INFO - Starting attempt 1 of 1
[2023-05-02T01:48:20.298+0000] {taskinstance.py:1290} INFO - 
--------------------------------------------------------------------------------
[2023-05-02T01:48:20.427+0000] {taskinstance.py:1309} INFO - Executing <Task(PythonOperator): dump_1m> on 2023-05-02 01:48:00.551360+00:00
[2023-05-02T01:48:20.448+0000] {standard_task_runner.py:55} INFO - Started process 285 to run task
[2023-05-02T01:48:20.470+0000] {standard_task_runner.py:82} INFO - Running: ['***', 'tasks', 'run', 'dag_1min', 'dump_1m', 'manual__2023-05-02T01:48:00.551360+00:00', '--job-id', '73', '--raw', '--subdir', 'DAGS_FOLDER/dag_1min.py', '--cfg-path', '/tmp/tmprsteurf3']
[2023-05-02T01:48:20.473+0000] {standard_task_runner.py:83} INFO - Job 73: Subtask dump_1m
[2023-05-02T01:48:20.822+0000] {task_command.py:389} INFO - Running <TaskInstance: dag_1min.dump_1m manual__2023-05-02T01:48:00.551360+00:00 [running]> on host 178acfe6cdbb
[2023-05-02T01:48:22.504+0000] {taskinstance.py:1518} INFO - Exporting the following env vars:
AIRFLOW_CTX_DAG_OWNER=coder2j
AIRFLOW_CTX_DAG_ID=dag_1min
AIRFLOW_CTX_TASK_ID=dump_1m
AIRFLOW_CTX_EXECUTION_DATE=2023-05-02T01:48:00.551360+00:00
AIRFLOW_CTX_TRY_NUMBER=1
AIRFLOW_CTX_DAG_RUN_ID=manual__2023-05-02T01:48:00.551360+00:00
[2023-05-02T01:48:24.513+0000] {logging_mixin.py:137} WARNING -   0%|          | 0/2 [00:00<?, ?it/s]
[2023-05-02T01:48:25.798+0000] {logging_mixin.py:137} INFO - [*********************100%***********************]  1 of 1 completed
[2023-05-02T01:48:30.501+0000] {logging_mixin.py:137} WARNING -  50%|#####     | 1/2 [00:05<00:05,  5.64s/it]
[2023-05-02T01:48:34.249+0000] {logging_mixin.py:137} INFO - [*********************100%***********************]  1 of 1 completed
[2023-05-02T01:48:37.308+0000] {logging_mixin.py:137} WARNING - 100%|##########| 2/2 [00:12<00:00,  6.51s/it]
[2023-05-02T01:48:37.394+0000] {logging_mixin.py:137} WARNING - 100%|##########| 2/2 [00:12<00:00,  6.43s/it]
[2023-05-02T01:48:37.723+0000] {logging_mixin.py:137} INFO - Index(['open', 'high', 'low', 'close', 'adj_close', 'volume', 'timestamp',
       'currency_pair', 'exchangetimezonename', 'timezone'],
      dtype='object')
[2023-05-02T01:48:41.281+0000] {download_yahoo.py:57} INFO - Downloaded data: 
	            open          high  ...  exchangetimezonename  timezone
0     16.603342     16.603342  ...                   UTC       UTC
1     16.603359     16.603359  ...                   UTC       UTC
2     16.604002     16.604002  ...                   UTC       UTC
3  28071.175781  28071.175781  ...                   UTC       UTC
4  28072.824219  28072.824219  ...                   UTC       UTC

[5 rows x 10 columns]
[2023-05-02T01:48:42.028+0000] {python.py:177} INFO - Done. Returned value was: None
[2023-05-02T01:48:42.098+0000] {taskinstance.py:1332} INFO - Marking task as SUCCESS. dag_id=dag_1min, task_id=dump_1m, execution_date=20230502T014800, start_date=20230502T014820, end_date=20230502T014842
[2023-05-02T01:48:42.579+0000] {local_task_job.py:212} INFO - Task exited with return code 0
[2023-05-02T01:48:43.115+0000] {taskinstance.py:2596} INFO - 0 downstream tasks scheduled from follow-on schedule check
