[2023-04-15T18:37:40.009+0000] {taskinstance.py:1090} INFO - Dependencies all met for dep_context=non-requeueable deps ti=<TaskInstance: dag_with_python_dependencies_v03.get_sklearn scheduled__2023-04-15T05:04:00+00:00 [queued]>
[2023-04-15T18:37:40.875+0000] {taskinstance.py:1090} INFO - Dependencies all met for dep_context=requeueable deps ti=<TaskInstance: dag_with_python_dependencies_v03.get_sklearn scheduled__2023-04-15T05:04:00+00:00 [queued]>
[2023-04-15T18:37:40.919+0000] {taskinstance.py:1288} INFO - 
--------------------------------------------------------------------------------
[2023-04-15T18:37:40.933+0000] {taskinstance.py:1289} INFO - Starting attempt 1 of 1
[2023-04-15T18:37:40.944+0000] {taskinstance.py:1290} INFO - 
--------------------------------------------------------------------------------
[2023-04-15T18:37:42.628+0000] {taskinstance.py:1309} INFO - Executing <Task(PythonOperator): get_sklearn> on 2023-04-15 05:04:00+00:00
[2023-04-15T18:37:44.630+0000] {standard_task_runner.py:55} INFO - Started process 100 to run task
[2023-04-15T18:37:45.939+0000] {standard_task_runner.py:82} INFO - Running: ['***', 'tasks', 'run', 'dag_with_python_dependencies_v03', 'get_sklearn', 'scheduled__2023-04-15T05:04:00+00:00', '--job-id', '298', '--raw', '--subdir', 'DAGS_FOLDER/dag_with_python_dependencies.py', '--cfg-path', '/tmp/tmp1qwg4yaa']
[2023-04-15T18:37:46.143+0000] {standard_task_runner.py:83} INFO - Job 298: Subtask get_sklearn
[2023-04-15T18:38:08.975+0000] {task_command.py:389} INFO - Running <TaskInstance: dag_with_python_dependencies_v03.get_sklearn scheduled__2023-04-15T05:04:00+00:00 [running]> on host 1cd84fe4259f
[2023-04-15T18:38:10.830+0000] {taskinstance.py:1518} INFO - Exporting the following env vars:
AIRFLOW_CTX_DAG_OWNER=coder2j
AIRFLOW_CTX_DAG_ID=dag_with_python_dependencies_v03
AIRFLOW_CTX_TASK_ID=get_sklearn
AIRFLOW_CTX_EXECUTION_DATE=2023-04-15T05:04:00+00:00
AIRFLOW_CTX_TRY_NUMBER=1
AIRFLOW_CTX_DAG_RUN_ID=scheduled__2023-04-15T05:04:00+00:00
[2023-04-15T18:38:11.051+0000] {logging_mixin.py:137} WARNING -   0%|          | 0/2 [00:00<?, ?it/s]
[2023-04-15T18:38:12.940+0000] {logging_mixin.py:137} INFO - [*********************100%***********************]  1 of 1 completed
[2023-04-15T18:38:14.198+0000] {logging_mixin.py:137} WARNING -  50%|#####     | 1/2 [00:03<00:03,  3.14s/it]
[2023-04-15T18:38:14.562+0000] {logging_mixin.py:137} INFO - [*********************100%***********************]  1 of 1 completed
