[2023-05-03T02:40:50.041+0000] {taskinstance.py:1090} INFO - Dependencies all met for dep_context=non-requeueable deps ti=<TaskInstance: dag_1min.dump_dask_1m scheduled__2023-05-03T02:35:00+00:00 [queued]>
[2023-05-03T02:40:50.126+0000] {taskinstance.py:1090} INFO - Dependencies all met for dep_context=requeueable deps ti=<TaskInstance: dag_1min.dump_dask_1m scheduled__2023-05-03T02:35:00+00:00 [queued]>
[2023-05-03T02:40:50.128+0000] {taskinstance.py:1288} INFO - 
--------------------------------------------------------------------------------
[2023-05-03T02:40:50.130+0000] {taskinstance.py:1289} INFO - Starting attempt 1 of 1
[2023-05-03T02:40:50.133+0000] {taskinstance.py:1290} INFO - 
--------------------------------------------------------------------------------
[2023-05-03T02:40:50.274+0000] {taskinstance.py:1309} INFO - Executing <Task(PythonOperator): dump_dask_1m> on 2023-05-03 02:35:00+00:00
[2023-05-03T02:40:50.291+0000] {standard_task_runner.py:55} INFO - Started process 457 to run task
[2023-05-03T02:40:50.312+0000] {standard_task_runner.py:82} INFO - Running: ['***', 'tasks', 'run', 'dag_1min', 'dump_dask_1m', 'scheduled__2023-05-03T02:35:00+00:00', '--job-id', '178', '--raw', '--subdir', 'DAGS_FOLDER/dag_1min.py', '--cfg-path', '/tmp/tmpie4lhkcj']
[2023-05-03T02:40:50.316+0000] {standard_task_runner.py:83} INFO - Job 178: Subtask dump_dask_1m
[2023-05-03T02:40:50.708+0000] {task_command.py:389} INFO - Running <TaskInstance: dag_1min.dump_dask_1m scheduled__2023-05-03T02:35:00+00:00 [running]> on host 5762cea9b149
[2023-05-03T02:40:51.248+0000] {taskinstance.py:1518} INFO - Exporting the following env vars:
AIRFLOW_CTX_DAG_OWNER=coder2j
AIRFLOW_CTX_DAG_ID=dag_1min
AIRFLOW_CTX_TASK_ID=dump_dask_1m
AIRFLOW_CTX_EXECUTION_DATE=2023-05-03T02:35:00+00:00
AIRFLOW_CTX_TRY_NUMBER=1
AIRFLOW_CTX_DAG_RUN_ID=scheduled__2023-05-03T02:35:00+00:00
[2023-05-03T02:40:54.440+0000] {logging_mixin.py:137} INFO - creating dask dataframe for generating features
[2023-05-03T02:40:55.253+0000] {logging_mixin.py:137} INFO - Done
[2023-05-03T02:40:55.331+0000] {python.py:177} INFO - Done. Returned value was: None
[2023-05-03T02:40:55.445+0000] {taskinstance.py:1332} INFO - Marking task as SUCCESS. dag_id=dag_1min, task_id=dump_dask_1m, execution_date=20230503T023500, start_date=20230503T024050, end_date=20230503T024055
[2023-05-03T02:40:55.722+0000] {local_task_job.py:212} INFO - Task exited with return code 0
[2023-05-03T02:40:55.830+0000] {taskinstance.py:2596} INFO - 0 downstream tasks scheduled from follow-on schedule check
