[2023-04-30 01:38:34,613] {processor.py:163} INFO - Started process (PID=272) to work on /opt/airflow/dags/airflow_tutorial.py
[2023-04-30 01:38:34,615] {processor.py:625} INFO - Processing file /opt/airflow/dags/airflow_tutorial.py for tasks to queue
[2023-04-30 01:38:34,616] {logging_mixin.py:109} INFO - [2023-04-30 01:38:34,616] {dagbag.py:500} INFO - Filling up the DagBag from /opt/airflow/dags/airflow_tutorial.py
[2023-04-30 01:38:34,652] {processor.py:637} INFO - DAG(s) dict_keys(['tutorial']) retrieved from /opt/airflow/dags/airflow_tutorial.py
[2023-04-30 01:38:34,662] {logging_mixin.py:109} INFO - [2023-04-30 01:38:34,662] {dag.py:2396} INFO - Sync 1 DAGs
[2023-04-30 01:38:34,680] {logging_mixin.py:109} INFO - [2023-04-30 01:38:34,680] {dag.py:2928} INFO - Setting next_dagrun for tutorial to 2023-04-30T01:36:00+00:00
[2023-04-30 01:38:34,692] {processor.py:171} INFO - Processing /opt/airflow/dags/airflow_tutorial.py took 0.083 seconds
[2023-04-30 01:39:05,002] {processor.py:163} INFO - Started process (PID=275) to work on /opt/airflow/dags/airflow_tutorial.py
[2023-04-30 01:39:05,014] {processor.py:625} INFO - Processing file /opt/airflow/dags/airflow_tutorial.py for tasks to queue
[2023-04-30 01:39:05,022] {logging_mixin.py:109} INFO - [2023-04-30 01:39:05,021] {dagbag.py:500} INFO - Filling up the DagBag from /opt/airflow/dags/airflow_tutorial.py
[2023-04-30 01:39:05,189] {processor.py:637} INFO - DAG(s) dict_keys(['tutorial']) retrieved from /opt/airflow/dags/airflow_tutorial.py
[2023-04-30 01:39:05,241] {logging_mixin.py:109} INFO - [2023-04-30 01:39:05,241] {dag.py:2396} INFO - Sync 1 DAGs
[2023-04-30 01:39:05,335] {logging_mixin.py:109} INFO - [2023-04-30 01:39:05,334] {dag.py:2928} INFO - Setting next_dagrun for tutorial to 2023-04-30T01:36:00+00:00
[2023-04-30 01:39:05,381] {processor.py:171} INFO - Processing /opt/airflow/dags/airflow_tutorial.py took 0.398 seconds
[2023-04-30 01:45:39,167] {processor.py:163} INFO - Started process (PID=280) to work on /opt/airflow/dags/airflow_tutorial.py
[2023-04-30 01:45:39,171] {processor.py:625} INFO - Processing file /opt/airflow/dags/airflow_tutorial.py for tasks to queue
[2023-04-30 01:45:39,173] {logging_mixin.py:109} INFO - [2023-04-30 01:45:39,173] {dagbag.py:500} INFO - Filling up the DagBag from /opt/airflow/dags/airflow_tutorial.py
[2023-04-30 01:45:39,227] {processor.py:637} INFO - DAG(s) dict_keys(['tutorial']) retrieved from /opt/airflow/dags/airflow_tutorial.py
[2023-04-30 01:45:39,243] {logging_mixin.py:109} INFO - [2023-04-30 01:45:39,242] {dag.py:2396} INFO - Sync 1 DAGs
[2023-04-30 01:45:39,284] {logging_mixin.py:109} INFO - [2023-04-30 01:45:39,284] {dag.py:2928} INFO - Setting next_dagrun for tutorial to 2023-04-30T01:42:00+00:00
[2023-04-30 01:45:39,305] {processor.py:171} INFO - Processing /opt/airflow/dags/airflow_tutorial.py took 0.148 seconds
[2023-04-30 01:46:09,442] {processor.py:163} INFO - Started process (PID=283) to work on /opt/airflow/dags/airflow_tutorial.py
[2023-04-30 01:46:09,445] {processor.py:625} INFO - Processing file /opt/airflow/dags/airflow_tutorial.py for tasks to queue
[2023-04-30 01:46:09,447] {logging_mixin.py:109} INFO - [2023-04-30 01:46:09,447] {dagbag.py:500} INFO - Filling up the DagBag from /opt/airflow/dags/airflow_tutorial.py
[2023-04-30 01:46:09,480] {processor.py:637} INFO - DAG(s) dict_keys(['tutorial']) retrieved from /opt/airflow/dags/airflow_tutorial.py
[2023-04-30 01:46:09,490] {logging_mixin.py:109} INFO - [2023-04-30 01:46:09,490] {dag.py:2396} INFO - Sync 1 DAGs
[2023-04-30 01:46:09,508] {logging_mixin.py:109} INFO - [2023-04-30 01:46:09,508] {dag.py:2928} INFO - Setting next_dagrun for tutorial to 2023-04-30T01:44:00+00:00
[2023-04-30 01:46:09,518] {processor.py:171} INFO - Processing /opt/airflow/dags/airflow_tutorial.py took 0.081 seconds
[2023-04-30 01:46:39,662] {processor.py:163} INFO - Started process (PID=286) to work on /opt/airflow/dags/airflow_tutorial.py
[2023-04-30 01:46:39,663] {processor.py:625} INFO - Processing file /opt/airflow/dags/airflow_tutorial.py for tasks to queue
[2023-04-30 01:46:39,665] {logging_mixin.py:109} INFO - [2023-04-30 01:46:39,665] {dagbag.py:500} INFO - Filling up the DagBag from /opt/airflow/dags/airflow_tutorial.py
[2023-04-30 01:46:39,697] {processor.py:637} INFO - DAG(s) dict_keys(['tutorial']) retrieved from /opt/airflow/dags/airflow_tutorial.py
[2023-04-30 01:46:39,707] {logging_mixin.py:109} INFO - [2023-04-30 01:46:39,707] {dag.py:2396} INFO - Sync 1 DAGs
[2023-04-30 01:46:39,725] {logging_mixin.py:109} INFO - [2023-04-30 01:46:39,725] {dag.py:2928} INFO - Setting next_dagrun for tutorial to 2023-04-30T01:44:00+00:00
[2023-04-30 01:46:39,735] {processor.py:171} INFO - Processing /opt/airflow/dags/airflow_tutorial.py took 0.077 seconds
[2023-04-30 01:47:09,896] {processor.py:163} INFO - Started process (PID=289) to work on /opt/airflow/dags/airflow_tutorial.py
[2023-04-30 01:47:09,899] {processor.py:625} INFO - Processing file /opt/airflow/dags/airflow_tutorial.py for tasks to queue
[2023-04-30 01:47:09,901] {logging_mixin.py:109} INFO - [2023-04-30 01:47:09,901] {dagbag.py:500} INFO - Filling up the DagBag from /opt/airflow/dags/airflow_tutorial.py
[2023-04-30 01:47:09,940] {processor.py:637} INFO - DAG(s) dict_keys(['tutorial']) retrieved from /opt/airflow/dags/airflow_tutorial.py
[2023-04-30 01:47:09,954] {logging_mixin.py:109} INFO - [2023-04-30 01:47:09,954] {dag.py:2396} INFO - Sync 1 DAGs
[2023-04-30 01:47:09,977] {logging_mixin.py:109} INFO - [2023-04-30 01:47:09,977] {dag.py:2928} INFO - Setting next_dagrun for tutorial to 2023-04-30T01:44:00+00:00
[2023-04-30 01:47:09,991] {processor.py:171} INFO - Processing /opt/airflow/dags/airflow_tutorial.py took 0.100 seconds
[2023-04-30 01:47:40,140] {processor.py:163} INFO - Started process (PID=292) to work on /opt/airflow/dags/airflow_tutorial.py
[2023-04-30 01:47:40,142] {processor.py:625} INFO - Processing file /opt/airflow/dags/airflow_tutorial.py for tasks to queue
[2023-04-30 01:47:40,144] {logging_mixin.py:109} INFO - [2023-04-30 01:47:40,144] {dagbag.py:500} INFO - Filling up the DagBag from /opt/airflow/dags/airflow_tutorial.py
[2023-04-30 01:47:40,175] {processor.py:637} INFO - DAG(s) dict_keys(['tutorial']) retrieved from /opt/airflow/dags/airflow_tutorial.py
[2023-04-30 01:47:40,184] {logging_mixin.py:109} INFO - [2023-04-30 01:47:40,184] {dag.py:2396} INFO - Sync 1 DAGs
[2023-04-30 01:47:40,201] {logging_mixin.py:109} INFO - [2023-04-30 01:47:40,201] {dag.py:2928} INFO - Setting next_dagrun for tutorial to 2023-04-30T01:44:00+00:00
[2023-04-30 01:47:40,210] {processor.py:171} INFO - Processing /opt/airflow/dags/airflow_tutorial.py took 0.074 seconds
[2023-04-30 01:48:10,356] {processor.py:163} INFO - Started process (PID=295) to work on /opt/airflow/dags/airflow_tutorial.py
[2023-04-30 01:48:10,358] {processor.py:625} INFO - Processing file /opt/airflow/dags/airflow_tutorial.py for tasks to queue
[2023-04-30 01:48:10,361] {logging_mixin.py:109} INFO - [2023-04-30 01:48:10,360] {dagbag.py:500} INFO - Filling up the DagBag from /opt/airflow/dags/airflow_tutorial.py
[2023-04-30 01:48:10,398] {processor.py:637} INFO - DAG(s) dict_keys(['tutorial']) retrieved from /opt/airflow/dags/airflow_tutorial.py
[2023-04-30 01:48:10,411] {logging_mixin.py:109} INFO - [2023-04-30 01:48:10,411] {dag.py:2396} INFO - Sync 1 DAGs
[2023-04-30 01:48:10,432] {logging_mixin.py:109} INFO - [2023-04-30 01:48:10,432] {dag.py:2928} INFO - Setting next_dagrun for tutorial to 2023-04-30T01:46:00+00:00
[2023-04-30 01:48:10,441] {processor.py:171} INFO - Processing /opt/airflow/dags/airflow_tutorial.py took 0.091 seconds
[2023-04-30 01:48:40,589] {processor.py:163} INFO - Started process (PID=298) to work on /opt/airflow/dags/airflow_tutorial.py
[2023-04-30 01:48:40,591] {processor.py:625} INFO - Processing file /opt/airflow/dags/airflow_tutorial.py for tasks to queue
[2023-04-30 01:48:40,593] {logging_mixin.py:109} INFO - [2023-04-30 01:48:40,593] {dagbag.py:500} INFO - Filling up the DagBag from /opt/airflow/dags/airflow_tutorial.py
[2023-04-30 01:48:40,624] {processor.py:637} INFO - DAG(s) dict_keys(['tutorial']) retrieved from /opt/airflow/dags/airflow_tutorial.py
[2023-04-30 01:48:40,634] {logging_mixin.py:109} INFO - [2023-04-30 01:48:40,634] {dag.py:2396} INFO - Sync 1 DAGs
[2023-04-30 01:48:40,649] {logging_mixin.py:109} INFO - [2023-04-30 01:48:40,649] {dag.py:2928} INFO - Setting next_dagrun for tutorial to 2023-04-30T01:46:00+00:00
[2023-04-30 01:48:40,657] {processor.py:171} INFO - Processing /opt/airflow/dags/airflow_tutorial.py took 0.073 seconds
[2023-04-30 01:49:10,809] {processor.py:163} INFO - Started process (PID=301) to work on /opt/airflow/dags/airflow_tutorial.py
[2023-04-30 01:49:10,811] {processor.py:625} INFO - Processing file /opt/airflow/dags/airflow_tutorial.py for tasks to queue
[2023-04-30 01:49:10,812] {logging_mixin.py:109} INFO - [2023-04-30 01:49:10,812] {dagbag.py:500} INFO - Filling up the DagBag from /opt/airflow/dags/airflow_tutorial.py
[2023-04-30 01:49:10,843] {processor.py:637} INFO - DAG(s) dict_keys(['tutorial']) retrieved from /opt/airflow/dags/airflow_tutorial.py
[2023-04-30 01:49:10,852] {logging_mixin.py:109} INFO - [2023-04-30 01:49:10,852] {dag.py:2396} INFO - Sync 1 DAGs
[2023-04-30 01:49:10,867] {logging_mixin.py:109} INFO - [2023-04-30 01:49:10,867] {dag.py:2928} INFO - Setting next_dagrun for tutorial to 2023-04-30T01:46:00+00:00
[2023-04-30 01:49:10,876] {processor.py:171} INFO - Processing /opt/airflow/dags/airflow_tutorial.py took 0.071 seconds
[2023-04-30 01:49:41,036] {processor.py:163} INFO - Started process (PID=304) to work on /opt/airflow/dags/airflow_tutorial.py
[2023-04-30 01:49:41,038] {processor.py:625} INFO - Processing file /opt/airflow/dags/airflow_tutorial.py for tasks to queue
[2023-04-30 01:49:41,039] {logging_mixin.py:109} INFO - [2023-04-30 01:49:41,039] {dagbag.py:500} INFO - Filling up the DagBag from /opt/airflow/dags/airflow_tutorial.py
[2023-04-30 01:49:41,068] {processor.py:637} INFO - DAG(s) dict_keys(['tutorial']) retrieved from /opt/airflow/dags/airflow_tutorial.py
[2023-04-30 01:49:41,077] {logging_mixin.py:109} INFO - [2023-04-30 01:49:41,077] {dag.py:2396} INFO - Sync 1 DAGs
[2023-04-30 01:49:41,092] {logging_mixin.py:109} INFO - [2023-04-30 01:49:41,092] {dag.py:2928} INFO - Setting next_dagrun for tutorial to 2023-04-30T01:46:00+00:00
[2023-04-30 01:49:41,100] {processor.py:171} INFO - Processing /opt/airflow/dags/airflow_tutorial.py took 0.068 seconds
[2023-04-30 01:50:11,260] {processor.py:163} INFO - Started process (PID=307) to work on /opt/airflow/dags/airflow_tutorial.py
[2023-04-30 01:50:11,262] {processor.py:625} INFO - Processing file /opt/airflow/dags/airflow_tutorial.py for tasks to queue
[2023-04-30 01:50:11,264] {logging_mixin.py:109} INFO - [2023-04-30 01:50:11,264] {dagbag.py:500} INFO - Filling up the DagBag from /opt/airflow/dags/airflow_tutorial.py
[2023-04-30 01:50:11,294] {processor.py:637} INFO - DAG(s) dict_keys(['tutorial']) retrieved from /opt/airflow/dags/airflow_tutorial.py
[2023-04-30 01:50:11,304] {logging_mixin.py:109} INFO - [2023-04-30 01:50:11,303] {dag.py:2396} INFO - Sync 1 DAGs
[2023-04-30 01:50:11,319] {logging_mixin.py:109} INFO - [2023-04-30 01:50:11,318] {dag.py:2928} INFO - Setting next_dagrun for tutorial to 2023-04-30T01:48:00+00:00
[2023-04-30 01:50:11,327] {processor.py:171} INFO - Processing /opt/airflow/dags/airflow_tutorial.py took 0.072 seconds
[2023-04-30 01:50:41,514] {processor.py:163} INFO - Started process (PID=310) to work on /opt/airflow/dags/airflow_tutorial.py
[2023-04-30 01:50:41,517] {processor.py:625} INFO - Processing file /opt/airflow/dags/airflow_tutorial.py for tasks to queue
[2023-04-30 01:50:41,518] {logging_mixin.py:109} INFO - [2023-04-30 01:50:41,518] {dagbag.py:500} INFO - Filling up the DagBag from /opt/airflow/dags/airflow_tutorial.py
[2023-04-30 01:50:41,556] {processor.py:637} INFO - DAG(s) dict_keys(['tutorial']) retrieved from /opt/airflow/dags/airflow_tutorial.py
[2023-04-30 01:50:41,570] {logging_mixin.py:109} INFO - [2023-04-30 01:50:41,570] {dag.py:2396} INFO - Sync 1 DAGs
[2023-04-30 01:50:41,592] {logging_mixin.py:109} INFO - [2023-04-30 01:50:41,592] {dag.py:2928} INFO - Setting next_dagrun for tutorial to 2023-04-30T01:48:00+00:00
[2023-04-30 01:50:41,605] {processor.py:171} INFO - Processing /opt/airflow/dags/airflow_tutorial.py took 0.098 seconds
[2023-04-30 01:51:11,750] {processor.py:163} INFO - Started process (PID=313) to work on /opt/airflow/dags/airflow_tutorial.py
[2023-04-30 01:51:11,753] {processor.py:625} INFO - Processing file /opt/airflow/dags/airflow_tutorial.py for tasks to queue
[2023-04-30 01:51:11,754] {logging_mixin.py:109} INFO - [2023-04-30 01:51:11,754] {dagbag.py:500} INFO - Filling up the DagBag from /opt/airflow/dags/airflow_tutorial.py
[2023-04-30 01:51:11,787] {processor.py:637} INFO - DAG(s) dict_keys(['tutorial']) retrieved from /opt/airflow/dags/airflow_tutorial.py
[2023-04-30 01:51:11,797] {logging_mixin.py:109} INFO - [2023-04-30 01:51:11,797] {dag.py:2396} INFO - Sync 1 DAGs
[2023-04-30 01:51:11,812] {logging_mixin.py:109} INFO - [2023-04-30 01:51:11,812] {dag.py:2928} INFO - Setting next_dagrun for tutorial to 2023-04-30T01:48:00+00:00
[2023-04-30 01:51:11,820] {processor.py:171} INFO - Processing /opt/airflow/dags/airflow_tutorial.py took 0.075 seconds
[2023-04-30 01:51:41,968] {processor.py:163} INFO - Started process (PID=316) to work on /opt/airflow/dags/airflow_tutorial.py
[2023-04-30 01:51:41,970] {processor.py:625} INFO - Processing file /opt/airflow/dags/airflow_tutorial.py for tasks to queue
[2023-04-30 01:51:41,972] {logging_mixin.py:109} INFO - [2023-04-30 01:51:41,971] {dagbag.py:500} INFO - Filling up the DagBag from /opt/airflow/dags/airflow_tutorial.py
[2023-04-30 01:51:42,002] {processor.py:637} INFO - DAG(s) dict_keys(['tutorial']) retrieved from /opt/airflow/dags/airflow_tutorial.py
[2023-04-30 01:51:42,012] {logging_mixin.py:109} INFO - [2023-04-30 01:51:42,012] {dag.py:2396} INFO - Sync 1 DAGs
[2023-04-30 01:51:42,031] {logging_mixin.py:109} INFO - [2023-04-30 01:51:42,031] {dag.py:2928} INFO - Setting next_dagrun for tutorial to 2023-04-30T01:48:00+00:00
[2023-04-30 01:51:42,040] {processor.py:171} INFO - Processing /opt/airflow/dags/airflow_tutorial.py took 0.075 seconds
[2023-04-30 01:52:12,196] {processor.py:163} INFO - Started process (PID=319) to work on /opt/airflow/dags/airflow_tutorial.py
[2023-04-30 01:52:12,199] {processor.py:625} INFO - Processing file /opt/airflow/dags/airflow_tutorial.py for tasks to queue
[2023-04-30 01:52:12,200] {logging_mixin.py:109} INFO - [2023-04-30 01:52:12,200] {dagbag.py:500} INFO - Filling up the DagBag from /opt/airflow/dags/airflow_tutorial.py
[2023-04-30 01:52:12,238] {processor.py:637} INFO - DAG(s) dict_keys(['tutorial']) retrieved from /opt/airflow/dags/airflow_tutorial.py
[2023-04-30 01:52:12,252] {logging_mixin.py:109} INFO - [2023-04-30 01:52:12,252] {dag.py:2396} INFO - Sync 1 DAGs
[2023-04-30 01:52:12,275] {logging_mixin.py:109} INFO - [2023-04-30 01:52:12,275] {dag.py:2928} INFO - Setting next_dagrun for tutorial to 2023-04-30T01:50:00+00:00
[2023-04-30 01:52:12,288] {processor.py:171} INFO - Processing /opt/airflow/dags/airflow_tutorial.py took 0.097 seconds
[2023-04-30 01:52:42,437] {processor.py:163} INFO - Started process (PID=322) to work on /opt/airflow/dags/airflow_tutorial.py
[2023-04-30 01:52:42,439] {processor.py:625} INFO - Processing file /opt/airflow/dags/airflow_tutorial.py for tasks to queue
[2023-04-30 01:52:42,441] {logging_mixin.py:109} INFO - [2023-04-30 01:52:42,440] {dagbag.py:500} INFO - Filling up the DagBag from /opt/airflow/dags/airflow_tutorial.py
[2023-04-30 01:52:42,471] {processor.py:637} INFO - DAG(s) dict_keys(['tutorial']) retrieved from /opt/airflow/dags/airflow_tutorial.py
[2023-04-30 01:52:42,480] {logging_mixin.py:109} INFO - [2023-04-30 01:52:42,480] {dag.py:2396} INFO - Sync 1 DAGs
[2023-04-30 01:52:42,495] {logging_mixin.py:109} INFO - [2023-04-30 01:52:42,495] {dag.py:2928} INFO - Setting next_dagrun for tutorial to 2023-04-30T01:50:00+00:00
[2023-04-30 01:52:42,503] {processor.py:171} INFO - Processing /opt/airflow/dags/airflow_tutorial.py took 0.070 seconds
[2023-04-30 01:53:12,644] {processor.py:163} INFO - Started process (PID=325) to work on /opt/airflow/dags/airflow_tutorial.py
[2023-04-30 01:53:12,647] {processor.py:625} INFO - Processing file /opt/airflow/dags/airflow_tutorial.py for tasks to queue
[2023-04-30 01:53:12,649] {logging_mixin.py:109} INFO - [2023-04-30 01:53:12,649] {dagbag.py:500} INFO - Filling up the DagBag from /opt/airflow/dags/airflow_tutorial.py
[2023-04-30 01:53:12,680] {processor.py:637} INFO - DAG(s) dict_keys(['tutorial']) retrieved from /opt/airflow/dags/airflow_tutorial.py
[2023-04-30 01:53:12,689] {logging_mixin.py:109} INFO - [2023-04-30 01:53:12,689] {dag.py:2396} INFO - Sync 1 DAGs
[2023-04-30 01:53:12,706] {logging_mixin.py:109} INFO - [2023-04-30 01:53:12,706] {dag.py:2928} INFO - Setting next_dagrun for tutorial to 2023-04-30T01:50:00+00:00
[2023-04-30 01:53:12,716] {processor.py:171} INFO - Processing /opt/airflow/dags/airflow_tutorial.py took 0.076 seconds
[2023-04-30 01:53:42,860] {processor.py:163} INFO - Started process (PID=328) to work on /opt/airflow/dags/airflow_tutorial.py
[2023-04-30 01:53:42,863] {processor.py:625} INFO - Processing file /opt/airflow/dags/airflow_tutorial.py for tasks to queue
[2023-04-30 01:53:42,864] {logging_mixin.py:109} INFO - [2023-04-30 01:53:42,864] {dagbag.py:500} INFO - Filling up the DagBag from /opt/airflow/dags/airflow_tutorial.py
[2023-04-30 01:53:42,900] {processor.py:637} INFO - DAG(s) dict_keys(['tutorial']) retrieved from /opt/airflow/dags/airflow_tutorial.py
[2023-04-30 01:53:42,912] {logging_mixin.py:109} INFO - [2023-04-30 01:53:42,911] {dag.py:2396} INFO - Sync 1 DAGs
[2023-04-30 01:53:42,932] {logging_mixin.py:109} INFO - [2023-04-30 01:53:42,932] {dag.py:2928} INFO - Setting next_dagrun for tutorial to 2023-04-30T01:50:00+00:00
[2023-04-30 01:53:42,945] {processor.py:171} INFO - Processing /opt/airflow/dags/airflow_tutorial.py took 0.089 seconds
[2023-04-30 01:54:13,113] {processor.py:163} INFO - Started process (PID=331) to work on /opt/airflow/dags/airflow_tutorial.py
[2023-04-30 01:54:13,115] {processor.py:625} INFO - Processing file /opt/airflow/dags/airflow_tutorial.py for tasks to queue
[2023-04-30 01:54:13,117] {logging_mixin.py:109} INFO - [2023-04-30 01:54:13,117] {dagbag.py:500} INFO - Filling up the DagBag from /opt/airflow/dags/airflow_tutorial.py
[2023-04-30 01:54:13,147] {processor.py:637} INFO - DAG(s) dict_keys(['tutorial']) retrieved from /opt/airflow/dags/airflow_tutorial.py
[2023-04-30 01:54:13,157] {logging_mixin.py:109} INFO - [2023-04-30 01:54:13,157] {dag.py:2396} INFO - Sync 1 DAGs
[2023-04-30 01:54:13,175] {logging_mixin.py:109} INFO - [2023-04-30 01:54:13,175] {dag.py:2928} INFO - Setting next_dagrun for tutorial to 2023-04-30T01:52:00+00:00
[2023-04-30 01:54:13,184] {processor.py:171} INFO - Processing /opt/airflow/dags/airflow_tutorial.py took 0.076 seconds
[2023-04-30 01:54:43,329] {processor.py:163} INFO - Started process (PID=334) to work on /opt/airflow/dags/airflow_tutorial.py
[2023-04-30 01:54:43,330] {processor.py:625} INFO - Processing file /opt/airflow/dags/airflow_tutorial.py for tasks to queue
[2023-04-30 01:54:43,332] {logging_mixin.py:109} INFO - [2023-04-30 01:54:43,332] {dagbag.py:500} INFO - Filling up the DagBag from /opt/airflow/dags/airflow_tutorial.py
[2023-04-30 01:54:43,360] {processor.py:637} INFO - DAG(s) dict_keys(['tutorial']) retrieved from /opt/airflow/dags/airflow_tutorial.py
[2023-04-30 01:54:43,370] {logging_mixin.py:109} INFO - [2023-04-30 01:54:43,370] {dag.py:2396} INFO - Sync 1 DAGs
[2023-04-30 01:54:43,386] {logging_mixin.py:109} INFO - [2023-04-30 01:54:43,386] {dag.py:2928} INFO - Setting next_dagrun for tutorial to 2023-04-30T01:52:00+00:00
[2023-04-30 01:54:43,398] {processor.py:171} INFO - Processing /opt/airflow/dags/airflow_tutorial.py took 0.073 seconds
[2023-04-30 01:55:13,541] {processor.py:163} INFO - Started process (PID=337) to work on /opt/airflow/dags/airflow_tutorial.py
[2023-04-30 01:55:13,544] {processor.py:625} INFO - Processing file /opt/airflow/dags/airflow_tutorial.py for tasks to queue
[2023-04-30 01:55:13,545] {logging_mixin.py:109} INFO - [2023-04-30 01:55:13,545] {dagbag.py:500} INFO - Filling up the DagBag from /opt/airflow/dags/airflow_tutorial.py
[2023-04-30 01:55:13,577] {processor.py:637} INFO - DAG(s) dict_keys(['tutorial']) retrieved from /opt/airflow/dags/airflow_tutorial.py
[2023-04-30 01:55:13,587] {logging_mixin.py:109} INFO - [2023-04-30 01:55:13,586] {dag.py:2396} INFO - Sync 1 DAGs
[2023-04-30 01:55:13,603] {logging_mixin.py:109} INFO - [2023-04-30 01:55:13,603] {dag.py:2928} INFO - Setting next_dagrun for tutorial to 2023-04-30T01:52:00+00:00
[2023-04-30 01:55:13,611] {processor.py:171} INFO - Processing /opt/airflow/dags/airflow_tutorial.py took 0.074 seconds
[2023-04-30 01:55:43,803] {processor.py:163} INFO - Started process (PID=340) to work on /opt/airflow/dags/airflow_tutorial.py
[2023-04-30 01:55:43,805] {processor.py:625} INFO - Processing file /opt/airflow/dags/airflow_tutorial.py for tasks to queue
[2023-04-30 01:55:43,806] {logging_mixin.py:109} INFO - [2023-04-30 01:55:43,806] {dagbag.py:500} INFO - Filling up the DagBag from /opt/airflow/dags/airflow_tutorial.py
[2023-04-30 01:55:43,836] {processor.py:637} INFO - DAG(s) dict_keys(['tutorial']) retrieved from /opt/airflow/dags/airflow_tutorial.py
[2023-04-30 01:55:43,845] {logging_mixin.py:109} INFO - [2023-04-30 01:55:43,845] {dag.py:2396} INFO - Sync 1 DAGs
[2023-04-30 01:55:43,861] {logging_mixin.py:109} INFO - [2023-04-30 01:55:43,861] {dag.py:2928} INFO - Setting next_dagrun for tutorial to 2023-04-30T01:52:00+00:00
[2023-04-30 01:55:43,869] {processor.py:171} INFO - Processing /opt/airflow/dags/airflow_tutorial.py took 0.071 seconds
[2023-04-30 01:56:14,017] {processor.py:163} INFO - Started process (PID=343) to work on /opt/airflow/dags/airflow_tutorial.py
[2023-04-30 01:56:14,019] {processor.py:625} INFO - Processing file /opt/airflow/dags/airflow_tutorial.py for tasks to queue
[2023-04-30 01:56:14,021] {logging_mixin.py:109} INFO - [2023-04-30 01:56:14,021] {dagbag.py:500} INFO - Filling up the DagBag from /opt/airflow/dags/airflow_tutorial.py
[2023-04-30 01:56:14,051] {processor.py:637} INFO - DAG(s) dict_keys(['tutorial']) retrieved from /opt/airflow/dags/airflow_tutorial.py
[2023-04-30 01:56:14,061] {logging_mixin.py:109} INFO - [2023-04-30 01:56:14,061] {dag.py:2396} INFO - Sync 1 DAGs
[2023-04-30 01:56:14,077] {logging_mixin.py:109} INFO - [2023-04-30 01:56:14,077] {dag.py:2928} INFO - Setting next_dagrun for tutorial to 2023-04-30T01:54:00+00:00
[2023-04-30 01:56:14,085] {processor.py:171} INFO - Processing /opt/airflow/dags/airflow_tutorial.py took 0.072 seconds
[2023-04-30 01:56:44,234] {processor.py:163} INFO - Started process (PID=346) to work on /opt/airflow/dags/airflow_tutorial.py
[2023-04-30 01:56:44,236] {processor.py:625} INFO - Processing file /opt/airflow/dags/airflow_tutorial.py for tasks to queue
[2023-04-30 01:56:44,238] {logging_mixin.py:109} INFO - [2023-04-30 01:56:44,238] {dagbag.py:500} INFO - Filling up the DagBag from /opt/airflow/dags/airflow_tutorial.py
[2023-04-30 01:56:44,281] {processor.py:637} INFO - DAG(s) dict_keys(['tutorial']) retrieved from /opt/airflow/dags/airflow_tutorial.py
[2023-04-30 01:56:44,294] {logging_mixin.py:109} INFO - [2023-04-30 01:56:44,294] {dag.py:2396} INFO - Sync 1 DAGs
[2023-04-30 01:56:44,314] {logging_mixin.py:109} INFO - [2023-04-30 01:56:44,314] {dag.py:2928} INFO - Setting next_dagrun for tutorial to 2023-04-30T01:54:00+00:00
[2023-04-30 01:56:44,325] {processor.py:171} INFO - Processing /opt/airflow/dags/airflow_tutorial.py took 0.096 seconds
[2023-04-30 22:25:13,931] {processor.py:163} INFO - Started process (PID=50) to work on /opt/airflow/dags/airflow_tutorial.py
[2023-04-30 22:25:13,932] {processor.py:625} INFO - Processing file /opt/airflow/dags/airflow_tutorial.py for tasks to queue
[2023-04-30 22:25:13,934] {logging_mixin.py:109} INFO - [2023-04-30 22:25:13,934] {dagbag.py:500} INFO - Filling up the DagBag from /opt/airflow/dags/airflow_tutorial.py
[2023-04-30 22:25:13,967] {processor.py:637} INFO - DAG(s) dict_keys(['tutorial']) retrieved from /opt/airflow/dags/airflow_tutorial.py
[2023-04-30 22:25:13,976] {logging_mixin.py:109} INFO - [2023-04-30 22:25:13,976] {dag.py:2396} INFO - Sync 1 DAGs
[2023-04-30 22:25:13,994] {logging_mixin.py:109} INFO - [2023-04-30 22:25:13,994] {dag.py:2928} INFO - Setting next_dagrun for tutorial to 2023-04-30T22:22:00+00:00
[2023-04-30 22:25:14,003] {processor.py:171} INFO - Processing /opt/airflow/dags/airflow_tutorial.py took 0.075 seconds
[2023-04-30 22:25:44,244] {processor.py:163} INFO - Started process (PID=53) to work on /opt/airflow/dags/airflow_tutorial.py
[2023-04-30 22:25:44,247] {processor.py:625} INFO - Processing file /opt/airflow/dags/airflow_tutorial.py for tasks to queue
[2023-04-30 22:25:44,249] {logging_mixin.py:109} INFO - [2023-04-30 22:25:44,248] {dagbag.py:500} INFO - Filling up the DagBag from /opt/airflow/dags/airflow_tutorial.py
[2023-04-30 22:25:44,296] {processor.py:637} INFO - DAG(s) dict_keys(['tutorial']) retrieved from /opt/airflow/dags/airflow_tutorial.py
[2023-04-30 22:25:44,309] {logging_mixin.py:109} INFO - [2023-04-30 22:25:44,309] {dag.py:2396} INFO - Sync 1 DAGs
[2023-04-30 22:25:44,332] {logging_mixin.py:109} INFO - [2023-04-30 22:25:44,332] {dag.py:2928} INFO - Setting next_dagrun for tutorial to 2023-04-30T22:22:00+00:00
[2023-04-30 22:25:44,343] {processor.py:171} INFO - Processing /opt/airflow/dags/airflow_tutorial.py took 0.107 seconds
[2023-04-30 22:26:14,480] {processor.py:163} INFO - Started process (PID=56) to work on /opt/airflow/dags/airflow_tutorial.py
[2023-04-30 22:26:14,482] {processor.py:625} INFO - Processing file /opt/airflow/dags/airflow_tutorial.py for tasks to queue
[2023-04-30 22:26:14,484] {logging_mixin.py:109} INFO - [2023-04-30 22:26:14,484] {dagbag.py:500} INFO - Filling up the DagBag from /opt/airflow/dags/airflow_tutorial.py
[2023-04-30 22:26:14,515] {processor.py:637} INFO - DAG(s) dict_keys(['tutorial']) retrieved from /opt/airflow/dags/airflow_tutorial.py
[2023-04-30 22:26:14,524] {logging_mixin.py:109} INFO - [2023-04-30 22:26:14,524] {dag.py:2396} INFO - Sync 1 DAGs
[2023-04-30 22:26:14,553] {logging_mixin.py:109} INFO - [2023-04-30 22:26:14,553] {dag.py:2928} INFO - Setting next_dagrun for tutorial to 2023-04-30T22:24:00+00:00
[2023-04-30 22:26:14,566] {processor.py:171} INFO - Processing /opt/airflow/dags/airflow_tutorial.py took 0.090 seconds
[2023-04-30 22:26:44,789] {processor.py:163} INFO - Started process (PID=59) to work on /opt/airflow/dags/airflow_tutorial.py
[2023-04-30 22:26:44,791] {processor.py:625} INFO - Processing file /opt/airflow/dags/airflow_tutorial.py for tasks to queue
[2023-04-30 22:26:44,793] {logging_mixin.py:109} INFO - [2023-04-30 22:26:44,793] {dagbag.py:500} INFO - Filling up the DagBag from /opt/airflow/dags/airflow_tutorial.py
[2023-04-30 22:26:44,828] {processor.py:637} INFO - DAG(s) dict_keys(['tutorial']) retrieved from /opt/airflow/dags/airflow_tutorial.py
[2023-04-30 22:26:44,841] {logging_mixin.py:109} INFO - [2023-04-30 22:26:44,841] {dag.py:2396} INFO - Sync 1 DAGs
[2023-04-30 22:26:44,867] {logging_mixin.py:109} INFO - [2023-04-30 22:26:44,866] {dag.py:2928} INFO - Setting next_dagrun for tutorial to 2023-04-30T22:24:00+00:00
[2023-04-30 22:26:44,879] {processor.py:171} INFO - Processing /opt/airflow/dags/airflow_tutorial.py took 0.095 seconds
[2023-04-30 22:27:15,043] {processor.py:163} INFO - Started process (PID=62) to work on /opt/airflow/dags/airflow_tutorial.py
[2023-04-30 22:27:15,047] {processor.py:625} INFO - Processing file /opt/airflow/dags/airflow_tutorial.py for tasks to queue
[2023-04-30 22:27:15,048] {logging_mixin.py:109} INFO - [2023-04-30 22:27:15,048] {dagbag.py:500} INFO - Filling up the DagBag from /opt/airflow/dags/airflow_tutorial.py
[2023-04-30 22:27:15,087] {processor.py:637} INFO - DAG(s) dict_keys(['tutorial']) retrieved from /opt/airflow/dags/airflow_tutorial.py
[2023-04-30 22:27:15,100] {logging_mixin.py:109} INFO - [2023-04-30 22:27:15,100] {dag.py:2396} INFO - Sync 1 DAGs
[2023-04-30 22:27:15,118] {logging_mixin.py:109} INFO - [2023-04-30 22:27:15,118] {dag.py:2928} INFO - Setting next_dagrun for tutorial to 2023-04-30T22:24:00+00:00
[2023-04-30 22:27:15,129] {processor.py:171} INFO - Processing /opt/airflow/dags/airflow_tutorial.py took 0.091 seconds
[2023-04-30 22:27:45,293] {processor.py:163} INFO - Started process (PID=65) to work on /opt/airflow/dags/airflow_tutorial.py
[2023-04-30 22:27:45,295] {processor.py:625} INFO - Processing file /opt/airflow/dags/airflow_tutorial.py for tasks to queue
[2023-04-30 22:27:45,297] {logging_mixin.py:109} INFO - [2023-04-30 22:27:45,297] {dagbag.py:500} INFO - Filling up the DagBag from /opt/airflow/dags/airflow_tutorial.py
[2023-04-30 22:27:45,354] {processor.py:637} INFO - DAG(s) dict_keys(['tutorial']) retrieved from /opt/airflow/dags/airflow_tutorial.py
[2023-04-30 22:27:45,367] {logging_mixin.py:109} INFO - [2023-04-30 22:27:45,366] {dag.py:2396} INFO - Sync 1 DAGs
[2023-04-30 22:27:45,389] {logging_mixin.py:109} INFO - [2023-04-30 22:27:45,389] {dag.py:2928} INFO - Setting next_dagrun for tutorial to 2023-04-30T22:24:00+00:00
[2023-04-30 22:27:45,401] {processor.py:171} INFO - Processing /opt/airflow/dags/airflow_tutorial.py took 0.114 seconds
[2023-04-30 22:28:15,548] {processor.py:163} INFO - Started process (PID=68) to work on /opt/airflow/dags/airflow_tutorial.py
[2023-04-30 22:28:15,551] {processor.py:625} INFO - Processing file /opt/airflow/dags/airflow_tutorial.py for tasks to queue
[2023-04-30 22:28:15,552] {logging_mixin.py:109} INFO - [2023-04-30 22:28:15,552] {dagbag.py:500} INFO - Filling up the DagBag from /opt/airflow/dags/airflow_tutorial.py
[2023-04-30 22:28:15,586] {processor.py:637} INFO - DAG(s) dict_keys(['tutorial']) retrieved from /opt/airflow/dags/airflow_tutorial.py
[2023-04-30 22:28:15,595] {logging_mixin.py:109} INFO - [2023-04-30 22:28:15,595] {dag.py:2396} INFO - Sync 1 DAGs
[2023-04-30 22:28:15,611] {logging_mixin.py:109} INFO - [2023-04-30 22:28:15,611] {dag.py:2928} INFO - Setting next_dagrun for tutorial to 2023-04-30T22:26:00+00:00
[2023-04-30 22:28:15,620] {processor.py:171} INFO - Processing /opt/airflow/dags/airflow_tutorial.py took 0.076 seconds
[2023-04-30 22:28:45,770] {processor.py:163} INFO - Started process (PID=71) to work on /opt/airflow/dags/airflow_tutorial.py
[2023-04-30 22:28:45,772] {processor.py:625} INFO - Processing file /opt/airflow/dags/airflow_tutorial.py for tasks to queue
[2023-04-30 22:28:45,774] {logging_mixin.py:109} INFO - [2023-04-30 22:28:45,774] {dagbag.py:500} INFO - Filling up the DagBag from /opt/airflow/dags/airflow_tutorial.py
[2023-04-30 22:28:45,809] {processor.py:637} INFO - DAG(s) dict_keys(['tutorial']) retrieved from /opt/airflow/dags/airflow_tutorial.py
[2023-04-30 22:28:45,817] {logging_mixin.py:109} INFO - [2023-04-30 22:28:45,817] {dag.py:2396} INFO - Sync 1 DAGs
[2023-04-30 22:28:45,833] {logging_mixin.py:109} INFO - [2023-04-30 22:28:45,833] {dag.py:2928} INFO - Setting next_dagrun for tutorial to 2023-04-30T22:26:00+00:00
[2023-04-30 22:28:45,841] {processor.py:171} INFO - Processing /opt/airflow/dags/airflow_tutorial.py took 0.075 seconds
[2023-04-30 22:29:16,037] {processor.py:163} INFO - Started process (PID=75) to work on /opt/airflow/dags/airflow_tutorial.py
[2023-04-30 22:29:16,039] {processor.py:625} INFO - Processing file /opt/airflow/dags/airflow_tutorial.py for tasks to queue
[2023-04-30 22:29:16,041] {logging_mixin.py:109} INFO - [2023-04-30 22:29:16,041] {dagbag.py:500} INFO - Filling up the DagBag from /opt/airflow/dags/airflow_tutorial.py
[2023-04-30 22:29:16,074] {processor.py:637} INFO - DAG(s) dict_keys(['tutorial']) retrieved from /opt/airflow/dags/airflow_tutorial.py
[2023-04-30 22:29:16,083] {logging_mixin.py:109} INFO - [2023-04-30 22:29:16,083] {dag.py:2396} INFO - Sync 1 DAGs
[2023-04-30 22:29:16,099] {logging_mixin.py:109} INFO - [2023-04-30 22:29:16,099] {dag.py:2928} INFO - Setting next_dagrun for tutorial to 2023-04-30T22:26:00+00:00
[2023-04-30 22:29:16,109] {processor.py:171} INFO - Processing /opt/airflow/dags/airflow_tutorial.py took 0.076 seconds
[2023-04-30 22:29:46,266] {processor.py:163} INFO - Started process (PID=78) to work on /opt/airflow/dags/airflow_tutorial.py
[2023-04-30 22:29:46,268] {processor.py:625} INFO - Processing file /opt/airflow/dags/airflow_tutorial.py for tasks to queue
[2023-04-30 22:29:46,270] {logging_mixin.py:109} INFO - [2023-04-30 22:29:46,270] {dagbag.py:500} INFO - Filling up the DagBag from /opt/airflow/dags/airflow_tutorial.py
[2023-04-30 22:29:46,304] {processor.py:637} INFO - DAG(s) dict_keys(['tutorial']) retrieved from /opt/airflow/dags/airflow_tutorial.py
[2023-04-30 22:29:46,313] {logging_mixin.py:109} INFO - [2023-04-30 22:29:46,313] {dag.py:2396} INFO - Sync 1 DAGs
[2023-04-30 22:29:46,329] {logging_mixin.py:109} INFO - [2023-04-30 22:29:46,329] {dag.py:2928} INFO - Setting next_dagrun for tutorial to 2023-04-30T22:26:00+00:00
[2023-04-30 22:29:46,337] {processor.py:171} INFO - Processing /opt/airflow/dags/airflow_tutorial.py took 0.075 seconds
[2023-04-30 22:30:16,535] {processor.py:163} INFO - Started process (PID=95) to work on /opt/airflow/dags/airflow_tutorial.py
[2023-04-30 22:30:16,539] {processor.py:625} INFO - Processing file /opt/airflow/dags/airflow_tutorial.py for tasks to queue
[2023-04-30 22:30:16,541] {logging_mixin.py:109} INFO - [2023-04-30 22:30:16,541] {dagbag.py:500} INFO - Filling up the DagBag from /opt/airflow/dags/airflow_tutorial.py
[2023-04-30 22:30:16,599] {processor.py:637} INFO - DAG(s) dict_keys(['tutorial']) retrieved from /opt/airflow/dags/airflow_tutorial.py
[2023-04-30 22:30:16,612] {logging_mixin.py:109} INFO - [2023-04-30 22:30:16,612] {dag.py:2396} INFO - Sync 1 DAGs
[2023-04-30 22:30:16,637] {logging_mixin.py:109} INFO - [2023-04-30 22:30:16,637] {dag.py:2928} INFO - Setting next_dagrun for tutorial to 2023-04-30T22:28:00+00:00
[2023-04-30 22:30:16,647] {processor.py:171} INFO - Processing /opt/airflow/dags/airflow_tutorial.py took 0.118 seconds
[2023-04-30 22:30:46,799] {processor.py:163} INFO - Started process (PID=101) to work on /opt/airflow/dags/airflow_tutorial.py
[2023-04-30 22:30:46,801] {processor.py:625} INFO - Processing file /opt/airflow/dags/airflow_tutorial.py for tasks to queue
[2023-04-30 22:30:46,802] {logging_mixin.py:109} INFO - [2023-04-30 22:30:46,802] {dagbag.py:500} INFO - Filling up the DagBag from /opt/airflow/dags/airflow_tutorial.py
[2023-04-30 22:30:46,834] {processor.py:637} INFO - DAG(s) dict_keys(['tutorial']) retrieved from /opt/airflow/dags/airflow_tutorial.py
[2023-04-30 22:30:46,843] {logging_mixin.py:109} INFO - [2023-04-30 22:30:46,843] {dag.py:2396} INFO - Sync 1 DAGs
[2023-04-30 22:30:46,859] {logging_mixin.py:109} INFO - [2023-04-30 22:30:46,859] {dag.py:2928} INFO - Setting next_dagrun for tutorial to 2023-04-30T22:28:00+00:00
[2023-04-30 22:30:46,868] {processor.py:171} INFO - Processing /opt/airflow/dags/airflow_tutorial.py took 0.073 seconds
[2023-04-30 22:31:17,015] {processor.py:163} INFO - Started process (PID=115) to work on /opt/airflow/dags/airflow_tutorial.py
[2023-04-30 22:31:17,018] {processor.py:625} INFO - Processing file /opt/airflow/dags/airflow_tutorial.py for tasks to queue
[2023-04-30 22:31:17,019] {logging_mixin.py:109} INFO - [2023-04-30 22:31:17,019] {dagbag.py:500} INFO - Filling up the DagBag from /opt/airflow/dags/airflow_tutorial.py
[2023-04-30 22:31:17,052] {processor.py:637} INFO - DAG(s) dict_keys(['tutorial']) retrieved from /opt/airflow/dags/airflow_tutorial.py
[2023-04-30 22:31:17,062] {logging_mixin.py:109} INFO - [2023-04-30 22:31:17,061] {dag.py:2396} INFO - Sync 1 DAGs
[2023-04-30 22:31:17,078] {logging_mixin.py:109} INFO - [2023-04-30 22:31:17,078] {dag.py:2928} INFO - Setting next_dagrun for tutorial to 2023-04-30T22:28:00+00:00
[2023-04-30 22:31:17,087] {processor.py:171} INFO - Processing /opt/airflow/dags/airflow_tutorial.py took 0.077 seconds
[2023-04-30 22:31:47,248] {processor.py:163} INFO - Started process (PID=118) to work on /opt/airflow/dags/airflow_tutorial.py
[2023-04-30 22:31:47,251] {processor.py:625} INFO - Processing file /opt/airflow/dags/airflow_tutorial.py for tasks to queue
[2023-04-30 22:31:47,253] {logging_mixin.py:109} INFO - [2023-04-30 22:31:47,252] {dagbag.py:500} INFO - Filling up the DagBag from /opt/airflow/dags/airflow_tutorial.py
[2023-04-30 22:31:47,292] {processor.py:637} INFO - DAG(s) dict_keys(['tutorial']) retrieved from /opt/airflow/dags/airflow_tutorial.py
[2023-04-30 22:31:47,302] {logging_mixin.py:109} INFO - [2023-04-30 22:31:47,302] {dag.py:2396} INFO - Sync 1 DAGs
[2023-04-30 22:31:47,319] {logging_mixin.py:109} INFO - [2023-04-30 22:31:47,319] {dag.py:2928} INFO - Setting next_dagrun for tutorial to 2023-04-30T22:28:00+00:00
[2023-04-30 22:31:47,328] {processor.py:171} INFO - Processing /opt/airflow/dags/airflow_tutorial.py took 0.084 seconds
[2023-04-30 22:32:17,474] {processor.py:163} INFO - Started process (PID=135) to work on /opt/airflow/dags/airflow_tutorial.py
[2023-04-30 22:32:17,476] {processor.py:625} INFO - Processing file /opt/airflow/dags/airflow_tutorial.py for tasks to queue
[2023-04-30 22:32:17,478] {logging_mixin.py:109} INFO - [2023-04-30 22:32:17,478] {dagbag.py:500} INFO - Filling up the DagBag from /opt/airflow/dags/airflow_tutorial.py
[2023-04-30 22:32:17,512] {processor.py:637} INFO - DAG(s) dict_keys(['tutorial']) retrieved from /opt/airflow/dags/airflow_tutorial.py
[2023-04-30 22:32:17,522] {logging_mixin.py:109} INFO - [2023-04-30 22:32:17,522] {dag.py:2396} INFO - Sync 1 DAGs
[2023-04-30 22:32:17,537] {logging_mixin.py:109} INFO - [2023-04-30 22:32:17,537] {dag.py:2928} INFO - Setting next_dagrun for tutorial to 2023-04-30T22:30:00+00:00
[2023-04-30 22:32:17,546] {processor.py:171} INFO - Processing /opt/airflow/dags/airflow_tutorial.py took 0.077 seconds
[2023-04-30 22:32:47,706] {processor.py:163} INFO - Started process (PID=138) to work on /opt/airflow/dags/airflow_tutorial.py
[2023-04-30 22:32:47,709] {processor.py:625} INFO - Processing file /opt/airflow/dags/airflow_tutorial.py for tasks to queue
[2023-04-30 22:32:47,710] {logging_mixin.py:109} INFO - [2023-04-30 22:32:47,710] {dagbag.py:500} INFO - Filling up the DagBag from /opt/airflow/dags/airflow_tutorial.py
[2023-04-30 22:32:47,744] {processor.py:637} INFO - DAG(s) dict_keys(['tutorial']) retrieved from /opt/airflow/dags/airflow_tutorial.py
[2023-04-30 22:32:47,752] {logging_mixin.py:109} INFO - [2023-04-30 22:32:47,752] {dag.py:2396} INFO - Sync 1 DAGs
[2023-04-30 22:32:47,768] {logging_mixin.py:109} INFO - [2023-04-30 22:32:47,768] {dag.py:2928} INFO - Setting next_dagrun for tutorial to 2023-04-30T22:30:00+00:00
[2023-04-30 22:32:47,777] {processor.py:171} INFO - Processing /opt/airflow/dags/airflow_tutorial.py took 0.074 seconds
[2023-04-30 22:33:17,945] {processor.py:163} INFO - Started process (PID=141) to work on /opt/airflow/dags/airflow_tutorial.py
[2023-04-30 22:33:17,947] {processor.py:625} INFO - Processing file /opt/airflow/dags/airflow_tutorial.py for tasks to queue
[2023-04-30 22:33:17,948] {logging_mixin.py:109} INFO - [2023-04-30 22:33:17,948] {dagbag.py:500} INFO - Filling up the DagBag from /opt/airflow/dags/airflow_tutorial.py
[2023-04-30 22:33:17,982] {processor.py:637} INFO - DAG(s) dict_keys(['tutorial']) retrieved from /opt/airflow/dags/airflow_tutorial.py
[2023-04-30 22:33:17,991] {logging_mixin.py:109} INFO - [2023-04-30 22:33:17,991] {dag.py:2396} INFO - Sync 1 DAGs
[2023-04-30 22:33:18,007] {logging_mixin.py:109} INFO - [2023-04-30 22:33:18,007] {dag.py:2928} INFO - Setting next_dagrun for tutorial to 2023-04-30T22:30:00+00:00
[2023-04-30 22:33:18,015] {processor.py:171} INFO - Processing /opt/airflow/dags/airflow_tutorial.py took 0.074 seconds
[2023-04-30 22:33:48,164] {processor.py:163} INFO - Started process (PID=144) to work on /opt/airflow/dags/airflow_tutorial.py
[2023-04-30 22:33:48,167] {processor.py:625} INFO - Processing file /opt/airflow/dags/airflow_tutorial.py for tasks to queue
[2023-04-30 22:33:48,168] {logging_mixin.py:109} INFO - [2023-04-30 22:33:48,168] {dagbag.py:500} INFO - Filling up the DagBag from /opt/airflow/dags/airflow_tutorial.py
[2023-04-30 22:33:48,201] {processor.py:637} INFO - DAG(s) dict_keys(['tutorial']) retrieved from /opt/airflow/dags/airflow_tutorial.py
[2023-04-30 22:33:48,211] {logging_mixin.py:109} INFO - [2023-04-30 22:33:48,211] {dag.py:2396} INFO - Sync 1 DAGs
[2023-04-30 22:33:48,228] {logging_mixin.py:109} INFO - [2023-04-30 22:33:48,228] {dag.py:2928} INFO - Setting next_dagrun for tutorial to 2023-04-30T22:30:00+00:00
[2023-04-30 22:33:48,237] {processor.py:171} INFO - Processing /opt/airflow/dags/airflow_tutorial.py took 0.076 seconds
[2023-04-30 22:34:18,390] {processor.py:163} INFO - Started process (PID=161) to work on /opt/airflow/dags/airflow_tutorial.py
[2023-04-30 22:34:18,392] {processor.py:625} INFO - Processing file /opt/airflow/dags/airflow_tutorial.py for tasks to queue
[2023-04-30 22:34:18,393] {logging_mixin.py:109} INFO - [2023-04-30 22:34:18,393] {dagbag.py:500} INFO - Filling up the DagBag from /opt/airflow/dags/airflow_tutorial.py
[2023-04-30 22:34:18,428] {processor.py:637} INFO - DAG(s) dict_keys(['tutorial']) retrieved from /opt/airflow/dags/airflow_tutorial.py
[2023-04-30 22:34:18,437] {logging_mixin.py:109} INFO - [2023-04-30 22:34:18,437] {dag.py:2396} INFO - Sync 1 DAGs
[2023-04-30 22:34:18,454] {logging_mixin.py:109} INFO - [2023-04-30 22:34:18,454] {dag.py:2928} INFO - Setting next_dagrun for tutorial to 2023-04-30T22:32:00+00:00
[2023-04-30 22:34:18,462] {processor.py:171} INFO - Processing /opt/airflow/dags/airflow_tutorial.py took 0.076 seconds
[2023-04-30 22:34:48,594] {processor.py:163} INFO - Started process (PID=164) to work on /opt/airflow/dags/airflow_tutorial.py
[2023-04-30 22:34:48,597] {processor.py:625} INFO - Processing file /opt/airflow/dags/airflow_tutorial.py for tasks to queue
[2023-04-30 22:34:48,598] {logging_mixin.py:109} INFO - [2023-04-30 22:34:48,598] {dagbag.py:500} INFO - Filling up the DagBag from /opt/airflow/dags/airflow_tutorial.py
[2023-04-30 22:34:48,631] {processor.py:637} INFO - DAG(s) dict_keys(['tutorial']) retrieved from /opt/airflow/dags/airflow_tutorial.py
[2023-04-30 22:34:48,640] {logging_mixin.py:109} INFO - [2023-04-30 22:34:48,640] {dag.py:2396} INFO - Sync 1 DAGs
[2023-04-30 22:34:48,656] {logging_mixin.py:109} INFO - [2023-04-30 22:34:48,656] {dag.py:2928} INFO - Setting next_dagrun for tutorial to 2023-04-30T22:32:00+00:00
[2023-04-30 22:34:48,664] {processor.py:171} INFO - Processing /opt/airflow/dags/airflow_tutorial.py took 0.073 seconds
[2023-04-30 22:35:18,855] {processor.py:163} INFO - Started process (PID=167) to work on /opt/airflow/dags/airflow_tutorial.py
[2023-04-30 22:35:18,857] {processor.py:625} INFO - Processing file /opt/airflow/dags/airflow_tutorial.py for tasks to queue
[2023-04-30 22:35:18,858] {logging_mixin.py:109} INFO - [2023-04-30 22:35:18,858] {dagbag.py:500} INFO - Filling up the DagBag from /opt/airflow/dags/airflow_tutorial.py
[2023-04-30 22:35:18,893] {processor.py:637} INFO - DAG(s) dict_keys(['tutorial']) retrieved from /opt/airflow/dags/airflow_tutorial.py
[2023-04-30 22:35:18,902] {logging_mixin.py:109} INFO - [2023-04-30 22:35:18,901] {dag.py:2396} INFO - Sync 1 DAGs
[2023-04-30 22:35:18,918] {logging_mixin.py:109} INFO - [2023-04-30 22:35:18,918] {dag.py:2928} INFO - Setting next_dagrun for tutorial to 2023-04-30T22:32:00+00:00
[2023-04-30 22:35:18,926] {processor.py:171} INFO - Processing /opt/airflow/dags/airflow_tutorial.py took 0.075 seconds
[2023-04-30 22:35:49,086] {processor.py:163} INFO - Started process (PID=170) to work on /opt/airflow/dags/airflow_tutorial.py
[2023-04-30 22:35:49,089] {processor.py:625} INFO - Processing file /opt/airflow/dags/airflow_tutorial.py for tasks to queue
[2023-04-30 22:35:49,091] {logging_mixin.py:109} INFO - [2023-04-30 22:35:49,091] {dagbag.py:500} INFO - Filling up the DagBag from /opt/airflow/dags/airflow_tutorial.py
[2023-04-30 22:35:49,126] {processor.py:637} INFO - DAG(s) dict_keys(['tutorial']) retrieved from /opt/airflow/dags/airflow_tutorial.py
[2023-04-30 22:35:49,135] {logging_mixin.py:109} INFO - [2023-04-30 22:35:49,135] {dag.py:2396} INFO - Sync 1 DAGs
[2023-04-30 22:35:49,151] {logging_mixin.py:109} INFO - [2023-04-30 22:35:49,151] {dag.py:2928} INFO - Setting next_dagrun for tutorial to 2023-04-30T22:32:00+00:00
[2023-04-30 22:35:49,159] {processor.py:171} INFO - Processing /opt/airflow/dags/airflow_tutorial.py took 0.077 seconds
[2023-04-30 22:36:19,318] {processor.py:163} INFO - Started process (PID=187) to work on /opt/airflow/dags/airflow_tutorial.py
[2023-04-30 22:36:19,321] {processor.py:625} INFO - Processing file /opt/airflow/dags/airflow_tutorial.py for tasks to queue
[2023-04-30 22:36:19,323] {logging_mixin.py:109} INFO - [2023-04-30 22:36:19,323] {dagbag.py:500} INFO - Filling up the DagBag from /opt/airflow/dags/airflow_tutorial.py
[2023-04-30 22:36:19,356] {processor.py:637} INFO - DAG(s) dict_keys(['tutorial']) retrieved from /opt/airflow/dags/airflow_tutorial.py
[2023-04-30 22:36:19,365] {logging_mixin.py:109} INFO - [2023-04-30 22:36:19,365] {dag.py:2396} INFO - Sync 1 DAGs
[2023-04-30 22:36:19,381] {logging_mixin.py:109} INFO - [2023-04-30 22:36:19,381] {dag.py:2928} INFO - Setting next_dagrun for tutorial to 2023-04-30T22:34:00+00:00
[2023-04-30 22:36:19,389] {processor.py:171} INFO - Processing /opt/airflow/dags/airflow_tutorial.py took 0.075 seconds
[2023-04-30 22:36:49,572] {processor.py:163} INFO - Started process (PID=190) to work on /opt/airflow/dags/airflow_tutorial.py
[2023-04-30 22:36:49,574] {processor.py:625} INFO - Processing file /opt/airflow/dags/airflow_tutorial.py for tasks to queue
[2023-04-30 22:36:49,576] {logging_mixin.py:109} INFO - [2023-04-30 22:36:49,576] {dagbag.py:500} INFO - Filling up the DagBag from /opt/airflow/dags/airflow_tutorial.py
[2023-04-30 22:36:49,607] {processor.py:637} INFO - DAG(s) dict_keys(['tutorial']) retrieved from /opt/airflow/dags/airflow_tutorial.py
[2023-04-30 22:36:49,616] {logging_mixin.py:109} INFO - [2023-04-30 22:36:49,616] {dag.py:2396} INFO - Sync 1 DAGs
[2023-04-30 22:36:49,632] {logging_mixin.py:109} INFO - [2023-04-30 22:36:49,632] {dag.py:2928} INFO - Setting next_dagrun for tutorial to 2023-04-30T22:34:00+00:00
[2023-04-30 22:36:49,640] {processor.py:171} INFO - Processing /opt/airflow/dags/airflow_tutorial.py took 0.071 seconds
[2023-04-30 22:37:19,783] {processor.py:163} INFO - Started process (PID=193) to work on /opt/airflow/dags/airflow_tutorial.py
[2023-04-30 22:37:19,786] {processor.py:625} INFO - Processing file /opt/airflow/dags/airflow_tutorial.py for tasks to queue
[2023-04-30 22:37:19,787] {logging_mixin.py:109} INFO - [2023-04-30 22:37:19,787] {dagbag.py:500} INFO - Filling up the DagBag from /opt/airflow/dags/airflow_tutorial.py
[2023-04-30 22:37:19,820] {processor.py:637} INFO - DAG(s) dict_keys(['tutorial']) retrieved from /opt/airflow/dags/airflow_tutorial.py
[2023-04-30 22:37:19,829] {logging_mixin.py:109} INFO - [2023-04-30 22:37:19,829] {dag.py:2396} INFO - Sync 1 DAGs
[2023-04-30 22:37:19,846] {logging_mixin.py:109} INFO - [2023-04-30 22:37:19,846] {dag.py:2928} INFO - Setting next_dagrun for tutorial to 2023-04-30T22:34:00+00:00
[2023-04-30 22:37:19,854] {processor.py:171} INFO - Processing /opt/airflow/dags/airflow_tutorial.py took 0.075 seconds
[2023-04-30 22:37:50,015] {processor.py:163} INFO - Started process (PID=196) to work on /opt/airflow/dags/airflow_tutorial.py
[2023-04-30 22:37:50,018] {processor.py:625} INFO - Processing file /opt/airflow/dags/airflow_tutorial.py for tasks to queue
[2023-04-30 22:37:50,019] {logging_mixin.py:109} INFO - [2023-04-30 22:37:50,019] {dagbag.py:500} INFO - Filling up the DagBag from /opt/airflow/dags/airflow_tutorial.py
[2023-04-30 22:37:50,053] {processor.py:637} INFO - DAG(s) dict_keys(['tutorial']) retrieved from /opt/airflow/dags/airflow_tutorial.py
[2023-04-30 22:37:50,062] {logging_mixin.py:109} INFO - [2023-04-30 22:37:50,062] {dag.py:2396} INFO - Sync 1 DAGs
[2023-04-30 22:37:50,078] {logging_mixin.py:109} INFO - [2023-04-30 22:37:50,078] {dag.py:2928} INFO - Setting next_dagrun for tutorial to 2023-04-30T22:34:00+00:00
[2023-04-30 22:37:50,086] {processor.py:171} INFO - Processing /opt/airflow/dags/airflow_tutorial.py took 0.075 seconds
[2023-04-30 22:38:20,241] {processor.py:163} INFO - Started process (PID=199) to work on /opt/airflow/dags/airflow_tutorial.py
[2023-04-30 22:38:20,243] {processor.py:625} INFO - Processing file /opt/airflow/dags/airflow_tutorial.py for tasks to queue
[2023-04-30 22:38:20,244] {logging_mixin.py:109} INFO - [2023-04-30 22:38:20,244] {dagbag.py:500} INFO - Filling up the DagBag from /opt/airflow/dags/airflow_tutorial.py
[2023-04-30 22:38:20,279] {processor.py:637} INFO - DAG(s) dict_keys(['tutorial']) retrieved from /opt/airflow/dags/airflow_tutorial.py
[2023-04-30 22:38:20,287] {logging_mixin.py:109} INFO - [2023-04-30 22:38:20,287] {dag.py:2396} INFO - Sync 1 DAGs
[2023-04-30 22:38:20,304] {logging_mixin.py:109} INFO - [2023-04-30 22:38:20,304] {dag.py:2928} INFO - Setting next_dagrun for tutorial to 2023-04-30T22:36:00+00:00
[2023-04-30 22:38:20,312] {processor.py:171} INFO - Processing /opt/airflow/dags/airflow_tutorial.py took 0.075 seconds
[2023-04-30 22:38:50,471] {processor.py:163} INFO - Started process (PID=202) to work on /opt/airflow/dags/airflow_tutorial.py
[2023-04-30 22:38:50,473] {processor.py:625} INFO - Processing file /opt/airflow/dags/airflow_tutorial.py for tasks to queue
[2023-04-30 22:38:50,475] {logging_mixin.py:109} INFO - [2023-04-30 22:38:50,474] {dagbag.py:500} INFO - Filling up the DagBag from /opt/airflow/dags/airflow_tutorial.py
[2023-04-30 22:38:50,509] {processor.py:637} INFO - DAG(s) dict_keys(['tutorial']) retrieved from /opt/airflow/dags/airflow_tutorial.py
[2023-04-30 22:38:50,518] {logging_mixin.py:109} INFO - [2023-04-30 22:38:50,518] {dag.py:2396} INFO - Sync 1 DAGs
[2023-04-30 22:38:50,534] {logging_mixin.py:109} INFO - [2023-04-30 22:38:50,534] {dag.py:2928} INFO - Setting next_dagrun for tutorial to 2023-04-30T22:36:00+00:00
[2023-04-30 22:38:50,542] {processor.py:171} INFO - Processing /opt/airflow/dags/airflow_tutorial.py took 0.076 seconds
[2023-04-30 22:39:20,699] {processor.py:163} INFO - Started process (PID=205) to work on /opt/airflow/dags/airflow_tutorial.py
[2023-04-30 22:39:20,701] {processor.py:625} INFO - Processing file /opt/airflow/dags/airflow_tutorial.py for tasks to queue
[2023-04-30 22:39:20,703] {logging_mixin.py:109} INFO - [2023-04-30 22:39:20,703] {dagbag.py:500} INFO - Filling up the DagBag from /opt/airflow/dags/airflow_tutorial.py
[2023-04-30 22:39:20,737] {processor.py:637} INFO - DAG(s) dict_keys(['tutorial']) retrieved from /opt/airflow/dags/airflow_tutorial.py
[2023-04-30 22:39:20,746] {logging_mixin.py:109} INFO - [2023-04-30 22:39:20,746] {dag.py:2396} INFO - Sync 1 DAGs
[2023-04-30 22:39:20,762] {logging_mixin.py:109} INFO - [2023-04-30 22:39:20,762] {dag.py:2928} INFO - Setting next_dagrun for tutorial to 2023-04-30T22:36:00+00:00
[2023-04-30 22:39:20,771] {processor.py:171} INFO - Processing /opt/airflow/dags/airflow_tutorial.py took 0.076 seconds
[2023-04-30 22:39:50,926] {processor.py:163} INFO - Started process (PID=208) to work on /opt/airflow/dags/airflow_tutorial.py
[2023-04-30 22:39:50,928] {processor.py:625} INFO - Processing file /opt/airflow/dags/airflow_tutorial.py for tasks to queue
[2023-04-30 22:39:50,930] {logging_mixin.py:109} INFO - [2023-04-30 22:39:50,930] {dagbag.py:500} INFO - Filling up the DagBag from /opt/airflow/dags/airflow_tutorial.py
[2023-04-30 22:39:50,962] {processor.py:637} INFO - DAG(s) dict_keys(['tutorial']) retrieved from /opt/airflow/dags/airflow_tutorial.py
[2023-04-30 22:39:50,971] {logging_mixin.py:109} INFO - [2023-04-30 22:39:50,971] {dag.py:2396} INFO - Sync 1 DAGs
[2023-04-30 22:39:50,987] {logging_mixin.py:109} INFO - [2023-04-30 22:39:50,987] {dag.py:2928} INFO - Setting next_dagrun for tutorial to 2023-04-30T22:36:00+00:00
[2023-04-30 22:39:50,995] {processor.py:171} INFO - Processing /opt/airflow/dags/airflow_tutorial.py took 0.073 seconds
[2023-04-30 22:40:42,996] {processor.py:163} INFO - Started process (PID=211) to work on /opt/airflow/dags/airflow_tutorial.py
[2023-04-30 22:40:42,998] {processor.py:625} INFO - Processing file /opt/airflow/dags/airflow_tutorial.py for tasks to queue
[2023-04-30 22:40:42,999] {logging_mixin.py:109} INFO - [2023-04-30 22:40:42,999] {dagbag.py:500} INFO - Filling up the DagBag from /opt/airflow/dags/airflow_tutorial.py
[2023-04-30 22:40:43,030] {processor.py:637} INFO - DAG(s) dict_keys(['tutorial']) retrieved from /opt/airflow/dags/airflow_tutorial.py
[2023-04-30 22:40:43,038] {logging_mixin.py:109} INFO - [2023-04-30 22:40:43,038] {dag.py:2396} INFO - Sync 1 DAGs
[2023-04-30 22:40:43,055] {logging_mixin.py:109} INFO - [2023-04-30 22:40:43,054] {dag.py:2928} INFO - Setting next_dagrun for tutorial to 2023-04-30T22:38:00+00:00
[2023-04-30 22:40:43,267] {processor.py:171} INFO - Processing /opt/airflow/dags/airflow_tutorial.py took 0.276 seconds
[2023-04-30 22:47:30,310] {processor.py:163} INFO - Started process (PID=216) to work on /opt/airflow/dags/airflow_tutorial.py
[2023-04-30 22:47:30,488] {processor.py:625} INFO - Processing file /opt/airflow/dags/airflow_tutorial.py for tasks to queue
[2023-04-30 22:47:30,501] {logging_mixin.py:109} INFO - [2023-04-30 22:47:30,501] {dagbag.py:500} INFO - Filling up the DagBag from /opt/airflow/dags/airflow_tutorial.py
[2023-04-30 22:47:30,632] {processor.py:637} INFO - DAG(s) dict_keys(['tutorial']) retrieved from /opt/airflow/dags/airflow_tutorial.py
[2023-04-30 22:47:30,649] {logging_mixin.py:109} INFO - [2023-04-30 22:47:30,649] {dag.py:2396} INFO - Sync 1 DAGs
[2023-04-30 22:47:30,691] {logging_mixin.py:109} INFO - [2023-04-30 22:47:30,691] {dag.py:2928} INFO - Setting next_dagrun for tutorial to 2023-04-30T22:44:00+00:00
[2023-04-30 22:47:30,712] {processor.py:171} INFO - Processing /opt/airflow/dags/airflow_tutorial.py took 0.407 seconds
[2023-04-30 23:40:03,637] {processor.py:163} INFO - Started process (PID=220) to work on /opt/airflow/dags/airflow_tutorial.py
[2023-04-30 23:40:03,638] {processor.py:625} INFO - Processing file /opt/airflow/dags/airflow_tutorial.py for tasks to queue
[2023-04-30 23:40:03,639] {logging_mixin.py:109} INFO - [2023-04-30 23:40:03,639] {dagbag.py:500} INFO - Filling up the DagBag from /opt/airflow/dags/airflow_tutorial.py
[2023-04-30 23:40:03,665] {processor.py:637} INFO - DAG(s) dict_keys(['tutorial']) retrieved from /opt/airflow/dags/airflow_tutorial.py
[2023-04-30 23:40:03,672] {logging_mixin.py:109} INFO - [2023-04-30 23:40:03,672] {dag.py:2396} INFO - Sync 1 DAGs
[2023-04-30 23:40:03,687] {logging_mixin.py:109} INFO - [2023-04-30 23:40:03,687] {dag.py:2928} INFO - Setting next_dagrun for tutorial to 2023-04-30T23:38:00+00:00
[2023-04-30 23:40:03,698] {processor.py:171} INFO - Processing /opt/airflow/dags/airflow_tutorial.py took 0.064 seconds
[2023-04-30 23:40:34,037] {processor.py:163} INFO - Started process (PID=223) to work on /opt/airflow/dags/airflow_tutorial.py
[2023-04-30 23:40:34,046] {processor.py:625} INFO - Processing file /opt/airflow/dags/airflow_tutorial.py for tasks to queue
[2023-04-30 23:40:34,054] {logging_mixin.py:109} INFO - [2023-04-30 23:40:34,053] {dagbag.py:500} INFO - Filling up the DagBag from /opt/airflow/dags/airflow_tutorial.py
[2023-04-30 23:40:34,200] {processor.py:637} INFO - DAG(s) dict_keys(['tutorial']) retrieved from /opt/airflow/dags/airflow_tutorial.py
[2023-04-30 23:40:34,245] {logging_mixin.py:109} INFO - [2023-04-30 23:40:34,244] {dag.py:2396} INFO - Sync 1 DAGs
[2023-04-30 23:40:34,328] {logging_mixin.py:109} INFO - [2023-04-30 23:40:34,327] {dag.py:2928} INFO - Setting next_dagrun for tutorial to 2023-04-30T23:38:00+00:00
[2023-04-30 23:40:34,372] {processor.py:171} INFO - Processing /opt/airflow/dags/airflow_tutorial.py took 0.351 seconds
