[2023-04-30 01:38:34,717] {processor.py:163} INFO - Started process (PID=274) to work on /opt/airflow/dags/download_historical_postgres_google_trends.py
[2023-04-30 01:38:34,719] {processor.py:625} INFO - Processing file /opt/airflow/dags/download_historical_postgres_google_trends.py for tasks to queue
[2023-04-30 01:38:34,721] {logging_mixin.py:109} INFO - [2023-04-30 01:38:34,721] {dagbag.py:500} INFO - Filling up the DagBag from /opt/airflow/dags/download_historical_postgres_google_trends.py
[2023-04-30 01:38:34,762] {processor.py:637} INFO - DAG(s) dict_keys(['download_historical_postgres']) retrieved from /opt/airflow/dags/download_historical_postgres_google_trends.py
[2023-04-30 01:38:34,771] {logging_mixin.py:109} INFO - [2023-04-30 01:38:34,771] {dag.py:2396} INFO - Sync 1 DAGs
[2023-04-30 01:38:34,785] {logging_mixin.py:109} INFO - [2023-04-30 01:38:34,785] {dag.py:2928} INFO - Setting next_dagrun for download_historical_postgres to None
[2023-04-30 01:38:34,794] {processor.py:171} INFO - Processing /opt/airflow/dags/download_historical_postgres_google_trends.py took 0.082 seconds
[2023-04-30 01:39:05,455] {processor.py:163} INFO - Started process (PID=277) to work on /opt/airflow/dags/download_historical_postgres_google_trends.py
[2023-04-30 01:39:05,465] {processor.py:625} INFO - Processing file /opt/airflow/dags/download_historical_postgres_google_trends.py for tasks to queue
[2023-04-30 01:39:05,472] {logging_mixin.py:109} INFO - [2023-04-30 01:39:05,472] {dagbag.py:500} INFO - Filling up the DagBag from /opt/airflow/dags/download_historical_postgres_google_trends.py
[2023-04-30 01:39:05,620] {processor.py:637} INFO - DAG(s) dict_keys(['download_historical_postgres']) retrieved from /opt/airflow/dags/download_historical_postgres_google_trends.py
[2023-04-30 01:39:05,665] {logging_mixin.py:109} INFO - [2023-04-30 01:39:05,665] {dag.py:2396} INFO - Sync 1 DAGs
[2023-04-30 01:39:05,733] {logging_mixin.py:109} INFO - [2023-04-30 01:39:05,733] {dag.py:2928} INFO - Setting next_dagrun for download_historical_postgres to None
[2023-04-30 01:39:05,772] {processor.py:171} INFO - Processing /opt/airflow/dags/download_historical_postgres_google_trends.py took 0.334 seconds
[2023-04-30 01:45:39,338] {processor.py:163} INFO - Started process (PID=282) to work on /opt/airflow/dags/download_historical_postgres_google_trends.py
[2023-04-30 01:45:39,341] {processor.py:625} INFO - Processing file /opt/airflow/dags/download_historical_postgres_google_trends.py for tasks to queue
[2023-04-30 01:45:39,343] {logging_mixin.py:109} INFO - [2023-04-30 01:45:39,343] {dagbag.py:500} INFO - Filling up the DagBag from /opt/airflow/dags/download_historical_postgres_google_trends.py
[2023-04-30 01:45:39,380] {processor.py:637} INFO - DAG(s) dict_keys(['download_historical_postgres']) retrieved from /opt/airflow/dags/download_historical_postgres_google_trends.py
[2023-04-30 01:45:39,394] {logging_mixin.py:109} INFO - [2023-04-30 01:45:39,394] {dag.py:2396} INFO - Sync 1 DAGs
[2023-04-30 01:45:39,413] {logging_mixin.py:109} INFO - [2023-04-30 01:45:39,413] {dag.py:2928} INFO - Setting next_dagrun for download_historical_postgres to None
[2023-04-30 01:45:39,425] {processor.py:171} INFO - Processing /opt/airflow/dags/download_historical_postgres_google_trends.py took 0.093 seconds
[2023-04-30 01:46:09,541] {processor.py:163} INFO - Started process (PID=285) to work on /opt/airflow/dags/download_historical_postgres_google_trends.py
[2023-04-30 01:46:09,544] {processor.py:625} INFO - Processing file /opt/airflow/dags/download_historical_postgres_google_trends.py for tasks to queue
[2023-04-30 01:46:09,545] {logging_mixin.py:109} INFO - [2023-04-30 01:46:09,545] {dagbag.py:500} INFO - Filling up the DagBag from /opt/airflow/dags/download_historical_postgres_google_trends.py
[2023-04-30 01:46:09,573] {processor.py:637} INFO - DAG(s) dict_keys(['download_historical_postgres']) retrieved from /opt/airflow/dags/download_historical_postgres_google_trends.py
[2023-04-30 01:46:09,584] {logging_mixin.py:109} INFO - [2023-04-30 01:46:09,584] {dag.py:2396} INFO - Sync 1 DAGs
[2023-04-30 01:46:09,600] {logging_mixin.py:109} INFO - [2023-04-30 01:46:09,600] {dag.py:2928} INFO - Setting next_dagrun for download_historical_postgres to None
[2023-04-30 01:46:09,609] {processor.py:171} INFO - Processing /opt/airflow/dags/download_historical_postgres_google_trends.py took 0.072 seconds
[2023-04-30 01:46:39,757] {processor.py:163} INFO - Started process (PID=288) to work on /opt/airflow/dags/download_historical_postgres_google_trends.py
[2023-04-30 01:46:39,760] {processor.py:625} INFO - Processing file /opt/airflow/dags/download_historical_postgres_google_trends.py for tasks to queue
[2023-04-30 01:46:39,761] {logging_mixin.py:109} INFO - [2023-04-30 01:46:39,761] {dagbag.py:500} INFO - Filling up the DagBag from /opt/airflow/dags/download_historical_postgres_google_trends.py
[2023-04-30 01:46:39,789] {processor.py:637} INFO - DAG(s) dict_keys(['download_historical_postgres']) retrieved from /opt/airflow/dags/download_historical_postgres_google_trends.py
[2023-04-30 01:46:39,800] {logging_mixin.py:109} INFO - [2023-04-30 01:46:39,800] {dag.py:2396} INFO - Sync 1 DAGs
[2023-04-30 01:46:39,815] {logging_mixin.py:109} INFO - [2023-04-30 01:46:39,815] {dag.py:2928} INFO - Setting next_dagrun for download_historical_postgres to None
[2023-04-30 01:46:39,825] {processor.py:171} INFO - Processing /opt/airflow/dags/download_historical_postgres_google_trends.py took 0.071 seconds
[2023-04-30 01:47:10,024] {processor.py:163} INFO - Started process (PID=291) to work on /opt/airflow/dags/download_historical_postgres_google_trends.py
[2023-04-30 01:47:10,026] {processor.py:625} INFO - Processing file /opt/airflow/dags/download_historical_postgres_google_trends.py for tasks to queue
[2023-04-30 01:47:10,029] {logging_mixin.py:109} INFO - [2023-04-30 01:47:10,028] {dagbag.py:500} INFO - Filling up the DagBag from /opt/airflow/dags/download_historical_postgres_google_trends.py
[2023-04-30 01:47:10,064] {processor.py:637} INFO - DAG(s) dict_keys(['download_historical_postgres']) retrieved from /opt/airflow/dags/download_historical_postgres_google_trends.py
[2023-04-30 01:47:10,079] {logging_mixin.py:109} INFO - [2023-04-30 01:47:10,079] {dag.py:2396} INFO - Sync 1 DAGs
[2023-04-30 01:47:10,098] {logging_mixin.py:109} INFO - [2023-04-30 01:47:10,098] {dag.py:2928} INFO - Setting next_dagrun for download_historical_postgres to None
[2023-04-30 01:47:10,110] {processor.py:171} INFO - Processing /opt/airflow/dags/download_historical_postgres_google_trends.py took 0.091 seconds
[2023-04-30 01:47:40,230] {processor.py:163} INFO - Started process (PID=294) to work on /opt/airflow/dags/download_historical_postgres_google_trends.py
[2023-04-30 01:47:40,232] {processor.py:625} INFO - Processing file /opt/airflow/dags/download_historical_postgres_google_trends.py for tasks to queue
[2023-04-30 01:47:40,233] {logging_mixin.py:109} INFO - [2023-04-30 01:47:40,233] {dagbag.py:500} INFO - Filling up the DagBag from /opt/airflow/dags/download_historical_postgres_google_trends.py
[2023-04-30 01:47:40,260] {processor.py:637} INFO - DAG(s) dict_keys(['download_historical_postgres']) retrieved from /opt/airflow/dags/download_historical_postgres_google_trends.py
[2023-04-30 01:47:40,269] {logging_mixin.py:109} INFO - [2023-04-30 01:47:40,269] {dag.py:2396} INFO - Sync 1 DAGs
[2023-04-30 01:47:40,282] {logging_mixin.py:109} INFO - [2023-04-30 01:47:40,282] {dag.py:2928} INFO - Setting next_dagrun for download_historical_postgres to None
[2023-04-30 01:47:40,290] {processor.py:171} INFO - Processing /opt/airflow/dags/download_historical_postgres_google_trends.py took 0.063 seconds
[2023-04-30 01:48:10,464] {processor.py:163} INFO - Started process (PID=297) to work on /opt/airflow/dags/download_historical_postgres_google_trends.py
[2023-04-30 01:48:10,466] {processor.py:625} INFO - Processing file /opt/airflow/dags/download_historical_postgres_google_trends.py for tasks to queue
[2023-04-30 01:48:10,468] {logging_mixin.py:109} INFO - [2023-04-30 01:48:10,467] {dagbag.py:500} INFO - Filling up the DagBag from /opt/airflow/dags/download_historical_postgres_google_trends.py
[2023-04-30 01:48:10,496] {processor.py:637} INFO - DAG(s) dict_keys(['download_historical_postgres']) retrieved from /opt/airflow/dags/download_historical_postgres_google_trends.py
[2023-04-30 01:48:10,507] {logging_mixin.py:109} INFO - [2023-04-30 01:48:10,506] {dag.py:2396} INFO - Sync 1 DAGs
[2023-04-30 01:48:10,522] {logging_mixin.py:109} INFO - [2023-04-30 01:48:10,521] {dag.py:2928} INFO - Setting next_dagrun for download_historical_postgres to None
[2023-04-30 01:48:10,531] {processor.py:171} INFO - Processing /opt/airflow/dags/download_historical_postgres_google_trends.py took 0.071 seconds
[2023-04-30 01:48:40,675] {processor.py:163} INFO - Started process (PID=300) to work on /opt/airflow/dags/download_historical_postgres_google_trends.py
[2023-04-30 01:48:40,677] {processor.py:625} INFO - Processing file /opt/airflow/dags/download_historical_postgres_google_trends.py for tasks to queue
[2023-04-30 01:48:40,678] {logging_mixin.py:109} INFO - [2023-04-30 01:48:40,678] {dagbag.py:500} INFO - Filling up the DagBag from /opt/airflow/dags/download_historical_postgres_google_trends.py
[2023-04-30 01:48:40,702] {processor.py:637} INFO - DAG(s) dict_keys(['download_historical_postgres']) retrieved from /opt/airflow/dags/download_historical_postgres_google_trends.py
[2023-04-30 01:48:40,711] {logging_mixin.py:109} INFO - [2023-04-30 01:48:40,711] {dag.py:2396} INFO - Sync 1 DAGs
[2023-04-30 01:48:40,723] {logging_mixin.py:109} INFO - [2023-04-30 01:48:40,723] {dag.py:2928} INFO - Setting next_dagrun for download_historical_postgres to None
[2023-04-30 01:48:40,730] {processor.py:171} INFO - Processing /opt/airflow/dags/download_historical_postgres_google_trends.py took 0.059 seconds
[2023-04-30 01:49:10,894] {processor.py:163} INFO - Started process (PID=303) to work on /opt/airflow/dags/download_historical_postgres_google_trends.py
[2023-04-30 01:49:10,896] {processor.py:625} INFO - Processing file /opt/airflow/dags/download_historical_postgres_google_trends.py for tasks to queue
[2023-04-30 01:49:10,897] {logging_mixin.py:109} INFO - [2023-04-30 01:49:10,897] {dagbag.py:500} INFO - Filling up the DagBag from /opt/airflow/dags/download_historical_postgres_google_trends.py
[2023-04-30 01:49:10,922] {processor.py:637} INFO - DAG(s) dict_keys(['download_historical_postgres']) retrieved from /opt/airflow/dags/download_historical_postgres_google_trends.py
[2023-04-30 01:49:10,931] {logging_mixin.py:109} INFO - [2023-04-30 01:49:10,931] {dag.py:2396} INFO - Sync 1 DAGs
[2023-04-30 01:49:10,943] {logging_mixin.py:109} INFO - [2023-04-30 01:49:10,943] {dag.py:2928} INFO - Setting next_dagrun for download_historical_postgres to None
[2023-04-30 01:49:10,951] {processor.py:171} INFO - Processing /opt/airflow/dags/download_historical_postgres_google_trends.py took 0.060 seconds
[2023-04-30 01:49:41,118] {processor.py:163} INFO - Started process (PID=306) to work on /opt/airflow/dags/download_historical_postgres_google_trends.py
[2023-04-30 01:49:41,120] {processor.py:625} INFO - Processing file /opt/airflow/dags/download_historical_postgres_google_trends.py for tasks to queue
[2023-04-30 01:49:41,121] {logging_mixin.py:109} INFO - [2023-04-30 01:49:41,121] {dagbag.py:500} INFO - Filling up the DagBag from /opt/airflow/dags/download_historical_postgres_google_trends.py
[2023-04-30 01:49:41,147] {processor.py:637} INFO - DAG(s) dict_keys(['download_historical_postgres']) retrieved from /opt/airflow/dags/download_historical_postgres_google_trends.py
[2023-04-30 01:49:41,156] {logging_mixin.py:109} INFO - [2023-04-30 01:49:41,156] {dag.py:2396} INFO - Sync 1 DAGs
[2023-04-30 01:49:41,168] {logging_mixin.py:109} INFO - [2023-04-30 01:49:41,168] {dag.py:2928} INFO - Setting next_dagrun for download_historical_postgres to None
[2023-04-30 01:49:41,175] {processor.py:171} INFO - Processing /opt/airflow/dags/download_historical_postgres_google_trends.py took 0.060 seconds
[2023-04-30 01:50:11,345] {processor.py:163} INFO - Started process (PID=309) to work on /opt/airflow/dags/download_historical_postgres_google_trends.py
[2023-04-30 01:50:11,348] {processor.py:625} INFO - Processing file /opt/airflow/dags/download_historical_postgres_google_trends.py for tasks to queue
[2023-04-30 01:50:11,349] {logging_mixin.py:109} INFO - [2023-04-30 01:50:11,349] {dagbag.py:500} INFO - Filling up the DagBag from /opt/airflow/dags/download_historical_postgres_google_trends.py
[2023-04-30 01:50:11,374] {processor.py:637} INFO - DAG(s) dict_keys(['download_historical_postgres']) retrieved from /opt/airflow/dags/download_historical_postgres_google_trends.py
[2023-04-30 01:50:11,383] {logging_mixin.py:109} INFO - [2023-04-30 01:50:11,383] {dag.py:2396} INFO - Sync 1 DAGs
[2023-04-30 01:50:11,395] {logging_mixin.py:109} INFO - [2023-04-30 01:50:11,395] {dag.py:2928} INFO - Setting next_dagrun for download_historical_postgres to None
[2023-04-30 01:50:11,402] {processor.py:171} INFO - Processing /opt/airflow/dags/download_historical_postgres_google_trends.py took 0.060 seconds
[2023-04-30 01:50:41,629] {processor.py:163} INFO - Started process (PID=312) to work on /opt/airflow/dags/download_historical_postgres_google_trends.py
[2023-04-30 01:50:41,632] {processor.py:625} INFO - Processing file /opt/airflow/dags/download_historical_postgres_google_trends.py for tasks to queue
[2023-04-30 01:50:41,634] {logging_mixin.py:109} INFO - [2023-04-30 01:50:41,634] {dagbag.py:500} INFO - Filling up the DagBag from /opt/airflow/dags/download_historical_postgres_google_trends.py
[2023-04-30 01:50:41,668] {processor.py:637} INFO - DAG(s) dict_keys(['download_historical_postgres']) retrieved from /opt/airflow/dags/download_historical_postgres_google_trends.py
[2023-04-30 01:50:41,680] {logging_mixin.py:109} INFO - [2023-04-30 01:50:41,680] {dag.py:2396} INFO - Sync 1 DAGs
[2023-04-30 01:50:41,699] {logging_mixin.py:109} INFO - [2023-04-30 01:50:41,699] {dag.py:2928} INFO - Setting next_dagrun for download_historical_postgres to None
[2023-04-30 01:50:41,709] {processor.py:171} INFO - Processing /opt/airflow/dags/download_historical_postgres_google_trends.py took 0.084 seconds
[2023-04-30 01:51:11,839] {processor.py:163} INFO - Started process (PID=315) to work on /opt/airflow/dags/download_historical_postgres_google_trends.py
[2023-04-30 01:51:11,840] {processor.py:625} INFO - Processing file /opt/airflow/dags/download_historical_postgres_google_trends.py for tasks to queue
[2023-04-30 01:51:11,842] {logging_mixin.py:109} INFO - [2023-04-30 01:51:11,842] {dagbag.py:500} INFO - Filling up the DagBag from /opt/airflow/dags/download_historical_postgres_google_trends.py
[2023-04-30 01:51:11,868] {processor.py:637} INFO - DAG(s) dict_keys(['download_historical_postgres']) retrieved from /opt/airflow/dags/download_historical_postgres_google_trends.py
[2023-04-30 01:51:11,878] {logging_mixin.py:109} INFO - [2023-04-30 01:51:11,878] {dag.py:2396} INFO - Sync 1 DAGs
[2023-04-30 01:51:11,892] {logging_mixin.py:109} INFO - [2023-04-30 01:51:11,892] {dag.py:2928} INFO - Setting next_dagrun for download_historical_postgres to None
[2023-04-30 01:51:11,901] {processor.py:171} INFO - Processing /opt/airflow/dags/download_historical_postgres_google_trends.py took 0.066 seconds
[2023-04-30 01:51:42,063] {processor.py:163} INFO - Started process (PID=318) to work on /opt/airflow/dags/download_historical_postgres_google_trends.py
[2023-04-30 01:51:42,084] {processor.py:625} INFO - Processing file /opt/airflow/dags/download_historical_postgres_google_trends.py for tasks to queue
[2023-04-30 01:51:42,086] {logging_mixin.py:109} INFO - [2023-04-30 01:51:42,086] {dagbag.py:500} INFO - Filling up the DagBag from /opt/airflow/dags/download_historical_postgres_google_trends.py
[2023-04-30 01:51:42,114] {processor.py:637} INFO - DAG(s) dict_keys(['download_historical_postgres']) retrieved from /opt/airflow/dags/download_historical_postgres_google_trends.py
[2023-04-30 01:51:42,125] {logging_mixin.py:109} INFO - [2023-04-30 01:51:42,125] {dag.py:2396} INFO - Sync 1 DAGs
[2023-04-30 01:51:42,140] {logging_mixin.py:109} INFO - [2023-04-30 01:51:42,140] {dag.py:2928} INFO - Setting next_dagrun for download_historical_postgres to None
[2023-04-30 01:51:42,151] {processor.py:171} INFO - Processing /opt/airflow/dags/download_historical_postgres_google_trends.py took 0.092 seconds
[2023-04-30 01:52:12,315] {processor.py:163} INFO - Started process (PID=321) to work on /opt/airflow/dags/download_historical_postgres_google_trends.py
[2023-04-30 01:52:12,322] {processor.py:625} INFO - Processing file /opt/airflow/dags/download_historical_postgres_google_trends.py for tasks to queue
[2023-04-30 01:52:12,325] {logging_mixin.py:109} INFO - [2023-04-30 01:52:12,324] {dagbag.py:500} INFO - Filling up the DagBag from /opt/airflow/dags/download_historical_postgres_google_trends.py
[2023-04-30 01:52:12,359] {processor.py:637} INFO - DAG(s) dict_keys(['download_historical_postgres']) retrieved from /opt/airflow/dags/download_historical_postgres_google_trends.py
[2023-04-30 01:52:12,372] {logging_mixin.py:109} INFO - [2023-04-30 01:52:12,372] {dag.py:2396} INFO - Sync 1 DAGs
[2023-04-30 01:52:12,390] {logging_mixin.py:109} INFO - [2023-04-30 01:52:12,390] {dag.py:2928} INFO - Setting next_dagrun for download_historical_postgres to None
[2023-04-30 01:52:12,402] {processor.py:171} INFO - Processing /opt/airflow/dags/download_historical_postgres_google_trends.py took 0.092 seconds
[2023-04-30 01:52:42,521] {processor.py:163} INFO - Started process (PID=324) to work on /opt/airflow/dags/download_historical_postgres_google_trends.py
[2023-04-30 01:52:42,523] {processor.py:625} INFO - Processing file /opt/airflow/dags/download_historical_postgres_google_trends.py for tasks to queue
[2023-04-30 01:52:42,524] {logging_mixin.py:109} INFO - [2023-04-30 01:52:42,524] {dagbag.py:500} INFO - Filling up the DagBag from /opt/airflow/dags/download_historical_postgres_google_trends.py
[2023-04-30 01:52:42,549] {processor.py:637} INFO - DAG(s) dict_keys(['download_historical_postgres']) retrieved from /opt/airflow/dags/download_historical_postgres_google_trends.py
[2023-04-30 01:52:42,558] {logging_mixin.py:109} INFO - [2023-04-30 01:52:42,558] {dag.py:2396} INFO - Sync 1 DAGs
[2023-04-30 01:52:42,570] {logging_mixin.py:109} INFO - [2023-04-30 01:52:42,570] {dag.py:2928} INFO - Setting next_dagrun for download_historical_postgres to None
[2023-04-30 01:52:42,578] {processor.py:171} INFO - Processing /opt/airflow/dags/download_historical_postgres_google_trends.py took 0.060 seconds
[2023-04-30 01:53:12,737] {processor.py:163} INFO - Started process (PID=327) to work on /opt/airflow/dags/download_historical_postgres_google_trends.py
[2023-04-30 01:53:12,740] {processor.py:625} INFO - Processing file /opt/airflow/dags/download_historical_postgres_google_trends.py for tasks to queue
[2023-04-30 01:53:12,741] {logging_mixin.py:109} INFO - [2023-04-30 01:53:12,741] {dagbag.py:500} INFO - Filling up the DagBag from /opt/airflow/dags/download_historical_postgres_google_trends.py
[2023-04-30 01:53:12,769] {processor.py:637} INFO - DAG(s) dict_keys(['download_historical_postgres']) retrieved from /opt/airflow/dags/download_historical_postgres_google_trends.py
[2023-04-30 01:53:12,779] {logging_mixin.py:109} INFO - [2023-04-30 01:53:12,779] {dag.py:2396} INFO - Sync 1 DAGs
[2023-04-30 01:53:12,794] {logging_mixin.py:109} INFO - [2023-04-30 01:53:12,794] {dag.py:2928} INFO - Setting next_dagrun for download_historical_postgres to None
[2023-04-30 01:53:12,804] {processor.py:171} INFO - Processing /opt/airflow/dags/download_historical_postgres_google_trends.py took 0.071 seconds
[2023-04-30 01:53:42,976] {processor.py:163} INFO - Started process (PID=330) to work on /opt/airflow/dags/download_historical_postgres_google_trends.py
[2023-04-30 01:53:42,979] {processor.py:625} INFO - Processing file /opt/airflow/dags/download_historical_postgres_google_trends.py for tasks to queue
[2023-04-30 01:53:42,981] {logging_mixin.py:109} INFO - [2023-04-30 01:53:42,980] {dagbag.py:500} INFO - Filling up the DagBag from /opt/airflow/dags/download_historical_postgres_google_trends.py
[2023-04-30 01:53:43,018] {processor.py:637} INFO - DAG(s) dict_keys(['download_historical_postgres']) retrieved from /opt/airflow/dags/download_historical_postgres_google_trends.py
[2023-04-30 01:53:43,033] {logging_mixin.py:109} INFO - [2023-04-30 01:53:43,033] {dag.py:2396} INFO - Sync 1 DAGs
[2023-04-30 01:53:43,054] {logging_mixin.py:109} INFO - [2023-04-30 01:53:43,053] {dag.py:2928} INFO - Setting next_dagrun for download_historical_postgres to None
[2023-04-30 01:53:43,067] {processor.py:171} INFO - Processing /opt/airflow/dags/download_historical_postgres_google_trends.py took 0.096 seconds
[2023-04-30 01:54:13,207] {processor.py:163} INFO - Started process (PID=333) to work on /opt/airflow/dags/download_historical_postgres_google_trends.py
[2023-04-30 01:54:13,209] {processor.py:625} INFO - Processing file /opt/airflow/dags/download_historical_postgres_google_trends.py for tasks to queue
[2023-04-30 01:54:13,210] {logging_mixin.py:109} INFO - [2023-04-30 01:54:13,210] {dagbag.py:500} INFO - Filling up the DagBag from /opt/airflow/dags/download_historical_postgres_google_trends.py
[2023-04-30 01:54:13,237] {processor.py:637} INFO - DAG(s) dict_keys(['download_historical_postgres']) retrieved from /opt/airflow/dags/download_historical_postgres_google_trends.py
[2023-04-30 01:54:13,248] {logging_mixin.py:109} INFO - [2023-04-30 01:54:13,248] {dag.py:2396} INFO - Sync 1 DAGs
[2023-04-30 01:54:13,262] {logging_mixin.py:109} INFO - [2023-04-30 01:54:13,262] {dag.py:2928} INFO - Setting next_dagrun for download_historical_postgres to None
[2023-04-30 01:54:13,270] {processor.py:171} INFO - Processing /opt/airflow/dags/download_historical_postgres_google_trends.py took 0.068 seconds
[2023-04-30 01:54:43,424] {processor.py:163} INFO - Started process (PID=336) to work on /opt/airflow/dags/download_historical_postgres_google_trends.py
[2023-04-30 01:54:43,426] {processor.py:625} INFO - Processing file /opt/airflow/dags/download_historical_postgres_google_trends.py for tasks to queue
[2023-04-30 01:54:43,428] {logging_mixin.py:109} INFO - [2023-04-30 01:54:43,428] {dagbag.py:500} INFO - Filling up the DagBag from /opt/airflow/dags/download_historical_postgres_google_trends.py
[2023-04-30 01:54:43,455] {processor.py:637} INFO - DAG(s) dict_keys(['download_historical_postgres']) retrieved from /opt/airflow/dags/download_historical_postgres_google_trends.py
[2023-04-30 01:54:43,466] {logging_mixin.py:109} INFO - [2023-04-30 01:54:43,466] {dag.py:2396} INFO - Sync 1 DAGs
[2023-04-30 01:54:43,480] {logging_mixin.py:109} INFO - [2023-04-30 01:54:43,480] {dag.py:2928} INFO - Setting next_dagrun for download_historical_postgres to None
[2023-04-30 01:54:43,488] {processor.py:171} INFO - Processing /opt/airflow/dags/download_historical_postgres_google_trends.py took 0.069 seconds
[2023-04-30 01:55:13,631] {processor.py:163} INFO - Started process (PID=339) to work on /opt/airflow/dags/download_historical_postgres_google_trends.py
[2023-04-30 01:55:13,633] {processor.py:625} INFO - Processing file /opt/airflow/dags/download_historical_postgres_google_trends.py for tasks to queue
[2023-04-30 01:55:13,634] {logging_mixin.py:109} INFO - [2023-04-30 01:55:13,634] {dagbag.py:500} INFO - Filling up the DagBag from /opt/airflow/dags/download_historical_postgres_google_trends.py
[2023-04-30 01:55:13,661] {processor.py:637} INFO - DAG(s) dict_keys(['download_historical_postgres']) retrieved from /opt/airflow/dags/download_historical_postgres_google_trends.py
[2023-04-30 01:55:13,671] {logging_mixin.py:109} INFO - [2023-04-30 01:55:13,670] {dag.py:2396} INFO - Sync 1 DAGs
[2023-04-30 01:55:13,684] {logging_mixin.py:109} INFO - [2023-04-30 01:55:13,684] {dag.py:2928} INFO - Setting next_dagrun for download_historical_postgres to None
[2023-04-30 01:55:13,691] {processor.py:171} INFO - Processing /opt/airflow/dags/download_historical_postgres_google_trends.py took 0.064 seconds
[2023-04-30 01:55:43,888] {processor.py:163} INFO - Started process (PID=342) to work on /opt/airflow/dags/download_historical_postgres_google_trends.py
[2023-04-30 01:55:43,890] {processor.py:625} INFO - Processing file /opt/airflow/dags/download_historical_postgres_google_trends.py for tasks to queue
[2023-04-30 01:55:43,891] {logging_mixin.py:109} INFO - [2023-04-30 01:55:43,891] {dagbag.py:500} INFO - Filling up the DagBag from /opt/airflow/dags/download_historical_postgres_google_trends.py
[2023-04-30 01:55:43,916] {processor.py:637} INFO - DAG(s) dict_keys(['download_historical_postgres']) retrieved from /opt/airflow/dags/download_historical_postgres_google_trends.py
[2023-04-30 01:55:43,925] {logging_mixin.py:109} INFO - [2023-04-30 01:55:43,925] {dag.py:2396} INFO - Sync 1 DAGs
[2023-04-30 01:55:43,938] {logging_mixin.py:109} INFO - [2023-04-30 01:55:43,938] {dag.py:2928} INFO - Setting next_dagrun for download_historical_postgres to None
[2023-04-30 01:55:43,946] {processor.py:171} INFO - Processing /opt/airflow/dags/download_historical_postgres_google_trends.py took 0.061 seconds
[2023-04-30 01:56:14,104] {processor.py:163} INFO - Started process (PID=345) to work on /opt/airflow/dags/download_historical_postgres_google_trends.py
[2023-04-30 01:56:14,105] {processor.py:625} INFO - Processing file /opt/airflow/dags/download_historical_postgres_google_trends.py for tasks to queue
[2023-04-30 01:56:14,107] {logging_mixin.py:109} INFO - [2023-04-30 01:56:14,107] {dagbag.py:500} INFO - Filling up the DagBag from /opt/airflow/dags/download_historical_postgres_google_trends.py
[2023-04-30 01:56:14,131] {processor.py:637} INFO - DAG(s) dict_keys(['download_historical_postgres']) retrieved from /opt/airflow/dags/download_historical_postgres_google_trends.py
[2023-04-30 01:56:14,140] {logging_mixin.py:109} INFO - [2023-04-30 01:56:14,140] {dag.py:2396} INFO - Sync 1 DAGs
[2023-04-30 01:56:14,153] {logging_mixin.py:109} INFO - [2023-04-30 01:56:14,153] {dag.py:2928} INFO - Setting next_dagrun for download_historical_postgres to None
[2023-04-30 01:56:14,161] {processor.py:171} INFO - Processing /opt/airflow/dags/download_historical_postgres_google_trends.py took 0.061 seconds
[2023-04-30 01:56:44,355] {processor.py:163} INFO - Started process (PID=348) to work on /opt/airflow/dags/download_historical_postgres_google_trends.py
[2023-04-30 01:56:44,358] {processor.py:625} INFO - Processing file /opt/airflow/dags/download_historical_postgres_google_trends.py for tasks to queue
[2023-04-30 01:56:44,359] {logging_mixin.py:109} INFO - [2023-04-30 01:56:44,359] {dagbag.py:500} INFO - Filling up the DagBag from /opt/airflow/dags/download_historical_postgres_google_trends.py
[2023-04-30 01:56:44,407] {processor.py:637} INFO - DAG(s) dict_keys(['download_historical_postgres']) retrieved from /opt/airflow/dags/download_historical_postgres_google_trends.py
[2023-04-30 01:56:44,421] {logging_mixin.py:109} INFO - [2023-04-30 01:56:44,421] {dag.py:2396} INFO - Sync 1 DAGs
[2023-04-30 01:56:44,444] {logging_mixin.py:109} INFO - [2023-04-30 01:56:44,444] {dag.py:2928} INFO - Setting next_dagrun for download_historical_postgres to None
[2023-04-30 01:56:44,457] {processor.py:171} INFO - Processing /opt/airflow/dags/download_historical_postgres_google_trends.py took 0.107 seconds
[2023-04-30 22:25:13,928] {processor.py:163} INFO - Started process (PID=49) to work on /opt/airflow/dags/download_historical_postgres_google_trends.py
[2023-04-30 22:25:13,930] {processor.py:625} INFO - Processing file /opt/airflow/dags/download_historical_postgres_google_trends.py for tasks to queue
[2023-04-30 22:25:13,931] {logging_mixin.py:109} INFO - [2023-04-30 22:25:13,931] {dagbag.py:500} INFO - Filling up the DagBag from /opt/airflow/dags/download_historical_postgres_google_trends.py
[2023-04-30 22:25:13,967] {processor.py:637} INFO - DAG(s) dict_keys(['download_historical_postgres']) retrieved from /opt/airflow/dags/download_historical_postgres_google_trends.py
[2023-04-30 22:25:14,132] {logging_mixin.py:109} INFO - [2023-04-30 22:25:14,132] {dag.py:2396} INFO - Sync 1 DAGs
[2023-04-30 22:25:14,143] {logging_mixin.py:109} INFO - [2023-04-30 22:25:14,143] {dag.py:2928} INFO - Setting next_dagrun for download_historical_postgres to None
[2023-04-30 22:25:14,155] {processor.py:171} INFO - Processing /opt/airflow/dags/download_historical_postgres_google_trends.py took 0.231 seconds
[2023-04-30 22:25:44,241] {processor.py:163} INFO - Started process (PID=52) to work on /opt/airflow/dags/download_historical_postgres_google_trends.py
[2023-04-30 22:25:44,244] {processor.py:625} INFO - Processing file /opt/airflow/dags/download_historical_postgres_google_trends.py for tasks to queue
[2023-04-30 22:25:44,246] {logging_mixin.py:109} INFO - [2023-04-30 22:25:44,246] {dagbag.py:500} INFO - Filling up the DagBag from /opt/airflow/dags/download_historical_postgres_google_trends.py
[2023-04-30 22:25:44,285] {processor.py:637} INFO - DAG(s) dict_keys(['download_historical_postgres']) retrieved from /opt/airflow/dags/download_historical_postgres_google_trends.py
[2023-04-30 22:25:44,301] {logging_mixin.py:109} INFO - [2023-04-30 22:25:44,301] {dag.py:2396} INFO - Sync 1 DAGs
[2023-04-30 22:25:44,326] {logging_mixin.py:109} INFO - [2023-04-30 22:25:44,326] {dag.py:2928} INFO - Setting next_dagrun for download_historical_postgres to None
[2023-04-30 22:25:44,338] {processor.py:171} INFO - Processing /opt/airflow/dags/download_historical_postgres_google_trends.py took 0.105 seconds
[2023-04-30 22:26:14,477] {processor.py:163} INFO - Started process (PID=55) to work on /opt/airflow/dags/download_historical_postgres_google_trends.py
[2023-04-30 22:26:14,479] {processor.py:625} INFO - Processing file /opt/airflow/dags/download_historical_postgres_google_trends.py for tasks to queue
[2023-04-30 22:26:14,480] {logging_mixin.py:109} INFO - [2023-04-30 22:26:14,480] {dagbag.py:500} INFO - Filling up the DagBag from /opt/airflow/dags/download_historical_postgres_google_trends.py
[2023-04-30 22:26:14,511] {processor.py:637} INFO - DAG(s) dict_keys(['download_historical_postgres']) retrieved from /opt/airflow/dags/download_historical_postgres_google_trends.py
[2023-04-30 22:26:14,520] {logging_mixin.py:109} INFO - [2023-04-30 22:26:14,520] {dag.py:2396} INFO - Sync 1 DAGs
[2023-04-30 22:26:14,539] {logging_mixin.py:109} INFO - [2023-04-30 22:26:14,539] {dag.py:2928} INFO - Setting next_dagrun for download_historical_postgres to None
[2023-04-30 22:26:14,555] {processor.py:171} INFO - Processing /opt/airflow/dags/download_historical_postgres_google_trends.py took 0.083 seconds
[2023-04-30 22:26:15,598] {processor.py:163} INFO - Started process (PID=58) to work on /opt/airflow/dags/download_historical_postgres_google_trends.py
[2023-04-30 22:26:15,601] {processor.py:625} INFO - Processing file /opt/airflow/dags/download_historical_postgres_google_trends.py for tasks to queue
[2023-04-30 22:26:15,602] {logging_mixin.py:109} INFO - [2023-04-30 22:26:15,602] {dagbag.py:500} INFO - Filling up the DagBag from /opt/airflow/dags/download_historical_postgres_google_trends.py
[2023-04-30 22:26:15,645] {processor.py:637} INFO - DAG(s) dict_keys(['download_historical_postgres']) retrieved from /opt/airflow/dags/download_historical_postgres_google_trends.py
[2023-04-30 22:26:15,799] {logging_mixin.py:109} INFO - [2023-04-30 22:26:15,799] {dag.py:2396} INFO - Sync 1 DAGs
[2023-04-30 22:26:15,935] {logging_mixin.py:109} INFO - [2023-04-30 22:26:15,935] {dag.py:2928} INFO - Setting next_dagrun for download_historical_postgres to 2023-04-30T22:24:00+00:00
[2023-04-30 22:26:15,951] {processor.py:171} INFO - Processing /opt/airflow/dags/download_historical_postgres_google_trends.py took 0.357 seconds
[2023-04-30 22:26:46,912] {processor.py:163} INFO - Started process (PID=61) to work on /opt/airflow/dags/download_historical_postgres_google_trends.py
[2023-04-30 22:26:46,914] {processor.py:625} INFO - Processing file /opt/airflow/dags/download_historical_postgres_google_trends.py for tasks to queue
[2023-04-30 22:26:46,916] {logging_mixin.py:109} INFO - [2023-04-30 22:26:46,916] {dagbag.py:500} INFO - Filling up the DagBag from /opt/airflow/dags/download_historical_postgres_google_trends.py
[2023-04-30 22:26:46,955] {processor.py:637} INFO - DAG(s) dict_keys(['download_historical_postgres']) retrieved from /opt/airflow/dags/download_historical_postgres_google_trends.py
[2023-04-30 22:26:46,970] {logging_mixin.py:109} INFO - [2023-04-30 22:26:46,970] {dag.py:2396} INFO - Sync 1 DAGs
[2023-04-30 22:26:46,986] {logging_mixin.py:109} INFO - [2023-04-30 22:26:46,986] {dag.py:2928} INFO - Setting next_dagrun for download_historical_postgres to 2023-04-30T22:24:00+00:00
[2023-04-30 22:26:46,996] {processor.py:171} INFO - Processing /opt/airflow/dags/download_historical_postgres_google_trends.py took 0.088 seconds
[2023-04-30 22:27:17,158] {processor.py:163} INFO - Started process (PID=64) to work on /opt/airflow/dags/download_historical_postgres_google_trends.py
[2023-04-30 22:27:17,160] {processor.py:625} INFO - Processing file /opt/airflow/dags/download_historical_postgres_google_trends.py for tasks to queue
[2023-04-30 22:27:17,162] {logging_mixin.py:109} INFO - [2023-04-30 22:27:17,162] {dagbag.py:500} INFO - Filling up the DagBag from /opt/airflow/dags/download_historical_postgres_google_trends.py
[2023-04-30 22:27:17,197] {processor.py:637} INFO - DAG(s) dict_keys(['download_historical_postgres']) retrieved from /opt/airflow/dags/download_historical_postgres_google_trends.py
[2023-04-30 22:27:17,209] {logging_mixin.py:109} INFO - [2023-04-30 22:27:17,209] {dag.py:2396} INFO - Sync 1 DAGs
[2023-04-30 22:27:17,227] {logging_mixin.py:109} INFO - [2023-04-30 22:27:17,227] {dag.py:2928} INFO - Setting next_dagrun for download_historical_postgres to 2023-04-30T22:24:00+00:00
[2023-04-30 22:27:17,236] {processor.py:171} INFO - Processing /opt/airflow/dags/download_historical_postgres_google_trends.py took 0.081 seconds
[2023-04-30 22:27:46,428] {processor.py:163} INFO - Started process (PID=67) to work on /opt/airflow/dags/download_historical_postgres_google_trends.py
[2023-04-30 22:27:46,430] {processor.py:625} INFO - Processing file /opt/airflow/dags/download_historical_postgres_google_trends.py for tasks to queue
[2023-04-30 22:27:46,432] {logging_mixin.py:109} INFO - [2023-04-30 22:27:46,432] {dagbag.py:500} INFO - Filling up the DagBag from /opt/airflow/dags/download_historical_postgres_google_trends.py
[2023-04-30 22:27:46,480] {processor.py:637} INFO - DAG(s) dict_keys(['download_historical_postgres']) retrieved from /opt/airflow/dags/download_historical_postgres_google_trends.py
[2023-04-30 22:27:46,642] {logging_mixin.py:109} INFO - [2023-04-30 22:27:46,642] {dag.py:2396} INFO - Sync 1 DAGs
[2023-04-30 22:27:46,779] {logging_mixin.py:109} INFO - [2023-04-30 22:27:46,779] {dag.py:2928} INFO - Setting next_dagrun for download_historical_postgres to 2023-04-30T22:24:00+00:00
[2023-04-30 22:27:46,792] {processor.py:171} INFO - Processing /opt/airflow/dags/download_historical_postgres_google_trends.py took 0.367 seconds
[2023-04-30 22:28:17,651] {processor.py:163} INFO - Started process (PID=70) to work on /opt/airflow/dags/download_historical_postgres_google_trends.py
[2023-04-30 22:28:17,653] {processor.py:625} INFO - Processing file /opt/airflow/dags/download_historical_postgres_google_trends.py for tasks to queue
[2023-04-30 22:28:17,654] {logging_mixin.py:109} INFO - [2023-04-30 22:28:17,654] {dagbag.py:500} INFO - Filling up the DagBag from /opt/airflow/dags/download_historical_postgres_google_trends.py
[2023-04-30 22:28:17,695] {processor.py:637} INFO - DAG(s) dict_keys(['download_historical_postgres']) retrieved from /opt/airflow/dags/download_historical_postgres_google_trends.py
[2023-04-30 22:28:17,705] {logging_mixin.py:109} INFO - [2023-04-30 22:28:17,704] {dag.py:2396} INFO - Sync 1 DAGs
[2023-04-30 22:28:17,720] {logging_mixin.py:109} INFO - [2023-04-30 22:28:17,720] {dag.py:2928} INFO - Setting next_dagrun for download_historical_postgres to 2023-04-30T22:26:00+00:00
[2023-04-30 22:28:17,729] {processor.py:171} INFO - Processing /opt/airflow/dags/download_historical_postgres_google_trends.py took 0.083 seconds
[2023-04-30 22:28:47,873] {processor.py:163} INFO - Started process (PID=73) to work on /opt/airflow/dags/download_historical_postgres_google_trends.py
[2023-04-30 22:28:47,875] {processor.py:625} INFO - Processing file /opt/airflow/dags/download_historical_postgres_google_trends.py for tasks to queue
[2023-04-30 22:28:47,877] {logging_mixin.py:109} INFO - [2023-04-30 22:28:47,877] {dagbag.py:500} INFO - Filling up the DagBag from /opt/airflow/dags/download_historical_postgres_google_trends.py
[2023-04-30 22:28:47,913] {processor.py:637} INFO - DAG(s) dict_keys(['download_historical_postgres']) retrieved from /opt/airflow/dags/download_historical_postgres_google_trends.py
[2023-04-30 22:28:47,921] {logging_mixin.py:109} INFO - [2023-04-30 22:28:47,921] {dag.py:2396} INFO - Sync 1 DAGs
[2023-04-30 22:28:47,937] {logging_mixin.py:109} INFO - [2023-04-30 22:28:47,937] {dag.py:2928} INFO - Setting next_dagrun for download_historical_postgres to 2023-04-30T22:26:00+00:00
[2023-04-30 22:28:47,944] {processor.py:171} INFO - Processing /opt/airflow/dags/download_historical_postgres_google_trends.py took 0.076 seconds
[2023-04-30 22:29:13,975] {processor.py:163} INFO - Started process (PID=74) to work on /opt/airflow/dags/download_historical_postgres_google_trends.py
[2023-04-30 22:29:13,978] {processor.py:625} INFO - Processing file /opt/airflow/dags/download_historical_postgres_google_trends.py for tasks to queue
[2023-04-30 22:29:13,981] {logging_mixin.py:109} INFO - [2023-04-30 22:29:13,980] {dagbag.py:500} INFO - Filling up the DagBag from /opt/airflow/dags/download_historical_postgres_google_trends.py
[2023-04-30 22:29:14,043] {processor.py:637} INFO - DAG(s) dict_keys(['download_historical_postgres']) retrieved from /opt/airflow/dags/download_historical_postgres_google_trends.py
[2023-04-30 22:29:14,317] {logging_mixin.py:109} INFO - [2023-04-30 22:29:14,317] {dag.py:2396} INFO - Sync 1 DAGs
[2023-04-30 22:29:14,336] {logging_mixin.py:109} INFO - [2023-04-30 22:29:14,336] {dag.py:2928} INFO - Setting next_dagrun for download_historical_postgres to 2023-04-30T22:26:00+00:00
[2023-04-30 22:29:14,350] {processor.py:171} INFO - Processing /opt/airflow/dags/download_historical_postgres_google_trends.py took 0.380 seconds
[2023-04-30 22:29:45,239] {processor.py:163} INFO - Started process (PID=77) to work on /opt/airflow/dags/download_historical_postgres_google_trends.py
[2023-04-30 22:29:45,241] {processor.py:625} INFO - Processing file /opt/airflow/dags/download_historical_postgres_google_trends.py for tasks to queue
[2023-04-30 22:29:45,243] {logging_mixin.py:109} INFO - [2023-04-30 22:29:45,243] {dagbag.py:500} INFO - Filling up the DagBag from /opt/airflow/dags/download_historical_postgres_google_trends.py
[2023-04-30 22:29:45,278] {processor.py:637} INFO - DAG(s) dict_keys(['download_historical_postgres']) retrieved from /opt/airflow/dags/download_historical_postgres_google_trends.py
[2023-04-30 22:29:45,289] {logging_mixin.py:109} INFO - [2023-04-30 22:29:45,289] {dag.py:2396} INFO - Sync 1 DAGs
[2023-04-30 22:29:45,308] {logging_mixin.py:109} INFO - [2023-04-30 22:29:45,308] {dag.py:2928} INFO - Setting next_dagrun for download_historical_postgres to 2023-04-30T22:26:00+00:00
[2023-04-30 22:29:45,318] {processor.py:171} INFO - Processing /opt/airflow/dags/download_historical_postgres_google_trends.py took 0.082 seconds
[2023-04-30 22:30:15,504] {processor.py:163} INFO - Started process (PID=86) to work on /opt/airflow/dags/download_historical_postgres_google_trends.py
[2023-04-30 22:30:15,508] {processor.py:625} INFO - Processing file /opt/airflow/dags/download_historical_postgres_google_trends.py for tasks to queue
[2023-04-30 22:30:15,510] {logging_mixin.py:109} INFO - [2023-04-30 22:30:15,510] {dagbag.py:500} INFO - Filling up the DagBag from /opt/airflow/dags/download_historical_postgres_google_trends.py
[2023-04-30 22:30:15,557] {processor.py:637} INFO - DAG(s) dict_keys(['download_historical_postgres']) retrieved from /opt/airflow/dags/download_historical_postgres_google_trends.py
[2023-04-30 22:30:15,572] {logging_mixin.py:109} INFO - [2023-04-30 22:30:15,572] {dag.py:2396} INFO - Sync 1 DAGs
[2023-04-30 22:30:15,603] {processor.py:171} INFO - Processing /opt/airflow/dags/download_historical_postgres_google_trends.py took 0.107 seconds
[2023-04-30 22:30:45,776] {processor.py:163} INFO - Started process (PID=97) to work on /opt/airflow/dags/download_historical_postgres_google_trends.py
[2023-04-30 22:30:45,778] {processor.py:625} INFO - Processing file /opt/airflow/dags/download_historical_postgres_google_trends.py for tasks to queue
[2023-04-30 22:30:45,780] {logging_mixin.py:109} INFO - [2023-04-30 22:30:45,780] {dagbag.py:500} INFO - Filling up the DagBag from /opt/airflow/dags/download_historical_postgres_google_trends.py
[2023-04-30 22:30:45,812] {processor.py:637} INFO - DAG(s) dict_keys(['download_historical_postgres']) retrieved from /opt/airflow/dags/download_historical_postgres_google_trends.py
[2023-04-30 22:30:45,822] {logging_mixin.py:109} INFO - [2023-04-30 22:30:45,822] {dag.py:2396} INFO - Sync 1 DAGs
[2023-04-30 22:30:45,838] {logging_mixin.py:109} INFO - [2023-04-30 22:30:45,838] {dag.py:2928} INFO - Setting next_dagrun for download_historical_postgres to 2023-04-30T22:28:00+00:00
[2023-04-30 22:30:45,847] {processor.py:171} INFO - Processing /opt/airflow/dags/download_historical_postgres_google_trends.py took 0.075 seconds
[2023-04-30 22:31:15,991] {processor.py:163} INFO - Started process (PID=114) to work on /opt/airflow/dags/download_historical_postgres_google_trends.py
[2023-04-30 22:31:15,993] {processor.py:625} INFO - Processing file /opt/airflow/dags/download_historical_postgres_google_trends.py for tasks to queue
[2023-04-30 22:31:15,995] {logging_mixin.py:109} INFO - [2023-04-30 22:31:15,994] {dagbag.py:500} INFO - Filling up the DagBag from /opt/airflow/dags/download_historical_postgres_google_trends.py
[2023-04-30 22:31:16,031] {processor.py:637} INFO - DAG(s) dict_keys(['download_historical_postgres']) retrieved from /opt/airflow/dags/download_historical_postgres_google_trends.py
[2023-04-30 22:31:16,040] {logging_mixin.py:109} INFO - [2023-04-30 22:31:16,040] {dag.py:2396} INFO - Sync 1 DAGs
[2023-04-30 22:31:16,056] {logging_mixin.py:109} INFO - [2023-04-30 22:31:16,056] {dag.py:2928} INFO - Setting next_dagrun for download_historical_postgres to 2023-04-30T22:30:00+00:00
[2023-04-30 22:31:16,064] {processor.py:171} INFO - Processing /opt/airflow/dags/download_historical_postgres_google_trends.py took 0.077 seconds
[2023-04-30 22:31:46,219] {processor.py:163} INFO - Started process (PID=117) to work on /opt/airflow/dags/download_historical_postgres_google_trends.py
[2023-04-30 22:31:46,221] {processor.py:625} INFO - Processing file /opt/airflow/dags/download_historical_postgres_google_trends.py for tasks to queue
[2023-04-30 22:31:46,223] {logging_mixin.py:109} INFO - [2023-04-30 22:31:46,222] {dagbag.py:500} INFO - Filling up the DagBag from /opt/airflow/dags/download_historical_postgres_google_trends.py
[2023-04-30 22:31:46,255] {processor.py:637} INFO - DAG(s) dict_keys(['download_historical_postgres']) retrieved from /opt/airflow/dags/download_historical_postgres_google_trends.py
[2023-04-30 22:31:46,265] {logging_mixin.py:109} INFO - [2023-04-30 22:31:46,265] {dag.py:2396} INFO - Sync 1 DAGs
[2023-04-30 22:31:46,282] {logging_mixin.py:109} INFO - [2023-04-30 22:31:46,282] {dag.py:2928} INFO - Setting next_dagrun for download_historical_postgres to 2023-04-30T22:30:00+00:00
[2023-04-30 22:31:46,291] {processor.py:171} INFO - Processing /opt/airflow/dags/download_historical_postgres_google_trends.py took 0.075 seconds
[2023-04-30 22:32:16,447] {processor.py:163} INFO - Started process (PID=134) to work on /opt/airflow/dags/download_historical_postgres_google_trends.py
[2023-04-30 22:32:16,449] {processor.py:625} INFO - Processing file /opt/airflow/dags/download_historical_postgres_google_trends.py for tasks to queue
[2023-04-30 22:32:16,451] {logging_mixin.py:109} INFO - [2023-04-30 22:32:16,450] {dagbag.py:500} INFO - Filling up the DagBag from /opt/airflow/dags/download_historical_postgres_google_trends.py
[2023-04-30 22:32:16,483] {processor.py:637} INFO - DAG(s) dict_keys(['download_historical_postgres']) retrieved from /opt/airflow/dags/download_historical_postgres_google_trends.py
[2023-04-30 22:32:16,492] {logging_mixin.py:109} INFO - [2023-04-30 22:32:16,492] {dag.py:2396} INFO - Sync 1 DAGs
[2023-04-30 22:32:16,510] {logging_mixin.py:109} INFO - [2023-04-30 22:32:16,510] {dag.py:2928} INFO - Setting next_dagrun for download_historical_postgres to 2023-04-30T22:32:00+00:00
[2023-04-30 22:32:16,519] {processor.py:171} INFO - Processing /opt/airflow/dags/download_historical_postgres_google_trends.py took 0.077 seconds
[2023-04-30 22:32:46,679] {processor.py:163} INFO - Started process (PID=137) to work on /opt/airflow/dags/download_historical_postgres_google_trends.py
[2023-04-30 22:32:46,680] {processor.py:625} INFO - Processing file /opt/airflow/dags/download_historical_postgres_google_trends.py for tasks to queue
[2023-04-30 22:32:46,682] {logging_mixin.py:109} INFO - [2023-04-30 22:32:46,682] {dagbag.py:500} INFO - Filling up the DagBag from /opt/airflow/dags/download_historical_postgres_google_trends.py
[2023-04-30 22:32:46,711] {processor.py:637} INFO - DAG(s) dict_keys(['download_historical_postgres']) retrieved from /opt/airflow/dags/download_historical_postgres_google_trends.py
[2023-04-30 22:32:46,721] {logging_mixin.py:109} INFO - [2023-04-30 22:32:46,720] {dag.py:2396} INFO - Sync 1 DAGs
[2023-04-30 22:32:46,737] {logging_mixin.py:109} INFO - [2023-04-30 22:32:46,737] {dag.py:2928} INFO - Setting next_dagrun for download_historical_postgres to 2023-04-30T22:32:00+00:00
[2023-04-30 22:32:46,745] {processor.py:171} INFO - Processing /opt/airflow/dags/download_historical_postgres_google_trends.py took 0.070 seconds
[2023-04-30 22:33:16,919] {processor.py:163} INFO - Started process (PID=140) to work on /opt/airflow/dags/download_historical_postgres_google_trends.py
[2023-04-30 22:33:16,921] {processor.py:625} INFO - Processing file /opt/airflow/dags/download_historical_postgres_google_trends.py for tasks to queue
[2023-04-30 22:33:16,922] {logging_mixin.py:109} INFO - [2023-04-30 22:33:16,922] {dagbag.py:500} INFO - Filling up the DagBag from /opt/airflow/dags/download_historical_postgres_google_trends.py
[2023-04-30 22:33:16,957] {processor.py:637} INFO - DAG(s) dict_keys(['download_historical_postgres']) retrieved from /opt/airflow/dags/download_historical_postgres_google_trends.py
[2023-04-30 22:33:16,966] {logging_mixin.py:109} INFO - [2023-04-30 22:33:16,966] {dag.py:2396} INFO - Sync 1 DAGs
[2023-04-30 22:33:16,981] {logging_mixin.py:109} INFO - [2023-04-30 22:33:16,981] {dag.py:2928} INFO - Setting next_dagrun for download_historical_postgres to 2023-04-30T22:32:00+00:00
[2023-04-30 22:33:16,989] {processor.py:171} INFO - Processing /opt/airflow/dags/download_historical_postgres_google_trends.py took 0.074 seconds
[2023-04-30 22:33:47,140] {processor.py:163} INFO - Started process (PID=143) to work on /opt/airflow/dags/download_historical_postgres_google_trends.py
[2023-04-30 22:33:47,142] {processor.py:625} INFO - Processing file /opt/airflow/dags/download_historical_postgres_google_trends.py for tasks to queue
[2023-04-30 22:33:47,144] {logging_mixin.py:109} INFO - [2023-04-30 22:33:47,144] {dagbag.py:500} INFO - Filling up the DagBag from /opt/airflow/dags/download_historical_postgres_google_trends.py
[2023-04-30 22:33:47,179] {processor.py:637} INFO - DAG(s) dict_keys(['download_historical_postgres']) retrieved from /opt/airflow/dags/download_historical_postgres_google_trends.py
[2023-04-30 22:33:47,188] {logging_mixin.py:109} INFO - [2023-04-30 22:33:47,188] {dag.py:2396} INFO - Sync 1 DAGs
[2023-04-30 22:33:47,204] {logging_mixin.py:109} INFO - [2023-04-30 22:33:47,204] {dag.py:2928} INFO - Setting next_dagrun for download_historical_postgres to 2023-04-30T22:32:00+00:00
[2023-04-30 22:33:47,212] {processor.py:171} INFO - Processing /opt/airflow/dags/download_historical_postgres_google_trends.py took 0.076 seconds
[2023-04-30 22:34:17,364] {processor.py:163} INFO - Started process (PID=160) to work on /opt/airflow/dags/download_historical_postgres_google_trends.py
[2023-04-30 22:34:17,366] {processor.py:625} INFO - Processing file /opt/airflow/dags/download_historical_postgres_google_trends.py for tasks to queue
[2023-04-30 22:34:17,368] {logging_mixin.py:109} INFO - [2023-04-30 22:34:17,368] {dagbag.py:500} INFO - Filling up the DagBag from /opt/airflow/dags/download_historical_postgres_google_trends.py
[2023-04-30 22:34:17,402] {processor.py:637} INFO - DAG(s) dict_keys(['download_historical_postgres']) retrieved from /opt/airflow/dags/download_historical_postgres_google_trends.py
[2023-04-30 22:34:17,411] {logging_mixin.py:109} INFO - [2023-04-30 22:34:17,411] {dag.py:2396} INFO - Sync 1 DAGs
[2023-04-30 22:34:17,427] {logging_mixin.py:109} INFO - [2023-04-30 22:34:17,427] {dag.py:2928} INFO - Setting next_dagrun for download_historical_postgres to 2023-04-30T22:34:00+00:00
[2023-04-30 22:34:17,436] {processor.py:171} INFO - Processing /opt/airflow/dags/download_historical_postgres_google_trends.py took 0.076 seconds
[2023-04-30 22:34:47,572] {processor.py:163} INFO - Started process (PID=163) to work on /opt/airflow/dags/download_historical_postgres_google_trends.py
[2023-04-30 22:34:47,574] {processor.py:625} INFO - Processing file /opt/airflow/dags/download_historical_postgres_google_trends.py for tasks to queue
[2023-04-30 22:34:47,576] {logging_mixin.py:109} INFO - [2023-04-30 22:34:47,576] {dagbag.py:500} INFO - Filling up the DagBag from /opt/airflow/dags/download_historical_postgres_google_trends.py
[2023-04-30 22:34:47,609] {processor.py:637} INFO - DAG(s) dict_keys(['download_historical_postgres']) retrieved from /opt/airflow/dags/download_historical_postgres_google_trends.py
[2023-04-30 22:34:47,619] {logging_mixin.py:109} INFO - [2023-04-30 22:34:47,618] {dag.py:2396} INFO - Sync 1 DAGs
[2023-04-30 22:34:47,634] {logging_mixin.py:109} INFO - [2023-04-30 22:34:47,634] {dag.py:2928} INFO - Setting next_dagrun for download_historical_postgres to 2023-04-30T22:34:00+00:00
[2023-04-30 22:34:47,643] {processor.py:171} INFO - Processing /opt/airflow/dags/download_historical_postgres_google_trends.py took 0.074 seconds
[2023-04-30 22:35:17,832] {processor.py:163} INFO - Started process (PID=166) to work on /opt/airflow/dags/download_historical_postgres_google_trends.py
[2023-04-30 22:35:17,834] {processor.py:625} INFO - Processing file /opt/airflow/dags/download_historical_postgres_google_trends.py for tasks to queue
[2023-04-30 22:35:17,835] {logging_mixin.py:109} INFO - [2023-04-30 22:35:17,835] {dagbag.py:500} INFO - Filling up the DagBag from /opt/airflow/dags/download_historical_postgres_google_trends.py
[2023-04-30 22:35:17,870] {processor.py:637} INFO - DAG(s) dict_keys(['download_historical_postgres']) retrieved from /opt/airflow/dags/download_historical_postgres_google_trends.py
[2023-04-30 22:35:17,878] {logging_mixin.py:109} INFO - [2023-04-30 22:35:17,878] {dag.py:2396} INFO - Sync 1 DAGs
[2023-04-30 22:35:17,894] {logging_mixin.py:109} INFO - [2023-04-30 22:35:17,894] {dag.py:2928} INFO - Setting next_dagrun for download_historical_postgres to 2023-04-30T22:34:00+00:00
[2023-04-30 22:35:17,902] {processor.py:171} INFO - Processing /opt/airflow/dags/download_historical_postgres_google_trends.py took 0.074 seconds
[2023-04-30 22:35:48,063] {processor.py:163} INFO - Started process (PID=169) to work on /opt/airflow/dags/download_historical_postgres_google_trends.py
[2023-04-30 22:35:48,065] {processor.py:625} INFO - Processing file /opt/airflow/dags/download_historical_postgres_google_trends.py for tasks to queue
[2023-04-30 22:35:48,066] {logging_mixin.py:109} INFO - [2023-04-30 22:35:48,066] {dagbag.py:500} INFO - Filling up the DagBag from /opt/airflow/dags/download_historical_postgres_google_trends.py
[2023-04-30 22:35:48,100] {processor.py:637} INFO - DAG(s) dict_keys(['download_historical_postgres']) retrieved from /opt/airflow/dags/download_historical_postgres_google_trends.py
[2023-04-30 22:35:48,109] {logging_mixin.py:109} INFO - [2023-04-30 22:35:48,109] {dag.py:2396} INFO - Sync 1 DAGs
[2023-04-30 22:35:48,125] {logging_mixin.py:109} INFO - [2023-04-30 22:35:48,125] {dag.py:2928} INFO - Setting next_dagrun for download_historical_postgres to 2023-04-30T22:34:00+00:00
[2023-04-30 22:35:48,133] {processor.py:171} INFO - Processing /opt/airflow/dags/download_historical_postgres_google_trends.py took 0.074 seconds
[2023-04-30 22:36:18,293] {processor.py:163} INFO - Started process (PID=186) to work on /opt/airflow/dags/download_historical_postgres_google_trends.py
[2023-04-30 22:36:18,295] {processor.py:625} INFO - Processing file /opt/airflow/dags/download_historical_postgres_google_trends.py for tasks to queue
[2023-04-30 22:36:18,297] {logging_mixin.py:109} INFO - [2023-04-30 22:36:18,297] {dagbag.py:500} INFO - Filling up the DagBag from /opt/airflow/dags/download_historical_postgres_google_trends.py
[2023-04-30 22:36:18,329] {processor.py:637} INFO - DAG(s) dict_keys(['download_historical_postgres']) retrieved from /opt/airflow/dags/download_historical_postgres_google_trends.py
[2023-04-30 22:36:18,339] {logging_mixin.py:109} INFO - [2023-04-30 22:36:18,338] {dag.py:2396} INFO - Sync 1 DAGs
[2023-04-30 22:36:18,354] {logging_mixin.py:109} INFO - [2023-04-30 22:36:18,354] {dag.py:2928} INFO - Setting next_dagrun for download_historical_postgres to 2023-04-30T22:36:00+00:00
[2023-04-30 22:36:18,362] {processor.py:171} INFO - Processing /opt/airflow/dags/download_historical_postgres_google_trends.py took 0.072 seconds
[2023-04-30 22:36:48,549] {processor.py:163} INFO - Started process (PID=189) to work on /opt/airflow/dags/download_historical_postgres_google_trends.py
[2023-04-30 22:36:48,551] {processor.py:625} INFO - Processing file /opt/airflow/dags/download_historical_postgres_google_trends.py for tasks to queue
[2023-04-30 22:36:48,552] {logging_mixin.py:109} INFO - [2023-04-30 22:36:48,552] {dagbag.py:500} INFO - Filling up the DagBag from /opt/airflow/dags/download_historical_postgres_google_trends.py
[2023-04-30 22:36:48,584] {processor.py:637} INFO - DAG(s) dict_keys(['download_historical_postgres']) retrieved from /opt/airflow/dags/download_historical_postgres_google_trends.py
[2023-04-30 22:36:48,593] {logging_mixin.py:109} INFO - [2023-04-30 22:36:48,593] {dag.py:2396} INFO - Sync 1 DAGs
[2023-04-30 22:36:48,609] {logging_mixin.py:109} INFO - [2023-04-30 22:36:48,609] {dag.py:2928} INFO - Setting next_dagrun for download_historical_postgres to 2023-04-30T22:36:00+00:00
[2023-04-30 22:36:48,617] {processor.py:171} INFO - Processing /opt/airflow/dags/download_historical_postgres_google_trends.py took 0.072 seconds
[2023-04-30 22:37:18,758] {processor.py:163} INFO - Started process (PID=192) to work on /opt/airflow/dags/download_historical_postgres_google_trends.py
[2023-04-30 22:37:18,760] {processor.py:625} INFO - Processing file /opt/airflow/dags/download_historical_postgres_google_trends.py for tasks to queue
[2023-04-30 22:37:18,762] {logging_mixin.py:109} INFO - [2023-04-30 22:37:18,761] {dagbag.py:500} INFO - Filling up the DagBag from /opt/airflow/dags/download_historical_postgres_google_trends.py
[2023-04-30 22:37:18,796] {processor.py:637} INFO - DAG(s) dict_keys(['download_historical_postgres']) retrieved from /opt/airflow/dags/download_historical_postgres_google_trends.py
[2023-04-30 22:37:18,806] {logging_mixin.py:109} INFO - [2023-04-30 22:37:18,806] {dag.py:2396} INFO - Sync 1 DAGs
[2023-04-30 22:37:18,823] {logging_mixin.py:109} INFO - [2023-04-30 22:37:18,823] {dag.py:2928} INFO - Setting next_dagrun for download_historical_postgres to 2023-04-30T22:36:00+00:00
[2023-04-30 22:37:18,831] {processor.py:171} INFO - Processing /opt/airflow/dags/download_historical_postgres_google_trends.py took 0.077 seconds
[2023-04-30 22:37:48,989] {processor.py:163} INFO - Started process (PID=195) to work on /opt/airflow/dags/download_historical_postgres_google_trends.py
[2023-04-30 22:37:48,991] {processor.py:625} INFO - Processing file /opt/airflow/dags/download_historical_postgres_google_trends.py for tasks to queue
[2023-04-30 22:37:48,992] {logging_mixin.py:109} INFO - [2023-04-30 22:37:48,992] {dagbag.py:500} INFO - Filling up the DagBag from /opt/airflow/dags/download_historical_postgres_google_trends.py
[2023-04-30 22:37:49,026] {processor.py:637} INFO - DAG(s) dict_keys(['download_historical_postgres']) retrieved from /opt/airflow/dags/download_historical_postgres_google_trends.py
[2023-04-30 22:37:49,036] {logging_mixin.py:109} INFO - [2023-04-30 22:37:49,036] {dag.py:2396} INFO - Sync 1 DAGs
[2023-04-30 22:37:49,051] {logging_mixin.py:109} INFO - [2023-04-30 22:37:49,051] {dag.py:2928} INFO - Setting next_dagrun for download_historical_postgres to 2023-04-30T22:36:00+00:00
[2023-04-30 22:37:49,059] {processor.py:171} INFO - Processing /opt/airflow/dags/download_historical_postgres_google_trends.py took 0.074 seconds
[2023-04-30 22:38:19,218] {processor.py:163} INFO - Started process (PID=198) to work on /opt/airflow/dags/download_historical_postgres_google_trends.py
[2023-04-30 22:38:19,220] {processor.py:625} INFO - Processing file /opt/airflow/dags/download_historical_postgres_google_trends.py for tasks to queue
[2023-04-30 22:38:19,222] {logging_mixin.py:109} INFO - [2023-04-30 22:38:19,221] {dagbag.py:500} INFO - Filling up the DagBag from /opt/airflow/dags/download_historical_postgres_google_trends.py
[2023-04-30 22:38:19,255] {processor.py:637} INFO - DAG(s) dict_keys(['download_historical_postgres']) retrieved from /opt/airflow/dags/download_historical_postgres_google_trends.py
[2023-04-30 22:38:19,264] {logging_mixin.py:109} INFO - [2023-04-30 22:38:19,264] {dag.py:2396} INFO - Sync 1 DAGs
[2023-04-30 22:38:19,280] {logging_mixin.py:109} INFO - [2023-04-30 22:38:19,280] {dag.py:2928} INFO - Setting next_dagrun for download_historical_postgres to 2023-04-30T22:36:00+00:00
[2023-04-30 22:38:19,288] {processor.py:171} INFO - Processing /opt/airflow/dags/download_historical_postgres_google_trends.py took 0.074 seconds
[2023-04-30 22:38:49,446] {processor.py:163} INFO - Started process (PID=201) to work on /opt/airflow/dags/download_historical_postgres_google_trends.py
[2023-04-30 22:38:49,449] {processor.py:625} INFO - Processing file /opt/airflow/dags/download_historical_postgres_google_trends.py for tasks to queue
[2023-04-30 22:38:49,450] {logging_mixin.py:109} INFO - [2023-04-30 22:38:49,450] {dagbag.py:500} INFO - Filling up the DagBag from /opt/airflow/dags/download_historical_postgres_google_trends.py
[2023-04-30 22:38:49,480] {processor.py:637} INFO - DAG(s) dict_keys(['download_historical_postgres']) retrieved from /opt/airflow/dags/download_historical_postgres_google_trends.py
[2023-04-30 22:38:49,489] {logging_mixin.py:109} INFO - [2023-04-30 22:38:49,489] {dag.py:2396} INFO - Sync 1 DAGs
[2023-04-30 22:38:49,505] {logging_mixin.py:109} INFO - [2023-04-30 22:38:49,505] {dag.py:2928} INFO - Setting next_dagrun for download_historical_postgres to 2023-04-30T22:36:00+00:00
[2023-04-30 22:38:49,512] {processor.py:171} INFO - Processing /opt/airflow/dags/download_historical_postgres_google_trends.py took 0.070 seconds
[2023-04-30 22:39:19,675] {processor.py:163} INFO - Started process (PID=204) to work on /opt/airflow/dags/download_historical_postgres_google_trends.py
[2023-04-30 22:39:19,677] {processor.py:625} INFO - Processing file /opt/airflow/dags/download_historical_postgres_google_trends.py for tasks to queue
[2023-04-30 22:39:19,679] {logging_mixin.py:109} INFO - [2023-04-30 22:39:19,679] {dagbag.py:500} INFO - Filling up the DagBag from /opt/airflow/dags/download_historical_postgres_google_trends.py
[2023-04-30 22:39:19,711] {processor.py:637} INFO - DAG(s) dict_keys(['download_historical_postgres']) retrieved from /opt/airflow/dags/download_historical_postgres_google_trends.py
[2023-04-30 22:39:19,720] {logging_mixin.py:109} INFO - [2023-04-30 22:39:19,720] {dag.py:2396} INFO - Sync 1 DAGs
[2023-04-30 22:39:19,736] {logging_mixin.py:109} INFO - [2023-04-30 22:39:19,736] {dag.py:2928} INFO - Setting next_dagrun for download_historical_postgres to 2023-04-30T22:36:00+00:00
[2023-04-30 22:39:19,744] {processor.py:171} INFO - Processing /opt/airflow/dags/download_historical_postgres_google_trends.py took 0.073 seconds
[2023-04-30 22:39:49,901] {processor.py:163} INFO - Started process (PID=207) to work on /opt/airflow/dags/download_historical_postgres_google_trends.py
[2023-04-30 22:39:49,903] {processor.py:625} INFO - Processing file /opt/airflow/dags/download_historical_postgres_google_trends.py for tasks to queue
[2023-04-30 22:39:49,905] {logging_mixin.py:109} INFO - [2023-04-30 22:39:49,905] {dagbag.py:500} INFO - Filling up the DagBag from /opt/airflow/dags/download_historical_postgres_google_trends.py
[2023-04-30 22:39:49,938] {processor.py:637} INFO - DAG(s) dict_keys(['download_historical_postgres']) retrieved from /opt/airflow/dags/download_historical_postgres_google_trends.py
[2023-04-30 22:39:49,947] {logging_mixin.py:109} INFO - [2023-04-30 22:39:49,947] {dag.py:2396} INFO - Sync 1 DAGs
[2023-04-30 22:39:49,963] {logging_mixin.py:109} INFO - [2023-04-30 22:39:49,963] {dag.py:2928} INFO - Setting next_dagrun for download_historical_postgres to 2023-04-30T22:36:00+00:00
[2023-04-30 22:39:49,971] {processor.py:171} INFO - Processing /opt/airflow/dags/download_historical_postgres_google_trends.py took 0.074 seconds
[2023-04-30 22:40:42,993] {processor.py:163} INFO - Started process (PID=210) to work on /opt/airflow/dags/download_historical_postgres_google_trends.py
[2023-04-30 22:40:42,995] {processor.py:625} INFO - Processing file /opt/airflow/dags/download_historical_postgres_google_trends.py for tasks to queue
[2023-04-30 22:40:42,997] {logging_mixin.py:109} INFO - [2023-04-30 22:40:42,997] {dagbag.py:500} INFO - Filling up the DagBag from /opt/airflow/dags/download_historical_postgres_google_trends.py
[2023-04-30 22:40:43,029] {processor.py:637} INFO - DAG(s) dict_keys(['download_historical_postgres']) retrieved from /opt/airflow/dags/download_historical_postgres_google_trends.py
[2023-04-30 22:40:43,038] {logging_mixin.py:109} INFO - [2023-04-30 22:40:43,038] {dag.py:2396} INFO - Sync 1 DAGs
[2023-04-30 22:40:43,054] {logging_mixin.py:109} INFO - [2023-04-30 22:40:43,054] {dag.py:2928} INFO - Setting next_dagrun for download_historical_postgres to 2023-04-30T22:38:00+00:00
[2023-04-30 22:40:43,267] {processor.py:171} INFO - Processing /opt/airflow/dags/download_historical_postgres_google_trends.py took 0.278 seconds
[2023-04-30 22:47:30,297] {processor.py:163} INFO - Started process (PID=215) to work on /opt/airflow/dags/download_historical_postgres_google_trends.py
[2023-04-30 22:47:30,301] {processor.py:625} INFO - Processing file /opt/airflow/dags/download_historical_postgres_google_trends.py for tasks to queue
[2023-04-30 22:47:30,304] {logging_mixin.py:109} INFO - [2023-04-30 22:47:30,304] {dagbag.py:500} INFO - Filling up the DagBag from /opt/airflow/dags/download_historical_postgres_google_trends.py
[2023-04-30 22:47:30,561] {processor.py:637} INFO - DAG(s) dict_keys(['download_historical_postgres']) retrieved from /opt/airflow/dags/download_historical_postgres_google_trends.py
[2023-04-30 22:47:30,594] {logging_mixin.py:109} INFO - [2023-04-30 22:47:30,594] {dag.py:2396} INFO - Sync 1 DAGs
[2023-04-30 22:47:30,633] {logging_mixin.py:109} INFO - [2023-04-30 22:47:30,632] {dag.py:2928} INFO - Setting next_dagrun for download_historical_postgres to 2023-04-30T22:44:00+00:00
[2023-04-30 22:47:30,651] {processor.py:171} INFO - Processing /opt/airflow/dags/download_historical_postgres_google_trends.py took 0.361 seconds
[2023-04-30 23:40:03,634] {processor.py:163} INFO - Started process (PID=219) to work on /opt/airflow/dags/download_historical_postgres_google_trends.py
[2023-04-30 23:40:03,636] {processor.py:625} INFO - Processing file /opt/airflow/dags/download_historical_postgres_google_trends.py for tasks to queue
[2023-04-30 23:40:03,637] {logging_mixin.py:109} INFO - [2023-04-30 23:40:03,637] {dagbag.py:500} INFO - Filling up the DagBag from /opt/airflow/dags/download_historical_postgres_google_trends.py
[2023-04-30 23:40:03,663] {processor.py:637} INFO - DAG(s) dict_keys(['download_historical_postgres']) retrieved from /opt/airflow/dags/download_historical_postgres_google_trends.py
[2023-04-30 23:40:03,672] {logging_mixin.py:109} INFO - [2023-04-30 23:40:03,672] {dag.py:2396} INFO - Sync 1 DAGs
[2023-04-30 23:40:03,687] {logging_mixin.py:109} INFO - [2023-04-30 23:40:03,686] {dag.py:2928} INFO - Setting next_dagrun for download_historical_postgres to 2023-04-30T23:38:00+00:00
[2023-04-30 23:40:03,698] {processor.py:171} INFO - Processing /opt/airflow/dags/download_historical_postgres_google_trends.py took 0.067 seconds
[2023-04-30 23:40:34,023] {processor.py:163} INFO - Started process (PID=222) to work on /opt/airflow/dags/download_historical_postgres_google_trends.py
[2023-04-30 23:40:34,033] {processor.py:625} INFO - Processing file /opt/airflow/dags/download_historical_postgres_google_trends.py for tasks to queue
[2023-04-30 23:40:34,042] {logging_mixin.py:109} INFO - [2023-04-30 23:40:34,041] {dagbag.py:500} INFO - Filling up the DagBag from /opt/airflow/dags/download_historical_postgres_google_trends.py
[2023-04-30 23:40:34,181] {processor.py:637} INFO - DAG(s) dict_keys(['download_historical_postgres']) retrieved from /opt/airflow/dags/download_historical_postgres_google_trends.py
[2023-04-30 23:40:34,229] {logging_mixin.py:109} INFO - [2023-04-30 23:40:34,228] {dag.py:2396} INFO - Sync 1 DAGs
[2023-04-30 23:40:34,312] {logging_mixin.py:109} INFO - [2023-04-30 23:40:34,311] {dag.py:2928} INFO - Setting next_dagrun for download_historical_postgres to 2023-04-30T23:38:00+00:00
[2023-04-30 23:40:34,354] {processor.py:171} INFO - Processing /opt/airflow/dags/download_historical_postgres_google_trends.py took 0.351 seconds
