[2023-04-30 01:38:34,614] {processor.py:163} INFO - Started process (PID=273) to work on /opt/airflow/dags/download_periodic_1hr_postgres_google_trends.py
[2023-04-30 01:38:34,616] {processor.py:625} INFO - Processing file /opt/airflow/dags/download_periodic_1hr_postgres_google_trends.py for tasks to queue
[2023-04-30 01:38:34,617] {logging_mixin.py:109} INFO - [2023-04-30 01:38:34,617] {dagbag.py:500} INFO - Filling up the DagBag from /opt/airflow/dags/download_periodic_1hr_postgres_google_trends.py
[2023-04-30 01:38:34,651] {processor.py:637} INFO - DAG(s) dict_keys(['download_periodic_1hr_postgres']) retrieved from /opt/airflow/dags/download_periodic_1hr_postgres_google_trends.py
[2023-04-30 01:38:34,661] {logging_mixin.py:109} INFO - [2023-04-30 01:38:34,661] {dag.py:2396} INFO - Sync 1 DAGs
[2023-04-30 01:38:34,678] {logging_mixin.py:109} INFO - [2023-04-30 01:38:34,677] {dag.py:2928} INFO - Setting next_dagrun for download_periodic_1hr_postgres to None
[2023-04-30 01:38:34,688] {processor.py:171} INFO - Processing /opt/airflow/dags/download_periodic_1hr_postgres_google_trends.py took 0.078 seconds
[2023-04-30 01:39:05,010] {processor.py:163} INFO - Started process (PID=276) to work on /opt/airflow/dags/download_periodic_1hr_postgres_google_trends.py
[2023-04-30 01:39:05,019] {processor.py:625} INFO - Processing file /opt/airflow/dags/download_periodic_1hr_postgres_google_trends.py for tasks to queue
[2023-04-30 01:39:05,026] {logging_mixin.py:109} INFO - [2023-04-30 01:39:05,025] {dagbag.py:500} INFO - Filling up the DagBag from /opt/airflow/dags/download_periodic_1hr_postgres_google_trends.py
[2023-04-30 01:39:05,179] {processor.py:637} INFO - DAG(s) dict_keys(['download_periodic_1hr_postgres']) retrieved from /opt/airflow/dags/download_periodic_1hr_postgres_google_trends.py
[2023-04-30 01:39:05,231] {logging_mixin.py:109} INFO - [2023-04-30 01:39:05,231] {dag.py:2396} INFO - Sync 1 DAGs
[2023-04-30 01:39:05,307] {logging_mixin.py:109} INFO - [2023-04-30 01:39:05,307] {dag.py:2928} INFO - Setting next_dagrun for download_periodic_1hr_postgres to None
[2023-04-30 01:39:05,351] {processor.py:171} INFO - Processing /opt/airflow/dags/download_periodic_1hr_postgres_google_trends.py took 0.358 seconds
[2023-04-30 01:45:39,175] {processor.py:163} INFO - Started process (PID=281) to work on /opt/airflow/dags/download_periodic_1hr_postgres_google_trends.py
[2023-04-30 01:45:39,178] {processor.py:625} INFO - Processing file /opt/airflow/dags/download_periodic_1hr_postgres_google_trends.py for tasks to queue
[2023-04-30 01:45:39,180] {logging_mixin.py:109} INFO - [2023-04-30 01:45:39,179] {dagbag.py:500} INFO - Filling up the DagBag from /opt/airflow/dags/download_periodic_1hr_postgres_google_trends.py
[2023-04-30 01:45:39,225] {processor.py:637} INFO - DAG(s) dict_keys(['download_periodic_1hr_postgres']) retrieved from /opt/airflow/dags/download_periodic_1hr_postgres_google_trends.py
[2023-04-30 01:45:39,243] {logging_mixin.py:109} INFO - [2023-04-30 01:45:39,242] {dag.py:2396} INFO - Sync 1 DAGs
[2023-04-30 01:45:39,272] {logging_mixin.py:109} INFO - [2023-04-30 01:45:39,271] {dag.py:2928} INFO - Setting next_dagrun for download_periodic_1hr_postgres to None
[2023-04-30 01:45:39,295] {processor.py:171} INFO - Processing /opt/airflow/dags/download_periodic_1hr_postgres_google_trends.py took 0.129 seconds
[2023-04-30 01:46:09,441] {processor.py:163} INFO - Started process (PID=284) to work on /opt/airflow/dags/download_periodic_1hr_postgres_google_trends.py
[2023-04-30 01:46:09,443] {processor.py:625} INFO - Processing file /opt/airflow/dags/download_periodic_1hr_postgres_google_trends.py for tasks to queue
[2023-04-30 01:46:09,444] {logging_mixin.py:109} INFO - [2023-04-30 01:46:09,444] {dagbag.py:500} INFO - Filling up the DagBag from /opt/airflow/dags/download_periodic_1hr_postgres_google_trends.py
[2023-04-30 01:46:09,478] {processor.py:637} INFO - DAG(s) dict_keys(['download_periodic_1hr_postgres']) retrieved from /opt/airflow/dags/download_periodic_1hr_postgres_google_trends.py
[2023-04-30 01:46:09,489] {logging_mixin.py:109} INFO - [2023-04-30 01:46:09,489] {dag.py:2396} INFO - Sync 1 DAGs
[2023-04-30 01:46:09,505] {logging_mixin.py:109} INFO - [2023-04-30 01:46:09,505] {dag.py:2928} INFO - Setting next_dagrun for download_periodic_1hr_postgres to None
[2023-04-30 01:46:09,515] {processor.py:171} INFO - Processing /opt/airflow/dags/download_periodic_1hr_postgres_google_trends.py took 0.079 seconds
[2023-04-30 01:46:39,664] {processor.py:163} INFO - Started process (PID=287) to work on /opt/airflow/dags/download_periodic_1hr_postgres_google_trends.py
[2023-04-30 01:46:39,666] {processor.py:625} INFO - Processing file /opt/airflow/dags/download_periodic_1hr_postgres_google_trends.py for tasks to queue
[2023-04-30 01:46:39,668] {logging_mixin.py:109} INFO - [2023-04-30 01:46:39,668] {dagbag.py:500} INFO - Filling up the DagBag from /opt/airflow/dags/download_periodic_1hr_postgres_google_trends.py
[2023-04-30 01:46:39,697] {processor.py:637} INFO - DAG(s) dict_keys(['download_periodic_1hr_postgres']) retrieved from /opt/airflow/dags/download_periodic_1hr_postgres_google_trends.py
[2023-04-30 01:46:39,707] {logging_mixin.py:109} INFO - [2023-04-30 01:46:39,707] {dag.py:2396} INFO - Sync 1 DAGs
[2023-04-30 01:46:39,722] {logging_mixin.py:109} INFO - [2023-04-30 01:46:39,722] {dag.py:2928} INFO - Setting next_dagrun for download_periodic_1hr_postgres to None
[2023-04-30 01:46:39,732] {processor.py:171} INFO - Processing /opt/airflow/dags/download_periodic_1hr_postgres_google_trends.py took 0.072 seconds
[2023-04-30 01:47:09,900] {processor.py:163} INFO - Started process (PID=290) to work on /opt/airflow/dags/download_periodic_1hr_postgres_google_trends.py
[2023-04-30 01:47:09,903] {processor.py:625} INFO - Processing file /opt/airflow/dags/download_periodic_1hr_postgres_google_trends.py for tasks to queue
[2023-04-30 01:47:09,905] {logging_mixin.py:109} INFO - [2023-04-30 01:47:09,905] {dagbag.py:500} INFO - Filling up the DagBag from /opt/airflow/dags/download_periodic_1hr_postgres_google_trends.py
[2023-04-30 01:47:09,940] {processor.py:637} INFO - DAG(s) dict_keys(['download_periodic_1hr_postgres']) retrieved from /opt/airflow/dags/download_periodic_1hr_postgres_google_trends.py
[2023-04-30 01:47:09,954] {logging_mixin.py:109} INFO - [2023-04-30 01:47:09,954] {dag.py:2396} INFO - Sync 1 DAGs
[2023-04-30 01:47:09,974] {logging_mixin.py:109} INFO - [2023-04-30 01:47:09,974] {dag.py:2928} INFO - Setting next_dagrun for download_periodic_1hr_postgres to None
[2023-04-30 01:47:09,987] {processor.py:171} INFO - Processing /opt/airflow/dags/download_periodic_1hr_postgres_google_trends.py took 0.092 seconds
[2023-04-30 01:47:40,144] {processor.py:163} INFO - Started process (PID=293) to work on /opt/airflow/dags/download_periodic_1hr_postgres_google_trends.py
[2023-04-30 01:47:40,146] {processor.py:625} INFO - Processing file /opt/airflow/dags/download_periodic_1hr_postgres_google_trends.py for tasks to queue
[2023-04-30 01:47:40,147] {logging_mixin.py:109} INFO - [2023-04-30 01:47:40,147] {dagbag.py:500} INFO - Filling up the DagBag from /opt/airflow/dags/download_periodic_1hr_postgres_google_trends.py
[2023-04-30 01:47:40,175] {processor.py:637} INFO - DAG(s) dict_keys(['download_periodic_1hr_postgres']) retrieved from /opt/airflow/dags/download_periodic_1hr_postgres_google_trends.py
[2023-04-30 01:47:40,184] {logging_mixin.py:109} INFO - [2023-04-30 01:47:40,184] {dag.py:2396} INFO - Sync 1 DAGs
[2023-04-30 01:47:40,198] {logging_mixin.py:109} INFO - [2023-04-30 01:47:40,198] {dag.py:2928} INFO - Setting next_dagrun for download_periodic_1hr_postgres to None
[2023-04-30 01:47:40,207] {processor.py:171} INFO - Processing /opt/airflow/dags/download_periodic_1hr_postgres_google_trends.py took 0.067 seconds
[2023-04-30 01:48:10,359] {processor.py:163} INFO - Started process (PID=296) to work on /opt/airflow/dags/download_periodic_1hr_postgres_google_trends.py
[2023-04-30 01:48:10,361] {processor.py:625} INFO - Processing file /opt/airflow/dags/download_periodic_1hr_postgres_google_trends.py for tasks to queue
[2023-04-30 01:48:10,363] {logging_mixin.py:109} INFO - [2023-04-30 01:48:10,363] {dagbag.py:500} INFO - Filling up the DagBag from /opt/airflow/dags/download_periodic_1hr_postgres_google_trends.py
[2023-04-30 01:48:10,398] {processor.py:637} INFO - DAG(s) dict_keys(['download_periodic_1hr_postgres']) retrieved from /opt/airflow/dags/download_periodic_1hr_postgres_google_trends.py
[2023-04-30 01:48:10,411] {logging_mixin.py:109} INFO - [2023-04-30 01:48:10,411] {dag.py:2396} INFO - Sync 1 DAGs
[2023-04-30 01:48:10,429] {logging_mixin.py:109} INFO - [2023-04-30 01:48:10,429] {dag.py:2928} INFO - Setting next_dagrun for download_periodic_1hr_postgres to None
[2023-04-30 01:48:10,438] {processor.py:171} INFO - Processing /opt/airflow/dags/download_periodic_1hr_postgres_google_trends.py took 0.084 seconds
[2023-04-30 01:48:40,592] {processor.py:163} INFO - Started process (PID=299) to work on /opt/airflow/dags/download_periodic_1hr_postgres_google_trends.py
[2023-04-30 01:48:40,594] {processor.py:625} INFO - Processing file /opt/airflow/dags/download_periodic_1hr_postgres_google_trends.py for tasks to queue
[2023-04-30 01:48:40,596] {logging_mixin.py:109} INFO - [2023-04-30 01:48:40,596] {dagbag.py:500} INFO - Filling up the DagBag from /opt/airflow/dags/download_periodic_1hr_postgres_google_trends.py
[2023-04-30 01:48:40,625] {processor.py:637} INFO - DAG(s) dict_keys(['download_periodic_1hr_postgres']) retrieved from /opt/airflow/dags/download_periodic_1hr_postgres_google_trends.py
[2023-04-30 01:48:40,634] {logging_mixin.py:109} INFO - [2023-04-30 01:48:40,634] {dag.py:2396} INFO - Sync 1 DAGs
[2023-04-30 01:48:40,646] {logging_mixin.py:109} INFO - [2023-04-30 01:48:40,646] {dag.py:2928} INFO - Setting next_dagrun for download_periodic_1hr_postgres to None
[2023-04-30 01:48:40,654] {processor.py:171} INFO - Processing /opt/airflow/dags/download_periodic_1hr_postgres_google_trends.py took 0.066 seconds
[2023-04-30 01:49:10,813] {processor.py:163} INFO - Started process (PID=302) to work on /opt/airflow/dags/download_periodic_1hr_postgres_google_trends.py
[2023-04-30 01:49:10,815] {processor.py:625} INFO - Processing file /opt/airflow/dags/download_periodic_1hr_postgres_google_trends.py for tasks to queue
[2023-04-30 01:49:10,818] {logging_mixin.py:109} INFO - [2023-04-30 01:49:10,817] {dagbag.py:500} INFO - Filling up the DagBag from /opt/airflow/dags/download_periodic_1hr_postgres_google_trends.py
[2023-04-30 01:49:10,844] {processor.py:637} INFO - DAG(s) dict_keys(['download_periodic_1hr_postgres']) retrieved from /opt/airflow/dags/download_periodic_1hr_postgres_google_trends.py
[2023-04-30 01:49:10,853] {logging_mixin.py:109} INFO - [2023-04-30 01:49:10,853] {dag.py:2396} INFO - Sync 1 DAGs
[2023-04-30 01:49:10,865] {logging_mixin.py:109} INFO - [2023-04-30 01:49:10,865] {dag.py:2928} INFO - Setting next_dagrun for download_periodic_1hr_postgres to None
[2023-04-30 01:49:10,873] {processor.py:171} INFO - Processing /opt/airflow/dags/download_periodic_1hr_postgres_google_trends.py took 0.064 seconds
[2023-04-30 01:49:41,036] {processor.py:163} INFO - Started process (PID=305) to work on /opt/airflow/dags/download_periodic_1hr_postgres_google_trends.py
[2023-04-30 01:49:41,038] {processor.py:625} INFO - Processing file /opt/airflow/dags/download_periodic_1hr_postgres_google_trends.py for tasks to queue
[2023-04-30 01:49:41,040] {logging_mixin.py:109} INFO - [2023-04-30 01:49:41,040] {dagbag.py:500} INFO - Filling up the DagBag from /opt/airflow/dags/download_periodic_1hr_postgres_google_trends.py
[2023-04-30 01:49:41,068] {processor.py:637} INFO - DAG(s) dict_keys(['download_periodic_1hr_postgres']) retrieved from /opt/airflow/dags/download_periodic_1hr_postgres_google_trends.py
[2023-04-30 01:49:41,077] {logging_mixin.py:109} INFO - [2023-04-30 01:49:41,077] {dag.py:2396} INFO - Sync 1 DAGs
[2023-04-30 01:49:41,089] {logging_mixin.py:109} INFO - [2023-04-30 01:49:41,089] {dag.py:2928} INFO - Setting next_dagrun for download_periodic_1hr_postgres to None
[2023-04-30 01:49:41,097] {processor.py:171} INFO - Processing /opt/airflow/dags/download_periodic_1hr_postgres_google_trends.py took 0.065 seconds
[2023-04-30 01:50:11,263] {processor.py:163} INFO - Started process (PID=308) to work on /opt/airflow/dags/download_periodic_1hr_postgres_google_trends.py
[2023-04-30 01:50:11,265] {processor.py:625} INFO - Processing file /opt/airflow/dags/download_periodic_1hr_postgres_google_trends.py for tasks to queue
[2023-04-30 01:50:11,267] {logging_mixin.py:109} INFO - [2023-04-30 01:50:11,267] {dagbag.py:500} INFO - Filling up the DagBag from /opt/airflow/dags/download_periodic_1hr_postgres_google_trends.py
[2023-04-30 01:50:11,294] {processor.py:637} INFO - DAG(s) dict_keys(['download_periodic_1hr_postgres']) retrieved from /opt/airflow/dags/download_periodic_1hr_postgres_google_trends.py
[2023-04-30 01:50:11,303] {logging_mixin.py:109} INFO - [2023-04-30 01:50:11,303] {dag.py:2396} INFO - Sync 1 DAGs
[2023-04-30 01:50:11,316] {logging_mixin.py:109} INFO - [2023-04-30 01:50:11,316] {dag.py:2928} INFO - Setting next_dagrun for download_periodic_1hr_postgres to None
[2023-04-30 01:50:11,324] {processor.py:171} INFO - Processing /opt/airflow/dags/download_periodic_1hr_postgres_google_trends.py took 0.065 seconds
[2023-04-30 01:50:41,519] {processor.py:163} INFO - Started process (PID=311) to work on /opt/airflow/dags/download_periodic_1hr_postgres_google_trends.py
[2023-04-30 01:50:41,521] {processor.py:625} INFO - Processing file /opt/airflow/dags/download_periodic_1hr_postgres_google_trends.py for tasks to queue
[2023-04-30 01:50:41,523] {logging_mixin.py:109} INFO - [2023-04-30 01:50:41,523] {dagbag.py:500} INFO - Filling up the DagBag from /opt/airflow/dags/download_periodic_1hr_postgres_google_trends.py
[2023-04-30 01:50:41,556] {processor.py:637} INFO - DAG(s) dict_keys(['download_periodic_1hr_postgres']) retrieved from /opt/airflow/dags/download_periodic_1hr_postgres_google_trends.py
[2023-04-30 01:50:41,570] {logging_mixin.py:109} INFO - [2023-04-30 01:50:41,570] {dag.py:2396} INFO - Sync 1 DAGs
[2023-04-30 01:50:41,588] {logging_mixin.py:109} INFO - [2023-04-30 01:50:41,588] {dag.py:2928} INFO - Setting next_dagrun for download_periodic_1hr_postgres to None
[2023-04-30 01:50:41,601] {processor.py:171} INFO - Processing /opt/airflow/dags/download_periodic_1hr_postgres_google_trends.py took 0.087 seconds
[2023-04-30 01:51:11,755] {processor.py:163} INFO - Started process (PID=314) to work on /opt/airflow/dags/download_periodic_1hr_postgres_google_trends.py
[2023-04-30 01:51:11,757] {processor.py:625} INFO - Processing file /opt/airflow/dags/download_periodic_1hr_postgres_google_trends.py for tasks to queue
[2023-04-30 01:51:11,759] {logging_mixin.py:109} INFO - [2023-04-30 01:51:11,759] {dagbag.py:500} INFO - Filling up the DagBag from /opt/airflow/dags/download_periodic_1hr_postgres_google_trends.py
[2023-04-30 01:51:11,787] {processor.py:637} INFO - DAG(s) dict_keys(['download_periodic_1hr_postgres']) retrieved from /opt/airflow/dags/download_periodic_1hr_postgres_google_trends.py
[2023-04-30 01:51:11,796] {logging_mixin.py:109} INFO - [2023-04-30 01:51:11,796] {dag.py:2396} INFO - Sync 1 DAGs
[2023-04-30 01:51:11,809] {logging_mixin.py:109} INFO - [2023-04-30 01:51:11,809] {dag.py:2928} INFO - Setting next_dagrun for download_periodic_1hr_postgres to None
[2023-04-30 01:51:11,817] {processor.py:171} INFO - Processing /opt/airflow/dags/download_periodic_1hr_postgres_google_trends.py took 0.067 seconds
[2023-04-30 01:51:41,972] {processor.py:163} INFO - Started process (PID=317) to work on /opt/airflow/dags/download_periodic_1hr_postgres_google_trends.py
[2023-04-30 01:51:41,974] {processor.py:625} INFO - Processing file /opt/airflow/dags/download_periodic_1hr_postgres_google_trends.py for tasks to queue
[2023-04-30 01:51:41,975] {logging_mixin.py:109} INFO - [2023-04-30 01:51:41,975] {dagbag.py:500} INFO - Filling up the DagBag from /opt/airflow/dags/download_periodic_1hr_postgres_google_trends.py
[2023-04-30 01:51:42,002] {processor.py:637} INFO - DAG(s) dict_keys(['download_periodic_1hr_postgres']) retrieved from /opt/airflow/dags/download_periodic_1hr_postgres_google_trends.py
[2023-04-30 01:51:42,013] {logging_mixin.py:109} INFO - [2023-04-30 01:51:42,013] {dag.py:2396} INFO - Sync 1 DAGs
[2023-04-30 01:51:42,028] {logging_mixin.py:109} INFO - [2023-04-30 01:51:42,028] {dag.py:2928} INFO - Setting next_dagrun for download_periodic_1hr_postgres to None
[2023-04-30 01:51:42,038] {processor.py:171} INFO - Processing /opt/airflow/dags/download_periodic_1hr_postgres_google_trends.py took 0.070 seconds
[2023-04-30 01:52:12,202] {processor.py:163} INFO - Started process (PID=320) to work on /opt/airflow/dags/download_periodic_1hr_postgres_google_trends.py
[2023-04-30 01:52:12,205] {processor.py:625} INFO - Processing file /opt/airflow/dags/download_periodic_1hr_postgres_google_trends.py for tasks to queue
[2023-04-30 01:52:12,207] {logging_mixin.py:109} INFO - [2023-04-30 01:52:12,207] {dagbag.py:500} INFO - Filling up the DagBag from /opt/airflow/dags/download_periodic_1hr_postgres_google_trends.py
[2023-04-30 01:52:12,241] {processor.py:637} INFO - DAG(s) dict_keys(['download_periodic_1hr_postgres']) retrieved from /opt/airflow/dags/download_periodic_1hr_postgres_google_trends.py
[2023-04-30 01:52:12,255] {logging_mixin.py:109} INFO - [2023-04-30 01:52:12,254] {dag.py:2396} INFO - Sync 1 DAGs
[2023-04-30 01:52:12,272] {logging_mixin.py:109} INFO - [2023-04-30 01:52:12,272] {dag.py:2928} INFO - Setting next_dagrun for download_periodic_1hr_postgres to None
[2023-04-30 01:52:12,285] {processor.py:171} INFO - Processing /opt/airflow/dags/download_periodic_1hr_postgres_google_trends.py took 0.088 seconds
[2023-04-30 01:52:42,441] {processor.py:163} INFO - Started process (PID=323) to work on /opt/airflow/dags/download_periodic_1hr_postgres_google_trends.py
[2023-04-30 01:52:42,443] {processor.py:625} INFO - Processing file /opt/airflow/dags/download_periodic_1hr_postgres_google_trends.py for tasks to queue
[2023-04-30 01:52:42,445] {logging_mixin.py:109} INFO - [2023-04-30 01:52:42,444] {dagbag.py:500} INFO - Filling up the DagBag from /opt/airflow/dags/download_periodic_1hr_postgres_google_trends.py
[2023-04-30 01:52:42,471] {processor.py:637} INFO - DAG(s) dict_keys(['download_periodic_1hr_postgres']) retrieved from /opt/airflow/dags/download_periodic_1hr_postgres_google_trends.py
[2023-04-30 01:52:42,480] {logging_mixin.py:109} INFO - [2023-04-30 01:52:42,480] {dag.py:2396} INFO - Sync 1 DAGs
[2023-04-30 01:52:42,492] {logging_mixin.py:109} INFO - [2023-04-30 01:52:42,492] {dag.py:2928} INFO - Setting next_dagrun for download_periodic_1hr_postgres to None
[2023-04-30 01:52:42,500] {processor.py:171} INFO - Processing /opt/airflow/dags/download_periodic_1hr_postgres_google_trends.py took 0.064 seconds
[2023-04-30 01:53:12,647] {processor.py:163} INFO - Started process (PID=326) to work on /opt/airflow/dags/download_periodic_1hr_postgres_google_trends.py
[2023-04-30 01:53:12,649] {processor.py:625} INFO - Processing file /opt/airflow/dags/download_periodic_1hr_postgres_google_trends.py for tasks to queue
[2023-04-30 01:53:12,651] {logging_mixin.py:109} INFO - [2023-04-30 01:53:12,651] {dagbag.py:500} INFO - Filling up the DagBag from /opt/airflow/dags/download_periodic_1hr_postgres_google_trends.py
[2023-04-30 01:53:12,679] {processor.py:637} INFO - DAG(s) dict_keys(['download_periodic_1hr_postgres']) retrieved from /opt/airflow/dags/download_periodic_1hr_postgres_google_trends.py
[2023-04-30 01:53:12,688] {logging_mixin.py:109} INFO - [2023-04-30 01:53:12,688] {dag.py:2396} INFO - Sync 1 DAGs
[2023-04-30 01:53:12,703] {logging_mixin.py:109} INFO - [2023-04-30 01:53:12,703] {dag.py:2928} INFO - Setting next_dagrun for download_periodic_1hr_postgres to None
[2023-04-30 01:53:12,712] {processor.py:171} INFO - Processing /opt/airflow/dags/download_periodic_1hr_postgres_google_trends.py took 0.069 seconds
[2023-04-30 01:53:42,888] {processor.py:163} INFO - Started process (PID=329) to work on /opt/airflow/dags/download_periodic_1hr_postgres_google_trends.py
[2023-04-30 01:53:42,890] {processor.py:625} INFO - Processing file /opt/airflow/dags/download_periodic_1hr_postgres_google_trends.py for tasks to queue
[2023-04-30 01:53:42,893] {logging_mixin.py:109} INFO - [2023-04-30 01:53:42,893] {dagbag.py:500} INFO - Filling up the DagBag from /opt/airflow/dags/download_periodic_1hr_postgres_google_trends.py
[2023-04-30 01:53:42,924] {processor.py:637} INFO - DAG(s) dict_keys(['download_periodic_1hr_postgres']) retrieved from /opt/airflow/dags/download_periodic_1hr_postgres_google_trends.py
[2023-04-30 01:53:42,938] {logging_mixin.py:109} INFO - [2023-04-30 01:53:42,937] {dag.py:2396} INFO - Sync 1 DAGs
[2023-04-30 01:53:42,957] {logging_mixin.py:109} INFO - [2023-04-30 01:53:42,957] {dag.py:2928} INFO - Setting next_dagrun for download_periodic_1hr_postgres to None
[2023-04-30 01:53:42,969] {processor.py:171} INFO - Processing /opt/airflow/dags/download_periodic_1hr_postgres_google_trends.py took 0.085 seconds
[2023-04-30 01:54:13,117] {processor.py:163} INFO - Started process (PID=332) to work on /opt/airflow/dags/download_periodic_1hr_postgres_google_trends.py
[2023-04-30 01:54:13,119] {processor.py:625} INFO - Processing file /opt/airflow/dags/download_periodic_1hr_postgres_google_trends.py for tasks to queue
[2023-04-30 01:54:13,120] {logging_mixin.py:109} INFO - [2023-04-30 01:54:13,120] {dagbag.py:500} INFO - Filling up the DagBag from /opt/airflow/dags/download_periodic_1hr_postgres_google_trends.py
[2023-04-30 01:54:13,147] {processor.py:637} INFO - DAG(s) dict_keys(['download_periodic_1hr_postgres']) retrieved from /opt/airflow/dags/download_periodic_1hr_postgres_google_trends.py
[2023-04-30 01:54:13,157] {logging_mixin.py:109} INFO - [2023-04-30 01:54:13,157] {dag.py:2396} INFO - Sync 1 DAGs
[2023-04-30 01:54:13,172] {logging_mixin.py:109} INFO - [2023-04-30 01:54:13,172] {dag.py:2928} INFO - Setting next_dagrun for download_periodic_1hr_postgres to None
[2023-04-30 01:54:13,181] {processor.py:171} INFO - Processing /opt/airflow/dags/download_periodic_1hr_postgres_google_trends.py took 0.069 seconds
[2023-04-30 01:54:43,332] {processor.py:163} INFO - Started process (PID=335) to work on /opt/airflow/dags/download_periodic_1hr_postgres_google_trends.py
[2023-04-30 01:54:43,334] {processor.py:625} INFO - Processing file /opt/airflow/dags/download_periodic_1hr_postgres_google_trends.py for tasks to queue
[2023-04-30 01:54:43,335] {logging_mixin.py:109} INFO - [2023-04-30 01:54:43,335] {dagbag.py:500} INFO - Filling up the DagBag from /opt/airflow/dags/download_periodic_1hr_postgres_google_trends.py
[2023-04-30 01:54:43,360] {processor.py:637} INFO - DAG(s) dict_keys(['download_periodic_1hr_postgres']) retrieved from /opt/airflow/dags/download_periodic_1hr_postgres_google_trends.py
[2023-04-30 01:54:43,370] {logging_mixin.py:109} INFO - [2023-04-30 01:54:43,370] {dag.py:2396} INFO - Sync 1 DAGs
[2023-04-30 01:54:43,383] {logging_mixin.py:109} INFO - [2023-04-30 01:54:43,383] {dag.py:2928} INFO - Setting next_dagrun for download_periodic_1hr_postgres to None
[2023-04-30 01:54:43,394] {processor.py:171} INFO - Processing /opt/airflow/dags/download_periodic_1hr_postgres_google_trends.py took 0.066 seconds
[2023-04-30 01:55:13,545] {processor.py:163} INFO - Started process (PID=338) to work on /opt/airflow/dags/download_periodic_1hr_postgres_google_trends.py
[2023-04-30 01:55:13,547] {processor.py:625} INFO - Processing file /opt/airflow/dags/download_periodic_1hr_postgres_google_trends.py for tasks to queue
[2023-04-30 01:55:13,548] {logging_mixin.py:109} INFO - [2023-04-30 01:55:13,548] {dagbag.py:500} INFO - Filling up the DagBag from /opt/airflow/dags/download_periodic_1hr_postgres_google_trends.py
[2023-04-30 01:55:13,577] {processor.py:637} INFO - DAG(s) dict_keys(['download_periodic_1hr_postgres']) retrieved from /opt/airflow/dags/download_periodic_1hr_postgres_google_trends.py
[2023-04-30 01:55:13,587] {logging_mixin.py:109} INFO - [2023-04-30 01:55:13,586] {dag.py:2396} INFO - Sync 1 DAGs
[2023-04-30 01:55:13,601] {logging_mixin.py:109} INFO - [2023-04-30 01:55:13,600] {dag.py:2928} INFO - Setting next_dagrun for download_periodic_1hr_postgres to None
[2023-04-30 01:55:13,609] {processor.py:171} INFO - Processing /opt/airflow/dags/download_periodic_1hr_postgres_google_trends.py took 0.068 seconds
[2023-04-30 01:55:43,807] {processor.py:163} INFO - Started process (PID=341) to work on /opt/airflow/dags/download_periodic_1hr_postgres_google_trends.py
[2023-04-30 01:55:43,809] {processor.py:625} INFO - Processing file /opt/airflow/dags/download_periodic_1hr_postgres_google_trends.py for tasks to queue
[2023-04-30 01:55:43,811] {logging_mixin.py:109} INFO - [2023-04-30 01:55:43,811] {dagbag.py:500} INFO - Filling up the DagBag from /opt/airflow/dags/download_periodic_1hr_postgres_google_trends.py
[2023-04-30 01:55:43,837] {processor.py:637} INFO - DAG(s) dict_keys(['download_periodic_1hr_postgres']) retrieved from /opt/airflow/dags/download_periodic_1hr_postgres_google_trends.py
[2023-04-30 01:55:43,846] {logging_mixin.py:109} INFO - [2023-04-30 01:55:43,846] {dag.py:2396} INFO - Sync 1 DAGs
[2023-04-30 01:55:43,859] {logging_mixin.py:109} INFO - [2023-04-30 01:55:43,859] {dag.py:2928} INFO - Setting next_dagrun for download_periodic_1hr_postgres to None
[2023-04-30 01:55:43,867] {processor.py:171} INFO - Processing /opt/airflow/dags/download_periodic_1hr_postgres_google_trends.py took 0.064 seconds
[2023-04-30 01:56:14,020] {processor.py:163} INFO - Started process (PID=344) to work on /opt/airflow/dags/download_periodic_1hr_postgres_google_trends.py
[2023-04-30 01:56:14,022] {processor.py:625} INFO - Processing file /opt/airflow/dags/download_periodic_1hr_postgres_google_trends.py for tasks to queue
[2023-04-30 01:56:14,024] {logging_mixin.py:109} INFO - [2023-04-30 01:56:14,024] {dagbag.py:500} INFO - Filling up the DagBag from /opt/airflow/dags/download_periodic_1hr_postgres_google_trends.py
[2023-04-30 01:56:14,051] {processor.py:637} INFO - DAG(s) dict_keys(['download_periodic_1hr_postgres']) retrieved from /opt/airflow/dags/download_periodic_1hr_postgres_google_trends.py
[2023-04-30 01:56:14,061] {logging_mixin.py:109} INFO - [2023-04-30 01:56:14,061] {dag.py:2396} INFO - Sync 1 DAGs
[2023-04-30 01:56:14,075] {logging_mixin.py:109} INFO - [2023-04-30 01:56:14,074] {dag.py:2928} INFO - Setting next_dagrun for download_periodic_1hr_postgres to None
[2023-04-30 01:56:14,082] {processor.py:171} INFO - Processing /opt/airflow/dags/download_periodic_1hr_postgres_google_trends.py took 0.066 seconds
[2023-04-30 01:56:44,237] {processor.py:163} INFO - Started process (PID=347) to work on /opt/airflow/dags/download_periodic_1hr_postgres_google_trends.py
[2023-04-30 01:56:44,239] {processor.py:625} INFO - Processing file /opt/airflow/dags/download_periodic_1hr_postgres_google_trends.py for tasks to queue
[2023-04-30 01:56:44,241] {logging_mixin.py:109} INFO - [2023-04-30 01:56:44,241] {dagbag.py:500} INFO - Filling up the DagBag from /opt/airflow/dags/download_periodic_1hr_postgres_google_trends.py
[2023-04-30 01:56:44,282] {processor.py:637} INFO - DAG(s) dict_keys(['download_periodic_1hr_postgres']) retrieved from /opt/airflow/dags/download_periodic_1hr_postgres_google_trends.py
[2023-04-30 01:56:44,294] {logging_mixin.py:109} INFO - [2023-04-30 01:56:44,294] {dag.py:2396} INFO - Sync 1 DAGs
[2023-04-30 01:56:44,311] {logging_mixin.py:109} INFO - [2023-04-30 01:56:44,311] {dag.py:2928} INFO - Setting next_dagrun for download_periodic_1hr_postgres to None
[2023-04-30 01:56:44,321] {processor.py:171} INFO - Processing /opt/airflow/dags/download_periodic_1hr_postgres_google_trends.py took 0.089 seconds
[2023-04-30 22:25:14,025] {processor.py:163} INFO - Started process (PID=51) to work on /opt/airflow/dags/download_periodic_1hr_postgres_google_trends.py
[2023-04-30 22:25:14,027] {processor.py:625} INFO - Processing file /opt/airflow/dags/download_periodic_1hr_postgres_google_trends.py for tasks to queue
[2023-04-30 22:25:14,029] {logging_mixin.py:109} INFO - [2023-04-30 22:25:14,028] {dagbag.py:500} INFO - Filling up the DagBag from /opt/airflow/dags/download_periodic_1hr_postgres_google_trends.py
[2023-04-30 22:25:14,058] {processor.py:637} INFO - DAG(s) dict_keys(['download_periodic_1hr_postgres']) retrieved from /opt/airflow/dags/download_periodic_1hr_postgres_google_trends.py
[2023-04-30 22:25:14,069] {logging_mixin.py:109} INFO - [2023-04-30 22:25:14,068] {dag.py:2396} INFO - Sync 1 DAGs
[2023-04-30 22:25:14,084] {logging_mixin.py:109} INFO - [2023-04-30 22:25:14,084] {dag.py:2928} INFO - Setting next_dagrun for download_periodic_1hr_postgres to None
[2023-04-30 22:25:14,092] {processor.py:171} INFO - Processing /opt/airflow/dags/download_periodic_1hr_postgres_google_trends.py took 0.071 seconds
[2023-04-30 22:25:44,362] {processor.py:163} INFO - Started process (PID=54) to work on /opt/airflow/dags/download_periodic_1hr_postgres_google_trends.py
[2023-04-30 22:25:44,363] {processor.py:625} INFO - Processing file /opt/airflow/dags/download_periodic_1hr_postgres_google_trends.py for tasks to queue
[2023-04-30 22:25:44,365] {logging_mixin.py:109} INFO - [2023-04-30 22:25:44,365] {dagbag.py:500} INFO - Filling up the DagBag from /opt/airflow/dags/download_periodic_1hr_postgres_google_trends.py
[2023-04-30 22:25:44,394] {processor.py:637} INFO - DAG(s) dict_keys(['download_periodic_1hr_postgres']) retrieved from /opt/airflow/dags/download_periodic_1hr_postgres_google_trends.py
[2023-04-30 22:25:44,404] {logging_mixin.py:109} INFO - [2023-04-30 22:25:44,404] {dag.py:2396} INFO - Sync 1 DAGs
[2023-04-30 22:25:44,422] {logging_mixin.py:109} INFO - [2023-04-30 22:25:44,422] {dag.py:2928} INFO - Setting next_dagrun for download_periodic_1hr_postgres to None
[2023-04-30 22:25:44,431] {processor.py:171} INFO - Processing /opt/airflow/dags/download_periodic_1hr_postgres_google_trends.py took 0.072 seconds
[2023-04-30 22:26:14,580] {processor.py:163} INFO - Started process (PID=57) to work on /opt/airflow/dags/download_periodic_1hr_postgres_google_trends.py
[2023-04-30 22:26:14,582] {processor.py:625} INFO - Processing file /opt/airflow/dags/download_periodic_1hr_postgres_google_trends.py for tasks to queue
[2023-04-30 22:26:14,583] {logging_mixin.py:109} INFO - [2023-04-30 22:26:14,583] {dagbag.py:500} INFO - Filling up the DagBag from /opt/airflow/dags/download_periodic_1hr_postgres_google_trends.py
[2023-04-30 22:26:14,613] {processor.py:637} INFO - DAG(s) dict_keys(['download_periodic_1hr_postgres']) retrieved from /opt/airflow/dags/download_periodic_1hr_postgres_google_trends.py
[2023-04-30 22:26:14,623] {logging_mixin.py:109} INFO - [2023-04-30 22:26:14,623] {dag.py:2396} INFO - Sync 1 DAGs
[2023-04-30 22:26:14,639] {logging_mixin.py:109} INFO - [2023-04-30 22:26:14,639] {dag.py:2928} INFO - Setting next_dagrun for download_periodic_1hr_postgres to None
[2023-04-30 22:26:14,653] {processor.py:171} INFO - Processing /opt/airflow/dags/download_periodic_1hr_postgres_google_trends.py took 0.075 seconds
[2023-04-30 22:26:44,794] {processor.py:163} INFO - Started process (PID=60) to work on /opt/airflow/dags/download_periodic_1hr_postgres_google_trends.py
[2023-04-30 22:26:44,796] {processor.py:625} INFO - Processing file /opt/airflow/dags/download_periodic_1hr_postgres_google_trends.py for tasks to queue
[2023-04-30 22:26:44,797] {logging_mixin.py:109} INFO - [2023-04-30 22:26:44,797] {dagbag.py:500} INFO - Filling up the DagBag from /opt/airflow/dags/download_periodic_1hr_postgres_google_trends.py
[2023-04-30 22:26:44,829] {processor.py:637} INFO - DAG(s) dict_keys(['download_periodic_1hr_postgres']) retrieved from /opt/airflow/dags/download_periodic_1hr_postgres_google_trends.py
[2023-04-30 22:26:44,841] {logging_mixin.py:109} INFO - [2023-04-30 22:26:44,841] {dag.py:2396} INFO - Sync 1 DAGs
[2023-04-30 22:26:44,863] {logging_mixin.py:109} INFO - [2023-04-30 22:26:44,863] {dag.py:2928} INFO - Setting next_dagrun for download_periodic_1hr_postgres to None
[2023-04-30 22:26:44,876] {processor.py:171} INFO - Processing /opt/airflow/dags/download_periodic_1hr_postgres_google_trends.py took 0.085 seconds
[2023-04-30 22:27:15,046] {processor.py:163} INFO - Started process (PID=63) to work on /opt/airflow/dags/download_periodic_1hr_postgres_google_trends.py
[2023-04-30 22:27:15,048] {processor.py:625} INFO - Processing file /opt/airflow/dags/download_periodic_1hr_postgres_google_trends.py for tasks to queue
[2023-04-30 22:27:15,051] {logging_mixin.py:109} INFO - [2023-04-30 22:27:15,051] {dagbag.py:500} INFO - Filling up the DagBag from /opt/airflow/dags/download_periodic_1hr_postgres_google_trends.py
[2023-04-30 22:27:15,085] {processor.py:637} INFO - DAG(s) dict_keys(['download_periodic_1hr_postgres']) retrieved from /opt/airflow/dags/download_periodic_1hr_postgres_google_trends.py
[2023-04-30 22:27:15,099] {logging_mixin.py:109} INFO - [2023-04-30 22:27:15,099] {dag.py:2396} INFO - Sync 1 DAGs
[2023-04-30 22:27:15,115] {logging_mixin.py:109} INFO - [2023-04-30 22:27:15,115] {dag.py:2928} INFO - Setting next_dagrun for download_periodic_1hr_postgres to None
[2023-04-30 22:27:15,125] {processor.py:171} INFO - Processing /opt/airflow/dags/download_periodic_1hr_postgres_google_trends.py took 0.083 seconds
[2023-04-30 22:27:45,297] {processor.py:163} INFO - Started process (PID=66) to work on /opt/airflow/dags/download_periodic_1hr_postgres_google_trends.py
[2023-04-30 22:27:45,300] {processor.py:625} INFO - Processing file /opt/airflow/dags/download_periodic_1hr_postgres_google_trends.py for tasks to queue
[2023-04-30 22:27:45,303] {logging_mixin.py:109} INFO - [2023-04-30 22:27:45,302] {dagbag.py:500} INFO - Filling up the DagBag from /opt/airflow/dags/download_periodic_1hr_postgres_google_trends.py
[2023-04-30 22:27:45,352] {processor.py:637} INFO - DAG(s) dict_keys(['download_periodic_1hr_postgres']) retrieved from /opt/airflow/dags/download_periodic_1hr_postgres_google_trends.py
[2023-04-30 22:27:45,366] {logging_mixin.py:109} INFO - [2023-04-30 22:27:45,366] {dag.py:2396} INFO - Sync 1 DAGs
[2023-04-30 22:27:45,385] {logging_mixin.py:109} INFO - [2023-04-30 22:27:45,385] {dag.py:2928} INFO - Setting next_dagrun for download_periodic_1hr_postgres to None
[2023-04-30 22:27:45,397] {processor.py:171} INFO - Processing /opt/airflow/dags/download_periodic_1hr_postgres_google_trends.py took 0.104 seconds
[2023-04-30 22:28:15,551] {processor.py:163} INFO - Started process (PID=69) to work on /opt/airflow/dags/download_periodic_1hr_postgres_google_trends.py
[2023-04-30 22:28:15,553] {processor.py:625} INFO - Processing file /opt/airflow/dags/download_periodic_1hr_postgres_google_trends.py for tasks to queue
[2023-04-30 22:28:15,555] {logging_mixin.py:109} INFO - [2023-04-30 22:28:15,555] {dagbag.py:500} INFO - Filling up the DagBag from /opt/airflow/dags/download_periodic_1hr_postgres_google_trends.py
[2023-04-30 22:28:15,586] {processor.py:637} INFO - DAG(s) dict_keys(['download_periodic_1hr_postgres']) retrieved from /opt/airflow/dags/download_periodic_1hr_postgres_google_trends.py
[2023-04-30 22:28:15,595] {logging_mixin.py:109} INFO - [2023-04-30 22:28:15,595] {dag.py:2396} INFO - Sync 1 DAGs
[2023-04-30 22:28:15,608] {logging_mixin.py:109} INFO - [2023-04-30 22:28:15,608] {dag.py:2928} INFO - Setting next_dagrun for download_periodic_1hr_postgres to None
[2023-04-30 22:28:15,616] {processor.py:171} INFO - Processing /opt/airflow/dags/download_periodic_1hr_postgres_google_trends.py took 0.069 seconds
[2023-04-30 22:28:45,774] {processor.py:163} INFO - Started process (PID=72) to work on /opt/airflow/dags/download_periodic_1hr_postgres_google_trends.py
[2023-04-30 22:28:45,776] {processor.py:625} INFO - Processing file /opt/airflow/dags/download_periodic_1hr_postgres_google_trends.py for tasks to queue
[2023-04-30 22:28:45,778] {logging_mixin.py:109} INFO - [2023-04-30 22:28:45,778] {dagbag.py:500} INFO - Filling up the DagBag from /opt/airflow/dags/download_periodic_1hr_postgres_google_trends.py
[2023-04-30 22:28:45,809] {processor.py:637} INFO - DAG(s) dict_keys(['download_periodic_1hr_postgres']) retrieved from /opt/airflow/dags/download_periodic_1hr_postgres_google_trends.py
[2023-04-30 22:28:45,818] {logging_mixin.py:109} INFO - [2023-04-30 22:28:45,818] {dag.py:2396} INFO - Sync 1 DAGs
[2023-04-30 22:28:45,831] {logging_mixin.py:109} INFO - [2023-04-30 22:28:45,831] {dag.py:2928} INFO - Setting next_dagrun for download_periodic_1hr_postgres to None
[2023-04-30 22:28:45,839] {processor.py:171} INFO - Processing /opt/airflow/dags/download_periodic_1hr_postgres_google_trends.py took 0.069 seconds
[2023-04-30 22:29:16,041] {processor.py:163} INFO - Started process (PID=76) to work on /opt/airflow/dags/download_periodic_1hr_postgres_google_trends.py
[2023-04-30 22:29:16,043] {processor.py:625} INFO - Processing file /opt/airflow/dags/download_periodic_1hr_postgres_google_trends.py for tasks to queue
[2023-04-30 22:29:16,044] {logging_mixin.py:109} INFO - [2023-04-30 22:29:16,044] {dagbag.py:500} INFO - Filling up the DagBag from /opt/airflow/dags/download_periodic_1hr_postgres_google_trends.py
[2023-04-30 22:29:16,074] {processor.py:637} INFO - DAG(s) dict_keys(['download_periodic_1hr_postgres']) retrieved from /opt/airflow/dags/download_periodic_1hr_postgres_google_trends.py
[2023-04-30 22:29:16,083] {logging_mixin.py:109} INFO - [2023-04-30 22:29:16,083] {dag.py:2396} INFO - Sync 1 DAGs
[2023-04-30 22:29:16,096] {logging_mixin.py:109} INFO - [2023-04-30 22:29:16,096] {dag.py:2928} INFO - Setting next_dagrun for download_periodic_1hr_postgres to None
[2023-04-30 22:29:16,105] {processor.py:171} INFO - Processing /opt/airflow/dags/download_periodic_1hr_postgres_google_trends.py took 0.069 seconds
[2023-04-30 22:29:46,269] {processor.py:163} INFO - Started process (PID=79) to work on /opt/airflow/dags/download_periodic_1hr_postgres_google_trends.py
[2023-04-30 22:29:46,271] {processor.py:625} INFO - Processing file /opt/airflow/dags/download_periodic_1hr_postgres_google_trends.py for tasks to queue
[2023-04-30 22:29:46,273] {logging_mixin.py:109} INFO - [2023-04-30 22:29:46,273] {dagbag.py:500} INFO - Filling up the DagBag from /opt/airflow/dags/download_periodic_1hr_postgres_google_trends.py
[2023-04-30 22:29:46,304] {processor.py:637} INFO - DAG(s) dict_keys(['download_periodic_1hr_postgres']) retrieved from /opt/airflow/dags/download_periodic_1hr_postgres_google_trends.py
[2023-04-30 22:29:46,313] {logging_mixin.py:109} INFO - [2023-04-30 22:29:46,313] {dag.py:2396} INFO - Sync 1 DAGs
[2023-04-30 22:29:46,326] {logging_mixin.py:109} INFO - [2023-04-30 22:29:46,326] {dag.py:2928} INFO - Setting next_dagrun for download_periodic_1hr_postgres to None
[2023-04-30 22:29:46,334] {processor.py:171} INFO - Processing /opt/airflow/dags/download_periodic_1hr_postgres_google_trends.py took 0.069 seconds
[2023-04-30 22:30:16,545] {processor.py:163} INFO - Started process (PID=96) to work on /opt/airflow/dags/download_periodic_1hr_postgres_google_trends.py
[2023-04-30 22:30:16,548] {processor.py:625} INFO - Processing file /opt/airflow/dags/download_periodic_1hr_postgres_google_trends.py for tasks to queue
[2023-04-30 22:30:16,550] {logging_mixin.py:109} INFO - [2023-04-30 22:30:16,550] {dagbag.py:500} INFO - Filling up the DagBag from /opt/airflow/dags/download_periodic_1hr_postgres_google_trends.py
[2023-04-30 22:30:16,599] {processor.py:637} INFO - DAG(s) dict_keys(['download_periodic_1hr_postgres']) retrieved from /opt/airflow/dags/download_periodic_1hr_postgres_google_trends.py
[2023-04-30 22:30:16,614] {logging_mixin.py:109} INFO - [2023-04-30 22:30:16,613] {dag.py:2396} INFO - Sync 1 DAGs
[2023-04-30 22:30:16,634] {logging_mixin.py:109} INFO - [2023-04-30 22:30:16,634] {dag.py:2928} INFO - Setting next_dagrun for download_periodic_1hr_postgres to None
[2023-04-30 22:30:16,644] {processor.py:171} INFO - Processing /opt/airflow/dags/download_periodic_1hr_postgres_google_trends.py took 0.109 seconds
[2023-04-30 22:30:46,801] {processor.py:163} INFO - Started process (PID=102) to work on /opt/airflow/dags/download_periodic_1hr_postgres_google_trends.py
[2023-04-30 22:30:46,803] {processor.py:625} INFO - Processing file /opt/airflow/dags/download_periodic_1hr_postgres_google_trends.py for tasks to queue
[2023-04-30 22:30:46,804] {logging_mixin.py:109} INFO - [2023-04-30 22:30:46,804] {dagbag.py:500} INFO - Filling up the DagBag from /opt/airflow/dags/download_periodic_1hr_postgres_google_trends.py
[2023-04-30 22:30:46,833] {processor.py:637} INFO - DAG(s) dict_keys(['download_periodic_1hr_postgres']) retrieved from /opt/airflow/dags/download_periodic_1hr_postgres_google_trends.py
[2023-04-30 22:30:46,844] {logging_mixin.py:109} INFO - [2023-04-30 22:30:46,844] {dag.py:2396} INFO - Sync 1 DAGs
[2023-04-30 22:30:46,858] {logging_mixin.py:109} INFO - [2023-04-30 22:30:46,858] {dag.py:2928} INFO - Setting next_dagrun for download_periodic_1hr_postgres to None
[2023-04-30 22:30:46,866] {processor.py:171} INFO - Processing /opt/airflow/dags/download_periodic_1hr_postgres_google_trends.py took 0.068 seconds
[2023-04-30 22:31:17,018] {processor.py:163} INFO - Started process (PID=116) to work on /opt/airflow/dags/download_periodic_1hr_postgres_google_trends.py
[2023-04-30 22:31:17,020] {processor.py:625} INFO - Processing file /opt/airflow/dags/download_periodic_1hr_postgres_google_trends.py for tasks to queue
[2023-04-30 22:31:17,022] {logging_mixin.py:109} INFO - [2023-04-30 22:31:17,022] {dagbag.py:500} INFO - Filling up the DagBag from /opt/airflow/dags/download_periodic_1hr_postgres_google_trends.py
[2023-04-30 22:31:17,052] {processor.py:637} INFO - DAG(s) dict_keys(['download_periodic_1hr_postgres']) retrieved from /opt/airflow/dags/download_periodic_1hr_postgres_google_trends.py
[2023-04-30 22:31:17,062] {logging_mixin.py:109} INFO - [2023-04-30 22:31:17,062] {dag.py:2396} INFO - Sync 1 DAGs
[2023-04-30 22:31:17,075] {logging_mixin.py:109} INFO - [2023-04-30 22:31:17,075] {dag.py:2928} INFO - Setting next_dagrun for download_periodic_1hr_postgres to None
[2023-04-30 22:31:17,083] {processor.py:171} INFO - Processing /opt/airflow/dags/download_periodic_1hr_postgres_google_trends.py took 0.069 seconds
[2023-04-30 22:31:47,253] {processor.py:163} INFO - Started process (PID=119) to work on /opt/airflow/dags/download_periodic_1hr_postgres_google_trends.py
[2023-04-30 22:31:47,255] {processor.py:625} INFO - Processing file /opt/airflow/dags/download_periodic_1hr_postgres_google_trends.py for tasks to queue
[2023-04-30 22:31:47,257] {logging_mixin.py:109} INFO - [2023-04-30 22:31:47,257] {dagbag.py:500} INFO - Filling up the DagBag from /opt/airflow/dags/download_periodic_1hr_postgres_google_trends.py
[2023-04-30 22:31:47,292] {processor.py:637} INFO - DAG(s) dict_keys(['download_periodic_1hr_postgres']) retrieved from /opt/airflow/dags/download_periodic_1hr_postgres_google_trends.py
[2023-04-30 22:31:47,302] {logging_mixin.py:109} INFO - [2023-04-30 22:31:47,302] {dag.py:2396} INFO - Sync 1 DAGs
[2023-04-30 22:31:47,316] {logging_mixin.py:109} INFO - [2023-04-30 22:31:47,316] {dag.py:2928} INFO - Setting next_dagrun for download_periodic_1hr_postgres to None
[2023-04-30 22:31:47,325] {processor.py:171} INFO - Processing /opt/airflow/dags/download_periodic_1hr_postgres_google_trends.py took 0.077 seconds
[2023-04-30 22:32:17,477] {processor.py:163} INFO - Started process (PID=136) to work on /opt/airflow/dags/download_periodic_1hr_postgres_google_trends.py
[2023-04-30 22:32:17,479] {processor.py:625} INFO - Processing file /opt/airflow/dags/download_periodic_1hr_postgres_google_trends.py for tasks to queue
[2023-04-30 22:32:17,481] {logging_mixin.py:109} INFO - [2023-04-30 22:32:17,480] {dagbag.py:500} INFO - Filling up the DagBag from /opt/airflow/dags/download_periodic_1hr_postgres_google_trends.py
[2023-04-30 22:32:17,511] {processor.py:637} INFO - DAG(s) dict_keys(['download_periodic_1hr_postgres']) retrieved from /opt/airflow/dags/download_periodic_1hr_postgres_google_trends.py
[2023-04-30 22:32:17,521] {logging_mixin.py:109} INFO - [2023-04-30 22:32:17,520] {dag.py:2396} INFO - Sync 1 DAGs
[2023-04-30 22:32:17,534] {logging_mixin.py:109} INFO - [2023-04-30 22:32:17,534] {dag.py:2928} INFO - Setting next_dagrun for download_periodic_1hr_postgres to None
[2023-04-30 22:32:17,542] {processor.py:171} INFO - Processing /opt/airflow/dags/download_periodic_1hr_postgres_google_trends.py took 0.070 seconds
[2023-04-30 22:32:47,707] {processor.py:163} INFO - Started process (PID=139) to work on /opt/airflow/dags/download_periodic_1hr_postgres_google_trends.py
[2023-04-30 22:32:47,709] {processor.py:625} INFO - Processing file /opt/airflow/dags/download_periodic_1hr_postgres_google_trends.py for tasks to queue
[2023-04-30 22:32:47,712] {logging_mixin.py:109} INFO - [2023-04-30 22:32:47,712] {dagbag.py:500} INFO - Filling up the DagBag from /opt/airflow/dags/download_periodic_1hr_postgres_google_trends.py
[2023-04-30 22:32:47,743] {processor.py:637} INFO - DAG(s) dict_keys(['download_periodic_1hr_postgres']) retrieved from /opt/airflow/dags/download_periodic_1hr_postgres_google_trends.py
[2023-04-30 22:32:47,752] {logging_mixin.py:109} INFO - [2023-04-30 22:32:47,752] {dag.py:2396} INFO - Sync 1 DAGs
[2023-04-30 22:32:47,766] {logging_mixin.py:109} INFO - [2023-04-30 22:32:47,766] {dag.py:2928} INFO - Setting next_dagrun for download_periodic_1hr_postgres to None
[2023-04-30 22:32:47,775] {processor.py:171} INFO - Processing /opt/airflow/dags/download_periodic_1hr_postgres_google_trends.py took 0.072 seconds
[2023-04-30 22:33:17,947] {processor.py:163} INFO - Started process (PID=142) to work on /opt/airflow/dags/download_periodic_1hr_postgres_google_trends.py
[2023-04-30 22:33:17,949] {processor.py:625} INFO - Processing file /opt/airflow/dags/download_periodic_1hr_postgres_google_trends.py for tasks to queue
[2023-04-30 22:33:17,951] {logging_mixin.py:109} INFO - [2023-04-30 22:33:17,951] {dagbag.py:500} INFO - Filling up the DagBag from /opt/airflow/dags/download_periodic_1hr_postgres_google_trends.py
[2023-04-30 22:33:17,982] {processor.py:637} INFO - DAG(s) dict_keys(['download_periodic_1hr_postgres']) retrieved from /opt/airflow/dags/download_periodic_1hr_postgres_google_trends.py
[2023-04-30 22:33:17,991] {logging_mixin.py:109} INFO - [2023-04-30 22:33:17,991] {dag.py:2396} INFO - Sync 1 DAGs
[2023-04-30 22:33:18,004] {logging_mixin.py:109} INFO - [2023-04-30 22:33:18,004] {dag.py:2928} INFO - Setting next_dagrun for download_periodic_1hr_postgres to None
[2023-04-30 22:33:18,013] {processor.py:171} INFO - Processing /opt/airflow/dags/download_periodic_1hr_postgres_google_trends.py took 0.069 seconds
[2023-04-30 22:33:48,167] {processor.py:163} INFO - Started process (PID=145) to work on /opt/airflow/dags/download_periodic_1hr_postgres_google_trends.py
[2023-04-30 22:33:48,169] {processor.py:625} INFO - Processing file /opt/airflow/dags/download_periodic_1hr_postgres_google_trends.py for tasks to queue
[2023-04-30 22:33:48,170] {logging_mixin.py:109} INFO - [2023-04-30 22:33:48,170] {dagbag.py:500} INFO - Filling up the DagBag from /opt/airflow/dags/download_periodic_1hr_postgres_google_trends.py
[2023-04-30 22:33:48,201] {processor.py:637} INFO - DAG(s) dict_keys(['download_periodic_1hr_postgres']) retrieved from /opt/airflow/dags/download_periodic_1hr_postgres_google_trends.py
[2023-04-30 22:33:48,211] {logging_mixin.py:109} INFO - [2023-04-30 22:33:48,211] {dag.py:2396} INFO - Sync 1 DAGs
[2023-04-30 22:33:48,225] {logging_mixin.py:109} INFO - [2023-04-30 22:33:48,225] {dag.py:2928} INFO - Setting next_dagrun for download_periodic_1hr_postgres to None
[2023-04-30 22:33:48,233] {processor.py:171} INFO - Processing /opt/airflow/dags/download_periodic_1hr_postgres_google_trends.py took 0.070 seconds
[2023-04-30 22:34:18,393] {processor.py:163} INFO - Started process (PID=162) to work on /opt/airflow/dags/download_periodic_1hr_postgres_google_trends.py
[2023-04-30 22:34:18,395] {processor.py:625} INFO - Processing file /opt/airflow/dags/download_periodic_1hr_postgres_google_trends.py for tasks to queue
[2023-04-30 22:34:18,397] {logging_mixin.py:109} INFO - [2023-04-30 22:34:18,396] {dagbag.py:500} INFO - Filling up the DagBag from /opt/airflow/dags/download_periodic_1hr_postgres_google_trends.py
[2023-04-30 22:34:18,428] {processor.py:637} INFO - DAG(s) dict_keys(['download_periodic_1hr_postgres']) retrieved from /opt/airflow/dags/download_periodic_1hr_postgres_google_trends.py
[2023-04-30 22:34:18,437] {logging_mixin.py:109} INFO - [2023-04-30 22:34:18,437] {dag.py:2396} INFO - Sync 1 DAGs
[2023-04-30 22:34:18,451] {logging_mixin.py:109} INFO - [2023-04-30 22:34:18,451] {dag.py:2928} INFO - Setting next_dagrun for download_periodic_1hr_postgres to None
[2023-04-30 22:34:18,460] {processor.py:171} INFO - Processing /opt/airflow/dags/download_periodic_1hr_postgres_google_trends.py took 0.072 seconds
[2023-04-30 22:34:48,598] {processor.py:163} INFO - Started process (PID=165) to work on /opt/airflow/dags/download_periodic_1hr_postgres_google_trends.py
[2023-04-30 22:34:48,600] {processor.py:625} INFO - Processing file /opt/airflow/dags/download_periodic_1hr_postgres_google_trends.py for tasks to queue
[2023-04-30 22:34:48,602] {logging_mixin.py:109} INFO - [2023-04-30 22:34:48,602] {dagbag.py:500} INFO - Filling up the DagBag from /opt/airflow/dags/download_periodic_1hr_postgres_google_trends.py
[2023-04-30 22:34:48,631] {processor.py:637} INFO - DAG(s) dict_keys(['download_periodic_1hr_postgres']) retrieved from /opt/airflow/dags/download_periodic_1hr_postgres_google_trends.py
[2023-04-30 22:34:48,640] {logging_mixin.py:109} INFO - [2023-04-30 22:34:48,640] {dag.py:2396} INFO - Sync 1 DAGs
[2023-04-30 22:34:48,653] {logging_mixin.py:109} INFO - [2023-04-30 22:34:48,653] {dag.py:2928} INFO - Setting next_dagrun for download_periodic_1hr_postgres to None
[2023-04-30 22:34:48,661] {processor.py:171} INFO - Processing /opt/airflow/dags/download_periodic_1hr_postgres_google_trends.py took 0.067 seconds
[2023-04-30 22:35:18,858] {processor.py:163} INFO - Started process (PID=168) to work on /opt/airflow/dags/download_periodic_1hr_postgres_google_trends.py
[2023-04-30 22:35:18,860] {processor.py:625} INFO - Processing file /opt/airflow/dags/download_periodic_1hr_postgres_google_trends.py for tasks to queue
[2023-04-30 22:35:18,862] {logging_mixin.py:109} INFO - [2023-04-30 22:35:18,862] {dagbag.py:500} INFO - Filling up the DagBag from /opt/airflow/dags/download_periodic_1hr_postgres_google_trends.py
[2023-04-30 22:35:18,892] {processor.py:637} INFO - DAG(s) dict_keys(['download_periodic_1hr_postgres']) retrieved from /opt/airflow/dags/download_periodic_1hr_postgres_google_trends.py
[2023-04-30 22:35:18,901] {logging_mixin.py:109} INFO - [2023-04-30 22:35:18,901] {dag.py:2396} INFO - Sync 1 DAGs
[2023-04-30 22:35:18,915] {logging_mixin.py:109} INFO - [2023-04-30 22:35:18,915] {dag.py:2928} INFO - Setting next_dagrun for download_periodic_1hr_postgres to None
[2023-04-30 22:35:18,923] {processor.py:171} INFO - Processing /opt/airflow/dags/download_periodic_1hr_postgres_google_trends.py took 0.069 seconds
[2023-04-30 22:35:49,093] {processor.py:163} INFO - Started process (PID=171) to work on /opt/airflow/dags/download_periodic_1hr_postgres_google_trends.py
[2023-04-30 22:35:49,095] {processor.py:625} INFO - Processing file /opt/airflow/dags/download_periodic_1hr_postgres_google_trends.py for tasks to queue
[2023-04-30 22:35:49,096] {logging_mixin.py:109} INFO - [2023-04-30 22:35:49,096] {dagbag.py:500} INFO - Filling up the DagBag from /opt/airflow/dags/download_periodic_1hr_postgres_google_trends.py
[2023-04-30 22:35:49,126] {processor.py:637} INFO - DAG(s) dict_keys(['download_periodic_1hr_postgres']) retrieved from /opt/airflow/dags/download_periodic_1hr_postgres_google_trends.py
[2023-04-30 22:35:49,135] {logging_mixin.py:109} INFO - [2023-04-30 22:35:49,135] {dag.py:2396} INFO - Sync 1 DAGs
[2023-04-30 22:35:49,148] {logging_mixin.py:109} INFO - [2023-04-30 22:35:49,148] {dag.py:2928} INFO - Setting next_dagrun for download_periodic_1hr_postgres to None
[2023-04-30 22:35:49,157] {processor.py:171} INFO - Processing /opt/airflow/dags/download_periodic_1hr_postgres_google_trends.py took 0.068 seconds
[2023-04-30 22:36:19,321] {processor.py:163} INFO - Started process (PID=188) to work on /opt/airflow/dags/download_periodic_1hr_postgres_google_trends.py
[2023-04-30 22:36:19,323] {processor.py:625} INFO - Processing file /opt/airflow/dags/download_periodic_1hr_postgres_google_trends.py for tasks to queue
[2023-04-30 22:36:19,325] {logging_mixin.py:109} INFO - [2023-04-30 22:36:19,325] {dagbag.py:500} INFO - Filling up the DagBag from /opt/airflow/dags/download_periodic_1hr_postgres_google_trends.py
[2023-04-30 22:36:19,356] {processor.py:637} INFO - DAG(s) dict_keys(['download_periodic_1hr_postgres']) retrieved from /opt/airflow/dags/download_periodic_1hr_postgres_google_trends.py
[2023-04-30 22:36:19,366] {logging_mixin.py:109} INFO - [2023-04-30 22:36:19,365] {dag.py:2396} INFO - Sync 1 DAGs
[2023-04-30 22:36:19,379] {logging_mixin.py:109} INFO - [2023-04-30 22:36:19,378] {dag.py:2928} INFO - Setting next_dagrun for download_periodic_1hr_postgres to None
[2023-04-30 22:36:19,387] {processor.py:171} INFO - Processing /opt/airflow/dags/download_periodic_1hr_postgres_google_trends.py took 0.070 seconds
[2023-04-30 22:36:49,575] {processor.py:163} INFO - Started process (PID=191) to work on /opt/airflow/dags/download_periodic_1hr_postgres_google_trends.py
[2023-04-30 22:36:49,577] {processor.py:625} INFO - Processing file /opt/airflow/dags/download_periodic_1hr_postgres_google_trends.py for tasks to queue
[2023-04-30 22:36:49,579] {logging_mixin.py:109} INFO - [2023-04-30 22:36:49,579] {dagbag.py:500} INFO - Filling up the DagBag from /opt/airflow/dags/download_periodic_1hr_postgres_google_trends.py
[2023-04-30 22:36:49,607] {processor.py:637} INFO - DAG(s) dict_keys(['download_periodic_1hr_postgres']) retrieved from /opt/airflow/dags/download_periodic_1hr_postgres_google_trends.py
[2023-04-30 22:36:49,616] {logging_mixin.py:109} INFO - [2023-04-30 22:36:49,616] {dag.py:2396} INFO - Sync 1 DAGs
[2023-04-30 22:36:49,629] {logging_mixin.py:109} INFO - [2023-04-30 22:36:49,629] {dag.py:2928} INFO - Setting next_dagrun for download_periodic_1hr_postgres to None
[2023-04-30 22:36:49,637] {processor.py:171} INFO - Processing /opt/airflow/dags/download_periodic_1hr_postgres_google_trends.py took 0.066 seconds
[2023-04-30 22:37:19,787] {processor.py:163} INFO - Started process (PID=194) to work on /opt/airflow/dags/download_periodic_1hr_postgres_google_trends.py
[2023-04-30 22:37:19,789] {processor.py:625} INFO - Processing file /opt/airflow/dags/download_periodic_1hr_postgres_google_trends.py for tasks to queue
[2023-04-30 22:37:19,791] {logging_mixin.py:109} INFO - [2023-04-30 22:37:19,790] {dagbag.py:500} INFO - Filling up the DagBag from /opt/airflow/dags/download_periodic_1hr_postgres_google_trends.py
[2023-04-30 22:37:19,820] {processor.py:637} INFO - DAG(s) dict_keys(['download_periodic_1hr_postgres']) retrieved from /opt/airflow/dags/download_periodic_1hr_postgres_google_trends.py
[2023-04-30 22:37:19,829] {logging_mixin.py:109} INFO - [2023-04-30 22:37:19,829] {dag.py:2396} INFO - Sync 1 DAGs
[2023-04-30 22:37:19,843] {logging_mixin.py:109} INFO - [2023-04-30 22:37:19,843] {dag.py:2928} INFO - Setting next_dagrun for download_periodic_1hr_postgres to None
[2023-04-30 22:37:19,851] {processor.py:171} INFO - Processing /opt/airflow/dags/download_periodic_1hr_postgres_google_trends.py took 0.068 seconds
[2023-04-30 22:37:50,020] {processor.py:163} INFO - Started process (PID=197) to work on /opt/airflow/dags/download_periodic_1hr_postgres_google_trends.py
[2023-04-30 22:37:50,022] {processor.py:625} INFO - Processing file /opt/airflow/dags/download_periodic_1hr_postgres_google_trends.py for tasks to queue
[2023-04-30 22:37:50,024] {logging_mixin.py:109} INFO - [2023-04-30 22:37:50,024] {dagbag.py:500} INFO - Filling up the DagBag from /opt/airflow/dags/download_periodic_1hr_postgres_google_trends.py
[2023-04-30 22:37:50,054] {processor.py:637} INFO - DAG(s) dict_keys(['download_periodic_1hr_postgres']) retrieved from /opt/airflow/dags/download_periodic_1hr_postgres_google_trends.py
[2023-04-30 22:37:50,063] {logging_mixin.py:109} INFO - [2023-04-30 22:37:50,063] {dag.py:2396} INFO - Sync 1 DAGs
[2023-04-30 22:37:50,076] {logging_mixin.py:109} INFO - [2023-04-30 22:37:50,076] {dag.py:2928} INFO - Setting next_dagrun for download_periodic_1hr_postgres to None
[2023-04-30 22:37:50,084] {processor.py:171} INFO - Processing /opt/airflow/dags/download_periodic_1hr_postgres_google_trends.py took 0.068 seconds
[2023-04-30 22:38:20,243] {processor.py:163} INFO - Started process (PID=200) to work on /opt/airflow/dags/download_periodic_1hr_postgres_google_trends.py
[2023-04-30 22:38:20,245] {processor.py:625} INFO - Processing file /opt/airflow/dags/download_periodic_1hr_postgres_google_trends.py for tasks to queue
[2023-04-30 22:38:20,247] {logging_mixin.py:109} INFO - [2023-04-30 22:38:20,247] {dagbag.py:500} INFO - Filling up the DagBag from /opt/airflow/dags/download_periodic_1hr_postgres_google_trends.py
[2023-04-30 22:38:20,279] {processor.py:637} INFO - DAG(s) dict_keys(['download_periodic_1hr_postgres']) retrieved from /opt/airflow/dags/download_periodic_1hr_postgres_google_trends.py
[2023-04-30 22:38:20,287] {logging_mixin.py:109} INFO - [2023-04-30 22:38:20,287] {dag.py:2396} INFO - Sync 1 DAGs
[2023-04-30 22:38:20,301] {logging_mixin.py:109} INFO - [2023-04-30 22:38:20,301] {dag.py:2928} INFO - Setting next_dagrun for download_periodic_1hr_postgres to None
[2023-04-30 22:38:20,309] {processor.py:171} INFO - Processing /opt/airflow/dags/download_periodic_1hr_postgres_google_trends.py took 0.070 seconds
[2023-04-30 22:38:50,475] {processor.py:163} INFO - Started process (PID=203) to work on /opt/airflow/dags/download_periodic_1hr_postgres_google_trends.py
[2023-04-30 22:38:50,478] {processor.py:625} INFO - Processing file /opt/airflow/dags/download_periodic_1hr_postgres_google_trends.py for tasks to queue
[2023-04-30 22:38:50,479] {logging_mixin.py:109} INFO - [2023-04-30 22:38:50,479] {dagbag.py:500} INFO - Filling up the DagBag from /opt/airflow/dags/download_periodic_1hr_postgres_google_trends.py
[2023-04-30 22:38:50,509] {processor.py:637} INFO - DAG(s) dict_keys(['download_periodic_1hr_postgres']) retrieved from /opt/airflow/dags/download_periodic_1hr_postgres_google_trends.py
[2023-04-30 22:38:50,518] {logging_mixin.py:109} INFO - [2023-04-30 22:38:50,518] {dag.py:2396} INFO - Sync 1 DAGs
[2023-04-30 22:38:50,532] {logging_mixin.py:109} INFO - [2023-04-30 22:38:50,532] {dag.py:2928} INFO - Setting next_dagrun for download_periodic_1hr_postgres to None
[2023-04-30 22:38:50,540] {processor.py:171} INFO - Processing /opt/airflow/dags/download_periodic_1hr_postgres_google_trends.py took 0.070 seconds
[2023-04-30 22:39:20,703] {processor.py:163} INFO - Started process (PID=206) to work on /opt/airflow/dags/download_periodic_1hr_postgres_google_trends.py
[2023-04-30 22:39:20,705] {processor.py:625} INFO - Processing file /opt/airflow/dags/download_periodic_1hr_postgres_google_trends.py for tasks to queue
[2023-04-30 22:39:20,707] {logging_mixin.py:109} INFO - [2023-04-30 22:39:20,707] {dagbag.py:500} INFO - Filling up the DagBag from /opt/airflow/dags/download_periodic_1hr_postgres_google_trends.py
[2023-04-30 22:39:20,737] {processor.py:637} INFO - DAG(s) dict_keys(['download_periodic_1hr_postgres']) retrieved from /opt/airflow/dags/download_periodic_1hr_postgres_google_trends.py
[2023-04-30 22:39:20,746] {logging_mixin.py:109} INFO - [2023-04-30 22:39:20,746] {dag.py:2396} INFO - Sync 1 DAGs
[2023-04-30 22:39:20,759] {logging_mixin.py:109} INFO - [2023-04-30 22:39:20,759] {dag.py:2928} INFO - Setting next_dagrun for download_periodic_1hr_postgres to None
[2023-04-30 22:39:20,768] {processor.py:171} INFO - Processing /opt/airflow/dags/download_periodic_1hr_postgres_google_trends.py took 0.069 seconds
[2023-04-30 22:39:50,929] {processor.py:163} INFO - Started process (PID=209) to work on /opt/airflow/dags/download_periodic_1hr_postgres_google_trends.py
[2023-04-30 22:39:50,931] {processor.py:625} INFO - Processing file /opt/airflow/dags/download_periodic_1hr_postgres_google_trends.py for tasks to queue
[2023-04-30 22:39:50,932] {logging_mixin.py:109} INFO - [2023-04-30 22:39:50,932] {dagbag.py:500} INFO - Filling up the DagBag from /opt/airflow/dags/download_periodic_1hr_postgres_google_trends.py
[2023-04-30 22:39:50,962] {processor.py:637} INFO - DAG(s) dict_keys(['download_periodic_1hr_postgres']) retrieved from /opt/airflow/dags/download_periodic_1hr_postgres_google_trends.py
[2023-04-30 22:39:50,971] {logging_mixin.py:109} INFO - [2023-04-30 22:39:50,971] {dag.py:2396} INFO - Sync 1 DAGs
[2023-04-30 22:39:50,984] {logging_mixin.py:109} INFO - [2023-04-30 22:39:50,984] {dag.py:2928} INFO - Setting next_dagrun for download_periodic_1hr_postgres to None
[2023-04-30 22:39:50,993] {processor.py:171} INFO - Processing /opt/airflow/dags/download_periodic_1hr_postgres_google_trends.py took 0.068 seconds
[2023-04-30 22:40:43,336] {processor.py:163} INFO - Started process (PID=212) to work on /opt/airflow/dags/download_periodic_1hr_postgres_google_trends.py
[2023-04-30 22:40:43,339] {processor.py:625} INFO - Processing file /opt/airflow/dags/download_periodic_1hr_postgres_google_trends.py for tasks to queue
[2023-04-30 22:40:43,341] {logging_mixin.py:109} INFO - [2023-04-30 22:40:43,340] {dagbag.py:500} INFO - Filling up the DagBag from /opt/airflow/dags/download_periodic_1hr_postgres_google_trends.py
[2023-04-30 22:40:43,372] {processor.py:637} INFO - DAG(s) dict_keys(['download_periodic_1hr_postgres']) retrieved from /opt/airflow/dags/download_periodic_1hr_postgres_google_trends.py
[2023-04-30 22:40:43,381] {logging_mixin.py:109} INFO - [2023-04-30 22:40:43,381] {dag.py:2396} INFO - Sync 1 DAGs
[2023-04-30 22:40:43,395] {logging_mixin.py:109} INFO - [2023-04-30 22:40:43,395] {dag.py:2928} INFO - Setting next_dagrun for download_periodic_1hr_postgres to None
[2023-04-30 22:40:43,403] {processor.py:171} INFO - Processing /opt/airflow/dags/download_periodic_1hr_postgres_google_trends.py took 0.071 seconds
[2023-04-30 22:47:30,701] {processor.py:163} INFO - Started process (PID=217) to work on /opt/airflow/dags/download_periodic_1hr_postgres_google_trends.py
[2023-04-30 22:47:30,704] {processor.py:625} INFO - Processing file /opt/airflow/dags/download_periodic_1hr_postgres_google_trends.py for tasks to queue
[2023-04-30 22:47:30,708] {logging_mixin.py:109} INFO - [2023-04-30 22:47:30,708] {dagbag.py:500} INFO - Filling up the DagBag from /opt/airflow/dags/download_periodic_1hr_postgres_google_trends.py
[2023-04-30 22:47:30,775] {processor.py:637} INFO - DAG(s) dict_keys(['download_periodic_1hr_postgres']) retrieved from /opt/airflow/dags/download_periodic_1hr_postgres_google_trends.py
[2023-04-30 22:47:30,794] {logging_mixin.py:109} INFO - [2023-04-30 22:47:30,794] {dag.py:2396} INFO - Sync 1 DAGs
[2023-04-30 22:47:30,820] {logging_mixin.py:109} INFO - [2023-04-30 22:47:30,819] {dag.py:2928} INFO - Setting next_dagrun for download_periodic_1hr_postgres to None
[2023-04-30 22:47:30,835] {processor.py:171} INFO - Processing /opt/airflow/dags/download_periodic_1hr_postgres_google_trends.py took 0.141 seconds
[2023-04-30 23:40:03,721] {processor.py:163} INFO - Started process (PID=221) to work on /opt/airflow/dags/download_periodic_1hr_postgres_google_trends.py
[2023-04-30 23:40:03,723] {processor.py:625} INFO - Processing file /opt/airflow/dags/download_periodic_1hr_postgres_google_trends.py for tasks to queue
[2023-04-30 23:40:03,725] {logging_mixin.py:109} INFO - [2023-04-30 23:40:03,724] {dagbag.py:500} INFO - Filling up the DagBag from /opt/airflow/dags/download_periodic_1hr_postgres_google_trends.py
[2023-04-30 23:40:03,750] {processor.py:637} INFO - DAG(s) dict_keys(['download_periodic_1hr_postgres']) retrieved from /opt/airflow/dags/download_periodic_1hr_postgres_google_trends.py
[2023-04-30 23:40:03,759] {logging_mixin.py:109} INFO - [2023-04-30 23:40:03,759] {dag.py:2396} INFO - Sync 1 DAGs
[2023-04-30 23:40:03,771] {logging_mixin.py:109} INFO - [2023-04-30 23:40:03,771] {dag.py:2928} INFO - Setting next_dagrun for download_periodic_1hr_postgres to None
[2023-04-30 23:40:03,815] {processor.py:171} INFO - Processing /opt/airflow/dags/download_periodic_1hr_postgres_google_trends.py took 0.097 seconds
[2023-04-30 23:40:34,462] {processor.py:163} INFO - Started process (PID=224) to work on /opt/airflow/dags/download_periodic_1hr_postgres_google_trends.py
[2023-04-30 23:40:34,471] {processor.py:625} INFO - Processing file /opt/airflow/dags/download_periodic_1hr_postgres_google_trends.py for tasks to queue
[2023-04-30 23:40:34,479] {logging_mixin.py:109} INFO - [2023-04-30 23:40:34,478] {dagbag.py:500} INFO - Filling up the DagBag from /opt/airflow/dags/download_periodic_1hr_postgres_google_trends.py
[2023-04-30 23:40:34,604] {processor.py:637} INFO - DAG(s) dict_keys(['download_periodic_1hr_postgres']) retrieved from /opt/airflow/dags/download_periodic_1hr_postgres_google_trends.py
[2023-04-30 23:40:34,653] {logging_mixin.py:109} INFO - [2023-04-30 23:40:34,653] {dag.py:2396} INFO - Sync 1 DAGs
[2023-04-30 23:40:34,716] {logging_mixin.py:109} INFO - [2023-04-30 23:40:34,716] {dag.py:2928} INFO - Setting next_dagrun for download_periodic_1hr_postgres to None
[2023-04-30 23:40:34,755] {processor.py:171} INFO - Processing /opt/airflow/dags/download_periodic_1hr_postgres_google_trends.py took 0.309 seconds
