[2023-05-02T02:30:20.051+0000] {taskinstance.py:1090} INFO - Dependencies all met for dep_context=non-requeueable deps ti=<TaskInstance: dag_1min.dump_1m scheduled__2023-05-02T02:25:00+00:00 [queued]>
[2023-05-02T02:30:20.188+0000] {taskinstance.py:1090} INFO - Dependencies all met for dep_context=requeueable deps ti=<TaskInstance: dag_1min.dump_1m scheduled__2023-05-02T02:25:00+00:00 [queued]>
[2023-05-02T02:30:20.193+0000] {taskinstance.py:1288} INFO - 
--------------------------------------------------------------------------------
[2023-05-02T02:30:20.196+0000] {taskinstance.py:1289} INFO - Starting attempt 1 of 1
[2023-05-02T02:30:20.199+0000] {taskinstance.py:1290} INFO - 
--------------------------------------------------------------------------------
[2023-05-02T02:30:20.380+0000] {taskinstance.py:1309} INFO - Executing <Task(PythonOperator): dump_1m> on 2023-05-02 02:25:00+00:00
[2023-05-02T02:30:20.419+0000] {standard_task_runner.py:55} INFO - Started process 1369 to run task
[2023-05-02T02:30:20.456+0000] {standard_task_runner.py:82} INFO - Running: ['***', 'tasks', 'run', 'dag_1min', 'dump_1m', 'scheduled__2023-05-02T02:25:00+00:00', '--job-id', '82', '--raw', '--subdir', 'DAGS_FOLDER/dag_1min.py', '--cfg-path', '/tmp/tmp0680l36p']
[2023-05-02T02:30:20.460+0000] {standard_task_runner.py:83} INFO - Job 82: Subtask dump_1m
[2023-05-02T02:30:21.041+0000] {task_command.py:389} INFO - Running <TaskInstance: dag_1min.dump_1m scheduled__2023-05-02T02:25:00+00:00 [running]> on host 178acfe6cdbb
[2023-05-02T02:30:23.176+0000] {taskinstance.py:1518} INFO - Exporting the following env vars:
AIRFLOW_CTX_DAG_OWNER=coder2j
AIRFLOW_CTX_DAG_ID=dag_1min
AIRFLOW_CTX_TASK_ID=dump_1m
AIRFLOW_CTX_EXECUTION_DATE=2023-05-02T02:25:00+00:00
AIRFLOW_CTX_TRY_NUMBER=1
AIRFLOW_CTX_DAG_RUN_ID=scheduled__2023-05-02T02:25:00+00:00
[2023-05-02T02:30:25.678+0000] {logging_mixin.py:137} WARNING -   0%|          | 0/2 [00:00<?, ?it/s]
[2023-05-02T02:30:26.912+0000] {logging_mixin.py:137} INFO - [*********************100%***********************]  1 of 1 completed
[2023-05-02T02:30:29.422+0000] {logging_mixin.py:137} WARNING -  50%|#####     | 1/2 [00:03<00:03,  3.73s/it]
[2023-05-02T02:30:29.881+0000] {logging_mixin.py:137} INFO - [*********************100%***********************]  1 of 1 completed
[2023-05-02T02:30:31.525+0000] {logging_mixin.py:137} WARNING - 100%|##########| 2/2 [00:05<00:00,  2.77s/it]
[2023-05-02T02:30:31.541+0000] {logging_mixin.py:137} WARNING - 100%|##########| 2/2 [00:05<00:00,  2.93s/it]
[2023-05-02T02:30:31.584+0000] {logging_mixin.py:137} INFO - Index(['open', 'high', 'low', 'close', 'adj_close', 'volume', 'timestamp',
       'currency_pair', 'exchangetimezonename', 'timezone'],
      dtype='object')
[2023-05-02T02:30:31.799+0000] {download_yahoo.py:57} INFO - Downloaded data: 
	         open       high        low  ...  currency_pair  exchangetimezonename  timezone
0  16.587513  16.587513  16.587513  ...       AVAX-USD                   UTC       UTC
1  16.588129  16.588129  16.588129  ...       AVAX-USD                   UTC       UTC
2  16.590982  16.590982  16.590982  ...       AVAX-USD                   UTC       UTC
3  16.592091  16.592091  16.592091  ...       AVAX-USD                   UTC       UTC
4  16.593378  16.593378  16.593378  ...       AVAX-USD                   UTC       UTC

[5 rows x 10 columns]
[2023-05-02T02:30:32.223+0000] {python.py:177} INFO - Done. Returned value was: None
[2023-05-02T02:30:32.298+0000] {taskinstance.py:1332} INFO - Marking task as SUCCESS. dag_id=dag_1min, task_id=dump_1m, execution_date=20230502T022500, start_date=20230502T023020, end_date=20230502T023032
[2023-05-02T02:30:32.651+0000] {local_task_job.py:212} INFO - Task exited with return code 0
[2023-05-02T02:30:32.792+0000] {taskinstance.py:2596} INFO - 0 downstream tasks scheduled from follow-on schedule check
