[2023-04-29 23:10:17,520] {processor.py:163} INFO - Started process (PID=67) to work on /opt/airflow/dags/download_historical_postgres_google_trends.py
[2023-04-29 23:10:17,522] {processor.py:625} INFO - Processing file /opt/airflow/dags/download_historical_postgres_google_trends.py for tasks to queue
[2023-04-29 23:10:17,524] {logging_mixin.py:109} INFO - [2023-04-29 23:10:17,524] {dagbag.py:500} INFO - Filling up the DagBag from /opt/airflow/dags/download_historical_postgres_google_trends.py
[2023-04-29 23:10:17,559] {processor.py:637} INFO - DAG(s) dict_keys(['download_historical_postgres']) retrieved from /opt/airflow/dags/download_historical_postgres_google_trends.py
[2023-04-29 23:10:18,562] {logging_mixin.py:109} INFO - [2023-04-29 23:10:18,562] {providers_manager.py:156} WARNING - Exception when importing 'airflow.providers.google.leveldb.hooks.leveldb.LevelDBHook' from 'apache-airflow-providers-google' package: No module named 'plyvel'
[2023-04-29 23:10:18,904] {logging_mixin.py:109} INFO - [2023-04-29 23:10:18,904] {providers_manager.py:156} WARNING - Exception when importing 'airflow.providers.google.leveldb.hooks.leveldb.LevelDBHook' from 'apache-airflow-providers-google' package: No module named 'plyvel'
[2023-04-29 23:10:18,922] {logging_mixin.py:109} INFO - [2023-04-29 23:10:18,922] {manager.py:496} INFO - Created Permission View: can read on DAG:download_historical_postgres
[2023-04-29 23:10:18,930] {logging_mixin.py:109} INFO - [2023-04-29 23:10:18,930] {manager.py:496} INFO - Created Permission View: can edit on DAG:download_historical_postgres
[2023-04-29 23:10:18,932] {logging_mixin.py:109} INFO - [2023-04-29 23:10:18,931] {dag.py:2396} INFO - Sync 1 DAGs
[2023-04-29 23:10:18,937] {logging_mixin.py:109} INFO - [2023-04-29 23:10:18,937] {dag.py:2415} INFO - Creating ORM DAG for download_historical_postgres
[2023-04-29 23:10:18,944] {logging_mixin.py:109} INFO - [2023-04-29 23:10:18,944] {dag.py:2928} INFO - Setting next_dagrun for download_historical_postgres to None
[2023-04-29 23:10:18,954] {processor.py:171} INFO - Processing /opt/airflow/dags/download_historical_postgres_google_trends.py took 1.438 seconds
[2023-04-29 23:10:49,744] {processor.py:163} INFO - Started process (PID=78) to work on /opt/airflow/dags/download_historical_postgres_google_trends.py
[2023-04-29 23:10:49,747] {processor.py:625} INFO - Processing file /opt/airflow/dags/download_historical_postgres_google_trends.py for tasks to queue
[2023-04-29 23:10:49,748] {logging_mixin.py:109} INFO - [2023-04-29 23:10:49,748] {dagbag.py:500} INFO - Filling up the DagBag from /opt/airflow/dags/download_historical_postgres_google_trends.py
[2023-04-29 23:10:49,784] {processor.py:637} INFO - DAG(s) dict_keys(['download_historical_postgres']) retrieved from /opt/airflow/dags/download_historical_postgres_google_trends.py
[2023-04-29 23:10:49,794] {logging_mixin.py:109} INFO - [2023-04-29 23:10:49,794] {dag.py:2396} INFO - Sync 1 DAGs
[2023-04-29 23:10:49,808] {logging_mixin.py:109} INFO - [2023-04-29 23:10:49,807] {dag.py:2928} INFO - Setting next_dagrun for download_historical_postgres to None
[2023-04-29 23:10:49,815] {processor.py:171} INFO - Processing /opt/airflow/dags/download_historical_postgres_google_trends.py took 0.075 seconds
[2023-04-29 23:11:19,895] {processor.py:163} INFO - Started process (PID=81) to work on /opt/airflow/dags/download_historical_postgres_google_trends.py
[2023-04-29 23:11:19,898] {processor.py:625} INFO - Processing file /opt/airflow/dags/download_historical_postgres_google_trends.py for tasks to queue
[2023-04-29 23:11:19,900] {logging_mixin.py:109} INFO - [2023-04-29 23:11:19,900] {dagbag.py:500} INFO - Filling up the DagBag from /opt/airflow/dags/download_historical_postgres_google_trends.py
[2023-04-29 23:11:19,934] {processor.py:637} INFO - DAG(s) dict_keys(['download_historical_postgres']) retrieved from /opt/airflow/dags/download_historical_postgres_google_trends.py
[2023-04-29 23:11:19,945] {logging_mixin.py:109} INFO - [2023-04-29 23:11:19,945] {dag.py:2396} INFO - Sync 1 DAGs
[2023-04-29 23:11:19,958] {logging_mixin.py:109} INFO - [2023-04-29 23:11:19,958] {dag.py:2928} INFO - Setting next_dagrun for download_historical_postgres to None
[2023-04-29 23:11:19,967] {processor.py:171} INFO - Processing /opt/airflow/dags/download_historical_postgres_google_trends.py took 0.076 seconds
[2023-04-29 23:11:50,240] {processor.py:163} INFO - Started process (PID=84) to work on /opt/airflow/dags/download_historical_postgres_google_trends.py
[2023-04-29 23:11:50,243] {processor.py:625} INFO - Processing file /opt/airflow/dags/download_historical_postgres_google_trends.py for tasks to queue
[2023-04-29 23:11:50,245] {logging_mixin.py:109} INFO - [2023-04-29 23:11:50,245] {dagbag.py:500} INFO - Filling up the DagBag from /opt/airflow/dags/download_historical_postgres_google_trends.py
[2023-04-29 23:11:50,279] {processor.py:637} INFO - DAG(s) dict_keys(['download_historical_postgres']) retrieved from /opt/airflow/dags/download_historical_postgres_google_trends.py
[2023-04-29 23:11:50,288] {logging_mixin.py:109} INFO - [2023-04-29 23:11:50,288] {dag.py:2396} INFO - Sync 1 DAGs
[2023-04-29 23:11:50,301] {logging_mixin.py:109} INFO - [2023-04-29 23:11:50,301] {dag.py:2928} INFO - Setting next_dagrun for download_historical_postgres to None
[2023-04-29 23:11:50,309] {processor.py:171} INFO - Processing /opt/airflow/dags/download_historical_postgres_google_trends.py took 0.073 seconds
[2023-04-29 23:12:20,463] {processor.py:163} INFO - Started process (PID=87) to work on /opt/airflow/dags/download_historical_postgres_google_trends.py
[2023-04-29 23:12:20,466] {processor.py:625} INFO - Processing file /opt/airflow/dags/download_historical_postgres_google_trends.py for tasks to queue
[2023-04-29 23:12:20,468] {logging_mixin.py:109} INFO - [2023-04-29 23:12:20,467] {dagbag.py:500} INFO - Filling up the DagBag from /opt/airflow/dags/download_historical_postgres_google_trends.py
[2023-04-29 23:12:20,501] {processor.py:637} INFO - DAG(s) dict_keys(['download_historical_postgres']) retrieved from /opt/airflow/dags/download_historical_postgres_google_trends.py
[2023-04-29 23:12:20,511] {logging_mixin.py:109} INFO - [2023-04-29 23:12:20,510] {dag.py:2396} INFO - Sync 1 DAGs
[2023-04-29 23:12:20,524] {logging_mixin.py:109} INFO - [2023-04-29 23:12:20,524] {dag.py:2928} INFO - Setting next_dagrun for download_historical_postgres to None
[2023-04-29 23:12:20,532] {processor.py:171} INFO - Processing /opt/airflow/dags/download_historical_postgres_google_trends.py took 0.074 seconds
[2023-04-29 23:12:50,610] {processor.py:163} INFO - Started process (PID=90) to work on /opt/airflow/dags/download_historical_postgres_google_trends.py
[2023-04-29 23:12:50,612] {processor.py:625} INFO - Processing file /opt/airflow/dags/download_historical_postgres_google_trends.py for tasks to queue
[2023-04-29 23:12:50,614] {logging_mixin.py:109} INFO - [2023-04-29 23:12:50,614] {dagbag.py:500} INFO - Filling up the DagBag from /opt/airflow/dags/download_historical_postgres_google_trends.py
[2023-04-29 23:12:50,649] {processor.py:637} INFO - DAG(s) dict_keys(['download_historical_postgres']) retrieved from /opt/airflow/dags/download_historical_postgres_google_trends.py
[2023-04-29 23:12:50,658] {logging_mixin.py:109} INFO - [2023-04-29 23:12:50,658] {dag.py:2396} INFO - Sync 1 DAGs
[2023-04-29 23:12:50,671] {logging_mixin.py:109} INFO - [2023-04-29 23:12:50,671] {dag.py:2928} INFO - Setting next_dagrun for download_historical_postgres to None
[2023-04-29 23:12:50,679] {processor.py:171} INFO - Processing /opt/airflow/dags/download_historical_postgres_google_trends.py took 0.074 seconds
[2023-04-29 23:13:20,913] {processor.py:163} INFO - Started process (PID=93) to work on /opt/airflow/dags/download_historical_postgres_google_trends.py
[2023-04-29 23:13:20,915] {processor.py:625} INFO - Processing file /opt/airflow/dags/download_historical_postgres_google_trends.py for tasks to queue
[2023-04-29 23:13:20,917] {logging_mixin.py:109} INFO - [2023-04-29 23:13:20,916] {dagbag.py:500} INFO - Filling up the DagBag from /opt/airflow/dags/download_historical_postgres_google_trends.py
[2023-04-29 23:13:20,949] {processor.py:637} INFO - DAG(s) dict_keys(['download_historical_postgres']) retrieved from /opt/airflow/dags/download_historical_postgres_google_trends.py
[2023-04-29 23:13:20,958] {logging_mixin.py:109} INFO - [2023-04-29 23:13:20,958] {dag.py:2396} INFO - Sync 1 DAGs
[2023-04-29 23:13:20,971] {logging_mixin.py:109} INFO - [2023-04-29 23:13:20,971] {dag.py:2928} INFO - Setting next_dagrun for download_historical_postgres to None
[2023-04-29 23:13:20,979] {processor.py:171} INFO - Processing /opt/airflow/dags/download_historical_postgres_google_trends.py took 0.070 seconds
[2023-04-29 23:13:51,135] {processor.py:163} INFO - Started process (PID=96) to work on /opt/airflow/dags/download_historical_postgres_google_trends.py
[2023-04-29 23:13:51,137] {processor.py:625} INFO - Processing file /opt/airflow/dags/download_historical_postgres_google_trends.py for tasks to queue
[2023-04-29 23:13:51,139] {logging_mixin.py:109} INFO - [2023-04-29 23:13:51,139] {dagbag.py:500} INFO - Filling up the DagBag from /opt/airflow/dags/download_historical_postgres_google_trends.py
[2023-04-29 23:13:51,167] {processor.py:637} INFO - DAG(s) dict_keys(['download_historical_postgres']) retrieved from /opt/airflow/dags/download_historical_postgres_google_trends.py
[2023-04-29 23:13:51,177] {logging_mixin.py:109} INFO - [2023-04-29 23:13:51,177] {dag.py:2396} INFO - Sync 1 DAGs
[2023-04-29 23:13:51,190] {logging_mixin.py:109} INFO - [2023-04-29 23:13:51,190] {dag.py:2928} INFO - Setting next_dagrun for download_historical_postgres to None
[2023-04-29 23:13:51,198] {processor.py:171} INFO - Processing /opt/airflow/dags/download_historical_postgres_google_trends.py took 0.066 seconds
[2023-04-29 23:14:21,271] {processor.py:163} INFO - Started process (PID=99) to work on /opt/airflow/dags/download_historical_postgres_google_trends.py
[2023-04-29 23:14:21,273] {processor.py:625} INFO - Processing file /opt/airflow/dags/download_historical_postgres_google_trends.py for tasks to queue
[2023-04-29 23:14:21,274] {logging_mixin.py:109} INFO - [2023-04-29 23:14:21,274] {dagbag.py:500} INFO - Filling up the DagBag from /opt/airflow/dags/download_historical_postgres_google_trends.py
[2023-04-29 23:14:21,303] {processor.py:637} INFO - DAG(s) dict_keys(['download_historical_postgres']) retrieved from /opt/airflow/dags/download_historical_postgres_google_trends.py
[2023-04-29 23:14:21,312] {logging_mixin.py:109} INFO - [2023-04-29 23:14:21,312] {dag.py:2396} INFO - Sync 1 DAGs
[2023-04-29 23:14:21,325] {logging_mixin.py:109} INFO - [2023-04-29 23:14:21,325] {dag.py:2928} INFO - Setting next_dagrun for download_historical_postgres to None
[2023-04-29 23:14:21,333] {processor.py:171} INFO - Processing /opt/airflow/dags/download_historical_postgres_google_trends.py took 0.065 seconds
[2023-04-29 23:14:51,481] {processor.py:163} INFO - Started process (PID=102) to work on /opt/airflow/dags/download_historical_postgres_google_trends.py
[2023-04-29 23:14:51,483] {processor.py:625} INFO - Processing file /opt/airflow/dags/download_historical_postgres_google_trends.py for tasks to queue
[2023-04-29 23:14:51,485] {logging_mixin.py:109} INFO - [2023-04-29 23:14:51,485] {dagbag.py:500} INFO - Filling up the DagBag from /opt/airflow/dags/download_historical_postgres_google_trends.py
[2023-04-29 23:14:51,517] {processor.py:637} INFO - DAG(s) dict_keys(['download_historical_postgres']) retrieved from /opt/airflow/dags/download_historical_postgres_google_trends.py
[2023-04-29 23:14:51,526] {logging_mixin.py:109} INFO - [2023-04-29 23:14:51,526] {dag.py:2396} INFO - Sync 1 DAGs
[2023-04-29 23:14:51,540] {logging_mixin.py:109} INFO - [2023-04-29 23:14:51,540] {dag.py:2928} INFO - Setting next_dagrun for download_historical_postgres to None
[2023-04-29 23:14:51,549] {processor.py:171} INFO - Processing /opt/airflow/dags/download_historical_postgres_google_trends.py took 0.072 seconds
[2023-04-29 23:15:21,718] {processor.py:163} INFO - Started process (PID=105) to work on /opt/airflow/dags/download_historical_postgres_google_trends.py
[2023-04-29 23:15:21,721] {processor.py:625} INFO - Processing file /opt/airflow/dags/download_historical_postgres_google_trends.py for tasks to queue
[2023-04-29 23:15:21,723] {logging_mixin.py:109} INFO - [2023-04-29 23:15:21,723] {dagbag.py:500} INFO - Filling up the DagBag from /opt/airflow/dags/download_historical_postgres_google_trends.py
[2023-04-29 23:15:21,755] {processor.py:637} INFO - DAG(s) dict_keys(['download_historical_postgres']) retrieved from /opt/airflow/dags/download_historical_postgres_google_trends.py
[2023-04-29 23:15:21,766] {logging_mixin.py:109} INFO - [2023-04-29 23:15:21,766] {dag.py:2396} INFO - Sync 1 DAGs
[2023-04-29 23:15:21,782] {logging_mixin.py:109} INFO - [2023-04-29 23:15:21,781] {dag.py:2928} INFO - Setting next_dagrun for download_historical_postgres to None
[2023-04-29 23:15:21,791] {processor.py:171} INFO - Processing /opt/airflow/dags/download_historical_postgres_google_trends.py took 0.077 seconds
[2023-04-29 23:15:52,003] {processor.py:163} INFO - Started process (PID=108) to work on /opt/airflow/dags/download_historical_postgres_google_trends.py
[2023-04-29 23:15:52,005] {processor.py:625} INFO - Processing file /opt/airflow/dags/download_historical_postgres_google_trends.py for tasks to queue
[2023-04-29 23:15:52,007] {logging_mixin.py:109} INFO - [2023-04-29 23:15:52,007] {dagbag.py:500} INFO - Filling up the DagBag from /opt/airflow/dags/download_historical_postgres_google_trends.py
[2023-04-29 23:15:52,035] {processor.py:637} INFO - DAG(s) dict_keys(['download_historical_postgres']) retrieved from /opt/airflow/dags/download_historical_postgres_google_trends.py
[2023-04-29 23:15:52,044] {logging_mixin.py:109} INFO - [2023-04-29 23:15:52,044] {dag.py:2396} INFO - Sync 1 DAGs
[2023-04-29 23:15:52,058] {logging_mixin.py:109} INFO - [2023-04-29 23:15:52,058] {dag.py:2928} INFO - Setting next_dagrun for download_historical_postgres to None
[2023-04-29 23:15:52,066] {processor.py:171} INFO - Processing /opt/airflow/dags/download_historical_postgres_google_trends.py took 0.067 seconds
[2023-04-29 23:16:22,140] {processor.py:163} INFO - Started process (PID=111) to work on /opt/airflow/dags/download_historical_postgres_google_trends.py
[2023-04-29 23:16:22,143] {processor.py:625} INFO - Processing file /opt/airflow/dags/download_historical_postgres_google_trends.py for tasks to queue
[2023-04-29 23:16:22,144] {logging_mixin.py:109} INFO - [2023-04-29 23:16:22,144] {dagbag.py:500} INFO - Filling up the DagBag from /opt/airflow/dags/download_historical_postgres_google_trends.py
[2023-04-29 23:16:22,177] {processor.py:637} INFO - DAG(s) dict_keys(['download_historical_postgres']) retrieved from /opt/airflow/dags/download_historical_postgres_google_trends.py
[2023-04-29 23:16:22,187] {logging_mixin.py:109} INFO - [2023-04-29 23:16:22,186] {dag.py:2396} INFO - Sync 1 DAGs
[2023-04-29 23:16:22,200] {logging_mixin.py:109} INFO - [2023-04-29 23:16:22,200] {dag.py:2928} INFO - Setting next_dagrun for download_historical_postgres to None
[2023-04-29 23:16:22,209] {processor.py:171} INFO - Processing /opt/airflow/dags/download_historical_postgres_google_trends.py took 0.073 seconds
[2023-04-29 23:16:52,339] {processor.py:163} INFO - Started process (PID=114) to work on /opt/airflow/dags/download_historical_postgres_google_trends.py
[2023-04-29 23:16:52,341] {processor.py:625} INFO - Processing file /opt/airflow/dags/download_historical_postgres_google_trends.py for tasks to queue
[2023-04-29 23:16:52,343] {logging_mixin.py:109} INFO - [2023-04-29 23:16:52,343] {dagbag.py:500} INFO - Filling up the DagBag from /opt/airflow/dags/download_historical_postgres_google_trends.py
[2023-04-29 23:16:52,372] {processor.py:637} INFO - DAG(s) dict_keys(['download_historical_postgres']) retrieved from /opt/airflow/dags/download_historical_postgres_google_trends.py
[2023-04-29 23:16:52,381] {logging_mixin.py:109} INFO - [2023-04-29 23:16:52,381] {dag.py:2396} INFO - Sync 1 DAGs
[2023-04-29 23:16:52,395] {logging_mixin.py:109} INFO - [2023-04-29 23:16:52,395] {dag.py:2928} INFO - Setting next_dagrun for download_historical_postgres to None
[2023-04-29 23:16:52,402] {processor.py:171} INFO - Processing /opt/airflow/dags/download_historical_postgres_google_trends.py took 0.067 seconds
[2023-04-29 23:17:22,484] {processor.py:163} INFO - Started process (PID=117) to work on /opt/airflow/dags/download_historical_postgres_google_trends.py
[2023-04-29 23:17:22,486] {processor.py:625} INFO - Processing file /opt/airflow/dags/download_historical_postgres_google_trends.py for tasks to queue
[2023-04-29 23:17:22,488] {logging_mixin.py:109} INFO - [2023-04-29 23:17:22,488] {dagbag.py:500} INFO - Filling up the DagBag from /opt/airflow/dags/download_historical_postgres_google_trends.py
[2023-04-29 23:17:22,520] {processor.py:637} INFO - DAG(s) dict_keys(['download_historical_postgres']) retrieved from /opt/airflow/dags/download_historical_postgres_google_trends.py
[2023-04-29 23:17:22,529] {logging_mixin.py:109} INFO - [2023-04-29 23:17:22,529] {dag.py:2396} INFO - Sync 1 DAGs
[2023-04-29 23:17:22,542] {logging_mixin.py:109} INFO - [2023-04-29 23:17:22,542] {dag.py:2928} INFO - Setting next_dagrun for download_historical_postgres to None
[2023-04-29 23:17:22,550] {processor.py:171} INFO - Processing /opt/airflow/dags/download_historical_postgres_google_trends.py took 0.070 seconds
[2023-04-29 23:17:52,801] {processor.py:163} INFO - Started process (PID=120) to work on /opt/airflow/dags/download_historical_postgres_google_trends.py
[2023-04-29 23:17:52,803] {processor.py:625} INFO - Processing file /opt/airflow/dags/download_historical_postgres_google_trends.py for tasks to queue
[2023-04-29 23:17:52,805] {logging_mixin.py:109} INFO - [2023-04-29 23:17:52,805] {dagbag.py:500} INFO - Filling up the DagBag from /opt/airflow/dags/download_historical_postgres_google_trends.py
[2023-04-29 23:17:52,850] {processor.py:637} INFO - DAG(s) dict_keys(['download_historical_postgres']) retrieved from /opt/airflow/dags/download_historical_postgres_google_trends.py
[2023-04-29 23:17:52,865] {logging_mixin.py:109} INFO - [2023-04-29 23:17:52,865] {dag.py:2396} INFO - Sync 1 DAGs
[2023-04-29 23:17:52,888] {logging_mixin.py:109} INFO - [2023-04-29 23:17:52,888] {dag.py:2928} INFO - Setting next_dagrun for download_historical_postgres to None
[2023-04-29 23:17:52,902] {processor.py:171} INFO - Processing /opt/airflow/dags/download_historical_postgres_google_trends.py took 0.106 seconds
[2023-04-29 23:18:22,988] {processor.py:163} INFO - Started process (PID=123) to work on /opt/airflow/dags/download_historical_postgres_google_trends.py
[2023-04-29 23:18:22,990] {processor.py:625} INFO - Processing file /opt/airflow/dags/download_historical_postgres_google_trends.py for tasks to queue
[2023-04-29 23:18:22,992] {logging_mixin.py:109} INFO - [2023-04-29 23:18:22,992] {dagbag.py:500} INFO - Filling up the DagBag from /opt/airflow/dags/download_historical_postgres_google_trends.py
[2023-04-29 23:18:23,029] {processor.py:637} INFO - DAG(s) dict_keys(['download_historical_postgres']) retrieved from /opt/airflow/dags/download_historical_postgres_google_trends.py
[2023-04-29 23:18:23,041] {logging_mixin.py:109} INFO - [2023-04-29 23:18:23,041] {dag.py:2396} INFO - Sync 1 DAGs
[2023-04-29 23:18:23,056] {logging_mixin.py:109} INFO - [2023-04-29 23:18:23,056] {dag.py:2928} INFO - Setting next_dagrun for download_historical_postgres to None
[2023-04-29 23:18:23,064] {processor.py:171} INFO - Processing /opt/airflow/dags/download_historical_postgres_google_trends.py took 0.081 seconds
[2023-04-29 23:20:52,938] {processor.py:163} INFO - Started process (PID=67) to work on /opt/airflow/dags/download_historical_postgres_google_trends.py
[2023-04-29 23:20:52,941] {processor.py:625} INFO - Processing file /opt/airflow/dags/download_historical_postgres_google_trends.py for tasks to queue
[2023-04-29 23:20:52,942] {logging_mixin.py:109} INFO - [2023-04-29 23:20:52,942] {dagbag.py:500} INFO - Filling up the DagBag from /opt/airflow/dags/download_historical_postgres_google_trends.py
[2023-04-29 23:20:52,974] {processor.py:637} INFO - DAG(s) dict_keys(['download_historical_postgres']) retrieved from /opt/airflow/dags/download_historical_postgres_google_trends.py
[2023-04-29 23:20:53,919] {logging_mixin.py:109} INFO - [2023-04-29 23:20:53,919] {providers_manager.py:156} WARNING - Exception when importing 'airflow.providers.google.leveldb.hooks.leveldb.LevelDBHook' from 'apache-airflow-providers-google' package: No module named 'plyvel'
[2023-04-29 23:20:54,205] {logging_mixin.py:109} INFO - [2023-04-29 23:20:54,205] {providers_manager.py:156} WARNING - Exception when importing 'airflow.providers.google.leveldb.hooks.leveldb.LevelDBHook' from 'apache-airflow-providers-google' package: No module named 'plyvel'
[2023-04-29 23:20:54,231] {logging_mixin.py:109} INFO - [2023-04-29 23:20:54,231] {manager.py:496} INFO - Created Permission View: can edit on DAG:download_historical_postgres
[2023-04-29 23:20:54,239] {logging_mixin.py:109} INFO - [2023-04-29 23:20:54,239] {manager.py:496} INFO - Created Permission View: can read on DAG:download_historical_postgres
[2023-04-29 23:20:54,240] {logging_mixin.py:109} INFO - [2023-04-29 23:20:54,240] {dag.py:2396} INFO - Sync 1 DAGs
[2023-04-29 23:20:54,247] {logging_mixin.py:109} INFO - [2023-04-29 23:20:54,247] {dag.py:2415} INFO - Creating ORM DAG for download_historical_postgres
[2023-04-29 23:20:54,254] {logging_mixin.py:109} INFO - [2023-04-29 23:20:54,254] {dag.py:2928} INFO - Setting next_dagrun for download_historical_postgres to None
[2023-04-29 23:20:54,265] {processor.py:171} INFO - Processing /opt/airflow/dags/download_historical_postgres_google_trends.py took 1.331 seconds
[2023-04-29 23:21:25,062] {processor.py:163} INFO - Started process (PID=78) to work on /opt/airflow/dags/download_historical_postgres_google_trends.py
[2023-04-29 23:21:25,064] {processor.py:625} INFO - Processing file /opt/airflow/dags/download_historical_postgres_google_trends.py for tasks to queue
[2023-04-29 23:21:25,065] {logging_mixin.py:109} INFO - [2023-04-29 23:21:25,065] {dagbag.py:500} INFO - Filling up the DagBag from /opt/airflow/dags/download_historical_postgres_google_trends.py
[2023-04-29 23:21:25,097] {processor.py:637} INFO - DAG(s) dict_keys(['download_historical_postgres']) retrieved from /opt/airflow/dags/download_historical_postgres_google_trends.py
[2023-04-29 23:21:25,108] {logging_mixin.py:109} INFO - [2023-04-29 23:21:25,108] {dag.py:2396} INFO - Sync 1 DAGs
[2023-04-29 23:21:25,121] {logging_mixin.py:109} INFO - [2023-04-29 23:21:25,120] {dag.py:2928} INFO - Setting next_dagrun for download_historical_postgres to None
[2023-04-29 23:21:25,128] {processor.py:171} INFO - Processing /opt/airflow/dags/download_historical_postgres_google_trends.py took 0.071 seconds
[2023-04-29 23:21:55,284] {processor.py:163} INFO - Started process (PID=81) to work on /opt/airflow/dags/download_historical_postgres_google_trends.py
[2023-04-29 23:21:55,286] {processor.py:625} INFO - Processing file /opt/airflow/dags/download_historical_postgres_google_trends.py for tasks to queue
[2023-04-29 23:21:55,289] {logging_mixin.py:109} INFO - [2023-04-29 23:21:55,288] {dagbag.py:500} INFO - Filling up the DagBag from /opt/airflow/dags/download_historical_postgres_google_trends.py
[2023-04-29 23:21:55,328] {processor.py:637} INFO - DAG(s) dict_keys(['download_historical_postgres']) retrieved from /opt/airflow/dags/download_historical_postgres_google_trends.py
[2023-04-29 23:21:55,340] {logging_mixin.py:109} INFO - [2023-04-29 23:21:55,340] {dag.py:2396} INFO - Sync 1 DAGs
[2023-04-29 23:21:55,355] {logging_mixin.py:109} INFO - [2023-04-29 23:21:55,355] {dag.py:2928} INFO - Setting next_dagrun for download_historical_postgres to None
[2023-04-29 23:21:55,368] {processor.py:171} INFO - Processing /opt/airflow/dags/download_historical_postgres_google_trends.py took 0.088 seconds
[2023-04-29 23:22:25,566] {processor.py:163} INFO - Started process (PID=84) to work on /opt/airflow/dags/download_historical_postgres_google_trends.py
[2023-04-29 23:22:25,569] {processor.py:625} INFO - Processing file /opt/airflow/dags/download_historical_postgres_google_trends.py for tasks to queue
[2023-04-29 23:22:25,571] {logging_mixin.py:109} INFO - [2023-04-29 23:22:25,571] {dagbag.py:500} INFO - Filling up the DagBag from /opt/airflow/dags/download_historical_postgres_google_trends.py
[2023-04-29 23:22:25,605] {processor.py:637} INFO - DAG(s) dict_keys(['download_historical_postgres']) retrieved from /opt/airflow/dags/download_historical_postgres_google_trends.py
[2023-04-29 23:22:25,615] {logging_mixin.py:109} INFO - [2023-04-29 23:22:25,614] {dag.py:2396} INFO - Sync 1 DAGs
[2023-04-29 23:22:25,628] {logging_mixin.py:109} INFO - [2023-04-29 23:22:25,628] {dag.py:2928} INFO - Setting next_dagrun for download_historical_postgres to None
[2023-04-29 23:22:25,637] {processor.py:171} INFO - Processing /opt/airflow/dags/download_historical_postgres_google_trends.py took 0.074 seconds
[2023-04-29 23:22:55,755] {processor.py:163} INFO - Started process (PID=87) to work on /opt/airflow/dags/download_historical_postgres_google_trends.py
[2023-04-29 23:22:55,758] {processor.py:625} INFO - Processing file /opt/airflow/dags/download_historical_postgres_google_trends.py for tasks to queue
[2023-04-29 23:22:55,759] {logging_mixin.py:109} INFO - [2023-04-29 23:22:55,759] {dagbag.py:500} INFO - Filling up the DagBag from /opt/airflow/dags/download_historical_postgres_google_trends.py
[2023-04-29 23:22:55,793] {processor.py:637} INFO - DAG(s) dict_keys(['download_historical_postgres']) retrieved from /opt/airflow/dags/download_historical_postgres_google_trends.py
[2023-04-29 23:22:55,804] {logging_mixin.py:109} INFO - [2023-04-29 23:22:55,804] {dag.py:2396} INFO - Sync 1 DAGs
[2023-04-29 23:22:55,817] {logging_mixin.py:109} INFO - [2023-04-29 23:22:55,817] {dag.py:2928} INFO - Setting next_dagrun for download_historical_postgres to None
[2023-04-29 23:22:55,825] {processor.py:171} INFO - Processing /opt/airflow/dags/download_historical_postgres_google_trends.py took 0.074 seconds
[2023-04-29 23:23:25,967] {processor.py:163} INFO - Started process (PID=90) to work on /opt/airflow/dags/download_historical_postgres_google_trends.py
[2023-04-29 23:23:25,970] {processor.py:625} INFO - Processing file /opt/airflow/dags/download_historical_postgres_google_trends.py for tasks to queue
[2023-04-29 23:23:25,971] {logging_mixin.py:109} INFO - [2023-04-29 23:23:25,971] {dagbag.py:500} INFO - Filling up the DagBag from /opt/airflow/dags/download_historical_postgres_google_trends.py
[2023-04-29 23:23:26,004] {processor.py:637} INFO - DAG(s) dict_keys(['download_historical_postgres']) retrieved from /opt/airflow/dags/download_historical_postgres_google_trends.py
[2023-04-29 23:23:26,013] {logging_mixin.py:109} INFO - [2023-04-29 23:23:26,013] {dag.py:2396} INFO - Sync 1 DAGs
[2023-04-29 23:23:26,028] {logging_mixin.py:109} INFO - [2023-04-29 23:23:26,028] {dag.py:2928} INFO - Setting next_dagrun for download_historical_postgres to None
[2023-04-29 23:23:26,037] {processor.py:171} INFO - Processing /opt/airflow/dags/download_historical_postgres_google_trends.py took 0.074 seconds
[2023-04-29 23:23:56,198] {processor.py:163} INFO - Started process (PID=93) to work on /opt/airflow/dags/download_historical_postgres_google_trends.py
[2023-04-29 23:23:56,201] {processor.py:625} INFO - Processing file /opt/airflow/dags/download_historical_postgres_google_trends.py for tasks to queue
[2023-04-29 23:23:56,203] {logging_mixin.py:109} INFO - [2023-04-29 23:23:56,202] {dagbag.py:500} INFO - Filling up the DagBag from /opt/airflow/dags/download_historical_postgres_google_trends.py
[2023-04-29 23:23:56,234] {processor.py:637} INFO - DAG(s) dict_keys(['download_historical_postgres']) retrieved from /opt/airflow/dags/download_historical_postgres_google_trends.py
[2023-04-29 23:23:56,243] {logging_mixin.py:109} INFO - [2023-04-29 23:23:56,243] {dag.py:2396} INFO - Sync 1 DAGs
[2023-04-29 23:23:56,257] {logging_mixin.py:109} INFO - [2023-04-29 23:23:56,257] {dag.py:2928} INFO - Setting next_dagrun for download_historical_postgres to None
[2023-04-29 23:23:56,265] {processor.py:171} INFO - Processing /opt/airflow/dags/download_historical_postgres_google_trends.py took 0.071 seconds
[2023-04-29 23:24:26,410] {processor.py:163} INFO - Started process (PID=96) to work on /opt/airflow/dags/download_historical_postgres_google_trends.py
[2023-04-29 23:24:26,412] {processor.py:625} INFO - Processing file /opt/airflow/dags/download_historical_postgres_google_trends.py for tasks to queue
[2023-04-29 23:24:26,414] {logging_mixin.py:109} INFO - [2023-04-29 23:24:26,413] {dagbag.py:500} INFO - Filling up the DagBag from /opt/airflow/dags/download_historical_postgres_google_trends.py
[2023-04-29 23:24:26,444] {processor.py:637} INFO - DAG(s) dict_keys(['download_historical_postgres']) retrieved from /opt/airflow/dags/download_historical_postgres_google_trends.py
[2023-04-29 23:24:26,455] {logging_mixin.py:109} INFO - [2023-04-29 23:24:26,454] {dag.py:2396} INFO - Sync 1 DAGs
[2023-04-29 23:24:26,469] {logging_mixin.py:109} INFO - [2023-04-29 23:24:26,469] {dag.py:2928} INFO - Setting next_dagrun for download_historical_postgres to None
[2023-04-29 23:24:26,479] {processor.py:171} INFO - Processing /opt/airflow/dags/download_historical_postgres_google_trends.py took 0.073 seconds
[2023-04-29 23:24:56,634] {processor.py:163} INFO - Started process (PID=99) to work on /opt/airflow/dags/download_historical_postgres_google_trends.py
[2023-04-29 23:24:56,637] {processor.py:625} INFO - Processing file /opt/airflow/dags/download_historical_postgres_google_trends.py for tasks to queue
[2023-04-29 23:24:56,639] {logging_mixin.py:109} INFO - [2023-04-29 23:24:56,639] {dagbag.py:500} INFO - Filling up the DagBag from /opt/airflow/dags/download_historical_postgres_google_trends.py
[2023-04-29 23:24:56,671] {processor.py:637} INFO - DAG(s) dict_keys(['download_historical_postgres']) retrieved from /opt/airflow/dags/download_historical_postgres_google_trends.py
[2023-04-29 23:24:56,682] {logging_mixin.py:109} INFO - [2023-04-29 23:24:56,682] {dag.py:2396} INFO - Sync 1 DAGs
[2023-04-29 23:24:56,699] {logging_mixin.py:109} INFO - [2023-04-29 23:24:56,699] {dag.py:2928} INFO - Setting next_dagrun for download_historical_postgres to None
[2023-04-29 23:24:56,708] {processor.py:171} INFO - Processing /opt/airflow/dags/download_historical_postgres_google_trends.py took 0.078 seconds
[2023-04-29 23:25:26,782] {processor.py:163} INFO - Started process (PID=102) to work on /opt/airflow/dags/download_historical_postgres_google_trends.py
[2023-04-29 23:25:26,784] {processor.py:625} INFO - Processing file /opt/airflow/dags/download_historical_postgres_google_trends.py for tasks to queue
[2023-04-29 23:25:26,786] {logging_mixin.py:109} INFO - [2023-04-29 23:25:26,786] {dagbag.py:500} INFO - Filling up the DagBag from /opt/airflow/dags/download_historical_postgres_google_trends.py
[2023-04-29 23:25:26,821] {processor.py:637} INFO - DAG(s) dict_keys(['download_historical_postgres']) retrieved from /opt/airflow/dags/download_historical_postgres_google_trends.py
[2023-04-29 23:25:26,831] {logging_mixin.py:109} INFO - [2023-04-29 23:25:26,831] {dag.py:2396} INFO - Sync 1 DAGs
[2023-04-29 23:25:26,846] {logging_mixin.py:109} INFO - [2023-04-29 23:25:26,846] {dag.py:2928} INFO - Setting next_dagrun for download_historical_postgres to None
[2023-04-29 23:25:26,856] {processor.py:171} INFO - Processing /opt/airflow/dags/download_historical_postgres_google_trends.py took 0.079 seconds
[2023-04-29 23:25:57,040] {processor.py:163} INFO - Started process (PID=105) to work on /opt/airflow/dags/download_historical_postgres_google_trends.py
[2023-04-29 23:25:57,042] {processor.py:625} INFO - Processing file /opt/airflow/dags/download_historical_postgres_google_trends.py for tasks to queue
[2023-04-29 23:25:57,044] {logging_mixin.py:109} INFO - [2023-04-29 23:25:57,044] {dagbag.py:500} INFO - Filling up the DagBag from /opt/airflow/dags/download_historical_postgres_google_trends.py
[2023-04-29 23:25:57,079] {processor.py:637} INFO - DAG(s) dict_keys(['download_historical_postgres']) retrieved from /opt/airflow/dags/download_historical_postgres_google_trends.py
[2023-04-29 23:25:57,089] {logging_mixin.py:109} INFO - [2023-04-29 23:25:57,088] {dag.py:2396} INFO - Sync 1 DAGs
[2023-04-29 23:25:57,103] {logging_mixin.py:109} INFO - [2023-04-29 23:25:57,103] {dag.py:2928} INFO - Setting next_dagrun for download_historical_postgres to None
[2023-04-29 23:25:57,111] {processor.py:171} INFO - Processing /opt/airflow/dags/download_historical_postgres_google_trends.py took 0.076 seconds
[2023-04-29 23:26:27,278] {processor.py:163} INFO - Started process (PID=108) to work on /opt/airflow/dags/download_historical_postgres_google_trends.py
[2023-04-29 23:26:27,281] {processor.py:625} INFO - Processing file /opt/airflow/dags/download_historical_postgres_google_trends.py for tasks to queue
[2023-04-29 23:26:27,283] {logging_mixin.py:109} INFO - [2023-04-29 23:26:27,283] {dagbag.py:500} INFO - Filling up the DagBag from /opt/airflow/dags/download_historical_postgres_google_trends.py
[2023-04-29 23:26:27,315] {processor.py:637} INFO - DAG(s) dict_keys(['download_historical_postgres']) retrieved from /opt/airflow/dags/download_historical_postgres_google_trends.py
[2023-04-29 23:26:27,324] {logging_mixin.py:109} INFO - [2023-04-29 23:26:27,324] {dag.py:2396} INFO - Sync 1 DAGs
[2023-04-29 23:26:27,338] {logging_mixin.py:109} INFO - [2023-04-29 23:26:27,338] {dag.py:2928} INFO - Setting next_dagrun for download_historical_postgres to None
[2023-04-29 23:26:27,346] {processor.py:171} INFO - Processing /opt/airflow/dags/download_historical_postgres_google_trends.py took 0.072 seconds
[2023-04-29 23:26:57,418] {processor.py:163} INFO - Started process (PID=111) to work on /opt/airflow/dags/download_historical_postgres_google_trends.py
[2023-04-29 23:26:57,420] {processor.py:625} INFO - Processing file /opt/airflow/dags/download_historical_postgres_google_trends.py for tasks to queue
[2023-04-29 23:26:57,422] {logging_mixin.py:109} INFO - [2023-04-29 23:26:57,422] {dagbag.py:500} INFO - Filling up the DagBag from /opt/airflow/dags/download_historical_postgres_google_trends.py
[2023-04-29 23:26:57,455] {processor.py:637} INFO - DAG(s) dict_keys(['download_historical_postgres']) retrieved from /opt/airflow/dags/download_historical_postgres_google_trends.py
[2023-04-29 23:26:57,466] {logging_mixin.py:109} INFO - [2023-04-29 23:26:57,466] {dag.py:2396} INFO - Sync 1 DAGs
[2023-04-29 23:26:57,482] {logging_mixin.py:109} INFO - [2023-04-29 23:26:57,482] {dag.py:2928} INFO - Setting next_dagrun for download_historical_postgres to None
[2023-04-29 23:26:57,492] {processor.py:171} INFO - Processing /opt/airflow/dags/download_historical_postgres_google_trends.py took 0.078 seconds
[2023-04-29 23:27:27,675] {processor.py:163} INFO - Started process (PID=114) to work on /opt/airflow/dags/download_historical_postgres_google_trends.py
[2023-04-29 23:27:27,678] {processor.py:625} INFO - Processing file /opt/airflow/dags/download_historical_postgres_google_trends.py for tasks to queue
[2023-04-29 23:27:27,680] {logging_mixin.py:109} INFO - [2023-04-29 23:27:27,680] {dagbag.py:500} INFO - Filling up the DagBag from /opt/airflow/dags/download_historical_postgres_google_trends.py
[2023-04-29 23:27:27,714] {processor.py:637} INFO - DAG(s) dict_keys(['download_historical_postgres']) retrieved from /opt/airflow/dags/download_historical_postgres_google_trends.py
[2023-04-29 23:27:27,724] {logging_mixin.py:109} INFO - [2023-04-29 23:27:27,723] {dag.py:2396} INFO - Sync 1 DAGs
[2023-04-29 23:27:27,738] {logging_mixin.py:109} INFO - [2023-04-29 23:27:27,738] {dag.py:2928} INFO - Setting next_dagrun for download_historical_postgres to None
[2023-04-29 23:27:27,748] {processor.py:171} INFO - Processing /opt/airflow/dags/download_historical_postgres_google_trends.py took 0.078 seconds
[2023-04-29 23:27:57,914] {processor.py:163} INFO - Started process (PID=117) to work on /opt/airflow/dags/download_historical_postgres_google_trends.py
[2023-04-29 23:27:57,917] {processor.py:625} INFO - Processing file /opt/airflow/dags/download_historical_postgres_google_trends.py for tasks to queue
[2023-04-29 23:27:57,919] {logging_mixin.py:109} INFO - [2023-04-29 23:27:57,919] {dagbag.py:500} INFO - Filling up the DagBag from /opt/airflow/dags/download_historical_postgres_google_trends.py
[2023-04-29 23:27:57,953] {processor.py:637} INFO - DAG(s) dict_keys(['download_historical_postgres']) retrieved from /opt/airflow/dags/download_historical_postgres_google_trends.py
[2023-04-29 23:27:57,962] {logging_mixin.py:109} INFO - [2023-04-29 23:27:57,962] {dag.py:2396} INFO - Sync 1 DAGs
[2023-04-29 23:27:57,976] {logging_mixin.py:109} INFO - [2023-04-29 23:27:57,976] {dag.py:2928} INFO - Setting next_dagrun for download_historical_postgres to None
[2023-04-29 23:27:57,984] {processor.py:171} INFO - Processing /opt/airflow/dags/download_historical_postgres_google_trends.py took 0.074 seconds
[2023-04-29 23:28:28,149] {processor.py:163} INFO - Started process (PID=120) to work on /opt/airflow/dags/download_historical_postgres_google_trends.py
[2023-04-29 23:28:28,152] {processor.py:625} INFO - Processing file /opt/airflow/dags/download_historical_postgres_google_trends.py for tasks to queue
[2023-04-29 23:28:28,153] {logging_mixin.py:109} INFO - [2023-04-29 23:28:28,153] {dagbag.py:500} INFO - Filling up the DagBag from /opt/airflow/dags/download_historical_postgres_google_trends.py
[2023-04-29 23:28:28,181] {processor.py:637} INFO - DAG(s) dict_keys(['download_historical_postgres']) retrieved from /opt/airflow/dags/download_historical_postgres_google_trends.py
[2023-04-29 23:28:28,191] {logging_mixin.py:109} INFO - [2023-04-29 23:28:28,190] {dag.py:2396} INFO - Sync 1 DAGs
[2023-04-29 23:28:28,204] {logging_mixin.py:109} INFO - [2023-04-29 23:28:28,204] {dag.py:2928} INFO - Setting next_dagrun for download_historical_postgres to None
[2023-04-29 23:28:28,212] {processor.py:171} INFO - Processing /opt/airflow/dags/download_historical_postgres_google_trends.py took 0.067 seconds
[2023-04-29 23:28:58,376] {processor.py:163} INFO - Started process (PID=123) to work on /opt/airflow/dags/download_historical_postgres_google_trends.py
[2023-04-29 23:28:58,379] {processor.py:625} INFO - Processing file /opt/airflow/dags/download_historical_postgres_google_trends.py for tasks to queue
[2023-04-29 23:28:58,381] {logging_mixin.py:109} INFO - [2023-04-29 23:28:58,381] {dagbag.py:500} INFO - Filling up the DagBag from /opt/airflow/dags/download_historical_postgres_google_trends.py
[2023-04-29 23:28:58,413] {processor.py:637} INFO - DAG(s) dict_keys(['download_historical_postgres']) retrieved from /opt/airflow/dags/download_historical_postgres_google_trends.py
[2023-04-29 23:28:58,422] {logging_mixin.py:109} INFO - [2023-04-29 23:28:58,422] {dag.py:2396} INFO - Sync 1 DAGs
[2023-04-29 23:28:58,435] {logging_mixin.py:109} INFO - [2023-04-29 23:28:58,435] {dag.py:2928} INFO - Setting next_dagrun for download_historical_postgres to None
[2023-04-29 23:28:58,443] {processor.py:171} INFO - Processing /opt/airflow/dags/download_historical_postgres_google_trends.py took 0.071 seconds
[2023-04-29 23:29:28,597] {processor.py:163} INFO - Started process (PID=126) to work on /opt/airflow/dags/download_historical_postgres_google_trends.py
[2023-04-29 23:29:28,600] {processor.py:625} INFO - Processing file /opt/airflow/dags/download_historical_postgres_google_trends.py for tasks to queue
[2023-04-29 23:29:28,602] {logging_mixin.py:109} INFO - [2023-04-29 23:29:28,602] {dagbag.py:500} INFO - Filling up the DagBag from /opt/airflow/dags/download_historical_postgres_google_trends.py
[2023-04-29 23:29:28,638] {processor.py:637} INFO - DAG(s) dict_keys(['download_historical_postgres']) retrieved from /opt/airflow/dags/download_historical_postgres_google_trends.py
[2023-04-29 23:29:28,649] {logging_mixin.py:109} INFO - [2023-04-29 23:29:28,648] {dag.py:2396} INFO - Sync 1 DAGs
[2023-04-29 23:29:28,662] {logging_mixin.py:109} INFO - [2023-04-29 23:29:28,662] {dag.py:2928} INFO - Setting next_dagrun for download_historical_postgres to None
[2023-04-29 23:29:28,670] {processor.py:171} INFO - Processing /opt/airflow/dags/download_historical_postgres_google_trends.py took 0.077 seconds
[2023-04-29 23:29:58,820] {processor.py:163} INFO - Started process (PID=129) to work on /opt/airflow/dags/download_historical_postgres_google_trends.py
[2023-04-29 23:29:58,823] {processor.py:625} INFO - Processing file /opt/airflow/dags/download_historical_postgres_google_trends.py for tasks to queue
[2023-04-29 23:29:58,824] {logging_mixin.py:109} INFO - [2023-04-29 23:29:58,824] {dagbag.py:500} INFO - Filling up the DagBag from /opt/airflow/dags/download_historical_postgres_google_trends.py
[2023-04-29 23:29:58,857] {processor.py:637} INFO - DAG(s) dict_keys(['download_historical_postgres']) retrieved from /opt/airflow/dags/download_historical_postgres_google_trends.py
[2023-04-29 23:29:58,867] {logging_mixin.py:109} INFO - [2023-04-29 23:29:58,867] {dag.py:2396} INFO - Sync 1 DAGs
[2023-04-29 23:29:58,881] {logging_mixin.py:109} INFO - [2023-04-29 23:29:58,881] {dag.py:2928} INFO - Setting next_dagrun for download_historical_postgres to None
[2023-04-29 23:29:58,889] {processor.py:171} INFO - Processing /opt/airflow/dags/download_historical_postgres_google_trends.py took 0.074 seconds
[2023-04-29 23:30:29,053] {processor.py:163} INFO - Started process (PID=132) to work on /opt/airflow/dags/download_historical_postgres_google_trends.py
[2023-04-29 23:30:29,056] {processor.py:625} INFO - Processing file /opt/airflow/dags/download_historical_postgres_google_trends.py for tasks to queue
[2023-04-29 23:30:29,058] {logging_mixin.py:109} INFO - [2023-04-29 23:30:29,058] {dagbag.py:500} INFO - Filling up the DagBag from /opt/airflow/dags/download_historical_postgres_google_trends.py
[2023-04-29 23:30:29,087] {processor.py:637} INFO - DAG(s) dict_keys(['download_historical_postgres']) retrieved from /opt/airflow/dags/download_historical_postgres_google_trends.py
[2023-04-29 23:30:29,097] {logging_mixin.py:109} INFO - [2023-04-29 23:30:29,097] {dag.py:2396} INFO - Sync 1 DAGs
[2023-04-29 23:30:29,110] {logging_mixin.py:109} INFO - [2023-04-29 23:30:29,110] {dag.py:2928} INFO - Setting next_dagrun for download_historical_postgres to None
[2023-04-29 23:30:29,118] {processor.py:171} INFO - Processing /opt/airflow/dags/download_historical_postgres_google_trends.py took 0.069 seconds
[2023-04-29 23:30:59,292] {processor.py:163} INFO - Started process (PID=150) to work on /opt/airflow/dags/download_historical_postgres_google_trends.py
[2023-04-29 23:30:59,296] {processor.py:625} INFO - Processing file /opt/airflow/dags/download_historical_postgres_google_trends.py for tasks to queue
[2023-04-29 23:30:59,297] {logging_mixin.py:109} INFO - [2023-04-29 23:30:59,297] {dagbag.py:500} INFO - Filling up the DagBag from /opt/airflow/dags/download_historical_postgres_google_trends.py
[2023-04-29 23:30:59,330] {processor.py:637} INFO - DAG(s) dict_keys(['download_historical_postgres']) retrieved from /opt/airflow/dags/download_historical_postgres_google_trends.py
[2023-04-29 23:30:59,340] {logging_mixin.py:109} INFO - [2023-04-29 23:30:59,340] {dag.py:2396} INFO - Sync 1 DAGs
[2023-04-29 23:30:59,357] {logging_mixin.py:109} INFO - [2023-04-29 23:30:59,357] {dag.py:2928} INFO - Setting next_dagrun for download_historical_postgres to None
[2023-04-29 23:30:59,367] {processor.py:171} INFO - Processing /opt/airflow/dags/download_historical_postgres_google_trends.py took 0.079 seconds
[2023-04-29 23:31:29,444] {processor.py:163} INFO - Started process (PID=168) to work on /opt/airflow/dags/download_historical_postgres_google_trends.py
[2023-04-29 23:31:29,446] {processor.py:625} INFO - Processing file /opt/airflow/dags/download_historical_postgres_google_trends.py for tasks to queue
[2023-04-29 23:31:29,448] {logging_mixin.py:109} INFO - [2023-04-29 23:31:29,448] {dagbag.py:500} INFO - Filling up the DagBag from /opt/airflow/dags/download_historical_postgres_google_trends.py
[2023-04-29 23:31:29,482] {processor.py:637} INFO - DAG(s) dict_keys(['download_historical_postgres']) retrieved from /opt/airflow/dags/download_historical_postgres_google_trends.py
[2023-04-29 23:31:29,491] {logging_mixin.py:109} INFO - [2023-04-29 23:31:29,491] {dag.py:2396} INFO - Sync 1 DAGs
[2023-04-29 23:31:29,505] {logging_mixin.py:109} INFO - [2023-04-29 23:31:29,505] {dag.py:2928} INFO - Setting next_dagrun for download_historical_postgres to None
[2023-04-29 23:31:29,513] {processor.py:171} INFO - Processing /opt/airflow/dags/download_historical_postgres_google_trends.py took 0.074 seconds
[2023-04-29 23:31:59,718] {processor.py:163} INFO - Started process (PID=171) to work on /opt/airflow/dags/download_historical_postgres_google_trends.py
[2023-04-29 23:31:59,720] {processor.py:625} INFO - Processing file /opt/airflow/dags/download_historical_postgres_google_trends.py for tasks to queue
[2023-04-29 23:31:59,722] {logging_mixin.py:109} INFO - [2023-04-29 23:31:59,722] {dagbag.py:500} INFO - Filling up the DagBag from /opt/airflow/dags/download_historical_postgres_google_trends.py
[2023-04-29 23:31:59,753] {processor.py:637} INFO - DAG(s) dict_keys(['download_historical_postgres']) retrieved from /opt/airflow/dags/download_historical_postgres_google_trends.py
[2023-04-29 23:31:59,762] {logging_mixin.py:109} INFO - [2023-04-29 23:31:59,762] {dag.py:2396} INFO - Sync 1 DAGs
[2023-04-29 23:31:59,776] {logging_mixin.py:109} INFO - [2023-04-29 23:31:59,776] {dag.py:2928} INFO - Setting next_dagrun for download_historical_postgres to None
[2023-04-29 23:31:59,785] {processor.py:171} INFO - Processing /opt/airflow/dags/download_historical_postgres_google_trends.py took 0.071 seconds
[2023-04-29 23:32:29,937] {processor.py:163} INFO - Started process (PID=189) to work on /opt/airflow/dags/download_historical_postgres_google_trends.py
[2023-04-29 23:32:29,939] {processor.py:625} INFO - Processing file /opt/airflow/dags/download_historical_postgres_google_trends.py for tasks to queue
[2023-04-29 23:32:29,941] {logging_mixin.py:109} INFO - [2023-04-29 23:32:29,941] {dagbag.py:500} INFO - Filling up the DagBag from /opt/airflow/dags/download_historical_postgres_google_trends.py
[2023-04-29 23:32:29,974] {processor.py:637} INFO - DAG(s) dict_keys(['download_historical_postgres']) retrieved from /opt/airflow/dags/download_historical_postgres_google_trends.py
[2023-04-29 23:32:29,983] {logging_mixin.py:109} INFO - [2023-04-29 23:32:29,983] {dag.py:2396} INFO - Sync 1 DAGs
[2023-04-29 23:32:29,996] {logging_mixin.py:109} INFO - [2023-04-29 23:32:29,996] {dag.py:2928} INFO - Setting next_dagrun for download_historical_postgres to None
[2023-04-29 23:32:30,005] {processor.py:171} INFO - Processing /opt/airflow/dags/download_historical_postgres_google_trends.py took 0.072 seconds
[2023-04-29 23:33:00,176] {processor.py:163} INFO - Started process (PID=192) to work on /opt/airflow/dags/download_historical_postgres_google_trends.py
[2023-04-29 23:33:00,178] {processor.py:625} INFO - Processing file /opt/airflow/dags/download_historical_postgres_google_trends.py for tasks to queue
[2023-04-29 23:33:00,180] {logging_mixin.py:109} INFO - [2023-04-29 23:33:00,180] {dagbag.py:500} INFO - Filling up the DagBag from /opt/airflow/dags/download_historical_postgres_google_trends.py
[2023-04-29 23:33:00,213] {processor.py:637} INFO - DAG(s) dict_keys(['download_historical_postgres']) retrieved from /opt/airflow/dags/download_historical_postgres_google_trends.py
[2023-04-29 23:33:00,222] {logging_mixin.py:109} INFO - [2023-04-29 23:33:00,222] {dag.py:2396} INFO - Sync 1 DAGs
[2023-04-29 23:33:00,235] {logging_mixin.py:109} INFO - [2023-04-29 23:33:00,235] {dag.py:2928} INFO - Setting next_dagrun for download_historical_postgres to None
[2023-04-29 23:33:00,243] {processor.py:171} INFO - Processing /opt/airflow/dags/download_historical_postgres_google_trends.py took 0.072 seconds
[2023-04-29 23:33:30,405] {processor.py:163} INFO - Started process (PID=195) to work on /opt/airflow/dags/download_historical_postgres_google_trends.py
[2023-04-29 23:33:30,408] {processor.py:625} INFO - Processing file /opt/airflow/dags/download_historical_postgres_google_trends.py for tasks to queue
[2023-04-29 23:33:30,409] {logging_mixin.py:109} INFO - [2023-04-29 23:33:30,409] {dagbag.py:500} INFO - Filling up the DagBag from /opt/airflow/dags/download_historical_postgres_google_trends.py
[2023-04-29 23:33:30,442] {processor.py:637} INFO - DAG(s) dict_keys(['download_historical_postgres']) retrieved from /opt/airflow/dags/download_historical_postgres_google_trends.py
[2023-04-29 23:33:30,452] {logging_mixin.py:109} INFO - [2023-04-29 23:33:30,451] {dag.py:2396} INFO - Sync 1 DAGs
[2023-04-29 23:33:30,465] {logging_mixin.py:109} INFO - [2023-04-29 23:33:30,465] {dag.py:2928} INFO - Setting next_dagrun for download_historical_postgres to None
[2023-04-29 23:33:30,472] {processor.py:171} INFO - Processing /opt/airflow/dags/download_historical_postgres_google_trends.py took 0.071 seconds
[2023-04-29 23:34:00,660] {processor.py:163} INFO - Started process (PID=198) to work on /opt/airflow/dags/download_historical_postgres_google_trends.py
[2023-04-29 23:34:00,663] {processor.py:625} INFO - Processing file /opt/airflow/dags/download_historical_postgres_google_trends.py for tasks to queue
[2023-04-29 23:34:00,664] {logging_mixin.py:109} INFO - [2023-04-29 23:34:00,664] {dagbag.py:500} INFO - Filling up the DagBag from /opt/airflow/dags/download_historical_postgres_google_trends.py
[2023-04-29 23:34:00,697] {processor.py:637} INFO - DAG(s) dict_keys(['download_historical_postgres']) retrieved from /opt/airflow/dags/download_historical_postgres_google_trends.py
[2023-04-29 23:34:00,706] {logging_mixin.py:109} INFO - [2023-04-29 23:34:00,706] {dag.py:2396} INFO - Sync 1 DAGs
[2023-04-29 23:34:00,720] {logging_mixin.py:109} INFO - [2023-04-29 23:34:00,719] {dag.py:2928} INFO - Setting next_dagrun for download_historical_postgres to None
[2023-04-29 23:34:00,727] {processor.py:171} INFO - Processing /opt/airflow/dags/download_historical_postgres_google_trends.py took 0.072 seconds
[2023-04-29 23:34:50,346] {processor.py:163} INFO - Started process (PID=217) to work on /opt/airflow/dags/download_historical_postgres_google_trends.py
[2023-04-29 23:34:50,349] {processor.py:625} INFO - Processing file /opt/airflow/dags/download_historical_postgres_google_trends.py for tasks to queue
[2023-04-29 23:34:50,350] {logging_mixin.py:109} INFO - [2023-04-29 23:34:50,350] {dagbag.py:500} INFO - Filling up the DagBag from /opt/airflow/dags/download_historical_postgres_google_trends.py
[2023-04-29 23:34:50,379] {processor.py:637} INFO - DAG(s) dict_keys(['download_historical_postgres']) retrieved from /opt/airflow/dags/download_historical_postgres_google_trends.py
[2023-04-29 23:34:50,389] {logging_mixin.py:109} INFO - [2023-04-29 23:34:50,388] {dag.py:2396} INFO - Sync 1 DAGs
[2023-04-29 23:34:50,405] {logging_mixin.py:109} INFO - [2023-04-29 23:34:50,404] {dag.py:2928} INFO - Setting next_dagrun for download_historical_postgres to None
[2023-04-29 23:34:50,413] {processor.py:171} INFO - Processing /opt/airflow/dags/download_historical_postgres_google_trends.py took 0.071 seconds
[2023-04-29 23:35:20,582] {processor.py:163} INFO - Started process (PID=220) to work on /opt/airflow/dags/download_historical_postgres_google_trends.py
[2023-04-29 23:35:20,584] {processor.py:625} INFO - Processing file /opt/airflow/dags/download_historical_postgres_google_trends.py for tasks to queue
[2023-04-29 23:35:20,585] {logging_mixin.py:109} INFO - [2023-04-29 23:35:20,585] {dagbag.py:500} INFO - Filling up the DagBag from /opt/airflow/dags/download_historical_postgres_google_trends.py
[2023-04-29 23:35:20,614] {processor.py:637} INFO - DAG(s) dict_keys(['download_historical_postgres']) retrieved from /opt/airflow/dags/download_historical_postgres_google_trends.py
[2023-04-29 23:35:20,623] {logging_mixin.py:109} INFO - [2023-04-29 23:35:20,623] {dag.py:2396} INFO - Sync 1 DAGs
[2023-04-29 23:35:20,636] {logging_mixin.py:109} INFO - [2023-04-29 23:35:20,636] {dag.py:2928} INFO - Setting next_dagrun for download_historical_postgres to None
[2023-04-29 23:35:20,644] {processor.py:171} INFO - Processing /opt/airflow/dags/download_historical_postgres_google_trends.py took 0.066 seconds
[2023-04-29 23:35:50,816] {processor.py:163} INFO - Started process (PID=223) to work on /opt/airflow/dags/download_historical_postgres_google_trends.py
[2023-04-29 23:35:50,818] {processor.py:625} INFO - Processing file /opt/airflow/dags/download_historical_postgres_google_trends.py for tasks to queue
[2023-04-29 23:35:50,820] {logging_mixin.py:109} INFO - [2023-04-29 23:35:50,820] {dagbag.py:500} INFO - Filling up the DagBag from /opt/airflow/dags/download_historical_postgres_google_trends.py
[2023-04-29 23:35:50,852] {processor.py:637} INFO - DAG(s) dict_keys(['download_historical_postgres']) retrieved from /opt/airflow/dags/download_historical_postgres_google_trends.py
[2023-04-29 23:35:50,863] {logging_mixin.py:109} INFO - [2023-04-29 23:35:50,863] {dag.py:2396} INFO - Sync 1 DAGs
[2023-04-29 23:35:50,878] {logging_mixin.py:109} INFO - [2023-04-29 23:35:50,878] {dag.py:2928} INFO - Setting next_dagrun for download_historical_postgres to None
[2023-04-29 23:35:50,886] {processor.py:171} INFO - Processing /opt/airflow/dags/download_historical_postgres_google_trends.py took 0.073 seconds
[2023-04-29 23:36:21,073] {processor.py:163} INFO - Started process (PID=241) to work on /opt/airflow/dags/download_historical_postgres_google_trends.py
[2023-04-29 23:36:21,076] {processor.py:625} INFO - Processing file /opt/airflow/dags/download_historical_postgres_google_trends.py for tasks to queue
[2023-04-29 23:36:21,078] {logging_mixin.py:109} INFO - [2023-04-29 23:36:21,077] {dagbag.py:500} INFO - Filling up the DagBag from /opt/airflow/dags/download_historical_postgres_google_trends.py
[2023-04-29 23:36:21,108] {processor.py:637} INFO - DAG(s) dict_keys(['download_historical_postgres']) retrieved from /opt/airflow/dags/download_historical_postgres_google_trends.py
[2023-04-29 23:36:21,119] {logging_mixin.py:109} INFO - [2023-04-29 23:36:21,119] {dag.py:2396} INFO - Sync 1 DAGs
[2023-04-29 23:36:21,134] {logging_mixin.py:109} INFO - [2023-04-29 23:36:21,134] {dag.py:2928} INFO - Setting next_dagrun for download_historical_postgres to None
[2023-04-29 23:36:21,143] {processor.py:171} INFO - Processing /opt/airflow/dags/download_historical_postgres_google_trends.py took 0.073 seconds
[2023-04-29 23:36:51,303] {processor.py:163} INFO - Started process (PID=244) to work on /opt/airflow/dags/download_historical_postgres_google_trends.py
[2023-04-29 23:36:51,306] {processor.py:625} INFO - Processing file /opt/airflow/dags/download_historical_postgres_google_trends.py for tasks to queue
[2023-04-29 23:36:51,308] {logging_mixin.py:109} INFO - [2023-04-29 23:36:51,308] {dagbag.py:500} INFO - Filling up the DagBag from /opt/airflow/dags/download_historical_postgres_google_trends.py
[2023-04-29 23:36:51,347] {processor.py:637} INFO - DAG(s) dict_keys(['download_historical_postgres']) retrieved from /opt/airflow/dags/download_historical_postgres_google_trends.py
[2023-04-29 23:36:51,361] {logging_mixin.py:109} INFO - [2023-04-29 23:36:51,361] {dag.py:2396} INFO - Sync 1 DAGs
[2023-04-29 23:36:51,382] {logging_mixin.py:109} INFO - [2023-04-29 23:36:51,382] {dag.py:2928} INFO - Setting next_dagrun for download_historical_postgres to None
[2023-04-29 23:36:51,394] {processor.py:171} INFO - Processing /opt/airflow/dags/download_historical_postgres_google_trends.py took 0.095 seconds
[2023-04-29 23:37:21,514] {processor.py:163} INFO - Started process (PID=247) to work on /opt/airflow/dags/download_historical_postgres_google_trends.py
[2023-04-29 23:37:21,517] {processor.py:625} INFO - Processing file /opt/airflow/dags/download_historical_postgres_google_trends.py for tasks to queue
[2023-04-29 23:37:21,519] {logging_mixin.py:109} INFO - [2023-04-29 23:37:21,518] {dagbag.py:500} INFO - Filling up the DagBag from /opt/airflow/dags/download_historical_postgres_google_trends.py
[2023-04-29 23:37:21,549] {processor.py:637} INFO - DAG(s) dict_keys(['download_historical_postgres']) retrieved from /opt/airflow/dags/download_historical_postgres_google_trends.py
[2023-04-29 23:37:21,558] {logging_mixin.py:109} INFO - [2023-04-29 23:37:21,558] {dag.py:2396} INFO - Sync 1 DAGs
[2023-04-29 23:37:21,572] {logging_mixin.py:109} INFO - [2023-04-29 23:37:21,572] {dag.py:2928} INFO - Setting next_dagrun for download_historical_postgres to None
[2023-04-29 23:37:21,580] {processor.py:171} INFO - Processing /opt/airflow/dags/download_historical_postgres_google_trends.py took 0.070 seconds
[2023-04-29 23:37:51,737] {processor.py:163} INFO - Started process (PID=250) to work on /opt/airflow/dags/download_historical_postgres_google_trends.py
[2023-04-29 23:37:51,739] {processor.py:625} INFO - Processing file /opt/airflow/dags/download_historical_postgres_google_trends.py for tasks to queue
[2023-04-29 23:37:51,741] {logging_mixin.py:109} INFO - [2023-04-29 23:37:51,741] {dagbag.py:500} INFO - Filling up the DagBag from /opt/airflow/dags/download_historical_postgres_google_trends.py
[2023-04-29 23:37:51,772] {processor.py:637} INFO - DAG(s) dict_keys(['download_historical_postgres']) retrieved from /opt/airflow/dags/download_historical_postgres_google_trends.py
[2023-04-29 23:37:51,782] {logging_mixin.py:109} INFO - [2023-04-29 23:37:51,782] {dag.py:2396} INFO - Sync 1 DAGs
[2023-04-29 23:37:51,799] {logging_mixin.py:109} INFO - [2023-04-29 23:37:51,799] {dag.py:2928} INFO - Setting next_dagrun for download_historical_postgres to None
[2023-04-29 23:37:51,808] {processor.py:171} INFO - Processing /opt/airflow/dags/download_historical_postgres_google_trends.py took 0.075 seconds
[2023-04-29 23:38:21,943] {processor.py:163} INFO - Started process (PID=268) to work on /opt/airflow/dags/download_historical_postgres_google_trends.py
[2023-04-29 23:38:21,945] {processor.py:625} INFO - Processing file /opt/airflow/dags/download_historical_postgres_google_trends.py for tasks to queue
[2023-04-29 23:38:21,946] {logging_mixin.py:109} INFO - [2023-04-29 23:38:21,946] {dagbag.py:500} INFO - Filling up the DagBag from /opt/airflow/dags/download_historical_postgres_google_trends.py
[2023-04-29 23:38:21,974] {processor.py:637} INFO - DAG(s) dict_keys(['download_historical_postgres']) retrieved from /opt/airflow/dags/download_historical_postgres_google_trends.py
[2023-04-29 23:38:21,983] {logging_mixin.py:109} INFO - [2023-04-29 23:38:21,983] {dag.py:2396} INFO - Sync 1 DAGs
[2023-04-29 23:38:21,996] {logging_mixin.py:109} INFO - [2023-04-29 23:38:21,996] {dag.py:2928} INFO - Setting next_dagrun for download_historical_postgres to None
[2023-04-29 23:38:22,003] {processor.py:171} INFO - Processing /opt/airflow/dags/download_historical_postgres_google_trends.py took 0.064 seconds
[2023-04-29 23:57:25,819] {processor.py:163} INFO - Started process (PID=271) to work on /opt/airflow/dags/download_historical_postgres_google_trends.py
[2023-04-29 23:57:25,823] {processor.py:625} INFO - Processing file /opt/airflow/dags/download_historical_postgres_google_trends.py for tasks to queue
[2023-04-29 23:57:25,825] {logging_mixin.py:109} INFO - [2023-04-29 23:57:25,825] {dagbag.py:500} INFO - Filling up the DagBag from /opt/airflow/dags/download_historical_postgres_google_trends.py
[2023-04-29 23:57:25,867] {processor.py:637} INFO - DAG(s) dict_keys(['download_historical_postgres']) retrieved from /opt/airflow/dags/download_historical_postgres_google_trends.py
[2023-04-29 23:57:25,878] {logging_mixin.py:109} INFO - [2023-04-29 23:57:25,878] {dag.py:2396} INFO - Sync 1 DAGs
[2023-04-29 23:57:25,893] {logging_mixin.py:109} INFO - [2023-04-29 23:57:25,893] {dag.py:2928} INFO - Setting next_dagrun for download_historical_postgres to None
[2023-04-29 23:57:25,901] {processor.py:171} INFO - Processing /opt/airflow/dags/download_historical_postgres_google_trends.py took 0.089 seconds
