[2023-05-02T21:50:16.846+0000] {taskinstance.py:1090} INFO - Dependencies all met for dep_context=non-requeueable deps ti=<TaskInstance: dag_1min.dump_1m scheduled__2023-05-02T21:45:00+00:00 [queued]>
[2023-05-02T21:50:16.955+0000] {taskinstance.py:1090} INFO - Dependencies all met for dep_context=requeueable deps ti=<TaskInstance: dag_1min.dump_1m scheduled__2023-05-02T21:45:00+00:00 [queued]>
[2023-05-02T21:50:16.963+0000] {taskinstance.py:1288} INFO - 
--------------------------------------------------------------------------------
[2023-05-02T21:50:16.969+0000] {taskinstance.py:1289} INFO - Starting attempt 1 of 1
[2023-05-02T21:50:17.033+0000] {taskinstance.py:1290} INFO - 
--------------------------------------------------------------------------------
[2023-05-02T21:50:17.506+0000] {taskinstance.py:1309} INFO - Executing <Task(PythonOperator): dump_1m> on 2023-05-02 21:45:00+00:00
[2023-05-02T21:50:17.611+0000] {standard_task_runner.py:55} INFO - Started process 2085 to run task
[2023-05-02T21:50:17.677+0000] {standard_task_runner.py:82} INFO - Running: ['***', 'tasks', 'run', 'dag_1min', 'dump_1m', 'scheduled__2023-05-02T21:45:00+00:00', '--job-id', '128', '--raw', '--subdir', 'DAGS_FOLDER/dag_1min.py', '--cfg-path', '/tmp/tmpmsnxl27a']
[2023-05-02T21:50:17.688+0000] {standard_task_runner.py:83} INFO - Job 128: Subtask dump_1m
[2023-05-02T21:50:18.559+0000] {task_command.py:389} INFO - Running <TaskInstance: dag_1min.dump_1m scheduled__2023-05-02T21:45:00+00:00 [running]> on host 4a3bd7cf27f4
[2023-05-02T21:50:30.675+0000] {taskinstance.py:1518} INFO - Exporting the following env vars:
AIRFLOW_CTX_DAG_OWNER=coder2j
AIRFLOW_CTX_DAG_ID=dag_1min
AIRFLOW_CTX_TASK_ID=dump_1m
AIRFLOW_CTX_EXECUTION_DATE=2023-05-02T21:45:00+00:00
AIRFLOW_CTX_TRY_NUMBER=1
AIRFLOW_CTX_DAG_RUN_ID=scheduled__2023-05-02T21:45:00+00:00
[2023-05-02T21:50:34.570+0000] {logging_mixin.py:137} WARNING -   0%|          | 0/2 [00:00<?, ?it/s]
[2023-05-02T21:50:36.760+0000] {logging_mixin.py:137} INFO - [*********************100%***********************]  1 of 1 completed
[2023-05-02T21:50:40.556+0000] {logging_mixin.py:137} WARNING -  50%|#####     | 1/2 [00:05<00:05,  5.98s/it]
[2023-05-02T21:50:41.306+0000] {logging_mixin.py:137} INFO - [*********************100%***********************]  1 of 1 completed
[2023-05-02T21:50:43.114+0000] {logging_mixin.py:137} WARNING - 100%|##########| 2/2 [00:08<00:00,  3.96s/it]
[2023-05-02T21:50:43.123+0000] {logging_mixin.py:137} WARNING - 100%|##########| 2/2 [00:08<00:00,  4.27s/it]
[2023-05-02T21:50:43.183+0000] {logging_mixin.py:137} INFO - Index(['open', 'high', 'low', 'close', 'adj_close', 'volume', 'timestamp',
       'currency_pair', 'exchangetimezonename', 'timezone'],
      dtype='object')
[2023-05-02T21:50:43.383+0000] {download_yahoo.py:57} INFO - Downloaded data: 
	         open       high        low  ...  currency_pair  exchangetimezonename  timezone
0  16.883045  16.883045  16.883045  ...       AVAX-USD                   UTC       UTC
1  16.883425  16.883425  16.883425  ...       AVAX-USD                   UTC       UTC
2  16.883459  16.883459  16.883459  ...       AVAX-USD                   UTC       UTC
3  16.880421  16.880421  16.880421  ...       AVAX-USD                   UTC       UTC
4  16.869789  16.869789  16.869789  ...       AVAX-USD                   UTC       UTC

[5 rows x 10 columns]
[2023-05-02T21:50:44.068+0000] {python.py:177} INFO - Done. Returned value was: None
[2023-05-02T21:50:44.170+0000] {taskinstance.py:1332} INFO - Marking task as SUCCESS. dag_id=dag_1min, task_id=dump_1m, execution_date=20230502T214500, start_date=20230502T215016, end_date=20230502T215044
[2023-05-02T21:50:44.608+0000] {local_task_job.py:212} INFO - Task exited with return code 0
[2023-05-02T21:50:44.908+0000] {taskinstance.py:2596} INFO - 0 downstream tasks scheduled from follow-on schedule check
