[2023-05-04 13:27:51,596] {taskinstance.py:1035} INFO - Dependencies all met for <TaskInstance: download_historical_postgres.download.historical.postgres.google_trends scheduled__2023-05-04T13:24:00+00:00 [queued]>
[2023-05-04 13:27:51,604] {taskinstance.py:1035} INFO - Dependencies all met for <TaskInstance: download_historical_postgres.download.historical.postgres.google_trends scheduled__2023-05-04T13:24:00+00:00 [queued]>
[2023-05-04 13:27:51,605] {taskinstance.py:1241} INFO - 
--------------------------------------------------------------------------------
[2023-05-04 13:27:51,606] {taskinstance.py:1242} INFO - Starting attempt 1 of 1
[2023-05-04 13:27:51,607] {taskinstance.py:1243} INFO - 
--------------------------------------------------------------------------------
[2023-05-04 13:27:51,615] {taskinstance.py:1262} INFO - Executing <Task(BashOperator): download.historical.postgres.google_trends> on 2023-05-04 13:24:00+00:00
[2023-05-04 13:27:51,618] {standard_task_runner.py:52} INFO - Started process 149 to run task
[2023-05-04 13:27:51,622] {standard_task_runner.py:76} INFO - Running: ['***', 'tasks', 'run', 'download_historical_postgres', 'download.historical.postgres.google_trends', 'scheduled__2023-05-04T13:24:00+00:00', '--job-id', '4', '--raw', '--subdir', 'DAGS_FOLDER/download_historical_postgres_google_trends.py', '--cfg-path', '/tmp/tmp0w8r3fhi', '--error-file', '/tmp/tmp5lnzml7n']
[2023-05-04 13:27:51,623] {standard_task_runner.py:77} INFO - Job 4: Subtask download.historical.postgres.google_trends
[2023-05-04 13:27:51,663] {logging_mixin.py:109} INFO - Running <TaskInstance: download_historical_postgres.download.historical.postgres.google_trends scheduled__2023-05-04T13:24:00+00:00 [running]> on host 7d6ed9fdc9c5
[2023-05-04 13:27:51,706] {taskinstance.py:1429} INFO - Exporting the following env vars:
AIRFLOW_CTX_DAG_EMAIL=***@example.com
AIRFLOW_CTX_DAG_OWNER=***
AIRFLOW_CTX_DAG_ID=download_historical_postgres
AIRFLOW_CTX_TASK_ID=download.historical.postgres.google_trends
AIRFLOW_CTX_EXECUTION_DATE=2023-05-04T13:24:00+00:00
AIRFLOW_CTX_DAG_RUN_ID=scheduled__2023-05-04T13:24:00+00:00
[2023-05-04 13:27:51,708] {subprocess.py:62} INFO - Tmp dir root location: 
 /tmp
[2023-05-04 13:27:51,709] {subprocess.py:74} INFO - Running command: ['bash', '-c', 'sleep 5 && /cmamp/src/download_to_db.py --target_table google_trends_data --use_api True --real_time_data False --topic Air_Conditioner']
[2023-05-04 13:27:51,716] {subprocess.py:85} INFO - Output:
[2023-05-04 13:27:57,375] {subprocess.py:89} INFO - !!connection fetched!!
[2023-05-04 13:27:57,376] {subprocess.py:89} INFO - DELETE FROM google_trends_data WHERE topic = 'air conditioner'
[2023-05-04 13:27:57,377] {subprocess.py:89} INFO - !Done!
[2023-05-04 13:27:57,378] {subprocess.py:89} INFO -              Topic      Time  Frequency
[2023-05-04 13:27:57,379] {subprocess.py:89} INFO - 0  air conditioner  Jan 2004         11
[2023-05-04 13:27:57,380] {subprocess.py:89} INFO - 1  air conditioner  Feb 2004         11
[2023-05-04 13:27:57,381] {subprocess.py:89} INFO - 2  air conditioner  Mar 2004         18
[2023-05-04 13:27:57,382] {subprocess.py:89} INFO - 3  air conditioner  Apr 2004         32
[2023-05-04 13:27:57,383] {subprocess.py:89} INFO - 4  air conditioner  May 2004         54
[2023-05-04 13:27:57,430] {subprocess.py:93} INFO - Command exited with return code 0
[2023-05-04 13:27:57,457] {taskinstance.py:1280} INFO - Marking task as SUCCESS. dag_id=download_historical_postgres, task_id=download.historical.postgres.google_trends, execution_date=20230504T132400, start_date=20230504T132751, end_date=20230504T132757
[2023-05-04 13:27:57,488] {local_task_job.py:154} INFO - Task exited with return code 0
[2023-05-04 13:27:57,511] {local_task_job.py:264} INFO - 0 downstream tasks scheduled from follow-on schedule check
