[2023-04-15T02:31:56.238+0000] {taskinstance.py:1090} INFO - Dependencies all met for dep_context=non-requeueable deps ti=<TaskInstance: dag_with_python_dependencies_v03.get_sklearn manual__2023-04-15T02:31:53.987467+00:00 [queued]>
[2023-04-15T02:31:56.248+0000] {taskinstance.py:1090} INFO - Dependencies all met for dep_context=requeueable deps ti=<TaskInstance: dag_with_python_dependencies_v03.get_sklearn manual__2023-04-15T02:31:53.987467+00:00 [queued]>
[2023-04-15T02:31:56.249+0000] {taskinstance.py:1288} INFO - 
--------------------------------------------------------------------------------
[2023-04-15T02:31:56.250+0000] {taskinstance.py:1289} INFO - Starting attempt 1 of 1
[2023-04-15T02:31:56.251+0000] {taskinstance.py:1290} INFO - 
--------------------------------------------------------------------------------
[2023-04-15T02:31:56.260+0000] {taskinstance.py:1309} INFO - Executing <Task(PythonOperator): get_sklearn> on 2023-04-15 02:31:53.987467+00:00
[2023-04-15T02:31:56.268+0000] {standard_task_runner.py:55} INFO - Started process 65 to run task
[2023-04-15T02:31:56.273+0000] {standard_task_runner.py:82} INFO - Running: ['***', 'tasks', 'run', 'dag_with_python_dependencies_v03', 'get_sklearn', 'manual__2023-04-15T02:31:53.987467+00:00', '--job-id', '109', '--raw', '--subdir', 'DAGS_FOLDER/dag_with_python_dependencies.py', '--cfg-path', '/tmp/tmpg6d_pims']
[2023-04-15T02:31:56.275+0000] {standard_task_runner.py:83} INFO - Job 109: Subtask get_sklearn
[2023-04-15T02:31:56.370+0000] {task_command.py:389} INFO - Running <TaskInstance: dag_with_python_dependencies_v03.get_sklearn manual__2023-04-15T02:31:53.987467+00:00 [running]> on host de1a210c3b88
[2023-04-15T02:31:56.468+0000] {taskinstance.py:1518} INFO - Exporting the following env vars:
AIRFLOW_CTX_DAG_OWNER=coder2j
AIRFLOW_CTX_DAG_ID=dag_with_python_dependencies_v03
AIRFLOW_CTX_TASK_ID=get_sklearn
AIRFLOW_CTX_EXECUTION_DATE=2023-04-15T02:31:53.987467+00:00
AIRFLOW_CTX_TRY_NUMBER=1
AIRFLOW_CTX_DAG_RUN_ID=manual__2023-04-15T02:31:53.987467+00:00
[2023-04-15T02:31:56.479+0000] {logging_mixin.py:137} WARNING -   0%|          | 0/2 [00:00<?, ?it/s]
[2023-04-15T02:31:57.378+0000] {logging_mixin.py:137} INFO - [*********************100%***********************]  1 of 1 completed
[2023-04-15T02:31:58.112+0000] {logging_mixin.py:137} WARNING -  50%|#####     | 1/2 [00:01<00:01,  1.63s/it]
[2023-04-15T02:31:58.375+0000] {logging_mixin.py:137} INFO - [*********************100%***********************]  1 of 1 completed
[2023-04-15T02:31:59.074+0000] {logging_mixin.py:137} WARNING - 100%|##########| 2/2 [00:02<00:00,  1.24s/it]
[2023-04-15T02:31:59.076+0000] {logging_mixin.py:137} WARNING - 100%|##########| 2/2 [00:02<00:00,  1.30s/it]
[2023-04-15T02:31:59.080+0000] {logging_mixin.py:137} INFO - Index(['open', 'high', 'low', 'close', 'adj_close', 'volume', 'timestamp',
       'currency_pair', 'exchangetimezonename', 'timezone'],
      dtype='object')
[2023-04-15T02:31:59.602+0000] {download_yahoo.py:57} INFO - Downloaded data: 
	         open       high        low  ...  currency_pair  exchangetimezonename  timezone
0  18.256571  18.256571  18.256571  ...       AVAX-USD                   UTC       UTC
1  18.261120  18.261120  18.261120  ...       AVAX-USD                   UTC       UTC
2  18.260952  18.260952  18.260952  ...       AVAX-USD                   UTC       UTC
3  18.264101  18.264101  18.264101  ...       AVAX-USD                   UTC       UTC
4  18.268419  18.268419  18.268419  ...       AVAX-USD                   UTC       UTC

[5 rows x 10 columns]
[2023-04-15T02:31:59.604+0000] {logging_mixin.py:137} INFO - raw_data
[2023-04-15T02:31:59.606+0000] {taskinstance.py:1776} ERROR - Task failed with exception
Traceback (most recent call last):
  File "/home/airflow/.local/lib/python3.7/site-packages/airflow/operators/python.py", line 175, in execute
    return_value = self.execute_callable()
  File "/home/airflow/.local/lib/python3.7/site-packages/airflow/operators/python.py", line 192, in execute_callable
    return self.python_callable(*self.op_args, **self.op_kwargs)
  File "/opt/airflow/dags/dag_with_python_dependencies.py", line 25, in get_sklearn
    print(raw_data.head())
AttributeError: 'RawData' object has no attribute 'head'
[2023-04-15T02:31:59.623+0000] {taskinstance.py:1332} INFO - Marking task as FAILED. dag_id=dag_with_python_dependencies_v03, task_id=get_sklearn, execution_date=20230415T023153, start_date=20230415T023156, end_date=20230415T023159
[2023-04-15T02:31:59.645+0000] {standard_task_runner.py:105} ERROR - Failed to execute job 109 for task get_sklearn ('RawData' object has no attribute 'head'; 65)
[2023-04-15T02:31:59.709+0000] {local_task_job.py:212} INFO - Task exited with return code 1
[2023-04-15T02:31:59.756+0000] {taskinstance.py:2596} INFO - 0 downstream tasks scheduled from follow-on schedule check
