[2023-05-03T02:50:16.275+0000] {taskinstance.py:1090} INFO - Dependencies all met for dep_context=non-requeueable deps ti=<TaskInstance: dag_1min.dump_1m scheduled__2023-05-03T02:45:00+00:00 [queued]>
[2023-05-03T02:50:16.322+0000] {taskinstance.py:1090} INFO - Dependencies all met for dep_context=requeueable deps ti=<TaskInstance: dag_1min.dump_1m scheduled__2023-05-03T02:45:00+00:00 [queued]>
[2023-05-03T02:50:16.324+0000] {taskinstance.py:1288} INFO - 
--------------------------------------------------------------------------------
[2023-05-03T02:50:16.326+0000] {taskinstance.py:1289} INFO - Starting attempt 1 of 1
[2023-05-03T02:50:16.328+0000] {taskinstance.py:1290} INFO - 
--------------------------------------------------------------------------------
[2023-05-03T02:50:16.429+0000] {taskinstance.py:1309} INFO - Executing <Task(PythonOperator): dump_1m> on 2023-05-03 02:45:00+00:00
[2023-05-03T02:50:16.475+0000] {standard_task_runner.py:55} INFO - Started process 688 to run task
[2023-05-03T02:50:16.496+0000] {standard_task_runner.py:82} INFO - Running: ['***', 'tasks', 'run', 'dag_1min', 'dump_1m', 'scheduled__2023-05-03T02:45:00+00:00', '--job-id', '181', '--raw', '--subdir', 'DAGS_FOLDER/dag_1min.py', '--cfg-path', '/tmp/tmp_y30_94c']
[2023-05-03T02:50:16.499+0000] {standard_task_runner.py:83} INFO - Job 181: Subtask dump_1m
[2023-05-03T02:50:16.790+0000] {task_command.py:389} INFO - Running <TaskInstance: dag_1min.dump_1m scheduled__2023-05-03T02:45:00+00:00 [running]> on host 5762cea9b149
[2023-05-03T02:50:17.246+0000] {taskinstance.py:1518} INFO - Exporting the following env vars:
AIRFLOW_CTX_DAG_OWNER=coder2j
AIRFLOW_CTX_DAG_ID=dag_1min
AIRFLOW_CTX_TASK_ID=dump_1m
AIRFLOW_CTX_EXECUTION_DATE=2023-05-03T02:45:00+00:00
AIRFLOW_CTX_TRY_NUMBER=1
AIRFLOW_CTX_DAG_RUN_ID=scheduled__2023-05-03T02:45:00+00:00
[2023-05-03T02:50:18.831+0000] {logging_mixin.py:137} WARNING -   0%|          | 0/2 [00:00<?, ?it/s]
[2023-05-03T02:50:19.409+0000] {logging_mixin.py:137} INFO - [*********************100%***********************]  1 of 1 completed
[2023-05-03T02:50:20.787+0000] {logging_mixin.py:137} WARNING -  50%|#####     | 1/2 [00:01<00:01,  1.95s/it]
[2023-05-03T02:50:21.331+0000] {logging_mixin.py:137} INFO - [*********************100%***********************]  1 of 1 completed
[2023-05-03T02:50:22.623+0000] {logging_mixin.py:137} WARNING - 100%|##########| 2/2 [00:03<00:00,  1.88s/it]
[2023-05-03T02:50:22.628+0000] {logging_mixin.py:137} WARNING - 100%|##########| 2/2 [00:03<00:00,  1.90s/it]
[2023-05-03T02:50:22.646+0000] {logging_mixin.py:137} INFO - Index(['open', 'high', 'low', 'close', 'adj_close', 'volume', 'timestamp',
       'currency_pair', 'exchangetimezonename', 'timezone'],
      dtype='object')
[2023-05-03T02:50:22.756+0000] {download_yahoo.py:57} INFO - Downloaded data: 
	         open       high        low  ...  currency_pair  exchangetimezonename  timezone
0  16.720024  16.720024  16.720024  ...       AVAX-USD                   UTC       UTC
1  16.721043  16.721043  16.721043  ...       AVAX-USD                   UTC       UTC
2  16.721479  16.721479  16.721479  ...       AVAX-USD                   UTC       UTC
3  16.721193  16.721193  16.721193  ...       AVAX-USD                   UTC       UTC
4  16.726345  16.726345  16.726345  ...       AVAX-USD                   UTC       UTC

[5 rows x 10 columns]
[2023-05-03T02:50:23.029+0000] {python.py:177} INFO - Done. Returned value was: None
[2023-05-03T02:50:23.082+0000] {taskinstance.py:1332} INFO - Marking task as SUCCESS. dag_id=dag_1min, task_id=dump_1m, execution_date=20230503T024500, start_date=20230503T025016, end_date=20230503T025023
[2023-05-03T02:50:23.214+0000] {local_task_job.py:212} INFO - Task exited with return code 0
[2023-05-03T02:50:23.427+0000] {taskinstance.py:2596} INFO - 1 downstream tasks scheduled from follow-on schedule check
